[INFO] Scanning for projects...
[INFO] 
[INFO] ----------------------< com.jcabi:jcabi-simpledb >----------------------
[INFO] Building jcabi-simpledb 1.0-SNAPSHOT
[INFO]   from pom.xml
[INFO] --------------------------------[ jar ]---------------------------------
[INFO] Downloading from oss.sonatype.org: https://oss.sonatype.org/content/groups/public/org/apache/maven/plugins/maven-jar-plugin/3.3.0/maven-jar-plugin-3.3.0.pom
[INFO] Downloaded from oss.sonatype.org: https://oss.sonatype.org/content/groups/public/org/apache/maven/plugins/maven-jar-plugin/3.3.0/maven-jar-plugin-3.3.0.pom (6.8 kB at 13 kB/s)
[INFO] Downloading from oss.sonatype.org: https://oss.sonatype.org/content/groups/public/org/apache/maven/plugins/maven-plugins/37/maven-plugins-37.pom
[INFO] Downloaded from oss.sonatype.org: https://oss.sonatype.org/content/groups/public/org/apache/maven/plugins/maven-plugins/37/maven-plugins-37.pom (9.9 kB at 62 kB/s)
[INFO] Downloading from oss.sonatype.org: https://oss.sonatype.org/content/groups/public/org/apache/maven/maven-parent/37/maven-parent-37.pom
[INFO] Downloaded from oss.sonatype.org: https://oss.sonatype.org/content/groups/public/org/apache/maven/maven-parent/37/maven-parent-37.pom (46 kB at 283 kB/s)
[INFO] Downloading from oss.sonatype.org: https://oss.sonatype.org/content/groups/public/org/apache/apache/27/apache-27.pom
[INFO] Downloaded from oss.sonatype.org: https://oss.sonatype.org/content/groups/public/org/apache/apache/27/apache-27.pom (20 kB at 131 kB/s)
[INFO] Downloading from oss.sonatype.org: https://oss.sonatype.org/content/groups/public/org/apache/maven/plugins/maven-jar-plugin/3.3.0/maven-jar-plugin-3.3.0.jar
[INFO] Downloaded from oss.sonatype.org: https://oss.sonatype.org/content/groups/public/org/apache/maven/plugins/maven-jar-plugin/3.3.0/maven-jar-plugin-3.3.0.jar (27 kB at 168 kB/s)
[INFO] Downloading from oss.sonatype.org: https://oss.sonatype.org/content/groups/public/org/apache/maven/plugins/maven-assembly-plugin/3.4.2/maven-assembly-plugin-3.4.2.pom
[INFO] Downloaded from oss.sonatype.org: https://oss.sonatype.org/content/groups/public/org/apache/maven/plugins/maven-assembly-plugin/3.4.2/maven-assembly-plugin-3.4.2.pom (15 kB at 39 kB/s)
[INFO] Downloading from oss.sonatype.org: https://oss.sonatype.org/content/groups/public/org/apache/maven/plugins/maven-assembly-plugin/3.4.2/maven-assembly-plugin-3.4.2.jar
[INFO] Downloaded from oss.sonatype.org: https://oss.sonatype.org/content/groups/public/org/apache/maven/plugins/maven-assembly-plugin/3.4.2/maven-assembly-plugin-3.4.2.jar (255 kB at 1.4 MB/s)
[WARNING] The artifact org.slf4j:slf4j-log4j12:jar:2.0.7 has been relocated to org.slf4j:slf4j-reload4j:jar:2.0.7
[INFO] 
[INFO] --- enforcer:3.1.0:enforce (enforce-maven) @ jcabi-simpledb ---
[INFO] 
[INFO] --- buildnumber:3.0.0:create (jcabi-build-number) @ jcabi-simpledb ---
[INFO] ShortRevision tag detected. The value is '7'.
[INFO] Executing: /bin/sh -c cd '/jcabi-simpledb' && 'git' 'rev-parse' '--verify' '--short=7' 'HEAD'
[INFO] Working directory: /jcabi-simpledb
[INFO] Storing buildNumber: null at timestamp: 2026-04-27T19:03:38
[WARNING] Cannot get the branch information from the git repository: 
Detecting the current branch failed: fatal: not a git repository (or any of the parent directories): .git

[INFO] ShortRevision tag detected. The value is '7'.
[INFO] Executing: /bin/sh -c cd '/jcabi-simpledb' && 'git' 'rev-parse' '--verify' '--short=7' 'HEAD'
[INFO] Working directory: /jcabi-simpledb
[INFO] Storing buildScmBranch: UNKNOWN_BRANCH
[INFO] 
[INFO] --- buildnumber:3.0.0:create-timestamp (jcabi-build-number) @ jcabi-simpledb ---
[INFO] Skipping because we are not in root module.
[INFO] 
[INFO] --- resources:3.3.0:resources (default-resources) @ jcabi-simpledb ---
[INFO] skip non existing resourceDirectory /jcabi-simpledb/src/main/resources
[INFO] 
[INFO] --- compiler:3.10.1:compile (default-compile) @ jcabi-simpledb ---
[INFO] Nothing to compile - all classes are up to date
[INFO] 
[INFO] --- jcabi:0.17.0:ajc (jcabi-ajc-compile) @ jcabi-simpledb ---
[INFO] Unwoven classes will be copied to /jcabi-simpledb/target/unwoven
[WARNING] The artifact org.slf4j:slf4j-log4j12:jar:2.0.7 has been relocated to org.slf4j:slf4j-reload4j:jar:2.0.7
[WARNING] The artifact org.slf4j:slf4j-log4j12:jar:2.0.7 has been relocated to org.slf4j:slf4j-reload4j:jar:2.0.7

52 warnings
[INFO] ajc result: 38 file(s) processed, 0 pointcut(s) woven, 0 error(s), 0 warning(s)
[INFO] 
[INFO] --- resources:3.3.0:testResources (default-testResources) @ jcabi-simpledb ---
[INFO] Copying 1 resource
[INFO] The encoding used to copy filtered properties files have not been set. This means that the same encoding will be used to copy filtered properties files as when copying other filtered resources. This might not be what you want! Run your build with --debug to see which files might be affected. Read more at https://maven.apache.org/plugins/maven-resources-plugin/examples/filtering-properties-files.html
[INFO] 
[INFO] --- compiler:3.10.1:testCompile (default-testCompile) @ jcabi-simpledb ---
[INFO] Changes detected - recompiling the module!
[INFO] Compiling 5 source files to /jcabi-simpledb/target/test-classes
[INFO] 
[INFO] --- jcabi:0.17.0:ajc (jcabi-ajc-test-compile) @ jcabi-simpledb ---
[INFO] Unwoven test classes will be copied to /jcabi-simpledb/target/unwoven-test
[WARNING] The artifact org.slf4j:slf4j-log4j12:jar:2.0.7 has been relocated to org.slf4j:slf4j-reload4j:jar:2.0.7
[WARNING] The artifact org.slf4j:slf4j-log4j12:jar:2.0.7 has been relocated to org.slf4j:slf4j-reload4j:jar:2.0.7

28 warnings
[INFO] ajc result: 6 file(s) processed, 0 pointcut(s) woven, 0 error(s), 0 warning(s)
[INFO] 
[INFO] --- surefire:3.0.0-M7:test (default-test) @ jcabi-simpledb ---
[INFO] Tests are skipped.
[INFO] 
[INFO] --- jcabi:0.17.0:versionalize (jcabi-versionalize-packages) @ jcabi-simpledb ---
[INFO] Versionalizing /jcabi-simpledb/target/classes directory
[INFO] File /jcabi-simpledb/target/classes/com/jcabi/simpledb/com-jcabi-jcabi-simpledb-jar.txt added
[INFO] 
[INFO] --- jar:3.3.0:jar (default-jar) @ jcabi-simpledb ---
[INFO] Downloading from oss.sonatype.org: https://oss.sonatype.org/content/groups/public/org/apache/maven/shared/file-management/3.1.0/file-management-3.1.0.pom
[INFO] Downloaded from oss.sonatype.org: https://oss.sonatype.org/content/groups/public/org/apache/maven/shared/file-management/3.1.0/file-management-3.1.0.pom (4.5 kB at 21 kB/s)
[INFO] Downloading from oss.sonatype.org: https://oss.sonatype.org/content/groups/public/org/apache/maven/maven-archiver/3.6.0/maven-archiver-3.6.0.pom
[INFO] Downloaded from oss.sonatype.org: https://oss.sonatype.org/content/groups/public/org/apache/maven/maven-archiver/3.6.0/maven-archiver-3.6.0.pom (3.9 kB at 25 kB/s)
[INFO] Downloading from oss.sonatype.org: https://oss.sonatype.org/content/groups/public/org/codehaus/plexus/plexus-io/3.4.0/plexus-io-3.4.0.pom
[INFO] Downloaded from oss.sonatype.org: https://oss.sonatype.org/content/groups/public/org/codehaus/plexus/plexus-io/3.4.0/plexus-io-3.4.0.pom (6.0 kB at 39 kB/s)
[INFO] Downloading from oss.sonatype.org: https://oss.sonatype.org/content/groups/public/org/codehaus/plexus/plexus/10/plexus-10.pom
[INFO] Downloaded from oss.sonatype.org: https://oss.sonatype.org/content/groups/public/org/codehaus/plexus/plexus/10/plexus-10.pom (25 kB at 166 kB/s)
[INFO] Downloading from oss.sonatype.org: https://oss.sonatype.org/content/groups/public/org/codehaus/plexus/plexus-archiver/4.4.0/plexus-archiver-4.4.0.pom
[INFO] Downloaded from oss.sonatype.org: https://oss.sonatype.org/content/groups/public/org/codehaus/plexus/plexus-archiver/4.4.0/plexus-archiver-4.4.0.pom (6.3 kB at 41 kB/s)
[INFO] Downloading from oss.sonatype.org: https://oss.sonatype.org/content/groups/public/org/apache/maven/shared/file-management/3.1.0/file-management-3.1.0.jar
[INFO] Downloaded from oss.sonatype.org: https://oss.sonatype.org/content/groups/public/org/apache/maven/shared/file-management/3.1.0/file-management-3.1.0.jar (36 kB at 242 kB/s)
[INFO] Downloading from oss.sonatype.org: https://oss.sonatype.org/content/groups/public/org/apache/maven/maven-archiver/3.6.0/maven-archiver-3.6.0.jar
[INFO] Downloading from oss.sonatype.org: https://oss.sonatype.org/content/groups/public/org/codehaus/plexus/plexus-io/3.4.0/plexus-io-3.4.0.jar
[INFO] Downloading from oss.sonatype.org: https://oss.sonatype.org/content/groups/public/org/apache/commons/commons-compress/1.21/commons-compress-1.21.jar
[INFO] Downloading from oss.sonatype.org: https://oss.sonatype.org/content/groups/public/org/codehaus/plexus/plexus-archiver/4.4.0/plexus-archiver-4.4.0.jar
[INFO] Downloaded from oss.sonatype.org: https://oss.sonatype.org/content/groups/public/org/apache/maven/maven-archiver/3.6.0/maven-archiver-3.6.0.jar (26 kB at 147 kB/s)
[INFO] Downloaded from oss.sonatype.org: https://oss.sonatype.org/content/groups/public/org/apache/commons/commons-compress/1.21/commons-compress-1.21.jar (1.0 MB at 3.5 MB/s)
[INFO] Downloaded from oss.sonatype.org: https://oss.sonatype.org/content/groups/public/org/codehaus/plexus/plexus-archiver/4.4.0/plexus-archiver-4.4.0.jar (211 kB at 429 kB/s)
[INFO] Downloaded from oss.sonatype.org: https://oss.sonatype.org/content/groups/public/org/codehaus/plexus/plexus-io/3.4.0/plexus-io-3.4.0.jar (79 kB at 139 kB/s)
[INFO] Building jar: /jcabi-simpledb/target/jcabi-simpledb-1.0-SNAPSHOT.jar
[INFO] 
[INFO] --- assembly:3.4.2:single (assemble-all) @ jcabi-simpledb ---
[INFO] Downloading from oss.sonatype.org: https://oss.sonatype.org/content/groups/public/org/apache/maven/shared/maven-common-artifact-filters/3.3.1/maven-common-artifact-filters-3.3.1.pom
[INFO] Downloaded from oss.sonatype.org: https://oss.sonatype.org/content/groups/public/org/apache/maven/shared/maven-common-artifact-filters/3.3.1/maven-common-artifact-filters-3.3.1.pom (5.5 kB at 35 kB/s)
[INFO] Downloading from oss.sonatype.org: https://oss.sonatype.org/content/groups/public/org/apache/maven/shared/maven-artifact-transfer/0.13.1/maven-artifact-transfer-0.13.1.pom
[INFO] Downloaded from oss.sonatype.org: https://oss.sonatype.org/content/groups/public/org/apache/maven/shared/maven-artifact-transfer/0.13.1/maven-artifact-transfer-0.13.1.pom (11 kB at 72 kB/s)
[INFO] Downloading from oss.sonatype.org: https://oss.sonatype.org/content/groups/public/org/apache/maven/shared/maven-common-artifact-filters/3.1.0/maven-common-artifact-filters-3.1.0.pom
[INFO] Downloaded from oss.sonatype.org: https://oss.sonatype.org/content/groups/public/org/apache/maven/shared/maven-common-artifact-filters/3.1.0/maven-common-artifact-filters-3.1.0.pom (5.3 kB at 33 kB/s)
[INFO] Downloading from oss.sonatype.org: https://oss.sonatype.org/content/groups/public/org/apache/maven/shared/maven-shared-components/33/maven-shared-components-33.pom
[INFO] Downloaded from oss.sonatype.org: https://oss.sonatype.org/content/groups/public/org/apache/maven/shared/maven-shared-components/33/maven-shared-components-33.pom (5.1 kB at 34 kB/s)
[INFO] Downloading from oss.sonatype.org: https://oss.sonatype.org/content/groups/public/org/apache/maven/shared/maven-shared-utils/3.1.0/maven-shared-utils-3.1.0.pom
[INFO] Downloaded from oss.sonatype.org: https://oss.sonatype.org/content/groups/public/org/apache/maven/shared/maven-shared-utils/3.1.0/maven-shared-utils-3.1.0.pom (5.0 kB at 34 kB/s)
[INFO] Downloading from oss.sonatype.org: https://oss.sonatype.org/content/groups/public/org/apache/maven/shared/maven-shared-components/30/maven-shared-components-30.pom
[INFO] Downloaded from oss.sonatype.org: https://oss.sonatype.org/content/groups/public/org/apache/maven/shared/maven-shared-components/30/maven-shared-components-30.pom (4.6 kB at 25 kB/s)
[INFO] Downloading from oss.sonatype.org: https://oss.sonatype.org/content/groups/public/org/apache/maven/maven-parent/30/maven-parent-30.pom
[INFO] Downloaded from oss.sonatype.org: https://oss.sonatype.org/content/groups/public/org/apache/maven/maven-parent/30/maven-parent-30.pom (41 kB at 263 kB/s)
[INFO] Downloading from oss.sonatype.org: https://oss.sonatype.org/content/groups/public/commons-io/commons-io/2.5/commons-io-2.5.pom
[INFO] Downloaded from oss.sonatype.org: https://oss.sonatype.org/content/groups/public/commons-io/commons-io/2.5/commons-io-2.5.pom (13 kB at 89 kB/s)
[INFO] Downloading from oss.sonatype.org: https://oss.sonatype.org/content/groups/public/org/apache/commons/commons-parent/39/commons-parent-39.pom
[INFO] Downloaded from oss.sonatype.org: https://oss.sonatype.org/content/groups/public/org/apache/commons/commons-parent/39/commons-parent-39.pom (62 kB at 408 kB/s)
[INFO] Downloading from oss.sonatype.org: https://oss.sonatype.org/content/groups/public/org/apache/maven/shared/maven-common-artifact-filters/3.3.1/maven-common-artifact-filters-3.3.1.jar
[INFO] Downloaded from oss.sonatype.org: https://oss.sonatype.org/content/groups/public/org/apache/maven/shared/maven-common-artifact-filters/3.3.1/maven-common-artifact-filters-3.3.1.jar (63 kB at 438 kB/s)
[INFO] Downloading from oss.sonatype.org: https://oss.sonatype.org/content/groups/public/org/apache/maven/shared/maven-artifact-transfer/0.13.1/maven-artifact-transfer-0.13.1.jar
[INFO] Downloaded from oss.sonatype.org: https://oss.sonatype.org/content/groups/public/org/apache/maven/shared/maven-artifact-transfer/0.13.1/maven-artifact-transfer-0.13.1.jar (159 kB at 926 kB/s)
[INFO] Artifact com.jcabi:jcabi:pom:1.34.1 is present in the local repository, but cached from a remote repository ID that is unavailable in current build context, verifying that is downloadable from [central (https://repo.maven.apache.org/maven2, default, releases)]
[INFO] Artifact com.jcabi:jcabi:pom:1.34.1 is present in the local repository, but cached from a remote repository ID that is unavailable in current build context, verifying that is downloadable from [central (https://repo.maven.apache.org/maven2, default, releases)]
[INFO] Downloading from central: https://repo.maven.apache.org/maven2/com/jcabi/jcabi/1.34.1/jcabi-1.34.1.pom
[INFO] Downloaded from central: https://repo.maven.apache.org/maven2/com/jcabi/jcabi/1.34.1/jcabi-1.34.1.pom (0 B at 0 B/s)
[INFO] Artifact com.jcabi:parent:pom:0.60.5 is present in the local repository, but cached from a remote repository ID that is unavailable in current build context, verifying that is downloadable from [central (https://repo.maven.apache.org/maven2, default, releases)]
[INFO] Artifact com.jcabi:parent:pom:0.60.5 is present in the local repository, but cached from a remote repository ID that is unavailable in current build context, verifying that is downloadable from [central (https://repo.maven.apache.org/maven2, default, releases)]
[INFO] Downloading from central: https://repo.maven.apache.org/maven2/com/jcabi/parent/0.60.5/parent-0.60.5.pom
[INFO] Downloaded from central: https://repo.maven.apache.org/maven2/com/jcabi/parent/0.60.5/parent-0.60.5.pom (0 B at 0 B/s)
[INFO] Artifact org.apache:apache:pom:13 is present in the local repository, but cached from a remote repository ID that is unavailable in current build context, verifying that is downloadable from [maven-default-http-blocker (http://0.0.0.0/, default, snapshots, blocked), central (https://repo.maven.apache.org/maven2, default, releases)]
[INFO] Artifact org.apache:apache:pom:13 is present in the local repository, but cached from a remote repository ID that is unavailable in current build context, verifying that is downloadable from [maven-default-http-blocker (http://0.0.0.0/, default, snapshots, blocked), central (https://repo.maven.apache.org/maven2, default, releases)]
[INFO] Downloading from central: https://repo.maven.apache.org/maven2/org/apache/apache/13/apache-13.pom
[INFO] Downloaded from central: https://repo.maven.apache.org/maven2/org/apache/apache/13/apache-13.pom (0 B at 0 B/s)
[INFO] Artifact org.apache.commons:commons-parent:pom:52 is present in the local repository, but cached from a remote repository ID that is unavailable in current build context, verifying that is downloadable from [apache.snapshots (https://repository.apache.org/snapshots, default, snapshots), central (https://repo.maven.apache.org/maven2, default, releases)]
[INFO] Artifact org.apache.commons:commons-parent:pom:52 is present in the local repository, but cached from a remote repository ID that is unavailable in current build context, verifying that is downloadable from [apache.snapshots (https://repository.apache.org/snapshots, default, snapshots), central (https://repo.maven.apache.org/maven2, default, releases)]
[INFO] Downloading from central: https://repo.maven.apache.org/maven2/org/apache/commons/commons-parent/52/commons-parent-52.pom
[INFO] Downloaded from central: https://repo.maven.apache.org/maven2/org/apache/commons/commons-parent/52/commons-parent-52.pom (0 B at 0 B/s)
[INFO] Artifact org.apache:apache:pom:23 is present in the local repository, but cached from a remote repository ID that is unavailable in current build context, verifying that is downloadable from [apache.snapshots (https://repository.apache.org/snapshots, default, snapshots), central (https://repo.maven.apache.org/maven2, default, releases)]
[INFO] Artifact org.apache:apache:pom:23 is present in the local repository, but cached from a remote repository ID that is unavailable in current build context, verifying that is downloadable from [apache.snapshots (https://repository.apache.org/snapshots, default, snapshots), central (https://repo.maven.apache.org/maven2, default, releases)]
[INFO] Downloading from central: https://repo.maven.apache.org/maven2/org/apache/apache/23/apache-23.pom
[INFO] Downloaded from central: https://repo.maven.apache.org/maven2/org/apache/apache/23/apache-23.pom (0 B at 0 B/s)
[INFO] Artifact org.apache:apache:pom:21 is present in the local repository, but cached from a remote repository ID that is unavailable in current build context, verifying that is downloadable from [maven-default-http-blocker (http://0.0.0.0/, default, snapshots, blocked), central (https://repo.maven.apache.org/maven2, default, releases)]
[INFO] Artifact org.apache:apache:pom:21 is present in the local repository, but cached from a remote repository ID that is unavailable in current build context, verifying that is downloadable from [maven-default-http-blocker (http://0.0.0.0/, default, snapshots, blocked), central (https://repo.maven.apache.org/maven2, default, releases)]
[INFO] Downloading from central: https://repo.maven.apache.org/maven2/org/apache/apache/21/apache-21.pom
[INFO] Downloaded from central: https://repo.maven.apache.org/maven2/org/apache/apache/21/apache-21.pom (0 B at 0 B/s)
[INFO] Building jar: /jcabi-simpledb/target/jcabi-simpledb-1.0-SNAPSHOT-jar-with-dependencies.jar
[INFO] ------------------------------------------------------------------------
[INFO] BUILD SUCCESS
[INFO] ------------------------------------------------------------------------
[INFO] Total time:  44.414 s
[INFO] Finished at: 2026-04-27T19:04:17Z
[INFO] ------------------------------------------------------------------------
[WARNING] 
[WARNING] Plugin validation issues were detected in 7 plugin(s)
[WARNING] 
[WARNING]  * org.codehaus.mojo:buildnumber-maven-plugin:3.0.0
[WARNING]  * org.apache.maven.plugins:maven-compiler-plugin:3.10.1
[WARNING]  * org.apache.maven.plugins:maven-enforcer-plugin:3.1.0
[WARNING]  * org.apache.maven.plugins:maven-surefire-plugin:3.0.0-M7
[WARNING]  * com.jcabi:jcabi-maven-plugin:0.17.0
[WARNING]  * org.apache.maven.plugins:maven-resources-plugin:3.3.0
[WARNING]  * org.apache.maven.plugins:maven-assembly-plugin:3.4.2
[WARNING] 
[WARNING] For more or less details, use 'maven.plugin.validation' property with one of the values (case insensitive): [BRIEF, DEFAULT, VERBOSE]
[WARNING] 
