[INFO] Scanning for projects...
[INFO] 
[INFO] ----------------< net.masterthought:cucumber-reporting >----------------
[INFO] Building cucumber-reporting 5.7.6-SNAPSHOT
[INFO]   from pom.xml
[INFO] --------------------------------[ jar ]---------------------------------
[INFO] Downloading from central: https://repo.maven.apache.org/maven2/org/apache/maven/plugins/maven-jar-plugin/3.3.0/maven-jar-plugin-3.3.0.pom
[INFO] Downloaded from central: https://repo.maven.apache.org/maven2/org/apache/maven/plugins/maven-jar-plugin/3.3.0/maven-jar-plugin-3.3.0.pom (6.8 kB at 21 kB/s)
[INFO] Downloading from central: https://repo.maven.apache.org/maven2/org/apache/maven/plugins/maven-plugins/37/maven-plugins-37.pom
[INFO] Downloaded from central: https://repo.maven.apache.org/maven2/org/apache/maven/plugins/maven-plugins/37/maven-plugins-37.pom (9.9 kB at 396 kB/s)
[INFO] Downloading from central: https://repo.maven.apache.org/maven2/org/apache/maven/maven-parent/37/maven-parent-37.pom
[INFO] Downloaded from central: https://repo.maven.apache.org/maven2/org/apache/maven/maven-parent/37/maven-parent-37.pom (46 kB at 1.4 MB/s)
[INFO] Downloading from central: https://repo.maven.apache.org/maven2/org/apache/apache/27/apache-27.pom
[INFO] Downloaded from central: https://repo.maven.apache.org/maven2/org/apache/apache/27/apache-27.pom (20 kB at 970 kB/s)
[INFO] Downloading from central: https://repo.maven.apache.org/maven2/org/apache/maven/plugins/maven-jar-plugin/3.3.0/maven-jar-plugin-3.3.0.jar
[INFO] Downloaded from central: https://repo.maven.apache.org/maven2/org/apache/maven/plugins/maven-jar-plugin/3.3.0/maven-jar-plugin-3.3.0.jar (27 kB at 976 kB/s)
[INFO] 
[INFO] --- enforcer:1.0:enforce (enforce-maven) @ cucumber-reporting ---
[INFO] 
[INFO] --- jacoco:0.8.6:prepare-agent (default) @ cucumber-reporting ---
[INFO] argLine set to -javaagent:/root/.m2/repository/org/jacoco/org.jacoco.agent/0.8.6/org.jacoco.agent-0.8.6-runtime.jar=destfile=/cucumber-reporting/target/jacoco.exec
[INFO] 
[INFO] --- resources:3.3.0:resources (default-resources) @ cucumber-reporting ---
[INFO] Copying 58 resources
[INFO] 
[INFO] --- compiler:3.8.1:compile (default-compile) @ cucumber-reporting ---
[INFO] Nothing to compile - all classes are up to date
[INFO] 
[INFO] --- resources:3.3.0:testResources (default-testResources) @ cucumber-reporting ---
[INFO] Copying 25 resources
[INFO] 
[INFO] --- compiler:3.8.1:testCompile (default-testCompile) @ cucumber-reporting ---
[INFO] Nothing to compile - all classes are up to date
[INFO] 
[INFO] --- surefire:2.18.1:test (default-test) @ cucumber-reporting ---
[INFO] Tests are skipped.
[INFO] 
[INFO] --- jacoco:0.8.6:report (report) @ cucumber-reporting ---
[INFO] Loading execution data file /cucumber-reporting/target/jacoco.exec
[INFO] Analyzed bundle 'cucumber-reporting' with 55 classes
[WARNING] Classes in bundle 'cucumber-reporting' do not match with execution data. For report generation the same class files must be used as at runtime.
[WARNING] Execution data for class net/masterthought/cucumber/sorting/SortingMethod does not match.
[INFO] 
[INFO] --- jar:3.3.0:jar (default-jar) @ cucumber-reporting ---
[INFO] Downloading from central: https://repo.maven.apache.org/maven2/org/apache/maven/shared/file-management/3.1.0/file-management-3.1.0.pom
[INFO] Downloaded from central: https://repo.maven.apache.org/maven2/org/apache/maven/shared/file-management/3.1.0/file-management-3.1.0.pom (4.5 kB at 214 kB/s)
[INFO] Downloading from central: https://repo.maven.apache.org/maven2/org/apache/maven/maven-archiver/3.6.0/maven-archiver-3.6.0.pom
[INFO] Downloaded from central: https://repo.maven.apache.org/maven2/org/apache/maven/maven-archiver/3.6.0/maven-archiver-3.6.0.pom (3.9 kB at 196 kB/s)
[INFO] Downloading from central: https://repo.maven.apache.org/maven2/org/codehaus/plexus/plexus-io/3.4.0/plexus-io-3.4.0.pom
[INFO] Downloaded from central: https://repo.maven.apache.org/maven2/org/codehaus/plexus/plexus-io/3.4.0/plexus-io-3.4.0.pom (6.0 kB at 334 kB/s)
[INFO] Downloading from central: https://repo.maven.apache.org/maven2/org/codehaus/plexus/plexus-archiver/4.4.0/plexus-archiver-4.4.0.pom
[INFO] Downloaded from central: https://repo.maven.apache.org/maven2/org/codehaus/plexus/plexus-archiver/4.4.0/plexus-archiver-4.4.0.pom (6.3 kB at 368 kB/s)
[INFO] Downloading from central: https://repo.maven.apache.org/maven2/org/apache/commons/commons-compress/1.21/commons-compress-1.21.pom
[INFO] Downloaded from central: https://repo.maven.apache.org/maven2/org/apache/commons/commons-compress/1.21/commons-compress-1.21.pom (20 kB at 984 kB/s)
[INFO] Downloading from central: https://repo.maven.apache.org/maven2/org/iq80/snappy/snappy/0.4/snappy-0.4.pom
[INFO] Downloaded from central: https://repo.maven.apache.org/maven2/org/iq80/snappy/snappy/0.4/snappy-0.4.pom (15 kB at 727 kB/s)
[INFO] Downloading from central: https://repo.maven.apache.org/maven2/org/tukaani/xz/1.9/xz-1.9.pom
[INFO] Downloaded from central: https://repo.maven.apache.org/maven2/org/tukaani/xz/1.9/xz-1.9.pom (2.0 kB at 120 kB/s)
[INFO] Downloading from central: https://repo.maven.apache.org/maven2/org/codehaus/plexus/plexus-utils/3.4.2/plexus-utils-3.4.2.pom
[INFO] Downloaded from central: https://repo.maven.apache.org/maven2/org/codehaus/plexus/plexus-utils/3.4.2/plexus-utils-3.4.2.pom (8.2 kB at 121 kB/s)
[INFO] Downloading from central: https://repo.maven.apache.org/maven2/org/codehaus/plexus/plexus/8/plexus-8.pom
[INFO] Downloaded from central: https://repo.maven.apache.org/maven2/org/codehaus/plexus/plexus/8/plexus-8.pom (25 kB at 1.1 MB/s)
[INFO] Downloading from central: https://repo.maven.apache.org/maven2/org/apache/maven/shared/file-management/3.1.0/file-management-3.1.0.jar
[INFO] Downloaded from central: https://repo.maven.apache.org/maven2/org/apache/maven/shared/file-management/3.1.0/file-management-3.1.0.jar (36 kB at 1.7 MB/s)
[INFO] Downloading from central: https://repo.maven.apache.org/maven2/org/apache/maven/maven-archiver/3.6.0/maven-archiver-3.6.0.jar
[INFO] Downloading from central: https://repo.maven.apache.org/maven2/org/codehaus/plexus/plexus-io/3.4.0/plexus-io-3.4.0.jar
[INFO] Downloading from central: https://repo.maven.apache.org/maven2/org/codehaus/plexus/plexus-archiver/4.4.0/plexus-archiver-4.4.0.jar
[INFO] Downloading from central: https://repo.maven.apache.org/maven2/org/apache/commons/commons-compress/1.21/commons-compress-1.21.jar
[INFO] Downloading from central: https://repo.maven.apache.org/maven2/org/iq80/snappy/snappy/0.4/snappy-0.4.jar
[INFO] Downloaded from central: https://repo.maven.apache.org/maven2/org/codehaus/plexus/plexus-io/3.4.0/plexus-io-3.4.0.jar (79 kB at 2.8 MB/s)
[INFO] Downloading from central: https://repo.maven.apache.org/maven2/org/tukaani/xz/1.9/xz-1.9.jar
[INFO] Downloaded from central: https://repo.maven.apache.org/maven2/org/apache/maven/maven-archiver/3.6.0/maven-archiver-3.6.0.jar (26 kB at 505 kB/s)
[INFO] Downloading from central: https://repo.maven.apache.org/maven2/org/codehaus/plexus/plexus-utils/3.4.2/plexus-utils-3.4.2.jar
[INFO] Downloaded from central: https://repo.maven.apache.org/maven2/org/tukaani/xz/1.9/xz-1.9.jar (116 kB at 2.2 MB/s)
[INFO] Downloaded from central: https://repo.maven.apache.org/maven2/org/iq80/snappy/snappy/0.4/snappy-0.4.jar (58 kB at 753 kB/s)
[INFO] Downloaded from central: https://repo.maven.apache.org/maven2/org/codehaus/plexus/plexus-archiver/4.4.0/plexus-archiver-4.4.0.jar (211 kB at 2.5 MB/s)
[INFO] Downloaded from central: https://repo.maven.apache.org/maven2/org/codehaus/plexus/plexus-utils/3.4.2/plexus-utils-3.4.2.jar (267 kB at 3.0 MB/s)
[INFO] Downloaded from central: https://repo.maven.apache.org/maven2/org/apache/commons/commons-compress/1.21/commons-compress-1.21.jar (1.0 MB at 8.8 MB/s)
[INFO] Building jar: /cucumber-reporting/target/cucumber-reporting-5.7.6-SNAPSHOT.jar
[INFO] 
[INFO] --- source:3.2.1:jar-no-fork (attach-sources) @ cucumber-reporting ---
[INFO] Downloading from central: https://repo.maven.apache.org/maven2/org/apache/maven/maven-archiver/3.5.0/maven-archiver-3.5.0.pom
[INFO] Downloaded from central: https://repo.maven.apache.org/maven2/org/apache/maven/maven-archiver/3.5.0/maven-archiver-3.5.0.pom (4.5 kB at 235 kB/s)
[INFO] Downloading from central: https://repo.maven.apache.org/maven2/org/apache/maven/shared/maven-shared-components/33/maven-shared-components-33.pom
[INFO] Downloaded from central: https://repo.maven.apache.org/maven2/org/apache/maven/shared/maven-shared-components/33/maven-shared-components-33.pom (5.1 kB at 318 kB/s)
[INFO] Downloading from central: https://repo.maven.apache.org/maven2/org/codehaus/plexus/plexus-archiver/4.2.0/plexus-archiver-4.2.0.pom
[INFO] Downloaded from central: https://repo.maven.apache.org/maven2/org/codehaus/plexus/plexus-archiver/4.2.0/plexus-archiver-4.2.0.pom (4.8 kB at 255 kB/s)
[INFO] Downloading from central: https://repo.maven.apache.org/maven2/org/codehaus/plexus/plexus-io/3.2.0/plexus-io-3.2.0.pom
[INFO] Downloaded from central: https://repo.maven.apache.org/maven2/org/codehaus/plexus/plexus-io/3.2.0/plexus-io-3.2.0.pom (4.5 kB at 284 kB/s)
[INFO] Downloading from central: https://repo.maven.apache.org/maven2/org/apache/commons/commons-compress/1.19/commons-compress-1.19.pom
[INFO] Downloaded from central: https://repo.maven.apache.org/maven2/org/apache/commons/commons-compress/1.19/commons-compress-1.19.pom (18 kB at 1.1 MB/s)
[INFO] Downloading from central: https://repo.maven.apache.org/maven2/org/apache/commons/commons-parent/48/commons-parent-48.pom
[INFO] Downloaded from central: https://repo.maven.apache.org/maven2/org/apache/commons/commons-parent/48/commons-parent-48.pom (72 kB at 2.7 MB/s)
[INFO] Downloading from central: https://repo.maven.apache.org/maven2/org/tukaani/xz/1.8/xz-1.8.pom
[INFO] Downloaded from central: https://repo.maven.apache.org/maven2/org/tukaani/xz/1.8/xz-1.8.pom (1.9 kB at 71 kB/s)
[INFO] Downloading from central: https://repo.maven.apache.org/maven2/org/codehaus/plexus/plexus-interpolation/1.25/plexus-interpolation-1.25.pom
[INFO] Downloaded from central: https://repo.maven.apache.org/maven2/org/codehaus/plexus/plexus-interpolation/1.25/plexus-interpolation-1.25.pom (2.6 kB at 147 kB/s)
[INFO] Downloading from central: https://repo.maven.apache.org/maven2/org/codehaus/plexus/plexus-archiver/4.2.1/plexus-archiver-4.2.1.pom
[INFO] Downloaded from central: https://repo.maven.apache.org/maven2/org/codehaus/plexus/plexus-archiver/4.2.1/plexus-archiver-4.2.1.pom (4.8 kB at 255 kB/s)
[INFO] Downloading from central: https://repo.maven.apache.org/maven2/org/apache/maven/maven-archiver/3.5.0/maven-archiver-3.5.0.jar
[INFO] Downloaded from central: https://repo.maven.apache.org/maven2/org/apache/maven/maven-archiver/3.5.0/maven-archiver-3.5.0.jar (26 kB at 1.4 MB/s)
[INFO] Downloading from central: https://repo.maven.apache.org/maven2/org/codehaus/plexus/plexus-archiver/4.2.1/plexus-archiver-4.2.1.jar
[INFO] Downloading from central: https://repo.maven.apache.org/maven2/org/codehaus/plexus/plexus-io/3.2.0/plexus-io-3.2.0.jar
[INFO] Downloading from central: https://repo.maven.apache.org/maven2/org/apache/commons/commons-compress/1.19/commons-compress-1.19.jar
[INFO] Downloading from central: https://repo.maven.apache.org/maven2/org/tukaani/xz/1.8/xz-1.8.jar
[INFO] Downloaded from central: https://repo.maven.apache.org/maven2/org/codehaus/plexus/plexus-io/3.2.0/plexus-io-3.2.0.jar (76 kB at 3.6 MB/s)
[INFO] Downloaded from central: https://repo.maven.apache.org/maven2/org/tukaani/xz/1.8/xz-1.8.jar (109 kB at 5.2 MB/s)
[INFO] Downloaded from central: https://repo.maven.apache.org/maven2/org/codehaus/plexus/plexus-archiver/4.2.1/plexus-archiver-4.2.1.jar (196 kB at 8.2 MB/s)
[INFO] Downloaded from central: https://repo.maven.apache.org/maven2/org/apache/commons/commons-compress/1.19/commons-compress-1.19.jar (615 kB at 12 MB/s)
[INFO] Building jar: /cucumber-reporting/target/cucumber-reporting-5.7.6-SNAPSHOT-sources.jar
[INFO] 
[INFO] --- javadoc:3.2.0:jar (attach-javadocs) @ cucumber-reporting ---
[INFO] Downloading from central: https://repo.maven.apache.org/maven2/org/codehaus/plexus/plexus-component-annotations/2.0.0/plexus-component-annotations-2.0.0.pom
[INFO] Downloaded from central: https://repo.maven.apache.org/maven2/org/codehaus/plexus/plexus-component-annotations/2.0.0/plexus-component-annotations-2.0.0.pom (750 B at 36 kB/s)
[INFO] Downloading from central: https://repo.maven.apache.org/maven2/org/codehaus/plexus/plexus-containers/2.0.0/plexus-containers-2.0.0.pom
[INFO] Downloaded from central: https://repo.maven.apache.org/maven2/org/codehaus/plexus/plexus-containers/2.0.0/plexus-containers-2.0.0.pom (4.8 kB at 229 kB/s)
[INFO] Downloading from central: https://repo.maven.apache.org/maven2/org/sonatype/aether/aether-api/1.13.1/aether-api-1.13.1.pom
[INFO] Downloaded from central: https://repo.maven.apache.org/maven2/org/sonatype/aether/aether-api/1.13.1/aether-api-1.13.1.pom (1.4 kB at 79 kB/s)
[INFO] Downloading from central: https://repo.maven.apache.org/maven2/org/sonatype/aether/aether/1.13.1/aether-1.13.1.pom
[INFO] Downloaded from central: https://repo.maven.apache.org/maven2/org/sonatype/aether/aether/1.13.1/aether-1.13.1.pom (10 kB at 563 kB/s)
[INFO] Downloading from central: https://repo.maven.apache.org/maven2/org/sonatype/aether/aether-util/1.13.1/aether-util-1.13.1.pom
[INFO] Downloaded from central: https://repo.maven.apache.org/maven2/org/sonatype/aether/aether-util/1.13.1/aether-util-1.13.1.pom (1.7 kB at 96 kB/s)
[INFO] Downloading from central: https://repo.maven.apache.org/maven2/org/sonatype/aether/aether-impl/1.13.1/aether-impl-1.13.1.pom
[INFO] Downloaded from central: https://repo.maven.apache.org/maven2/org/sonatype/aether/aether-impl/1.13.1/aether-impl-1.13.1.pom (2.5 kB at 146 kB/s)
[INFO] Downloading from central: https://repo.maven.apache.org/maven2/org/sonatype/aether/aether-spi/1.13.1/aether-spi-1.13.1.pom
[INFO] Downloaded from central: https://repo.maven.apache.org/maven2/org/sonatype/aether/aether-spi/1.13.1/aether-spi-1.13.1.pom (1.4 kB at 90 kB/s)
[INFO] Downloading from central: https://repo.maven.apache.org/maven2/org/apache/maven/shared/maven-invoker/3.0.0/maven-invoker-3.0.0.pom
[INFO] Downloaded from central: https://repo.maven.apache.org/maven2/org/apache/maven/shared/maven-invoker/3.0.0/maven-invoker-3.0.0.pom (5.0 kB at 264 kB/s)
[INFO] Downloading from central: https://repo.maven.apache.org/maven2/org/codehaus/plexus/plexus-utils/3.0.24/plexus-utils-3.0.24.pom
[INFO] Downloaded from central: https://repo.maven.apache.org/maven2/org/codehaus/plexus/plexus-utils/3.0.24/plexus-utils-3.0.24.pom (4.1 kB at 243 kB/s)
[INFO] Downloading from central: https://repo.maven.apache.org/maven2/org/apache/maven/shared/maven-common-artifact-filters/3.0.0/maven-common-artifact-filters-3.0.0.pom
[INFO] Downloaded from central: https://repo.maven.apache.org/maven2/org/apache/maven/shared/maven-common-artifact-filters/3.0.0/maven-common-artifact-filters-3.0.0.pom (4.8 kB at 301 kB/s)
[INFO] Downloading from central: https://repo.maven.apache.org/maven2/org/apache/maven/shared/maven-shared-components/22/maven-shared-components-22.pom
[INFO] Downloaded from central: https://repo.maven.apache.org/maven2/org/apache/maven/shared/maven-shared-components/22/maven-shared-components-22.pom (5.1 kB at 301 kB/s)
[INFO] Downloading from central: https://repo.maven.apache.org/maven2/org/apache/maven/maven-parent/27/maven-parent-27.pom
[INFO] Downloaded from central: https://repo.maven.apache.org/maven2/org/apache/maven/maven-parent/27/maven-parent-27.pom (41 kB at 2.0 MB/s)
[INFO] Downloading from central: https://repo.maven.apache.org/maven2/org/apache/apache/17/apache-17.pom
[INFO] Downloaded from central: https://repo.maven.apache.org/maven2/org/apache/apache/17/apache-17.pom (16 kB at 845 kB/s)
[INFO] Downloading from central: https://repo.maven.apache.org/maven2/org/apache/maven/shared/maven-shared-utils/3.0.0/maven-shared-utils-3.0.0.pom
[INFO] Downloaded from central: https://repo.maven.apache.org/maven2/org/apache/maven/shared/maven-shared-utils/3.0.0/maven-shared-utils-3.0.0.pom (5.6 kB at 233 kB/s)
[INFO] Downloading from central: https://repo.maven.apache.org/maven2/org/apache/maven/shared/maven-shared-components/21/maven-shared-components-21.pom
[INFO] Downloaded from central: https://repo.maven.apache.org/maven2/org/apache/maven/shared/maven-shared-components/21/maven-shared-components-21.pom (5.1 kB at 300 kB/s)
[INFO] Downloading from central: https://repo.maven.apache.org/maven2/org/apache/maven/maven-parent/25/maven-parent-25.pom
[INFO] Downloaded from central: https://repo.maven.apache.org/maven2/org/apache/maven/maven-parent/25/maven-parent-25.pom (37 kB at 1.8 MB/s)
[INFO] Downloading from central: https://repo.maven.apache.org/maven2/org/apache/apache/15/apache-15.pom
[INFO] Downloaded from central: https://repo.maven.apache.org/maven2/org/apache/apache/15/apache-15.pom (15 kB at 896 kB/s)
[INFO] Downloading from central: https://repo.maven.apache.org/maven2/commons-io/commons-io/2.4/commons-io-2.4.pom
[INFO] Downloaded from central: https://repo.maven.apache.org/maven2/commons-io/commons-io/2.4/commons-io-2.4.pom (10 kB at 635 kB/s)
[INFO] Downloading from central: https://repo.maven.apache.org/maven2/org/apache/commons/commons-parent/25/commons-parent-25.pom
[INFO] Downloaded from central: https://repo.maven.apache.org/maven2/org/apache/commons/commons-parent/25/commons-parent-25.pom (48 kB at 2.5 MB/s)
[INFO] Downloading from central: https://repo.maven.apache.org/maven2/org/apache/maven/shared/maven-artifact-transfer/0.10.1/maven-artifact-transfer-0.10.1.pom
[INFO] Downloaded from central: https://repo.maven.apache.org/maven2/org/apache/maven/shared/maven-artifact-transfer/0.10.1/maven-artifact-transfer-0.10.1.pom (11 kB at 603 kB/s)
[INFO] Downloading from central: https://repo.maven.apache.org/maven2/org/apache/maven/shared/maven-common-artifact-filters/3.0.1/maven-common-artifact-filters-3.0.1.pom
[INFO] Downloaded from central: https://repo.maven.apache.org/maven2/org/apache/maven/shared/maven-common-artifact-filters/3.0.1/maven-common-artifact-filters-3.0.1.pom (4.8 kB at 302 kB/s)
[INFO] Downloading from central: https://repo.maven.apache.org/maven2/org/apache/maven/shared/maven-shared-utils/3.1.0/maven-shared-utils-3.1.0.pom
[INFO] Downloaded from central: https://repo.maven.apache.org/maven2/org/apache/maven/shared/maven-shared-utils/3.1.0/maven-shared-utils-3.1.0.pom (5.0 kB at 207 kB/s)
[INFO] Downloading from central: https://repo.maven.apache.org/maven2/org/codehaus/plexus/plexus-utils/3.1.0/plexus-utils-3.1.0.pom
[INFO] Downloaded from central: https://repo.maven.apache.org/maven2/org/codehaus/plexus/plexus-utils/3.1.0/plexus-utils-3.1.0.pom (4.7 kB at 259 kB/s)
[INFO] Downloading from central: https://repo.maven.apache.org/maven2/commons-codec/commons-codec/1.11/commons-codec-1.11.pom
[INFO] Downloaded from central: https://repo.maven.apache.org/maven2/commons-codec/commons-codec/1.11/commons-codec-1.11.pom (14 kB at 822 kB/s)
[INFO] Downloading from central: https://repo.maven.apache.org/maven2/org/slf4j/slf4j-api/1.7.5/slf4j-api-1.7.5.pom
[INFO] Downloaded from central: https://repo.maven.apache.org/maven2/org/slf4j/slf4j-api/1.7.5/slf4j-api-1.7.5.pom (2.7 kB at 134 kB/s)
[INFO] Downloading from central: https://repo.maven.apache.org/maven2/org/slf4j/slf4j-parent/1.7.5/slf4j-parent-1.7.5.pom
[INFO] Downloaded from central: https://repo.maven.apache.org/maven2/org/slf4j/slf4j-parent/1.7.5/slf4j-parent-1.7.5.pom (12 kB at 590 kB/s)
[INFO] Downloading from central: https://repo.maven.apache.org/maven2/org/apache/maven/doxia/doxia-sink-api/1.7/doxia-sink-api-1.7.pom
[INFO] Downloaded from central: https://repo.maven.apache.org/maven2/org/apache/maven/doxia/doxia-sink-api/1.7/doxia-sink-api-1.7.pom (1.5 kB at 96 kB/s)
[INFO] Downloading from central: https://repo.maven.apache.org/maven2/org/apache/maven/doxia/doxia/1.7/doxia-1.7.pom
[INFO] Downloaded from central: https://repo.maven.apache.org/maven2/org/apache/maven/doxia/doxia/1.7/doxia-1.7.pom (15 kB at 847 kB/s)
[INFO] Downloading from central: https://repo.maven.apache.org/maven2/org/apache/maven/doxia/doxia-logging-api/1.7/doxia-logging-api-1.7.pom
[INFO] Downloaded from central: https://repo.maven.apache.org/maven2/org/apache/maven/doxia/doxia-logging-api/1.7/doxia-logging-api-1.7.pom (1.5 kB at 90 kB/s)
[INFO] Downloading from central: https://repo.maven.apache.org/maven2/org/apache/maven/doxia/doxia-site-renderer/1.9.2/doxia-site-renderer-1.9.2.pom
[INFO] Downloaded from central: https://repo.maven.apache.org/maven2/org/apache/maven/doxia/doxia-site-renderer/1.9.2/doxia-site-renderer-1.9.2.pom (7.5 kB at 439 kB/s)
[INFO] Downloading from central: https://repo.maven.apache.org/maven2/org/apache/maven/doxia/doxia-sitetools/1.9.2/doxia-sitetools-1.9.2.pom
[INFO] Downloaded from central: https://repo.maven.apache.org/maven2/org/apache/maven/doxia/doxia-sitetools/1.9.2/doxia-sitetools-1.9.2.pom (15 kB at 919 kB/s)
[INFO] Downloading from central: https://repo.maven.apache.org/maven2/org/apache/maven/doxia/doxia-core/1.9.1/doxia-core-1.9.1.pom
[INFO] Downloaded from central: https://repo.maven.apache.org/maven2/org/apache/maven/doxia/doxia-core/1.9.1/doxia-core-1.9.1.pom (4.2 kB at 282 kB/s)
[INFO] Downloading from central: https://repo.maven.apache.org/maven2/org/apache/maven/doxia/doxia/1.9.1/doxia-1.9.1.pom
[INFO] Downloaded from central: https://repo.maven.apache.org/maven2/org/apache/maven/doxia/doxia/1.9.1/doxia-1.9.1.pom (18 kB at 224 kB/s)
[INFO] Downloading from central: https://repo.maven.apache.org/maven2/org/apache/maven/doxia/doxia-sink-api/1.9.1/doxia-sink-api-1.9.1.pom
[INFO] Downloaded from central: https://repo.maven.apache.org/maven2/org/apache/maven/doxia/doxia-sink-api/1.9.1/doxia-sink-api-1.9.1.pom (1.5 kB at 85 kB/s)
[INFO] Downloading from central: https://repo.maven.apache.org/maven2/org/apache/maven/doxia/doxia-logging-api/1.9.1/doxia-logging-api-1.9.1.pom
[INFO] Downloaded from central: https://repo.maven.apache.org/maven2/org/apache/maven/doxia/doxia-logging-api/1.9.1/doxia-logging-api-1.9.1.pom (1.5 kB at 103 kB/s)
[INFO] Downloading from central: https://repo.maven.apache.org/maven2/org/codehaus/plexus/plexus-container-default/1.7.1/plexus-container-default-1.7.1.pom
[INFO] Downloaded from central: https://repo.maven.apache.org/maven2/org/codehaus/plexus/plexus-container-default/1.7.1/plexus-container-default-1.7.1.pom (2.8 kB at 184 kB/s)
[INFO] Downloading from central: https://repo.maven.apache.org/maven2/org/codehaus/plexus/plexus-utils/3.0.20/plexus-utils-3.0.20.pom
[INFO] Downloaded from central: https://repo.maven.apache.org/maven2/org/codehaus/plexus/plexus-utils/3.0.20/plexus-utils-3.0.20.pom (3.8 kB at 212 kB/s)
[INFO] Downloading from central: https://repo.maven.apache.org/maven2/org/codehaus/plexus/plexus-classworlds/2.5.1/plexus-classworlds-2.5.1.pom
[INFO] Downloaded from central: https://repo.maven.apache.org/maven2/org/codehaus/plexus/plexus-classworlds/2.5.1/plexus-classworlds-2.5.1.pom (5.0 kB at 358 kB/s)
[INFO] Downloading from central: https://repo.maven.apache.org/maven2/org/apache/xbean/xbean-reflect/3.7/xbean-reflect-3.7.pom
[INFO] Downloaded from central: https://repo.maven.apache.org/maven2/org/apache/xbean/xbean-reflect/3.7/xbean-reflect-3.7.pom (5.1 kB at 318 kB/s)
[INFO] Downloading from central: https://repo.maven.apache.org/maven2/org/apache/xbean/xbean/3.7/xbean-3.7.pom
[INFO] Downloaded from central: https://repo.maven.apache.org/maven2/org/apache/xbean/xbean/3.7/xbean-3.7.pom (15 kB at 1.0 MB/s)
[INFO] Downloading from central: https://repo.maven.apache.org/maven2/org/apache/geronimo/genesis/genesis-java5-flava/2.0/genesis-java5-flava-2.0.pom
[INFO] Downloaded from central: https://repo.maven.apache.org/maven2/org/apache/geronimo/genesis/genesis-java5-flava/2.0/genesis-java5-flava-2.0.pom (5.5 kB at 343 kB/s)
[INFO] Downloading from central: https://repo.maven.apache.org/maven2/org/apache/geronimo/genesis/genesis-default-flava/2.0/genesis-default-flava-2.0.pom
[INFO] Downloaded from central: https://repo.maven.apache.org/maven2/org/apache/geronimo/genesis/genesis-default-flava/2.0/genesis-default-flava-2.0.pom (18 kB at 1.1 MB/s)
[INFO] Downloading from central: https://repo.maven.apache.org/maven2/org/apache/geronimo/genesis/genesis/2.0/genesis-2.0.pom
[INFO] Downloaded from central: https://repo.maven.apache.org/maven2/org/apache/geronimo/genesis/genesis/2.0/genesis-2.0.pom (18 kB at 1.2 MB/s)
[INFO] Downloading from central: https://repo.maven.apache.org/maven2/com/google/collections/google-collections/1.0/google-collections-1.0.pom
[INFO] Downloaded from central: https://repo.maven.apache.org/maven2/com/google/collections/google-collections/1.0/google-collections-1.0.pom (2.5 kB at 108 kB/s)
[INFO] Downloading from central: https://repo.maven.apache.org/maven2/com/google/google/1/google-1.pom
[INFO] Downloaded from central: https://repo.maven.apache.org/maven2/com/google/google/1/google-1.pom (1.6 kB at 62 kB/s)
[INFO] Downloading from central: https://repo.maven.apache.org/maven2/org/apache/commons/commons-lang3/3.5/commons-lang3-3.5.pom
[INFO] Downloaded from central: https://repo.maven.apache.org/maven2/org/apache/commons/commons-lang3/3.5/commons-lang3-3.5.pom (23 kB at 1.2 MB/s)
[INFO] Downloading from central: https://repo.maven.apache.org/maven2/org/apache/commons/commons-parent/41/commons-parent-41.pom
[INFO] Downloaded from central: https://repo.maven.apache.org/maven2/org/apache/commons/commons-parent/41/commons-parent-41.pom (65 kB at 2.9 MB/s)
[INFO] Downloading from central: https://repo.maven.apache.org/maven2/org/apache/httpcomponents/httpclient/4.5.8/httpclient-4.5.8.pom
[INFO] Downloaded from central: https://repo.maven.apache.org/maven2/org/apache/httpcomponents/httpclient/4.5.8/httpclient-4.5.8.pom (6.6 kB at 348 kB/s)
[INFO] Downloading from central: https://repo.maven.apache.org/maven2/org/apache/httpcomponents/httpcomponents-client/4.5.8/httpcomponents-client-4.5.8.pom
[INFO] Downloaded from central: https://repo.maven.apache.org/maven2/org/apache/httpcomponents/httpcomponents-client/4.5.8/httpcomponents-client-4.5.8.pom (16 kB at 745 kB/s)
[INFO] Downloading from central: https://repo.maven.apache.org/maven2/org/apache/httpcomponents/httpcomponents-parent/11/httpcomponents-parent-11.pom
[INFO] Downloaded from central: https://repo.maven.apache.org/maven2/org/apache/httpcomponents/httpcomponents-parent/11/httpcomponents-parent-11.pom (35 kB at 2.2 MB/s)
[INFO] Downloading from central: https://repo.maven.apache.org/maven2/org/apache/httpcomponents/httpcore/4.4.11/httpcore-4.4.11.pom
[INFO] Downloaded from central: https://repo.maven.apache.org/maven2/org/apache/httpcomponents/httpcore/4.4.11/httpcore-4.4.11.pom (5.2 kB at 287 kB/s)
[INFO] Downloading from central: https://repo.maven.apache.org/maven2/org/apache/httpcomponents/httpcomponents-core/4.4.11/httpcomponents-core-4.4.11.pom
[INFO] Downloaded from central: https://repo.maven.apache.org/maven2/org/apache/httpcomponents/httpcomponents-core/4.4.11/httpcomponents-core-4.4.11.pom (13 kB at 802 kB/s)
[INFO] Downloading from central: https://repo.maven.apache.org/maven2/commons-logging/commons-logging/1.2/commons-logging-1.2.pom
[INFO] Downloaded from central: https://repo.maven.apache.org/maven2/commons-logging/commons-logging/1.2/commons-logging-1.2.pom (19 kB at 1.3 MB/s)
[INFO] Downloading from central: https://repo.maven.apache.org/maven2/org/apache/commons/commons-parent/34/commons-parent-34.pom
[INFO] Downloaded from central: https://repo.maven.apache.org/maven2/org/apache/commons/commons-parent/34/commons-parent-34.pom (56 kB at 3.3 MB/s)
[INFO] Downloading from central: https://repo.maven.apache.org/maven2/org/apache/maven/doxia/doxia-decoration-model/1.9.2/doxia-decoration-model-1.9.2.pom
[INFO] Downloaded from central: https://repo.maven.apache.org/maven2/org/apache/maven/doxia/doxia-decoration-model/1.9.2/doxia-decoration-model-1.9.2.pom (3.3 kB at 207 kB/s)
[INFO] Downloading from central: https://repo.maven.apache.org/maven2/org/apache/maven/doxia/doxia-skin-model/1.9.2/doxia-skin-model-1.9.2.pom
[INFO] Downloaded from central: https://repo.maven.apache.org/maven2/org/apache/maven/doxia/doxia-skin-model/1.9.2/doxia-skin-model-1.9.2.pom (2.9 kB at 184 kB/s)
[INFO] Downloading from central: https://repo.maven.apache.org/maven2/org/apache/maven/doxia/doxia-module-xhtml/1.9.1/doxia-module-xhtml-1.9.1.pom
[INFO] Downloaded from central: https://repo.maven.apache.org/maven2/org/apache/maven/doxia/doxia-module-xhtml/1.9.1/doxia-module-xhtml-1.9.1.pom (1.9 kB at 120 kB/s)
[INFO] Downloading from central: https://repo.maven.apache.org/maven2/org/apache/maven/doxia/doxia-modules/1.9.1/doxia-modules-1.9.1.pom
[INFO] Downloaded from central: https://repo.maven.apache.org/maven2/org/apache/maven/doxia/doxia-modules/1.9.1/doxia-modules-1.9.1.pom (2.7 kB at 167 kB/s)
[INFO] Downloading from central: https://repo.maven.apache.org/maven2/org/apache/maven/doxia/doxia-module-xhtml5/1.9.1/doxia-module-xhtml5-1.9.1.pom
[INFO] Downloaded from central: https://repo.maven.apache.org/maven2/org/apache/maven/doxia/doxia-module-xhtml5/1.9.1/doxia-module-xhtml5-1.9.1.pom (1.9 kB at 128 kB/s)
[INFO] Downloading from central: https://repo.maven.apache.org/maven2/org/codehaus/plexus/plexus-i18n/1.0-beta-10/plexus-i18n-1.0-beta-10.pom
[INFO] Downloaded from central: https://repo.maven.apache.org/maven2/org/codehaus/plexus/plexus-i18n/1.0-beta-10/plexus-i18n-1.0-beta-10.pom (2.1 kB at 122 kB/s)
[INFO] Downloading from central: https://repo.maven.apache.org/maven2/org/codehaus/plexus/plexus-velocity/1.2/plexus-velocity-1.2.pom
[INFO] Downloaded from central: https://repo.maven.apache.org/maven2/org/codehaus/plexus/plexus-velocity/1.2/plexus-velocity-1.2.pom (2.8 kB at 148 kB/s)
[INFO] Downloading from central: https://repo.maven.apache.org/maven2/commons-collections/commons-collections/3.1/commons-collections-3.1.pom
[INFO] Downloaded from central: https://repo.maven.apache.org/maven2/commons-collections/commons-collections/3.1/commons-collections-3.1.pom (6.1 kB at 290 kB/s)
[INFO] Downloading from central: https://repo.maven.apache.org/maven2/org/apache/velocity/velocity/1.7/velocity-1.7.pom
[INFO] Downloaded from central: https://repo.maven.apache.org/maven2/org/apache/velocity/velocity/1.7/velocity-1.7.pom (11 kB at 639 kB/s)
[INFO] Downloading from central: https://repo.maven.apache.org/maven2/commons-collections/commons-collections/3.2.1/commons-collections-3.2.1.pom
[INFO] Downloaded from central: https://repo.maven.apache.org/maven2/commons-collections/commons-collections/3.2.1/commons-collections-3.2.1.pom (13 kB at 834 kB/s)
[INFO] Downloading from central: https://repo.maven.apache.org/maven2/org/apache/velocity/velocity-tools/2.0/velocity-tools-2.0.pom
[INFO] Downloaded from central: https://repo.maven.apache.org/maven2/org/apache/velocity/velocity-tools/2.0/velocity-tools-2.0.pom (18 kB at 1.1 MB/s)
[INFO] Downloading from central: https://repo.maven.apache.org/maven2/commons-digester/commons-digester/1.8/commons-digester-1.8.pom
[INFO] Downloaded from central: https://repo.maven.apache.org/maven2/commons-digester/commons-digester/1.8/commons-digester-1.8.pom (7.0 kB at 389 kB/s)
[INFO] Downloading from central: https://repo.maven.apache.org/maven2/commons-logging/commons-logging/1.1/commons-logging-1.1.pom
[INFO] Downloaded from central: https://repo.maven.apache.org/maven2/commons-logging/commons-logging/1.1/commons-logging-1.1.pom (6.2 kB at 281 kB/s)
[INFO] Downloading from central: https://repo.maven.apache.org/maven2/log4j/log4j/1.2.12/log4j-1.2.12.pom
[INFO] Downloaded from central: https://repo.maven.apache.org/maven2/log4j/log4j/1.2.12/log4j-1.2.12.pom (145 B at 8.5 kB/s)
[INFO] Downloading from central: https://repo.maven.apache.org/maven2/logkit/logkit/1.0.1/logkit-1.0.1.pom
[INFO] Downloaded from central: https://repo.maven.apache.org/maven2/logkit/logkit/1.0.1/logkit-1.0.1.pom (147 B at 9.2 kB/s)
[INFO] Downloading from central: https://repo.maven.apache.org/maven2/avalon-framework/avalon-framework/4.1.3/avalon-framework-4.1.3.pom
[INFO] Downloaded from central: https://repo.maven.apache.org/maven2/avalon-framework/avalon-framework/4.1.3/avalon-framework-4.1.3.pom (167 B at 9.3 kB/s)
[INFO] Downloading from central: https://repo.maven.apache.org/maven2/commons-chain/commons-chain/1.1/commons-chain-1.1.pom
[INFO] Downloaded from central: https://repo.maven.apache.org/maven2/commons-chain/commons-chain/1.1/commons-chain-1.1.pom (6.0 kB at 401 kB/s)
[INFO] Downloading from central: https://repo.maven.apache.org/maven2/commons-collections/commons-collections/2.0/commons-collections-2.0.pom
[INFO] Downloaded from central: https://repo.maven.apache.org/maven2/commons-collections/commons-collections/2.0/commons-collections-2.0.pom (171 B at 13 kB/s)
[INFO] Downloading from central: https://repo.maven.apache.org/maven2/commons-collections/commons-collections/2.1/commons-collections-2.1.pom
[INFO] Downloaded from central: https://repo.maven.apache.org/maven2/commons-collections/commons-collections/2.1/commons-collections-2.1.pom (3.3 kB at 208 kB/s)
[INFO] Downloading from central: https://repo.maven.apache.org/maven2/commons-collections/commons-collections/3.2/commons-collections-3.2.pom
[INFO] Downloaded from central: https://repo.maven.apache.org/maven2/commons-collections/commons-collections/3.2/commons-collections-3.2.pom (11 kB at 736 kB/s)
[INFO] Downloading from central: https://repo.maven.apache.org/maven2/dom4j/dom4j/1.1/dom4j-1.1.pom
[INFO] Downloaded from central: https://repo.maven.apache.org/maven2/dom4j/dom4j/1.1/dom4j-1.1.pom (142 B at 8.4 kB/s)
[INFO] Downloading from central: https://repo.maven.apache.org/maven2/org/apache/velocity/velocity/1.6.2/velocity-1.6.2.pom
[INFO] Downloaded from central: https://repo.maven.apache.org/maven2/org/apache/velocity/velocity/1.6.2/velocity-1.6.2.pom (11 kB at 625 kB/s)
[INFO] Downloading from central: https://repo.maven.apache.org/maven2/org/apache/commons/commons-lang3/3.8.1/commons-lang3-3.8.1.pom
[INFO] Downloaded from central: https://repo.maven.apache.org/maven2/org/apache/commons/commons-lang3/3.8.1/commons-lang3-3.8.1.pom (28 kB at 1.9 MB/s)
[INFO] Downloading from central: https://repo.maven.apache.org/maven2/org/apache/commons/commons-parent/47/commons-parent-47.pom
[INFO] Downloaded from central: https://repo.maven.apache.org/maven2/org/apache/commons/commons-parent/47/commons-parent-47.pom (78 kB at 3.9 MB/s)
[INFO] Downloading from central: https://repo.maven.apache.org/maven2/org/apache/apache/19/apache-19.pom
[INFO] Downloaded from central: https://repo.maven.apache.org/maven2/org/apache/apache/19/apache-19.pom (15 kB at 968 kB/s)
[INFO] Downloading from central: https://repo.maven.apache.org/maven2/org/apache/maven/wagon/wagon-provider-api/2.4/wagon-provider-api-2.4.pom
[INFO] Downloaded from central: https://repo.maven.apache.org/maven2/org/apache/maven/wagon/wagon-provider-api/2.4/wagon-provider-api-2.4.pom (1.7 kB at 108 kB/s)
[INFO] Downloading from central: https://repo.maven.apache.org/maven2/org/apache/maven/wagon/wagon/2.4/wagon-2.4.pom
[INFO] Downloaded from central: https://repo.maven.apache.org/maven2/org/apache/maven/wagon/wagon/2.4/wagon-2.4.pom (20 kB at 1.2 MB/s)
[INFO] Downloading from central: https://repo.maven.apache.org/maven2/org/codehaus/plexus/plexus-utils/3.0.8/plexus-utils-3.0.8.pom
[INFO] Downloaded from central: https://repo.maven.apache.org/maven2/org/codehaus/plexus/plexus-utils/3.0.8/plexus-utils-3.0.8.pom (3.1 kB at 224 kB/s)
[INFO] Downloading from central: https://repo.maven.apache.org/maven2/org/codehaus/plexus/plexus/3.2/plexus-3.2.pom
[INFO] Downloaded from central: https://repo.maven.apache.org/maven2/org/codehaus/plexus/plexus/3.2/plexus-3.2.pom (19 kB at 893 kB/s)
[INFO] Downloading from central: https://repo.maven.apache.org/maven2/com/thoughtworks/qdox/qdox/2.0-M10/qdox-2.0-M10.pom
[INFO] Downloaded from central: https://repo.maven.apache.org/maven2/com/thoughtworks/qdox/qdox/2.0-M10/qdox-2.0-M10.pom (16 kB at 755 kB/s)
[INFO] Downloading from central: https://repo.maven.apache.org/maven2/org/codehaus/plexus/plexus-java/1.0.5/plexus-java-1.0.5.pom
[INFO] Downloaded from central: https://repo.maven.apache.org/maven2/org/codehaus/plexus/plexus-java/1.0.5/plexus-java-1.0.5.pom (4.6 kB at 307 kB/s)
[INFO] Downloading from central: https://repo.maven.apache.org/maven2/org/codehaus/plexus/plexus-languages/1.0.5/plexus-languages-1.0.5.pom
[INFO] Downloaded from central: https://repo.maven.apache.org/maven2/org/codehaus/plexus/plexus-languages/1.0.5/plexus-languages-1.0.5.pom (3.9 kB at 217 kB/s)
[INFO] Downloading from central: https://repo.maven.apache.org/maven2/org/codehaus/plexus/plexus/6.2/plexus-6.2.pom
[INFO] Downloaded from central: https://repo.maven.apache.org/maven2/org/codehaus/plexus/plexus/6.2/plexus-6.2.pom (24 kB at 1.6 MB/s)
[INFO] Downloading from central: https://repo.maven.apache.org/maven2/org/ow2/asm/asm/7.2/asm-7.2.pom
[INFO] Downloaded from central: https://repo.maven.apache.org/maven2/org/ow2/asm/asm/7.2/asm-7.2.pom (2.9 kB at 210 kB/s)
[INFO] Downloading from central: https://repo.maven.apache.org/maven2/org/codehaus/plexus/plexus-interactivity-api/1.0-alpha-6/plexus-interactivity-api-1.0-alpha-6.pom
[INFO] Downloaded from central: https://repo.maven.apache.org/maven2/org/codehaus/plexus/plexus-interactivity-api/1.0-alpha-6/plexus-interactivity-api-1.0-alpha-6.pom (726 B at 36 kB/s)
[INFO] Downloading from central: https://repo.maven.apache.org/maven2/org/codehaus/plexus/plexus-interactivity/1.0-alpha-6/plexus-interactivity-1.0-alpha-6.pom
[INFO] Downloaded from central: https://repo.maven.apache.org/maven2/org/codehaus/plexus/plexus-interactivity/1.0-alpha-6/plexus-interactivity-1.0-alpha-6.pom (1.1 kB at 77 kB/s)
[INFO] Downloading from central: https://repo.maven.apache.org/maven2/org/codehaus/plexus/plexus-components/1.1.9/plexus-components-1.1.9.pom
[INFO] Downloaded from central: https://repo.maven.apache.org/maven2/org/codehaus/plexus/plexus-components/1.1.9/plexus-components-1.1.9.pom (2.4 kB at 143 kB/s)
[INFO] Downloading from central: https://repo.maven.apache.org/maven2/org/codehaus/plexus/plexus-utils/1.4/plexus-utils-1.4.pom
[INFO] Downloaded from central: https://repo.maven.apache.org/maven2/org/codehaus/plexus/plexus-utils/1.4/plexus-utils-1.4.pom (1.2 kB at 64 kB/s)
[INFO] Downloading from central: https://repo.maven.apache.org/maven2/org/sonatype/aether/aether-impl/1.13.1/aether-impl-1.13.1.jar
[INFO] Downloaded from central: https://repo.maven.apache.org/maven2/org/sonatype/aether/aether-impl/1.13.1/aether-impl-1.13.1.jar (130 kB at 2.2 MB/s)
[INFO] Downloading from central: https://repo.maven.apache.org/maven2/org/sonatype/aether/aether-spi/1.13.1/aether-spi-1.13.1.jar
[INFO] Downloading from central: https://repo.maven.apache.org/maven2/org/sonatype/aether/aether-api/1.13.1/aether-api-1.13.1.jar
[INFO] Downloading from central: https://repo.maven.apache.org/maven2/org/sonatype/aether/aether-util/1.13.1/aether-util-1.13.1.jar
[INFO] Downloading from central: https://repo.maven.apache.org/maven2/org/codehaus/plexus/plexus-component-annotations/2.0.0/plexus-component-annotations-2.0.0.jar
[INFO] Downloading from central: https://repo.maven.apache.org/maven2/org/apache/maven/shared/maven-invoker/3.0.0/maven-invoker-3.0.0.jar
[INFO] Downloaded from central: https://repo.maven.apache.org/maven2/org/codehaus/plexus/plexus-component-annotations/2.0.0/plexus-component-annotations-2.0.0.jar (4.2 kB at 235 kB/s)
[INFO] Downloading from central: https://repo.maven.apache.org/maven2/org/apache/maven/shared/maven-common-artifact-filters/3.0.0/maven-common-artifact-filters-3.0.0.jar
[INFO] Downloaded from central: https://repo.maven.apache.org/maven2/org/sonatype/aether/aether-spi/1.13.1/aether-spi-1.13.1.jar (15 kB at 702 kB/s)
[INFO] Downloading from central: https://repo.maven.apache.org/maven2/org/apache/maven/shared/maven-artifact-transfer/0.10.1/maven-artifact-transfer-0.10.1.jar
[INFO] Downloaded from central: https://repo.maven.apache.org/maven2/org/apache/maven/shared/maven-invoker/3.0.0/maven-invoker-3.0.0.jar (33 kB at 1.4 MB/s)
[INFO] Downloading from central: https://repo.maven.apache.org/maven2/commons-codec/commons-codec/1.11/commons-codec-1.11.jar
[INFO] Downloaded from central: https://repo.maven.apache.org/maven2/org/sonatype/aether/aether-util/1.13.1/aether-util-1.13.1.jar (130 kB at 4.6 MB/s)
[INFO] Downloading from central: https://repo.maven.apache.org/maven2/org/slf4j/slf4j-api/1.7.5/slf4j-api-1.7.5.jar
[INFO] Downloaded from central: https://repo.maven.apache.org/maven2/org/sonatype/aether/aether-api/1.13.1/aether-api-1.13.1.jar (90 kB at 2.7 MB/s)
[INFO] Downloading from central: https://repo.maven.apache.org/maven2/org/apache/maven/doxia/doxia-sink-api/1.7/doxia-sink-api-1.7.jar
[INFO] Downloaded from central: https://repo.maven.apache.org/maven2/org/apache/maven/shared/maven-common-artifact-filters/3.0.0/maven-common-artifact-filters-3.0.0.jar (57 kB at 1.5 MB/s)
[INFO] Downloading from central: https://repo.maven.apache.org/maven2/org/apache/maven/doxia/doxia-logging-api/1.7/doxia-logging-api-1.7.jar
[INFO] Downloaded from central: https://repo.maven.apache.org/maven2/org/apache/maven/shared/maven-artifact-transfer/0.10.1/maven-artifact-transfer-0.10.1.jar (128 kB at 3.0 MB/s)
[INFO] Downloading from central: https://repo.maven.apache.org/maven2/org/apache/maven/doxia/doxia-site-renderer/1.9.2/doxia-site-renderer-1.9.2.jar
[INFO] Downloaded from central: https://repo.maven.apache.org/maven2/org/slf4j/slf4j-api/1.7.5/slf4j-api-1.7.5.jar (26 kB at 532 kB/s)
[INFO] Downloading from central: https://repo.maven.apache.org/maven2/org/apache/maven/doxia/doxia-core/1.9.1/doxia-core-1.9.1.jar
[INFO] Downloaded from central: https://repo.maven.apache.org/maven2/org/apache/maven/doxia/doxia-logging-api/1.7/doxia-logging-api-1.7.jar (12 kB at 231 kB/s)
[INFO] Downloading from central: https://repo.maven.apache.org/maven2/org/apache/maven/doxia/doxia-decoration-model/1.9.2/doxia-decoration-model-1.9.2.jar
[INFO] Downloaded from central: https://repo.maven.apache.org/maven2/commons-codec/commons-codec/1.11/commons-codec-1.11.jar (335 kB at 6.6 MB/s)
[INFO] Downloading from central: https://repo.maven.apache.org/maven2/org/apache/maven/doxia/doxia-skin-model/1.9.2/doxia-skin-model-1.9.2.jar
[INFO] Downloaded from central: https://repo.maven.apache.org/maven2/org/apache/maven/doxia/doxia-sink-api/1.7/doxia-sink-api-1.7.jar (11 kB at 207 kB/s)
[INFO] Downloading from central: https://repo.maven.apache.org/maven2/org/apache/maven/doxia/doxia-module-xhtml/1.9.1/doxia-module-xhtml-1.9.1.jar
[INFO] Downloaded from central: https://repo.maven.apache.org/maven2/org/apache/maven/doxia/doxia-site-renderer/1.9.2/doxia-site-renderer-1.9.2.jar (65 kB at 1.1 MB/s)
[INFO] Downloading from central: https://repo.maven.apache.org/maven2/org/apache/maven/doxia/doxia-module-xhtml5/1.9.1/doxia-module-xhtml5-1.9.1.jar
[INFO] Downloaded from central: https://repo.maven.apache.org/maven2/org/apache/maven/doxia/doxia-skin-model/1.9.2/doxia-skin-model-1.9.2.jar (16 kB at 240 kB/s)
[INFO] Downloading from central: https://repo.maven.apache.org/maven2/org/codehaus/plexus/plexus-i18n/1.0-beta-10/plexus-i18n-1.0-beta-10.jar
[INFO] Downloaded from central: https://repo.maven.apache.org/maven2/org/apache/maven/doxia/doxia-decoration-model/1.9.2/doxia-decoration-model-1.9.2.jar (60 kB at 881 kB/s)
[INFO] Downloading from central: https://repo.maven.apache.org/maven2/org/codehaus/plexus/plexus-container-default/1.0-alpha-30/plexus-container-default-1.0-alpha-30.jar
[INFO] Downloaded from central: https://repo.maven.apache.org/maven2/org/apache/maven/doxia/doxia-module-xhtml/1.9.1/doxia-module-xhtml-1.9.1.jar (17 kB at 241 kB/s)
[INFO] Downloading from central: https://repo.maven.apache.org/maven2/junit/junit/3.8.1/junit-3.8.1.jar
[INFO] Downloaded from central: https://repo.maven.apache.org/maven2/org/apache/maven/doxia/doxia-module-xhtml5/1.9.1/doxia-module-xhtml5-1.9.1.jar (18 kB at 244 kB/s)
[INFO] Downloading from central: https://repo.maven.apache.org/maven2/org/codehaus/plexus/plexus-velocity/1.2/plexus-velocity-1.2.jar
[INFO] Downloaded from central: https://repo.maven.apache.org/maven2/org/apache/maven/doxia/doxia-core/1.9.1/doxia-core-1.9.1.jar (217 kB at 2.9 MB/s)
[INFO] Downloading from central: https://repo.maven.apache.org/maven2/org/apache/velocity/velocity/1.7/velocity-1.7.jar
[INFO] Downloaded from central: https://repo.maven.apache.org/maven2/org/codehaus/plexus/plexus-i18n/1.0-beta-10/plexus-i18n-1.0-beta-10.jar (12 kB at 146 kB/s)
[INFO] Downloading from central: https://repo.maven.apache.org/maven2/org/apache/velocity/velocity-tools/2.0/velocity-tools-2.0.jar
[INFO] Downloaded from central: https://repo.maven.apache.org/maven2/org/codehaus/plexus/plexus-velocity/1.2/plexus-velocity-1.2.jar (8.1 kB at 92 kB/s)
[INFO] Downloading from central: https://repo.maven.apache.org/maven2/commons-digester/commons-digester/1.8/commons-digester-1.8.jar
[INFO] Downloaded from central: https://repo.maven.apache.org/maven2/junit/junit/3.8.1/junit-3.8.1.jar (121 kB at 1.3 MB/s)
[INFO] Downloading from central: https://repo.maven.apache.org/maven2/commons-chain/commons-chain/1.1/commons-chain-1.1.jar
[INFO] Downloaded from central: https://repo.maven.apache.org/maven2/org/codehaus/plexus/plexus-container-default/1.0-alpha-30/plexus-container-default-1.0-alpha-30.jar (237 kB at 2.4 MB/s)
[INFO] Downloading from central: https://repo.maven.apache.org/maven2/dom4j/dom4j/1.1/dom4j-1.1.jar
[INFO] Downloaded from central: https://repo.maven.apache.org/maven2/org/apache/velocity/velocity-tools/2.0/velocity-tools-2.0.jar (347 kB at 3.1 MB/s)
[INFO] Downloading from central: https://repo.maven.apache.org/maven2/org/apache/maven/wagon/wagon-provider-api/2.4/wagon-provider-api-2.4.jar
[INFO] Downloaded from central: https://repo.maven.apache.org/maven2/commons-digester/commons-digester/1.8/commons-digester-1.8.jar (144 kB at 1.3 MB/s)
[INFO] Downloading from central: https://repo.maven.apache.org/maven2/org/apache/commons/commons-lang3/3.5/commons-lang3-3.5.jar
[INFO] Downloaded from central: https://repo.maven.apache.org/maven2/commons-chain/commons-chain/1.1/commons-chain-1.1.jar (90 kB at 783 kB/s)
[INFO] Downloading from central: https://repo.maven.apache.org/maven2/org/apache/httpcomponents/httpclient/4.5.8/httpclient-4.5.8.jar
[INFO] Downloaded from central: https://repo.maven.apache.org/maven2/org/apache/velocity/velocity/1.7/velocity-1.7.jar (450 kB at 3.9 MB/s)
[INFO] Downloading from central: https://repo.maven.apache.org/maven2/org/apache/httpcomponents/httpcore/4.4.11/httpcore-4.4.11.jar
[INFO] Downloaded from central: https://repo.maven.apache.org/maven2/dom4j/dom4j/1.1/dom4j-1.1.jar (457 kB at 3.7 MB/s)
[INFO] Downloading from central: https://repo.maven.apache.org/maven2/commons-logging/commons-logging/1.2/commons-logging-1.2.jar
[INFO] Downloaded from central: https://repo.maven.apache.org/maven2/org/apache/maven/wagon/wagon-provider-api/2.4/wagon-provider-api-2.4.jar (52 kB at 416 kB/s)
[INFO] Downloading from central: https://repo.maven.apache.org/maven2/com/thoughtworks/qdox/qdox/2.0-M10/qdox-2.0-M10.jar
[INFO] Downloaded from central: https://repo.maven.apache.org/maven2/org/apache/commons/commons-lang3/3.5/commons-lang3-3.5.jar (480 kB at 3.5 MB/s)
[INFO] Downloading from central: https://repo.maven.apache.org/maven2/org/codehaus/plexus/plexus-java/1.0.5/plexus-java-1.0.5.jar
[INFO] Downloaded from central: https://repo.maven.apache.org/maven2/org/apache/httpcomponents/httpcore/4.4.11/httpcore-4.4.11.jar (327 kB at 2.4 MB/s)
[INFO] Downloading from central: https://repo.maven.apache.org/maven2/org/ow2/asm/asm/7.2/asm-7.2.jar
[INFO] Downloaded from central: https://repo.maven.apache.org/maven2/commons-logging/commons-logging/1.2/commons-logging-1.2.jar (62 kB at 435 kB/s)
[INFO] Downloading from central: https://repo.maven.apache.org/maven2/org/codehaus/plexus/plexus-interactivity-api/1.0-alpha-6/plexus-interactivity-api-1.0-alpha-6.jar
[INFO] Downloaded from central: https://repo.maven.apache.org/maven2/com/thoughtworks/qdox/qdox/2.0-M10/qdox-2.0-M10.jar (317 kB at 2.1 MB/s)
[INFO] Downloaded from central: https://repo.maven.apache.org/maven2/org/codehaus/plexus/plexus-java/1.0.5/plexus-java-1.0.5.jar (52 kB at 336 kB/s)
[INFO] Downloaded from central: https://repo.maven.apache.org/maven2/org/apache/httpcomponents/httpclient/4.5.8/httpclient-4.5.8.jar (772 kB at 5.0 MB/s)
[INFO] Downloaded from central: https://repo.maven.apache.org/maven2/org/ow2/asm/asm/7.2/asm-7.2.jar (115 kB at 732 kB/s)
[INFO] Downloaded from central: https://repo.maven.apache.org/maven2/org/codehaus/plexus/plexus-interactivity-api/1.0-alpha-6/plexus-interactivity-api-1.0-alpha-6.jar (12 kB at 74 kB/s)
[INFO] No previous run data found, generating javadoc.
[WARNING] Javadoc Warnings
[WARNING] Loading source files for package net.masterthought.cucumber.reducers...
[WARNING] Loading source files for package net.masterthought.cucumber...
[WARNING] Loading source files for package net.masterthought.cucumber.json...
[WARNING] Loading source files for package net.masterthought.cucumber.json.support...
[WARNING] Loading source files for package net.masterthought.cucumber.json.deserializers...
[WARNING] Loading source files for package net.masterthought.cucumber.generators...
[WARNING] Loading source files for package net.masterthought.cucumber.presentation...
[WARNING] Loading source files for package net.masterthought.cucumber.sorting...
[WARNING] Loading source files for package net.masterthought.cucumber.util...
[WARNING] Constructing Javadoc information...
[WARNING] Building index for all the packages and classes...
[WARNING] Standard Doclet version 17.0.12+7-alpine-r0
[WARNING] Building tree for all the packages and classes...
[WARNING] Generating /cucumber-reporting/target/apidocs/net/masterthought/cucumber/generators/AbstractPage.html...
[WARNING] /cucumber-reporting/src/main/java/net/masterthought/cucumber/generators/AbstractPage.java:41: warning: no comment
[WARNING] protected final VelocityContext context = new VelocityContext();
[WARNING] ^
[WARNING] /cucumber-reporting/src/main/java/net/masterthought/cucumber/generators/AbstractPage.java:56: warning: no comment
[WARNING] protected AbstractPage(ReportResult reportResult, String templateFileName, Configuration configuration) {
[WARNING] ^
[WARNING] /cucumber-reporting/src/main/java/net/masterthought/cucumber/generators/AbstractPage.java:65: warning: no comment
[WARNING] public void generatePage() {
[WARNING] ^
[WARNING] /cucumber-reporting/src/main/java/net/masterthought/cucumber/generators/AbstractPage.java:77: warning: no comment
[WARNING] protected abstract void prepareReport();
[WARNING] ^
[WARNING] Generating /cucumber-reporting/target/apidocs/net/masterthought/cucumber/json/support/Argument.html...
[WARNING] /cucumber-reporting/src/main/java/net/masterthought/cucumber/json/support/Argument.java:26: warning: no comment
[WARNING] public Integer getOffset() {
[WARNING] ^
[WARNING] /cucumber-reporting/src/main/java/net/masterthought/cucumber/json/support/Argument.java:18: warning: no comment
[WARNING] public Row[] getRows() {
[WARNING] ^
[WARNING] /cucumber-reporting/src/main/java/net/masterthought/cucumber/json/support/Argument.java:22: warning: no comment
[WARNING] public String getVal() {
[WARNING] ^
[WARNING] Generating /cucumber-reporting/target/apidocs/net/masterthought/cucumber/json/deserializers/CommentsDeserializer.html...
[WARNING] /cucumber-reporting/src/main/java/net/masterthought/cucumber/json/deserializers/CommentsDeserializer.java:9: warning: no comment
[WARNING] public class CommentsDeserializer extends CucumberJsonDeserializer<List<String>> {
[WARNING] ^
[WARNING] /cucumber-reporting/src/main/java/net/masterthought/cucumber/json/deserializers/CucumberJsonDeserializer.java:30: warning: no comment
[WARNING] protected abstract T deserialize(JsonNode rootNode, Configuration configuration)
[WARNING] ^
[WARNING] Generating /cucumber-reporting/target/apidocs/net/masterthought/cucumber/Configuration.html...
[WARNING] /cucumber-reporting/src/main/java/net/masterthought/cucumber/Configuration.java:22: warning: no comment
[WARNING] public class Configuration {
[WARNING] ^
[WARNING] /cucumber-reporting/src/main/java/net/masterthought/cucumber/Configuration.java:50: warning: no comment
[WARNING] public Configuration(File reportDirectory, String projectName) {
[WARNING] ^
[WARNING] Generating /cucumber-reporting/target/apidocs/net/masterthought/cucumber/util/Counter.html...
[WARNING] Generating /cucumber-reporting/target/apidocs/net/masterthought/cucumber/json/DocString.html...
[WARNING] /cucumber-reporting/src/main/java/net/masterthought/cucumber/json/DocString.java:15: warning: no comment
[WARNING] public String getValue() {
[WARNING] ^
[WARNING] Generating /cucumber-reporting/target/apidocs/net/masterthought/cucumber/json/support/Durationable.html...
[WARNING] Generating /cucumber-reporting/target/apidocs/net/masterthought/cucumber/json/Element.html...
[WARNING] /cucumber-reporting/src/main/java/net/masterthought/cucumber/json/Element.java:15: warning: no comment
[WARNING] public class Element implements Durationable {
[WARNING] ^
[WARNING] /cucumber-reporting/src/main/java/net/masterthought/cucumber/json/Element.java:60: warning: no comment
[WARNING] public Hook[] getAfter() {
[WARNING] ^
[WARNING] /cucumber-reporting/src/main/java/net/masterthought/cucumber/json/Element.java:76: warning: no comment
[WARNING] public Status getAfterStatus() {
[WARNING] ^
[WARNING] /cucumber-reporting/src/main/java/net/masterthought/cucumber/json/Element.java:56: warning: no comment
[WARNING] public Hook[] getBefore() {
[WARNING] ^
[WARNING] /cucumber-reporting/src/main/java/net/masterthought/cucumber/json/Element.java:72: warning: no comment
[WARNING] public Status getBeforeStatus() {
[WARNING] ^
[WARNING] /cucumber-reporting/src/main/java/net/masterthought/cucumber/json/Element.java:108: warning: no comment
[WARNING] public String getDescription() {
[WARNING] ^
[WARNING] /cucumber-reporting/src/main/java/net/masterthought/cucumber/json/Element.java:120: warning: no comment
[WARNING] public Feature getFeature() {
[WARNING] ^
[WARNING] /cucumber-reporting/src/main/java/net/masterthought/cucumber/json/Element.java:84: warning: no comment
[WARNING] public String getId() {
[WARNING] ^
[WARNING] /cucumber-reporting/src/main/java/net/masterthought/cucumber/json/Element.java:92: warning: no comment
[WARNING] public String getKeyword() {
[WARNING] ^
[WARNING] /cucumber-reporting/src/main/java/net/masterthought/cucumber/json/Element.java:100: warning: no comment
[WARNING] public Integer getLine() {
[WARNING] ^
[WARNING] /cucumber-reporting/src/main/java/net/masterthought/cucumber/json/Element.java:88: warning: no comment
[WARNING] public String getName() {
[WARNING] ^
[WARNING] /cucumber-reporting/src/main/java/net/masterthought/cucumber/json/Element.java:96: warning: no comment
[WARNING] public LocalDateTime getStartTime() {
[WARNING] ^
[WARNING] /cucumber-reporting/src/main/java/net/masterthought/cucumber/json/Element.java:68: warning: no comment
[WARNING] public Status getStatus() {
[WARNING] ^
[WARNING] /cucumber-reporting/src/main/java/net/masterthought/cucumber/json/Element.java:52: warning: no comment
[WARNING] public Step[] getSteps() {
[WARNING] ^
[WARNING] /cucumber-reporting/src/main/java/net/masterthought/cucumber/json/Element.java:80: warning: no comment
[WARNING] public Status getStepsStatus() {
[WARNING] ^
[WARNING] /cucumber-reporting/src/main/java/net/masterthought/cucumber/json/Element.java:64: warning: no comment
[WARNING] public Tag[] getTags() {
[WARNING] ^
[WARNING] /cucumber-reporting/src/main/java/net/masterthought/cucumber/json/Element.java:104: warning: no comment
[WARNING] public String getType() {
[WARNING] ^
[WARNING] /cucumber-reporting/src/main/java/net/masterthought/cucumber/json/Element.java:116: warning: no comment
[WARNING] public boolean isBackground() {
[WARNING] ^
[WARNING] /cucumber-reporting/src/main/java/net/masterthought/cucumber/json/Element.java:112: warning: no comment
[WARNING] public boolean isScenario() {
[WARNING] ^
[WARNING] /cucumber-reporting/src/main/java/net/masterthought/cucumber/json/Element.java:134: warning: no comment
[WARNING] public void setMetaData(Feature feature, Configuration configuration) {
[WARNING] ^
[WARNING] Generating /cucumber-reporting/target/apidocs/net/masterthought/cucumber/json/Embedding.html...
[WARNING] /cucumber-reporting/src/main/java/net/masterthought/cucumber/json/Embedding.java:29: warning: no comment
[WARNING] public Embedding(String mimeType, String data) {
[WARNING] ^
[WARNING] /cucumber-reporting/src/main/java/net/masterthought/cucumber/json/Embedding.java:33: warning: no comment
[WARNING] public Embedding(String mimeType, String data, String name) {
[WARNING] ^
[WARNING] /cucumber-reporting/src/main/java/net/masterthought/cucumber/json/Embedding.java:45: warning: no comment
[WARNING] public String getData() {
[WARNING] ^
[WARNING] /cucumber-reporting/src/main/java/net/masterthought/cucumber/json/Embedding.java:53: warning: no comment
[WARNING] public String getDecodedData() {
[WARNING] ^
[WARNING] /cucumber-reporting/src/main/java/net/masterthought/cucumber/json/Embedding.java:57: warning: no comment
[WARNING] public String getFileName() {
[WARNING] ^
[WARNING] /cucumber-reporting/src/main/java/net/masterthought/cucumber/json/Embedding.java:41: warning: no comment
[WARNING] public String getMimeType() {
[WARNING] ^
[WARNING] /cucumber-reporting/src/main/java/net/masterthought/cucumber/json/Embedding.java:49: warning: no comment
[WARNING] public String getName() {
[WARNING] ^
[WARNING] Generating /cucumber-reporting/target/apidocs/net/masterthought/cucumber/json/deserializers/EmbeddingDeserializer.html...
[WARNING] Generating /cucumber-reporting/target/apidocs/net/masterthought/cucumber/EmptyReportable.html...
[WARNING] Generating /cucumber-reporting/target/apidocs/net/masterthought/cucumber/generators/ErrorPage.html...
[WARNING] /cucumber-reporting/src/main/java/net/masterthought/cucumber/generators/ErrorPage.java:11: warning: no comment
[WARNING] public class ErrorPage extends AbstractPage {
[WARNING] ^
[WARNING] /cucumber-reporting/src/main/java/net/masterthought/cucumber/generators/ErrorPage.java:16: warning: no comment
[WARNING] public ErrorPage(ReportResult reportResult, Configuration configuration, Exception exception,
[WARNING] ^
[WARNING] Generating /cucumber-reporting/target/apidocs/net/masterthought/cucumber/generators/FailuresOverviewPage.html...
[WARNING] /cucumber-reporting/src/main/java/net/masterthought/cucumber/generators/FailuresOverviewPage.java:11: warning: no comment
[WARNING] public class FailuresOverviewPage extends AbstractPage {
[WARNING] ^
[WARNING] /cucumber-reporting/src/main/java/net/masterthought/cucumber/generators/FailuresOverviewPage.java:13: warning: no comment
[WARNING] public static final String WEB_PAGE = "overview-failures.html";
[WARNING] ^
[WARNING] /cucumber-reporting/src/main/java/net/masterthought/cucumber/generators/FailuresOverviewPage.java:15: warning: no comment
[WARNING] public FailuresOverviewPage(ReportResult reportResult, Configuration configuration) {
[WARNING] ^
[WARNING] Generating /cucumber-reporting/target/apidocs/net/masterthought/cucumber/json/Feature.html...
[WARNING] /cucumber-reporting/src/main/java/net/masterthought/cucumber/json/Feature.java:18: warning: no comment
[WARNING] public class Feature implements Reportable, Durationable {
[WARNING] ^
[WARNING] /cucumber-reporting/src/main/java/net/masterthought/cucumber/json/Feature.java:61: warning: no comment
[WARNING] public void addElements(Element[] newElements) {
[WARNING] ^
[WARNING] /cucumber-reporting/src/main/java/net/masterthought/cucumber/json/Feature.java:108: warning: no comment
[WARNING] public String getDescription() {
[WARNING] ^
[WARNING] /cucumber-reporting/src/main/java/net/masterthought/cucumber/json/Feature.java:67: warning: no comment
[WARNING] public Element[] getElements() {
[WARNING] ^
[WARNING] /cucumber-reporting/src/main/java/net/masterthought/cucumber/json/Feature.java:53: warning: no comment
[WARNING] public String getId() {
[WARNING] ^
[WARNING] /cucumber-reporting/src/main/java/net/masterthought/cucumber/json/Feature.java:100: warning: no comment
[WARNING] public String getKeyword() {
[WARNING] ^
[WARNING] /cucumber-reporting/src/main/java/net/masterthought/cucumber/json/Feature.java:104: warning: no comment
[WARNING] public Integer getLine() {
[WARNING] ^
[WARNING] /cucumber-reporting/src/main/java/net/masterthought/cucumber/json/Feature.java:75: warning: no comment
[WARNING] public String getQualifier() {
[WARNING] ^
[WARNING] /cucumber-reporting/src/main/java/net/masterthought/cucumber/json/Feature.java:71: warning: no comment
[WARNING] public String getReportFileName() {
[WARNING] ^
[WARNING] /cucumber-reporting/src/main/java/net/masterthought/cucumber/json/Feature.java:86: warning: no comment
[WARNING] public Tag[] getTags() {
[WARNING] ^
[WARNING] /cucumber-reporting/src/main/java/net/masterthought/cucumber/json/Feature.java:57: warning: no comment
[WARNING] public String getUri() {
[WARNING] ^
[WARNING] Generating /cucumber-reporting/target/apidocs/net/masterthought/cucumber/generators/FeatureReportPage.html...
[WARNING] /cucumber-reporting/src/main/java/net/masterthought/cucumber/generators/FeatureReportPage.java:7: warning: no comment
[WARNING] public class FeatureReportPage extends AbstractPage {
[WARNING] ^
[WARNING] /cucumber-reporting/src/main/java/net/masterthought/cucumber/generators/FeatureReportPage.java:11: warning: no comment
[WARNING] public FeatureReportPage(ReportResult reportResult, Configuration configuration, Feature feature) {
[WARNING] ^
[WARNING] Generating /cucumber-reporting/target/apidocs/net/masterthought/cucumber/sorting/FeaturesAlphabeticalComparator.html...
[WARNING] Generating /cucumber-reporting/target/apidocs/net/masterthought/cucumber/generators/FeaturesOverviewPage.html...
[WARNING] /cucumber-reporting/src/main/java/net/masterthought/cucumber/generators/FeaturesOverviewPage.java:8: warning: no comment
[WARNING] public class FeaturesOverviewPage extends AbstractPage {
[WARNING] ^
[WARNING] /cucumber-reporting/src/main/java/net/masterthought/cucumber/generators/FeaturesOverviewPage.java:10: warning: no comment
[WARNING] public static final String WEB_PAGE = ReportBuilder.HOME_PAGE;
[WARNING] ^
[WARNING] /cucumber-reporting/src/main/java/net/masterthought/cucumber/generators/FeaturesOverviewPage.java:12: warning: no comment
[WARNING] public FeaturesOverviewPage(ReportResult reportResult, Configuration configuration) {
[WARNING] ^
[WARNING] Generating /cucumber-reporting/target/apidocs/net/masterthought/cucumber/json/Hook.html...
[WARNING] /cucumber-reporting/src/main/java/net/masterthought/cucumber/json/Hook.java:10: warning: no comment
[WARNING] public class Hook implements Resultsable {
[WARNING] ^
[WARNING] /cucumber-reporting/src/main/java/net/masterthought/cucumber/json/Hook.java:39: warning: no comment
[WARNING] public Embedding[] getEmbeddings() {
[WARNING] ^
[WARNING] /cucumber-reporting/src/main/java/net/masterthought/cucumber/json/support/Resultsable.java:17: warning: no comment
[WARNING] Match getMatch();
[WARNING] ^
[WARNING] /cucumber-reporting/src/main/java/net/masterthought/cucumber/json/support/Resultsable.java:19: warning: no comment
[WARNING] Output[] getOutputs();
[WARNING] ^
[WARNING] /cucumber-reporting/src/main/java/net/masterthought/cucumber/json/support/Resultsable.java:15: warning: no comment
[WARNING] Result getResult();
[WARNING] ^
[WARNING] Generating /cucumber-reporting/target/apidocs/net/masterthought/cucumber/json/Match.html...
[WARNING] /cucumber-reporting/src/main/java/net/masterthought/cucumber/json/Match.java:5: warning: no comment
[WARNING] public class Match {
[WARNING] ^
[WARNING] /cucumber-reporting/src/main/java/net/masterthought/cucumber/json/Match.java:16: warning: no comment
[WARNING] public Argument[] getArguments() {
[WARNING] ^
[WARNING] /cucumber-reporting/src/main/java/net/masterthought/cucumber/json/Match.java:12: warning: no comment
[WARNING] public String getLocation() {
[WARNING] ^
[WARNING] Generating /cucumber-reporting/target/apidocs/net/masterthought/cucumber/json/Output.html...
[WARNING] /cucumber-reporting/src/main/java/net/masterthought/cucumber/json/Output.java:10: warning: no comment
[WARNING] public Output(String[] messages) {
[WARNING] ^
[WARNING] /cucumber-reporting/src/main/java/net/masterthought/cucumber/json/Output.java:14: warning: no comment
[WARNING] public String[] getMessages() {
[WARNING] ^
[WARNING] Generating /cucumber-reporting/target/apidocs/net/masterthought/cucumber/json/deserializers/OutputsDeserializer.html...
[WARNING] /cucumber-reporting/src/main/java/net/masterthought/cucumber/json/deserializers/OutputsDeserializer.java:12: warning: no comment
[WARNING] public class OutputsDeserializer extends CucumberJsonDeserializer<Output[]> {
[WARNING] ^
[WARNING] Generating /cucumber-reporting/target/apidocs/net/masterthought/cucumber/generators/OverviewReport.html...
[WARNING] /cucumber-reporting/src/main/java/net/masterthought/cucumber/generators/OverviewReport.java:10: warning: no comment
[WARNING] public class OverviewReport implements Reportable {
[WARNING] ^
[WARNING] /cucumber-reporting/src/main/java/net/masterthought/cucumber/generators/OverviewReport.java:90: warning: no comment
[WARNING] public void incDurationBy(long duration) {
[WARNING] ^
[WARNING] /cucumber-reporting/src/main/java/net/masterthought/cucumber/generators/OverviewReport.java:18: warning: no comment
[WARNING] public void incFeaturesFor(Status status) {
[WARNING] ^
[WARNING] /cucumber-reporting/src/main/java/net/masterthought/cucumber/generators/OverviewReport.java:37: warning: no comment
[WARNING] public void incScenarioFor(Status status) {
[WARNING] ^
[WARNING] /cucumber-reporting/src/main/java/net/masterthought/cucumber/generators/OverviewReport.java:56: warning: no comment
[WARNING] public void incStepsFor(Status status) {
[WARNING] ^
[WARNING] Generating /cucumber-reporting/target/apidocs/net/masterthought/cucumber/presentation/PresentationMode.html...
[WARNING] Generating /cucumber-reporting/target/apidocs/net/masterthought/cucumber/reducers/ReducingMethod.html...
[WARNING] Generating /cucumber-reporting/target/apidocs/net/masterthought/cucumber/Reportable.html...
[WARNING] Generating /cucumber-reporting/target/apidocs/net/masterthought/cucumber/ReportBuilder.html...
[WARNING] /cucumber-reporting/src/main/java/net/masterthought/cucumber/ReportBuilder.java:33: warning: no comment
[WARNING] public class ReportBuilder {
[WARNING] ^
[WARNING] /cucumber-reporting/src/main/java/net/masterthought/cucumber/ReportBuilder.java:68: warning: no comment
[WARNING] public ReportBuilder(List<String> jsonFiles, Configuration configuration) {
[WARNING] ^
[WARNING] Generating /cucumber-reporting/target/apidocs/net/masterthought/cucumber/reducers/ReportFeatureMerger.html...
[WARNING] /cucumber-reporting/src/main/java/net/masterthought/cucumber/reducers/ReportFeatureMerger.java:8: warning: no comment
[WARNING] public interface ReportFeatureMerger extends Predicate<List<ReducingMethod>> {
[WARNING] ^
[WARNING] Generating /cucumber-reporting/target/apidocs/net/masterthought/cucumber/reducers/ReportFeatureMergerFactory.html...
[WARNING] /cucumber-reporting/src/main/java/net/masterthought/cucumber/reducers/ReportFeatureMergerFactory.java:9: warning: no comment
[WARNING] public final class ReportFeatureMergerFactory {
[WARNING] ^
[WARNING] Generating /cucumber-reporting/target/apidocs/net/masterthought/cucumber/ReportParser.html...
[WARNING] /cucumber-reporting/src/main/java/net/masterthought/cucumber/ReportParser.java:38: warning: no comment
[WARNING] public ReportParser(Configuration configuration) {
[WARNING] ^
[WARNING] Generating /cucumber-reporting/target/apidocs/net/masterthought/cucumber/ReportResult.html...
[WARNING] /cucumber-reporting/src/main/java/net/masterthought/cucumber/ReportResult.java:26: warning: no comment
[WARNING] public class ReportResult {
[WARNING] ^
[WARNING] /cucumber-reporting/src/main/java/net/masterthought/cucumber/ReportResult.java:42: warning: no comment
[WARNING] public ReportResult(List<Feature> features, Configuration configuration) {
[WARNING] ^
[WARNING] /cucumber-reporting/src/main/java/net/masterthought/cucumber/ReportResult.java:54: warning: no comment
[WARNING] public List<Feature> getAllFeatures() {
[WARNING] ^
[WARNING] /cucumber-reporting/src/main/java/net/masterthought/cucumber/ReportResult.java:62: warning: no comment
[WARNING] public List<StepObject> getAllSteps() {
[WARNING] ^
[WARNING] /cucumber-reporting/src/main/java/net/masterthought/cucumber/ReportResult.java:58: warning: no comment
[WARNING] public List<TagObject> getAllTags() {
[WARNING] ^
[WARNING] /cucumber-reporting/src/main/java/net/masterthought/cucumber/ReportResult.java:74: warning: no comment
[WARNING] public String getBuildTime() {
[WARNING] ^
[WARNING] /cucumber-reporting/src/main/java/net/masterthought/cucumber/ReportResult.java:166: warning: no comment
[WARNING] public static String getCurrentTime() {
[WARNING] ^
[WARNING] /cucumber-reporting/src/main/java/net/masterthought/cucumber/ReportResult.java:66: warning: no comment
[WARNING] public Reportable getFeatureReport() {
[WARNING] ^
[WARNING] /cucumber-reporting/src/main/java/net/masterthought/cucumber/ReportResult.java:70: warning: no comment
[WARNING] public Reportable getTagReport() {
[WARNING] ^
[WARNING] Generating /cucumber-reporting/target/apidocs/net/masterthought/cucumber/json/Result.html...
[WARNING] /cucumber-reporting/src/main/java/net/masterthought/cucumber/json/Result.java:9: warning: no comment
[WARNING] public class Result implements Durationable {
[WARNING] ^
[WARNING] /cucumber-reporting/src/main/java/net/masterthought/cucumber/json/Result.java:35: warning: no comment
[WARNING] public String getErrorMessage() {
[WARNING] ^
[WARNING] /cucumber-reporting/src/main/java/net/masterthought/cucumber/json/Result.java:39: warning: no comment
[WARNING] public final String getErrorMessageTitle() {
[WARNING] ^
[WARNING] /cucumber-reporting/src/main/java/net/masterthought/cucumber/json/Result.java:21: warning: no comment
[WARNING] public Status getStatus() {
[WARNING] ^
[WARNING] Generating /cucumber-reporting/target/apidocs/net/masterthought/cucumber/json/support/Resultsable.html...
[WARNING] Generating /cucumber-reporting/target/apidocs/net/masterthought/cucumber/json/Row.html...
[WARNING] /cucumber-reporting/src/main/java/net/masterthought/cucumber/json/Row.java:3: warning: no comment
[WARNING] public class Row {
[WARNING] ^
[WARNING] /cucumber-reporting/src/main/java/net/masterthought/cucumber/json/Row.java:9: warning: no comment
[WARNING] public String[] getCells() {
[WARNING] ^
[WARNING] Generating /cucumber-reporting/target/apidocs/net/masterthought/cucumber/sorting/SortingFactory.html...
[WARNING] /cucumber-reporting/src/main/java/net/masterthought/cucumber/sorting/SortingFactory.java:22: warning: no comment
[WARNING] public SortingFactory(SortingMethod sortingMethod) {
[WARNING] ^
[WARNING] /cucumber-reporting/src/main/java/net/masterthought/cucumber/sorting/SortingFactory.java:26: warning: no comment
[WARNING] public List<Feature> sortFeatures(Collection<Feature> features) {
[WARNING] ^
[WARNING] /cucumber-reporting/src/main/java/net/masterthought/cucumber/sorting/SortingFactory.java:48: warning: no comment
[WARNING] public List<StepObject> sortSteps(Collection<StepObject> steps) {
[WARNING] ^
[WARNING] /cucumber-reporting/src/main/java/net/masterthought/cucumber/sorting/SortingFactory.java:37: warning: no comment
[WARNING] public List<TagObject> sortTags(Collection<TagObject> tags) {
[WARNING] ^
[WARNING] Generating /cucumber-reporting/target/apidocs/net/masterthought/cucumber/sorting/SortingMethod.html...
[WARNING] Generating /cucumber-reporting/target/apidocs/net/masterthought/cucumber/json/support/Status.html...
[WARNING] Generating /cucumber-reporting/target/apidocs/net/masterthought/cucumber/json/support/StatusCounter.html...
[WARNING] Generating /cucumber-reporting/target/apidocs/net/masterthought/cucumber/json/deserializers/StatusDeserializer.html...
[WARNING] Generating /cucumber-reporting/target/apidocs/net/masterthought/cucumber/json/Step.html...
[WARNING] Generating /cucumber-reporting/target/apidocs/net/masterthought/cucumber/util/StepNameFormatter.html...
[WARNING] Generating /cucumber-reporting/target/apidocs/net/masterthought/cucumber/json/support/StepObject.html...
[WARNING] Generating /cucumber-reporting/target/apidocs/net/masterthought/cucumber/sorting/StepObjectAlphabeticalComparator.html...
[WARNING] Generating /cucumber-reporting/target/apidocs/net/masterthought/cucumber/generators/StepsOverviewPage.html...
[WARNING] Generating /cucumber-reporting/target/apidocs/net/masterthought/cucumber/json/Tag.html...
[WARNING] Generating /cucumber-reporting/target/apidocs/net/masterthought/cucumber/json/support/TagObject.html...
[WARNING] Generating /cucumber-reporting/target/apidocs/net/masterthought/cucumber/sorting/TagObjectAlphabeticalComparator.html...
[WARNING] Generating /cucumber-reporting/target/apidocs/net/masterthought/cucumber/generators/TagReportPage.html...
[WARNING] Generating /cucumber-reporting/target/apidocs/net/masterthought/cucumber/json/deserializers/TagsDeserializer.html...
[WARNING] Generating /cucumber-reporting/target/apidocs/net/masterthought/cucumber/generators/TagsOverviewPage.html...
[WARNING] Generating /cucumber-reporting/target/apidocs/net/masterthought/cucumber/Trends.html...
[WARNING] Generating /cucumber-reporting/target/apidocs/net/masterthought/cucumber/generators/TrendsOverviewPage.html...
[WARNING] Generating /cucumber-reporting/target/apidocs/net/masterthought/cucumber/util/Util.html...
[WARNING] Generating /cucumber-reporting/target/apidocs/net/masterthought/cucumber/ValidationException.html...
[WARNING] Generating /cucumber-reporting/target/apidocs/net/masterthought/cucumber/package-summary.html...
[WARNING] Generating /cucumber-reporting/target/apidocs/net/masterthought/cucumber/package-tree.html...
[WARNING] Generating /cucumber-reporting/target/apidocs/net/masterthought/cucumber/generators/package-summary.html...
[WARNING] Generating /cucumber-reporting/target/apidocs/net/masterthought/cucumber/generators/package-tree.html...
[WARNING] Generating /cucumber-reporting/target/apidocs/net/masterthought/cucumber/json/package-summary.html...
[WARNING] Generating /cucumber-reporting/target/apidocs/net/masterthought/cucumber/json/package-tree.html...
[WARNING] Generating /cucumber-reporting/target/apidocs/net/masterthought/cucumber/json/deserializers/package-summary.html...
[WARNING] Generating /cucumber-reporting/target/apidocs/net/masterthought/cucumber/json/deserializers/package-tree.html...
[WARNING] Generating /cucumber-reporting/target/apidocs/net/masterthought/cucumber/json/support/package-summary.html...
[WARNING] Generating /cucumber-reporting/target/apidocs/net/masterthought/cucumber/json/support/package-tree.html...
[WARNING] Generating /cucumber-reporting/target/apidocs/net/masterthought/cucumber/presentation/package-summary.html...
[WARNING] Generating /cucumber-reporting/target/apidocs/net/masterthought/cucumber/presentation/package-tree.html...
[WARNING] Generating /cucumber-reporting/target/apidocs/net/masterthought/cucumber/reducers/package-summary.html...
[WARNING] Generating /cucumber-reporting/target/apidocs/net/masterthought/cucumber/reducers/package-tree.html...
[WARNING] Generating /cucumber-reporting/target/apidocs/net/masterthought/cucumber/sorting/package-summary.html...
[WARNING] Generating /cucumber-reporting/target/apidocs/net/masterthought/cucumber/sorting/package-tree.html...
[WARNING] Generating /cucumber-reporting/target/apidocs/net/masterthought/cucumber/util/package-summary.html...
[WARNING] Generating /cucumber-reporting/target/apidocs/net/masterthought/cucumber/util/package-tree.html...
[WARNING] Generating /cucumber-reporting/target/apidocs/constant-values.html...
[WARNING] Generating /cucumber-reporting/target/apidocs/serialized-form.html...
[WARNING] Generating /cucumber-reporting/target/apidocs/net/masterthought/cucumber/reducers/class-use/ReducingMethod.html...
[WARNING] Generating /cucumber-reporting/target/apidocs/net/masterthought/cucumber/reducers/class-use/ReportFeatureMergerFactory.html...
[WARNING] Generating /cucumber-reporting/target/apidocs/net/masterthought/cucumber/reducers/class-use/ReportFeatureMerger.html...
[WARNING] Generating /cucumber-reporting/target/apidocs/net/masterthought/cucumber/class-use/ReportResult.html...
[WARNING] Generating /cucumber-reporting/target/apidocs/net/masterthought/cucumber/class-use/Configuration.html...
[WARNING] Generating /cucumber-reporting/target/apidocs/net/masterthought/cucumber/class-use/ReportBuilder.html...
[WARNING] Generating /cucumber-reporting/target/apidocs/net/masterthought/cucumber/class-use/Reportable.html...
[WARNING] Generating /cucumber-reporting/target/apidocs/net/masterthought/cucumber/class-use/ValidationException.html...
[WARNING] Generating /cucumber-reporting/target/apidocs/net/masterthought/cucumber/class-use/Trends.html...
[WARNING] Generating /cucumber-reporting/target/apidocs/net/masterthought/cucumber/class-use/ReportParser.html...
[WARNING] Generating /cucumber-reporting/target/apidocs/net/masterthought/cucumber/class-use/EmptyReportable.html...
[WARNING] Generating /cucumber-reporting/target/apidocs/net/masterthought/cucumber/json/class-use/Step.html...
[WARNING] Generating /cucumber-reporting/target/apidocs/net/masterthought/cucumber/json/class-use/Element.html...
[WARNING] Generating /cucumber-reporting/target/apidocs/net/masterthought/cucumber/json/class-use/Feature.html...
[WARNING] Generating /cucumber-reporting/target/apidocs/net/masterthought/cucumber/json/class-use/Embedding.html...
[WARNING] Generating /cucumber-reporting/target/apidocs/net/masterthought/cucumber/json/class-use/Row.html...
[WARNING] Generating /cucumber-reporting/target/apidocs/net/masterthought/cucumber/json/class-use/Tag.html...
[WARNING] Generating /cucumber-reporting/target/apidocs/net/masterthought/cucumber/json/class-use/Hook.html...
[WARNING] Generating /cucumber-reporting/target/apidocs/net/masterthought/cucumber/json/class-use/Output.html...
[WARNING] Generating /cucumber-reporting/target/apidocs/net/masterthought/cucumber/json/class-use/Match.html...
[WARNING] Generating /cucumber-reporting/target/apidocs/net/masterthought/cucumber/json/class-use/DocString.html...
[WARNING] Generating /cucumber-reporting/target/apidocs/net/masterthought/cucumber/json/class-use/Result.html...
[WARNING] Generating /cucumber-reporting/target/apidocs/net/masterthought/cucumber/json/support/class-use/TagObject.html...
[WARNING] Generating /cucumber-reporting/target/apidocs/net/masterthought/cucumber/json/support/class-use/StepObject.html...
[WARNING] Generating /cucumber-reporting/target/apidocs/net/masterthought/cucumber/json/support/class-use/Durationable.html...
[WARNING] Generating /cucumber-reporting/target/apidocs/net/masterthought/cucumber/json/support/class-use/Resultsable.html...
[WARNING] Generating /cucumber-reporting/target/apidocs/net/masterthought/cucumber/json/support/class-use/Argument.html...
[WARNING] Generating /cucumber-reporting/target/apidocs/net/masterthought/cucumber/json/support/class-use/Status.html...
[WARNING] Generating /cucumber-reporting/target/apidocs/net/masterthought/cucumber/json/support/class-use/StatusCounter.html...
[WARNING] Generating /cucumber-reporting/target/apidocs/net/masterthought/cucumber/json/deserializers/class-use/StatusDeserializer.html...
[WARNING] Generating /cucumber-reporting/target/apidocs/net/masterthought/cucumber/json/deserializers/class-use/OutputsDeserializer.html...
[WARNING] Generating /cucumber-reporting/target/apidocs/net/masterthought/cucumber/json/deserializers/class-use/TagsDeserializer.html...
[WARNING] Generating /cucumber-reporting/target/apidocs/net/masterthought/cucumber/json/deserializers/class-use/CommentsDeserializer.html...
[WARNING] Generating /cucumber-reporting/target/apidocs/net/masterthought/cucumber/json/deserializers/class-use/EmbeddingDeserializer.html...
[WARNING] Generating /cucumber-reporting/target/apidocs/net/masterthought/cucumber/generators/class-use/AbstractPage.html...
[WARNING] Generating /cucumber-reporting/target/apidocs/net/masterthought/cucumber/generators/class-use/ErrorPage.html...
[WARNING] Generating /cucumber-reporting/target/apidocs/net/masterthought/cucumber/generators/class-use/TagReportPage.html...
[WARNING] Generating /cucumber-reporting/target/apidocs/net/masterthought/cucumber/generators/class-use/FeatureReportPage.html...
[WARNING] Generating /cucumber-reporting/target/apidocs/net/masterthought/cucumber/generators/class-use/FailuresOverviewPage.html...
[WARNING] Generating /cucumber-reporting/target/apidocs/net/masterthought/cucumber/generators/class-use/TagsOverviewPage.html...
[WARNING] Generating /cucumber-reporting/target/apidocs/net/masterthought/cucumber/generators/class-use/FeaturesOverviewPage.html...
[WARNING] Generating /cucumber-reporting/target/apidocs/net/masterthought/cucumber/generators/class-use/TrendsOverviewPage.html...
[WARNING] Generating /cucumber-reporting/target/apidocs/net/masterthought/cucumber/generators/class-use/OverviewReport.html...
[WARNING] Generating /cucumber-reporting/target/apidocs/net/masterthought/cucumber/generators/class-use/StepsOverviewPage.html...
[WARNING] Generating /cucumber-reporting/target/apidocs/net/masterthought/cucumber/presentation/class-use/PresentationMode.html...
[WARNING] Generating /cucumber-reporting/target/apidocs/net/masterthought/cucumber/sorting/class-use/SortingMethod.html...
[WARNING] Generating /cucumber-reporting/target/apidocs/net/masterthought/cucumber/sorting/class-use/TagObjectAlphabeticalComparator.html...
[WARNING] Generating /cucumber-reporting/target/apidocs/net/masterthought/cucumber/sorting/class-use/SortingFactory.html...
[WARNING] Generating /cucumber-reporting/target/apidocs/net/masterthought/cucumber/sorting/class-use/FeaturesAlphabeticalComparator.html...
[WARNING] Generating /cucumber-reporting/target/apidocs/net/masterthought/cucumber/sorting/class-use/StepObjectAlphabeticalComparator.html...
[WARNING] Generating /cucumber-reporting/target/apidocs/net/masterthought/cucumber/util/class-use/Util.html...
[WARNING] Generating /cucumber-reporting/target/apidocs/net/masterthought/cucumber/util/class-use/Counter.html...
[WARNING] Generating /cucumber-reporting/target/apidocs/net/masterthought/cucumber/util/class-use/StepNameFormatter.html...
[WARNING] Generating /cucumber-reporting/target/apidocs/net/masterthought/cucumber/package-use.html...
[WARNING] Generating /cucumber-reporting/target/apidocs/net/masterthought/cucumber/generators/package-use.html...
[WARNING] Generating /cucumber-reporting/target/apidocs/net/masterthought/cucumber/json/package-use.html...
[WARNING] Generating /cucumber-reporting/target/apidocs/net/masterthought/cucumber/json/deserializers/package-use.html...
[WARNING] Generating /cucumber-reporting/target/apidocs/net/masterthought/cucumber/json/support/package-use.html...
[WARNING] Generating /cucumber-reporting/target/apidocs/net/masterthought/cucumber/presentation/package-use.html...
[WARNING] Generating /cucumber-reporting/target/apidocs/net/masterthought/cucumber/reducers/package-use.html...
[WARNING] Generating /cucumber-reporting/target/apidocs/net/masterthought/cucumber/sorting/package-use.html...
[WARNING] Generating /cucumber-reporting/target/apidocs/net/masterthought/cucumber/util/package-use.html...
[WARNING] Generating /cucumber-reporting/target/apidocs/overview-tree.html...
[WARNING] Generating /cucumber-reporting/target/apidocs/index.html...
[WARNING] Building index for all classes...
[WARNING] Generating /cucumber-reporting/target/apidocs/allclasses-index.html...
[WARNING] Generating /cucumber-reporting/target/apidocs/allpackages-index.html...
[WARNING] Generating /cucumber-reporting/target/apidocs/index-all.html...
[WARNING] Generating /cucumber-reporting/target/apidocs/overview-summary.html...
[WARNING] Generating /cucumber-reporting/target/apidocs/help-doc.html...
[WARNING] 100 warnings
[INFO] Building jar: /cucumber-reporting/target/cucumber-reporting-5.7.6-SNAPSHOT-javadoc.jar
[INFO] ------------------------------------------------------------------------
[INFO] BUILD SUCCESS
[INFO] ------------------------------------------------------------------------
[INFO] Total time:  10.635 s
[INFO] Finished at: 2026-04-27T14:29:54Z
[INFO] ------------------------------------------------------------------------
[WARNING] 
[WARNING] Plugin validation issues were detected in 7 plugin(s)
[WARNING] 
[WARNING]  * org.apache.maven.plugins:maven-source-plugin:3.2.1
[WARNING]  * org.apache.maven.plugins:maven-surefire-plugin:2.18.1
[WARNING]  * org.jacoco:jacoco-maven-plugin:0.8.6
[WARNING]  * org.apache.maven.plugins:maven-compiler-plugin:3.8.1
[WARNING]  * org.apache.maven.plugins:maven-javadoc-plugin:3.2.0
[WARNING]  * org.apache.maven.plugins:maven-resources-plugin:3.3.0
[WARNING]  * org.apache.maven.plugins:maven-enforcer-plugin:1.0
[WARNING] 
[WARNING] For more or less details, use 'maven.plugin.validation' property with one of the values (case insensitive): [BRIEF, DEFAULT, VERBOSE]
[WARNING] 
