[INFO] Loaded 22634 auto-discovered prefixes for remote repository central (prefixes-central.txt)
[INFO] Loaded 74 auto-discovered prefixes for remote repository apache.snapshots (prefixes-apache.snapshots-c1d4c55f9308e5ac18a4069bed41dca64d85c515.txt)
[INFO] Downloading from central: https://repo.maven.apache.org/maven2/org/sonatype/plexus/plexus-cipher/1.7/plexus-cipher-1.7.pom
[INFO] Downloaded from central: https://repo.maven.apache.org/maven2/org/sonatype/plexus/plexus-cipher/1.7/plexus-cipher-1.7.pom (4.2 kB at 9223372037 GB/s)
[INFO] Artifact org.sonatype.spice:spice-parent:pom:15 is present in the local repository, but cached from a remote repository ID that is unavailable in current build context, verifying that is downloadable from [central (https://repo.maven.apache.org/maven2, default, releases), maven-default-http-blocker (http://0.0.0.0/, default, snapshots, blocked)]
[INFO] Artifact org.sonatype.spice:spice-parent:pom:15 is present in the local repository, but cached from a remote repository ID that is unavailable in current build context, verifying that is downloadable from [central (https://repo.maven.apache.org/maven2, default, releases), maven-default-http-blocker (http://0.0.0.0/, default, snapshots, blocked)]
[INFO] Downloading from central: https://repo.maven.apache.org/maven2/org/sonatype/spice/spice-parent/15/spice-parent-15.pom
[INFO] Downloaded from central: https://repo.maven.apache.org/maven2/org/sonatype/spice/spice-parent/15/spice-parent-15.pom (0 B at 0 B/s)
[INFO] Artifact org.sonatype.forge:forge-parent:pom:5 is present in the local repository, but cached from a remote repository ID that is unavailable in current build context, verifying that is downloadable from [central (https://repo.maven.apache.org/maven2, default, releases), maven-default-http-blocker (http://0.0.0.0/, default, snapshots, blocked)]
[INFO] Artifact org.sonatype.forge:forge-parent:pom:5 is present in the local repository, but cached from a remote repository ID that is unavailable in current build context, verifying that is downloadable from [central (https://repo.maven.apache.org/maven2, default, releases), maven-default-http-blocker (http://0.0.0.0/, default, snapshots, blocked)]
[INFO] Downloading from central: https://repo.maven.apache.org/maven2/org/sonatype/forge/forge-parent/5/forge-parent-5.pom
[INFO] Downloaded from central: https://repo.maven.apache.org/maven2/org/sonatype/forge/forge-parent/5/forge-parent-5.pom (0 B at 0 B/s)
[INFO] Downloading from central: https://repo.maven.apache.org/maven2/org/sonatype/plexus/plexus-cipher/1.7/plexus-cipher-1.7.jar
[INFO] Downloaded from central: https://repo.maven.apache.org/maven2/org/sonatype/plexus/plexus-cipher/1.7/plexus-cipher-1.7.jar (13 kB at 9223372037 GB/s)
[INFO] Scanning for projects...
[INFO] Loaded 12 auto-discovered prefixes for remote repository repo.jenkins-ci.org (prefixes-repo.jenkins-ci.org-660b110314ecfcedf9fbfdf2e6d7b0c2037832e1.txt)
[INFO] Loaded 22634 auto-discovered prefixes for remote repository central (prefixes-central.txt)
[INFO] Artifact org.jenkins-ci.plugins:plugin:pom:4.19 is present in the local repository, but cached from a remote repository ID that is unavailable in current build context, verifying that is downloadable from [repo.jenkins-ci.org (https://repo.jenkins-ci.org/public/, default, releases+snapshots), central (https://repo.maven.apache.org/maven2, default, releases)]
[INFO] Artifact org.jenkins-ci.plugins:plugin:pom:4.19 is present in the local repository, but cached from a remote repository ID that is unavailable in current build context, verifying that is downloadable from [repo.jenkins-ci.org (https://repo.jenkins-ci.org/public/, default, releases+snapshots), central (https://repo.maven.apache.org/maven2, default, releases)]
[INFO] Downloading from central: https://repo.maven.apache.org/maven2/org/jenkins-ci/plugins/plugin/4.19/plugin-4.19.pom
[ERROR] Some problems were encountered while processing the POMs
[ERROR] The build could not read 1 project -> [Help 1]
[ERROR]   
[ERROR]   The project [inherited]:publish-over-ssh:hpi:1.25-SNAPSHOT (/publish-over-ssh-plugin/pom.xml) has 2 errors
[ERROR]     Non-resolvable parent POM: The following artifacts could not be resolved: org.jenkins-ci.plugins:plugin:pom:4.19 (present, but unavailable): Could not find artifact org.jenkins-ci.plugins:plugin:pom:4.19 in central (https://repo.maven.apache.org/maven2) (remote repositories: repo.jenkins-ci.org (https://repo.jenkins-ci.org/public/, default, releases+snapshots), central (https://repo.maven.apache.org/maven2, default, releases)) and parent could not be found in reactor @ org.jenkins-ci.plugins:publish-over-ssh:${revision}${changelist}, file:///publish-over-ssh-plugin/pom.xml, line 28, column 5: One or more requests failed
[ERROR]     Non-resolvable parent POM: The following artifacts could not be resolved: org.jenkins-ci.plugins:plugin:pom:4.19 (present, but unavailable): Could not find artifact org.jenkins-ci.plugins:plugin:pom:4.19 in central (https://repo.maven.apache.org/maven2) (remote repositories: repo.jenkins-ci.org (https://repo.jenkins-ci.org/public/, default, releases+snapshots), central (https://repo.maven.apache.org/maven2, default, releases)) and parent could not be found in reactor @ org.jenkins-ci.plugins:publish-over-ssh:${revision}${changelist}, file:///publish-over-ssh-plugin/pom.xml, line 28, column 5: One or more requests failed
[ERROR] 
[ERROR] To see the full stack trace of the errors, re-run Maven with the '-e' switch
[ERROR] Re-run Maven using the '-X' switch to enable verbose output
[ERROR] 
[ERROR] For more information about the errors and possible solutions, please read the following articles:
[ERROR] [Help 1] http://cwiki.apache.org/confluence/display/MAVEN/ProjectBuildingException
