[INFO] Scanning for projects...
[INFO] Artifact org.jenkins-ci.tools:maven-hpi-plugin:pom:3.17 is present in the local repository, but cached from a remote repository ID that is unavailable in current build context, verifying that is downloadable from [incrementals (https://repo.jenkins-ci.org/incrementals/, default, releases), central (https://repo.maven.apache.org/maven2, default, releases)]
[INFO] Artifact org.jenkins-ci.tools:maven-hpi-plugin:pom:3.17 is present in the local repository, but cached from a remote repository ID that is unavailable in current build context, verifying that is downloadable from [incrementals (https://repo.jenkins-ci.org/incrementals/, default, releases), central (https://repo.maven.apache.org/maven2, default, releases)]
[INFO] Downloading from incrementals: https://repo.jenkins-ci.org/incrementals/org/jenkins-ci/tools/maven-hpi-plugin/3.17/maven-hpi-plugin-3.17.pom
[WARNING] The POM for org.jenkins-ci.tools:maven-hpi-plugin:jar:3.17 is missing, no dependency information available
[INFO] Artifact org.jenkins-ci.tools:maven-hpi-plugin:jar:3.17 is present in the local repository, but cached from a remote repository ID that is unavailable in current build context, verifying that is downloadable from [incrementals (https://repo.jenkins-ci.org/incrementals/, default, releases), central (https://repo.maven.apache.org/maven2, default, releases)]
[INFO] Artifact org.jenkins-ci.tools:maven-hpi-plugin:jar:3.17 is present in the local repository, but cached from a remote repository ID that is unavailable in current build context, verifying that is downloadable from [incrementals (https://repo.jenkins-ci.org/incrementals/, default, releases), central (https://repo.maven.apache.org/maven2, default, releases)]
[INFO] Downloading from incrementals: https://repo.jenkins-ci.org/incrementals/org/jenkins-ci/tools/maven-hpi-plugin/3.17/maven-hpi-plugin-3.17.jar
[WARNING] Failed to build parent project for org.jenkins-ci.plugins:publish-over-ssh:hpi:1.25-SNAPSHOT
[INFO] 
[INFO] --------------< org.jenkins-ci.plugins:publish-over-ssh >---------------
[INFO] Building Publish Over SSH 1.25-SNAPSHOT
[INFO]   from pom.xml
[INFO] --------------------------------[ hpi ]---------------------------------
[WARNING] Parameter 'showDeprecation' is unknown for plugin 'maven-hpi-plugin:3.17:validate (default-validate)'
[WARNING] Parameter 'showDeprecation' is unknown for plugin 'maven-hpi-plugin:3.17:validate-hpi (default-validate-hpi)'
[WARNING] Parameter 'showDeprecation' is unknown for plugin 'maven-hpi-plugin:3.17:insert-test (default-insert-test)'
[WARNING] Parameter 'showDeprecation' is unknown for plugin 'maven-hpi-plugin:3.17:test-hpl (default-test-hpl)'
[WARNING] Parameter 'showDeprecation' is unknown for plugin 'maven-hpi-plugin:3.17:resolve-test-dependencies (default-resolve-test-dependencies)'
[INFO] Downloading from repo.jenkins-ci.org: https://repo.jenkins-ci.org/public/com/cloudbees/maven-license-plugin/1.9/maven-license-plugin-1.9.pom
[INFO] Downloading from incrementals: https://repo.jenkins-ci.org/incrementals/com/cloudbees/maven-license-plugin/1.9/maven-license-plugin-1.9.pom
[INFO] Downloading from central: https://repo.maven.apache.org/maven2/com/cloudbees/maven-license-plugin/1.9/maven-license-plugin-1.9.pom
[INFO] Downloaded from central: https://repo.maven.apache.org/maven2/com/cloudbees/maven-license-plugin/1.9/maven-license-plugin-1.9.pom (2.3 kB at 18 kB/s)
[INFO] Downloading from repo.jenkins-ci.org: https://repo.jenkins-ci.org/public/com/cloudbees/maven-license-plugin/1.9/maven-license-plugin-1.9.jar
[INFO] Downloading from incrementals: https://repo.jenkins-ci.org/incrementals/com/cloudbees/maven-license-plugin/1.9/maven-license-plugin-1.9.jar
[INFO] Downloading from central: https://repo.maven.apache.org/maven2/com/cloudbees/maven-license-plugin/1.9/maven-license-plugin-1.9.jar
[INFO] Downloaded from central: https://repo.maven.apache.org/maven2/com/cloudbees/maven-license-plugin/1.9/maven-license-plugin-1.9.jar (19 kB at 672 kB/s)
[WARNING] Parameter 'showDeprecation' is unknown for plugin 'maven-hpi-plugin:3.17:hpi (default-hpi)'
[INFO] 
[INFO] --- hpi:3.17:validate (default-validate) @ publish-over-ssh ---
[INFO] 
[INFO] --- hpi:3.17:validate-hpi (default-validate-hpi) @ publish-over-ssh ---
[INFO] 
[INFO] --- enforcer:3.0.0-M3:display-info (display-info) @ publish-over-ssh ---
[INFO] Maven Version: 3.9.2
[INFO] JDK Version: 17.0.12 normalized as: 17.0.12
[INFO] OS Info: Arch: amd64 Family: unix Name: linux Version: 5.15.0-176-generic
[INFO] 
[INFO] --- enforcer:3.0.0-M3:enforce (display-info) @ publish-over-ssh ---
[INFO] Adding ignore: module-info
[INFO] 
[INFO] --- enforcer:3.0.0-M3:enforce (no-snapshots-in-release) @ publish-over-ssh ---
[INFO] 
[INFO] --- gplus:1.12.1:addTestSources (test-in-groovy) @ publish-over-ssh ---
[INFO] 
[INFO] --- localizer:1.31:generate (default) @ publish-over-ssh ---
[INFO] 
[INFO] --- resources:3.2.0:resources (default-resources) @ publish-over-ssh ---
[INFO] Using 'UTF-8' encoding to copy filtered resources.
[INFO] Using 'UTF-8' encoding to copy filtered properties files.
[INFO] Copying 107 resources
[INFO] 
[INFO] --- flatten:1.2.7:flatten (flatten) @ publish-over-ssh ---
[INFO] Generating flattened POM of project org.jenkins-ci.plugins:publish-over-ssh:hpi:1.25-SNAPSHOT...
[INFO] 
[INFO] --- compiler:3.8.1:compile (default-compile) @ publish-over-ssh ---
[INFO] Nothing to compile - all classes are up to date
[INFO] 
[INFO] --- access-modifier-checker:1.21:enforce (default-enforce) @ publish-over-ssh ---
[INFO] 
[INFO] --- hpi:3.17:insert-test (default-insert-test) @ publish-over-ssh ---
[INFO] 
[INFO] --- gplus:1.12.1:generateTestStubs (test-in-groovy) @ publish-over-ssh ---
[INFO] No sources specified for stub generation. Skipping.
[INFO] Generated 0 stubs.
[INFO] 
[INFO] --- antrun:3.0.0:run (createTempDir) @ publish-over-ssh ---
[INFO] Executing tasks
[INFO] Executed tasks
[INFO] 
[INFO] --- resources:3.2.0:testResources (default-testResources) @ publish-over-ssh ---
[INFO] Using 'UTF-8' encoding to copy filtered resources.
[INFO] Using 'UTF-8' encoding to copy filtered properties files.
[INFO] Copying 12 resources
[INFO] 
[INFO] --- compiler:3.8.1:testCompile (default-testCompile) @ publish-over-ssh ---
[INFO] Nothing to compile - all classes are up to date
[INFO] 
[INFO] --- hpi:3.17:test-hpl (default-test-hpl) @ publish-over-ssh ---
[INFO] Generating /publish-over-ssh-plugin/target/test-classes/the.hpl
[INFO] 
[INFO] --- hpi:3.17:resolve-test-dependencies (default-resolve-test-dependencies) @ publish-over-ssh ---
[INFO] 
[INFO] --- gplus:1.12.1:compileTests (test-in-groovy) @ publish-over-ssh ---
[INFO] No sources specified for compilation. Skipping.
[INFO] 
[INFO] --- surefire:3.0.0-M4:test (default-test) @ publish-over-ssh ---
[INFO] Tests are skipped.
[INFO] 
[INFO] --- animal-sniffer:1.20:check (check) @ publish-over-ssh ---
[INFO] Resolved signature org.codehaus.mojo.signature:java18 version as 1.0 from dependencyManagement
[INFO] Checking unresolved references to org.codehaus.mojo.signature:java18:1.0
[INFO] 
[INFO] --- maven-license-plugin:1.9:process (default) @ publish-over-ssh ---
[INFO] Downloading from repo.jenkins-ci.org: https://repo.jenkins-ci.org/public/org/apache/maven/maven-plugin-api/2.0/maven-plugin-api-2.0.pom
[INFO] Downloading from incrementals: https://repo.jenkins-ci.org/incrementals/org/apache/maven/maven-plugin-api/2.0/maven-plugin-api-2.0.pom
[INFO] Downloading from central: https://repo.maven.apache.org/maven2/org/apache/maven/maven-plugin-api/2.0/maven-plugin-api-2.0.pom
[INFO] Downloaded from central: https://repo.maven.apache.org/maven2/org/apache/maven/maven-plugin-api/2.0/maven-plugin-api-2.0.pom (601 B at 32 kB/s)
[INFO] Downloading from repo.jenkins-ci.org: https://repo.jenkins-ci.org/public/org/apache/maven/maven/2.0/maven-2.0.pom
[INFO] Downloading from incrementals: https://repo.jenkins-ci.org/incrementals/org/apache/maven/maven/2.0/maven-2.0.pom
[INFO] Downloading from central: https://repo.maven.apache.org/maven2/org/apache/maven/maven/2.0/maven-2.0.pom
[INFO] Downloaded from central: https://repo.maven.apache.org/maven2/org/apache/maven/maven/2.0/maven-2.0.pom (8.8 kB at 418 kB/s)
[INFO] Downloading from repo.jenkins-ci.org: https://repo.jenkins-ci.org/public/org/apache/maven/maven-core/2.0/maven-core-2.0.pom
[INFO] Downloading from incrementals: https://repo.jenkins-ci.org/incrementals/org/apache/maven/maven-core/2.0/maven-core-2.0.pom
[INFO] Downloading from central: https://repo.maven.apache.org/maven2/org/apache/maven/maven-core/2.0/maven-core-2.0.pom
[INFO] Downloaded from central: https://repo.maven.apache.org/maven2/org/apache/maven/maven-core/2.0/maven-core-2.0.pom (5.6 kB at 311 kB/s)
[INFO] Downloading from repo.jenkins-ci.org: https://repo.jenkins-ci.org/public/org/apache/maven/maven-settings/2.0/maven-settings-2.0.pom
[INFO] Downloading from incrementals: https://repo.jenkins-ci.org/incrementals/org/apache/maven/maven-settings/2.0/maven-settings-2.0.pom
[INFO] Downloading from central: https://repo.maven.apache.org/maven2/org/apache/maven/maven-settings/2.0/maven-settings-2.0.pom
[INFO] Downloaded from central: https://repo.maven.apache.org/maven2/org/apache/maven/maven-settings/2.0/maven-settings-2.0.pom (1.4 kB at 86 kB/s)
[INFO] Downloading from repo.jenkins-ci.org: https://repo.jenkins-ci.org/public/org/apache/maven/maven-model/2.0/maven-model-2.0.pom
[INFO] Downloading from incrementals: https://repo.jenkins-ci.org/incrementals/org/apache/maven/maven-model/2.0/maven-model-2.0.pom
[INFO] Downloading from central: https://repo.maven.apache.org/maven2/org/apache/maven/maven-model/2.0/maven-model-2.0.pom
[INFO] Downloaded from central: https://repo.maven.apache.org/maven2/org/apache/maven/maven-model/2.0/maven-model-2.0.pom (2.4 kB at 115 kB/s)
[INFO] Downloading from repo.jenkins-ci.org: https://repo.jenkins-ci.org/public/org/apache/maven/maven-plugin-parameter-documenter/2.0/maven-plugin-parameter-documenter-2.0.pom
[INFO] Downloading from incrementals: https://repo.jenkins-ci.org/incrementals/org/apache/maven/maven-plugin-parameter-documenter/2.0/maven-plugin-parameter-documenter-2.0.pom
[INFO] Downloading from central: https://repo.maven.apache.org/maven2/org/apache/maven/maven-plugin-parameter-documenter/2.0/maven-plugin-parameter-documenter-2.0.pom
[INFO] Downloaded from central: https://repo.maven.apache.org/maven2/org/apache/maven/maven-plugin-parameter-documenter/2.0/maven-plugin-parameter-documenter-2.0.pom (1.5 kB at 90 kB/s)
[INFO] Downloading from repo.jenkins-ci.org: https://repo.jenkins-ci.org/public/org/apache/maven/reporting/maven-reporting-api/2.0/maven-reporting-api-2.0.pom
[INFO] Downloading from incrementals: https://repo.jenkins-ci.org/incrementals/org/apache/maven/reporting/maven-reporting-api/2.0/maven-reporting-api-2.0.pom
[INFO] Downloading from central: https://repo.maven.apache.org/maven2/org/apache/maven/reporting/maven-reporting-api/2.0/maven-reporting-api-2.0.pom
[INFO] Downloaded from central: https://repo.maven.apache.org/maven2/org/apache/maven/reporting/maven-reporting-api/2.0/maven-reporting-api-2.0.pom (1.1 kB at 69 kB/s)
[INFO] Downloading from repo.jenkins-ci.org: https://repo.jenkins-ci.org/public/org/apache/maven/reporting/maven-reporting/2.0/maven-reporting-2.0.pom
[INFO] Downloading from incrementals: https://repo.jenkins-ci.org/incrementals/org/apache/maven/reporting/maven-reporting/2.0/maven-reporting-2.0.pom
[INFO] Downloading from central: https://repo.maven.apache.org/maven2/org/apache/maven/reporting/maven-reporting/2.0/maven-reporting-2.0.pom
[INFO] Downloaded from central: https://repo.maven.apache.org/maven2/org/apache/maven/reporting/maven-reporting/2.0/maven-reporting-2.0.pom (504 B at 25 kB/s)
[INFO] Downloading from repo.jenkins-ci.org: https://repo.jenkins-ci.org/public/doxia/doxia-sink-api/1.0-alpha-4/doxia-sink-api-1.0-alpha-4.pom
[INFO] Downloading from incrementals: https://repo.jenkins-ci.org/incrementals/doxia/doxia-sink-api/1.0-alpha-4/doxia-sink-api-1.0-alpha-4.pom
[INFO] Downloading from central: https://repo.maven.apache.org/maven2/doxia/doxia-sink-api/1.0-alpha-4/doxia-sink-api-1.0-alpha-4.pom
[INFO] Downloaded from central: https://repo.maven.apache.org/maven2/doxia/doxia-sink-api/1.0-alpha-4/doxia-sink-api-1.0-alpha-4.pom (1.1 kB at 55 kB/s)
[INFO] Downloading from repo.jenkins-ci.org: https://repo.jenkins-ci.org/public/org/apache/maven/maven-profile/2.0/maven-profile-2.0.pom
[INFO] Downloading from incrementals: https://repo.jenkins-ci.org/incrementals/org/apache/maven/maven-profile/2.0/maven-profile-2.0.pom
[INFO] Downloading from central: https://repo.maven.apache.org/maven2/org/apache/maven/maven-profile/2.0/maven-profile-2.0.pom
[INFO] Downloaded from central: https://repo.maven.apache.org/maven2/org/apache/maven/maven-profile/2.0/maven-profile-2.0.pom (1.4 kB at 76 kB/s)
[INFO] Downloading from repo.jenkins-ci.org: https://repo.jenkins-ci.org/public/org/apache/maven/maven-artifact/2.0/maven-artifact-2.0.pom
[INFO] Downloading from incrementals: https://repo.jenkins-ci.org/incrementals/org/apache/maven/maven-artifact/2.0/maven-artifact-2.0.pom
[INFO] Downloading from central: https://repo.maven.apache.org/maven2/org/apache/maven/maven-artifact/2.0/maven-artifact-2.0.pom
[INFO] Downloaded from central: https://repo.maven.apache.org/maven2/org/apache/maven/maven-artifact/2.0/maven-artifact-2.0.pom (723 B at 43 kB/s)
[INFO] Downloading from repo.jenkins-ci.org: https://repo.jenkins-ci.org/public/org/apache/maven/maven-repository-metadata/2.0/maven-repository-metadata-2.0.pom
[INFO] Downloading from incrementals: https://repo.jenkins-ci.org/incrementals/org/apache/maven/maven-repository-metadata/2.0/maven-repository-metadata-2.0.pom
[INFO] Downloading from central: https://repo.maven.apache.org/maven2/org/apache/maven/maven-repository-metadata/2.0/maven-repository-metadata-2.0.pom
[INFO] Downloaded from central: https://repo.maven.apache.org/maven2/org/apache/maven/maven-repository-metadata/2.0/maven-repository-metadata-2.0.pom (1.2 kB at 65 kB/s)
[INFO] Downloading from repo.jenkins-ci.org: https://repo.jenkins-ci.org/public/org/apache/maven/maven-error-diagnostics/2.0/maven-error-diagnostics-2.0.pom
[INFO] Downloading from incrementals: https://repo.jenkins-ci.org/incrementals/org/apache/maven/maven-error-diagnostics/2.0/maven-error-diagnostics-2.0.pom
[INFO] Downloading from central: https://repo.maven.apache.org/maven2/org/apache/maven/maven-error-diagnostics/2.0/maven-error-diagnostics-2.0.pom
[INFO] Downloaded from central: https://repo.maven.apache.org/maven2/org/apache/maven/maven-error-diagnostics/2.0/maven-error-diagnostics-2.0.pom (812 B at 48 kB/s)
[INFO] Downloading from repo.jenkins-ci.org: https://repo.jenkins-ci.org/public/org/apache/maven/maven-project/2.0/maven-project-2.0.pom
[INFO] Downloading from incrementals: https://repo.jenkins-ci.org/incrementals/org/apache/maven/maven-project/2.0/maven-project-2.0.pom
[INFO] Downloading from central: https://repo.maven.apache.org/maven2/org/apache/maven/maven-project/2.0/maven-project-2.0.pom
[INFO] Downloaded from central: https://repo.maven.apache.org/maven2/org/apache/maven/maven-project/2.0/maven-project-2.0.pom (1.6 kB at 86 kB/s)
[INFO] Downloading from repo.jenkins-ci.org: https://repo.jenkins-ci.org/public/org/apache/maven/maven-artifact-manager/2.0/maven-artifact-manager-2.0.pom
[INFO] Downloading from incrementals: https://repo.jenkins-ci.org/incrementals/org/apache/maven/maven-artifact-manager/2.0/maven-artifact-manager-2.0.pom
[INFO] Downloading from central: https://repo.maven.apache.org/maven2/org/apache/maven/maven-artifact-manager/2.0/maven-artifact-manager-2.0.pom
[INFO] Downloaded from central: https://repo.maven.apache.org/maven2/org/apache/maven/maven-artifact-manager/2.0/maven-artifact-manager-2.0.pom (1.3 kB at 84 kB/s)
[INFO] Downloading from repo.jenkins-ci.org: https://repo.jenkins-ci.org/public/org/apache/maven/maven-plugin-registry/2.0/maven-plugin-registry-2.0.pom
[INFO] Downloading from incrementals: https://repo.jenkins-ci.org/incrementals/org/apache/maven/maven-plugin-registry/2.0/maven-plugin-registry-2.0.pom
[INFO] Downloading from central: https://repo.maven.apache.org/maven2/org/apache/maven/maven-plugin-registry/2.0/maven-plugin-registry-2.0.pom
[INFO] Downloaded from central: https://repo.maven.apache.org/maven2/org/apache/maven/maven-plugin-registry/2.0/maven-plugin-registry-2.0.pom (1.3 kB at 80 kB/s)
[INFO] Downloading from repo.jenkins-ci.org: https://repo.jenkins-ci.org/public/org/apache/maven/maven-plugin-descriptor/2.0/maven-plugin-descriptor-2.0.pom
[INFO] Downloading from incrementals: https://repo.jenkins-ci.org/incrementals/org/apache/maven/maven-plugin-descriptor/2.0/maven-plugin-descriptor-2.0.pom
[INFO] Downloading from central: https://repo.maven.apache.org/maven2/org/apache/maven/maven-plugin-descriptor/2.0/maven-plugin-descriptor-2.0.pom
[INFO] Downloaded from central: https://repo.maven.apache.org/maven2/org/apache/maven/maven-plugin-descriptor/2.0/maven-plugin-descriptor-2.0.pom (1.5 kB at 91 kB/s)
[INFO] Downloading from repo.jenkins-ci.org: https://repo.jenkins-ci.org/public/org/apache/maven/maven-monitor/2.0/maven-monitor-2.0.pom
[INFO] Downloading from incrementals: https://repo.jenkins-ci.org/incrementals/org/apache/maven/maven-monitor/2.0/maven-monitor-2.0.pom
[INFO] Downloading from central: https://repo.maven.apache.org/maven2/org/apache/maven/maven-monitor/2.0/maven-monitor-2.0.pom
[INFO] Downloaded from central: https://repo.maven.apache.org/maven2/org/apache/maven/maven-monitor/2.0/maven-monitor-2.0.pom (400 B at 24 kB/s)
[INFO] Downloading from repo.jenkins-ci.org: https://repo.jenkins-ci.org/public/org/codehaus/groovy/groovy-xml/3.0.7/groovy-xml-3.0.7.pom
[INFO] Downloading from incrementals: https://repo.jenkins-ci.org/incrementals/org/codehaus/groovy/groovy-xml/3.0.7/groovy-xml-3.0.7.pom
[INFO] Downloading from central: https://repo.maven.apache.org/maven2/org/codehaus/groovy/groovy-xml/3.0.7/groovy-xml-3.0.7.pom
[INFO] Downloaded from central: https://repo.maven.apache.org/maven2/org/codehaus/groovy/groovy-xml/3.0.7/groovy-xml-3.0.7.pom (22 kB at 1.2 MB/s)
[INFO] Downloading from repo.jenkins-ci.org: https://repo.jenkins-ci.org/public/org/codehaus/groovy/groovy/3.0.7/groovy-3.0.7.pom
[INFO] Downloading from incrementals: https://repo.jenkins-ci.org/incrementals/org/codehaus/groovy/groovy/3.0.7/groovy-3.0.7.pom
[INFO] Downloading from central: https://repo.maven.apache.org/maven2/org/codehaus/groovy/groovy/3.0.7/groovy-3.0.7.pom
[INFO] Downloaded from central: https://repo.maven.apache.org/maven2/org/codehaus/groovy/groovy/3.0.7/groovy-3.0.7.pom (24 kB at 1.3 MB/s)
[INFO] Downloading from repo.jenkins-ci.org: https://repo.jenkins-ci.org/public/org/apache/maven/maven-plugin-api/2.0/maven-plugin-api-2.0.jar
[INFO] Downloading from repo.jenkins-ci.org: https://repo.jenkins-ci.org/public/org/apache/maven/maven-core/2.0/maven-core-2.0.jar
[INFO] Downloading from repo.jenkins-ci.org: https://repo.jenkins-ci.org/public/org/apache/maven/maven-settings/2.0/maven-settings-2.0.jar
[INFO] Downloading from repo.jenkins-ci.org: https://repo.jenkins-ci.org/public/org/apache/maven/maven-plugin-parameter-documenter/2.0/maven-plugin-parameter-documenter-2.0.jar
[INFO] Downloading from repo.jenkins-ci.org: https://repo.jenkins-ci.org/public/org/apache/maven/reporting/maven-reporting-api/2.0/maven-reporting-api-2.0.jar
[INFO] Downloading from repo.jenkins-ci.org: https://repo.jenkins-ci.org/public/doxia/doxia-sink-api/1.0-alpha-4/doxia-sink-api-1.0-alpha-4.jar
[INFO] Downloading from repo.jenkins-ci.org: https://repo.jenkins-ci.org/public/org/apache/maven/maven-profile/2.0/maven-profile-2.0.jar
[INFO] Downloading from repo.jenkins-ci.org: https://repo.jenkins-ci.org/public/org/apache/maven/maven-model/2.0/maven-model-2.0.jar
[INFO] Downloading from repo.jenkins-ci.org: https://repo.jenkins-ci.org/public/org/apache/maven/maven-artifact/2.0/maven-artifact-2.0.jar
[INFO] Downloading from repo.jenkins-ci.org: https://repo.jenkins-ci.org/public/org/codehaus/plexus/plexus-container-default/1.0-alpha-8/plexus-container-default-1.0-alpha-8.jar
[INFO] Downloading from repo.jenkins-ci.org: https://repo.jenkins-ci.org/public/junit/junit/3.8.1/junit-3.8.1.jar
[INFO] Downloading from repo.jenkins-ci.org: https://repo.jenkins-ci.org/public/org/apache/maven/maven-repository-metadata/2.0/maven-repository-metadata-2.0.jar
[INFO] Downloading from repo.jenkins-ci.org: https://repo.jenkins-ci.org/public/org/apache/maven/maven-error-diagnostics/2.0/maven-error-diagnostics-2.0.jar
[INFO] Downloading from repo.jenkins-ci.org: https://repo.jenkins-ci.org/public/org/apache/maven/maven-project/2.0/maven-project-2.0.jar
[INFO] Downloading from repo.jenkins-ci.org: https://repo.jenkins-ci.org/public/org/apache/maven/maven-plugin-registry/2.0/maven-plugin-registry-2.0.jar
[INFO] Downloading from repo.jenkins-ci.org: https://repo.jenkins-ci.org/public/org/apache/maven/maven-plugin-descriptor/2.0/maven-plugin-descriptor-2.0.jar
[INFO] Downloading from repo.jenkins-ci.org: https://repo.jenkins-ci.org/public/org/apache/maven/maven-artifact-manager/2.0/maven-artifact-manager-2.0.jar
[INFO] Downloading from repo.jenkins-ci.org: https://repo.jenkins-ci.org/public/org/apache/maven/maven-monitor/2.0/maven-monitor-2.0.jar
[INFO] Downloading from repo.jenkins-ci.org: https://repo.jenkins-ci.org/public/org/codehaus/plexus/plexus-utils/1.0.4/plexus-utils-1.0.4.jar
[INFO] Downloading from repo.jenkins-ci.org: https://repo.jenkins-ci.org/public/org/codehaus/groovy/groovy-xml/3.0.7/groovy-xml-3.0.7.jar
[INFO] Downloading from repo.jenkins-ci.org: https://repo.jenkins-ci.org/public/org/codehaus/groovy/groovy/3.0.7/groovy-3.0.7.jar
[INFO] Downloading from incrementals: https://repo.jenkins-ci.org/incrementals/org/apache/maven/maven-plugin-api/2.0/maven-plugin-api-2.0.jar
[INFO] Downloading from incrementals: https://repo.jenkins-ci.org/incrementals/org/apache/maven/maven-core/2.0/maven-core-2.0.jar
[INFO] Downloading from incrementals: https://repo.jenkins-ci.org/incrementals/org/apache/maven/maven-settings/2.0/maven-settings-2.0.jar
[INFO] Downloading from incrementals: https://repo.jenkins-ci.org/incrementals/org/apache/maven/maven-plugin-parameter-documenter/2.0/maven-plugin-parameter-documenter-2.0.jar
[INFO] Downloading from incrementals: https://repo.jenkins-ci.org/incrementals/org/apache/maven/reporting/maven-reporting-api/2.0/maven-reporting-api-2.0.jar
[INFO] Downloading from incrementals: https://repo.jenkins-ci.org/incrementals/doxia/doxia-sink-api/1.0-alpha-4/doxia-sink-api-1.0-alpha-4.jar
[INFO] Downloading from incrementals: https://repo.jenkins-ci.org/incrementals/org/apache/maven/maven-profile/2.0/maven-profile-2.0.jar
[INFO] Downloading from incrementals: https://repo.jenkins-ci.org/incrementals/org/apache/maven/maven-model/2.0/maven-model-2.0.jar
[INFO] Downloading from incrementals: https://repo.jenkins-ci.org/incrementals/org/apache/maven/maven-artifact/2.0/maven-artifact-2.0.jar
[INFO] Downloading from incrementals: https://repo.jenkins-ci.org/incrementals/org/codehaus/plexus/plexus-container-default/1.0-alpha-8/plexus-container-default-1.0-alpha-8.jar
[INFO] Downloading from incrementals: https://repo.jenkins-ci.org/incrementals/junit/junit/3.8.1/junit-3.8.1.jar
[INFO] Downloading from incrementals: https://repo.jenkins-ci.org/incrementals/org/apache/maven/maven-repository-metadata/2.0/maven-repository-metadata-2.0.jar
[INFO] Downloading from incrementals: https://repo.jenkins-ci.org/incrementals/org/apache/maven/maven-error-diagnostics/2.0/maven-error-diagnostics-2.0.jar
[INFO] Downloading from incrementals: https://repo.jenkins-ci.org/incrementals/org/apache/maven/maven-project/2.0/maven-project-2.0.jar
[INFO] Downloading from incrementals: https://repo.jenkins-ci.org/incrementals/org/apache/maven/maven-plugin-registry/2.0/maven-plugin-registry-2.0.jar
[INFO] Downloading from incrementals: https://repo.jenkins-ci.org/incrementals/org/apache/maven/maven-plugin-descriptor/2.0/maven-plugin-descriptor-2.0.jar
[INFO] Downloading from incrementals: https://repo.jenkins-ci.org/incrementals/org/apache/maven/maven-artifact-manager/2.0/maven-artifact-manager-2.0.jar
[INFO] Downloading from incrementals: https://repo.jenkins-ci.org/incrementals/org/apache/maven/maven-monitor/2.0/maven-monitor-2.0.jar
[INFO] Downloading from incrementals: https://repo.jenkins-ci.org/incrementals/org/codehaus/plexus/plexus-utils/1.0.4/plexus-utils-1.0.4.jar
[INFO] Downloading from incrementals: https://repo.jenkins-ci.org/incrementals/org/codehaus/groovy/groovy-xml/3.0.7/groovy-xml-3.0.7.jar
[INFO] Downloading from incrementals: https://repo.jenkins-ci.org/incrementals/org/codehaus/groovy/groovy/3.0.7/groovy-3.0.7.jar
[INFO] Downloading from central: https://repo.maven.apache.org/maven2/org/apache/maven/maven-plugin-api/2.0/maven-plugin-api-2.0.jar
[INFO] Downloaded from central: https://repo.maven.apache.org/maven2/org/apache/maven/maven-plugin-api/2.0/maven-plugin-api-2.0.jar (10 kB at 563 kB/s)
[INFO] Downloading from central: https://repo.maven.apache.org/maven2/org/apache/maven/maven-core/2.0/maven-core-2.0.jar
[INFO] Downloading from central: https://repo.maven.apache.org/maven2/org/apache/maven/maven-settings/2.0/maven-settings-2.0.jar
[INFO] Downloading from central: https://repo.maven.apache.org/maven2/org/apache/maven/maven-plugin-parameter-documenter/2.0/maven-plugin-parameter-documenter-2.0.jar
[INFO] Downloading from central: https://repo.maven.apache.org/maven2/org/apache/maven/reporting/maven-reporting-api/2.0/maven-reporting-api-2.0.jar
[INFO] Downloading from central: https://repo.maven.apache.org/maven2/doxia/doxia-sink-api/1.0-alpha-4/doxia-sink-api-1.0-alpha-4.jar
[INFO] Downloaded from central: https://repo.maven.apache.org/maven2/org/apache/maven/maven-core/2.0/maven-core-2.0.jar (136 kB at 4.0 MB/s)
[INFO] Downloading from central: https://repo.maven.apache.org/maven2/org/apache/maven/maven-profile/2.0/maven-profile-2.0.jar
[INFO] Downloaded from central: https://repo.maven.apache.org/maven2/org/apache/maven/maven-plugin-parameter-documenter/2.0/maven-plugin-parameter-documenter-2.0.jar (18 kB at 367 kB/s)
[INFO] Downloading from central: https://repo.maven.apache.org/maven2/org/apache/maven/maven-model/2.0/maven-model-2.0.jar
[INFO] Downloaded from central: https://repo.maven.apache.org/maven2/org/apache/maven/maven-profile/2.0/maven-profile-2.0.jar (30 kB at 608 kB/s)
[INFO] Downloading from central: https://repo.maven.apache.org/maven2/org/apache/maven/maven-artifact/2.0/maven-artifact-2.0.jar
[INFO] Downloaded from central: https://repo.maven.apache.org/maven2/doxia/doxia-sink-api/1.0-alpha-4/doxia-sink-api-1.0-alpha-4.jar (4.3 kB at 81 kB/s)
[INFO] Downloading from central: https://repo.maven.apache.org/maven2/org/codehaus/plexus/plexus-container-default/1.0-alpha-8/plexus-container-default-1.0-alpha-8.jar
[INFO] Downloaded from central: https://repo.maven.apache.org/maven2/org/apache/maven/reporting/maven-reporting-api/2.0/maven-reporting-api-2.0.jar (6.6 kB at 109 kB/s)
[INFO] Downloading from central: https://repo.maven.apache.org/maven2/junit/junit/3.8.1/junit-3.8.1.jar
[INFO] Downloaded from central: https://repo.maven.apache.org/maven2/org/apache/maven/maven-settings/2.0/maven-settings-2.0.jar (43 kB at 666 kB/s)
[INFO] Downloading from central: https://repo.maven.apache.org/maven2/org/apache/maven/maven-repository-metadata/2.0/maven-repository-metadata-2.0.jar
[INFO] Downloaded from central: https://repo.maven.apache.org/maven2/org/apache/maven/maven-artifact/2.0/maven-artifact-2.0.jar (79 kB at 1.1 MB/s)
[INFO] Downloading from central: https://repo.maven.apache.org/maven2/org/apache/maven/maven-error-diagnostics/2.0/maven-error-diagnostics-2.0.jar
[INFO] Downloaded from central: https://repo.maven.apache.org/maven2/org/apache/maven/maven-model/2.0/maven-model-2.0.jar (78 kB at 1.1 MB/s)
[INFO] Downloading from central: https://repo.maven.apache.org/maven2/org/apache/maven/maven-project/2.0/maven-project-2.0.jar
[INFO] Downloaded from central: https://repo.maven.apache.org/maven2/org/apache/maven/maven-repository-metadata/2.0/maven-repository-metadata-2.0.jar (21 kB at 261 kB/s)
[INFO] Downloading from central: https://repo.maven.apache.org/maven2/org/apache/maven/maven-plugin-registry/2.0/maven-plugin-registry-2.0.jar
[INFO] Downloaded from central: https://repo.maven.apache.org/maven2/org/codehaus/plexus/plexus-container-default/1.0-alpha-8/plexus-container-default-1.0-alpha-8.jar (195 kB at 2.3 MB/s)
[INFO] Downloading from central: https://repo.maven.apache.org/maven2/org/apache/maven/maven-plugin-descriptor/2.0/maven-plugin-descriptor-2.0.jar
[INFO] Downloaded from central: https://repo.maven.apache.org/maven2/org/apache/maven/maven-error-diagnostics/2.0/maven-error-diagnostics-2.0.jar (10 kB at 118 kB/s)
[INFO] Downloading from central: https://repo.maven.apache.org/maven2/org/apache/maven/maven-artifact-manager/2.0/maven-artifact-manager-2.0.jar
[INFO] Downloaded from central: https://repo.maven.apache.org/maven2/junit/junit/3.8.1/junit-3.8.1.jar (121 kB at 1.4 MB/s)
[INFO] Downloading from central: https://repo.maven.apache.org/maven2/org/apache/maven/maven-monitor/2.0/maven-monitor-2.0.jar
[INFO] Downloaded from central: https://repo.maven.apache.org/maven2/org/apache/maven/maven-project/2.0/maven-project-2.0.jar (105 kB at 1.1 MB/s)
[INFO] Downloading from central: https://repo.maven.apache.org/maven2/org/codehaus/plexus/plexus-utils/1.0.4/plexus-utils-1.0.4.jar
[INFO] Downloaded from central: https://repo.maven.apache.org/maven2/org/apache/maven/maven-plugin-registry/2.0/maven-plugin-registry-2.0.jar (25 kB at 268 kB/s)
[INFO] Downloading from central: https://repo.maven.apache.org/maven2/org/codehaus/groovy/groovy-xml/3.0.7/groovy-xml-3.0.7.jar
[INFO] Downloaded from central: https://repo.maven.apache.org/maven2/org/apache/maven/maven-artifact-manager/2.0/maven-artifact-manager-2.0.jar (51 kB at 482 kB/s)
[INFO] Downloading from central: https://repo.maven.apache.org/maven2/org/codehaus/groovy/groovy/3.0.7/groovy-3.0.7.jar
[INFO] Downloaded from central: https://repo.maven.apache.org/maven2/org/apache/maven/maven-plugin-descriptor/2.0/maven-plugin-descriptor-2.0.jar (33 kB at 315 kB/s)
[INFO] Downloaded from central: https://repo.maven.apache.org/maven2/org/apache/maven/maven-monitor/2.0/maven-monitor-2.0.jar (7.6 kB at 72 kB/s)
[INFO] Downloaded from central: https://repo.maven.apache.org/maven2/org/codehaus/plexus/plexus-utils/1.0.4/plexus-utils-1.0.4.jar (164 kB at 1.4 MB/s)
[INFO] Downloaded from central: https://repo.maven.apache.org/maven2/org/codehaus/groovy/groovy-xml/3.0.7/groovy-xml-3.0.7.jar (293 kB at 2.2 MB/s)
[INFO] Downloaded from central: https://repo.maven.apache.org/maven2/org/codehaus/groovy/groovy/3.0.7/groovy-3.0.7.jar (7.9 MB at 20 MB/s)
[INFO] ------------------------------------------------------------------------
[INFO] BUILD FAILURE
[INFO] ------------------------------------------------------------------------
[INFO] Total time:  20.624 s
[INFO] Finished at: 2026-04-27T14:19:29Z
[INFO] ------------------------------------------------------------------------
[WARNING] 
[WARNING] Plugin validation issues were detected in 12 plugin(s)
[WARNING] 
[WARNING]  * org.apache.maven.plugins:maven-compiler-plugin:3.8.1
[WARNING]  * org.jenkins-ci.tools:maven-hpi-plugin:3.17
[WARNING]  * org.apache.maven.plugins:maven-antrun-plugin:3.0.0
[WARNING]  * org.codehaus.mojo:animal-sniffer-maven-plugin:1.20
[WARNING]  * org.apache.maven.plugins:maven-enforcer-plugin:3.0.0-M3
[WARNING]  * org.kohsuke:access-modifier-checker:1.21
[WARNING]  * org.apache.maven.plugins:maven-resources-plugin:3.2.0
[WARNING]  * org.apache.maven.plugins:maven-surefire-plugin:3.0.0-M4
[WARNING]  * org.codehaus.mojo:flatten-maven-plugin:1.2.7
[WARNING]  * com.cloudbees:maven-license-plugin:1.9
[WARNING]  * org.codehaus.gmavenplus:gmavenplus-plugin:1.12.1
[WARNING]  * org.jvnet.localizer:localizer-maven-plugin:1.31
[WARNING] 
[WARNING] For more or less details, use 'maven.plugin.validation' property with one of the values (case insensitive): [BRIEF, DEFAULT, VERBOSE]
[WARNING] 
---------------------------------------------------
constituent[0]: file:/usr/share/java/maven-3/conf/logging/
constituent[1]: file:/usr/share/java/maven-3/lib/plexus-cipher-2.0.jar
constituent[2]: file:/usr/share/java/maven-3/lib/commons-codec-1.11.jar
constituent[3]: file:/usr/share/java/maven-3/lib/maven-compat-3.9.2.jar
constituent[4]: file:/usr/share/java/maven-3/lib/maven-resolver-provider-3.9.2.jar
constituent[5]: file:/usr/share/java/maven-3/lib/maven-plugin-api-3.9.2.jar
constituent[6]: file:/usr/share/java/maven-3/lib/failureaccess-1.0.1.jar
constituent[7]: file:/usr/share/java/maven-3/lib/maven-resolver-connector-basic-1.9.10.jar
constituent[8]: file:/usr/share/java/maven-3/lib/wagon-provider-api-3.5.3.jar
constituent[9]: file:/usr/share/java/maven-3/lib/wagon-http-shared-3.5.3.jar
constituent[10]: file:/usr/share/java/maven-3/lib/maven-shared-utils-3.3.4.jar
constituent[11]: file:/usr/share/java/maven-3/lib/slf4j-api-1.7.36.jar
constituent[12]: file:/usr/share/java/maven-3/lib/maven-resolver-impl-1.9.10.jar
constituent[13]: file:/usr/share/java/maven-3/lib/javax.inject-1.jar
constituent[14]: file:/usr/share/java/maven-3/lib/maven-settings-builder-3.9.2.jar
constituent[15]: file:/usr/share/java/maven-3/lib/commons-cli-1.5.0.jar
constituent[16]: file:/usr/share/java/maven-3/lib/maven-model-builder-3.9.2.jar
constituent[17]: file:/usr/share/java/maven-3/lib/jansi-2.4.0.jar
constituent[18]: file:/usr/share/java/maven-3/lib/commons-lang3-3.12.0.jar
constituent[19]: file:/usr/share/java/maven-3/lib/wagon-file-3.5.3.jar
constituent[20]: file:/usr/share/java/maven-3/lib/aopalliance-1.0.jar
constituent[21]: file:/usr/share/java/maven-3/lib/maven-model-3.9.2.jar
constituent[22]: file:/usr/share/java/maven-3/lib/maven-resolver-named-locks-1.9.10.jar
constituent[23]: file:/usr/share/java/maven-3/lib/plexus-interpolation-1.26.jar
constituent[24]: file:/usr/share/java/maven-3/lib/plexus-utils-3.5.1.jar
constituent[25]: file:/usr/share/java/maven-3/lib/httpclient-4.5.14.jar
constituent[26]: file:/usr/share/java/maven-3/lib/maven-settings-3.9.2.jar
constituent[27]: file:/usr/share/java/maven-3/lib/maven-resolver-util-1.9.10.jar
constituent[28]: file:/usr/share/java/maven-3/lib/maven-repository-metadata-3.9.2.jar
constituent[29]: file:/usr/share/java/maven-3/lib/org.eclipse.sisu.plexus-0.3.5.jar
constituent[30]: file:/usr/share/java/maven-3/lib/maven-resolver-transport-wagon-1.9.10.jar
constituent[31]: file:/usr/share/java/maven-3/lib/maven-resolver-spi-1.9.10.jar
constituent[32]: file:/usr/share/java/maven-3/lib/plexus-component-annotations-2.1.0.jar
constituent[33]: file:/usr/share/java/maven-3/lib/maven-resolver-api-1.9.10.jar
constituent[34]: file:/usr/share/java/maven-3/lib/maven-resolver-transport-http-1.9.10.jar
constituent[35]: file:/usr/share/java/maven-3/lib/plexus-sec-dispatcher-2.0.jar
constituent[36]: file:/usr/share/java/maven-3/lib/jcl-over-slf4j-1.7.36.jar
constituent[37]: file:/usr/share/java/maven-3/lib/guava-31.1-jre.jar
constituent[38]: file:/usr/share/java/maven-3/lib/maven-resolver-transport-file-1.9.10.jar
constituent[39]: file:/usr/share/java/maven-3/lib/maven-core-3.9.2.jar
constituent[40]: file:/usr/share/java/maven-3/lib/guice-5.1.0.jar
constituent[41]: file:/usr/share/java/maven-3/lib/javax.annotation-api-1.3.2.jar
constituent[42]: file:/usr/share/java/maven-3/lib/maven-artifact-3.9.2.jar
constituent[43]: file:/usr/share/java/maven-3/lib/maven-slf4j-provider-3.9.2.jar
constituent[44]: file:/usr/share/java/maven-3/lib/maven-builder-support-3.9.2.jar
constituent[45]: file:/usr/share/java/maven-3/lib/org.eclipse.sisu.inject-0.3.5.jar
constituent[46]: file:/usr/share/java/maven-3/lib/httpcore-4.4.16.jar
constituent[47]: file:/usr/share/java/maven-3/lib/wagon-http-3.5.3.jar
constituent[48]: file:/usr/share/java/maven-3/lib/maven-embedder-3.9.2.jar
---------------------------------------------------
Exception in thread "main" BUG! exception in phase 'semantic analysis' in source unit 'inlineScript' Unsupported class file major version 61
	at org.codehaus.groovy.control.CompilationUnit$ISourceUnitOperation.doPhaseOperation(CompilationUnit.java:905)
	at org.codehaus.groovy.control.CompilationUnit.compile(CompilationUnit.java:627)
	at groovy.lang.GroovyClassLoader.doParseClass(GroovyClassLoader.java:389)
	at groovy.lang.GroovyClassLoader.lambda$parseClass$3(GroovyClassLoader.java:332)
	at org.codehaus.groovy.runtime.memoize.StampedCommonCache.compute(StampedCommonCache.java:163)
	at org.codehaus.groovy.runtime.memoize.StampedCommonCache.getAndPut(StampedCommonCache.java:154)
	at groovy.lang.GroovyClassLoader.parseClass(GroovyClassLoader.java:330)
	at groovy.lang.GroovyShell.parseClass(GroovyShell.java:526)
	at groovy.lang.GroovyShell.parse(GroovyShell.java:538)
	at groovy.lang.GroovyShell.parse(GroovyShell.java:570)
	at com.cloudbees.maven.license.ProcessMojo.execute(ProcessMojo.java:167)
	at org.apache.maven.plugin.DefaultBuildPluginManager.executeMojo(DefaultBuildPluginManager.java:126)
	at org.apache.maven.lifecycle.internal.MojoExecutor.doExecute2(MojoExecutor.java:342)
	at org.apache.maven.lifecycle.internal.MojoExecutor.doExecute(MojoExecutor.java:330)
	at org.apache.maven.lifecycle.internal.MojoExecutor.execute(MojoExecutor.java:213)
	at org.apache.maven.lifecycle.internal.MojoExecutor.execute(MojoExecutor.java:175)
	at org.apache.maven.lifecycle.internal.MojoExecutor.access$000(MojoExecutor.java:76)
	at org.apache.maven.lifecycle.internal.MojoExecutor$1.run(MojoExecutor.java:163)
	at org.apache.maven.plugin.DefaultMojosExecutionStrategy.execute(DefaultMojosExecutionStrategy.java:39)
	at org.apache.maven.lifecycle.internal.MojoExecutor.execute(MojoExecutor.java:160)
	at org.apache.maven.lifecycle.internal.LifecycleModuleBuilder.buildProject(LifecycleModuleBuilder.java:105)
	at org.apache.maven.lifecycle.internal.LifecycleModuleBuilder.buildProject(LifecycleModuleBuilder.java:73)
	at org.apache.maven.lifecycle.internal.builder.singlethreaded.SingleThreadedBuilder.build(SingleThreadedBuilder.java:53)
	at org.apache.maven.lifecycle.internal.LifecycleStarter.execute(LifecycleStarter.java:118)
	at org.apache.maven.DefaultMaven.doExecute(DefaultMaven.java:261)
	at org.apache.maven.DefaultMaven.doExecute(DefaultMaven.java:173)
	at org.apache.maven.DefaultMaven.execute(DefaultMaven.java:101)
	at org.apache.maven.cli.MavenCli.execute(MavenCli.java:910)
	at org.apache.maven.cli.MavenCli.doMain(MavenCli.java:283)
	at org.apache.maven.cli.MavenCli.main(MavenCli.java:206)
	at java.base/jdk.internal.reflect.NativeMethodAccessorImpl.invoke0(Native Method)
	at java.base/jdk.internal.reflect.NativeMethodAccessorImpl.invoke(NativeMethodAccessorImpl.java:77)
	at java.base/jdk.internal.reflect.DelegatingMethodAccessorImpl.invoke(DelegatingMethodAccessorImpl.java:43)
	at java.base/java.lang.reflect.Method.invoke(Method.java:569)
	at org.codehaus.plexus.classworlds.launcher.Launcher.launchEnhanced(Launcher.java:283)
	at org.codehaus.plexus.classworlds.launcher.Launcher.launch(Launcher.java:226)
	at org.codehaus.plexus.classworlds.launcher.Launcher.mainWithExitCode(Launcher.java:407)
	at org.codehaus.plexus.classworlds.launcher.Launcher.main(Launcher.java:348)
Caused by: java.lang.IllegalArgumentException: Unsupported class file major version 61
	at groovyjarjarasm.asm.ClassReader.<init>(ClassReader.java:189)
	at groovyjarjarasm.asm.ClassReader.<init>(ClassReader.java:170)
	at groovyjarjarasm.asm.ClassReader.<init>(ClassReader.java:156)
	at groovyjarjarasm.asm.ClassReader.<init>(ClassReader.java:277)
	at org.codehaus.groovy.ast.decompiled.AsmDecompiler.parseClass(AsmDecompiler.java:81)
	at org.codehaus.groovy.control.ClassNodeResolver.findDecompiled(ClassNodeResolver.java:251)
	at org.codehaus.groovy.control.ClassNodeResolver.tryAsLoaderClassOrScript(ClassNodeResolver.java:189)
	at org.codehaus.groovy.control.ClassNodeResolver.findClassNode(ClassNodeResolver.java:169)
	at org.codehaus.groovy.control.ClassNodeResolver.resolveName(ClassNodeResolver.java:125)
	at org.codehaus.groovy.control.ResolveVisitor.resolveToOuter(ResolveVisitor.java:871)
	at org.codehaus.groovy.control.ResolveVisitor.resolve(ResolveVisitor.java:506)
	at org.codehaus.groovy.control.ResolveVisitor.resolveFromDefaultImports(ResolveVisitor.java:663)
	at org.codehaus.groovy.control.ResolveVisitor.resolveFromDefaultImports(ResolveVisitor.java:626)
	at org.codehaus.groovy.control.ResolveVisitor.resolve(ResolveVisitor.java:505)
	at org.codehaus.groovy.control.ResolveVisitor.resolve(ResolveVisitor.java:468)
	at org.codehaus.groovy.control.ResolveVisitor.resolveOrFail(ResolveVisitor.java:338)
	at org.codehaus.groovy.control.ResolveVisitor.resolveOrFail(ResolveVisitor.java:330)
	at org.codehaus.groovy.control.ResolveVisitor.resolveOrFail(ResolveVisitor.java:326)
	at org.codehaus.groovy.control.ResolveVisitor.transform(ResolveVisitor.java:906)
	at org.codehaus.groovy.control.ResolveVisitor.transformDeclarationExpression(ResolveVisitor.java:1301)
	at org.codehaus.groovy.control.ResolveVisitor.transform(ResolveVisitor.java:894)
	at org.codehaus.groovy.ast.ClassCodeExpressionTransformer.visitExpressionStatement(ClassCodeExpressionTransformer.java:108)
	at org.codehaus.groovy.ast.stmt.ExpressionStatement.visit(ExpressionStatement.java:40)
	at org.codehaus.groovy.ast.CodeVisitorSupport.visitBlockStatement(CodeVisitorSupport.java:86)
	at org.codehaus.groovy.ast.ClassCodeVisitorSupport.visitBlockStatement(ClassCodeVisitorSupport.java:164)
	at org.codehaus.groovy.control.ResolveVisitor.visitBlockStatement(ResolveVisitor.java:1564)
	at org.codehaus.groovy.ast.stmt.BlockStatement.visit(BlockStatement.java:69)
	at org.codehaus.groovy.control.ResolveVisitor.transformClosureExpression(ResolveVisitor.java:1227)
	at org.codehaus.groovy.control.ResolveVisitor.transform(ResolveVisitor.java:900)
	at org.codehaus.groovy.ast.expr.Expression.transformExpressions(Expression.java:49)
	at org.codehaus.groovy.ast.expr.ArgumentListExpression.transformExpression(ArgumentListExpression.java:66)
	at org.codehaus.groovy.control.ResolveVisitor.transform(ResolveVisitor.java:907)
	at org.codehaus.groovy.control.ResolveVisitor.transformMethodCallExpression(ResolveVisitor.java:1275)
	at org.codehaus.groovy.control.ResolveVisitor.transform(ResolveVisitor.java:898)
	at org.codehaus.groovy.ast.ClassCodeExpressionTransformer.visitExpressionStatement(ClassCodeExpressionTransformer.java:108)
	at org.codehaus.groovy.ast.stmt.ExpressionStatement.visit(ExpressionStatement.java:40)
	at org.codehaus.groovy.ast.CodeVisitorSupport.visitBlockStatement(CodeVisitorSupport.java:86)
	at org.codehaus.groovy.ast.ClassCodeVisitorSupport.visitBlockStatement(ClassCodeVisitorSupport.java:164)
	at org.codehaus.groovy.control.ResolveVisitor.visitBlockStatement(ResolveVisitor.java:1564)
	at org.codehaus.groovy.ast.stmt.BlockStatement.visit(BlockStatement.java:69)
	at org.codehaus.groovy.ast.ClassCodeVisitorSupport.visitClassCodeContainer(ClassCodeVisitorSupport.java:138)
	at org.codehaus.groovy.ast.ClassCodeVisitorSupport.visitConstructorOrMethod(ClassCodeVisitorSupport.java:111)
	at org.codehaus.groovy.ast.ClassCodeExpressionTransformer.visitConstructorOrMethod(ClassCodeExpressionTransformer.java:66)
	at org.codehaus.groovy.control.ResolveVisitor.visitConstructorOrMethod(ResolveVisitor.java:294)
	at org.codehaus.groovy.ast.ClassCodeVisitorSupport.visitMethod(ClassCodeVisitorSupport.java:106)
	at org.codehaus.groovy.ast.ClassNode.visitMethods(ClassNode.java:1099)
	at org.codehaus.groovy.ast.ClassNode.visitContents(ClassNode.java:1092)
	at org.codehaus.groovy.ast.ClassCodeVisitorSupport.visitClass(ClassCodeVisitorSupport.java:52)
	at org.codehaus.groovy.control.ResolveVisitor.visitClass(ResolveVisitor.java:1473)
	at org.codehaus.groovy.control.ResolveVisitor.startResolving(ResolveVisitor.java:262)
	at org.codehaus.groovy.control.CompilationUnit.lambda$new$16(CompilationUnit.java:738)
	at org.codehaus.groovy.control.CompilationUnit$ISourceUnitOperation.doPhaseOperation(CompilationUnit.java:901)
	... 37 more

