[WARNING] Unable to find the root directory. Create a .mvn directory in the root directory or add the root="true" attribute on the root project's model to identify it.
[INFO] Scanning for projects...
[INFO] Loaded 22634 auto-discovered prefixes for remote repository central (prefixes-central.txt)
[INFO] Loaded 22629 auto-discovered prefixes for remote repository google-maven-central-copy (prefixes-google-maven-central-copy-618f292136d6a9d006041d40d67cd906e4edc388.txt)
[INFO] Loaded 22634 auto-discovered prefixes for remote repository maven-central (prefixes-maven-central-de66ab544dabb92499170649134bc3bd0ea8afac.txt)
[INFO] Loaded 74 auto-discovered prefixes for remote repository apache.snapshots (prefixes-apache.snapshots-c1d4c55f9308e5ac18a4069bed41dca64d85c515.txt)
[ERROR] Some problems were encountered while processing the POMs
[ERROR] The build could not read 2 projects -> [Help 1]
[ERROR]   
[ERROR]   The project com.google.cloud:google-cloud-resource-settings:1.20.0-SNAPSHOT (/google-cloud-java/java-resource-settings/google-cloud-resource-settings/pom.xml) has 3 errors
[ERROR]     'dependencies.dependency.(groupId:artifactId:type:classifier)' must be unique: com.google.api:gax-httpjson:jar -> duplicate declaration of version (?) @ line 64, column 5
[ERROR]     'dependencies.dependency.(groupId:artifactId:type:classifier)' must be unique: com.google.api:gax:jar:testlib -> duplicate declaration of version (?) @ line 92, column 5
[ERROR]     'dependencies.dependency.(groupId:artifactId:type:classifier)' must be unique: com.google.api:gax-httpjson:jar:testlib -> duplicate declaration of version (?) @ line 110, column 5
[ERROR]   
[ERROR]   The project com.google.cloud:google-cloud-java:0.201.0 (/google-cloud-java/pom.xml) has 3 errors
[ERROR]     'dependencies.dependency.(groupId:artifactId:type:classifier)' must be unique: com.google.api:gax-httpjson:jar -> duplicate declaration of version (?) @ com.google.cloud:google-cloud-resource-settings:1.20.0-SNAPSHOT, file:///google-cloud-java/java-resource-settings/google-cloud-resource-settings/pom.xml, line 64, column 5
[ERROR]     'dependencies.dependency.(groupId:artifactId:type:classifier)' must be unique: com.google.api:gax:jar:testlib -> duplicate declaration of version (?) @ com.google.cloud:google-cloud-resource-settings:1.20.0-SNAPSHOT, file:///google-cloud-java/java-resource-settings/google-cloud-resource-settings/pom.xml, line 92, column 5
[ERROR]     'dependencies.dependency.(groupId:artifactId:type:classifier)' must be unique: com.google.api:gax-httpjson:jar:testlib -> duplicate declaration of version (?) @ com.google.cloud:google-cloud-resource-settings:1.20.0-SNAPSHOT, file:///google-cloud-java/java-resource-settings/google-cloud-resource-settings/pom.xml, line 110, column 5
[ERROR] 
[ERROR] To see the full stack trace of the errors, re-run Maven with the '-e' switch
[ERROR] Re-run Maven using the '-X' switch to enable verbose output
[ERROR] 
[ERROR] For more information about the errors and possible solutions, please read the following articles:
[ERROR] [Help 1] http://cwiki.apache.org/confluence/display/MAVEN/ProjectBuildingException
