[INFO] Scanning for projects...
[INFO] Loaded 22634 auto-discovered prefixes for remote repository central (prefixes-central.txt)
[INFO] Loaded 74 auto-discovered prefixes for remote repository apache.snapshots (prefixes-apache.snapshots-c1d4c55f9308e5ac18a4069bed41dca64d85c515.txt)
[WARNING] Could not transfer metadata /.meta/prefixes.txt from/to mavengems-51da717cfb6c8ccc8113d76d8e4a2aaa714a0f55 (mavengem:https://rubygems.org): Cannot access mavengem:https://rubygems.org with type default using the available connector factories: BasicRepositoryConnectorFactory
[INFO] Downloading from central: https://repo.maven.apache.org/maven2/org/apache/maven/wagon/wagon-provider-api/1.0-beta-2/wagon-provider-api-1.0-beta-2.pom
[INFO] Downloading from central: https://repo.maven.apache.org/maven2/org/apache/maven/wagon/wagon-http-lightweight/1.0-beta-2/wagon-http-lightweight-1.0-beta-2.pom
[INFO] Downloading from central: https://repo.maven.apache.org/maven2/org/apache/maven/wagon/wagon-ssh-external/1.0-beta-2/wagon-ssh-external-1.0-beta-2.pom
[INFO] Downloading from central: https://repo.maven.apache.org/maven2/org/apache/maven/wagon/wagon-file/1.0-beta-2/wagon-file-1.0-beta-2.pom
[INFO] Downloading from central: https://repo.maven.apache.org/maven2/org/apache/maven/wagon/wagon-ssh/1.0-beta-2/wagon-ssh-1.0-beta-2.pom
[INFO] Downloaded from central: https://repo.maven.apache.org/maven2/org/apache/maven/wagon/wagon-provider-api/1.0-beta-2/wagon-provider-api-1.0-beta-2.pom (680 B at 9223372037 GB/s)
[INFO] Downloaded from central: https://repo.maven.apache.org/maven2/org/apache/maven/wagon/wagon-ssh-external/1.0-beta-2/wagon-ssh-external-1.0-beta-2.pom (1.5 kB at 9223372037 GB/s)
[INFO] Downloaded from central: https://repo.maven.apache.org/maven2/org/apache/maven/wagon/wagon-file/1.0-beta-2/wagon-file-1.0-beta-2.pom (637 B at 9223372037 GB/s)
[INFO] Downloaded from central: https://repo.maven.apache.org/maven2/org/apache/maven/wagon/wagon-http-lightweight/1.0-beta-2/wagon-http-lightweight-1.0-beta-2.pom (1.4 kB at 9223372037 GB/s)
[INFO] Downloading from central: https://repo.maven.apache.org/maven2/org/apache/maven/wagon/wagon/1.0-beta-2/wagon-1.0-beta-2.pom
[INFO] Downloading from central: https://repo.maven.apache.org/maven2/org/apache/maven/wagon/wagon-providers/1.0-beta-2/wagon-providers-1.0-beta-2.pom
[INFO] Downloaded from central: https://repo.maven.apache.org/maven2/org/apache/maven/wagon/wagon-ssh/1.0-beta-2/wagon-ssh-1.0-beta-2.pom (1.7 kB at 9223372037 GB/s)
[INFO] Downloaded from central: https://repo.maven.apache.org/maven2/org/apache/maven/wagon/wagon-providers/1.0-beta-2/wagon-providers-1.0-beta-2.pom (1.8 kB at 9223372037 GB/s)
[INFO] Downloaded from central: https://repo.maven.apache.org/maven2/org/apache/maven/wagon/wagon/1.0-beta-2/wagon-1.0-beta-2.pom (5.9 kB at 9223372037 GB/s)
[INFO] Downloading from central: https://repo.maven.apache.org/maven2/org/apache/maven/maven-parent/4/maven-parent-4.pom
[INFO] Downloaded from central: https://repo.maven.apache.org/maven2/org/apache/maven/maven-parent/4/maven-parent-4.pom (10.0 kB at 9223372037 GB/s)
[INFO] Downloading from central: https://repo.maven.apache.org/maven2/org/apache/maven/wagon/wagon-http-shared/1.0-beta-2/wagon-http-shared-1.0-beta-2.pom
[INFO] Downloading from central: https://repo.maven.apache.org/maven2/xml-apis/xml-apis/1.0.b2/xml-apis-1.0.b2.pom
[INFO] Downloading from central: https://repo.maven.apache.org/maven2/org/apache/maven/wagon/wagon-ssh-common/1.0-beta-2/wagon-ssh-common-1.0-beta-2.pom
[INFO] Downloading from central: https://repo.maven.apache.org/maven2/com/jcraft/jsch/0.1.27/jsch-0.1.27.pom
[INFO] Downloaded from central: https://repo.maven.apache.org/maven2/org/apache/maven/wagon/wagon-http-shared/1.0-beta-2/wagon-http-shared-1.0-beta-2.pom (845 B at 9223372037 GB/s)
[INFO] Downloaded from central: https://repo.maven.apache.org/maven2/xml-apis/xml-apis/1.0.b2/xml-apis-1.0.b2.pom (2.2 kB at 9223372037 GB/s)
[INFO] Downloading from central: https://repo.maven.apache.org/maven2/jtidy/jtidy/4aug2000r7-dev/jtidy-4aug2000r7-dev.pom
[INFO] Downloaded from central: https://repo.maven.apache.org/maven2/org/apache/maven/wagon/wagon-ssh-common/1.0-beta-2/wagon-ssh-common-1.0-beta-2.pom (851 B at 9223372037 GB/s)
[INFO] Downloaded from central: https://repo.maven.apache.org/maven2/com/jcraft/jsch/0.1.27/jsch-0.1.27.pom (965 B at 9223372037 GB/s)
[INFO] Downloaded from central: https://repo.maven.apache.org/maven2/jtidy/jtidy/4aug2000r7-dev/jtidy-4aug2000r7-dev.pom (1.3 kB at 9223372037 GB/s)
[INFO] Downloading from central: https://repo.maven.apache.org/maven2/plexus/plexus-utils/1.0.2/plexus-utils-1.0.2.pom
[INFO] Downloaded from central: https://repo.maven.apache.org/maven2/plexus/plexus-utils/1.0.2/plexus-utils-1.0.2.pom (740 B at 9223372037 GB/s)
[INFO] Downloading from central: https://repo.maven.apache.org/maven2/plexus/plexus-root/1.0.3/plexus-root-1.0.3.pom
[INFO] Downloaded from central: https://repo.maven.apache.org/maven2/plexus/plexus-root/1.0.3/plexus-root-1.0.3.pom (6.0 kB at 9223372037 GB/s)
[INFO] Downloading from central: https://repo.maven.apache.org/maven2/org/apache/maven/wagon/wagon-file/1.0-beta-2/wagon-file-1.0-beta-2.jar
[INFO] Downloaded from central: https://repo.maven.apache.org/maven2/org/apache/maven/wagon/wagon-file/1.0-beta-2/wagon-file-1.0-beta-2.jar (9.9 kB at 9223372037 GB/s)
[INFO] Downloading from central: https://repo.maven.apache.org/maven2/org/apache/maven/wagon/wagon-provider-api/1.0-beta-2/wagon-provider-api-1.0-beta-2.jar
[INFO] Downloading from central: https://repo.maven.apache.org/maven2/org/apache/maven/wagon/wagon-http-lightweight/1.0-beta-2/wagon-http-lightweight-1.0-beta-2.jar
[INFO] Downloading from central: https://repo.maven.apache.org/maven2/org/apache/maven/wagon/wagon-ssh-external/1.0-beta-2/wagon-ssh-external-1.0-beta-2.jar
[INFO] Downloaded from central: https://repo.maven.apache.org/maven2/org/apache/maven/wagon/wagon-provider-api/1.0-beta-2/wagon-provider-api-1.0-beta-2.jar (46 kB at 9223372037 GB/s)
[INFO] Downloading from central: https://repo.maven.apache.org/maven2/org/apache/maven/wagon/wagon-ssh/1.0-beta-2/wagon-ssh-1.0-beta-2.jar
[INFO] Downloading from central: https://repo.maven.apache.org/maven2/xml-apis/xml-apis/1.0.b2/xml-apis-1.0.b2.jar
[INFO] Downloading from central: https://repo.maven.apache.org/maven2/org/apache/maven/wagon/wagon-http-shared/1.0-beta-2/wagon-http-shared-1.0-beta-2.jar
[INFO] Downloaded from central: https://repo.maven.apache.org/maven2/org/apache/maven/wagon/wagon-ssh/1.0-beta-2/wagon-ssh-1.0-beta-2.jar (24 kB at 9223372037 GB/s)
[INFO] Downloading from central: https://repo.maven.apache.org/maven2/org/apache/maven/wagon/wagon-ssh-common/1.0-beta-2/wagon-ssh-common-1.0-beta-2.jar
[INFO] Downloaded from central: https://repo.maven.apache.org/maven2/org/apache/maven/wagon/wagon-http-lightweight/1.0-beta-2/wagon-http-lightweight-1.0-beta-2.jar (12 kB at 9223372037 GB/s)
[INFO] Downloading from central: https://repo.maven.apache.org/maven2/com/jcraft/jsch/0.1.27/jsch-0.1.27.jar
[INFO] Downloaded from central: https://repo.maven.apache.org/maven2/org/apache/maven/wagon/wagon-ssh-common/1.0-beta-2/wagon-ssh-common-1.0-beta-2.jar (25 kB at 9223372037 GB/s)
[INFO] Downloading from central: https://repo.maven.apache.org/maven2/jtidy/jtidy/4aug2000r7-dev/jtidy-4aug2000r7-dev.jar
[INFO] Downloaded from central: https://repo.maven.apache.org/maven2/org/apache/maven/wagon/wagon-ssh-external/1.0-beta-2/wagon-ssh-external-1.0-beta-2.jar (13 kB at 9223372037 GB/s)
[INFO] Downloaded from central: https://repo.maven.apache.org/maven2/org/apache/maven/wagon/wagon-http-shared/1.0-beta-2/wagon-http-shared-1.0-beta-2.jar (9.6 kB at 9223372037 GB/s)
[INFO] Downloaded from central: https://repo.maven.apache.org/maven2/com/jcraft/jsch/0.1.27/jsch-0.1.27.jar (122 kB at 9223372037 GB/s)
[INFO] Downloaded from central: https://repo.maven.apache.org/maven2/jtidy/jtidy/4aug2000r7-dev/jtidy-4aug2000r7-dev.jar (138 kB at 9223372037 GB/s)
[INFO] Downloaded from central: https://repo.maven.apache.org/maven2/xml-apis/xml-apis/1.0.b2/xml-apis-1.0.b2.jar (109 kB at 9223372037 GB/s)
[INFO] ------------------------------------------------------------------------
[INFO] Reactor Build Order:
[INFO] 
[INFO] Polyglot :: Aggregator                                             [pom]
[INFO] Polyglot :: Common                                          [takari-jar]
[INFO] Polyglot :: Atom                                            [takari-jar]
[INFO] Polyglot :: Maven Plugin                           [takari-maven-plugin]
[INFO] Polyglot :: Ruby                                            [takari-jar]
[INFO] Polyglot :: Scala                                           [takari-jar]
[INFO] Polyglot :: Groovy                                          [takari-jar]
[INFO] Polyglot :: YAML                                            [takari-jar]
[INFO] Polyglot :: Clojure                                         [takari-jar]
[INFO] Polyglot :: XML                                             [takari-jar]
[INFO] Polyglot :: Java                                            [takari-jar]
[INFO] Polyglot :: Kotlin                                          [takari-jar]
[INFO] Polyglot :: Translate Plugin                       [takari-maven-plugin]
[INFO] 
[INFO] --------------------< io.takari.polyglot:polyglot >---------------------
[INFO] Building Polyglot :: Aggregator 0.4.9-SNAPSHOT                    [1/13]
[INFO]   from pom.xml
[INFO] --------------------------------[ pom ]---------------------------------
[INFO] Downloading from central: https://repo.maven.apache.org/maven2/com/google/code/findbugs/jsr305/3.0.1/jsr305-3.0.1.pom
[INFO] Downloaded from central: https://repo.maven.apache.org/maven2/com/google/code/findbugs/jsr305/3.0.1/jsr305-3.0.1.pom (4.3 kB at 9223372037 GB/s)
[INFO] Downloading from central: https://repo.maven.apache.org/maven2/com/google/code/findbugs/jsr305/3.0.1/jsr305-3.0.1.jar
[INFO] Downloaded from central: https://repo.maven.apache.org/maven2/com/google/code/findbugs/jsr305/3.0.1/jsr305-3.0.1.jar (20 kB at 9223372037 GB/s)
[INFO] 
[INFO] --- enforcer:3.0.0-M3:enforce (enforce-versions) @ polyglot ---
[INFO] 
[INFO] --- plexus-component-metadata:2.1.0:generate-metadata (default) @ polyglot ---
[INFO] 
[INFO] --- plexus-component-metadata:2.1.0:generate-test-metadata (default) @ polyglot ---
[INFO] Copying io.takari.polyglot:polyglot:pom:0.4.9-SNAPSHOT to project local repository
[INFO] Copying io.takari.polyglot:polyglot:pom:consumer:0.4.9-SNAPSHOT to project local repository
[INFO] 
[INFO] -----------------< io.takari.polyglot:polyglot-common >-----------------
[INFO] Building Polyglot :: Common 0.4.9-SNAPSHOT                        [2/13]
[INFO]   from polyglot-common/pom.xml
[INFO] -----------------------------[ takari-jar ]-----------------------------
[INFO] 
[INFO] --- takari-lifecycle:1.13.7:update-check (default-update-check) @ polyglot-common ---
[INFO] 
[INFO] --- enforcer:3.0.0-M3:enforce (enforce-versions) @ polyglot-common ---
[INFO] 
[INFO] --- takari-lifecycle:1.13.7:process-resources (default-process-resources) @ polyglot-common ---
[INFO] Incremental build configuration change detected, performing full build
[INFO] 
[INFO] --- takari-lifecycle:1.13.7:compile (default-compile) @ polyglot-common ---
[INFO] Incremental build configuration change detected, performing full build
[INFO] Compiling 18 sources to /polyglot-maven/polyglot-common/target/classes
[INFO] Compiled 18 out of 18 sources (13234 ms)
[INFO] 
[INFO] --- takari-lifecycle:1.13.7:export-package (default-export-package) @ polyglot-common ---
[INFO] Incremental build configuration change detected, performing full build
[INFO] 
[INFO] --- plexus-component-metadata:2.1.0:generate-metadata (default) @ polyglot-common ---
[INFO] Discovered 6 component descriptors(s)
[INFO] 
[INFO] --- takari-lifecycle:1.13.7:process-test-resources (default-process-test-resources) @ polyglot-common ---
[INFO] Incremental build configuration change detected, performing full build
[INFO] 
[INFO] --- takari-lifecycle:1.13.7:testCompile (default-testCompile) @ polyglot-common ---
[INFO] Incremental build configuration change detected, performing full build
[INFO] Compiling 0 sources to /polyglot-maven/polyglot-common/target/test-classes
[INFO] Compiled 0 out of 0 sources (418 ms)
[INFO] 
[INFO] --- plexus-component-metadata:2.1.0:generate-test-metadata (default) @ polyglot-common ---
[INFO] 
[INFO] --- surefire:2.22.0:test (default-test) @ polyglot-common ---
[INFO] Downloading from central: https://repo.maven.apache.org/maven2/org/apache/maven/wagon/wagon-webdav-jackrabbit/1.0-beta-6/wagon-webdav-jackrabbit-1.0-beta-6.pom
[INFO] Downloading from central: https://repo.maven.apache.org/maven2/org/apache/maven/wagon/wagon-http/1.0-beta-6/wagon-http-1.0-beta-6.pom
[INFO] Downloaded from central: https://repo.maven.apache.org/maven2/org/apache/maven/wagon/wagon-http/1.0-beta-6/wagon-http-1.0-beta-6.pom (3.3 kB at 9223372037 GB/s)
[INFO] Downloading from central: https://repo.maven.apache.org/maven2/org/apache/maven/wagon/wagon-providers/1.0-beta-6/wagon-providers-1.0-beta-6.pom
[INFO] Downloaded from central: https://repo.maven.apache.org/maven2/org/apache/maven/wagon/wagon-webdav-jackrabbit/1.0-beta-6/wagon-webdav-jackrabbit-1.0-beta-6.pom (3.5 kB at 9223372037 GB/s)
[INFO] Downloaded from central: https://repo.maven.apache.org/maven2/org/apache/maven/wagon/wagon-providers/1.0-beta-6/wagon-providers-1.0-beta-6.pom (2.1 kB at 9223372037 GB/s)
[INFO] Downloading from central: https://repo.maven.apache.org/maven2/org/apache/maven/wagon/wagon-http-shared/1.0-beta-6/wagon-http-shared-1.0-beta-6.pom
[INFO] Downloading from central: https://repo.maven.apache.org/maven2/org/slf4j/slf4j-nop/1.5.3/slf4j-nop-1.5.3.pom
[INFO] Downloading from central: https://repo.maven.apache.org/maven2/org/apache/jackrabbit/jackrabbit-webdav/1.5.0/jackrabbit-webdav-1.5.0.pom
[INFO] Downloaded from central: https://repo.maven.apache.org/maven2/org/apache/maven/wagon/wagon-http-shared/1.0-beta-6/wagon-http-shared-1.0-beta-6.pom (2.1 kB at 9223372037 GB/s)
[INFO] Downloading from central: https://repo.maven.apache.org/maven2/nekohtml/xercesMinimal/1.9.6.2/xercesMinimal-1.9.6.2.pom
[INFO] Downloaded from central: https://repo.maven.apache.org/maven2/org/slf4j/slf4j-nop/1.5.3/slf4j-nop-1.5.3.pom (1.5 kB at 9223372037 GB/s)
[INFO] Downloading from central: https://repo.maven.apache.org/maven2/nekohtml/nekohtml/1.9.6.2/nekohtml-1.9.6.2.pom
[INFO] Downloaded from central: https://repo.maven.apache.org/maven2/org/apache/jackrabbit/jackrabbit-webdav/1.5.0/jackrabbit-webdav-1.5.0.pom (3.3 kB at 9223372037 GB/s)
[INFO] Downloading from central: https://repo.maven.apache.org/maven2/commons-httpclient/commons-httpclient/3.1/commons-httpclient-3.1.pom
[INFO] Downloaded from central: https://repo.maven.apache.org/maven2/commons-httpclient/commons-httpclient/3.1/commons-httpclient-3.1.pom (7.8 kB at 9223372037 GB/s)
[INFO] Downloading from central: https://repo.maven.apache.org/maven2/org/apache/jackrabbit/jackrabbit-parent/1.5.0/jackrabbit-parent-1.5.0.pom
[INFO] Downloaded from central: https://repo.maven.apache.org/maven2/nekohtml/xercesMinimal/1.9.6.2/xercesMinimal-1.9.6.2.pom (390 B at 9223372037 GB/s)
[INFO] Downloaded from central: https://repo.maven.apache.org/maven2/nekohtml/nekohtml/1.9.6.2/nekohtml-1.9.6.2.pom (704 B at 9223372037 GB/s)
[INFO] Downloaded from central: https://repo.maven.apache.org/maven2/org/apache/jackrabbit/jackrabbit-parent/1.5.0/jackrabbit-parent-1.5.0.pom (25 kB at 9223372037 GB/s)
[INFO] Downloading from central: https://repo.maven.apache.org/maven2/org/apache/jackrabbit/jackrabbit-jcr-commons/1.5.0/jackrabbit-jcr-commons-1.5.0.pom
[INFO] Downloading from central: https://repo.maven.apache.org/maven2/commons-httpclient/commons-httpclient/3.0/commons-httpclient-3.0.pom
[INFO] Downloading from central: https://repo.maven.apache.org/maven2/commons-codec/commons-codec/1.2/commons-codec-1.2.pom
[INFO] Downloaded from central: https://repo.maven.apache.org/maven2/commons-httpclient/commons-httpclient/3.0/commons-httpclient-3.0.pom (8.0 kB at 9223372037 GB/s)
[INFO] Downloaded from central: https://repo.maven.apache.org/maven2/org/apache/jackrabbit/jackrabbit-jcr-commons/1.5.0/jackrabbit-jcr-commons-1.5.0.pom (3.0 kB at 9223372037 GB/s)
[INFO] Downloaded from central: https://repo.maven.apache.org/maven2/commons-codec/commons-codec/1.2/commons-codec-1.2.pom (3.8 kB at 9223372037 GB/s)
[INFO] Downloading from central: https://repo.maven.apache.org/maven2/org/apache/maven/wagon/wagon-http/1.0-beta-6/wagon-http-1.0-beta-6.jar
[INFO] Downloaded from central: https://repo.maven.apache.org/maven2/org/apache/maven/wagon/wagon-http/1.0-beta-6/wagon-http-1.0-beta-6.jar (11 kB at 9223372037 GB/s)
[INFO] Downloading from central: https://repo.maven.apache.org/maven2/org/apache/maven/wagon/wagon-webdav-jackrabbit/1.0-beta-6/wagon-webdav-jackrabbit-1.0-beta-6.jar
[INFO] Downloading from central: https://repo.maven.apache.org/maven2/org/apache/maven/wagon/wagon-http-shared/1.0-beta-6/wagon-http-shared-1.0-beta-6.jar
[INFO] Downloading from central: https://repo.maven.apache.org/maven2/org/apache/jackrabbit/jackrabbit-webdav/1.5.0/jackrabbit-webdav-1.5.0.jar
[INFO] Downloading from central: https://repo.maven.apache.org/maven2/org/slf4j/slf4j-nop/1.5.3/slf4j-nop-1.5.3.jar
[INFO] Downloading from central: https://repo.maven.apache.org/maven2/nekohtml/xercesMinimal/1.9.6.2/xercesMinimal-1.9.6.2.jar
[INFO] Downloaded from central: https://repo.maven.apache.org/maven2/org/apache/maven/wagon/wagon-webdav-jackrabbit/1.0-beta-6/wagon-webdav-jackrabbit-1.0-beta-6.jar (18 kB at 9223372037 GB/s)
[INFO] Downloading from central: https://repo.maven.apache.org/maven2/nekohtml/nekohtml/1.9.6.2/nekohtml-1.9.6.2.jar
[INFO] Downloaded from central: https://repo.maven.apache.org/maven2/nekohtml/nekohtml/1.9.6.2/nekohtml-1.9.6.2.jar (112 kB at 9223372037 GB/s)
[INFO] Downloading from central: https://repo.maven.apache.org/maven2/commons-httpclient/commons-httpclient/3.1/commons-httpclient-3.1.jar
[INFO] Downloaded from central: https://repo.maven.apache.org/maven2/nekohtml/xercesMinimal/1.9.6.2/xercesMinimal-1.9.6.2.jar (40 kB at 9223372037 GB/s)
[INFO] Downloaded from central: https://repo.maven.apache.org/maven2/org/apache/jackrabbit/jackrabbit-webdav/1.5.0/jackrabbit-webdav-1.5.0.jar (303 kB at 9223372037 GB/s)
[INFO] Downloading from central: https://repo.maven.apache.org/maven2/org/apache/jackrabbit/jackrabbit-jcr-commons/1.5.0/jackrabbit-jcr-commons-1.5.0.jar
[INFO] Downloading from central: https://repo.maven.apache.org/maven2/commons-codec/commons-codec/1.2/commons-codec-1.2.jar
[INFO] Downloaded from central: https://repo.maven.apache.org/maven2/org/slf4j/slf4j-nop/1.5.3/slf4j-nop-1.5.3.jar (5.2 kB at 9223372037 GB/s)
[INFO] Downloaded from central: https://repo.maven.apache.org/maven2/org/apache/maven/wagon/wagon-http-shared/1.0-beta-6/wagon-http-shared-1.0-beta-6.jar (25 kB at 9223372037 GB/s)
[INFO] Downloaded from central: https://repo.maven.apache.org/maven2/commons-codec/commons-codec/1.2/commons-codec-1.2.jar (30 kB at 9223372037 GB/s)
[INFO] Downloaded from central: https://repo.maven.apache.org/maven2/org/apache/jackrabbit/jackrabbit-jcr-commons/1.5.0/jackrabbit-jcr-commons-1.5.0.jar (203 kB at 9223372037 GB/s)
[INFO] Downloaded from central: https://repo.maven.apache.org/maven2/commons-httpclient/commons-httpclient/3.1/commons-httpclient-3.1.jar (305 kB at 9223372037 GB/s)
[INFO] Tests are skipped.
[INFO] 
[INFO] --- takari-lifecycle:1.13.7:jar (default-jar) @ polyglot-common ---
[INFO] Previous incremental build state does not exist, performing full build
[INFO] Building main JAR.
[INFO] Building source JAR.
[INFO] Copying io.takari.polyglot:polyglot-common:pom:0.4.9-SNAPSHOT to project local repository
[INFO] Copying io.takari.polyglot:polyglot-common:jar:0.4.9-SNAPSHOT to project local repository
[INFO] Copying io.takari.polyglot:polyglot-common:pom:consumer:0.4.9-SNAPSHOT to project local repository
[INFO] Copying io.takari.polyglot:polyglot-common:jar:sources:0.4.9-SNAPSHOT to project local repository
[INFO] 
[INFO] ------------------< io.takari.polyglot:polyglot-atom >------------------
[INFO] Building Polyglot :: Atom 0.4.9-SNAPSHOT                          [3/13]
[INFO]   from polyglot-atom/pom.xml
[INFO] -----------------------------[ takari-jar ]-----------------------------
[INFO] 
[INFO] --- takari-lifecycle:1.13.7:update-check (default-update-check) @ polyglot-atom ---
[INFO] 
[INFO] --- enforcer:3.0.0-M3:enforce (enforce-versions) @ polyglot-atom ---
[INFO] 
[INFO] --- takari-lifecycle:1.13.7:process-resources (default-process-resources) @ polyglot-atom ---
[INFO] 
[INFO] --- takari-lifecycle:1.13.7:compile (default-compile) @ polyglot-atom ---
[INFO] Incremental build configuration change detected, performing full build
[INFO] Compiling 14 sources to /polyglot-maven/polyglot-atom/target/classes
[INFO] Compiled 14 out of 14 sources (215 ms)
[INFO] 
[INFO] --- takari-lifecycle:1.13.7:export-package (default-export-package) @ polyglot-atom ---
[INFO] Incremental build configuration change detected, performing full build
[INFO] 
[INFO] --- plexus-component-metadata:2.1.0:generate-metadata (default) @ polyglot-atom ---
[INFO] Discovered 3 component descriptors(s)
[INFO] 
[INFO] --- takari-lifecycle:1.13.7:process-test-resources (default-process-test-resources) @ polyglot-atom ---
[INFO] Incremental build configuration change detected, performing full build
[INFO] 
[INFO] --- takari-lifecycle:1.13.7:testCompile (default-testCompile) @ polyglot-atom ---
[INFO] Incremental build configuration change detected, performing full build
[INFO] Compiling 4 sources to /polyglot-maven/polyglot-atom/target/test-classes
[INFO] Compiled 4 out of 4 sources (71 ms)
[INFO] 
[INFO] --- plexus-component-metadata:2.1.0:generate-test-metadata (default) @ polyglot-atom ---
[INFO] 
[INFO] --- surefire:2.22.0:test (default-test) @ polyglot-atom ---
[INFO] Tests are skipped.
[INFO] 
[INFO] --- takari-lifecycle:1.13.7:jar (default-jar) @ polyglot-atom ---
[INFO] Previous incremental build state does not exist, performing full build
[INFO] Building main JAR.
[INFO] Building source JAR.
[INFO] Copying io.takari.polyglot:polyglot-atom:pom:0.4.9-SNAPSHOT to project local repository
[INFO] Copying io.takari.polyglot:polyglot-atom:jar:0.4.9-SNAPSHOT to project local repository
[INFO] Copying io.takari.polyglot:polyglot-atom:pom:consumer:0.4.9-SNAPSHOT to project local repository
[INFO] Copying io.takari.polyglot:polyglot-atom:jar:sources:0.4.9-SNAPSHOT to project local repository
[INFO] 
[INFO] --------------< io.takari.polyglot:polyglot-maven-plugin >--------------
[INFO] Building Polyglot :: Maven Plugin 0.4.9-SNAPSHOT                  [4/13]
[INFO]   from polyglot-maven-plugin/pom.xml
[INFO] ------------------------[ takari-maven-plugin ]-------------------------
[INFO] 
[INFO] --- takari-lifecycle:1.13.7:update-check (default-update-check) @ polyglot-maven-plugin ---
[INFO] 
[INFO] --- enforcer:3.0.0-M3:enforce (enforce-versions) @ polyglot-maven-plugin ---
[INFO] 
[INFO] --- takari-lifecycle:1.13.7:process-resources (default-process-resources) @ polyglot-maven-plugin ---
[INFO] 
[INFO] --- takari-lifecycle:1.13.7:compile (default-compile) @ polyglot-maven-plugin ---
[INFO] Incremental build configuration change detected, performing full build
[INFO] Compiling 1 sources to /polyglot-maven/polyglot-maven-plugin/target/classes
[INFO] Compiled 1 out of 1 sources (367 ms)
[INFO] ------------------------------------------------------------------------
[INFO] Reactor Summary for Polyglot :: Aggregator 0.4.9-SNAPSHOT:
[INFO] 
[INFO] Polyglot :: Aggregator ............................. SUCCESS [  4.405 s]
[INFO] Polyglot :: Common ................................. SUCCESS [ 53.713 s]
[INFO] Polyglot :: Atom ................................... SUCCESS [  0.529 s]
[INFO] Polyglot :: Maven Plugin ........................... FAILURE [  0.425 s]
[INFO] Polyglot :: Ruby ................................... SKIPPED
[INFO] Polyglot :: Scala .................................. SKIPPED
[INFO] Polyglot :: Groovy ................................. SKIPPED
[INFO] Polyglot :: YAML ................................... SKIPPED
[INFO] Polyglot :: Clojure ................................ SKIPPED
[INFO] Polyglot :: XML .................................... SKIPPED
[INFO] Polyglot :: Java ................................... SKIPPED
[INFO] Polyglot :: Kotlin ................................. SKIPPED
[INFO] Polyglot :: Translate Plugin ....................... SKIPPED
[INFO] ------------------------------------------------------------------------
[INFO] BUILD FAILURE
[INFO] ------------------------------------------------------------------------
[INFO] Total time:  01:16 min
[INFO] Finished at: 2026-04-27T19:05:16Z
[INFO] ------------------------------------------------------------------------
[ERROR] Failed to execute goal io.takari.maven.plugins:takari-lifecycle-plugin:1.13.7:compile (default-compile) on project polyglot-maven-plugin: Execution default-compile of goal io.takari.maven.plugins:takari-lifecycle-plugin:1.13.7:compile failed. UnsupportedOperationException -> [Help 1]
[ERROR] 
[ERROR] To see the full stack trace of the errors, re-run Maven with the '-e' switch
[ERROR] Re-run Maven using the '-X' switch to enable verbose output
[ERROR] 
[ERROR] For more information about the errors and possible solutions, please read the following articles:
[ERROR] [Help 1] http://cwiki.apache.org/confluence/display/MAVEN/PluginExecutionException
[ERROR] 
[ERROR] After correcting the problems, you can resume the build with the command
[ERROR]   mvn [args] -r
