[INFO] Scanning for projects...
[INFO] 
[INFO] --------------------------< io.zold:java-api >--------------------------
[INFO] Building java-api 1.0-SNAPSHOT
[INFO]   from pom.xml
[INFO] --------------------------------[ jar ]---------------------------------
[INFO] Downloading from oss.sonatype.org: https://oss.sonatype.org/content/groups/public/org/apache/maven/plugins/maven-jar-plugin/3.3.0/maven-jar-plugin-3.3.0.pom
[INFO] Downloaded from oss.sonatype.org: https://oss.sonatype.org/content/groups/public/org/apache/maven/plugins/maven-jar-plugin/3.3.0/maven-jar-plugin-3.3.0.pom (6.8 kB at 11 kB/s)
[INFO] Downloading from oss.sonatype.org: https://oss.sonatype.org/content/groups/public/org/apache/maven/plugins/maven-plugins/37/maven-plugins-37.pom
[INFO] Downloaded from oss.sonatype.org: https://oss.sonatype.org/content/groups/public/org/apache/maven/plugins/maven-plugins/37/maven-plugins-37.pom (9.9 kB at 65 kB/s)
[INFO] Downloading from oss.sonatype.org: https://oss.sonatype.org/content/groups/public/org/apache/maven/maven-parent/37/maven-parent-37.pom
[INFO] Downloaded from oss.sonatype.org: https://oss.sonatype.org/content/groups/public/org/apache/maven/maven-parent/37/maven-parent-37.pom (46 kB at 302 kB/s)
[INFO] Downloading from oss.sonatype.org: https://oss.sonatype.org/content/groups/public/org/apache/apache/27/apache-27.pom
[INFO] Downloaded from oss.sonatype.org: https://oss.sonatype.org/content/groups/public/org/apache/apache/27/apache-27.pom (20 kB at 140 kB/s)
[INFO] Downloading from oss.sonatype.org: https://oss.sonatype.org/content/groups/public/org/apache/maven/plugins/maven-jar-plugin/3.3.0/maven-jar-plugin-3.3.0.jar
[INFO] Downloaded from oss.sonatype.org: https://oss.sonatype.org/content/groups/public/org/apache/maven/plugins/maven-jar-plugin/3.3.0/maven-jar-plugin-3.3.0.jar (27 kB at 172 kB/s)
[INFO] 
[INFO] --- enforcer:3.3.0:enforce (enforce-maven) @ java-api ---
[INFO] Rule 0: org.apache.maven.enforcer.rules.version.RequireMavenVersion passed
[INFO] 
[INFO] --- buildnumber:3.1.0:create (jcabi-build-number) @ java-api ---
[INFO] ShortRevision tag detected. The value is '7'.
[INFO] Executing: /bin/sh -c cd '/java-api' && 'git' 'rev-parse' '--verify' '--short=7' 'HEAD'
[INFO] Working directory: /java-api
[INFO] Storing buildNumber: null at timestamp: 2026-04-27T14:58:39
[WARNING] Cannot get the branch information from the git repository: 
Detecting the current branch failed: fatal: not a git repository (or any of the parent directories): .git

[INFO] ShortRevision tag detected. The value is '7'.
[INFO] Executing: /bin/sh -c cd '/java-api' && 'git' 'rev-parse' '--verify' '--short=7' 'HEAD'
[INFO] Working directory: /java-api
[INFO] Storing scmBranch: UNKNOWN_BRANCH
[INFO] 
[INFO] --- buildnumber:3.1.0:create-timestamp (jcabi-build-number) @ java-api ---
[INFO] Skipping because we are not in root module.
[INFO] 
[INFO] --- resources:3.3.1:resources (default-resources) @ java-api ---
[INFO] skip non existing resourceDirectory /java-api/src/main/resources
[INFO] 
[INFO] --- compiler:3.11.0:compile (default-compile) @ java-api ---
[INFO] Nothing to compile - all classes are up to date
[INFO] 
[INFO] --- resources:3.3.1:testResources (default-testResources) @ java-api ---
[INFO] Copying 8 resources from src/test/resources to target/test-classes
[INFO] 
[INFO] --- compiler:3.11.0:testCompile (default-testCompile) @ java-api ---
[INFO] Nothing to compile - all classes are up to date
[INFO] 
[INFO] --- surefire:3.1.0:test (default-test) @ java-api ---
[INFO] Tests are skipped.
[INFO] 
[INFO] --- jcabi:0.17.0:versionalize (jcabi-versionalize-packages) @ java-api ---
[INFO] Downloading from oss.sonatype.org: https://oss.sonatype.org/content/groups/public/com/jcabi/jcabi-log/0.22.0/jcabi-log-0.22.0.pom
[INFO] Downloaded from oss.sonatype.org: https://oss.sonatype.org/content/groups/public/com/jcabi/jcabi-log/0.22.0/jcabi-log-0.22.0.pom (5.1 kB at 36 kB/s)
[INFO] Downloading from oss.sonatype.org: https://oss.sonatype.org/content/groups/public/org/slf4j/slf4j-api/2.0.0-beta1/slf4j-api-2.0.0-beta1.pom
[INFO] Downloaded from oss.sonatype.org: https://oss.sonatype.org/content/groups/public/org/slf4j/slf4j-api/2.0.0-beta1/slf4j-api-2.0.0-beta1.pom (1.6 kB at 11 kB/s)
[INFO] Downloading from oss.sonatype.org: https://oss.sonatype.org/content/groups/public/org/slf4j/slf4j-parent/2.0.0-beta1/slf4j-parent-2.0.0-beta1.pom
[INFO] Downloaded from oss.sonatype.org: https://oss.sonatype.org/content/groups/public/org/slf4j/slf4j-parent/2.0.0-beta1/slf4j-parent-2.0.0-beta1.pom (16 kB at 115 kB/s)
[INFO] Downloading from oss.sonatype.org: https://oss.sonatype.org/content/groups/public/org/mockito/mockito-core/4.6.1/mockito-core-4.6.1.pom
[INFO] Downloaded from oss.sonatype.org: https://oss.sonatype.org/content/groups/public/org/mockito/mockito-core/4.6.1/mockito-core-4.6.1.pom (2.5 kB at 16 kB/s)
[INFO] Downloading from oss.sonatype.org: https://oss.sonatype.org/content/groups/public/net/bytebuddy/byte-buddy/1.12.10/byte-buddy-1.12.10.pom
[INFO] Downloaded from oss.sonatype.org: https://oss.sonatype.org/content/groups/public/net/bytebuddy/byte-buddy/1.12.10/byte-buddy-1.12.10.pom (17 kB at 115 kB/s)
[INFO] Downloading from oss.sonatype.org: https://oss.sonatype.org/content/groups/public/net/bytebuddy/byte-buddy-parent/1.12.10/byte-buddy-parent-1.12.10.pom
[INFO] Downloaded from oss.sonatype.org: https://oss.sonatype.org/content/groups/public/net/bytebuddy/byte-buddy-parent/1.12.10/byte-buddy-parent-1.12.10.pom (45 kB at 308 kB/s)
[INFO] Downloading from oss.sonatype.org: https://oss.sonatype.org/content/groups/public/net/bytebuddy/byte-buddy-agent/1.12.10/byte-buddy-agent-1.12.10.pom
[INFO] Downloaded from oss.sonatype.org: https://oss.sonatype.org/content/groups/public/net/bytebuddy/byte-buddy-agent/1.12.10/byte-buddy-agent-1.12.10.pom (11 kB at 77 kB/s)
[INFO] Downloading from oss.sonatype.org: https://oss.sonatype.org/content/groups/public/org/objenesis/objenesis/3.2/objenesis-3.2.pom
[INFO] Downloaded from oss.sonatype.org: https://oss.sonatype.org/content/groups/public/org/objenesis/objenesis/3.2/objenesis-3.2.pom (3.0 kB at 21 kB/s)
[INFO] Downloading from oss.sonatype.org: https://oss.sonatype.org/content/groups/public/org/objenesis/objenesis-parent/3.2/objenesis-parent-3.2.pom
[INFO] Downloaded from oss.sonatype.org: https://oss.sonatype.org/content/groups/public/org/objenesis/objenesis-parent/3.2/objenesis-parent-3.2.pom (18 kB at 129 kB/s)
[INFO] Downloading from oss.sonatype.org: https://oss.sonatype.org/content/groups/public/com/jcabi/jcabi-maven-slf4j/0.11/jcabi-maven-slf4j-0.11.pom
[INFO] Downloaded from oss.sonatype.org: https://oss.sonatype.org/content/groups/public/com/jcabi/jcabi-maven-slf4j/0.11/jcabi-maven-slf4j-0.11.pom (5.2 kB at 37 kB/s)
[INFO] Downloading from oss.sonatype.org: https://oss.sonatype.org/content/groups/public/org/apache/maven/shared/maven-dependency-tree/3.1.1/maven-dependency-tree-3.1.1.pom
[INFO] Downloaded from oss.sonatype.org: https://oss.sonatype.org/content/groups/public/org/apache/maven/shared/maven-dependency-tree/3.1.1/maven-dependency-tree-3.1.1.pom (6.5 kB at 43 kB/s)
[INFO] Downloading from oss.sonatype.org: https://oss.sonatype.org/content/groups/public/org/apache/maven/shared/maven-shared-components/36/maven-shared-components-36.pom
[INFO] Downloaded from oss.sonatype.org: https://oss.sonatype.org/content/groups/public/org/apache/maven/shared/maven-shared-components/36/maven-shared-components-36.pom (4.9 kB at 26 kB/s)
[INFO] Downloading from oss.sonatype.org: https://oss.sonatype.org/content/groups/public/org/apache/maven/maven-parent/36/maven-parent-36.pom
[INFO] Downloaded from oss.sonatype.org: https://oss.sonatype.org/content/groups/public/org/apache/maven/maven-parent/36/maven-parent-36.pom (45 kB at 303 kB/s)
[INFO] Downloading from oss.sonatype.org: https://oss.sonatype.org/content/groups/public/org/apache/apache/26/apache-26.pom
[INFO] Downloaded from oss.sonatype.org: https://oss.sonatype.org/content/groups/public/org/apache/apache/26/apache-26.pom (21 kB at 139 kB/s)
[INFO] Downloading from oss.sonatype.org: https://oss.sonatype.org/content/groups/public/org/apache/maven/maven-core/3.0.5/maven-core-3.0.5.pom
[INFO] Downloaded from oss.sonatype.org: https://oss.sonatype.org/content/groups/public/org/apache/maven/maven-core/3.0.5/maven-core-3.0.5.pom (5.5 kB at 15 kB/s)
[INFO] Downloading from oss.sonatype.org: https://oss.sonatype.org/content/groups/public/org/apache/maven/maven/3.0.5/maven-3.0.5.pom
[INFO] Downloaded from oss.sonatype.org: https://oss.sonatype.org/content/groups/public/org/apache/maven/maven/3.0.5/maven-3.0.5.pom (22 kB at 156 kB/s)
[INFO] Downloading from oss.sonatype.org: https://oss.sonatype.org/content/groups/public/org/apache/maven/maven-model/3.0.5/maven-model-3.0.5.pom
[INFO] Downloaded from oss.sonatype.org: https://oss.sonatype.org/content/groups/public/org/apache/maven/maven-model/3.0.5/maven-model-3.0.5.pom (3.8 kB at 26 kB/s)
[INFO] Downloading from oss.sonatype.org: https://oss.sonatype.org/content/groups/public/org/codehaus/plexus/plexus-utils/2.0.6/plexus-utils-2.0.6.pom
[INFO] Downloaded from oss.sonatype.org: https://oss.sonatype.org/content/groups/public/org/codehaus/plexus/plexus-utils/2.0.6/plexus-utils-2.0.6.pom (2.9 kB at 20 kB/s)
[INFO] Downloading from oss.sonatype.org: https://oss.sonatype.org/content/groups/public/org/apache/maven/maven-settings/3.0.5/maven-settings-3.0.5.pom
[INFO] Downloaded from oss.sonatype.org: https://oss.sonatype.org/content/groups/public/org/apache/maven/maven-settings/3.0.5/maven-settings-3.0.5.pom (1.8 kB at 13 kB/s)
[INFO] Downloading from oss.sonatype.org: https://oss.sonatype.org/content/groups/public/org/apache/maven/maven-settings-builder/3.0.5/maven-settings-builder-3.0.5.pom
[INFO] Downloaded from oss.sonatype.org: https://oss.sonatype.org/content/groups/public/org/apache/maven/maven-settings-builder/3.0.5/maven-settings-builder-3.0.5.pom (2.3 kB at 16 kB/s)
[INFO] Downloading from oss.sonatype.org: https://oss.sonatype.org/content/groups/public/org/codehaus/plexus/plexus-interpolation/1.14/plexus-interpolation-1.14.pom
[INFO] Downloaded from oss.sonatype.org: https://oss.sonatype.org/content/groups/public/org/codehaus/plexus/plexus-interpolation/1.14/plexus-interpolation-1.14.pom (910 B at 6.4 kB/s)
[INFO] Downloading from oss.sonatype.org: https://oss.sonatype.org/content/groups/public/org/codehaus/plexus/plexus-components/1.1.18/plexus-components-1.1.18.pom
[INFO] Downloaded from oss.sonatype.org: https://oss.sonatype.org/content/groups/public/org/codehaus/plexus/plexus-components/1.1.18/plexus-components-1.1.18.pom (5.4 kB at 38 kB/s)
[INFO] Downloading from oss.sonatype.org: https://oss.sonatype.org/content/groups/public/org/apache/maven/maven-repository-metadata/3.0.5/maven-repository-metadata-3.0.5.pom
[INFO] Downloaded from oss.sonatype.org: https://oss.sonatype.org/content/groups/public/org/apache/maven/maven-repository-metadata/3.0.5/maven-repository-metadata-3.0.5.pom (1.9 kB at 13 kB/s)
[INFO] Downloading from oss.sonatype.org: https://oss.sonatype.org/content/groups/public/org/apache/maven/maven-artifact/3.0.5/maven-artifact-3.0.5.pom
[INFO] Downloaded from oss.sonatype.org: https://oss.sonatype.org/content/groups/public/org/apache/maven/maven-artifact/3.0.5/maven-artifact-3.0.5.pom (1.6 kB at 12 kB/s)
[INFO] Downloading from oss.sonatype.org: https://oss.sonatype.org/content/groups/public/org/apache/maven/maven-plugin-api/3.0.5/maven-plugin-api-3.0.5.pom
[INFO] Downloaded from oss.sonatype.org: https://oss.sonatype.org/content/groups/public/org/apache/maven/maven-plugin-api/3.0.5/maven-plugin-api-3.0.5.pom (2.7 kB at 18 kB/s)
[INFO] Downloading from oss.sonatype.org: https://oss.sonatype.org/content/groups/public/org/sonatype/sisu/sisu-inject-plexus/2.3.0/sisu-inject-plexus-2.3.0.pom
[INFO] Downloaded from oss.sonatype.org: https://oss.sonatype.org/content/groups/public/org/sonatype/sisu/sisu-inject-plexus/2.3.0/sisu-inject-plexus-2.3.0.pom (6.1 kB at 42 kB/s)
[INFO] Downloading from oss.sonatype.org: https://oss.sonatype.org/content/groups/public/org/sonatype/sisu/inject/guice-plexus/2.3.0/guice-plexus-2.3.0.pom
[INFO] Downloaded from oss.sonatype.org: https://oss.sonatype.org/content/groups/public/org/sonatype/sisu/inject/guice-plexus/2.3.0/guice-plexus-2.3.0.pom (3.8 kB at 26 kB/s)
[INFO] Downloading from oss.sonatype.org: https://oss.sonatype.org/content/groups/public/org/sonatype/sisu/inject/guice-bean/2.3.0/guice-bean-2.3.0.pom
[INFO] Downloaded from oss.sonatype.org: https://oss.sonatype.org/content/groups/public/org/sonatype/sisu/inject/guice-bean/2.3.0/guice-bean-2.3.0.pom (3.0 kB at 21 kB/s)
[INFO] Downloading from oss.sonatype.org: https://oss.sonatype.org/content/groups/public/org/sonatype/sisu/inject/containers/2.3.0/containers-2.3.0.pom
[INFO] Downloaded from oss.sonatype.org: https://oss.sonatype.org/content/groups/public/org/sonatype/sisu/inject/containers/2.3.0/containers-2.3.0.pom (1.2 kB at 8.4 kB/s)
[INFO] Downloading from oss.sonatype.org: https://oss.sonatype.org/content/groups/public/org/sonatype/sisu/sisu-inject/2.3.0/sisu-inject-2.3.0.pom
[INFO] Downloaded from oss.sonatype.org: https://oss.sonatype.org/content/groups/public/org/sonatype/sisu/sisu-inject/2.3.0/sisu-inject-2.3.0.pom (3.2 kB at 23 kB/s)
[INFO] Downloading from oss.sonatype.org: https://oss.sonatype.org/content/groups/public/org/sonatype/sisu/sisu-parent/2.3.0/sisu-parent-2.3.0.pom
[INFO] Downloaded from oss.sonatype.org: https://oss.sonatype.org/content/groups/public/org/sonatype/sisu/sisu-parent/2.3.0/sisu-parent-2.3.0.pom (11 kB at 75 kB/s)
[INFO] Downloading from oss.sonatype.org: https://oss.sonatype.org/content/groups/public/org/codehaus/plexus/plexus-classworlds/2.4/plexus-classworlds-2.4.pom
[INFO] Downloaded from oss.sonatype.org: https://oss.sonatype.org/content/groups/public/org/codehaus/plexus/plexus-classworlds/2.4/plexus-classworlds-2.4.pom (3.9 kB at 26 kB/s)
[INFO] Downloading from oss.sonatype.org: https://oss.sonatype.org/content/groups/public/org/codehaus/plexus/plexus-utils/2.1/plexus-utils-2.1.pom
[INFO] Downloaded from oss.sonatype.org: https://oss.sonatype.org/content/groups/public/org/codehaus/plexus/plexus-utils/2.1/plexus-utils-2.1.pom (4.0 kB at 29 kB/s)
[INFO] Downloading from oss.sonatype.org: https://oss.sonatype.org/content/groups/public/org/sonatype/sisu/sisu-inject-bean/2.3.0/sisu-inject-bean-2.3.0.pom
[INFO] Downloaded from oss.sonatype.org: https://oss.sonatype.org/content/groups/public/org/sonatype/sisu/sisu-inject-bean/2.3.0/sisu-inject-bean-2.3.0.pom (7.1 kB at 50 kB/s)
[INFO] Downloading from oss.sonatype.org: https://oss.sonatype.org/content/groups/public/org/sonatype/sisu/sisu-guice/3.1.0/sisu-guice-3.1.0.pom
[INFO] Downloaded from oss.sonatype.org: https://oss.sonatype.org/content/groups/public/org/sonatype/sisu/sisu-guice/3.1.0/sisu-guice-3.1.0.pom (10 kB at 60 kB/s)
[INFO] Downloading from oss.sonatype.org: https://oss.sonatype.org/content/groups/public/org/sonatype/sisu/inject/guice-parent/3.1.0/guice-parent-3.1.0.pom
[INFO] Downloaded from oss.sonatype.org: https://oss.sonatype.org/content/groups/public/org/sonatype/sisu/inject/guice-parent/3.1.0/guice-parent-3.1.0.pom (11 kB at 79 kB/s)
[INFO] Downloading from oss.sonatype.org: https://oss.sonatype.org/content/groups/public/org/sonatype/sisu/sisu-guava/0.9.9/sisu-guava-0.9.9.pom
[INFO] Downloaded from oss.sonatype.org: https://oss.sonatype.org/content/groups/public/org/sonatype/sisu/sisu-guava/0.9.9/sisu-guava-0.9.9.pom (1.1 kB at 8.2 kB/s)
[INFO] Downloading from oss.sonatype.org: https://oss.sonatype.org/content/groups/public/org/sonatype/sisu/inject/guava-parent/0.9.9/guava-parent-0.9.9.pom
[INFO] Downloaded from oss.sonatype.org: https://oss.sonatype.org/content/groups/public/org/sonatype/sisu/inject/guava-parent/0.9.9/guava-parent-0.9.9.pom (11 kB at 75 kB/s)
[INFO] Downloading from oss.sonatype.org: https://oss.sonatype.org/content/groups/public/org/apache/maven/maven-model-builder/3.0.5/maven-model-builder-3.0.5.pom
[INFO] Downloaded from oss.sonatype.org: https://oss.sonatype.org/content/groups/public/org/apache/maven/maven-model-builder/3.0.5/maven-model-builder-3.0.5.pom (2.5 kB at 17 kB/s)
[INFO] Downloading from oss.sonatype.org: https://oss.sonatype.org/content/groups/public/org/apache/maven/maven-aether-provider/3.0.5/maven-aether-provider-3.0.5.pom
[INFO] Downloaded from oss.sonatype.org: https://oss.sonatype.org/content/groups/public/org/apache/maven/maven-aether-provider/3.0.5/maven-aether-provider-3.0.5.pom (2.8 kB at 20 kB/s)
[INFO] Downloading from oss.sonatype.org: https://oss.sonatype.org/content/groups/public/org/sonatype/aether/aether-api/1.13.1/aether-api-1.13.1.pom
[INFO] Downloaded from oss.sonatype.org: https://oss.sonatype.org/content/groups/public/org/sonatype/aether/aether-api/1.13.1/aether-api-1.13.1.pom (1.4 kB at 9.5 kB/s)
[INFO] Downloading from oss.sonatype.org: https://oss.sonatype.org/content/groups/public/org/sonatype/aether/aether/1.13.1/aether-1.13.1.pom
[INFO] Downloaded from oss.sonatype.org: https://oss.sonatype.org/content/groups/public/org/sonatype/aether/aether/1.13.1/aether-1.13.1.pom (10 kB at 72 kB/s)
[INFO] Downloading from oss.sonatype.org: https://oss.sonatype.org/content/groups/public/org/sonatype/aether/aether-spi/1.13.1/aether-spi-1.13.1.pom
[INFO] Downloaded from oss.sonatype.org: https://oss.sonatype.org/content/groups/public/org/sonatype/aether/aether-spi/1.13.1/aether-spi-1.13.1.pom (1.4 kB at 9.9 kB/s)
[INFO] Downloading from oss.sonatype.org: https://oss.sonatype.org/content/groups/public/org/sonatype/aether/aether-util/1.13.1/aether-util-1.13.1.pom
[INFO] Downloaded from oss.sonatype.org: https://oss.sonatype.org/content/groups/public/org/sonatype/aether/aether-util/1.13.1/aether-util-1.13.1.pom (1.7 kB at 12 kB/s)
[INFO] Downloading from oss.sonatype.org: https://oss.sonatype.org/content/groups/public/org/sonatype/aether/aether-impl/1.13.1/aether-impl-1.13.1.pom
[INFO] Downloaded from oss.sonatype.org: https://oss.sonatype.org/content/groups/public/org/sonatype/aether/aether-impl/1.13.1/aether-impl-1.13.1.pom (2.5 kB at 18 kB/s)
[INFO] Downloading from oss.sonatype.org: https://oss.sonatype.org/content/groups/public/org/eclipse/aether/aether-util/1.1.0/aether-util-1.1.0.pom
[INFO] Downloaded from oss.sonatype.org: https://oss.sonatype.org/content/groups/public/org/eclipse/aether/aether-util/1.1.0/aether-util-1.1.0.pom (2.1 kB at 14 kB/s)
[INFO] Downloading from oss.sonatype.org: https://oss.sonatype.org/content/groups/public/org/eclipse/aether/aether/1.1.0/aether-1.1.0.pom
[INFO] Downloaded from oss.sonatype.org: https://oss.sonatype.org/content/groups/public/org/eclipse/aether/aether/1.1.0/aether-1.1.0.pom (26 kB at 176 kB/s)
[INFO] Downloading from oss.sonatype.org: https://oss.sonatype.org/content/groups/public/org/aspectj/aspectjtools/1.9.8.M1/aspectjtools-1.9.8.M1.pom
[INFO] Downloaded from oss.sonatype.org: https://oss.sonatype.org/content/groups/public/org/aspectj/aspectjtools/1.9.8.M1/aspectjtools-1.9.8.M1.pom (2.3 kB at 16 kB/s)
[INFO] Downloading from oss.sonatype.org: https://oss.sonatype.org/content/groups/public/javax/el/javax.el-api/3.0.1-b06/javax.el-api-3.0.1-b06.pom
[INFO] Downloaded from oss.sonatype.org: https://oss.sonatype.org/content/groups/public/javax/el/javax.el-api/3.0.1-b06/javax.el-api-3.0.1-b06.pom (11 kB at 77 kB/s)
[INFO] Downloading from oss.sonatype.org: https://oss.sonatype.org/content/groups/public/org/apache/maven/maven-plugin-api/3.8.6/maven-plugin-api-3.8.6.pom
[INFO] Downloaded from oss.sonatype.org: https://oss.sonatype.org/content/groups/public/org/apache/maven/maven-plugin-api/3.8.6/maven-plugin-api-3.8.6.pom (3.0 kB at 22 kB/s)
[INFO] Downloading from oss.sonatype.org: https://oss.sonatype.org/content/groups/public/org/apache/maven/maven/3.8.6/maven-3.8.6.pom
[INFO] Downloaded from oss.sonatype.org: https://oss.sonatype.org/content/groups/public/org/apache/maven/maven/3.8.6/maven-3.8.6.pom (27 kB at 190 kB/s)
[INFO] Downloading from oss.sonatype.org: https://oss.sonatype.org/content/groups/public/org/apache/maven/maven-model/3.8.6/maven-model-3.8.6.pom
[INFO] Downloaded from oss.sonatype.org: https://oss.sonatype.org/content/groups/public/org/apache/maven/maven-model/3.8.6/maven-model-3.8.6.pom (2.8 kB at 19 kB/s)
[INFO] Downloading from oss.sonatype.org: https://oss.sonatype.org/content/groups/public/org/apache/maven/maven-artifact/3.8.6/maven-artifact-3.8.6.pom
[INFO] Downloaded from oss.sonatype.org: https://oss.sonatype.org/content/groups/public/org/apache/maven/maven-artifact/3.8.6/maven-artifact-3.8.6.pom (2.4 kB at 17 kB/s)
[INFO] Downloading from oss.sonatype.org: https://oss.sonatype.org/content/groups/public/org/codehaus/plexus/plexus-utils/3.0.24/plexus-utils-3.0.24.pom
[INFO] Downloaded from oss.sonatype.org: https://oss.sonatype.org/content/groups/public/org/codehaus/plexus/plexus-utils/3.0.24/plexus-utils-3.0.24.pom (4.1 kB at 29 kB/s)
[INFO] Downloading from oss.sonatype.org: https://oss.sonatype.org/content/groups/public/org/codehaus/plexus/plexus/4.0/plexus-4.0.pom
[INFO] Downloaded from oss.sonatype.org: https://oss.sonatype.org/content/groups/public/org/codehaus/plexus/plexus/4.0/plexus-4.0.pom (22 kB at 148 kB/s)
[INFO] Downloading from oss.sonatype.org: https://oss.sonatype.org/content/groups/public/org/codehaus/plexus/plexus-classworlds/2.6.0/plexus-classworlds-2.6.0.pom
[INFO] Downloaded from oss.sonatype.org: https://oss.sonatype.org/content/groups/public/org/codehaus/plexus/plexus-classworlds/2.6.0/plexus-classworlds-2.6.0.pom (7.9 kB at 43 kB/s)
[INFO] Downloading from oss.sonatype.org: https://oss.sonatype.org/content/groups/public/org/apache/maven/maven-core/3.8.6/maven-core-3.8.6.pom
[INFO] Downloaded from oss.sonatype.org: https://oss.sonatype.org/content/groups/public/org/apache/maven/maven-core/3.8.6/maven-core-3.8.6.pom (7.6 kB at 54 kB/s)
[INFO] Downloading from oss.sonatype.org: https://oss.sonatype.org/content/groups/public/org/apache/maven/maven-settings/3.8.6/maven-settings-3.8.6.pom
[INFO] Downloaded from oss.sonatype.org: https://oss.sonatype.org/content/groups/public/org/apache/maven/maven-settings/3.8.6/maven-settings-3.8.6.pom (1.9 kB at 13 kB/s)
[INFO] Downloading from oss.sonatype.org: https://oss.sonatype.org/content/groups/public/org/apache/maven/maven-settings-builder/3.8.6/maven-settings-builder-3.8.6.pom
[INFO] Downloaded from oss.sonatype.org: https://oss.sonatype.org/content/groups/public/org/apache/maven/maven-settings-builder/3.8.6/maven-settings-builder-3.8.6.pom (2.5 kB at 18 kB/s)
[INFO] Downloading from oss.sonatype.org: https://oss.sonatype.org/content/groups/public/org/apache/maven/maven-builder-support/3.8.6/maven-builder-support-3.8.6.pom
[INFO] Downloaded from oss.sonatype.org: https://oss.sonatype.org/content/groups/public/org/apache/maven/maven-builder-support/3.8.6/maven-builder-support-3.8.6.pom (1.4 kB at 10.0 kB/s)
[INFO] Downloading from oss.sonatype.org: https://oss.sonatype.org/content/groups/public/org/codehaus/plexus/plexus-sec-dispatcher/2.0/plexus-sec-dispatcher-2.0.pom
[INFO] Downloaded from oss.sonatype.org: https://oss.sonatype.org/content/groups/public/org/codehaus/plexus/plexus-sec-dispatcher/2.0/plexus-sec-dispatcher-2.0.pom (3.2 kB at 23 kB/s)
[INFO] Downloading from oss.sonatype.org: https://oss.sonatype.org/content/groups/public/org/codehaus/plexus/plexus-cipher/2.0/plexus-cipher-2.0.pom
[INFO] Downloaded from oss.sonatype.org: https://oss.sonatype.org/content/groups/public/org/codehaus/plexus/plexus-cipher/2.0/plexus-cipher-2.0.pom (4.4 kB at 31 kB/s)
[INFO] Downloading from oss.sonatype.org: https://oss.sonatype.org/content/groups/public/org/apache/maven/maven-repository-metadata/3.8.6/maven-repository-metadata-3.8.6.pom
[INFO] Downloaded from oss.sonatype.org: https://oss.sonatype.org/content/groups/public/org/apache/maven/maven-repository-metadata/3.8.6/maven-repository-metadata-3.8.6.pom (2.1 kB at 15 kB/s)
[INFO] Downloading from oss.sonatype.org: https://oss.sonatype.org/content/groups/public/org/apache/maven/maven-model-builder/3.8.6/maven-model-builder-3.8.6.pom
[INFO] Downloaded from oss.sonatype.org: https://oss.sonatype.org/content/groups/public/org/apache/maven/maven-model-builder/3.8.6/maven-model-builder-3.8.6.pom (3.4 kB at 24 kB/s)
[INFO] Downloading from oss.sonatype.org: https://oss.sonatype.org/content/groups/public/org/apache/maven/maven-resolver-provider/3.8.6/maven-resolver-provider-3.8.6.pom
[INFO] Downloaded from oss.sonatype.org: https://oss.sonatype.org/content/groups/public/org/apache/maven/maven-resolver-provider/3.8.6/maven-resolver-provider-3.8.6.pom (4.2 kB at 28 kB/s)
[INFO] Downloading from oss.sonatype.org: https://oss.sonatype.org/content/groups/public/org/apache/maven/resolver/maven-resolver-api/1.6.3/maven-resolver-api-1.6.3.pom
[INFO] Downloaded from oss.sonatype.org: https://oss.sonatype.org/content/groups/public/org/apache/maven/resolver/maven-resolver-api/1.6.3/maven-resolver-api-1.6.3.pom (2.6 kB at 17 kB/s)
[INFO] Downloading from oss.sonatype.org: https://oss.sonatype.org/content/groups/public/org/apache/maven/resolver/maven-resolver/1.6.3/maven-resolver-1.6.3.pom
[INFO] Downloaded from oss.sonatype.org: https://oss.sonatype.org/content/groups/public/org/apache/maven/resolver/maven-resolver/1.6.3/maven-resolver-1.6.3.pom (19 kB at 137 kB/s)
[INFO] Downloading from oss.sonatype.org: https://oss.sonatype.org/content/groups/public/org/apache/maven/resolver/maven-resolver-spi/1.6.3/maven-resolver-spi-1.6.3.pom
[INFO] Downloaded from oss.sonatype.org: https://oss.sonatype.org/content/groups/public/org/apache/maven/resolver/maven-resolver-spi/1.6.3/maven-resolver-spi-1.6.3.pom (2.7 kB at 19 kB/s)
[INFO] Downloading from oss.sonatype.org: https://oss.sonatype.org/content/groups/public/org/apache/maven/resolver/maven-resolver-util/1.6.3/maven-resolver-util-1.6.3.pom
[INFO] Downloaded from oss.sonatype.org: https://oss.sonatype.org/content/groups/public/org/apache/maven/resolver/maven-resolver-util/1.6.3/maven-resolver-util-1.6.3.pom (2.8 kB at 20 kB/s)
[INFO] Downloading from oss.sonatype.org: https://oss.sonatype.org/content/groups/public/org/apache/maven/resolver/maven-resolver-impl/1.6.3/maven-resolver-impl-1.6.3.pom
[INFO] Downloaded from oss.sonatype.org: https://oss.sonatype.org/content/groups/public/org/apache/maven/resolver/maven-resolver-impl/1.6.3/maven-resolver-impl-1.6.3.pom (4.2 kB at 29 kB/s)
[INFO] Downloading from oss.sonatype.org: https://oss.sonatype.org/content/groups/public/org/slf4j/slf4j-api/1.7.30/slf4j-api-1.7.30.pom
[INFO] Downloaded from oss.sonatype.org: https://oss.sonatype.org/content/groups/public/org/slf4j/slf4j-api/1.7.30/slf4j-api-1.7.30.pom (3.8 kB at 28 kB/s)
[INFO] Downloading from oss.sonatype.org: https://oss.sonatype.org/content/groups/public/org/slf4j/slf4j-parent/1.7.30/slf4j-parent-1.7.30.pom
[INFO] Downloaded from oss.sonatype.org: https://oss.sonatype.org/content/groups/public/org/slf4j/slf4j-parent/1.7.30/slf4j-parent-1.7.30.pom (14 kB at 97 kB/s)
[INFO] Downloading from oss.sonatype.org: https://oss.sonatype.org/content/groups/public/com/google/inject/guice/4.2.2/guice-4.2.2.pom
[INFO] Downloaded from oss.sonatype.org: https://oss.sonatype.org/content/groups/public/com/google/inject/guice/4.2.2/guice-4.2.2.pom (11 kB at 77 kB/s)
[INFO] Downloading from oss.sonatype.org: https://oss.sonatype.org/content/groups/public/com/google/inject/guice-parent/4.2.2/guice-parent-4.2.2.pom
[INFO] Downloaded from oss.sonatype.org: https://oss.sonatype.org/content/groups/public/com/google/inject/guice-parent/4.2.2/guice-parent-4.2.2.pom (16 kB at 116 kB/s)
[INFO] Downloading from oss.sonatype.org: https://oss.sonatype.org/content/groups/public/com/google/google/5/google-5.pom
[INFO] Downloaded from oss.sonatype.org: https://oss.sonatype.org/content/groups/public/com/google/google/5/google-5.pom (2.5 kB at 16 kB/s)
[INFO] Downloading from oss.sonatype.org: https://oss.sonatype.org/content/groups/public/com/google/guava/guava/31.1-jre/guava-31.1-jre.pom
[INFO] Downloaded from oss.sonatype.org: https://oss.sonatype.org/content/groups/public/com/google/guava/guava/31.1-jre/guava-31.1-jre.pom (11 kB at 78 kB/s)
[INFO] Downloading from oss.sonatype.org: https://oss.sonatype.org/content/groups/public/com/google/guava/guava-parent/31.1-jre/guava-parent-31.1-jre.pom
[INFO] Downloaded from oss.sonatype.org: https://oss.sonatype.org/content/groups/public/com/google/guava/guava-parent/31.1-jre/guava-parent-31.1-jre.pom (15 kB at 105 kB/s)
[INFO] Downloading from oss.sonatype.org: https://oss.sonatype.org/content/groups/public/org/checkerframework/checker-qual/3.12.0/checker-qual-3.12.0.pom
[INFO] Downloaded from oss.sonatype.org: https://oss.sonatype.org/content/groups/public/org/checkerframework/checker-qual/3.12.0/checker-qual-3.12.0.pom (2.1 kB at 5.8 kB/s)
[INFO] Downloading from oss.sonatype.org: https://oss.sonatype.org/content/groups/public/com/google/errorprone/error_prone_annotations/2.11.0/error_prone_annotations-2.11.0.pom
[INFO] Downloaded from oss.sonatype.org: https://oss.sonatype.org/content/groups/public/com/google/errorprone/error_prone_annotations/2.11.0/error_prone_annotations-2.11.0.pom (2.2 kB at 16 kB/s)
[INFO] Downloading from oss.sonatype.org: https://oss.sonatype.org/content/groups/public/com/google/errorprone/error_prone_parent/2.11.0/error_prone_parent-2.11.0.pom
[INFO] Downloaded from oss.sonatype.org: https://oss.sonatype.org/content/groups/public/com/google/errorprone/error_prone_parent/2.11.0/error_prone_parent-2.11.0.pom (11 kB at 73 kB/s)
[INFO] Downloading from oss.sonatype.org: https://oss.sonatype.org/content/groups/public/com/google/j2objc/j2objc-annotations/1.3/j2objc-annotations-1.3.pom
[INFO] Downloaded from oss.sonatype.org: https://oss.sonatype.org/content/groups/public/com/google/j2objc/j2objc-annotations/1.3/j2objc-annotations-1.3.pom (2.8 kB at 19 kB/s)
[INFO] Downloading from oss.sonatype.org: https://oss.sonatype.org/content/groups/public/org/codehaus/plexus/plexus-component-annotations/2.1.0/plexus-component-annotations-2.1.0.pom
[INFO] Downloaded from oss.sonatype.org: https://oss.sonatype.org/content/groups/public/org/codehaus/plexus/plexus-component-annotations/2.1.0/plexus-component-annotations-2.1.0.pom (750 B at 5.4 kB/s)
[INFO] Downloading from oss.sonatype.org: https://oss.sonatype.org/content/groups/public/org/codehaus/plexus/plexus-containers/2.1.0/plexus-containers-2.1.0.pom
[INFO] Downloaded from oss.sonatype.org: https://oss.sonatype.org/content/groups/public/org/codehaus/plexus/plexus-containers/2.1.0/plexus-containers-2.1.0.pom (4.8 kB at 34 kB/s)
[INFO] Downloading from oss.sonatype.org: https://oss.sonatype.org/content/groups/public/org/apache/maven/resolver/maven-resolver-api/1.8.1/maven-resolver-api-1.8.1.pom
[INFO] Downloaded from oss.sonatype.org: https://oss.sonatype.org/content/groups/public/org/apache/maven/resolver/maven-resolver-api/1.8.1/maven-resolver-api-1.8.1.pom (2.6 kB at 19 kB/s)
[INFO] Downloading from oss.sonatype.org: https://oss.sonatype.org/content/groups/public/org/apache/maven/resolver/maven-resolver/1.8.1/maven-resolver-1.8.1.pom
[INFO] Downloaded from oss.sonatype.org: https://oss.sonatype.org/content/groups/public/org/apache/maven/resolver/maven-resolver/1.8.1/maven-resolver-1.8.1.pom (21 kB at 145 kB/s)
[INFO] Downloading from oss.sonatype.org: https://oss.sonatype.org/content/groups/public/org/eclipse/sisu/org.eclipse.sisu.plexus/0.9.0.M1/org.eclipse.sisu.plexus-0.9.0.M1.pom
[INFO] Downloaded from oss.sonatype.org: https://oss.sonatype.org/content/groups/public/org/eclipse/sisu/org.eclipse.sisu.plexus/0.9.0.M1/org.eclipse.sisu.plexus-0.9.0.M1.pom (4.8 kB at 32 kB/s)
[INFO] Downloading from oss.sonatype.org: https://oss.sonatype.org/content/groups/public/org/eclipse/sisu/sisu-plexus/0.9.0.M1/sisu-plexus-0.9.0.M1.pom
[INFO] Downloaded from oss.sonatype.org: https://oss.sonatype.org/content/groups/public/org/eclipse/sisu/sisu-plexus/0.9.0.M1/sisu-plexus-0.9.0.M1.pom (15 kB at 107 kB/s)
[INFO] Downloading from oss.sonatype.org: https://oss.sonatype.org/content/groups/public/org/eclipse/sisu/org.eclipse.sisu.inject/0.9.0.M1/org.eclipse.sisu.inject-0.9.0.M1.pom
[INFO] Downloaded from oss.sonatype.org: https://oss.sonatype.org/content/groups/public/org/eclipse/sisu/org.eclipse.sisu.inject/0.9.0.M1/org.eclipse.sisu.inject-0.9.0.M1.pom (3.3 kB at 23 kB/s)
[INFO] Downloading from oss.sonatype.org: https://oss.sonatype.org/content/groups/public/org/eclipse/sisu/sisu-inject/0.9.0.M1/sisu-inject-0.9.0.M1.pom
[INFO] Downloaded from oss.sonatype.org: https://oss.sonatype.org/content/groups/public/org/eclipse/sisu/sisu-inject/0.9.0.M1/sisu-inject-0.9.0.M1.pom (14 kB at 101 kB/s)
[INFO] Downloading from oss.sonatype.org: https://oss.sonatype.org/content/groups/public/org/codehaus/plexus/plexus-utils/3.3.0/plexus-utils-3.3.0.pom
[INFO] Downloaded from oss.sonatype.org: https://oss.sonatype.org/content/groups/public/org/codehaus/plexus/plexus-utils/3.3.0/plexus-utils-3.3.0.pom (5.2 kB at 36 kB/s)
[INFO] Downloading from oss.sonatype.org: https://oss.sonatype.org/content/groups/public/com/jcabi/jcabi-log/0.22.0/jcabi-log-0.22.0.jar
[INFO] Downloaded from oss.sonatype.org: https://oss.sonatype.org/content/groups/public/com/jcabi/jcabi-log/0.22.0/jcabi-log-0.22.0.jar (51 kB at 371 kB/s)
[INFO] Downloading from oss.sonatype.org: https://oss.sonatype.org/content/groups/public/org/slf4j/slf4j-api/2.0.0-beta1/slf4j-api-2.0.0-beta1.jar
[INFO] Downloading from oss.sonatype.org: https://oss.sonatype.org/content/groups/public/org/mockito/mockito-core/4.6.1/mockito-core-4.6.1.jar
[INFO] Downloading from oss.sonatype.org: https://oss.sonatype.org/content/groups/public/net/bytebuddy/byte-buddy/1.12.10/byte-buddy-1.12.10.jar
[INFO] Downloading from oss.sonatype.org: https://oss.sonatype.org/content/groups/public/net/bytebuddy/byte-buddy-agent/1.12.10/byte-buddy-agent-1.12.10.jar
[INFO] Downloading from oss.sonatype.org: https://oss.sonatype.org/content/groups/public/org/objenesis/objenesis/3.2/objenesis-3.2.jar
[INFO] Downloaded from oss.sonatype.org: https://oss.sonatype.org/content/groups/public/org/slf4j/slf4j-api/2.0.0-beta1/slf4j-api-2.0.0-beta1.jar (61 kB at 435 kB/s)
[INFO] Downloading from oss.sonatype.org: https://oss.sonatype.org/content/groups/public/com/jcabi/jcabi-maven-slf4j/0.11/jcabi-maven-slf4j-0.11.jar
[INFO] Downloaded from oss.sonatype.org: https://oss.sonatype.org/content/groups/public/org/objenesis/objenesis/3.2/objenesis-3.2.jar (49 kB at 298 kB/s)
[INFO] Downloading from oss.sonatype.org: https://oss.sonatype.org/content/groups/public/org/apache/maven/shared/maven-dependency-tree/3.1.1/maven-dependency-tree-3.1.1.jar
[INFO] Downloaded from oss.sonatype.org: https://oss.sonatype.org/content/groups/public/net/bytebuddy/byte-buddy-agent/1.12.10/byte-buddy-agent-1.12.10.jar (257 kB at 1.1 MB/s)
[INFO] Downloading from oss.sonatype.org: https://oss.sonatype.org/content/groups/public/org/eclipse/aether/aether-util/1.1.0/aether-util-1.1.0.jar
[INFO] Downloaded from oss.sonatype.org: https://oss.sonatype.org/content/groups/public/com/jcabi/jcabi-maven-slf4j/0.11/jcabi-maven-slf4j-0.11.jar (8.4 kB at 29 kB/s)
[INFO] Downloading from oss.sonatype.org: https://oss.sonatype.org/content/groups/public/org/aspectj/aspectjtools/1.9.8.M1/aspectjtools-1.9.8.M1.jar
[INFO] Downloaded from oss.sonatype.org: https://oss.sonatype.org/content/groups/public/org/apache/maven/shared/maven-dependency-tree/3.1.1/maven-dependency-tree-3.1.1.jar (99 kB at 321 kB/s)
[INFO] Downloading from oss.sonatype.org: https://oss.sonatype.org/content/groups/public/javax/el/javax.el-api/3.0.1-b06/javax.el-api-3.0.1-b06.jar
[INFO] Downloaded from oss.sonatype.org: https://oss.sonatype.org/content/groups/public/net/bytebuddy/byte-buddy/1.12.10/byte-buddy-1.12.10.jar (3.8 MB at 11 MB/s)
[INFO] Downloading from oss.sonatype.org: https://oss.sonatype.org/content/groups/public/org/apache/maven/maven-plugin-api/3.8.6/maven-plugin-api-3.8.6.jar
[INFO] Downloaded from oss.sonatype.org: https://oss.sonatype.org/content/groups/public/org/eclipse/aether/aether-util/1.1.0/aether-util-1.1.0.jar (150 kB at 394 kB/s)
[INFO] Downloading from oss.sonatype.org: https://oss.sonatype.org/content/groups/public/org/codehaus/plexus/plexus-utils/3.3.1/plexus-utils-3.3.1.jar
[INFO] Downloaded from oss.sonatype.org: https://oss.sonatype.org/content/groups/public/org/mockito/mockito-core/4.6.1/mockito-core-4.6.1.jar (663 kB at 1.6 MB/s)
[INFO] Downloading from oss.sonatype.org: https://oss.sonatype.org/content/groups/public/org/codehaus/plexus/plexus-classworlds/2.6.0/plexus-classworlds-2.6.0.jar
[INFO] Downloaded from oss.sonatype.org: https://oss.sonatype.org/content/groups/public/javax/el/javax.el-api/3.0.1-b06/javax.el-api-3.0.1-b06.jar (79 kB at 178 kB/s)
[INFO] Downloading from oss.sonatype.org: https://oss.sonatype.org/content/groups/public/org/apache/maven/maven-model/3.8.6/maven-model-3.8.6.jar
[INFO] Downloaded from oss.sonatype.org: https://oss.sonatype.org/content/groups/public/org/apache/maven/maven-plugin-api/3.8.6/maven-plugin-api-3.8.6.jar (47 kB at 95 kB/s)
[INFO] Downloading from oss.sonatype.org: https://oss.sonatype.org/content/groups/public/org/apache/maven/maven-core/3.8.6/maven-core-3.8.6.jar
[INFO] Downloaded from oss.sonatype.org: https://oss.sonatype.org/content/groups/public/org/codehaus/plexus/plexus-utils/3.3.1/plexus-utils-3.3.1.jar (262 kB at 485 kB/s)
[INFO] Downloading from oss.sonatype.org: https://oss.sonatype.org/content/groups/public/org/apache/maven/maven-settings/3.8.6/maven-settings-3.8.6.jar
[INFO] Downloaded from oss.sonatype.org: https://oss.sonatype.org/content/groups/public/org/codehaus/plexus/plexus-classworlds/2.6.0/plexus-classworlds-2.6.0.jar (53 kB at 93 kB/s)
[INFO] Downloading from oss.sonatype.org: https://oss.sonatype.org/content/groups/public/org/apache/maven/maven-settings-builder/3.8.6/maven-settings-builder-3.8.6.jar
[INFO] Downloaded from oss.sonatype.org: https://oss.sonatype.org/content/groups/public/org/apache/maven/maven-model/3.8.6/maven-model-3.8.6.jar (216 kB at 359 kB/s)
[INFO] Downloading from oss.sonatype.org: https://oss.sonatype.org/content/groups/public/org/codehaus/plexus/plexus-sec-dispatcher/2.0/plexus-sec-dispatcher-2.0.jar
[INFO] Downloaded from oss.sonatype.org: https://oss.sonatype.org/content/groups/public/org/apache/maven/maven-core/3.8.6/maven-core-3.8.6.jar (646 kB at 998 kB/s)
[INFO] Downloading from oss.sonatype.org: https://oss.sonatype.org/content/groups/public/org/codehaus/plexus/plexus-cipher/2.0/plexus-cipher-2.0.jar
[INFO] Downloaded from oss.sonatype.org: https://oss.sonatype.org/content/groups/public/org/apache/maven/maven-settings/3.8.6/maven-settings-3.8.6.jar (44 kB at 65 kB/s)
[INFO] Downloading from oss.sonatype.org: https://oss.sonatype.org/content/groups/public/org/apache/maven/maven-builder-support/3.8.6/maven-builder-support-3.8.6.jar
[INFO] Downloaded from oss.sonatype.org: https://oss.sonatype.org/content/groups/public/org/apache/maven/maven-settings-builder/3.8.6/maven-settings-builder-3.8.6.jar (42 kB at 59 kB/s)
[INFO] Downloading from oss.sonatype.org: https://oss.sonatype.org/content/groups/public/org/apache/maven/maven-repository-metadata/3.8.6/maven-repository-metadata-3.8.6.jar
[INFO] Downloaded from oss.sonatype.org: https://oss.sonatype.org/content/groups/public/org/aspectj/aspectjtools/1.9.8.M1/aspectjtools-1.9.8.M1.jar (15 MB at 21 MB/s)
[INFO] Downloading from oss.sonatype.org: https://oss.sonatype.org/content/groups/public/org/apache/maven/maven-model-builder/3.8.6/maven-model-builder-3.8.6.jar
[INFO] Downloaded from oss.sonatype.org: https://oss.sonatype.org/content/groups/public/org/codehaus/plexus/plexus-sec-dispatcher/2.0/plexus-sec-dispatcher-2.0.jar (24 kB at 31 kB/s)
[INFO] Downloading from oss.sonatype.org: https://oss.sonatype.org/content/groups/public/org/apache/maven/maven-resolver-provider/3.8.6/maven-resolver-provider-3.8.6.jar
[INFO] Downloaded from oss.sonatype.org: https://oss.sonatype.org/content/groups/public/org/codehaus/plexus/plexus-cipher/2.0/plexus-cipher-2.0.jar (13 kB at 17 kB/s)
[INFO] Downloading from oss.sonatype.org: https://oss.sonatype.org/content/groups/public/org/apache/maven/resolver/maven-resolver-impl/1.6.3/maven-resolver-impl-1.6.3.jar
[INFO] Downloaded from oss.sonatype.org: https://oss.sonatype.org/content/groups/public/org/apache/maven/maven-builder-support/3.8.6/maven-builder-support-3.8.6.jar (14 kB at 17 kB/s)
[INFO] Downloading from oss.sonatype.org: https://oss.sonatype.org/content/groups/public/org/apache/maven/resolver/maven-resolver-spi/1.6.3/maven-resolver-spi-1.6.3.jar
[INFO] Downloaded from oss.sonatype.org: https://oss.sonatype.org/content/groups/public/org/apache/maven/maven-repository-metadata/3.8.6/maven-repository-metadata-3.8.6.jar (28 kB at 34 kB/s)
[INFO] Downloading from oss.sonatype.org: https://oss.sonatype.org/content/groups/public/org/apache/maven/resolver/maven-resolver-util/1.6.3/maven-resolver-util-1.6.3.jar
[INFO] Downloaded from oss.sonatype.org: https://oss.sonatype.org/content/groups/public/org/apache/maven/maven-model-builder/3.8.6/maven-model-builder-3.8.6.jar (196 kB at 230 kB/s)
[INFO] Downloading from oss.sonatype.org: https://oss.sonatype.org/content/groups/public/org/eclipse/sisu/org.eclipse.sisu.inject/0.3.5/org.eclipse.sisu.inject-0.3.5.jar
[INFO] Downloaded from oss.sonatype.org: https://oss.sonatype.org/content/groups/public/org/apache/maven/maven-resolver-provider/3.8.6/maven-resolver-provider-3.8.6.jar (67 kB at 76 kB/s)
[INFO] Downloading from oss.sonatype.org: https://oss.sonatype.org/content/groups/public/com/google/inject/guice/4.2.2/guice-4.2.2-no_aop.jar
[INFO] Downloaded from oss.sonatype.org: https://oss.sonatype.org/content/groups/public/org/apache/maven/resolver/maven-resolver-impl/1.6.3/maven-resolver-impl-1.6.3.jar (180 kB at 192 kB/s)
[INFO] Downloading from oss.sonatype.org: https://oss.sonatype.org/content/groups/public/aopalliance/aopalliance/1.0/aopalliance-1.0.jar
[INFO] Downloaded from oss.sonatype.org: https://oss.sonatype.org/content/groups/public/org/apache/maven/resolver/maven-resolver-spi/1.6.3/maven-resolver-spi-1.6.3.jar (38 kB at 39 kB/s)
[INFO] Downloading from oss.sonatype.org: https://oss.sonatype.org/content/groups/public/com/google/guava/guava/31.1-jre/guava-31.1-jre.jar
[INFO] Downloaded from oss.sonatype.org: https://oss.sonatype.org/content/groups/public/org/apache/maven/resolver/maven-resolver-util/1.6.3/maven-resolver-util-1.6.3.jar (169 kB at 172 kB/s)
[INFO] Downloading from oss.sonatype.org: https://oss.sonatype.org/content/groups/public/org/checkerframework/checker-qual/3.12.0/checker-qual-3.12.0.jar
[INFO] Downloaded from oss.sonatype.org: https://oss.sonatype.org/content/groups/public/org/eclipse/sisu/org.eclipse.sisu.inject/0.3.5/org.eclipse.sisu.inject-0.3.5.jar (379 kB at 377 kB/s)
[INFO] Downloading from oss.sonatype.org: https://oss.sonatype.org/content/groups/public/com/google/errorprone/error_prone_annotations/2.11.0/error_prone_annotations-2.11.0.jar
[INFO] Downloaded from oss.sonatype.org: https://oss.sonatype.org/content/groups/public/com/google/inject/guice/4.2.2/guice-4.2.2-no_aop.jar (521 kB at 499 kB/s)
[INFO] Downloading from oss.sonatype.org: https://oss.sonatype.org/content/groups/public/com/google/j2objc/j2objc-annotations/1.3/j2objc-annotations-1.3.jar
[INFO] Downloaded from oss.sonatype.org: https://oss.sonatype.org/content/groups/public/aopalliance/aopalliance/1.0/aopalliance-1.0.jar (4.5 kB at 4.1 kB/s)
[INFO] Downloading from oss.sonatype.org: https://oss.sonatype.org/content/groups/public/org/codehaus/plexus/plexus-component-annotations/2.1.0/plexus-component-annotations-2.1.0.jar
[INFO] Downloaded from oss.sonatype.org: https://oss.sonatype.org/content/groups/public/org/checkerframework/checker-qual/3.12.0/checker-qual-3.12.0.jar (209 kB at 186 kB/s)
[INFO] Downloading from oss.sonatype.org: https://oss.sonatype.org/content/groups/public/org/apache/maven/resolver/maven-resolver-api/1.8.1/maven-resolver-api-1.8.1.jar
[INFO] Downloaded from oss.sonatype.org: https://oss.sonatype.org/content/groups/public/com/google/errorprone/error_prone_annotations/2.11.0/error_prone_annotations-2.11.0.jar (16 kB at 14 kB/s)
[INFO] Downloading from oss.sonatype.org: https://oss.sonatype.org/content/groups/public/org/eclipse/sisu/org.eclipse.sisu.plexus/0.9.0.M1/org.eclipse.sisu.plexus-0.9.0.M1.jar
[INFO] Downloaded from oss.sonatype.org: https://oss.sonatype.org/content/groups/public/com/google/guava/guava/31.1-jre/guava-31.1-jre.jar (3.0 MB at 2.6 MB/s)
[INFO] Downloading from oss.sonatype.org: https://oss.sonatype.org/content/groups/public/javax/annotation/javax.annotation-api/1.2/javax.annotation-api-1.2.jar
[INFO] Downloaded from oss.sonatype.org: https://oss.sonatype.org/content/groups/public/com/google/j2objc/j2objc-annotations/1.3/j2objc-annotations-1.3.jar (8.8 kB at 7.4 kB/s)
[INFO] Downloading from oss.sonatype.org: https://oss.sonatype.org/content/groups/public/javax/enterprise/cdi-api/1.2/cdi-api-1.2.jar
[INFO] Downloaded from oss.sonatype.org: https://oss.sonatype.org/content/groups/public/org/codehaus/plexus/plexus-component-annotations/2.1.0/plexus-component-annotations-2.1.0.jar (4.2 kB at 3.5 kB/s)
[INFO] Downloading from oss.sonatype.org: https://oss.sonatype.org/content/groups/public/org/apache/maven/maven-artifact/3.8.6/maven-artifact-3.8.6.jar
[INFO] Downloaded from oss.sonatype.org: https://oss.sonatype.org/content/groups/public/org/apache/maven/resolver/maven-resolver-api/1.8.1/maven-resolver-api-1.8.1.jar (154 kB at 122 kB/s)
[INFO] Downloaded from oss.sonatype.org: https://oss.sonatype.org/content/groups/public/org/eclipse/sisu/org.eclipse.sisu.plexus/0.9.0.M1/org.eclipse.sisu.plexus-0.9.0.M1.jar (208 kB at 162 kB/s)
[INFO] Downloaded from oss.sonatype.org: https://oss.sonatype.org/content/groups/public/javax/annotation/javax.annotation-api/1.2/javax.annotation-api-1.2.jar (26 kB at 20 kB/s)
[INFO] Downloaded from oss.sonatype.org: https://oss.sonatype.org/content/groups/public/org/apache/maven/maven-artifact/3.8.6/maven-artifact-3.8.6.jar (58 kB at 43 kB/s)
[INFO] Downloaded from oss.sonatype.org: https://oss.sonatype.org/content/groups/public/javax/enterprise/cdi-api/1.2/cdi-api-1.2.jar (71 kB at 52 kB/s)
[INFO] Versionalizing /java-api/target/classes directory
[INFO] File /java-api/target/classes/io/zold/api/io-zold-java-api-jar.txt added
[INFO] 
[INFO] --- jar:3.3.0:jar (default-jar) @ java-api ---
[INFO] Downloading from oss.sonatype.org: https://oss.sonatype.org/content/groups/public/org/apache/maven/shared/file-management/3.1.0/file-management-3.1.0.pom
[INFO] Downloaded from oss.sonatype.org: https://oss.sonatype.org/content/groups/public/org/apache/maven/shared/file-management/3.1.0/file-management-3.1.0.pom (4.5 kB at 31 kB/s)
[INFO] Downloading from oss.sonatype.org: https://oss.sonatype.org/content/groups/public/org/apache/maven/maven-archiver/3.6.0/maven-archiver-3.6.0.pom
[INFO] Downloaded from oss.sonatype.org: https://oss.sonatype.org/content/groups/public/org/apache/maven/maven-archiver/3.6.0/maven-archiver-3.6.0.pom (3.9 kB at 28 kB/s)
[INFO] Downloading from oss.sonatype.org: https://oss.sonatype.org/content/groups/public/org/codehaus/plexus/plexus-io/3.4.0/plexus-io-3.4.0.pom
[INFO] Downloaded from oss.sonatype.org: https://oss.sonatype.org/content/groups/public/org/codehaus/plexus/plexus-io/3.4.0/plexus-io-3.4.0.pom (6.0 kB at 43 kB/s)
[INFO] Downloading from oss.sonatype.org: https://oss.sonatype.org/content/groups/public/org/codehaus/plexus/plexus-archiver/4.4.0/plexus-archiver-4.4.0.pom
[INFO] Downloaded from oss.sonatype.org: https://oss.sonatype.org/content/groups/public/org/codehaus/plexus/plexus-archiver/4.4.0/plexus-archiver-4.4.0.pom (6.3 kB at 45 kB/s)
[INFO] Downloading from oss.sonatype.org: https://oss.sonatype.org/content/groups/public/org/apache/commons/commons-compress/1.21/commons-compress-1.21.pom
[INFO] Downloaded from oss.sonatype.org: https://oss.sonatype.org/content/groups/public/org/apache/commons/commons-compress/1.21/commons-compress-1.21.pom (20 kB at 138 kB/s)
[INFO] Downloading from oss.sonatype.org: https://oss.sonatype.org/content/groups/public/org/iq80/snappy/snappy/0.4/snappy-0.4.pom
[INFO] Downloaded from oss.sonatype.org: https://oss.sonatype.org/content/groups/public/org/iq80/snappy/snappy/0.4/snappy-0.4.pom (15 kB at 95 kB/s)
[INFO] Downloading from oss.sonatype.org: https://oss.sonatype.org/content/groups/public/org/tukaani/xz/1.9/xz-1.9.pom
[INFO] Downloaded from oss.sonatype.org: https://oss.sonatype.org/content/groups/public/org/tukaani/xz/1.9/xz-1.9.pom (2.0 kB at 15 kB/s)
[INFO] Downloading from oss.sonatype.org: https://oss.sonatype.org/content/groups/public/org/codehaus/plexus/plexus-utils/3.4.2/plexus-utils-3.4.2.pom
[INFO] Downloaded from oss.sonatype.org: https://oss.sonatype.org/content/groups/public/org/codehaus/plexus/plexus-utils/3.4.2/plexus-utils-3.4.2.pom (8.2 kB at 44 kB/s)
[INFO] Downloading from oss.sonatype.org: https://oss.sonatype.org/content/groups/public/org/apache/maven/shared/file-management/3.1.0/file-management-3.1.0.jar
[INFO] Downloaded from oss.sonatype.org: https://oss.sonatype.org/content/groups/public/org/apache/maven/shared/file-management/3.1.0/file-management-3.1.0.jar (36 kB at 267 kB/s)
[INFO] Downloading from oss.sonatype.org: https://oss.sonatype.org/content/groups/public/org/apache/maven/maven-archiver/3.6.0/maven-archiver-3.6.0.jar
[INFO] Downloading from oss.sonatype.org: https://oss.sonatype.org/content/groups/public/org/codehaus/plexus/plexus-io/3.4.0/plexus-io-3.4.0.jar
[INFO] Downloading from oss.sonatype.org: https://oss.sonatype.org/content/groups/public/org/codehaus/plexus/plexus-archiver/4.4.0/plexus-archiver-4.4.0.jar
[INFO] Downloading from oss.sonatype.org: https://oss.sonatype.org/content/groups/public/org/apache/commons/commons-compress/1.21/commons-compress-1.21.jar
[INFO] Downloading from oss.sonatype.org: https://oss.sonatype.org/content/groups/public/org/iq80/snappy/snappy/0.4/snappy-0.4.jar
[INFO] Downloaded from oss.sonatype.org: https://oss.sonatype.org/content/groups/public/org/codehaus/plexus/plexus-io/3.4.0/plexus-io-3.4.0.jar (79 kB at 579 kB/s)
[INFO] Downloading from oss.sonatype.org: https://oss.sonatype.org/content/groups/public/org/tukaani/xz/1.9/xz-1.9.jar
[INFO] Downloaded from oss.sonatype.org: https://oss.sonatype.org/content/groups/public/org/codehaus/plexus/plexus-archiver/4.4.0/plexus-archiver-4.4.0.jar (211 kB at 1.5 MB/s)
[INFO] Downloading from oss.sonatype.org: https://oss.sonatype.org/content/groups/public/org/codehaus/plexus/plexus-utils/3.4.2/plexus-utils-3.4.2.jar
[INFO] Downloaded from oss.sonatype.org: https://oss.sonatype.org/content/groups/public/org/apache/commons/commons-compress/1.21/commons-compress-1.21.jar (1.0 MB at 6.3 MB/s)
[INFO] Downloaded from oss.sonatype.org: https://oss.sonatype.org/content/groups/public/org/apache/maven/maven-archiver/3.6.0/maven-archiver-3.6.0.jar (26 kB at 155 kB/s)
[INFO] Downloaded from oss.sonatype.org: https://oss.sonatype.org/content/groups/public/org/iq80/snappy/snappy/0.4/snappy-0.4.jar (58 kB at 324 kB/s)
[INFO] Downloaded from oss.sonatype.org: https://oss.sonatype.org/content/groups/public/org/tukaani/xz/1.9/xz-1.9.jar (116 kB at 419 kB/s)
[INFO] Downloaded from oss.sonatype.org: https://oss.sonatype.org/content/groups/public/org/codehaus/plexus/plexus-utils/3.4.2/plexus-utils-3.4.2.jar (267 kB at 935 kB/s)
[INFO] Building jar: /java-api/target/java-api-1.0-SNAPSHOT.jar
[INFO] ------------------------------------------------------------------------
[INFO] BUILD SUCCESS
[INFO] ------------------------------------------------------------------------
[INFO] Total time:  21.114 s
[INFO] Finished at: 2026-04-27T14:58:58Z
[INFO] ------------------------------------------------------------------------
[WARNING] 
[WARNING] Plugin validation issues were detected in 2 plugin(s)
[WARNING] 
[WARNING]  * org.apache.maven.plugins:maven-compiler-plugin:3.11.0
[WARNING]  * com.jcabi:jcabi-maven-plugin:0.17.0
[WARNING] 
[WARNING] For more or less details, use 'maven.plugin.validation' property with one of the values (case insensitive): [BRIEF, DEFAULT, VERBOSE]
[WARNING] 
