[INFO] Scanning for projects...
[INFO] 
[INFO] -----------< org.igniterealtime.openfire.plugins:hazelcast >------------
[INFO] Building Hazelcast Plugin 2.6.1-SNAPSHOT
[INFO]   from pom.xml
[INFO] --------------------------------[ jar ]---------------------------------
[INFO] Downloading from igniterealtime: https://igniterealtime.org/archiva/repository/maven/org/apache/maven/plugins/maven-jar-plugin/3.1.1/maven-jar-plugin-3.1.1.pom
[INFO] Downloading from central: https://repo.maven.apache.org/maven2/org/apache/maven/plugins/maven-jar-plugin/3.1.1/maven-jar-plugin-3.1.1.pom
[INFO] Downloaded from central: https://repo.maven.apache.org/maven2/org/apache/maven/plugins/maven-jar-plugin/3.1.1/maven-jar-plugin-3.1.1.pom (6.7 kB at 68 kB/s)
[INFO] Downloading from igniterealtime: https://igniterealtime.org/archiva/repository/maven/org/apache/maven/plugins/maven-plugins/33/maven-plugins-33.pom
[INFO] Downloading from central: https://repo.maven.apache.org/maven2/org/apache/maven/plugins/maven-plugins/33/maven-plugins-33.pom
[INFO] Downloaded from central: https://repo.maven.apache.org/maven2/org/apache/maven/plugins/maven-plugins/33/maven-plugins-33.pom (11 kB at 486 kB/s)
[INFO] Downloading from igniterealtime: https://igniterealtime.org/archiva/repository/maven/org/apache/maven/plugins/maven-jar-plugin/3.1.1/maven-jar-plugin-3.1.1.jar
[INFO] Downloading from central: https://repo.maven.apache.org/maven2/org/apache/maven/plugins/maven-jar-plugin/3.1.1/maven-jar-plugin-3.1.1.jar
[INFO] Downloaded from central: https://repo.maven.apache.org/maven2/org/apache/maven/plugins/maven-jar-plugin/3.1.1/maven-jar-plugin-3.1.1.jar (27 kB at 901 kB/s)
[INFO] Downloading from igniterealtime: https://igniterealtime.org/archiva/repository/maven/org/apache/maven/plugins/maven-assembly-plugin/3.1.1/maven-assembly-plugin-3.1.1.pom
[INFO] Downloading from central: https://repo.maven.apache.org/maven2/org/apache/maven/plugins/maven-assembly-plugin/3.1.1/maven-assembly-plugin-3.1.1.pom
[INFO] Downloaded from central: https://repo.maven.apache.org/maven2/org/apache/maven/plugins/maven-assembly-plugin/3.1.1/maven-assembly-plugin-3.1.1.pom (15 kB at 586 kB/s)
[INFO] Downloading from igniterealtime: https://igniterealtime.org/archiva/repository/maven/org/apache/maven/plugins/maven-assembly-plugin/3.1.1/maven-assembly-plugin-3.1.1.jar
[INFO] Downloading from central: https://repo.maven.apache.org/maven2/org/apache/maven/plugins/maven-assembly-plugin/3.1.1/maven-assembly-plugin-3.1.1.jar
[INFO] Downloaded from central: https://repo.maven.apache.org/maven2/org/apache/maven/plugins/maven-assembly-plugin/3.1.1/maven-assembly-plugin-3.1.1.jar (236 kB at 4.5 MB/s)
[INFO] 
[INFO] --- enforcer:3.0.0-M2:enforce (enforce-no-snapshots) @ hazelcast ---
[INFO] 
[INFO] --- resources:3.1.0:copy-resources (default) @ hazelcast ---
[INFO] Using 'UTF-8' encoding to copy filtered resources.
[INFO] skip non existing resourceDirectory /openfire-hazelcast-plugin/src/java/../i18n
[INFO] 
[INFO] --- resources:3.1.0:resources (default-resources) @ hazelcast ---
[INFO] Using 'UTF-8' encoding to copy filtered resources.
[INFO] skip non existing resourceDirectory /openfire-hazelcast-plugin/src/main/resources
[INFO] 
[INFO] --- native2ascii:2.0.1:inplace (utf8-to-latin1) @ hazelcast ---
[WARNING] Source directory does not exist: /openfire-hazelcast-plugin/target/i18n
[INFO] 
[INFO] --- compiler:3.8.0:compile (default-compile) @ hazelcast ---
[INFO] Nothing to compile - all classes are up to date
[INFO] 
[INFO] --- jetty-jspc:9.4.43.v20210629:jspc (jspc) @ hazelcast ---
[INFO] Logging initialized @5444ms to org.eclipse.jetty.util.log.Slf4jLog
[INFO] Compiling system-clustering-node.jsp from includes=**\/*.jsp, **\/*.jspx excludes=**\/.svn\/**
[INFO] At least one JAR was scanned for TLDs yet contained no TLDs. Enable debug logging for this logger for a complete list of JARs that were scanned but no TLDs were found in them. Skipping unneeded JARs during scanning can improve startup time and JSP compilation time.
[INFO] Generation completed with [0] errors in [20] milliseconds
[INFO] 
[INFO] --- resources:3.1.0:testResources (default-testResources) @ hazelcast ---
[INFO] Using 'UTF-8' encoding to copy filtered resources.
[INFO] skip non existing resourceDirectory /openfire-hazelcast-plugin/src/test/resources
[INFO] 
[INFO] --- compiler:3.8.0:testCompile (default-testCompile) @ hazelcast ---
[INFO] No sources to compile
[INFO] 
[INFO] --- surefire:3.0.0:test (default-test) @ hazelcast ---
[INFO] Tests are skipped.
[INFO] 
[INFO] --- jar:3.1.1:jar (default-jar) @ hazelcast ---
[INFO] Downloading from igniterealtime: https://igniterealtime.org/archiva/repository/maven/org/apache/maven/maven-archiver/3.3.0/maven-archiver-3.3.0.pom
[INFO] Downloading from central: https://repo.maven.apache.org/maven2/org/apache/maven/maven-archiver/3.3.0/maven-archiver-3.3.0.pom
[INFO] Downloaded from central: https://repo.maven.apache.org/maven2/org/apache/maven/maven-archiver/3.3.0/maven-archiver-3.3.0.pom (4.4 kB at 170 kB/s)
[INFO] Downloading from igniterealtime: https://igniterealtime.org/archiva/repository/maven/org/apache/maven/shared/maven-shared-components/33/maven-shared-components-33.pom
[INFO] Downloading from central: https://repo.maven.apache.org/maven2/org/apache/maven/shared/maven-shared-components/33/maven-shared-components-33.pom
[INFO] Downloaded from central: https://repo.maven.apache.org/maven2/org/apache/maven/shared/maven-shared-components/33/maven-shared-components-33.pom (5.1 kB at 255 kB/s)
[INFO] Downloading from igniterealtime: https://igniterealtime.org/archiva/repository/maven/org/codehaus/plexus/plexus-archiver/3.6.0/plexus-archiver-3.6.0.pom
[INFO] Downloading from central: https://repo.maven.apache.org/maven2/org/codehaus/plexus/plexus-archiver/3.6.0/plexus-archiver-3.6.0.pom
[INFO] Downloaded from central: https://repo.maven.apache.org/maven2/org/codehaus/plexus/plexus-archiver/3.6.0/plexus-archiver-3.6.0.pom (4.8 kB at 267 kB/s)
[INFO] Downloading from igniterealtime: https://igniterealtime.org/archiva/repository/maven/org/codehaus/plexus/plexus/5.0/plexus-5.0.pom
[INFO] Downloading from central: https://repo.maven.apache.org/maven2/org/codehaus/plexus/plexus/5.0/plexus-5.0.pom
[INFO] Downloaded from central: https://repo.maven.apache.org/maven2/org/codehaus/plexus/plexus/5.0/plexus-5.0.pom (21 kB at 1.1 MB/s)
[INFO] Downloading from igniterealtime: https://igniterealtime.org/archiva/repository/maven/org/codehaus/plexus/plexus-io/3.0.1/plexus-io-3.0.1.pom
[INFO] Downloading from central: https://repo.maven.apache.org/maven2/org/codehaus/plexus/plexus-io/3.0.1/plexus-io-3.0.1.pom
[INFO] Downloaded from central: https://repo.maven.apache.org/maven2/org/codehaus/plexus/plexus-io/3.0.1/plexus-io-3.0.1.pom (4.5 kB at 227 kB/s)
[INFO] Downloading from igniterealtime: https://igniterealtime.org/archiva/repository/maven/org/apache/commons/commons-compress/1.16.1/commons-compress-1.16.1.pom
[INFO] Downloading from central: https://repo.maven.apache.org/maven2/org/apache/commons/commons-compress/1.16.1/commons-compress-1.16.1.pom
[INFO] Downloaded from central: https://repo.maven.apache.org/maven2/org/apache/commons/commons-compress/1.16.1/commons-compress-1.16.1.pom (16 kB at 782 kB/s)
[INFO] Downloading from igniterealtime: https://igniterealtime.org/archiva/repository/maven/org/apache/commons/commons-parent/43/commons-parent-43.pom
[INFO] Downloading from central: https://repo.maven.apache.org/maven2/org/apache/commons/commons-parent/43/commons-parent-43.pom
[INFO] Downloaded from central: https://repo.maven.apache.org/maven2/org/apache/commons/commons-parent/43/commons-parent-43.pom (70 kB at 3.2 MB/s)
[INFO] Downloading from igniterealtime: https://igniterealtime.org/archiva/repository/maven/org/objenesis/objenesis/2.6/objenesis-2.6.pom
[INFO] Downloading from central: https://repo.maven.apache.org/maven2/org/objenesis/objenesis/2.6/objenesis-2.6.pom
[INFO] Downloaded from central: https://repo.maven.apache.org/maven2/org/objenesis/objenesis/2.6/objenesis-2.6.pom (2.8 kB at 146 kB/s)
[INFO] Downloading from igniterealtime: https://igniterealtime.org/archiva/repository/maven/org/objenesis/objenesis-parent/2.6/objenesis-parent-2.6.pom
[INFO] Downloading from central: https://repo.maven.apache.org/maven2/org/objenesis/objenesis-parent/2.6/objenesis-parent-2.6.pom
[INFO] Downloaded from central: https://repo.maven.apache.org/maven2/org/objenesis/objenesis-parent/2.6/objenesis-parent-2.6.pom (17 kB at 826 kB/s)
[INFO] Downloading from igniterealtime: https://igniterealtime.org/archiva/repository/maven/org/iq80/snappy/snappy/0.4/snappy-0.4.pom
[INFO] Downloading from central: https://repo.maven.apache.org/maven2/org/iq80/snappy/snappy/0.4/snappy-0.4.pom
[INFO] Downloaded from central: https://repo.maven.apache.org/maven2/org/iq80/snappy/snappy/0.4/snappy-0.4.pom (15 kB at 632 kB/s)
[INFO] Downloading from igniterealtime: https://igniterealtime.org/archiva/repository/maven/org/tukaani/xz/1.8/xz-1.8.pom
[INFO] Downloading from central: https://repo.maven.apache.org/maven2/org/tukaani/xz/1.8/xz-1.8.pom
[INFO] Downloaded from central: https://repo.maven.apache.org/maven2/org/tukaani/xz/1.8/xz-1.8.pom (1.9 kB at 95 kB/s)
[INFO] Downloading from igniterealtime: https://igniterealtime.org/archiva/repository/maven/org/codehaus/plexus/plexus-archiver/3.7.0/plexus-archiver-3.7.0.pom
[INFO] Downloading from central: https://repo.maven.apache.org/maven2/org/codehaus/plexus/plexus-archiver/3.7.0/plexus-archiver-3.7.0.pom
[INFO] Downloaded from central: https://repo.maven.apache.org/maven2/org/codehaus/plexus/plexus-archiver/3.7.0/plexus-archiver-3.7.0.pom (4.8 kB at 161 kB/s)
[INFO] Downloading from igniterealtime: https://igniterealtime.org/archiva/repository/maven/org/codehaus/plexus/plexus-io/3.1.0/plexus-io-3.1.0.pom
[INFO] Downloading from central: https://repo.maven.apache.org/maven2/org/codehaus/plexus/plexus-io/3.1.0/plexus-io-3.1.0.pom
[INFO] Downloaded from central: https://repo.maven.apache.org/maven2/org/codehaus/plexus/plexus-io/3.1.0/plexus-io-3.1.0.pom (4.5 kB at 227 kB/s)
[INFO] Downloading from igniterealtime: https://igniterealtime.org/archiva/repository/maven/org/apache/commons/commons-compress/1.18/commons-compress-1.18.pom
[INFO] Downloading from central: https://repo.maven.apache.org/maven2/org/apache/commons/commons-compress/1.18/commons-compress-1.18.pom
[INFO] Downloaded from central: https://repo.maven.apache.org/maven2/org/apache/commons/commons-compress/1.18/commons-compress-1.18.pom (18 kB at 911 kB/s)
[INFO] Downloading from igniterealtime: https://igniterealtime.org/archiva/repository/maven/org/apache/maven/maven-archiver/3.3.0/maven-archiver-3.3.0.jar
[INFO] Downloading from igniterealtime: https://igniterealtime.org/archiva/repository/maven/org/codehaus/plexus/plexus-archiver/3.7.0/plexus-archiver-3.7.0.jar
[INFO] Downloading from igniterealtime: https://igniterealtime.org/archiva/repository/maven/org/codehaus/plexus/plexus-io/3.1.0/plexus-io-3.1.0.jar
[INFO] Downloading from igniterealtime: https://igniterealtime.org/archiva/repository/maven/org/apache/commons/commons-compress/1.18/commons-compress-1.18.jar
[INFO] Downloading from igniterealtime: https://igniterealtime.org/archiva/repository/maven/org/iq80/snappy/snappy/0.4/snappy-0.4.jar
[INFO] Downloading from igniterealtime: https://igniterealtime.org/archiva/repository/maven/org/tukaani/xz/1.8/xz-1.8.jar
[INFO] Downloading from central: https://repo.maven.apache.org/maven2/org/apache/maven/maven-archiver/3.3.0/maven-archiver-3.3.0.jar
[INFO] Downloaded from central: https://repo.maven.apache.org/maven2/org/apache/maven/maven-archiver/3.3.0/maven-archiver-3.3.0.jar (24 kB at 1.3 MB/s)
[INFO] Downloading from central: https://repo.maven.apache.org/maven2/org/codehaus/plexus/plexus-archiver/3.7.0/plexus-archiver-3.7.0.jar
[INFO] Downloading from central: https://repo.maven.apache.org/maven2/org/codehaus/plexus/plexus-io/3.1.0/plexus-io-3.1.0.jar
[INFO] Downloading from central: https://repo.maven.apache.org/maven2/org/apache/commons/commons-compress/1.18/commons-compress-1.18.jar
[INFO] Downloading from central: https://repo.maven.apache.org/maven2/org/iq80/snappy/snappy/0.4/snappy-0.4.jar
[INFO] Downloading from central: https://repo.maven.apache.org/maven2/org/tukaani/xz/1.8/xz-1.8.jar
[INFO] Downloaded from central: https://repo.maven.apache.org/maven2/org/codehaus/plexus/plexus-archiver/3.7.0/plexus-archiver-3.7.0.jar (192 kB at 6.6 MB/s)
[INFO] Downloaded from central: https://repo.maven.apache.org/maven2/org/codehaus/plexus/plexus-io/3.1.0/plexus-io-3.1.0.jar (75 kB at 1.6 MB/s)
[INFO] Downloaded from central: https://repo.maven.apache.org/maven2/org/iq80/snappy/snappy/0.4/snappy-0.4.jar (58 kB at 935 kB/s)
[INFO] Downloaded from central: https://repo.maven.apache.org/maven2/org/tukaani/xz/1.8/xz-1.8.jar (109 kB at 1.7 MB/s)
[INFO] Downloaded from central: https://repo.maven.apache.org/maven2/org/apache/commons/commons-compress/1.18/commons-compress-1.18.jar (592 kB at 6.5 MB/s)
[INFO] Building jar: /openfire-hazelcast-plugin/target/hazelcast-2.6.1-SNAPSHOT.jar
[INFO] 
[INFO] --- assembly:3.1.1:single (make-assembly) @ hazelcast ---
[INFO] Downloading from igniterealtime: https://igniterealtime.org/archiva/repository/maven/org/igniterealtime/openfire/plugins/openfire-plugin-assembly-descriptor/4.7.0-beta/openfire-plugin-assembly-descriptor-4.7.0-beta.pom
[INFO] Downloaded from igniterealtime: https://igniterealtime.org/archiva/repository/maven/org/igniterealtime/openfire/plugins/openfire-plugin-assembly-descriptor/4.7.0-beta/openfire-plugin-assembly-descriptor-4.7.0-beta.pom (789 B at 15 kB/s)
[INFO] Downloading from igniterealtime: https://igniterealtime.org/archiva/repository/maven/org/apache/maven/shared/maven-artifact-transfer/0.9.0/maven-artifact-transfer-0.9.0.pom
[INFO] Downloading from central: https://repo.maven.apache.org/maven2/org/apache/maven/shared/maven-artifact-transfer/0.9.0/maven-artifact-transfer-0.9.0.pom
[INFO] Downloaded from central: https://repo.maven.apache.org/maven2/org/apache/maven/shared/maven-artifact-transfer/0.9.0/maven-artifact-transfer-0.9.0.pom (7.6 kB at 292 kB/s)
[INFO] Downloading from igniterealtime: https://igniterealtime.org/archiva/repository/maven/org/apache/maven/shared/maven-common-artifact-filters/3.0.0/maven-common-artifact-filters-3.0.0.pom
[INFO] Downloading from central: https://repo.maven.apache.org/maven2/org/apache/maven/shared/maven-common-artifact-filters/3.0.0/maven-common-artifact-filters-3.0.0.pom
[INFO] Downloaded from central: https://repo.maven.apache.org/maven2/org/apache/maven/shared/maven-common-artifact-filters/3.0.0/maven-common-artifact-filters-3.0.0.pom (4.8 kB at 229 kB/s)
[INFO] Downloading from igniterealtime: https://igniterealtime.org/archiva/repository/maven/org/apache/maven/shared/maven-shared-components/22/maven-shared-components-22.pom
[INFO] Downloading from central: https://repo.maven.apache.org/maven2/org/apache/maven/shared/maven-shared-components/22/maven-shared-components-22.pom
[INFO] Downloaded from central: https://repo.maven.apache.org/maven2/org/apache/maven/shared/maven-shared-components/22/maven-shared-components-22.pom (5.1 kB at 244 kB/s)
[INFO] Downloading from igniterealtime: https://igniterealtime.org/archiva/repository/maven/org/slf4j/slf4j-api/1.7.5/slf4j-api-1.7.5.pom
[INFO] Downloading from central: https://repo.maven.apache.org/maven2/org/slf4j/slf4j-api/1.7.5/slf4j-api-1.7.5.pom
[INFO] Downloaded from central: https://repo.maven.apache.org/maven2/org/slf4j/slf4j-api/1.7.5/slf4j-api-1.7.5.pom (2.7 kB at 142 kB/s)
[INFO] Downloading from igniterealtime: https://igniterealtime.org/archiva/repository/maven/org/slf4j/slf4j-parent/1.7.5/slf4j-parent-1.7.5.pom
[INFO] Downloading from central: https://repo.maven.apache.org/maven2/org/slf4j/slf4j-parent/1.7.5/slf4j-parent-1.7.5.pom
[INFO] Downloaded from central: https://repo.maven.apache.org/maven2/org/slf4j/slf4j-parent/1.7.5/slf4j-parent-1.7.5.pom (12 kB at 492 kB/s)
[INFO] Downloading from igniterealtime: https://igniterealtime.org/archiva/repository/maven/org/codehaus/plexus/plexus-archiver/4.0.0/plexus-archiver-4.0.0.pom
[INFO] Downloading from central: https://repo.maven.apache.org/maven2/org/codehaus/plexus/plexus-archiver/4.0.0/plexus-archiver-4.0.0.pom
[INFO] Downloaded from central: https://repo.maven.apache.org/maven2/org/codehaus/plexus/plexus-archiver/4.0.0/plexus-archiver-4.0.0.pom (4.8 kB at 193 kB/s)
[INFO] Downloading from igniterealtime: https://igniterealtime.org/archiva/repository/maven/org/codehaus/plexus/plexus-utils/3.1.1/plexus-utils-3.1.1.pom
[INFO] Downloading from central: https://repo.maven.apache.org/maven2/org/codehaus/plexus/plexus-utils/3.1.1/plexus-utils-3.1.1.pom
[INFO] Downloaded from central: https://repo.maven.apache.org/maven2/org/codehaus/plexus/plexus-utils/3.1.1/plexus-utils-3.1.1.pom (5.1 kB at 253 kB/s)
[INFO] Downloading from igniterealtime: https://igniterealtime.org/archiva/repository/maven/org/codehaus/plexus/plexus-io/3.1.1/plexus-io-3.1.1.pom
[INFO] Downloading from central: https://repo.maven.apache.org/maven2/org/codehaus/plexus/plexus-io/3.1.1/plexus-io-3.1.1.pom
[INFO] Downloaded from central: https://repo.maven.apache.org/maven2/org/codehaus/plexus/plexus-io/3.1.1/plexus-io-3.1.1.pom (4.5 kB at 227 kB/s)
[INFO] Downloading from igniterealtime: https://igniterealtime.org/archiva/repository/maven/org/apache/maven/shared/file-management/3.0.0/file-management-3.0.0.pom
[INFO] Downloading from central: https://repo.maven.apache.org/maven2/org/apache/maven/shared/file-management/3.0.0/file-management-3.0.0.pom
[INFO] Downloaded from central: https://repo.maven.apache.org/maven2/org/apache/maven/shared/file-management/3.0.0/file-management-3.0.0.pom (4.7 kB at 247 kB/s)
[INFO] Downloading from igniterealtime: https://igniterealtime.org/archiva/repository/maven/org/apache/maven/shared/maven-shared-io/3.0.0/maven-shared-io-3.0.0.pom
[INFO] Downloading from central: https://repo.maven.apache.org/maven2/org/apache/maven/shared/maven-shared-io/3.0.0/maven-shared-io-3.0.0.pom
[INFO] Downloaded from central: https://repo.maven.apache.org/maven2/org/apache/maven/shared/maven-shared-io/3.0.0/maven-shared-io-3.0.0.pom (4.2 kB at 198 kB/s)
[INFO] Downloading from igniterealtime: https://igniterealtime.org/archiva/repository/maven/org/codehaus/plexus/plexus-utils/1.4.2/plexus-utils-1.4.2.pom
[INFO] Downloading from central: https://repo.maven.apache.org/maven2/org/codehaus/plexus/plexus-utils/1.4.2/plexus-utils-1.4.2.pom
[INFO] Downloaded from central: https://repo.maven.apache.org/maven2/org/codehaus/plexus/plexus-utils/1.4.2/plexus-utils-1.4.2.pom (2.0 kB at 82 kB/s)
[INFO] Downloading from igniterealtime: https://igniterealtime.org/archiva/repository/maven/org/apache/maven/maven-archiver/3.2.0/maven-archiver-3.2.0.pom
[INFO] Downloading from central: https://repo.maven.apache.org/maven2/org/apache/maven/maven-archiver/3.2.0/maven-archiver-3.2.0.pom
[INFO] Downloaded from central: https://repo.maven.apache.org/maven2/org/apache/maven/maven-archiver/3.2.0/maven-archiver-3.2.0.pom (4.3 kB at 144 kB/s)
[INFO] Downloading from igniterealtime: https://igniterealtime.org/archiva/repository/maven/org/apache/maven/shared/maven-shared-utils/3.2.0/maven-shared-utils-3.2.0.pom
[INFO] Downloading from central: https://repo.maven.apache.org/maven2/org/apache/maven/shared/maven-shared-utils/3.2.0/maven-shared-utils-3.2.0.pom
[INFO] Downloaded from central: https://repo.maven.apache.org/maven2/org/apache/maven/shared/maven-shared-utils/3.2.0/maven-shared-utils-3.2.0.pom (4.9 kB at 234 kB/s)
[INFO] Downloading from igniterealtime: https://igniterealtime.org/archiva/repository/maven/org/codehaus/plexus/plexus-archiver/3.5/plexus-archiver-3.5.pom
[INFO] Downloading from central: https://repo.maven.apache.org/maven2/org/codehaus/plexus/plexus-archiver/3.5/plexus-archiver-3.5.pom
[INFO] Downloaded from central: https://repo.maven.apache.org/maven2/org/codehaus/plexus/plexus-archiver/3.5/plexus-archiver-3.5.pom (4.8 kB at 185 kB/s)
[INFO] Downloading from igniterealtime: https://igniterealtime.org/archiva/repository/maven/org/codehaus/plexus/plexus-io/3.0.0/plexus-io-3.0.0.pom
[INFO] Downloading from central: https://repo.maven.apache.org/maven2/org/codehaus/plexus/plexus-io/3.0.0/plexus-io-3.0.0.pom
[INFO] Downloaded from central: https://repo.maven.apache.org/maven2/org/codehaus/plexus/plexus-io/3.0.0/plexus-io-3.0.0.pom (4.5 kB at 162 kB/s)
[INFO] Downloading from igniterealtime: https://igniterealtime.org/archiva/repository/maven/org/apache/commons/commons-compress/1.14/commons-compress-1.14.pom
[INFO] Downloading from central: https://repo.maven.apache.org/maven2/org/apache/commons/commons-compress/1.14/commons-compress-1.14.pom
[INFO] Downloaded from central: https://repo.maven.apache.org/maven2/org/apache/commons/commons-compress/1.14/commons-compress-1.14.pom (13 kB at 548 kB/s)
[INFO] Downloading from igniterealtime: https://igniterealtime.org/archiva/repository/maven/org/tukaani/xz/1.6/xz-1.6.pom
[INFO] Downloading from central: https://repo.maven.apache.org/maven2/org/tukaani/xz/1.6/xz-1.6.pom
[INFO] Downloaded from central: https://repo.maven.apache.org/maven2/org/tukaani/xz/1.6/xz-1.6.pom (1.9 kB at 60 kB/s)
[INFO] Downloading from igniterealtime: https://igniterealtime.org/archiva/repository/maven/org/igniterealtime/openfire/plugins/openfire-plugin-assembly-descriptor/4.7.0-beta/openfire-plugin-assembly-descriptor-4.7.0-beta.jar
[INFO] Downloaded from igniterealtime: https://igniterealtime.org/archiva/repository/maven/org/igniterealtime/openfire/plugins/openfire-plugin-assembly-descriptor/4.7.0-beta/openfire-plugin-assembly-descriptor-4.7.0-beta.jar (2.9 kB at 58 kB/s)
[INFO] Downloading from igniterealtime: https://igniterealtime.org/archiva/repository/maven/org/apache/maven/shared/maven-artifact-transfer/0.9.0/maven-artifact-transfer-0.9.0.jar
[INFO] Downloading from igniterealtime: https://igniterealtime.org/archiva/repository/maven/org/slf4j/slf4j-api/1.7.5/slf4j-api-1.7.5.jar
[INFO] Downloading from igniterealtime: https://igniterealtime.org/archiva/repository/maven/org/codehaus/plexus/plexus-archiver/4.0.0/plexus-archiver-4.0.0.jar
[INFO] Downloading from igniterealtime: https://igniterealtime.org/archiva/repository/maven/org/apache/maven/shared/file-management/3.0.0/file-management-3.0.0.jar
[INFO] Downloading from igniterealtime: https://igniterealtime.org/archiva/repository/maven/org/apache/maven/shared/maven-shared-io/3.0.0/maven-shared-io-3.0.0.jar
[INFO] Downloading from igniterealtime: https://igniterealtime.org/archiva/repository/maven/org/codehaus/plexus/plexus-io/3.1.1/plexus-io-3.1.1.jar
[INFO] Downloading from igniterealtime: https://igniterealtime.org/archiva/repository/maven/org/apache/maven/maven-archiver/3.2.0/maven-archiver-3.2.0.jar
[INFO] Downloading from central: https://repo.maven.apache.org/maven2/org/apache/maven/shared/maven-artifact-transfer/0.9.0/maven-artifact-transfer-0.9.0.jar
[INFO] Downloaded from central: https://repo.maven.apache.org/maven2/org/apache/maven/shared/maven-artifact-transfer/0.9.0/maven-artifact-transfer-0.9.0.jar (123 kB at 4.6 MB/s)
[INFO] Downloading from central: https://repo.maven.apache.org/maven2/org/slf4j/slf4j-api/1.7.5/slf4j-api-1.7.5.jar
[INFO] Downloading from central: https://repo.maven.apache.org/maven2/org/codehaus/plexus/plexus-archiver/4.0.0/plexus-archiver-4.0.0.jar
[INFO] Downloading from central: https://repo.maven.apache.org/maven2/org/apache/maven/shared/file-management/3.0.0/file-management-3.0.0.jar
[INFO] Downloading from central: https://repo.maven.apache.org/maven2/org/apache/maven/shared/maven-shared-io/3.0.0/maven-shared-io-3.0.0.jar
[INFO] Downloading from central: https://repo.maven.apache.org/maven2/org/codehaus/plexus/plexus-io/3.1.1/plexus-io-3.1.1.jar
[INFO] Downloaded from central: https://repo.maven.apache.org/maven2/org/slf4j/slf4j-api/1.7.5/slf4j-api-1.7.5.jar (26 kB at 1.1 MB/s)
[INFO] Downloading from central: https://repo.maven.apache.org/maven2/org/apache/maven/maven-archiver/3.2.0/maven-archiver-3.2.0.jar
[INFO] Downloaded from central: https://repo.maven.apache.org/maven2/org/apache/maven/shared/file-management/3.0.0/file-management-3.0.0.jar (35 kB at 1.4 MB/s)
[INFO] Downloaded from central: https://repo.maven.apache.org/maven2/org/apache/maven/shared/maven-shared-io/3.0.0/maven-shared-io-3.0.0.jar (41 kB at 1.5 MB/s)
[INFO] Downloaded from central: https://repo.maven.apache.org/maven2/org/codehaus/plexus/plexus-io/3.1.1/plexus-io-3.1.1.jar (75 kB at 2.6 MB/s)
[INFO] Downloaded from central: https://repo.maven.apache.org/maven2/org/codehaus/plexus/plexus-archiver/4.0.0/plexus-archiver-4.0.0.jar (192 kB at 5.0 MB/s)
[INFO] Downloaded from central: https://repo.maven.apache.org/maven2/org/apache/maven/maven-archiver/3.2.0/maven-archiver-3.2.0.jar (24 kB at 527 kB/s)
[INFO] Building jar: /openfire-hazelcast-plugin/target/hazelcast-openfire-plugin-assembly.jar
[INFO] ------------------------------------------------------------------------
[INFO] BUILD SUCCESS
[INFO] ------------------------------------------------------------------------
[INFO] Total time:  7.832 s
[INFO] Finished at: 2026-04-27T14:48:23Z
[INFO] ------------------------------------------------------------------------
[WARNING] 
[WARNING] Plugin validation issues were detected in 7 plugin(s)
[WARNING] 
[WARNING]  * org.apache.maven.plugins:maven-compiler-plugin:3.8.0
[WARNING]  * org.eclipse.jetty:jetty-jspc-maven-plugin:9.4.43.v20210629
[WARNING]  * org.apache.maven.plugins:maven-jar-plugin:3.1.1
[WARNING]  * org.apache.maven.plugins:maven-assembly-plugin:3.1.1
[WARNING]  * org.apache.maven.plugins:maven-resources-plugin:3.1.0
[WARNING]  * org.codehaus.mojo:native2ascii-maven-plugin:2.0.1
[WARNING]  * org.apache.maven.plugins:maven-enforcer-plugin:3.0.0-M2
[WARNING] 
[WARNING] For more or less details, use 'maven.plugin.validation' property with one of the values (case insensitive): [BRIEF, DEFAULT, VERBOSE]
[WARNING] 
