[INFO] Scanning for projects...
[INFO] Inspecting build with total of 1 modules...
[INFO] Installing Nexus Staging features:
[INFO]   ... total of 1 executions of maven-deploy-plugin replaced with nexus-staging-maven-plugin
[INFO] 
[INFO] ---------------< se.vandmo:dependency-lock-maven-plugin >---------------
[INFO] Building Dependency Lock Maven Plugin 0-SNAPSHOT
[INFO]   from pom.xml
[INFO] ----------------------------[ maven-plugin ]----------------------------
[INFO] Downloading from central: https://repo.maven.apache.org/maven2/org/apache/maven/plugins/maven-jar-plugin/3.0.2/maven-jar-plugin-3.0.2.pom
[INFO] Downloaded from central: https://repo.maven.apache.org/maven2/org/apache/maven/plugins/maven-jar-plugin/3.0.2/maven-jar-plugin-3.0.2.pom (6.2 kB at 18 kB/s)
[INFO] Downloading from central: https://repo.maven.apache.org/maven2/org/apache/maven/plugins/maven-plugins/30/maven-plugins-30.pom
[INFO] Downloaded from central: https://repo.maven.apache.org/maven2/org/apache/maven/plugins/maven-plugins/30/maven-plugins-30.pom (10 kB at 442 kB/s)
[INFO] Downloading from central: https://repo.maven.apache.org/maven2/org/apache/maven/plugins/maven-jar-plugin/3.0.2/maven-jar-plugin-3.0.2.jar
[INFO] Downloaded from central: https://repo.maven.apache.org/maven2/org/apache/maven/plugins/maven-jar-plugin/3.0.2/maven-jar-plugin-3.0.2.jar (27 kB at 1.1 MB/s)
[INFO] 
[INFO] --- dependency-lock:0.13:check (check) @ dependency-lock-maven-plugin ---
[INFO] Actual dependencies matches locked dependencies
[INFO] 
[INFO] --- resources:3.1.0:resources (default-resources) @ dependency-lock-maven-plugin ---
[INFO] Using 'UTF-8' encoding to copy filtered resources.
[INFO] Copying 1 resource
[INFO] 
[INFO] --- compiler:3.3:compile (default-compile) @ dependency-lock-maven-plugin ---
[INFO] Nothing to compile - all classes are up to date
[INFO] 
[INFO] --- plugin:3.6.1:descriptor (default-descriptor) @ dependency-lock-maven-plugin ---
[INFO] Using 'UTF-8' encoding to read mojo source files.
[INFO] java-javadoc mojo extractor found 0 mojo descriptor.
[INFO] ant mojo extractor found 0 mojo descriptor.
[INFO] bsh mojo extractor found 0 mojo descriptor.
[INFO] java-annotations mojo extractor found 4 mojo descriptors.
[INFO] 
[INFO] --- resources:3.1.0:testResources (default-testResources) @ dependency-lock-maven-plugin ---
[INFO] Using 'UTF-8' encoding to copy filtered resources.
[INFO] skip non existing resourceDirectory /dependency-lock-maven-plugin/src/test/resources
[INFO] 
[INFO] --- compiler:3.3:testCompile (default-testCompile) @ dependency-lock-maven-plugin ---
[INFO] Nothing to compile - all classes are up to date
[INFO] 
[INFO] --- surefire:2.22.2:test (default-test) @ dependency-lock-maven-plugin ---
[INFO] Tests are skipped.
[INFO] 
[INFO] --- jar:3.0.2:jar (default-jar) @ dependency-lock-maven-plugin ---
[INFO] Downloading from central: https://repo.maven.apache.org/maven2/org/codehaus/plexus/plexus-component-annotations/1.6/plexus-component-annotations-1.6.pom
[INFO] Downloaded from central: https://repo.maven.apache.org/maven2/org/codehaus/plexus/plexus-component-annotations/1.6/plexus-component-annotations-1.6.pom (748 B at 24 kB/s)
[INFO] Downloading from central: https://repo.maven.apache.org/maven2/org/codehaus/plexus/plexus-containers/1.6/plexus-containers-1.6.pom
[INFO] Downloaded from central: https://repo.maven.apache.org/maven2/org/codehaus/plexus/plexus-containers/1.6/plexus-containers-1.6.pom (3.8 kB at 179 kB/s)
[INFO] Downloading from central: https://repo.maven.apache.org/maven2/org/codehaus/plexus/plexus/3.3.2/plexus-3.3.2.pom
[INFO] Downloaded from central: https://repo.maven.apache.org/maven2/org/codehaus/plexus/plexus/3.3.2/plexus-3.3.2.pom (22 kB at 384 kB/s)
[INFO] Downloading from central: https://repo.maven.apache.org/maven2/org/apache/maven/maven-archiver/3.1.1/maven-archiver-3.1.1.pom
[INFO] Downloaded from central: https://repo.maven.apache.org/maven2/org/apache/maven/maven-archiver/3.1.1/maven-archiver-3.1.1.pom (4.3 kB at 65 kB/s)
[INFO] Downloading from central: https://repo.maven.apache.org/maven2/org/apache/maven/shared/maven-shared-utils/3.0.1/maven-shared-utils-3.0.1.pom
[INFO] Downloaded from central: https://repo.maven.apache.org/maven2/org/apache/maven/shared/maven-shared-utils/3.0.1/maven-shared-utils-3.0.1.pom (4.6 kB at 95 kB/s)
[INFO] Downloading from central: https://repo.maven.apache.org/maven2/org/codehaus/plexus/plexus-archiver/3.3/plexus-archiver-3.3.pom
[INFO] Downloaded from central: https://repo.maven.apache.org/maven2/org/codehaus/plexus/plexus-archiver/3.3/plexus-archiver-3.3.pom (5.3 kB at 161 kB/s)
[INFO] Downloading from central: https://repo.maven.apache.org/maven2/org/codehaus/plexus/plexus-io/2.7.1/plexus-io-2.7.1.pom
[INFO] Downloaded from central: https://repo.maven.apache.org/maven2/org/codehaus/plexus/plexus-io/2.7.1/plexus-io-2.7.1.pom (4.9 kB at 129 kB/s)
[INFO] Downloading from central: https://repo.maven.apache.org/maven2/org/codehaus/plexus/plexus-utils/3.0.22/plexus-utils-3.0.22.pom
[INFO] Downloaded from central: https://repo.maven.apache.org/maven2/org/codehaus/plexus/plexus-utils/3.0.22/plexus-utils-3.0.22.pom (3.8 kB at 64 kB/s)
[INFO] Downloading from central: https://repo.maven.apache.org/maven2/commons-io/commons-io/2.2/commons-io-2.2.pom
[INFO] Downloaded from central: https://repo.maven.apache.org/maven2/commons-io/commons-io/2.2/commons-io-2.2.pom (11 kB at 116 kB/s)
[INFO] Downloading from central: https://repo.maven.apache.org/maven2/org/apache/commons/commons-parent/24/commons-parent-24.pom
[INFO] Downloaded from central: https://repo.maven.apache.org/maven2/org/apache/commons/commons-parent/24/commons-parent-24.pom (47 kB at 675 kB/s)
[INFO] Downloading from central: https://repo.maven.apache.org/maven2/org/apache/commons/commons-compress/1.11/commons-compress-1.11.pom
[INFO] Downloaded from central: https://repo.maven.apache.org/maven2/org/apache/commons/commons-compress/1.11/commons-compress-1.11.pom (13 kB at 151 kB/s)
[INFO] Downloading from central: https://repo.maven.apache.org/maven2/org/tukaani/xz/1.5/xz-1.5.pom
[INFO] Downloaded from central: https://repo.maven.apache.org/maven2/org/tukaani/xz/1.5/xz-1.5.pom (1.9 kB at 87 kB/s)
[INFO] Downloading from central: https://repo.maven.apache.org/maven2/org/codehaus/plexus/plexus-archiver/3.4/plexus-archiver-3.4.pom
[INFO] Downloaded from central: https://repo.maven.apache.org/maven2/org/codehaus/plexus/plexus-archiver/3.4/plexus-archiver-3.4.pom (5.3 kB at 254 kB/s)
[INFO] Downloading from central: https://repo.maven.apache.org/maven2/org/codehaus/plexus/plexus-component-annotations/1.6/plexus-component-annotations-1.6.jar
[INFO] Downloaded from central: https://repo.maven.apache.org/maven2/org/codehaus/plexus/plexus-component-annotations/1.6/plexus-component-annotations-1.6.jar (4.3 kB at 109 kB/s)
[INFO] Downloading from central: https://repo.maven.apache.org/maven2/org/apache/maven/maven-archiver/3.1.1/maven-archiver-3.1.1.jar
[INFO] Downloading from central: https://repo.maven.apache.org/maven2/org/apache/maven/shared/maven-shared-utils/3.0.1/maven-shared-utils-3.0.1.jar
[INFO] Downloading from central: https://repo.maven.apache.org/maven2/org/codehaus/plexus/plexus-io/2.7.1/plexus-io-2.7.1.jar
[INFO] Downloading from central: https://repo.maven.apache.org/maven2/org/codehaus/plexus/plexus-archiver/3.4/plexus-archiver-3.4.jar
[INFO] Downloaded from central: https://repo.maven.apache.org/maven2/org/apache/maven/maven-archiver/3.1.1/maven-archiver-3.1.1.jar (24 kB at 252 kB/s)
[INFO] Downloading from central: https://repo.maven.apache.org/maven2/org/apache/commons/commons-compress/1.11/commons-compress-1.11.jar
[INFO] Downloading from central: https://repo.maven.apache.org/maven2/org/tukaani/xz/1.5/xz-1.5.jar
[INFO] Downloaded from central: https://repo.maven.apache.org/maven2/org/codehaus/plexus/plexus-archiver/3.4/plexus-archiver-3.4.jar (187 kB at 2.3 MB/s)
[INFO] Downloading from central: https://repo.maven.apache.org/maven2/org/codehaus/plexus/plexus-utils/3.0.24/plexus-utils-3.0.24.jar
[INFO] Downloaded from central: https://repo.maven.apache.org/maven2/org/codehaus/plexus/plexus-io/2.7.1/plexus-io-2.7.1.jar (86 kB at 640 kB/s)
[INFO] Downloaded from central: https://repo.maven.apache.org/maven2/org/tukaani/xz/1.5/xz-1.5.jar (100 kB at 413 kB/s)
[INFO] Downloaded from central: https://repo.maven.apache.org/maven2/org/codehaus/plexus/plexus-utils/3.0.24/plexus-utils-3.0.24.jar (247 kB at 940 kB/s)
[INFO] Downloaded from central: https://repo.maven.apache.org/maven2/org/apache/commons/commons-compress/1.11/commons-compress-1.11.jar (426 kB at 1.2 MB/s)
[INFO] Downloaded from central: https://repo.maven.apache.org/maven2/org/apache/maven/shared/maven-shared-utils/3.0.1/maven-shared-utils-3.0.1.jar (154 kB at 381 kB/s)
[INFO] Building jar: /dependency-lock-maven-plugin/target/dependency-lock-maven-plugin-0-SNAPSHOT.jar
[INFO] 
[INFO] --- plugin:3.6.1:addPluginArtifactMetadata (default-addPluginArtifactMetadata) @ dependency-lock-maven-plugin ---
[INFO] 
[INFO] --- source:2.2.1:jar-no-fork (attach-sources) @ dependency-lock-maven-plugin ---
[INFO] Downloading from central: https://repo.maven.apache.org/maven2/org/apache/maven/maven-model/2.0.9/maven-model-2.0.9.pom
[INFO] Downloaded from central: https://repo.maven.apache.org/maven2/org/apache/maven/maven-model/2.0.9/maven-model-2.0.9.pom (3.1 kB at 112 kB/s)
[INFO] Downloading from central: https://repo.maven.apache.org/maven2/org/apache/maven/maven/2.0.9/maven-2.0.9.pom
[INFO] Downloaded from central: https://repo.maven.apache.org/maven2/org/apache/maven/maven/2.0.9/maven-2.0.9.pom (19 kB at 822 kB/s)
[INFO] Downloading from central: https://repo.maven.apache.org/maven2/org/apache/maven/maven-parent/8/maven-parent-8.pom
[INFO] Downloaded from central: https://repo.maven.apache.org/maven2/org/apache/maven/maven-parent/8/maven-parent-8.pom (24 kB at 1.1 MB/s)
[INFO] Downloading from central: https://repo.maven.apache.org/maven2/org/codehaus/plexus/plexus-utils/1.5.1/plexus-utils-1.5.1.pom
[INFO] Downloaded from central: https://repo.maven.apache.org/maven2/org/codehaus/plexus/plexus-utils/1.5.1/plexus-utils-1.5.1.pom (2.3 kB at 121 kB/s)
[INFO] Downloading from central: https://repo.maven.apache.org/maven2/org/apache/maven/maven-artifact/2.0.9/maven-artifact-2.0.9.pom
[INFO] Downloaded from central: https://repo.maven.apache.org/maven2/org/apache/maven/maven-artifact/2.0.9/maven-artifact-2.0.9.pom (1.6 kB at 77 kB/s)
[INFO] Downloading from central: https://repo.maven.apache.org/maven2/org/apache/maven/maven-plugin-api/2.0.9/maven-plugin-api-2.0.9.pom
[INFO] Downloaded from central: https://repo.maven.apache.org/maven2/org/apache/maven/maven-plugin-api/2.0.9/maven-plugin-api-2.0.9.pom (1.5 kB at 65 kB/s)
[INFO] Downloading from central: https://repo.maven.apache.org/maven2/org/apache/maven/maven-project/2.0.9/maven-project-2.0.9.pom
[INFO] Downloaded from central: https://repo.maven.apache.org/maven2/org/apache/maven/maven-project/2.0.9/maven-project-2.0.9.pom (2.7 kB at 123 kB/s)
[INFO] Downloading from central: https://repo.maven.apache.org/maven2/org/apache/maven/maven-settings/2.0.9/maven-settings-2.0.9.pom
[INFO] Downloaded from central: https://repo.maven.apache.org/maven2/org/apache/maven/maven-settings/2.0.9/maven-settings-2.0.9.pom (2.1 kB at 94 kB/s)
[INFO] Downloading from central: https://repo.maven.apache.org/maven2/org/apache/maven/maven-profile/2.0.9/maven-profile-2.0.9.pom
[INFO] Downloaded from central: https://repo.maven.apache.org/maven2/org/apache/maven/maven-profile/2.0.9/maven-profile-2.0.9.pom (2.0 kB at 93 kB/s)
[INFO] Downloading from central: https://repo.maven.apache.org/maven2/org/apache/maven/maven-artifact-manager/2.0.9/maven-artifact-manager-2.0.9.pom
[INFO] Downloaded from central: https://repo.maven.apache.org/maven2/org/apache/maven/maven-artifact-manager/2.0.9/maven-artifact-manager-2.0.9.pom (2.7 kB at 112 kB/s)
[INFO] Downloading from central: https://repo.maven.apache.org/maven2/org/apache/maven/maven-repository-metadata/2.0.9/maven-repository-metadata-2.0.9.pom
[INFO] Downloaded from central: https://repo.maven.apache.org/maven2/org/apache/maven/maven-repository-metadata/2.0.9/maven-repository-metadata-2.0.9.pom (1.9 kB at 91 kB/s)
[INFO] Downloading from central: https://repo.maven.apache.org/maven2/org/apache/maven/maven-plugin-registry/2.0.9/maven-plugin-registry-2.0.9.pom
[INFO] Downloaded from central: https://repo.maven.apache.org/maven2/org/apache/maven/maven-plugin-registry/2.0.9/maven-plugin-registry-2.0.9.pom (2.0 kB at 94 kB/s)
[INFO] Downloading from central: https://repo.maven.apache.org/maven2/org/apache/maven/maven-archiver/2.5/maven-archiver-2.5.pom
[INFO] Downloaded from central: https://repo.maven.apache.org/maven2/org/apache/maven/maven-archiver/2.5/maven-archiver-2.5.pom (4.5 kB at 182 kB/s)
[INFO] Downloading from central: https://repo.maven.apache.org/maven2/org/apache/maven/shared/maven-shared-components/17/maven-shared-components-17.pom
[INFO] Downloaded from central: https://repo.maven.apache.org/maven2/org/apache/maven/shared/maven-shared-components/17/maven-shared-components-17.pom (8.7 kB at 311 kB/s)
[INFO] Downloading from central: https://repo.maven.apache.org/maven2/org/apache/maven/maven-artifact/2.0.6/maven-artifact-2.0.6.pom
[INFO] Downloaded from central: https://repo.maven.apache.org/maven2/org/apache/maven/maven-artifact/2.0.6/maven-artifact-2.0.6.pom (1.6 kB at 66 kB/s)
[INFO] Downloading from central: https://repo.maven.apache.org/maven2/org/apache/maven/maven/2.0.6/maven-2.0.6.pom
[INFO] Downloaded from central: https://repo.maven.apache.org/maven2/org/apache/maven/maven/2.0.6/maven-2.0.6.pom (9.0 kB at 362 kB/s)
[INFO] Downloading from central: https://repo.maven.apache.org/maven2/org/apache/maven/maven-parent/5/maven-parent-5.pom
[INFO] Downloaded from central: https://repo.maven.apache.org/maven2/org/apache/maven/maven-parent/5/maven-parent-5.pom (15 kB at 693 kB/s)
[INFO] Downloading from central: https://repo.maven.apache.org/maven2/org/apache/apache/3/apache-3.pom
[INFO] Downloaded from central: https://repo.maven.apache.org/maven2/org/apache/apache/3/apache-3.pom (3.4 kB at 163 kB/s)
[INFO] Downloading from central: https://repo.maven.apache.org/maven2/org/codehaus/plexus/plexus-utils/1.4.1/plexus-utils-1.4.1.pom
[INFO] Downloaded from central: https://repo.maven.apache.org/maven2/org/codehaus/plexus/plexus-utils/1.4.1/plexus-utils-1.4.1.pom (1.9 kB at 95 kB/s)
[INFO] Downloading from central: https://repo.maven.apache.org/maven2/org/apache/maven/maven-model/2.0.6/maven-model-2.0.6.pom
[INFO] Downloaded from central: https://repo.maven.apache.org/maven2/org/apache/maven/maven-model/2.0.6/maven-model-2.0.6.pom (3.0 kB at 122 kB/s)
[INFO] Downloading from central: https://repo.maven.apache.org/maven2/org/apache/maven/maven-core/2.0.6/maven-core-2.0.6.pom
[INFO] Downloaded from central: https://repo.maven.apache.org/maven2/org/apache/maven/maven-core/2.0.6/maven-core-2.0.6.pom (6.7 kB at 292 kB/s)
[INFO] Downloading from central: https://repo.maven.apache.org/maven2/org/apache/maven/maven-settings/2.0.6/maven-settings-2.0.6.pom
[INFO] Downloaded from central: https://repo.maven.apache.org/maven2/org/apache/maven/maven-settings/2.0.6/maven-settings-2.0.6.pom (2.0 kB at 80 kB/s)
[INFO] Downloading from central: https://repo.maven.apache.org/maven2/org/apache/maven/maven-plugin-parameter-documenter/2.0.6/maven-plugin-parameter-documenter-2.0.6.pom
[INFO] Downloaded from central: https://repo.maven.apache.org/maven2/org/apache/maven/maven-plugin-parameter-documenter/2.0.6/maven-plugin-parameter-documenter-2.0.6.pom (1.9 kB at 80 kB/s)
[INFO] Downloading from central: https://repo.maven.apache.org/maven2/org/apache/maven/reporting/maven-reporting-api/2.0.6/maven-reporting-api-2.0.6.pom
[INFO] Downloaded from central: https://repo.maven.apache.org/maven2/org/apache/maven/reporting/maven-reporting-api/2.0.6/maven-reporting-api-2.0.6.pom (1.8 kB at 60 kB/s)
[INFO] Downloading from central: https://repo.maven.apache.org/maven2/org/apache/maven/reporting/maven-reporting/2.0.6/maven-reporting-2.0.6.pom
[INFO] Downloaded from central: https://repo.maven.apache.org/maven2/org/apache/maven/reporting/maven-reporting/2.0.6/maven-reporting-2.0.6.pom (1.4 kB at 65 kB/s)
[INFO] Downloading from central: https://repo.maven.apache.org/maven2/org/apache/maven/doxia/doxia-sink-api/1.0-alpha-7/doxia-sink-api-1.0-alpha-7.pom
[INFO] Downloaded from central: https://repo.maven.apache.org/maven2/org/apache/maven/doxia/doxia-sink-api/1.0-alpha-7/doxia-sink-api-1.0-alpha-7.pom (424 B at 18 kB/s)
[INFO] Downloading from central: https://repo.maven.apache.org/maven2/org/apache/maven/doxia/doxia/1.0-alpha-7/doxia-1.0-alpha-7.pom
[INFO] Downloaded from central: https://repo.maven.apache.org/maven2/org/apache/maven/doxia/doxia/1.0-alpha-7/doxia-1.0-alpha-7.pom (3.9 kB at 178 kB/s)
[INFO] Downloading from central: https://repo.maven.apache.org/maven2/org/apache/maven/maven-profile/2.0.6/maven-profile-2.0.6.pom
[INFO] Downloaded from central: https://repo.maven.apache.org/maven2/org/apache/maven/maven-profile/2.0.6/maven-profile-2.0.6.pom (2.0 kB at 90 kB/s)
[INFO] Downloading from central: https://repo.maven.apache.org/maven2/org/apache/maven/maven-repository-metadata/2.0.6/maven-repository-metadata-2.0.6.pom
[INFO] Downloaded from central: https://repo.maven.apache.org/maven2/org/apache/maven/maven-repository-metadata/2.0.6/maven-repository-metadata-2.0.6.pom (1.9 kB at 64 kB/s)
[INFO] Downloading from central: https://repo.maven.apache.org/maven2/org/apache/maven/maven-error-diagnostics/2.0.6/maven-error-diagnostics-2.0.6.pom
[INFO] Downloaded from central: https://repo.maven.apache.org/maven2/org/apache/maven/maven-error-diagnostics/2.0.6/maven-error-diagnostics-2.0.6.pom (1.7 kB at 55 kB/s)
[INFO] Downloading from central: https://repo.maven.apache.org/maven2/org/apache/maven/maven-project/2.0.6/maven-project-2.0.6.pom
[INFO] Downloaded from central: https://repo.maven.apache.org/maven2/org/apache/maven/maven-project/2.0.6/maven-project-2.0.6.pom (2.6 kB at 105 kB/s)
[INFO] Downloading from central: https://repo.maven.apache.org/maven2/org/apache/maven/maven-artifact-manager/2.0.6/maven-artifact-manager-2.0.6.pom
[INFO] Downloaded from central: https://repo.maven.apache.org/maven2/org/apache/maven/maven-artifact-manager/2.0.6/maven-artifact-manager-2.0.6.pom (2.6 kB at 94 kB/s)
[INFO] Downloading from central: https://repo.maven.apache.org/maven2/org/apache/maven/maven-plugin-registry/2.0.6/maven-plugin-registry-2.0.6.pom
[INFO] Downloaded from central: https://repo.maven.apache.org/maven2/org/apache/maven/maven-plugin-registry/2.0.6/maven-plugin-registry-2.0.6.pom (1.9 kB at 75 kB/s)
[INFO] Downloading from central: https://repo.maven.apache.org/maven2/commons-cli/commons-cli/1.0/commons-cli-1.0.pom
[INFO] Downloaded from central: https://repo.maven.apache.org/maven2/commons-cli/commons-cli/1.0/commons-cli-1.0.pom (2.1 kB at 84 kB/s)
[INFO] Downloading from central: https://repo.maven.apache.org/maven2/org/apache/maven/maven-plugin-api/2.0.6/maven-plugin-api-2.0.6.pom
[INFO] Downloaded from central: https://repo.maven.apache.org/maven2/org/apache/maven/maven-plugin-api/2.0.6/maven-plugin-api-2.0.6.pom (1.5 kB at 66 kB/s)
[INFO] Downloading from central: https://repo.maven.apache.org/maven2/org/apache/maven/maven-plugin-descriptor/2.0.6/maven-plugin-descriptor-2.0.6.pom
[INFO] Downloaded from central: https://repo.maven.apache.org/maven2/org/apache/maven/maven-plugin-descriptor/2.0.6/maven-plugin-descriptor-2.0.6.pom (2.0 kB at 88 kB/s)
[INFO] Downloading from central: https://repo.maven.apache.org/maven2/org/apache/maven/maven-monitor/2.0.6/maven-monitor-2.0.6.pom
[INFO] Downloaded from central: https://repo.maven.apache.org/maven2/org/apache/maven/maven-monitor/2.0.6/maven-monitor-2.0.6.pom (1.3 kB at 55 kB/s)
[INFO] Downloading from central: https://repo.maven.apache.org/maven2/org/codehaus/plexus/plexus-archiver/2.1/plexus-archiver-2.1.pom
[INFO] Downloaded from central: https://repo.maven.apache.org/maven2/org/codehaus/plexus/plexus-archiver/2.1/plexus-archiver-2.1.pom (2.8 kB at 112 kB/s)
[INFO] Downloading from central: https://repo.maven.apache.org/maven2/org/codehaus/plexus/plexus-utils/3.0/plexus-utils-3.0.pom
[INFO] Downloaded from central: https://repo.maven.apache.org/maven2/org/codehaus/plexus/plexus-utils/3.0/plexus-utils-3.0.pom (4.1 kB at 169 kB/s)
[INFO] Downloading from central: https://repo.maven.apache.org/maven2/org/sonatype/spice/spice-parent/16/spice-parent-16.pom
[INFO] Downloaded from central: https://repo.maven.apache.org/maven2/org/sonatype/spice/spice-parent/16/spice-parent-16.pom (8.4 kB at 380 kB/s)
[INFO] Downloading from central: https://repo.maven.apache.org/maven2/org/codehaus/plexus/plexus-io/2.0.2/plexus-io-2.0.2.pom
[INFO] Downloaded from central: https://repo.maven.apache.org/maven2/org/codehaus/plexus/plexus-io/2.0.2/plexus-io-2.0.2.pom (1.7 kB at 48 kB/s)
[INFO] Downloading from central: https://repo.maven.apache.org/maven2/org/codehaus/plexus/plexus-components/1.1.19/plexus-components-1.1.19.pom
[INFO] Downloaded from central: https://repo.maven.apache.org/maven2/org/codehaus/plexus/plexus-components/1.1.19/plexus-components-1.1.19.pom (2.7 kB at 104 kB/s)
[INFO] Downloading from central: https://repo.maven.apache.org/maven2/org/codehaus/plexus/plexus-archiver/2.2/plexus-archiver-2.2.pom
[INFO] Downloaded from central: https://repo.maven.apache.org/maven2/org/codehaus/plexus/plexus-archiver/2.2/plexus-archiver-2.2.pom (3.2 kB at 140 kB/s)
[INFO] Downloading from central: https://repo.maven.apache.org/maven2/org/codehaus/plexus/plexus-components/1.1.20/plexus-components-1.1.20.pom
[INFO] Downloaded from central: https://repo.maven.apache.org/maven2/org/codehaus/plexus/plexus-components/1.1.20/plexus-components-1.1.20.pom (3.0 kB at 121 kB/s)
[INFO] Downloading from central: https://repo.maven.apache.org/maven2/org/codehaus/plexus/plexus/3.1/plexus-3.1.pom
[INFO] Downloaded from central: https://repo.maven.apache.org/maven2/org/codehaus/plexus/plexus/3.1/plexus-3.1.pom (19 kB at 716 kB/s)
[INFO] Downloading from central: https://repo.maven.apache.org/maven2/org/codehaus/plexus/plexus-utils/3.0.7/plexus-utils-3.0.7.pom
[INFO] Downloaded from central: https://repo.maven.apache.org/maven2/org/codehaus/plexus/plexus-utils/3.0.7/plexus-utils-3.0.7.pom (2.5 kB at 105 kB/s)
[INFO] Downloading from central: https://repo.maven.apache.org/maven2/org/codehaus/plexus/plexus-io/2.0.4/plexus-io-2.0.4.pom
[INFO] Downloaded from central: https://repo.maven.apache.org/maven2/org/codehaus/plexus/plexus-io/2.0.4/plexus-io-2.0.4.pom (1.7 kB at 60 kB/s)
[INFO] Downloading from central: https://repo.maven.apache.org/maven2/org/apache/maven/maven-model/2.0.9/maven-model-2.0.9.jar
[INFO] Downloaded from central: https://repo.maven.apache.org/maven2/org/apache/maven/maven-model/2.0.9/maven-model-2.0.9.jar (87 kB at 2.9 MB/s)
[INFO] Downloading from central: https://repo.maven.apache.org/maven2/org/apache/maven/maven-artifact/2.0.9/maven-artifact-2.0.9.jar
[INFO] Downloading from central: https://repo.maven.apache.org/maven2/org/apache/maven/maven-plugin-api/2.0.9/maven-plugin-api-2.0.9.jar
[INFO] Downloading from central: https://repo.maven.apache.org/maven2/org/apache/maven/maven-project/2.0.9/maven-project-2.0.9.jar
[INFO] Downloading from central: https://repo.maven.apache.org/maven2/org/apache/maven/maven-settings/2.0.9/maven-settings-2.0.9.jar
[INFO] Downloaded from central: https://repo.maven.apache.org/maven2/org/apache/maven/maven-artifact/2.0.9/maven-artifact-2.0.9.jar (89 kB at 2.5 MB/s)
[INFO] Downloading from central: https://repo.maven.apache.org/maven2/org/apache/maven/maven-artifact-manager/2.0.9/maven-artifact-manager-2.0.9.jar
[INFO] Downloading from central: https://repo.maven.apache.org/maven2/org/apache/maven/maven-profile/2.0.9/maven-profile-2.0.9.jar
[INFO] Downloaded from central: https://repo.maven.apache.org/maven2/org/apache/maven/maven-plugin-api/2.0.9/maven-plugin-api-2.0.9.jar (13 kB at 253 kB/s)
[INFO] Downloading from central: https://repo.maven.apache.org/maven2/org/apache/maven/maven-repository-metadata/2.0.9/maven-repository-metadata-2.0.9.jar
[INFO] Downloaded from central: https://repo.maven.apache.org/maven2/org/apache/maven/maven-profile/2.0.9/maven-profile-2.0.9.jar (35 kB at 1.1 MB/s)
[INFO] Downloading from central: https://repo.maven.apache.org/maven2/org/apache/maven/maven-plugin-registry/2.0.9/maven-plugin-registry-2.0.9.jar
[INFO] Downloaded from central: https://repo.maven.apache.org/maven2/org/apache/maven/maven-artifact-manager/2.0.9/maven-artifact-manager-2.0.9.jar (58 kB at 1.9 MB/s)
[INFO] Downloading from central: https://repo.maven.apache.org/maven2/junit/junit/3.8.1/junit-3.8.1.jar
[INFO] Downloaded from central: https://repo.maven.apache.org/maven2/org/apache/maven/maven-project/2.0.9/maven-project-2.0.9.jar (122 kB at 2.5 MB/s)
[INFO] Downloading from central: https://repo.maven.apache.org/maven2/org/apache/maven/maven-archiver/2.5/maven-archiver-2.5.jar
[INFO] Downloaded from central: https://repo.maven.apache.org/maven2/org/apache/maven/maven-repository-metadata/2.0.9/maven-repository-metadata-2.0.9.jar (25 kB at 599 kB/s)
[INFO] Downloading from central: https://repo.maven.apache.org/maven2/org/apache/maven/maven-core/2.0.6/maven-core-2.0.6.jar
[INFO] Downloaded from central: https://repo.maven.apache.org/maven2/org/apache/maven/maven-settings/2.0.9/maven-settings-2.0.9.jar (49 kB at 909 kB/s)
[INFO] Downloading from central: https://repo.maven.apache.org/maven2/org/apache/maven/maven-plugin-parameter-documenter/2.0.6/maven-plugin-parameter-documenter-2.0.6.jar
[INFO] Downloaded from central: https://repo.maven.apache.org/maven2/org/apache/maven/maven-plugin-registry/2.0.9/maven-plugin-registry-2.0.9.jar (29 kB at 538 kB/s)
[INFO] Downloading from central: https://repo.maven.apache.org/maven2/org/apache/maven/reporting/maven-reporting-api/2.0.6/maven-reporting-api-2.0.6.jar
[INFO] Downloaded from central: https://repo.maven.apache.org/maven2/junit/junit/3.8.1/junit-3.8.1.jar (121 kB at 2.1 MB/s)
[INFO] Downloaded from central: https://repo.maven.apache.org/maven2/org/apache/maven/maven-archiver/2.5/maven-archiver-2.5.jar (22 kB at 370 kB/s)
[INFO] Downloading from central: https://repo.maven.apache.org/maven2/org/apache/maven/doxia/doxia-sink-api/1.0-alpha-7/doxia-sink-api-1.0-alpha-7.jar
[INFO] Downloading from central: https://repo.maven.apache.org/maven2/org/apache/maven/maven-error-diagnostics/2.0.6/maven-error-diagnostics-2.0.6.jar
[INFO] Downloaded from central: https://repo.maven.apache.org/maven2/org/apache/maven/maven-plugin-parameter-documenter/2.0.6/maven-plugin-parameter-documenter-2.0.6.jar (21 kB at 284 kB/s)
[INFO] Downloading from central: https://repo.maven.apache.org/maven2/commons-cli/commons-cli/1.0/commons-cli-1.0.jar
[INFO] Downloaded from central: https://repo.maven.apache.org/maven2/org/apache/maven/reporting/maven-reporting-api/2.0.6/maven-reporting-api-2.0.6.jar (9.9 kB at 129 kB/s)
[INFO] Downloading from central: https://repo.maven.apache.org/maven2/org/apache/maven/maven-plugin-descriptor/2.0.6/maven-plugin-descriptor-2.0.6.jar
[INFO] Downloaded from central: https://repo.maven.apache.org/maven2/org/apache/maven/doxia/doxia-sink-api/1.0-alpha-7/doxia-sink-api-1.0-alpha-7.jar (5.9 kB at 74 kB/s)
[INFO] Downloading from central: https://repo.maven.apache.org/maven2/org/codehaus/plexus/plexus-interactivity-api/1.0-alpha-4/plexus-interactivity-api-1.0-alpha-4.jar
[INFO] Downloaded from central: https://repo.maven.apache.org/maven2/org/apache/maven/maven-error-diagnostics/2.0.6/maven-error-diagnostics-2.0.6.jar (14 kB at 166 kB/s)
[INFO] Downloading from central: https://repo.maven.apache.org/maven2/org/apache/maven/maven-monitor/2.0.6/maven-monitor-2.0.6.jar
[INFO] Downloaded from central: https://repo.maven.apache.org/maven2/org/apache/maven/maven-core/2.0.6/maven-core-2.0.6.jar (152 kB at 1.6 MB/s)
[INFO] Downloading from central: https://repo.maven.apache.org/maven2/org/codehaus/plexus/plexus-archiver/2.2/plexus-archiver-2.2.jar
[INFO] Downloaded from central: https://repo.maven.apache.org/maven2/commons-cli/commons-cli/1.0/commons-cli-1.0.jar (30 kB at 317 kB/s)
[INFO] Downloading from central: https://repo.maven.apache.org/maven2/org/codehaus/plexus/plexus-io/2.0.4/plexus-io-2.0.4.jar
[INFO] Downloaded from central: https://repo.maven.apache.org/maven2/org/codehaus/plexus/plexus-interactivity-api/1.0-alpha-4/plexus-interactivity-api-1.0-alpha-4.jar (13 kB at 133 kB/s)
[INFO] Downloaded from central: https://repo.maven.apache.org/maven2/org/apache/maven/maven-plugin-descriptor/2.0.6/maven-plugin-descriptor-2.0.6.jar (37 kB at 348 kB/s)
[INFO] Downloaded from central: https://repo.maven.apache.org/maven2/org/apache/maven/maven-monitor/2.0.6/maven-monitor-2.0.6.jar (10 kB at 88 kB/s)
[INFO] Downloaded from central: https://repo.maven.apache.org/maven2/org/codehaus/plexus/plexus-io/2.0.4/plexus-io-2.0.4.jar (58 kB at 438 kB/s)
[INFO] Downloaded from central: https://repo.maven.apache.org/maven2/org/codehaus/plexus/plexus-archiver/2.2/plexus-archiver-2.2.jar (185 kB at 1.4 MB/s)
[INFO] Building jar: /dependency-lock-maven-plugin/target/dependency-lock-maven-plugin-0-SNAPSHOT-sources.jar
[INFO] 
[INFO] --- javadoc:3.3.1:jar (attach-javadocs) @ dependency-lock-maven-plugin ---
[INFO] Downloading from central: https://repo.maven.apache.org/maven2/org/codehaus/plexus/plexus-component-annotations/2.0.0/plexus-component-annotations-2.0.0.pom
[INFO] Downloaded from central: https://repo.maven.apache.org/maven2/org/codehaus/plexus/plexus-component-annotations/2.0.0/plexus-component-annotations-2.0.0.pom (750 B at 31 kB/s)
[INFO] Downloading from central: https://repo.maven.apache.org/maven2/org/codehaus/plexus/plexus-containers/2.0.0/plexus-containers-2.0.0.pom
[INFO] Downloaded from central: https://repo.maven.apache.org/maven2/org/codehaus/plexus/plexus-containers/2.0.0/plexus-containers-2.0.0.pom (4.8 kB at 178 kB/s)
[INFO] Downloading from central: https://repo.maven.apache.org/maven2/org/sonatype/aether/aether-util/1.13.1/aether-util-1.13.1.pom
[INFO] Downloaded from central: https://repo.maven.apache.org/maven2/org/sonatype/aether/aether-util/1.13.1/aether-util-1.13.1.pom (1.7 kB at 69 kB/s)
[INFO] Downloading from central: https://repo.maven.apache.org/maven2/org/sonatype/aether/aether-impl/1.13.1/aether-impl-1.13.1.pom
[INFO] Downloaded from central: https://repo.maven.apache.org/maven2/org/sonatype/aether/aether-impl/1.13.1/aether-impl-1.13.1.pom (2.5 kB at 99 kB/s)
[INFO] Downloading from central: https://repo.maven.apache.org/maven2/org/sonatype/aether/aether-spi/1.13.1/aether-spi-1.13.1.pom
[INFO] Downloaded from central: https://repo.maven.apache.org/maven2/org/sonatype/aether/aether-spi/1.13.1/aether-spi-1.13.1.pom (1.4 kB at 69 kB/s)
[INFO] Downloading from central: https://repo.maven.apache.org/maven2/org/apache/maven/maven-archiver/3.5.1/maven-archiver-3.5.1.pom
[INFO] Downloaded from central: https://repo.maven.apache.org/maven2/org/apache/maven/maven-archiver/3.5.1/maven-archiver-3.5.1.pom (5.4 kB at 268 kB/s)
[INFO] Downloading from central: https://repo.maven.apache.org/maven2/org/codehaus/plexus/plexus-utils/3.0.15/plexus-utils-3.0.15.pom
[INFO] Downloaded from central: https://repo.maven.apache.org/maven2/org/codehaus/plexus/plexus-utils/3.0.15/plexus-utils-3.0.15.pom (3.1 kB at 131 kB/s)
[INFO] Downloading from central: https://repo.maven.apache.org/maven2/com/google/guava/guava/10.0.1/guava-10.0.1.pom
[INFO] Downloaded from central: https://repo.maven.apache.org/maven2/com/google/guava/guava/10.0.1/guava-10.0.1.pom (5.4 kB at 269 kB/s)
[INFO] Downloading from central: https://repo.maven.apache.org/maven2/com/google/guava/guava-parent/10.0.1/guava-parent-10.0.1.pom
[INFO] Downloaded from central: https://repo.maven.apache.org/maven2/com/google/guava/guava-parent/10.0.1/guava-parent-10.0.1.pom (2.0 kB at 89 kB/s)
[INFO] Downloading from central: https://repo.maven.apache.org/maven2/com/google/code/findbugs/jsr305/1.3.9/jsr305-1.3.9.pom
[INFO] Downloaded from central: https://repo.maven.apache.org/maven2/com/google/code/findbugs/jsr305/1.3.9/jsr305-1.3.9.pom (965 B at 33 kB/s)
[INFO] Downloading from central: https://repo.maven.apache.org/maven2/org/codehaus/plexus/plexus-utils/2.1/plexus-utils-2.1.pom
[INFO] Downloaded from central: https://repo.maven.apache.org/maven2/org/codehaus/plexus/plexus-utils/2.1/plexus-utils-2.1.pom (4.0 kB at 202 kB/s)
[INFO] Downloading from central: https://repo.maven.apache.org/maven2/org/codehaus/plexus/plexus-archiver/4.2.3/plexus-archiver-4.2.3.pom
[INFO] Downloaded from central: https://repo.maven.apache.org/maven2/org/codehaus/plexus/plexus-archiver/4.2.3/plexus-archiver-4.2.3.pom (4.9 kB at 234 kB/s)
[INFO] Downloading from central: https://repo.maven.apache.org/maven2/org/codehaus/plexus/plexus/6.4/plexus-6.4.pom
[INFO] Downloaded from central: https://repo.maven.apache.org/maven2/org/codehaus/plexus/plexus/6.4/plexus-6.4.pom (26 kB at 1.2 MB/s)
[INFO] Downloading from central: https://repo.maven.apache.org/maven2/org/codehaus/plexus/plexus-io/3.2.0/plexus-io-3.2.0.pom
[INFO] Downloaded from central: https://repo.maven.apache.org/maven2/org/codehaus/plexus/plexus-io/3.2.0/plexus-io-3.2.0.pom (4.5 kB at 198 kB/s)
[INFO] Downloading from central: https://repo.maven.apache.org/maven2/org/apache/commons/commons-compress/1.20/commons-compress-1.20.pom
[INFO] Downloaded from central: https://repo.maven.apache.org/maven2/org/apache/commons/commons-compress/1.20/commons-compress-1.20.pom (18 kB at 794 kB/s)
[INFO] Downloading from central: https://repo.maven.apache.org/maven2/org/apache/commons/commons-parent/48/commons-parent-48.pom
[INFO] Downloaded from central: https://repo.maven.apache.org/maven2/org/apache/commons/commons-parent/48/commons-parent-48.pom (72 kB at 3.3 MB/s)
[INFO] Downloading from central: https://repo.maven.apache.org/maven2/org/apache/maven/shared/maven-invoker/3.1.0/maven-invoker-3.1.0.pom
[INFO] Downloaded from central: https://repo.maven.apache.org/maven2/org/apache/maven/shared/maven-invoker/3.1.0/maven-invoker-3.1.0.pom (6.9 kB at 345 kB/s)
[INFO] Downloading from central: https://repo.maven.apache.org/maven2/org/apache/maven/shared/maven-common-artifact-filters/3.1.1/maven-common-artifact-filters-3.1.1.pom
[INFO] Downloaded from central: https://repo.maven.apache.org/maven2/org/apache/maven/shared/maven-common-artifact-filters/3.1.1/maven-common-artifact-filters-3.1.1.pom (5.8 kB at 290 kB/s)
[INFO] Downloading from central: https://repo.maven.apache.org/maven2/org/apache/maven/maven-artifact/3.1.0/maven-artifact-3.1.0.pom
[INFO] Downloaded from central: https://repo.maven.apache.org/maven2/org/apache/maven/maven-artifact/3.1.0/maven-artifact-3.1.0.pom (1.6 kB at 82 kB/s)
[INFO] Downloading from central: https://repo.maven.apache.org/maven2/org/apache/maven/maven/3.1.0/maven-3.1.0.pom
[INFO] Downloaded from central: https://repo.maven.apache.org/maven2/org/apache/maven/maven/3.1.0/maven-3.1.0.pom (22 kB at 1.1 MB/s)
[INFO] Downloading from central: https://repo.maven.apache.org/maven2/org/apache/maven/maven-model/3.1.0/maven-model-3.1.0.pom
[INFO] Downloaded from central: https://repo.maven.apache.org/maven2/org/apache/maven/maven-model/3.1.0/maven-model-3.1.0.pom (3.8 kB at 200 kB/s)
[INFO] Downloading from central: https://repo.maven.apache.org/maven2/org/apache/maven/maven-core/3.1.0/maven-core-3.1.0.pom
[INFO] Downloaded from central: https://repo.maven.apache.org/maven2/org/apache/maven/maven-core/3.1.0/maven-core-3.1.0.pom (6.9 kB at 346 kB/s)
[INFO] Downloading from central: https://repo.maven.apache.org/maven2/org/apache/maven/maven-settings/3.1.0/maven-settings-3.1.0.pom
[INFO] Downloaded from central: https://repo.maven.apache.org/maven2/org/apache/maven/maven-settings/3.1.0/maven-settings-3.1.0.pom (1.8 kB at 76 kB/s)
[INFO] Downloading from central: https://repo.maven.apache.org/maven2/org/apache/maven/maven-settings-builder/3.1.0/maven-settings-builder-3.1.0.pom
[INFO] Downloaded from central: https://repo.maven.apache.org/maven2/org/apache/maven/maven-settings-builder/3.1.0/maven-settings-builder-3.1.0.pom (2.3 kB at 98 kB/s)
[INFO] Downloading from central: https://repo.maven.apache.org/maven2/org/codehaus/plexus/plexus-interpolation/1.16/plexus-interpolation-1.16.pom
[INFO] Downloaded from central: https://repo.maven.apache.org/maven2/org/codehaus/plexus/plexus-interpolation/1.16/plexus-interpolation-1.16.pom (1.0 kB at 45 kB/s)
[INFO] Downloading from central: https://repo.maven.apache.org/maven2/org/codehaus/plexus/plexus-components/1.3/plexus-components-1.3.pom
[INFO] Downloaded from central: https://repo.maven.apache.org/maven2/org/codehaus/plexus/plexus-components/1.3/plexus-components-1.3.pom (3.1 kB at 113 kB/s)
[INFO] Downloading from central: https://repo.maven.apache.org/maven2/org/apache/maven/maven-repository-metadata/3.1.0/maven-repository-metadata-3.1.0.pom
[INFO] Downloaded from central: https://repo.maven.apache.org/maven2/org/apache/maven/maven-repository-metadata/3.1.0/maven-repository-metadata-3.1.0.pom (1.9 kB at 90 kB/s)
[INFO] Downloading from central: https://repo.maven.apache.org/maven2/org/apache/maven/maven-plugin-api/3.1.0/maven-plugin-api-3.1.0.pom
[INFO] Downloaded from central: https://repo.maven.apache.org/maven2/org/apache/maven/maven-plugin-api/3.1.0/maven-plugin-api-3.1.0.pom (3.0 kB at 145 kB/s)
[INFO] Downloading from central: https://repo.maven.apache.org/maven2/org/eclipse/sisu/org.eclipse.sisu.plexus/0.0.0.M2a/org.eclipse.sisu.plexus-0.0.0.M2a.pom
[INFO] Downloaded from central: https://repo.maven.apache.org/maven2/org/eclipse/sisu/org.eclipse.sisu.plexus/0.0.0.M2a/org.eclipse.sisu.plexus-0.0.0.M2a.pom (5.9 kB at 246 kB/s)
[INFO] Downloading from central: https://repo.maven.apache.org/maven2/org/eclipse/sisu/sisu-plexus/0.0.0.M2a/sisu-plexus-0.0.0.M2a.pom
[INFO] Downloaded from central: https://repo.maven.apache.org/maven2/org/eclipse/sisu/sisu-plexus/0.0.0.M2a/sisu-plexus-0.0.0.M2a.pom (7.9 kB at 283 kB/s)
[INFO] Downloading from central: https://repo.maven.apache.org/maven2/org/eclipse/sisu/org.eclipse.sisu.inject/0.0.0.M2a/org.eclipse.sisu.inject-0.0.0.M2a.pom
[INFO] Downloaded from central: https://repo.maven.apache.org/maven2/org/eclipse/sisu/org.eclipse.sisu.inject/0.0.0.M2a/org.eclipse.sisu.inject-0.0.0.M2a.pom (5.0 kB at 207 kB/s)
[INFO] Downloading from central: https://repo.maven.apache.org/maven2/org/eclipse/sisu/sisu-inject/0.0.0.M2a/sisu-inject-0.0.0.M2a.pom
[INFO] Downloaded from central: https://repo.maven.apache.org/maven2/org/eclipse/sisu/sisu-inject/0.0.0.M2a/sisu-inject-0.0.0.M2a.pom (7.8 kB at 339 kB/s)
[INFO] Downloading from central: https://repo.maven.apache.org/maven2/asm/asm/3.3.1/asm-3.3.1.pom
[INFO] Downloaded from central: https://repo.maven.apache.org/maven2/asm/asm/3.3.1/asm-3.3.1.pom (266 B at 13 kB/s)
[INFO] Downloading from central: https://repo.maven.apache.org/maven2/asm/asm-parent/3.3.1/asm-parent-3.3.1.pom
[INFO] Downloaded from central: https://repo.maven.apache.org/maven2/asm/asm-parent/3.3.1/asm-parent-3.3.1.pom (4.3 kB at 197 kB/s)
[INFO] Downloading from central: https://repo.maven.apache.org/maven2/org/apache/maven/maven-model-builder/3.1.0/maven-model-builder-3.1.0.pom
[INFO] Downloaded from central: https://repo.maven.apache.org/maven2/org/apache/maven/maven-model-builder/3.1.0/maven-model-builder-3.1.0.pom (2.5 kB at 107 kB/s)
[INFO] Downloading from central: https://repo.maven.apache.org/maven2/org/apache/maven/maven-aether-provider/3.1.0/maven-aether-provider-3.1.0.pom
[INFO] Downloaded from central: https://repo.maven.apache.org/maven2/org/apache/maven/maven-aether-provider/3.1.0/maven-aether-provider-3.1.0.pom (3.5 kB at 147 kB/s)
[INFO] Downloading from central: https://repo.maven.apache.org/maven2/org/codehaus/plexus/plexus-classworlds/2.4.2/plexus-classworlds-2.4.2.pom
[INFO] Downloaded from central: https://repo.maven.apache.org/maven2/org/codehaus/plexus/plexus-classworlds/2.4.2/plexus-classworlds-2.4.2.pom (3.5 kB at 167 kB/s)
[INFO] Downloading from central: https://repo.maven.apache.org/maven2/org/apache/maven/shared/maven-artifact-transfer/0.13.1/maven-artifact-transfer-0.13.1.pom
[INFO] Downloaded from central: https://repo.maven.apache.org/maven2/org/apache/maven/shared/maven-artifact-transfer/0.13.1/maven-artifact-transfer-0.13.1.pom (11 kB at 511 kB/s)
[INFO] Downloading from central: https://repo.maven.apache.org/maven2/org/apache/maven/shared/maven-common-artifact-filters/3.1.0/maven-common-artifact-filters-3.1.0.pom
[INFO] Downloaded from central: https://repo.maven.apache.org/maven2/org/apache/maven/shared/maven-common-artifact-filters/3.1.0/maven-common-artifact-filters-3.1.0.pom (5.3 kB at 143 kB/s)
[INFO] Downloading from central: https://repo.maven.apache.org/maven2/org/apache/maven/shared/maven-shared-components/33/maven-shared-components-33.pom
[INFO] Downloaded from central: https://repo.maven.apache.org/maven2/org/apache/maven/shared/maven-shared-components/33/maven-shared-components-33.pom (5.1 kB at 196 kB/s)
[INFO] Downloading from central: https://repo.maven.apache.org/maven2/org/apache/maven/shared/maven-shared-utils/3.1.0/maven-shared-utils-3.1.0.pom
[INFO] Downloaded from central: https://repo.maven.apache.org/maven2/org/apache/maven/shared/maven-shared-utils/3.1.0/maven-shared-utils-3.1.0.pom (5.0 kB at 216 kB/s)
[INFO] Downloading from central: https://repo.maven.apache.org/maven2/org/slf4j/slf4j-api/1.7.5/slf4j-api-1.7.5.pom
[INFO] Downloaded from central: https://repo.maven.apache.org/maven2/org/slf4j/slf4j-api/1.7.5/slf4j-api-1.7.5.pom (2.7 kB at 73 kB/s)
[INFO] Downloading from central: https://repo.maven.apache.org/maven2/org/slf4j/slf4j-parent/1.7.5/slf4j-parent-1.7.5.pom
[INFO] Downloaded from central: https://repo.maven.apache.org/maven2/org/slf4j/slf4j-parent/1.7.5/slf4j-parent-1.7.5.pom (12 kB at 492 kB/s)
[INFO] Downloading from central: https://repo.maven.apache.org/maven2/org/apache/velocity/velocity/1.6.2/velocity-1.6.2.pom
[INFO] Downloaded from central: https://repo.maven.apache.org/maven2/org/apache/velocity/velocity/1.6.2/velocity-1.6.2.pom (11 kB at 425 kB/s)
[INFO] Downloading from central: https://repo.maven.apache.org/maven2/org/apache/maven/wagon/wagon-provider-api/2.4/wagon-provider-api-2.4.pom
[INFO] Downloaded from central: https://repo.maven.apache.org/maven2/org/apache/maven/wagon/wagon-provider-api/2.4/wagon-provider-api-2.4.pom (1.7 kB at 49 kB/s)
[INFO] Downloading from central: https://repo.maven.apache.org/maven2/org/apache/maven/wagon/wagon/2.4/wagon-2.4.pom
[INFO] Downloaded from central: https://repo.maven.apache.org/maven2/org/apache/maven/wagon/wagon/2.4/wagon-2.4.pom (20 kB at 824 kB/s)
[INFO] Downloading from central: https://repo.maven.apache.org/maven2/org/apache/commons/commons-text/1.9/commons-text-1.9.pom
[INFO] Downloaded from central: https://repo.maven.apache.org/maven2/org/apache/commons/commons-text/1.9/commons-text-1.9.pom (17 kB at 648 kB/s)
[INFO] Downloading from central: https://repo.maven.apache.org/maven2/org/apache/commons/commons-parent/51/commons-parent-51.pom
[INFO] Downloaded from central: https://repo.maven.apache.org/maven2/org/apache/commons/commons-parent/51/commons-parent-51.pom (78 kB at 3.2 MB/s)
[INFO] Downloading from central: https://repo.maven.apache.org/maven2/org/apache/commons/commons-lang3/3.11/commons-lang3-3.11.pom
[INFO] Downloaded from central: https://repo.maven.apache.org/maven2/org/apache/commons/commons-lang3/3.11/commons-lang3-3.11.pom (30 kB at 1.2 MB/s)
[INFO] Downloading from central: https://repo.maven.apache.org/maven2/org/apache/httpcomponents/httpclient/4.5.13/httpclient-4.5.13.pom
[INFO] Downloaded from central: https://repo.maven.apache.org/maven2/org/apache/httpcomponents/httpclient/4.5.13/httpclient-4.5.13.pom (6.6 kB at 254 kB/s)
[INFO] Downloading from central: https://repo.maven.apache.org/maven2/org/apache/httpcomponents/httpcomponents-client/4.5.13/httpcomponents-client-4.5.13.pom
[INFO] Downloaded from central: https://repo.maven.apache.org/maven2/org/apache/httpcomponents/httpcomponents-client/4.5.13/httpcomponents-client-4.5.13.pom (16 kB at 655 kB/s)
[INFO] Downloading from central: https://repo.maven.apache.org/maven2/org/apache/httpcomponents/httpcore/4.4.13/httpcore-4.4.13.pom
[INFO] Downloaded from central: https://repo.maven.apache.org/maven2/org/apache/httpcomponents/httpcore/4.4.13/httpcore-4.4.13.pom (5.0 kB at 171 kB/s)
[INFO] Downloading from central: https://repo.maven.apache.org/maven2/org/apache/httpcomponents/httpcomponents-core/4.4.13/httpcomponents-core-4.4.13.pom
[INFO] Downloaded from central: https://repo.maven.apache.org/maven2/org/apache/httpcomponents/httpcomponents-core/4.4.13/httpcomponents-core-4.4.13.pom (13 kB at 506 kB/s)
[INFO] Downloading from central: https://repo.maven.apache.org/maven2/org/apache/httpcomponents/httpcore/4.4.14/httpcore-4.4.14.pom
[INFO] Downloaded from central: https://repo.maven.apache.org/maven2/org/apache/httpcomponents/httpcore/4.4.14/httpcore-4.4.14.pom (5.0 kB at 177 kB/s)
[INFO] Downloading from central: https://repo.maven.apache.org/maven2/org/apache/httpcomponents/httpcomponents-core/4.4.14/httpcomponents-core-4.4.14.pom
[INFO] Downloaded from central: https://repo.maven.apache.org/maven2/org/apache/httpcomponents/httpcomponents-core/4.4.14/httpcomponents-core-4.4.14.pom (13 kB at 598 kB/s)
[INFO] Downloading from central: https://repo.maven.apache.org/maven2/org/codehaus/plexus/plexus-java/1.1.0/plexus-java-1.1.0.pom
[INFO] Downloaded from central: https://repo.maven.apache.org/maven2/org/codehaus/plexus/plexus-java/1.1.0/plexus-java-1.1.0.pom (5.1 kB at 245 kB/s)
[INFO] Downloading from central: https://repo.maven.apache.org/maven2/org/codehaus/plexus/plexus-languages/1.1.0/plexus-languages-1.1.0.pom
[INFO] Downloaded from central: https://repo.maven.apache.org/maven2/org/codehaus/plexus/plexus-languages/1.1.0/plexus-languages-1.1.0.pom (4.8 kB at 216 kB/s)
[INFO] Downloading from central: https://repo.maven.apache.org/maven2/org/ow2/asm/asm/9.2/asm-9.2.pom
[INFO] Downloaded from central: https://repo.maven.apache.org/maven2/org/ow2/asm/asm/9.2/asm-9.2.pom (2.4 kB at 103 kB/s)
[INFO] Downloading from central: https://repo.maven.apache.org/maven2/org/codehaus/plexus/plexus-archiver/4.2.5/plexus-archiver-4.2.5.pom
[INFO] Downloaded from central: https://repo.maven.apache.org/maven2/org/codehaus/plexus/plexus-archiver/4.2.5/plexus-archiver-4.2.5.pom (4.8 kB at 280 kB/s)
[INFO] Downloading from central: https://repo.maven.apache.org/maven2/org/codehaus/plexus/plexus/7/plexus-7.pom
[INFO] Downloaded from central: https://repo.maven.apache.org/maven2/org/codehaus/plexus/plexus/7/plexus-7.pom (26 kB at 918 kB/s)
[INFO] Downloading from central: https://repo.maven.apache.org/maven2/org/tukaani/xz/1.9/xz-1.9.pom
[INFO] Downloaded from central: https://repo.maven.apache.org/maven2/org/tukaani/xz/1.9/xz-1.9.pom (2.0 kB at 93 kB/s)
[INFO] Downloading from central: https://repo.maven.apache.org/maven2/commons-io/commons-io/2.8.0/commons-io-2.8.0.pom
[INFO] Downloaded from central: https://repo.maven.apache.org/maven2/commons-io/commons-io/2.8.0/commons-io-2.8.0.pom (16 kB at 762 kB/s)
[INFO] Downloading from central: https://repo.maven.apache.org/maven2/org/codehaus/plexus/plexus-interactivity-api/1.0/plexus-interactivity-api-1.0.pom
[INFO] Downloaded from central: https://repo.maven.apache.org/maven2/org/codehaus/plexus/plexus-interactivity-api/1.0/plexus-interactivity-api-1.0.pom (823 B at 18 kB/s)
[INFO] Downloading from central: https://repo.maven.apache.org/maven2/org/codehaus/plexus/plexus-interactivity/1.0/plexus-interactivity-1.0.pom
[INFO] Downloaded from central: https://repo.maven.apache.org/maven2/org/codehaus/plexus/plexus-interactivity/1.0/plexus-interactivity-1.0.pom (1.6 kB at 68 kB/s)
[INFO] Downloading from central: https://repo.maven.apache.org/maven2/org/sonatype/aether/aether-impl/1.13.1/aether-impl-1.13.1.jar
[INFO] Downloaded from central: https://repo.maven.apache.org/maven2/org/sonatype/aether/aether-impl/1.13.1/aether-impl-1.13.1.jar (130 kB at 3.7 MB/s)
[INFO] Downloading from central: https://repo.maven.apache.org/maven2/org/sonatype/aether/aether-spi/1.13.1/aether-spi-1.13.1.jar
[INFO] Downloading from central: https://repo.maven.apache.org/maven2/org/sonatype/aether/aether-util/1.13.1/aether-util-1.13.1.jar
[INFO] Downloading from central: https://repo.maven.apache.org/maven2/org/codehaus/plexus/plexus-component-annotations/2.0.0/plexus-component-annotations-2.0.0.jar
[INFO] Downloading from central: https://repo.maven.apache.org/maven2/org/apache/maven/maven-archiver/3.5.1/maven-archiver-3.5.1.jar
[INFO] Downloaded from central: https://repo.maven.apache.org/maven2/org/codehaus/plexus/plexus-component-annotations/2.0.0/plexus-component-annotations-2.0.0.jar (4.2 kB at 94 kB/s)
[INFO] Downloaded from central: https://repo.maven.apache.org/maven2/org/sonatype/aether/aether-spi/1.13.1/aether-spi-1.13.1.jar (15 kB at 281 kB/s)
[INFO] Downloaded from central: https://repo.maven.apache.org/maven2/org/sonatype/aether/aether-util/1.13.1/aether-util-1.13.1.jar (130 kB at 2.2 MB/s)
[INFO] Downloaded from central: https://repo.maven.apache.org/maven2/org/apache/maven/maven-archiver/3.5.1/maven-archiver-3.5.1.jar (26 kB at 437 kB/s)
[INFO] Downloading from central: https://repo.maven.apache.org/maven2/org/apache/maven/shared/maven-invoker/3.1.0/maven-invoker-3.1.0.jar
[INFO] Downloading from central: https://repo.maven.apache.org/maven2/org/apache/maven/shared/maven-common-artifact-filters/3.1.1/maven-common-artifact-filters-3.1.1.jar
[INFO] Downloading from central: https://repo.maven.apache.org/maven2/org/apache/maven/shared/maven-artifact-transfer/0.13.1/maven-artifact-transfer-0.13.1.jar
[INFO] Downloading from central: https://repo.maven.apache.org/maven2/org/slf4j/slf4j-api/1.7.5/slf4j-api-1.7.5.jar
[INFO] Downloading from central: https://repo.maven.apache.org/maven2/org/apache/maven/shared/maven-shared-utils/3.3.3/maven-shared-utils-3.3.3.jar
[INFO] Downloaded from central: https://repo.maven.apache.org/maven2/org/apache/maven/shared/maven-common-artifact-filters/3.1.1/maven-common-artifact-filters-3.1.1.jar (61 kB at 1.9 MB/s)
[INFO] Downloading from central: https://repo.maven.apache.org/maven2/org/codehaus/plexus/plexus-container-default/1.0-alpha-30/plexus-container-default-1.0-alpha-30.jar
[INFO] Downloaded from central: https://repo.maven.apache.org/maven2/org/apache/maven/shared/maven-invoker/3.1.0/maven-invoker-3.1.0.jar (33 kB at 836 kB/s)
[INFO] Downloading from central: https://repo.maven.apache.org/maven2/org/apache/maven/wagon/wagon-provider-api/2.4/wagon-provider-api-2.4.jar
[INFO] Downloaded from central: https://repo.maven.apache.org/maven2/org/apache/maven/shared/maven-shared-utils/3.3.3/maven-shared-utils-3.3.3.jar (154 kB at 1.6 MB/s)
[INFO] Downloading from central: https://repo.maven.apache.org/maven2/org/apache/commons/commons-text/1.9/commons-text-1.9.jar
[INFO] Downloaded from central: https://repo.maven.apache.org/maven2/org/slf4j/slf4j-api/1.7.5/slf4j-api-1.7.5.jar (26 kB at 543 kB/s)
[INFO] Downloading from central: https://repo.maven.apache.org/maven2/org/apache/httpcomponents/httpclient/4.5.13/httpclient-4.5.13.jar
[INFO] Downloaded from central: https://repo.maven.apache.org/maven2/org/apache/maven/shared/maven-artifact-transfer/0.13.1/maven-artifact-transfer-0.13.1.jar (159 kB at 2.2 MB/s)
[INFO] Downloading from central: https://repo.maven.apache.org/maven2/commons-logging/commons-logging/1.2/commons-logging-1.2.jar
[INFO] Downloaded from central: https://repo.maven.apache.org/maven2/org/apache/maven/wagon/wagon-provider-api/2.4/wagon-provider-api-2.4.jar (52 kB at 664 kB/s)
[INFO] Downloading from central: https://repo.maven.apache.org/maven2/org/apache/httpcomponents/httpcore/4.4.14/httpcore-4.4.14.jar
[INFO] Downloaded from central: https://repo.maven.apache.org/maven2/org/codehaus/plexus/plexus-container-default/1.0-alpha-30/plexus-container-default-1.0-alpha-30.jar (237 kB at 2.8 MB/s)
[INFO] Downloading from central: https://repo.maven.apache.org/maven2/org/codehaus/plexus/plexus-java/1.1.0/plexus-java-1.1.0.jar
[INFO] Downloaded from central: https://repo.maven.apache.org/maven2/commons-logging/commons-logging/1.2/commons-logging-1.2.jar (62 kB at 679 kB/s)
[INFO] Downloading from central: https://repo.maven.apache.org/maven2/org/ow2/asm/asm/9.2/asm-9.2.jar
[INFO] Downloaded from central: https://repo.maven.apache.org/maven2/org/apache/httpcomponents/httpclient/4.5.13/httpclient-4.5.13.jar (780 kB at 7.4 MB/s)
[INFO] Downloading from central: https://repo.maven.apache.org/maven2/org/codehaus/plexus/plexus-archiver/4.2.5/plexus-archiver-4.2.5.jar
[INFO] Downloaded from central: https://repo.maven.apache.org/maven2/org/codehaus/plexus/plexus-java/1.1.0/plexus-java-1.1.0.jar (53 kB at 444 kB/s)
[INFO] Downloading from central: https://repo.maven.apache.org/maven2/org/apache/commons/commons-compress/1.20/commons-compress-1.20.jar
[INFO] Downloaded from central: https://repo.maven.apache.org/maven2/org/apache/commons/commons-text/1.9/commons-text-1.9.jar (216 kB at 1.5 MB/s)
[INFO] Downloaded from central: https://repo.maven.apache.org/maven2/org/ow2/asm/asm/9.2/asm-9.2.jar (122 kB at 808 kB/s)
[INFO] Downloading from central: https://repo.maven.apache.org/maven2/org/tukaani/xz/1.9/xz-1.9.jar
[INFO] Downloading from central: https://repo.maven.apache.org/maven2/org/codehaus/plexus/plexus-io/3.2.0/plexus-io-3.2.0.jar
[INFO] Downloaded from central: https://repo.maven.apache.org/maven2/org/codehaus/plexus/plexus-archiver/4.2.5/plexus-archiver-4.2.5.jar (195 kB at 1.2 MB/s)
[INFO] Downloading from central: https://repo.maven.apache.org/maven2/commons-io/commons-io/2.8.0/commons-io-2.8.0.jar
[INFO] Downloaded from central: https://repo.maven.apache.org/maven2/org/apache/commons/commons-compress/1.20/commons-compress-1.20.jar (632 kB at 3.8 MB/s)
[INFO] Downloading from central: https://repo.maven.apache.org/maven2/org/codehaus/plexus/plexus-interactivity-api/1.0/plexus-interactivity-api-1.0.jar
[INFO] Downloaded from central: https://repo.maven.apache.org/maven2/org/apache/httpcomponents/httpcore/4.4.14/httpcore-4.4.14.jar (328 kB at 1.9 MB/s)
[INFO] Downloaded from central: https://repo.maven.apache.org/maven2/org/tukaani/xz/1.9/xz-1.9.jar (116 kB at 674 kB/s)
[INFO] Downloaded from central: https://repo.maven.apache.org/maven2/org/codehaus/plexus/plexus-io/3.2.0/plexus-io-3.2.0.jar (76 kB at 437 kB/s)
[INFO] Downloaded from central: https://repo.maven.apache.org/maven2/commons-io/commons-io/2.8.0/commons-io-2.8.0.jar (285 kB at 1.5 MB/s)
[INFO] Downloaded from central: https://repo.maven.apache.org/maven2/org/codehaus/plexus/plexus-interactivity-api/1.0/plexus-interactivity-api-1.0.jar (9.8 kB at 50 kB/s)
[WARNING] Unable to derive module descriptor for /dependency-lock-maven-plugin/target/dependency-lock-maven-plugin-0-SNAPSHOT.jar
[WARNING] Unable to derive module descriptor for /dependency-lock-maven-plugin/target/dependency-lock-maven-plugin-0-SNAPSHOT.jar
[INFO] No previous run data found, generating javadoc.
[WARNING] Javadoc Warnings
[WARNING] Loading source files for package se.vandmo.dependencylock.maven...
[WARNING] Loading source files for package se.vandmo.dependencylock.maven.mojos...
[WARNING] Constructing Javadoc information...
[WARNING] warning: The code being documented uses modules but the packages defined in https://docs.oracle.com/javase/8/docs/api/ are in the unnamed module.
[WARNING] Building index for all the packages and classes...
[WARNING] Standard Doclet version 17.0.12+7-alpine-r0
[WARNING] Building tree for all the packages and classes...
[WARNING] Generating /dependency-lock-maven-plugin/target/apidocs/se/vandmo/dependencylock/maven/mojos/AbstractDependencyLockMojo.html...
[WARNING] /dependency-lock-maven-plugin/src/main/java/se/vandmo/dependencylock/maven/mojos/AbstractDependencyLockMojo.java:13: warning: no comment
[WARNING] public abstract class AbstractDependencyLockMojo extends AbstractMojo {
[WARNING] ^
[WARNING] Generating /dependency-lock-maven-plugin/target/apidocs/se/vandmo/dependencylock/maven/Artifact.html...
[WARNING] /dependency-lock-maven-plugin/src/main/java/se/vandmo/dependencylock/maven/Artifact.java:9: warning: no comment
[WARNING] public final class Artifact implements Comparable<Artifact> {
[WARNING] ^
[WARNING] /dependency-lock-maven-plugin/src/main/java/se/vandmo/dependencylock/maven/Artifact.java:11: warning: no comment
[WARNING] public final ArtifactIdentifier identifier;
[WARNING] ^
[WARNING] /dependency-lock-maven-plugin/src/main/java/se/vandmo/dependencylock/maven/Artifact.java:15: warning: no comment
[WARNING] public final boolean optional;
[WARNING] ^
[WARNING] /dependency-lock-maven-plugin/src/main/java/se/vandmo/dependencylock/maven/Artifact.java:13: warning: no comment
[WARNING] public final String scope;
[WARNING] ^
[WARNING] /dependency-lock-maven-plugin/src/main/java/se/vandmo/dependencylock/maven/Artifact.java:14: warning: no comment
[WARNING] public final String type;
[WARNING] ^
[WARNING] /dependency-lock-maven-plugin/src/main/java/se/vandmo/dependencylock/maven/Artifact.java:12: warning: no comment
[WARNING] public final String version;
[WARNING] ^
[WARNING] /dependency-lock-maven-plugin/src/main/java/se/vandmo/dependencylock/maven/Artifact.java:17: warning: no comment
[WARNING] public static Artifact from(org.apache.maven.artifact.Artifact artifact) {
[WARNING] ^
[WARNING] /dependency-lock-maven-plugin/src/main/java/se/vandmo/dependencylock/maven/Artifact.java:30: warning: no comment
[WARNING] public static Artifact from(Dependency dependency) {
[WARNING] ^
[WARNING] /dependency-lock-maven-plugin/src/main/java/se/vandmo/dependencylock/maven/Artifact.java:43: warning: no comment
[WARNING] public org.apache.maven.artifact.Artifact toMavenArtifact() {
[WARNING] ^
[WARNING] Generating /dependency-lock-maven-plugin/target/apidocs/se/vandmo/dependencylock/maven/ArtifactIdentifier.html...
[WARNING] /dependency-lock-maven-plugin/src/main/java/se/vandmo/dependencylock/maven/ArtifactIdentifier.java:9: warning: no comment
[WARNING] public final class ArtifactIdentifier implements Comparable<ArtifactIdentifier> {
[WARNING] ^
[WARNING] /dependency-lock-maven-plugin/src/main/java/se/vandmo/dependencylock/maven/ArtifactIdentifier.java:12: warning: no comment
[WARNING] public final String artifactId;
[WARNING] ^
[WARNING] /dependency-lock-maven-plugin/src/main/java/se/vandmo/dependencylock/maven/ArtifactIdentifier.java:13: warning: no comment
[WARNING] public final Optional<String> classifier;
[WARNING] ^
[WARNING] /dependency-lock-maven-plugin/src/main/java/se/vandmo/dependencylock/maven/ArtifactIdentifier.java:11: warning: no comment
[WARNING] public final String groupId;
[WARNING] ^
[WARNING] /dependency-lock-maven-plugin/src/main/java/se/vandmo/dependencylock/maven/ArtifactIdentifier.java:14: warning: no comment
[WARNING] public final Optional<String> type;
[WARNING] ^
[WARNING] /dependency-lock-maven-plugin/src/main/java/se/vandmo/dependencylock/maven/ArtifactIdentifier.java:16: warning: no comment
[WARNING] public static ArtifactIdentifier from(org.apache.maven.artifact.Artifact artifact) {
[WARNING] ^
[WARNING] Generating /dependency-lock-maven-plugin/target/apidocs/se/vandmo/dependencylock/maven/Artifacts.html...
[WARNING] /dependency-lock-maven-plugin/src/main/java/se/vandmo/dependencylock/maven/Artifacts.java:15: warning: no comment
[WARNING] public final class Artifacts implements Iterable<Artifact> {
[WARNING] ^
[WARNING] /dependency-lock-maven-plugin/src/main/java/se/vandmo/dependencylock/maven/Artifacts.java:17: warning: no comment
[WARNING] public final List<Artifact> artifacts;
[WARNING] ^
[WARNING] /dependency-lock-maven-plugin/src/main/java/se/vandmo/dependencylock/maven/Artifacts.java:33: warning: no comment
[WARNING] public Optional<Artifact> by(ArtifactIdentifier identifier) {
[WARNING] ^
[WARNING] /dependency-lock-maven-plugin/src/main/java/se/vandmo/dependencylock/maven/Artifacts.java:29: warning: no comment
[WARNING] public static Artifacts from(Collection<Dependency> dependencies) {
[WARNING] ^
[WARNING] /dependency-lock-maven-plugin/src/main/java/se/vandmo/dependencylock/maven/Artifacts.java:25: warning: no comment
[WARNING] public static Artifacts from(Set<org.apache.maven.artifact.Artifact> artifacts) {
[WARNING] ^
[WARNING] Generating /dependency-lock-maven-plugin/target/apidocs/se/vandmo/dependencylock/maven/mojos/CheckMojo.html...
[WARNING] /dependency-lock-maven-plugin/src/main/java/se/vandmo/dependencylock/maven/mojos/CheckMojo.java:20: warning: no comment
[WARNING] public final class CheckMojo extends AbstractDependencyLockMojo {
[WARNING] ^
[WARNING] Generating /dependency-lock-maven-plugin/target/apidocs/se/vandmo/dependencylock/maven/mojos/CreateLockFileMojo.html...
[WARNING] /dependency-lock-maven-plugin/src/main/java/se/vandmo/dependencylock/maven/mojos/CreateLockFileMojo.java:16: warning: no comment
[WARNING] public final class CreateLockFileMojo extends AbstractDependencyLockMojo {
[WARNING] ^
[WARNING] Generating /dependency-lock-maven-plugin/target/apidocs/se/vandmo/dependencylock/maven/DependenciesLockFile.html...
[WARNING] /dependency-lock-maven-plugin/src/main/java/se/vandmo/dependencylock/maven/DependenciesLockFile.java:3: warning: no comment
[WARNING] public interface DependenciesLockFile {
[WARNING] ^
[WARNING] /dependency-lock-maven-plugin/src/main/java/se/vandmo/dependencylock/maven/DependenciesLockFile.java:7: warning: no comment
[WARNING] LockedDependencies read();
[WARNING] ^
[WARNING] /dependency-lock-maven-plugin/src/main/java/se/vandmo/dependencylock/maven/DependenciesLockFile.java:5: warning: no comment
[WARNING] void write(Artifacts projectDependencies);
[WARNING] ^
[WARNING] Generating /dependency-lock-maven-plugin/target/apidocs/se/vandmo/dependencylock/maven/DependenciesLockFileAccessor.html...
[WARNING] /dependency-lock-maven-plugin/src/main/java/se/vandmo/dependencylock/maven/DependenciesLockFileAccessor.java:19: warning: no comment
[WARNING] public final class DependenciesLockFileAccessor {
[WARNING] ^
[WARNING] /dependency-lock-maven-plugin/src/main/java/se/vandmo/dependencylock/maven/DependenciesLockFileAccessor.java:48: warning: no comment
[WARNING] public boolean exists() {
[WARNING] ^
[WARNING] /dependency-lock-maven-plugin/src/main/java/se/vandmo/dependencylock/maven/DependenciesLockFileAccessor.java:52: warning: no comment
[WARNING] public String filename() {
[WARNING] ^
[WARNING] /dependency-lock-maven-plugin/src/main/java/se/vandmo/dependencylock/maven/DependenciesLockFileAccessor.java:27: warning: no comment
[WARNING] public static DependenciesLockFileAccessor fromBasedir(File basedir, String filename) {
[WARNING] ^
[WARNING] /dependency-lock-maven-plugin/src/main/java/se/vandmo/dependencylock/maven/DependenciesLockFileAccessor.java:31: warning: no comment
[WARNING] public Reader reader() {
[WARNING] ^
[WARNING] /dependency-lock-maven-plugin/src/main/java/se/vandmo/dependencylock/maven/DependenciesLockFileAccessor.java:39: warning: no comment
[WARNING] public Writer writer() {
[WARNING] ^
[WARNING] Generating /dependency-lock-maven-plugin/target/apidocs/se/vandmo/dependencylock/maven/DependenciesLockFileJson.html...
[WARNING] /dependency-lock-maven-plugin/src/main/java/se/vandmo/dependencylock/maven/DependenciesLockFileJson.java:17: warning: no comment
[WARNING] public final class DependenciesLockFileJson implements DependenciesLockFile {
[WARNING] ^
[WARNING] /dependency-lock-maven-plugin/src/main/java/se/vandmo/dependencylock/maven/DependenciesLockFileJson.java:65: warning: no comment
[WARNING] public boolean exists() {
[WARNING] ^
[WARNING] /dependency-lock-maven-plugin/src/main/java/se/vandmo/dependencylock/maven/DependenciesLockFileJson.java:27: warning: no comment
[WARNING] public static DependenciesLockFileJson from(DependenciesLockFileAccessor dependenciesLockFile, Log log) {
[WARNING] ^
[WARNING] /dependency-lock-maven-plugin/src/main/java/se/vandmo/dependencylock/maven/DependenciesLockFileJson.java:55: warning: no comment
[WARNING] public void write(LockedDependencies lockedDependencies) {
[WARNING] ^
[WARNING] Generating /dependency-lock-maven-plugin/target/apidocs/se/vandmo/dependencylock/maven/DependenciesLockFilePom.html...
[WARNING] /dependency-lock-maven-plugin/src/main/java/se/vandmo/dependencylock/maven/DependenciesLockFilePom.java:23: warning: no comment
[WARNING] public final class DependenciesLockFilePom implements DependenciesLockFile {
[WARNING] ^
[WARNING] /dependency-lock-maven-plugin/src/main/java/se/vandmo/dependencylock/maven/DependenciesLockFilePom.java:40: warning: no comment
[WARNING] public static DependenciesLockFilePom from(
[WARNING] ^
[WARNING] Generating /dependency-lock-maven-plugin/target/apidocs/se/vandmo/dependencylock/maven/mojos/FormatMojo.html...
[WARNING] /dependency-lock-maven-plugin/src/main/java/se/vandmo/dependencylock/maven/mojos/FormatMojo.java:13: warning: no comment
[WARNING] public final class FormatMojo extends AbstractDependencyLockMojo {
[WARNING] ^
[WARNING] Generating /dependency-lock-maven-plugin/target/apidocs/se/vandmo/dependencylock/maven/JsonUtils.html...
[WARNING] /dependency-lock-maven-plugin/src/main/java/se/vandmo/dependencylock/maven/JsonUtils.java:13: warning: no comment
[WARNING] public final class JsonUtils {
[WARNING] ^
[WARNING] /dependency-lock-maven-plugin/src/main/java/se/vandmo/dependencylock/maven/JsonUtils.java:16: warning: no comment
[WARNING] public static String getStringValue(JsonNode json, String fieldName) {
[WARNING] ^
[WARNING] /dependency-lock-maven-plugin/src/main/java/se/vandmo/dependencylock/maven/JsonUtils.java:24: warning: no comment
[WARNING] public static Optional<String> possiblyGetStringValue(JsonNode json, String fieldName) {
[WARNING] ^
[WARNING] /dependency-lock-maven-plugin/src/main/java/se/vandmo/dependencylock/maven/JsonUtils.java:31: warning: no comment
[WARNING] public static JsonNode readJson(Reader reader) {
[WARNING] ^
[WARNING] /dependency-lock-maven-plugin/src/main/java/se/vandmo/dependencylock/maven/JsonUtils.java:39: warning: no comment
[WARNING] public static void writeJson(Writer writer, JsonNode json) {
[WARNING] ^
[WARNING] Generating /dependency-lock-maven-plugin/target/apidocs/se/vandmo/dependencylock/maven/LockedDependencies.html...
[WARNING] /dependency-lock-maven-plugin/src/main/java/se/vandmo/dependencylock/maven/LockedDependencies.java:17: warning: no comment
[WARNING] public final class LockedDependencies {
[WARNING] ^
[WARNING] /dependency-lock-maven-plugin/src/main/java/se/vandmo/dependencylock/maven/LockedDependencies.java:127: warning: no comment
[WARNING] public static final class Diff {
[WARNING] ^
[WARNING] /dependency-lock-maven-plugin/src/main/java/se/vandmo/dependencylock/maven/LockedDependencies.java:19: warning: no comment
[WARNING] public final List<LockedDependency> lockedDependencies;
[WARNING] ^
[WARNING] /dependency-lock-maven-plugin/src/main/java/se/vandmo/dependencylock/maven/LockedDependencies.java:50: warning: no comment
[WARNING] public JsonNode asJson() {
[WARNING] ^
[WARNING] /dependency-lock-maven-plugin/src/main/java/se/vandmo/dependencylock/maven/LockedDependencies.java:118: warning: no comment
[WARNING] public Optional<LockedDependency> by(ArtifactIdentifier identifier) {
[WARNING] ^
[WARNING] /dependency-lock-maven-plugin/src/main/java/se/vandmo/dependencylock/maven/LockedDependencies.java:83: warning: no comment
[WARNING] public Diff compareWith(Artifacts artifacts, String projectVersion, ArtifactFilter useMyVersionForFilter) {
[WARNING] ^
[WARNING] /dependency-lock-maven-plugin/src/main/java/se/vandmo/dependencylock/maven/LockedDependencies.java:38: warning: no comment
[WARNING] public static LockedDependencies empty(Log log) {
[WARNING] ^
[WARNING] /dependency-lock-maven-plugin/src/main/java/se/vandmo/dependencylock/maven/LockedDependencies.java:42: warning: no comment
[WARNING] public static LockedDependencies from(Artifacts artifacts, Log log) {
[WARNING] ^
[WARNING] /dependency-lock-maven-plugin/src/main/java/se/vandmo/dependencylock/maven/LockedDependencies.java:27: warning: no comment
[WARNING] public static LockedDependencies fromJson(JsonNode json, Log log) {
[WARNING] ^
[WARNING] /dependency-lock-maven-plugin/src/main/java/se/vandmo/dependencylock/maven/LockedDependencies.java:58: warning: no comment
[WARNING] public LockedDependencies updateWith(Artifacts artifacts) {
[WARNING] ^
[WARNING] Generating /dependency-lock-maven-plugin/target/apidocs/se/vandmo/dependencylock/maven/LockedDependencies.Diff.html...
[WARNING] /dependency-lock-maven-plugin/src/main/java/se/vandmo/dependencylock/maven/LockedDependencies.java:136: warning: no comment
[WARNING] public boolean equals() {
[WARNING] ^
[WARNING] /dependency-lock-maven-plugin/src/main/java/se/vandmo/dependencylock/maven/LockedDependencies.java:139: warning: no comment
[WARNING] public void logTo(Log log) {
[WARNING] ^
[WARNING] Generating /dependency-lock-maven-plugin/target/apidocs/se/vandmo/dependencylock/maven/LockedDependency.html...
[WARNING] /dependency-lock-maven-plugin/src/main/java/se/vandmo/dependencylock/maven/LockedDependency.java:12: warning: no comment
[WARNING] public final class LockedDependency implements Comparable<LockedDependency> {
[WARNING] ^
[WARNING] /dependency-lock-maven-plugin/src/main/java/se/vandmo/dependencylock/maven/LockedDependency.java:14: warning: no comment
[WARNING] public final ArtifactIdentifier identifier;
[WARNING] ^
[WARNING] /dependency-lock-maven-plugin/src/main/java/se/vandmo/dependencylock/maven/LockedDependency.java:16: warning: no comment
[WARNING] public final String scope;
[WARNING] ^
[WARNING] /dependency-lock-maven-plugin/src/main/java/se/vandmo/dependencylock/maven/LockedDependency.java:17: warning: no comment
[WARNING] public final String type;
[WARNING] ^
[WARNING] /dependency-lock-maven-plugin/src/main/java/se/vandmo/dependencylock/maven/LockedDependency.java:15: warning: no comment
[WARNING] public final LockedVersion version;
[WARNING] ^
[WARNING] /dependency-lock-maven-plugin/src/main/java/se/vandmo/dependencylock/maven/LockedDependency.java:51: warning: no comment
[WARNING] public JsonNode asJson() {
[WARNING] ^
[WARNING] /dependency-lock-maven-plugin/src/main/java/se/vandmo/dependencylock/maven/LockedDependency.java:42: warning: no comment
[WARNING] public static LockedDependency from(Artifact artifact) {
[WARNING] ^
[WARNING] /dependency-lock-maven-plugin/src/main/java/se/vandmo/dependencylock/maven/LockedDependency.java:30: warning: no comment
[WARNING] public static LockedDependency fromJson(JsonNode json) {
[WARNING] ^
[WARNING] /dependency-lock-maven-plugin/src/main/java/se/vandmo/dependencylock/maven/LockedDependency.java:71: warning: no comment
[WARNING] public boolean matches(Artifact artifact, String projectVersion) {
[WARNING] ^
[WARNING] /dependency-lock-maven-plugin/src/main/java/se/vandmo/dependencylock/maven/LockedDependency.java:94: warning: no comment
[WARNING] public String toResolvedString(String projectVersion) {
[WARNING] ^
[WARNING] /dependency-lock-maven-plugin/src/main/java/se/vandmo/dependencylock/maven/LockedDependency.java:62: warning: no comment
[WARNING] public LockedDependency withVersion(LockedVersion version) {
[WARNING] ^
[WARNING] Generating /dependency-lock-maven-plugin/target/apidocs/se/vandmo/dependencylock/maven/LockedVersion.html...
[WARNING] /dependency-lock-maven-plugin/src/main/java/se/vandmo/dependencylock/maven/LockedVersion.java:12: warning: no comment
[WARNING] public final class LockedVersion implements Comparable<LockedVersion> {
[WARNING] ^
[WARNING] /dependency-lock-maven-plugin/src/main/java/se/vandmo/dependencylock/maven/LockedVersion.java:14: warning: no comment
[WARNING] public static final LockedVersion USE_MINE = new LockedVersion(Optional.empty(), true);
[WARNING] ^
[WARNING] /dependency-lock-maven-plugin/src/main/java/se/vandmo/dependencylock/maven/LockedVersion.java:17: warning: no comment
[WARNING] public final boolean useMine;
[WARNING] ^
[WARNING] /dependency-lock-maven-plugin/src/main/java/se/vandmo/dependencylock/maven/LockedVersion.java:16: warning: no comment
[WARNING] public final Optional<String> version;
[WARNING] ^
[WARNING] /dependency-lock-maven-plugin/src/main/java/se/vandmo/dependencylock/maven/LockedVersion.java:51: warning: no comment
[WARNING] public JsonNode asJson() {
[WARNING] ^
[WARNING] /dependency-lock-maven-plugin/src/main/java/se/vandmo/dependencylock/maven/LockedVersion.java:26: warning: no comment
[WARNING] public static LockedVersion fromJson(JsonNode json) {
[WARNING] ^
[WARNING] /dependency-lock-maven-plugin/src/main/java/se/vandmo/dependencylock/maven/LockedVersion.java:47: warning: no comment
[WARNING] public static LockedVersion fromVersion(String version) {
[WARNING] ^
[WARNING] /dependency-lock-maven-plugin/src/main/java/se/vandmo/dependencylock/maven/LockedVersion.java:114: warning: no comment
[WARNING] public boolean matches(String version, String projectVersion) {
[WARNING] ^
[WARNING] /dependency-lock-maven-plugin/src/main/java/se/vandmo/dependencylock/maven/LockedVersion.java:77: warning: no comment
[WARNING] public String resolveWithProjectVersion(String projectVersion) {
[WARNING] ^
[WARNING] Generating /dependency-lock-maven-plugin/target/apidocs/se/vandmo/dependencylock/maven/LockFileFormat.html...
[WARNING] /dependency-lock-maven-plugin/src/main/java/se/vandmo/dependencylock/maven/LockFileFormat.java:47: warning: no comment
[WARNING] public DependenciesLockFileAccessor dependenciesLockFileAccessor_fromBasedirAndFilename(File basedir, String filename) {
[WARNING] ^
[WARNING] /dependency-lock-maven-plugin/src/main/java/se/vandmo/dependencylock/maven/LockFileFormat.java:51: warning: no comment
[WARNING] public abstract DependenciesLockFile dependenciesLockFile_from(
[WARNING] ^
[WARNING] /dependency-lock-maven-plugin/src/main/java/se/vandmo/dependencylock/maven/LockFileFormat.java:6: warning: no comment
[WARNING] public enum LockFileFormat {
[WARNING] ^
[WARNING] /dependency-lock-maven-plugin/src/main/java/se/vandmo/dependencylock/maven/LockFileFormat.java:8: warning: no comment
[WARNING] json {
[WARNING] ^
[WARNING] /dependency-lock-maven-plugin/src/main/java/se/vandmo/dependencylock/maven/LockFileFormat.java:23: warning: no comment
[WARNING] pom {
[WARNING] ^
[WARNING] Generating /dependency-lock-maven-plugin/target/apidocs/se/vandmo/dependencylock/maven/mojos/LockMojo.html...
[WARNING] /dependency-lock-maven-plugin/src/main/java/se/vandmo/dependencylock/maven/mojos/LockMojo.java:14: warning: no comment
[WARNING] public final class LockMojo extends AbstractDependencyLockMojo {
[WARNING] ^
[WARNING] Generating /dependency-lock-maven-plugin/target/apidocs/se/vandmo/dependencylock/maven/MavenArtifact.html...
[WARNING] /dependency-lock-maven-plugin/src/main/java/se/vandmo/dependencylock/maven/MavenArtifact.java:16: warning: no comment
[WARNING] public final class MavenArtifact implements org.apache.maven.artifact.Artifact {
[WARNING] ^
[WARNING] /dependency-lock-maven-plugin/src/main/java/se/vandmo/dependencylock/maven/MavenArtifact.java:21: warning: no comment
[WARNING] public MavenArtifact(se.vandmo.dependencylock.maven.Artifact delegate) {
[WARNING] ^
[WARNING] Generating /dependency-lock-maven-plugin/target/apidocs/se/vandmo/dependencylock/maven/PomMinimums.html...
[WARNING] /dependency-lock-maven-plugin/src/main/java/se/vandmo/dependencylock/maven/PomMinimums.java:7: warning: no comment
[WARNING] public final class PomMinimums {
[WARNING] ^
[WARNING] /dependency-lock-maven-plugin/src/main/java/se/vandmo/dependencylock/maven/PomMinimums.java:10: warning: no comment
[WARNING] public final String artifactId;
[WARNING] ^
[WARNING] /dependency-lock-maven-plugin/src/main/java/se/vandmo/dependencylock/maven/PomMinimums.java:9: warning: no comment
[WARNING] public final String groupId;
[WARNING] ^
[WARNING] /dependency-lock-maven-plugin/src/main/java/se/vandmo/dependencylock/maven/PomMinimums.java:11: warning: no comment
[WARNING] public final String version;
[WARNING] ^
[WARNING] /dependency-lock-maven-plugin/src/main/java/se/vandmo/dependencylock/maven/PomMinimums.java:13: warning: no comment
[WARNING] public static PomMinimums from(MavenProject mavenProject) {
[WARNING] ^
[WARNING] Generating /dependency-lock-maven-plugin/target/apidocs/se/vandmo/dependencylock/maven/package-summary.html...
[WARNING] Generating /dependency-lock-maven-plugin/target/apidocs/se/vandmo/dependencylock/maven/package-tree.html...
[WARNING] Generating /dependency-lock-maven-plugin/target/apidocs/se/vandmo/dependencylock/maven/mojos/package-summary.html...
[WARNING] Generating /dependency-lock-maven-plugin/target/apidocs/se/vandmo/dependencylock/maven/mojos/package-tree.html...
[WARNING] Generating /dependency-lock-maven-plugin/target/apidocs/se/vandmo/dependencylock/maven/class-use/ArtifactIdentifier.html...
[WARNING] Generating /dependency-lock-maven-plugin/target/apidocs/se/vandmo/dependencylock/maven/class-use/Artifact.html...
[WARNING] Generating /dependency-lock-maven-plugin/target/apidocs/se/vandmo/dependencylock/maven/class-use/LockFileFormat.html...
[WARNING] Generating /dependency-lock-maven-plugin/target/apidocs/se/vandmo/dependencylock/maven/class-use/PomMinimums.html...
[WARNING] Generating /dependency-lock-maven-plugin/target/apidocs/se/vandmo/dependencylock/maven/class-use/LockedDependencies.html...
[WARNING] Generating /dependency-lock-maven-plugin/target/apidocs/se/vandmo/dependencylock/maven/class-use/LockedDependencies.Diff.html...
[WARNING] Generating /dependency-lock-maven-plugin/target/apidocs/se/vandmo/dependencylock/maven/class-use/MavenArtifact.html...
[WARNING] Generating /dependency-lock-maven-plugin/target/apidocs/se/vandmo/dependencylock/maven/class-use/Artifacts.html...
[WARNING] Generating /dependency-lock-maven-plugin/target/apidocs/se/vandmo/dependencylock/maven/class-use/DependenciesLockFile.html...
[WARNING] Generating /dependency-lock-maven-plugin/target/apidocs/se/vandmo/dependencylock/maven/class-use/DependenciesLockFileAccessor.html...
[WARNING] Generating /dependency-lock-maven-plugin/target/apidocs/se/vandmo/dependencylock/maven/class-use/JsonUtils.html...
[WARNING] Generating /dependency-lock-maven-plugin/target/apidocs/se/vandmo/dependencylock/maven/class-use/LockedVersion.html...
[WARNING] Generating /dependency-lock-maven-plugin/target/apidocs/se/vandmo/dependencylock/maven/class-use/LockedDependency.html...
[WARNING] Generating /dependency-lock-maven-plugin/target/apidocs/se/vandmo/dependencylock/maven/class-use/DependenciesLockFilePom.html...
[WARNING] Generating /dependency-lock-maven-plugin/target/apidocs/se/vandmo/dependencylock/maven/class-use/DependenciesLockFileJson.html...
[WARNING] Generating /dependency-lock-maven-plugin/target/apidocs/se/vandmo/dependencylock/maven/mojos/class-use/CheckMojo.html...
[WARNING] Generating /dependency-lock-maven-plugin/target/apidocs/se/vandmo/dependencylock/maven/mojos/class-use/LockMojo.html...
[WARNING] Generating /dependency-lock-maven-plugin/target/apidocs/se/vandmo/dependencylock/maven/mojos/class-use/AbstractDependencyLockMojo.html...
[WARNING] Generating /dependency-lock-maven-plugin/target/apidocs/se/vandmo/dependencylock/maven/mojos/class-use/FormatMojo.html...
[WARNING] Generating /dependency-lock-maven-plugin/target/apidocs/se/vandmo/dependencylock/maven/mojos/class-use/CreateLockFileMojo.html...
[WARNING] Generating /dependency-lock-maven-plugin/target/apidocs/se/vandmo/dependencylock/maven/package-use.html...
[WARNING] Generating /dependency-lock-maven-plugin/target/apidocs/se/vandmo/dependencylock/maven/mojos/package-use.html...
[WARNING] Generating /dependency-lock-maven-plugin/target/apidocs/overview-tree.html...
[WARNING] Generating /dependency-lock-maven-plugin/target/apidocs/index.html...
[WARNING] Building index for all classes...
[WARNING] Generating /dependency-lock-maven-plugin/target/apidocs/allclasses-index.html...
[WARNING] Generating /dependency-lock-maven-plugin/target/apidocs/allpackages-index.html...
[WARNING] Generating /dependency-lock-maven-plugin/target/apidocs/index-all.html...
[WARNING] Generating /dependency-lock-maven-plugin/target/apidocs/overview-summary.html...
[WARNING] Generating /dependency-lock-maven-plugin/target/apidocs/help-doc.html...
[WARNING] 90 warnings
[INFO] Building jar: /dependency-lock-maven-plugin/target/dependency-lock-maven-plugin-0-SNAPSHOT-javadoc.jar
[INFO] ------------------------------------------------------------------------
[INFO] BUILD SUCCESS
[INFO] ------------------------------------------------------------------------
[INFO] Total time:  26.643 s
[INFO] Finished at: 2026-04-27T16:48:48Z
[INFO] ------------------------------------------------------------------------
[WARNING] 
[WARNING] Plugin validation issues were detected in 8 plugin(s)
[WARNING] 
[WARNING]  * org.apache.maven.plugins:maven-jar-plugin:3.0.2
[WARNING]  * org.apache.maven.plugins:maven-resources-plugin:3.1.0
[WARNING]  * org.apache.maven.plugins:maven-plugin-plugin:3.6.1
[WARNING]  * se.vandmo:dependency-lock-maven-plugin:0.13
[WARNING]  * org.apache.maven.plugins:maven-compiler-plugin:3.3
[WARNING]  * org.apache.maven.plugins:maven-surefire-plugin:2.22.2
[WARNING]  * org.apache.maven.plugins:maven-source-plugin:2.2.1
[WARNING]  * org.apache.maven.plugins:maven-javadoc-plugin:3.3.1
[WARNING] 
[WARNING] For more or less details, use 'maven.plugin.validation' property with one of the values (case insensitive): [BRIEF, DEFAULT, VERBOSE]
[WARNING] 
