[INFO] Scanning for projects...
[INFO] Artifact org.jenkins-ci.tools:maven-hpi-plugin:pom:3.43 is present in the local repository, but cached from a remote repository ID that is unavailable in current build context, verifying that is downloadable from [incrementals (https://repo.jenkins-ci.org/incrementals/, default, releases), central (https://repo.maven.apache.org/maven2, default, releases)]
[INFO] Artifact org.jenkins-ci.tools:maven-hpi-plugin:pom:3.43 is present in the local repository, but cached from a remote repository ID that is unavailable in current build context, verifying that is downloadable from [incrementals (https://repo.jenkins-ci.org/incrementals/, default, releases), central (https://repo.maven.apache.org/maven2, default, releases)]
[INFO] Downloading from incrementals: https://repo.jenkins-ci.org/incrementals/org/jenkins-ci/tools/maven-hpi-plugin/3.43/maven-hpi-plugin-3.43.pom
[WARNING] The POM for org.jenkins-ci.tools:maven-hpi-plugin:jar:3.43 is missing, no dependency information available
[INFO] Artifact org.jenkins-ci.tools:maven-hpi-plugin:jar:3.43 is present in the local repository, but cached from a remote repository ID that is unavailable in current build context, verifying that is downloadable from [incrementals (https://repo.jenkins-ci.org/incrementals/, default, releases), central (https://repo.maven.apache.org/maven2, default, releases)]
[INFO] Artifact org.jenkins-ci.tools:maven-hpi-plugin:jar:3.43 is present in the local repository, but cached from a remote repository ID that is unavailable in current build context, verifying that is downloadable from [incrementals (https://repo.jenkins-ci.org/incrementals/, default, releases), central (https://repo.maven.apache.org/maven2, default, releases)]
[INFO] Downloading from incrementals: https://repo.jenkins-ci.org/incrementals/org/jenkins-ci/tools/maven-hpi-plugin/3.43/maven-hpi-plugin-3.43.jar
[WARNING] Failed to build parent project for com.cloudbees.jenkins.plugins:amazon-ecr:hpi:1.999999-SNAPSHOT
[INFO] 
[INFO] --------------< com.cloudbees.jenkins.plugins:amazon-ecr >--------------
[INFO] Building Amazon ECR plugin 1.999999-SNAPSHOT
[INFO]   from pom.xml
[INFO] --------------------------------[ hpi ]---------------------------------
[INFO] Downloading from repo.jenkins-ci.org: https://repo.jenkins-ci.org/public/com/cloudbees/maven-license-plugin/1.15/maven-license-plugin-1.15.pom
[INFO] Downloading from incrementals: https://repo.jenkins-ci.org/incrementals/com/cloudbees/maven-license-plugin/1.15/maven-license-plugin-1.15.pom
[INFO] Downloading from central: https://repo.maven.apache.org/maven2/com/cloudbees/maven-license-plugin/1.15/maven-license-plugin-1.15.pom
[INFO] Downloaded from central: https://repo.maven.apache.org/maven2/com/cloudbees/maven-license-plugin/1.15/maven-license-plugin-1.15.pom (8.0 kB at 57 kB/s)
[INFO] Downloading from repo.jenkins-ci.org: https://repo.jenkins-ci.org/public/com/cloudbees/maven-license-plugin/1.15/maven-license-plugin-1.15.jar
[INFO] Downloading from incrementals: https://repo.jenkins-ci.org/incrementals/com/cloudbees/maven-license-plugin/1.15/maven-license-plugin-1.15.jar
[INFO] Downloading from central: https://repo.maven.apache.org/maven2/com/cloudbees/maven-license-plugin/1.15/maven-license-plugin-1.15.jar
[INFO] Downloaded from central: https://repo.maven.apache.org/maven2/com/cloudbees/maven-license-plugin/1.15/maven-license-plugin-1.15.jar (24 kB at 767 kB/s)
[INFO] 
[INFO] --- hpi:3.43:validate (default-validate) @ amazon-ecr ---
[WARNING] <developerConnection>scm:git:ssh://git@github.com/${gitHubRepo}.git</developerConnection> is invalid because ssh:// URLs do not work well with PCT. Replace it with <developerConnection>scm:git:git@github.com:${gitHubRepo}.git</developerConnection>. In the future this warning will be changed to an error and will break the build.
[INFO] 
[INFO] --- hpi:3.43:validate-hpi (default-validate-hpi) @ amazon-ecr ---
[INFO] 
[INFO] --- enforcer:3.3.0:enforce (display-info) @ amazon-ecr ---
[INFO] Rule 0: io.jenkins.tools.incrementals.enforcer.RequireExtensionVersion passed
[INFO] Rule 1: org.apache.maven.enforcer.rules.version.RequireMavenVersion passed
[INFO] Rule 2: org.apache.maven.enforcer.rules.version.RequireJavaVersion passed
[INFO] Rule 3: org.apache.maven.plugins.enforcer.EnforceBytecodeVersion passed
[INFO] Rule 4: org.apache.maven.enforcer.rules.dependency.BannedDependencies passed
[INFO] Rule 5: org.apache.maven.enforcer.rules.dependency.RequireUpperBoundDeps passed
[INFO] 
[INFO] --- enforcer:3.3.0:enforce (no-snapshots-in-release) @ amazon-ecr ---
[INFO] Rule 0: org.apache.maven.enforcer.rules.dependency.RequireReleaseDeps passed
[INFO] 
[INFO] --- localizer:1.31:generate (default) @ amazon-ecr ---
[INFO] 
[INFO] --- resources:3.3.1:resources (default-resources) @ amazon-ecr ---
[INFO] Copying 1 resource from src/main/resources to target/classes
[INFO] 
[INFO] --- flatten:1.4.1:flatten (flatten) @ amazon-ecr ---
[INFO] Generating flattened POM of project com.cloudbees.jenkins.plugins:amazon-ecr:hpi:1.999999-SNAPSHOT...
[INFO] 
[INFO] --- compiler:3.11.0:compile (default-compile) @ amazon-ecr ---
[INFO] Nothing to compile - all classes are up to date
[INFO] 
[INFO] --- access-modifier-checker:1.31:enforce (default-enforce) @ amazon-ecr ---
[INFO] 
[INFO] --- hpi:3.43:insert-test (default-insert-test) @ amazon-ecr ---
[INFO] 
[INFO] --- antrun:3.1.0:run (createTempDir) @ amazon-ecr ---
[INFO] Executing tasks
[INFO] Executed tasks
[INFO] 
[INFO] --- resources:3.3.1:testResources (default-testResources) @ amazon-ecr ---
[INFO] skip non existing resourceDirectory /amazon-ecr-plugin/src/test/resources
[INFO] 
[INFO] --- compiler:3.11.0:testCompile (default-testCompile) @ amazon-ecr ---
[INFO] Nothing to compile - all classes are up to date
[INFO] 
[INFO] --- hpi:3.43:test-hpl (default-test-hpl) @ amazon-ecr ---
[INFO] Generating /amazon-ecr-plugin/target/test-classes/the.hpl
[INFO] 
[INFO] --- hpi:3.43:resolve-test-dependencies (default-resolve-test-dependencies) @ amazon-ecr ---
[INFO] 
[INFO] --- hpi:3.43:test-runtime (default-test-runtime) @ amazon-ecr ---
[INFO] Tests are skipped.
[INFO] 
[INFO] --- surefire:3.0.0:test (default-test) @ amazon-ecr ---
[INFO] Tests are skipped.
[INFO] 
[INFO] --- license:1.15:process (default) @ amazon-ecr ---
[INFO] Downloading from repo.jenkins-ci.org: https://repo.jenkins-ci.org/public/org/apache/groovy/groovy-xml/4.0.6/groovy-xml-4.0.6.pom
[INFO] Downloading from incrementals: https://repo.jenkins-ci.org/incrementals/org/apache/groovy/groovy-xml/4.0.6/groovy-xml-4.0.6.pom
[INFO] Downloading from central: https://repo.maven.apache.org/maven2/org/apache/groovy/groovy-xml/4.0.6/groovy-xml-4.0.6.pom
[INFO] Downloaded from central: https://repo.maven.apache.org/maven2/org/apache/groovy/groovy-xml/4.0.6/groovy-xml-4.0.6.pom (23 kB at 868 kB/s)
[INFO] Downloading from repo.jenkins-ci.org: https://repo.jenkins-ci.org/public/org/apache/groovy/groovy-bom/4.0.6/groovy-bom-4.0.6.pom
[INFO] Downloading from incrementals: https://repo.jenkins-ci.org/incrementals/org/apache/groovy/groovy-bom/4.0.6/groovy-bom-4.0.6.pom
[INFO] Downloading from central: https://repo.maven.apache.org/maven2/org/apache/groovy/groovy-bom/4.0.6/groovy-bom-4.0.6.pom
[INFO] Downloaded from central: https://repo.maven.apache.org/maven2/org/apache/groovy/groovy-bom/4.0.6/groovy-bom-4.0.6.pom (27 kB at 851 kB/s)
[INFO] Downloading from repo.jenkins-ci.org: https://repo.jenkins-ci.org/public/org/apache/groovy/groovy/4.0.6/groovy-4.0.6.pom
[INFO] Downloading from incrementals: https://repo.jenkins-ci.org/incrementals/org/apache/groovy/groovy/4.0.6/groovy-4.0.6.pom
[INFO] Downloading from central: https://repo.maven.apache.org/maven2/org/apache/groovy/groovy/4.0.6/groovy-4.0.6.pom
[INFO] Downloaded from central: https://repo.maven.apache.org/maven2/org/apache/groovy/groovy/4.0.6/groovy-4.0.6.pom (24 kB at 927 kB/s)
[INFO] Downloading from repo.jenkins-ci.org: https://repo.jenkins-ci.org/public/org/apache/groovy/groovy-xml/4.0.6/groovy-xml-4.0.6.jar
[INFO] Downloading from repo.jenkins-ci.org: https://repo.jenkins-ci.org/public/org/apache/groovy/groovy/4.0.6/groovy-4.0.6.jar
[INFO] Downloading from incrementals: https://repo.jenkins-ci.org/incrementals/org/apache/groovy/groovy-xml/4.0.6/groovy-xml-4.0.6.jar
[INFO] Downloading from incrementals: https://repo.jenkins-ci.org/incrementals/org/apache/groovy/groovy/4.0.6/groovy-4.0.6.jar
[INFO] Downloading from central: https://repo.maven.apache.org/maven2/org/apache/groovy/groovy-xml/4.0.6/groovy-xml-4.0.6.jar
[INFO] Downloaded from central: https://repo.maven.apache.org/maven2/org/apache/groovy/groovy-xml/4.0.6/groovy-xml-4.0.6.jar (230 kB at 4.5 MB/s)
[INFO] Downloading from central: https://repo.maven.apache.org/maven2/org/apache/groovy/groovy/4.0.6/groovy-4.0.6.jar
[INFO] Downloaded from central: https://repo.maven.apache.org/maven2/org/apache/groovy/groovy/4.0.6/groovy-4.0.6.jar (7.4 MB at 20 MB/s)
[INFO] Generated /amazon-ecr-plugin/target/amazon-ecr/WEB-INF/licenses.xml
[INFO] 
[INFO] --- hpi:3.43:hpi (default-hpi) @ amazon-ecr ---
[INFO] Generating /amazon-ecr-plugin/target/amazon-ecr/META-INF/MANIFEST.MF
[INFO] Checking for attached .jar artifact ...
[INFO] Generating jar /amazon-ecr-plugin/target/amazon-ecr.jar
[INFO] Building jar: /amazon-ecr-plugin/target/amazon-ecr.jar
[INFO] Exploding webapp...
[INFO] Copy webapp webResources to /amazon-ecr-plugin/target/amazon-ecr
[INFO] Assembling webapp amazon-ecr in /amazon-ecr-plugin/target/amazon-ecr
[INFO] Generating hpi /amazon-ecr-plugin/target/amazon-ecr.hpi
[INFO] Building jar: /amazon-ecr-plugin/target/amazon-ecr.hpi
[INFO] 
[INFO] --- jar:3.3.0:test-jar (maybe-test-jar) @ amazon-ecr ---
[INFO] Downloading from repo.jenkins-ci.org: https://repo.jenkins-ci.org/public/org/apache/maven/shared/file-management/3.1.0/file-management-3.1.0.pom
[INFO] Downloading from incrementals: https://repo.jenkins-ci.org/incrementals/org/apache/maven/shared/file-management/3.1.0/file-management-3.1.0.pom
[INFO] Downloading from central: https://repo.maven.apache.org/maven2/org/apache/maven/shared/file-management/3.1.0/file-management-3.1.0.pom
[INFO] Downloaded from central: https://repo.maven.apache.org/maven2/org/apache/maven/shared/file-management/3.1.0/file-management-3.1.0.pom (4.5 kB at 179 kB/s)
[INFO] Downloading from repo.jenkins-ci.org: https://repo.jenkins-ci.org/public/org/apache/maven/shared/file-management/3.1.0/file-management-3.1.0.jar
[INFO] Downloading from incrementals: https://repo.jenkins-ci.org/incrementals/org/apache/maven/shared/file-management/3.1.0/file-management-3.1.0.jar
[INFO] Downloading from central: https://repo.maven.apache.org/maven2/org/apache/maven/shared/file-management/3.1.0/file-management-3.1.0.jar
[INFO] Downloaded from central: https://repo.maven.apache.org/maven2/org/apache/maven/shared/file-management/3.1.0/file-management-3.1.0.jar (36 kB at 1.7 MB/s)
[INFO] Skipping packaging of the test-jar
[INFO] ------------------------------------------------------------------------
[INFO] BUILD SUCCESS
[INFO] ------------------------------------------------------------------------
[INFO] Total time:  13.381 s
[INFO] Finished at: 2026-04-27T14:34:39Z
[INFO] ------------------------------------------------------------------------
[WARNING] 
[WARNING] Plugin validation issues were detected in 3 plugin(s)
[WARNING] 
[WARNING]  * com.cloudbees:maven-license-plugin:1.15
[WARNING]  * org.jvnet.localizer:localizer-maven-plugin:1.31
[WARNING]  * org.jenkins-ci.tools:maven-hpi-plugin:3.43
[WARNING] 
[WARNING] For more or less details, use 'maven.plugin.validation' property with one of the values (case insensitive): [BRIEF, DEFAULT, VERBOSE]
[WARNING] 
