[INFO] Scanning for projects...
[INFO] 
[INFO] -----------------< com.premiumminds:wicket-crudifier >------------------
[INFO] Building wicket-crudifier 5.1-SNAPSHOT
[INFO]   from pom.xml
[INFO] --------------------------------[ jar ]---------------------------------
[INFO] Downloading from central: https://repo.maven.apache.org/maven2/org/apache/maven/plugins/maven-jar-plugin/3.3.0/maven-jar-plugin-3.3.0.pom
[INFO] Downloaded from central: https://repo.maven.apache.org/maven2/org/apache/maven/plugins/maven-jar-plugin/3.3.0/maven-jar-plugin-3.3.0.pom (6.8 kB at 6.4 kB/s)
[INFO] Downloading from central: https://repo.maven.apache.org/maven2/org/apache/maven/plugins/maven-plugins/37/maven-plugins-37.pom
[INFO] Downloaded from central: https://repo.maven.apache.org/maven2/org/apache/maven/plugins/maven-plugins/37/maven-plugins-37.pom (9.9 kB at 431 kB/s)
[INFO] Downloading from central: https://repo.maven.apache.org/maven2/org/apache/maven/maven-parent/37/maven-parent-37.pom
[INFO] Downloaded from central: https://repo.maven.apache.org/maven2/org/apache/maven/maven-parent/37/maven-parent-37.pom (46 kB at 1.2 MB/s)
[INFO] Downloading from central: https://repo.maven.apache.org/maven2/org/apache/maven/plugins/maven-jar-plugin/3.3.0/maven-jar-plugin-3.3.0.jar
[INFO] Downloaded from central: https://repo.maven.apache.org/maven2/org/apache/maven/plugins/maven-jar-plugin/3.3.0/maven-jar-plugin-3.3.0.jar (27 kB at 217 kB/s)
[INFO] 
[INFO] --- resources:3.3.0:resources (default-resources) @ wicket-crudifier ---
[INFO] skip non existing resourceDirectory /wicket-crudifier/src/main/resources
[INFO] Copying 14 resources
[INFO] 
[INFO] --- compiler:3.11.0:compile (default-compile) @ wicket-crudifier ---
[INFO] Nothing to compile - all classes are up to date
[INFO] 
[INFO] --- resources:3.3.0:testResources (default-testResources) @ wicket-crudifier ---
[INFO] Copying 1 resource
[INFO] 
[INFO] --- compiler:3.11.0:testCompile (default-testCompile) @ wicket-crudifier ---
[INFO] Nothing to compile - all classes are up to date
[INFO] 
[INFO] --- surefire:3.1.0:test (default-test) @ wicket-crudifier ---
[INFO] Tests are skipped.
[INFO] 
[INFO] --- jar:3.3.0:jar (default-jar) @ wicket-crudifier ---
[INFO] Downloading from central: https://repo.maven.apache.org/maven2/org/apache/maven/shared/file-management/3.1.0/file-management-3.1.0.pom
[INFO] Downloaded from central: https://repo.maven.apache.org/maven2/org/apache/maven/shared/file-management/3.1.0/file-management-3.1.0.pom (4.5 kB at 187 kB/s)
[INFO] Downloading from central: https://repo.maven.apache.org/maven2/org/apache/maven/maven-archiver/3.6.0/maven-archiver-3.6.0.pom
[INFO] Downloaded from central: https://repo.maven.apache.org/maven2/org/apache/maven/maven-archiver/3.6.0/maven-archiver-3.6.0.pom (3.9 kB at 163 kB/s)
[INFO] Downloading from central: https://repo.maven.apache.org/maven2/org/codehaus/plexus/plexus-io/3.4.0/plexus-io-3.4.0.pom
[INFO] Downloaded from central: https://repo.maven.apache.org/maven2/org/codehaus/plexus/plexus-io/3.4.0/plexus-io-3.4.0.pom (6.0 kB at 261 kB/s)
[INFO] Downloading from central: https://repo.maven.apache.org/maven2/org/codehaus/plexus/plexus-archiver/4.4.0/plexus-archiver-4.4.0.pom
[INFO] Downloaded from central: https://repo.maven.apache.org/maven2/org/codehaus/plexus/plexus-archiver/4.4.0/plexus-archiver-4.4.0.pom (6.3 kB at 330 kB/s)
[INFO] Downloading from central: https://repo.maven.apache.org/maven2/org/apache/commons/commons-compress/1.21/commons-compress-1.21.pom
[INFO] Downloaded from central: https://repo.maven.apache.org/maven2/org/apache/commons/commons-compress/1.21/commons-compress-1.21.pom (20 kB at 984 kB/s)
[INFO] Downloading from central: https://repo.maven.apache.org/maven2/org/iq80/snappy/snappy/0.4/snappy-0.4.pom
[INFO] Downloaded from central: https://repo.maven.apache.org/maven2/org/iq80/snappy/snappy/0.4/snappy-0.4.pom (15 kB at 581 kB/s)
[INFO] Downloading from central: https://repo.maven.apache.org/maven2/org/tukaani/xz/1.9/xz-1.9.pom
[INFO] Downloaded from central: https://repo.maven.apache.org/maven2/org/tukaani/xz/1.9/xz-1.9.pom (2.0 kB at 89 kB/s)
[INFO] Downloading from central: https://repo.maven.apache.org/maven2/org/codehaus/plexus/plexus-utils/3.4.2/plexus-utils-3.4.2.pom
[INFO] Downloaded from central: https://repo.maven.apache.org/maven2/org/codehaus/plexus/plexus-utils/3.4.2/plexus-utils-3.4.2.pom (8.2 kB at 391 kB/s)
[INFO] Downloading from central: https://repo.maven.apache.org/maven2/org/codehaus/plexus/plexus/8/plexus-8.pom
[INFO] Downloaded from central: https://repo.maven.apache.org/maven2/org/codehaus/plexus/plexus/8/plexus-8.pom (25 kB at 1.2 MB/s)
[INFO] Downloading from central: https://repo.maven.apache.org/maven2/org/apache/maven/shared/file-management/3.1.0/file-management-3.1.0.jar
[INFO] Downloaded from central: https://repo.maven.apache.org/maven2/org/apache/maven/shared/file-management/3.1.0/file-management-3.1.0.jar (36 kB at 773 kB/s)
[INFO] Downloading from central: https://repo.maven.apache.org/maven2/org/codehaus/plexus/plexus-io/3.4.0/plexus-io-3.4.0.jar
[INFO] Downloading from central: https://repo.maven.apache.org/maven2/org/apache/maven/maven-archiver/3.6.0/maven-archiver-3.6.0.jar
[INFO] Downloading from central: https://repo.maven.apache.org/maven2/org/codehaus/plexus/plexus-archiver/4.4.0/plexus-archiver-4.4.0.jar
[INFO] Downloading from central: https://repo.maven.apache.org/maven2/org/apache/commons/commons-compress/1.21/commons-compress-1.21.jar
[INFO] Downloading from central: https://repo.maven.apache.org/maven2/org/iq80/snappy/snappy/0.4/snappy-0.4.jar
[INFO] Downloaded from central: https://repo.maven.apache.org/maven2/org/codehaus/plexus/plexus-io/3.4.0/plexus-io-3.4.0.jar (79 kB at 1.5 MB/s)
[INFO] Downloading from central: https://repo.maven.apache.org/maven2/org/tukaani/xz/1.9/xz-1.9.jar
[INFO] Downloaded from central: https://repo.maven.apache.org/maven2/org/tukaani/xz/1.9/xz-1.9.jar (116 kB at 1.2 MB/s)
[INFO] Downloading from central: https://repo.maven.apache.org/maven2/org/codehaus/plexus/plexus-utils/3.4.2/plexus-utils-3.4.2.jar
[INFO] Downloaded from central: https://repo.maven.apache.org/maven2/org/apache/maven/maven-archiver/3.6.0/maven-archiver-3.6.0.jar (26 kB at 124 kB/s)
[INFO] Downloaded from central: https://repo.maven.apache.org/maven2/org/codehaus/plexus/plexus-utils/3.4.2/plexus-utils-3.4.2.jar (267 kB at 1.7 MB/s)
[INFO] Downloaded from central: https://repo.maven.apache.org/maven2/org/codehaus/plexus/plexus-archiver/4.4.0/plexus-archiver-4.4.0.jar (211 kB at 1.1 MB/s)
[INFO] Downloaded from central: https://repo.maven.apache.org/maven2/org/apache/commons/commons-compress/1.21/commons-compress-1.21.jar (1.0 MB at 3.9 MB/s)
[INFO] Downloaded from central: https://repo.maven.apache.org/maven2/org/iq80/snappy/snappy/0.4/snappy-0.4.jar (58 kB at 143 kB/s)
[INFO] Building jar: /wicket-crudifier/target/wicket-crudifier-5.1-SNAPSHOT.jar
[INFO] 
[INFO] --- source:3.3.0:jar-no-fork (attach-sources) @ wicket-crudifier ---
[INFO] Downloading from central: https://repo.maven.apache.org/maven2/org/codehaus/plexus/plexus-archiver/4.7.1/plexus-archiver-4.7.1.pom
[INFO] Downloaded from central: https://repo.maven.apache.org/maven2/org/codehaus/plexus/plexus-archiver/4.7.1/plexus-archiver-4.7.1.pom (6.5 kB at 327 kB/s)
[INFO] Downloading from central: https://repo.maven.apache.org/maven2/org/codehaus/plexus/plexus-io/3.4.1/plexus-io-3.4.1.pom
[INFO] Downloaded from central: https://repo.maven.apache.org/maven2/org/codehaus/plexus/plexus-io/3.4.1/plexus-io-3.4.1.pom (6.0 kB at 376 kB/s)
[INFO] Downloading from central: https://repo.maven.apache.org/maven2/org/apache/commons/commons-compress/1.23.0/commons-compress-1.23.0.pom
[INFO] Downloaded from central: https://repo.maven.apache.org/maven2/org/apache/commons/commons-compress/1.23.0/commons-compress-1.23.0.pom (22 kB at 1.4 MB/s)
[INFO] Downloading from central: https://repo.maven.apache.org/maven2/com/github/luben/zstd-jni/1.5.5-2/zstd-jni-1.5.5-2.pom
[INFO] Downloaded from central: https://repo.maven.apache.org/maven2/com/github/luben/zstd-jni/1.5.5-2/zstd-jni-1.5.5-2.pom (1.9 kB at 74 kB/s)
[INFO] Downloading from central: https://repo.maven.apache.org/maven2/org/codehaus/plexus/plexus-utils/3.5.1/plexus-utils-3.5.1.pom
[INFO] Downloaded from central: https://repo.maven.apache.org/maven2/org/codehaus/plexus/plexus-utils/3.5.1/plexus-utils-3.5.1.pom (8.8 kB at 516 kB/s)
[INFO] Downloading from central: https://repo.maven.apache.org/maven2/org/codehaus/plexus/plexus-archiver/4.7.1/plexus-archiver-4.7.1.jar
[INFO] Downloaded from central: https://repo.maven.apache.org/maven2/org/codehaus/plexus/plexus-archiver/4.7.1/plexus-archiver-4.7.1.jar (221 kB at 8.8 MB/s)
[INFO] Downloading from central: https://repo.maven.apache.org/maven2/org/apache/commons/commons-compress/1.23.0/commons-compress-1.23.0.jar
[INFO] Downloading from central: https://repo.maven.apache.org/maven2/com/github/luben/zstd-jni/1.5.5-2/zstd-jni-1.5.5-2.jar
[INFO] Downloading from central: https://repo.maven.apache.org/maven2/org/codehaus/plexus/plexus-utils/3.5.1/plexus-utils-3.5.1.jar
[INFO] Downloaded from central: https://repo.maven.apache.org/maven2/org/codehaus/plexus/plexus-utils/3.5.1/plexus-utils-3.5.1.jar (269 kB at 5.6 MB/s)
[INFO] Downloaded from central: https://repo.maven.apache.org/maven2/org/apache/commons/commons-compress/1.23.0/commons-compress-1.23.0.jar (1.1 MB at 19 MB/s)
[INFO] Downloaded from central: https://repo.maven.apache.org/maven2/com/github/luben/zstd-jni/1.5.5-2/zstd-jni-1.5.5-2.jar (5.9 MB at 23 MB/s)
[INFO] Building jar: /wicket-crudifier/target/wicket-crudifier-5.1-SNAPSHOT-sources.jar
[INFO] 
[INFO] --- javadoc:3.5.0:jar (attach-javadocs) @ wicket-crudifier ---
[INFO] Downloading from central: https://repo.maven.apache.org/maven2/org/apache/maven/reporting/maven-reporting-api/3.1.1/maven-reporting-api-3.1.1.pom
[INFO] Downloaded from central: https://repo.maven.apache.org/maven2/org/apache/maven/reporting/maven-reporting-api/3.1.1/maven-reporting-api-3.1.1.pom (3.8 kB at 171 kB/s)
[INFO] Downloading from central: https://repo.maven.apache.org/maven2/org/apache/maven/doxia/doxia-sink-api/1.11.1/doxia-sink-api-1.11.1.pom
[INFO] Downloaded from central: https://repo.maven.apache.org/maven2/org/apache/maven/doxia/doxia-sink-api/1.11.1/doxia-sink-api-1.11.1.pom (1.6 kB at 69 kB/s)
[INFO] Downloading from central: https://repo.maven.apache.org/maven2/org/apache/maven/doxia/doxia/1.11.1/doxia-1.11.1.pom
[INFO] Downloaded from central: https://repo.maven.apache.org/maven2/org/apache/maven/doxia/doxia/1.11.1/doxia-1.11.1.pom (18 kB at 820 kB/s)
[INFO] Downloading from central: https://repo.maven.apache.org/maven2/org/apache/maven/doxia/doxia-logging-api/1.11.1/doxia-logging-api-1.11.1.pom
[INFO] Downloaded from central: https://repo.maven.apache.org/maven2/org/apache/maven/doxia/doxia-logging-api/1.11.1/doxia-logging-api-1.11.1.pom (1.6 kB at 83 kB/s)
[INFO] Downloading from central: https://repo.maven.apache.org/maven2/org/apache/maven/shared/maven-invoker/3.2.0/maven-invoker-3.2.0.pom
[INFO] Downloaded from central: https://repo.maven.apache.org/maven2/org/apache/maven/shared/maven-invoker/3.2.0/maven-invoker-3.2.0.pom (5.2 kB at 157 kB/s)
[INFO] Downloading from central: https://repo.maven.apache.org/maven2/org/apache/maven/shared/maven-shared-components/35/maven-shared-components-35.pom
[INFO] Downloaded from central: https://repo.maven.apache.org/maven2/org/apache/maven/shared/maven-shared-components/35/maven-shared-components-35.pom (4.9 kB at 204 kB/s)
[INFO] Downloading from central: https://repo.maven.apache.org/maven2/org/apache/maven/shared/maven-common-artifact-filters/3.2.0/maven-common-artifact-filters-3.2.0.pom
[INFO] Downloaded from central: https://repo.maven.apache.org/maven2/org/apache/maven/shared/maven-common-artifact-filters/3.2.0/maven-common-artifact-filters-3.2.0.pom (6.9 kB at 347 kB/s)
[INFO] Downloading from central: https://repo.maven.apache.org/maven2/org/apache/maven/maven-artifact/3.1.1/maven-artifact-3.1.1.pom
[INFO] Downloaded from central: https://repo.maven.apache.org/maven2/org/apache/maven/maven-artifact/3.1.1/maven-artifact-3.1.1.pom (2.0 kB at 116 kB/s)
[INFO] Downloading from central: https://repo.maven.apache.org/maven2/org/apache/maven/maven/3.1.1/maven-3.1.1.pom
[INFO] Downloaded from central: https://repo.maven.apache.org/maven2/org/apache/maven/maven/3.1.1/maven-3.1.1.pom (22 kB at 1.2 MB/s)
[INFO] Downloading from central: https://repo.maven.apache.org/maven2/org/apache/maven/maven-model/3.1.1/maven-model-3.1.1.pom
[INFO] Downloaded from central: https://repo.maven.apache.org/maven2/org/apache/maven/maven-model/3.1.1/maven-model-3.1.1.pom (4.1 kB at 230 kB/s)
[INFO] Downloading from central: https://repo.maven.apache.org/maven2/org/apache/maven/maven-core/3.1.1/maven-core-3.1.1.pom
[INFO] Downloaded from central: https://repo.maven.apache.org/maven2/org/apache/maven/maven-core/3.1.1/maven-core-3.1.1.pom (7.3 kB at 364 kB/s)
[INFO] Downloading from central: https://repo.maven.apache.org/maven2/org/apache/maven/maven-settings/3.1.1/maven-settings-3.1.1.pom
[INFO] Downloaded from central: https://repo.maven.apache.org/maven2/org/apache/maven/maven-settings/3.1.1/maven-settings-3.1.1.pom (2.2 kB at 128 kB/s)
[INFO] Downloading from central: https://repo.maven.apache.org/maven2/org/apache/maven/maven-settings-builder/3.1.1/maven-settings-builder-3.1.1.pom
[INFO] Downloaded from central: https://repo.maven.apache.org/maven2/org/apache/maven/maven-settings-builder/3.1.1/maven-settings-builder-3.1.1.pom (2.6 kB at 130 kB/s)
[INFO] Downloading from central: https://repo.maven.apache.org/maven2/org/codehaus/plexus/plexus-interpolation/1.19/plexus-interpolation-1.19.pom
[INFO] Downloaded from central: https://repo.maven.apache.org/maven2/org/codehaus/plexus/plexus-interpolation/1.19/plexus-interpolation-1.19.pom (1.0 kB at 47 kB/s)
[INFO] Downloading from central: https://repo.maven.apache.org/maven2/org/apache/maven/maven-repository-metadata/3.1.1/maven-repository-metadata-3.1.1.pom
[INFO] Downloaded from central: https://repo.maven.apache.org/maven2/org/apache/maven/maven-repository-metadata/3.1.1/maven-repository-metadata-3.1.1.pom (2.2 kB at 139 kB/s)
[INFO] Downloading from central: https://repo.maven.apache.org/maven2/org/apache/maven/maven-plugin-api/3.1.1/maven-plugin-api-3.1.1.pom
[INFO] Downloaded from central: https://repo.maven.apache.org/maven2/org/apache/maven/maven-plugin-api/3.1.1/maven-plugin-api-3.1.1.pom (3.4 kB at 211 kB/s)
[INFO] Downloading from central: https://repo.maven.apache.org/maven2/org/apache/maven/maven-model-builder/3.1.1/maven-model-builder-3.1.1.pom
[INFO] Downloaded from central: https://repo.maven.apache.org/maven2/org/apache/maven/maven-model-builder/3.1.1/maven-model-builder-3.1.1.pom (2.8 kB at 148 kB/s)
[INFO] Downloading from central: https://repo.maven.apache.org/maven2/org/apache/maven/maven-aether-provider/3.1.1/maven-aether-provider-3.1.1.pom
[INFO] Downloaded from central: https://repo.maven.apache.org/maven2/org/apache/maven/maven-aether-provider/3.1.1/maven-aether-provider-3.1.1.pom (4.1 kB at 195 kB/s)
[INFO] Downloading from central: https://repo.maven.apache.org/maven2/org/eclipse/aether/aether-spi/0.9.0.M2/aether-spi-0.9.0.M2.pom
[INFO] Downloaded from central: https://repo.maven.apache.org/maven2/org/eclipse/aether/aether-spi/0.9.0.M2/aether-spi-0.9.0.M2.pom (1.8 kB at 88 kB/s)
[INFO] Downloading from central: https://repo.maven.apache.org/maven2/org/eclipse/aether/aether/0.9.0.M2/aether-0.9.0.M2.pom
[INFO] Downloaded from central: https://repo.maven.apache.org/maven2/org/eclipse/aether/aether/0.9.0.M2/aether-0.9.0.M2.pom (28 kB at 1.7 MB/s)
[INFO] Downloading from central: https://repo.maven.apache.org/maven2/org/codehaus/plexus/plexus-classworlds/2.5.1/plexus-classworlds-2.5.1.pom
[INFO] Downloaded from central: https://repo.maven.apache.org/maven2/org/codehaus/plexus/plexus-classworlds/2.5.1/plexus-classworlds-2.5.1.pom (5.0 kB at 278 kB/s)
[INFO] Downloading from central: https://repo.maven.apache.org/maven2/org/apache/maven/shared/maven-shared-utils/3.3.3/maven-shared-utils-3.3.3.pom
[INFO] Downloaded from central: https://repo.maven.apache.org/maven2/org/apache/maven/shared/maven-shared-utils/3.3.3/maven-shared-utils-3.3.3.pom (5.8 kB at 304 kB/s)
[INFO] Downloading from central: https://repo.maven.apache.org/maven2/org/codehaus/plexus/plexus-container-default/2.1.0/plexus-container-default-2.1.0.pom
[INFO] Downloaded from central: https://repo.maven.apache.org/maven2/org/codehaus/plexus/plexus-container-default/2.1.0/plexus-container-default-2.1.0.pom (3.0 kB at 141 kB/s)
[INFO] Downloading from central: https://repo.maven.apache.org/maven2/org/codehaus/plexus/plexus-containers/2.1.0/plexus-containers-2.1.0.pom
[INFO] Downloaded from central: https://repo.maven.apache.org/maven2/org/codehaus/plexus/plexus-containers/2.1.0/plexus-containers-2.1.0.pom (4.8 kB at 300 kB/s)
[INFO] Downloading from central: https://repo.maven.apache.org/maven2/org/codehaus/plexus/plexus-classworlds/2.6.0/plexus-classworlds-2.6.0.pom
[INFO] Downloaded from central: https://repo.maven.apache.org/maven2/org/codehaus/plexus/plexus-classworlds/2.6.0/plexus-classworlds-2.6.0.pom (7.9 kB at 440 kB/s)
[INFO] Downloading from central: https://repo.maven.apache.org/maven2/org/apache/xbean/xbean-reflect/3.7/xbean-reflect-3.7.pom
[INFO] Downloaded from central: https://repo.maven.apache.org/maven2/org/apache/xbean/xbean-reflect/3.7/xbean-reflect-3.7.pom (5.1 kB at 196 kB/s)
[INFO] Downloading from central: https://repo.maven.apache.org/maven2/org/apache/xbean/xbean/3.7/xbean-3.7.pom
[INFO] Downloaded from central: https://repo.maven.apache.org/maven2/org/apache/xbean/xbean/3.7/xbean-3.7.pom (15 kB at 813 kB/s)
[INFO] Downloading from central: https://repo.maven.apache.org/maven2/org/apache/geronimo/genesis/genesis-java5-flava/2.0/genesis-java5-flava-2.0.pom
[INFO] Downloaded from central: https://repo.maven.apache.org/maven2/org/apache/geronimo/genesis/genesis-java5-flava/2.0/genesis-java5-flava-2.0.pom (5.5 kB at 305 kB/s)
[INFO] Downloading from central: https://repo.maven.apache.org/maven2/org/apache/geronimo/genesis/genesis-default-flava/2.0/genesis-default-flava-2.0.pom
[INFO] Downloaded from central: https://repo.maven.apache.org/maven2/org/apache/geronimo/genesis/genesis-default-flava/2.0/genesis-default-flava-2.0.pom (18 kB at 937 kB/s)
[INFO] Downloading from central: https://repo.maven.apache.org/maven2/org/apache/geronimo/genesis/genesis/2.0/genesis-2.0.pom
[INFO] Downloaded from central: https://repo.maven.apache.org/maven2/org/apache/geronimo/genesis/genesis/2.0/genesis-2.0.pom (18 kB at 1.0 MB/s)
[INFO] Downloading from central: https://repo.maven.apache.org/maven2/org/apache/apache/6/apache-6.pom
[INFO] Downloaded from central: https://repo.maven.apache.org/maven2/org/apache/apache/6/apache-6.pom (13 kB at 640 kB/s)
[INFO] Downloading from central: https://repo.maven.apache.org/maven2/com/google/collections/google-collections/1.0/google-collections-1.0.pom
[INFO] Downloaded from central: https://repo.maven.apache.org/maven2/com/google/collections/google-collections/1.0/google-collections-1.0.pom (2.5 kB at 85 kB/s)
[INFO] Downloading from central: https://repo.maven.apache.org/maven2/com/google/google/1/google-1.pom
[INFO] Downloaded from central: https://repo.maven.apache.org/maven2/com/google/google/1/google-1.pom (1.6 kB at 74 kB/s)
[INFO] Downloading from central: https://repo.maven.apache.org/maven2/org/apache/maven/doxia/doxia-site-renderer/1.11.1/doxia-site-renderer-1.11.1.pom
[INFO] Downloaded from central: https://repo.maven.apache.org/maven2/org/apache/maven/doxia/doxia-site-renderer/1.11.1/doxia-site-renderer-1.11.1.pom (7.7 kB at 321 kB/s)
[INFO] Downloading from central: https://repo.maven.apache.org/maven2/org/apache/maven/doxia/doxia-sitetools/1.11.1/doxia-sitetools-1.11.1.pom
[INFO] Downloaded from central: https://repo.maven.apache.org/maven2/org/apache/maven/doxia/doxia-sitetools/1.11.1/doxia-sitetools-1.11.1.pom (14 kB at 591 kB/s)
[INFO] Downloading from central: https://repo.maven.apache.org/maven2/org/apache/maven/maven-artifact/3.0/maven-artifact-3.0.pom
[INFO] Downloaded from central: https://repo.maven.apache.org/maven2/org/apache/maven/maven-artifact/3.0/maven-artifact-3.0.pom (1.9 kB at 88 kB/s)
[INFO] Downloading from central: https://repo.maven.apache.org/maven2/org/apache/maven/maven/3.0/maven-3.0.pom
[INFO] Downloaded from central: https://repo.maven.apache.org/maven2/org/apache/maven/maven/3.0/maven-3.0.pom (22 kB at 952 kB/s)
[INFO] Downloading from central: https://repo.maven.apache.org/maven2/org/apache/maven/maven-parent/15/maven-parent-15.pom
[INFO] Downloaded from central: https://repo.maven.apache.org/maven2/org/apache/maven/maven-parent/15/maven-parent-15.pom (24 kB at 1.0 MB/s)
[INFO] Downloading from central: https://repo.maven.apache.org/maven2/org/apache/maven/doxia/doxia-core/1.11.1/doxia-core-1.11.1.pom
[INFO] Downloaded from central: https://repo.maven.apache.org/maven2/org/apache/maven/doxia/doxia-core/1.11.1/doxia-core-1.11.1.pom (4.5 kB at 197 kB/s)
[INFO] Downloading from central: https://repo.maven.apache.org/maven2/org/codehaus/plexus/plexus-component-annotations/2.1.0/plexus-component-annotations-2.1.0.pom
[INFO] Downloaded from central: https://repo.maven.apache.org/maven2/org/codehaus/plexus/plexus-component-annotations/2.1.0/plexus-component-annotations-2.1.0.pom (750 B at 34 kB/s)
[INFO] Downloading from central: https://repo.maven.apache.org/maven2/org/apache/commons/commons-lang3/3.8.1/commons-lang3-3.8.1.pom
[INFO] Downloaded from central: https://repo.maven.apache.org/maven2/org/apache/commons/commons-lang3/3.8.1/commons-lang3-3.8.1.pom (28 kB at 1.2 MB/s)
[INFO] Downloading from central: https://repo.maven.apache.org/maven2/org/apache/commons/commons-text/1.3/commons-text-1.3.pom
[INFO] Downloaded from central: https://repo.maven.apache.org/maven2/org/apache/commons/commons-text/1.3/commons-text-1.3.pom (14 kB at 548 kB/s)
[INFO] Downloading from central: https://repo.maven.apache.org/maven2/org/apache/commons/commons-parent/45/commons-parent-45.pom
[INFO] Downloaded from central: https://repo.maven.apache.org/maven2/org/apache/commons/commons-parent/45/commons-parent-45.pom (73 kB at 2.5 MB/s)
[INFO] Downloading from central: https://repo.maven.apache.org/maven2/org/apache/commons/commons-lang3/3.7/commons-lang3-3.7.pom
[INFO] Downloaded from central: https://repo.maven.apache.org/maven2/org/apache/commons/commons-lang3/3.7/commons-lang3-3.7.pom (28 kB at 1.1 MB/s)
[INFO] Downloading from central: https://repo.maven.apache.org/maven2/org/apache/httpcomponents/httpclient/4.5.13/httpclient-4.5.13.pom
[INFO] Downloaded from central: https://repo.maven.apache.org/maven2/org/apache/httpcomponents/httpclient/4.5.13/httpclient-4.5.13.pom (6.6 kB at 254 kB/s)
[INFO] Downloading from central: https://repo.maven.apache.org/maven2/org/apache/httpcomponents/httpcomponents-client/4.5.13/httpcomponents-client-4.5.13.pom
[INFO] Downloaded from central: https://repo.maven.apache.org/maven2/org/apache/httpcomponents/httpcomponents-client/4.5.13/httpcomponents-client-4.5.13.pom (16 kB at 655 kB/s)
[INFO] Downloading from central: https://repo.maven.apache.org/maven2/org/apache/httpcomponents/httpcomponents-parent/11/httpcomponents-parent-11.pom
[INFO] Downloaded from central: https://repo.maven.apache.org/maven2/org/apache/httpcomponents/httpcomponents-parent/11/httpcomponents-parent-11.pom (35 kB at 1.7 MB/s)
[INFO] Downloading from central: https://repo.maven.apache.org/maven2/org/apache/httpcomponents/httpcore/4.4.13/httpcore-4.4.13.pom
[INFO] Downloaded from central: https://repo.maven.apache.org/maven2/org/apache/httpcomponents/httpcore/4.4.13/httpcore-4.4.13.pom (5.0 kB at 248 kB/s)
[INFO] Downloading from central: https://repo.maven.apache.org/maven2/org/apache/httpcomponents/httpcomponents-core/4.4.13/httpcomponents-core-4.4.13.pom
[INFO] Downloaded from central: https://repo.maven.apache.org/maven2/org/apache/httpcomponents/httpcomponents-core/4.4.13/httpcomponents-core-4.4.13.pom (13 kB at 572 kB/s)
[INFO] Downloading from central: https://repo.maven.apache.org/maven2/commons-codec/commons-codec/1.11/commons-codec-1.11.pom
[INFO] Downloaded from central: https://repo.maven.apache.org/maven2/commons-codec/commons-codec/1.11/commons-codec-1.11.pom (14 kB at 517 kB/s)
[INFO] Downloading from central: https://repo.maven.apache.org/maven2/org/apache/httpcomponents/httpcore/4.4.14/httpcore-4.4.14.pom
[INFO] Downloaded from central: https://repo.maven.apache.org/maven2/org/apache/httpcomponents/httpcore/4.4.14/httpcore-4.4.14.pom (5.0 kB at 155 kB/s)
[INFO] Downloading from central: https://repo.maven.apache.org/maven2/org/apache/httpcomponents/httpcomponents-core/4.4.14/httpcomponents-core-4.4.14.pom
[INFO] Downloaded from central: https://repo.maven.apache.org/maven2/org/apache/httpcomponents/httpcomponents-core/4.4.14/httpcomponents-core-4.4.14.pom (13 kB at 548 kB/s)
[INFO] Downloading from central: https://repo.maven.apache.org/maven2/org/apache/maven/doxia/doxia-decoration-model/1.11.1/doxia-decoration-model-1.11.1.pom
[INFO] Downloaded from central: https://repo.maven.apache.org/maven2/org/apache/maven/doxia/doxia-decoration-model/1.11.1/doxia-decoration-model-1.11.1.pom (3.4 kB at 189 kB/s)
[INFO] Downloading from central: https://repo.maven.apache.org/maven2/org/codehaus/plexus/plexus-component-annotations/2.0.0/plexus-component-annotations-2.0.0.pom
[INFO] Downloaded from central: https://repo.maven.apache.org/maven2/org/codehaus/plexus/plexus-component-annotations/2.0.0/plexus-component-annotations-2.0.0.pom (750 B at 36 kB/s)
[INFO] Downloading from central: https://repo.maven.apache.org/maven2/org/codehaus/plexus/plexus-containers/2.0.0/plexus-containers-2.0.0.pom
[INFO] Downloaded from central: https://repo.maven.apache.org/maven2/org/codehaus/plexus/plexus-containers/2.0.0/plexus-containers-2.0.0.pom (4.8 kB at 283 kB/s)
[INFO] Downloading from central: https://repo.maven.apache.org/maven2/org/apache/maven/doxia/doxia-skin-model/1.11.1/doxia-skin-model-1.11.1.pom
[INFO] Downloaded from central: https://repo.maven.apache.org/maven2/org/apache/maven/doxia/doxia-skin-model/1.11.1/doxia-skin-model-1.11.1.pom (3.0 kB at 160 kB/s)
[INFO] Downloading from central: https://repo.maven.apache.org/maven2/org/apache/maven/doxia/doxia-module-xhtml/1.11.1/doxia-module-xhtml-1.11.1.pom
[INFO] Downloaded from central: https://repo.maven.apache.org/maven2/org/apache/maven/doxia/doxia-module-xhtml/1.11.1/doxia-module-xhtml-1.11.1.pom (2.0 kB at 116 kB/s)
[INFO] Downloading from central: https://repo.maven.apache.org/maven2/org/apache/maven/doxia/doxia-modules/1.11.1/doxia-modules-1.11.1.pom
[INFO] Downloaded from central: https://repo.maven.apache.org/maven2/org/apache/maven/doxia/doxia-modules/1.11.1/doxia-modules-1.11.1.pom (2.7 kB at 152 kB/s)
[INFO] Downloading from central: https://repo.maven.apache.org/maven2/org/apache/maven/doxia/doxia-module-xhtml5/1.11.1/doxia-module-xhtml5-1.11.1.pom
[INFO] Downloaded from central: https://repo.maven.apache.org/maven2/org/apache/maven/doxia/doxia-module-xhtml5/1.11.1/doxia-module-xhtml5-1.11.1.pom (2.0 kB at 124 kB/s)
[INFO] Downloading from central: https://repo.maven.apache.org/maven2/org/codehaus/plexus/plexus-i18n/1.0-beta-10/plexus-i18n-1.0-beta-10.pom
[INFO] Downloaded from central: https://repo.maven.apache.org/maven2/org/codehaus/plexus/plexus-i18n/1.0-beta-10/plexus-i18n-1.0-beta-10.pom (2.1 kB at 122 kB/s)
[INFO] Downloading from central: https://repo.maven.apache.org/maven2/org/codehaus/plexus/plexus-components/1.1.12/plexus-components-1.1.12.pom
[INFO] Downloaded from central: https://repo.maven.apache.org/maven2/org/codehaus/plexus/plexus-components/1.1.12/plexus-components-1.1.12.pom (3.0 kB at 167 kB/s)
[INFO] Downloading from central: https://repo.maven.apache.org/maven2/org/codehaus/plexus/plexus/1.0.10/plexus-1.0.10.pom
[INFO] Downloaded from central: https://repo.maven.apache.org/maven2/org/codehaus/plexus/plexus/1.0.10/plexus-1.0.10.pom (8.2 kB at 516 kB/s)
[INFO] Downloading from central: https://repo.maven.apache.org/maven2/org/codehaus/plexus/plexus-container-default/1.0-alpha-30/plexus-container-default-1.0-alpha-30.pom
[INFO] Downloaded from central: https://repo.maven.apache.org/maven2/org/codehaus/plexus/plexus-container-default/1.0-alpha-30/plexus-container-default-1.0-alpha-30.pom (3.5 kB at 217 kB/s)
[INFO] Downloading from central: https://repo.maven.apache.org/maven2/org/codehaus/plexus/plexus-containers/1.0-alpha-30/plexus-containers-1.0-alpha-30.pom
[INFO] Downloaded from central: https://repo.maven.apache.org/maven2/org/codehaus/plexus/plexus-containers/1.0-alpha-30/plexus-containers-1.0-alpha-30.pom (1.9 kB at 126 kB/s)
[INFO] Downloading from central: https://repo.maven.apache.org/maven2/org/codehaus/plexus/plexus/1.0.11/plexus-1.0.11.pom
[INFO] Downloaded from central: https://repo.maven.apache.org/maven2/org/codehaus/plexus/plexus/1.0.11/plexus-1.0.11.pom (9.0 kB at 528 kB/s)
[INFO] Downloading from central: https://repo.maven.apache.org/maven2/org/codehaus/plexus/plexus-classworlds/1.2-alpha-9/plexus-classworlds-1.2-alpha-9.pom
[INFO] Downloaded from central: https://repo.maven.apache.org/maven2/org/codehaus/plexus/plexus-classworlds/1.2-alpha-9/plexus-classworlds-1.2-alpha-9.pom (3.2 kB at 190 kB/s)
[INFO] Downloading from central: https://repo.maven.apache.org/maven2/junit/junit/3.8.1/junit-3.8.1.pom
[INFO] Downloaded from central: https://repo.maven.apache.org/maven2/junit/junit/3.8.1/junit-3.8.1.pom (998 B at 50 kB/s)
[INFO] Downloading from central: https://repo.maven.apache.org/maven2/org/codehaus/plexus/plexus-velocity/1.2/plexus-velocity-1.2.pom
[INFO] Downloaded from central: https://repo.maven.apache.org/maven2/org/codehaus/plexus/plexus-velocity/1.2/plexus-velocity-1.2.pom (2.8 kB at 166 kB/s)
[INFO] Downloading from central: https://repo.maven.apache.org/maven2/org/codehaus/plexus/plexus-components/4.0/plexus-components-4.0.pom
[INFO] Downloaded from central: https://repo.maven.apache.org/maven2/org/codehaus/plexus/plexus-components/4.0/plexus-components-4.0.pom (2.7 kB at 166 kB/s)
[INFO] Downloading from central: https://repo.maven.apache.org/maven2/org/codehaus/plexus/plexus/4.0/plexus-4.0.pom
[INFO] Downloaded from central: https://repo.maven.apache.org/maven2/org/codehaus/plexus/plexus/4.0/plexus-4.0.pom (22 kB at 1.0 MB/s)
[INFO] Downloading from central: https://repo.maven.apache.org/maven2/org/codehaus/plexus/plexus-container-default/1.0-alpha-9-stable-1/plexus-container-default-1.0-alpha-9-stable-1.pom
[INFO] Downloaded from central: https://repo.maven.apache.org/maven2/org/codehaus/plexus/plexus-container-default/1.0-alpha-9-stable-1/plexus-container-default-1.0-alpha-9-stable-1.pom (3.9 kB at 158 kB/s)
[INFO] Downloading from central: https://repo.maven.apache.org/maven2/org/codehaus/plexus/plexus-containers/1.0.3/plexus-containers-1.0.3.pom
[INFO] Downloaded from central: https://repo.maven.apache.org/maven2/org/codehaus/plexus/plexus-containers/1.0.3/plexus-containers-1.0.3.pom (492 B at 31 kB/s)
[INFO] Downloading from central: https://repo.maven.apache.org/maven2/org/codehaus/plexus/plexus/1.0.4/plexus-1.0.4.pom
[INFO] Downloaded from central: https://repo.maven.apache.org/maven2/org/codehaus/plexus/plexus/1.0.4/plexus-1.0.4.pom (5.7 kB at 382 kB/s)
[INFO] Downloading from central: https://repo.maven.apache.org/maven2/classworlds/classworlds/1.1-alpha-2/classworlds-1.1-alpha-2.pom
[INFO] Downloaded from central: https://repo.maven.apache.org/maven2/classworlds/classworlds/1.1-alpha-2/classworlds-1.1-alpha-2.pom (3.1 kB at 125 kB/s)
[INFO] Downloading from central: https://repo.maven.apache.org/maven2/commons-collections/commons-collections/3.1/commons-collections-3.1.pom
[INFO] Downloaded from central: https://repo.maven.apache.org/maven2/commons-collections/commons-collections/3.1/commons-collections-3.1.pom (6.1 kB at 217 kB/s)
[INFO] Downloading from central: https://repo.maven.apache.org/maven2/org/apache/velocity/velocity/1.7/velocity-1.7.pom
[INFO] Downloaded from central: https://repo.maven.apache.org/maven2/org/apache/velocity/velocity/1.7/velocity-1.7.pom (11 kB at 329 kB/s)
[INFO] Downloading from central: https://repo.maven.apache.org/maven2/org/apache/apache/4/apache-4.pom
[INFO] Downloaded from central: https://repo.maven.apache.org/maven2/org/apache/apache/4/apache-4.pom (4.5 kB at 214 kB/s)
[INFO] Downloading from central: https://repo.maven.apache.org/maven2/commons-collections/commons-collections/3.2.1/commons-collections-3.2.1.pom
[INFO] Downloaded from central: https://repo.maven.apache.org/maven2/commons-collections/commons-collections/3.2.1/commons-collections-3.2.1.pom (13 kB at 521 kB/s)
[INFO] Downloading from central: https://repo.maven.apache.org/maven2/org/apache/commons/commons-parent/9/commons-parent-9.pom
[INFO] Downloaded from central: https://repo.maven.apache.org/maven2/org/apache/commons/commons-parent/9/commons-parent-9.pom (22 kB at 1.3 MB/s)
[INFO] Downloading from central: https://repo.maven.apache.org/maven2/commons-lang/commons-lang/2.4/commons-lang-2.4.pom
[INFO] Downloaded from central: https://repo.maven.apache.org/maven2/commons-lang/commons-lang/2.4/commons-lang-2.4.pom (14 kB at 635 kB/s)
[INFO] Downloading from central: https://repo.maven.apache.org/maven2/org/apache/velocity/velocity-tools/2.0/velocity-tools-2.0.pom
[INFO] Downloaded from central: https://repo.maven.apache.org/maven2/org/apache/velocity/velocity-tools/2.0/velocity-tools-2.0.pom (18 kB at 791 kB/s)
[INFO] Downloading from central: https://repo.maven.apache.org/maven2/commons-beanutils/commons-beanutils/1.7.0/commons-beanutils-1.7.0.pom
[INFO] Downloaded from central: https://repo.maven.apache.org/maven2/commons-beanutils/commons-beanutils/1.7.0/commons-beanutils-1.7.0.pom (357 B at 18 kB/s)
[INFO] Downloading from central: https://repo.maven.apache.org/maven2/commons-logging/commons-logging/1.0.3/commons-logging-1.0.3.pom
[INFO] Downloaded from central: https://repo.maven.apache.org/maven2/commons-logging/commons-logging/1.0.3/commons-logging-1.0.3.pom (866 B at 36 kB/s)
[INFO] Downloading from central: https://repo.maven.apache.org/maven2/commons-digester/commons-digester/1.8/commons-digester-1.8.pom
[INFO] Downloaded from central: https://repo.maven.apache.org/maven2/commons-digester/commons-digester/1.8/commons-digester-1.8.pom (7.0 kB at 226 kB/s)
[INFO] Downloading from central: https://repo.maven.apache.org/maven2/commons-logging/commons-logging/1.1/commons-logging-1.1.pom
[INFO] Downloaded from central: https://repo.maven.apache.org/maven2/commons-logging/commons-logging/1.1/commons-logging-1.1.pom (6.2 kB at 238 kB/s)
[INFO] Downloading from central: https://repo.maven.apache.org/maven2/log4j/log4j/1.2.12/log4j-1.2.12.pom
[INFO] Downloaded from central: https://repo.maven.apache.org/maven2/log4j/log4j/1.2.12/log4j-1.2.12.pom (145 B at 4.5 kB/s)
[INFO] Downloading from central: https://repo.maven.apache.org/maven2/logkit/logkit/1.0.1/logkit-1.0.1.pom
[INFO] Downloaded from central: https://repo.maven.apache.org/maven2/logkit/logkit/1.0.1/logkit-1.0.1.pom (147 B at 6.4 kB/s)
[INFO] Downloading from central: https://repo.maven.apache.org/maven2/avalon-framework/avalon-framework/4.1.3/avalon-framework-4.1.3.pom
[INFO] Downloaded from central: https://repo.maven.apache.org/maven2/avalon-framework/avalon-framework/4.1.3/avalon-framework-4.1.3.pom (167 B at 8.0 kB/s)
[INFO] Downloading from central: https://repo.maven.apache.org/maven2/commons-chain/commons-chain/1.1/commons-chain-1.1.pom
[INFO] Downloaded from central: https://repo.maven.apache.org/maven2/commons-chain/commons-chain/1.1/commons-chain-1.1.pom (6.0 kB at 286 kB/s)
[INFO] Downloading from central: https://repo.maven.apache.org/maven2/commons-digester/commons-digester/1.6/commons-digester-1.6.pom
[INFO] Downloaded from central: https://repo.maven.apache.org/maven2/commons-digester/commons-digester/1.6/commons-digester-1.6.pom (974 B at 46 kB/s)
[INFO] Downloading from central: https://repo.maven.apache.org/maven2/commons-beanutils/commons-beanutils/1.6/commons-beanutils-1.6.pom
[INFO] Downloaded from central: https://repo.maven.apache.org/maven2/commons-beanutils/commons-beanutils/1.6/commons-beanutils-1.6.pom (2.3 kB at 96 kB/s)
[INFO] Downloading from central: https://repo.maven.apache.org/maven2/commons-logging/commons-logging/1.0/commons-logging-1.0.pom
[INFO] Downloaded from central: https://repo.maven.apache.org/maven2/commons-logging/commons-logging/1.0/commons-logging-1.0.pom (163 B at 9.6 kB/s)
[INFO] Downloading from central: https://repo.maven.apache.org/maven2/commons-collections/commons-collections/2.0/commons-collections-2.0.pom
[INFO] Downloaded from central: https://repo.maven.apache.org/maven2/commons-collections/commons-collections/2.0/commons-collections-2.0.pom (171 B at 9.5 kB/s)
[INFO] Downloading from central: https://repo.maven.apache.org/maven2/commons-collections/commons-collections/2.1/commons-collections-2.1.pom
[INFO] Downloaded from central: https://repo.maven.apache.org/maven2/commons-collections/commons-collections/2.1/commons-collections-2.1.pom (3.3 kB at 185 kB/s)
[INFO] Downloading from central: https://repo.maven.apache.org/maven2/xml-apis/xml-apis/1.0.b2/xml-apis-1.0.b2.pom
[INFO] Downloaded from central: https://repo.maven.apache.org/maven2/xml-apis/xml-apis/1.0.b2/xml-apis-1.0.b2.pom (2.2 kB at 125 kB/s)
[INFO] Downloading from central: https://repo.maven.apache.org/maven2/commons-collections/commons-collections/3.2/commons-collections-3.2.pom
[INFO] Downloaded from central: https://repo.maven.apache.org/maven2/commons-collections/commons-collections/3.2/commons-collections-3.2.pom (11 kB at 552 kB/s)
[INFO] Downloading from central: https://repo.maven.apache.org/maven2/dom4j/dom4j/1.1/dom4j-1.1.pom
[INFO] Downloaded from central: https://repo.maven.apache.org/maven2/dom4j/dom4j/1.1/dom4j-1.1.pom (142 B at 7.1 kB/s)
[INFO] Downloading from central: https://repo.maven.apache.org/maven2/oro/oro/2.0.8/oro-2.0.8.pom
[INFO] Downloaded from central: https://repo.maven.apache.org/maven2/oro/oro/2.0.8/oro-2.0.8.pom (140 B at 7.4 kB/s)
[INFO] Downloading from central: https://repo.maven.apache.org/maven2/org/apache/velocity/velocity/1.6.2/velocity-1.6.2.pom
[INFO] Downloaded from central: https://repo.maven.apache.org/maven2/org/apache/velocity/velocity/1.6.2/velocity-1.6.2.pom (11 kB at 531 kB/s)
[INFO] Downloading from central: https://repo.maven.apache.org/maven2/org/apache/maven/wagon/wagon-provider-api/2.4/wagon-provider-api-2.4.pom
[INFO] Downloaded from central: https://repo.maven.apache.org/maven2/org/apache/maven/wagon/wagon-provider-api/2.4/wagon-provider-api-2.4.pom (1.7 kB at 108 kB/s)
[INFO] Downloading from central: https://repo.maven.apache.org/maven2/org/apache/maven/wagon/wagon/2.4/wagon-2.4.pom
[INFO] Downloaded from central: https://repo.maven.apache.org/maven2/org/apache/maven/wagon/wagon/2.4/wagon-2.4.pom (20 kB at 791 kB/s)
[INFO] Downloading from central: https://repo.maven.apache.org/maven2/org/apache/httpcomponents/httpclient/4.5.14/httpclient-4.5.14.pom
[INFO] Downloaded from central: https://repo.maven.apache.org/maven2/org/apache/httpcomponents/httpclient/4.5.14/httpclient-4.5.14.pom (6.6 kB at 414 kB/s)
[INFO] Downloading from central: https://repo.maven.apache.org/maven2/org/apache/httpcomponents/httpcomponents-client/4.5.14/httpcomponents-client-4.5.14.pom
[INFO] Downloaded from central: https://repo.maven.apache.org/maven2/org/apache/httpcomponents/httpcomponents-client/4.5.14/httpcomponents-client-4.5.14.pom (15 kB at 899 kB/s)
[INFO] Downloading from central: https://repo.maven.apache.org/maven2/org/apache/httpcomponents/httpcore/4.4.16/httpcore-4.4.16.pom
[INFO] Downloaded from central: https://repo.maven.apache.org/maven2/org/apache/httpcomponents/httpcore/4.4.16/httpcore-4.4.16.pom (5.0 kB at 276 kB/s)
[INFO] Downloading from central: https://repo.maven.apache.org/maven2/org/apache/httpcomponents/httpcomponents-core/4.4.16/httpcomponents-core-4.4.16.pom
[INFO] Downloaded from central: https://repo.maven.apache.org/maven2/org/apache/httpcomponents/httpcomponents-core/4.4.16/httpcomponents-core-4.4.16.pom (12 kB at 373 kB/s)
[INFO] Downloading from central: https://repo.maven.apache.org/maven2/org/codehaus/plexus/plexus-interactivity-api/1.1/plexus-interactivity-api-1.1.pom
[INFO] Downloaded from central: https://repo.maven.apache.org/maven2/org/codehaus/plexus/plexus-interactivity-api/1.1/plexus-interactivity-api-1.1.pom (823 B at 37 kB/s)
[INFO] Downloading from central: https://repo.maven.apache.org/maven2/org/codehaus/plexus/plexus-interactivity/1.1/plexus-interactivity-1.1.pom
[INFO] Downloaded from central: https://repo.maven.apache.org/maven2/org/codehaus/plexus/plexus-interactivity/1.1/plexus-interactivity-1.1.pom (1.7 kB at 91 kB/s)
[INFO] Downloading from central: https://repo.maven.apache.org/maven2/org/codehaus/plexus/plexus-components/6.5/plexus-components-6.5.pom
[INFO] Downloaded from central: https://repo.maven.apache.org/maven2/org/codehaus/plexus/plexus-components/6.5/plexus-components-6.5.pom (2.7 kB at 117 kB/s)
[INFO] Downloading from central: https://repo.maven.apache.org/maven2/org/apache/maven/reporting/maven-reporting-api/3.1.1/maven-reporting-api-3.1.1.jar
[INFO] Downloaded from central: https://repo.maven.apache.org/maven2/org/apache/maven/reporting/maven-reporting-api/3.1.1/maven-reporting-api-3.1.1.jar (11 kB at 621 kB/s)
[INFO] Downloading from central: https://repo.maven.apache.org/maven2/org/apache/maven/shared/maven-invoker/3.2.0/maven-invoker-3.2.0.jar
[INFO] Downloading from central: https://repo.maven.apache.org/maven2/org/apache/maven/maven-artifact/3.1.1/maven-artifact-3.1.1.jar
[INFO] Downloading from central: https://repo.maven.apache.org/maven2/org/apache/maven/shared/maven-common-artifact-filters/3.2.0/maven-common-artifact-filters-3.2.0.jar
[INFO] Downloading from central: https://repo.maven.apache.org/maven2/org/apache/maven/maven-model/3.1.1/maven-model-3.1.1.jar
[INFO] Downloaded from central: https://repo.maven.apache.org/maven2/org/apache/maven/shared/maven-invoker/3.2.0/maven-invoker-3.2.0.jar (33 kB at 1.6 MB/s)
[INFO] Downloaded from central: https://repo.maven.apache.org/maven2/org/apache/maven/maven-artifact/3.1.1/maven-artifact-3.1.1.jar (52 kB at 1.3 MB/s)
[INFO] Downloading from central: https://repo.maven.apache.org/maven2/org/apache/maven/maven-settings/3.1.1/maven-settings-3.1.1.jar
[INFO] Downloading from central: https://repo.maven.apache.org/maven2/org/apache/maven/maven-core/3.1.1/maven-core-3.1.1.jar
[INFO] Downloaded from central: https://repo.maven.apache.org/maven2/org/apache/maven/maven-model/3.1.1/maven-model-3.1.1.jar (154 kB at 3.8 MB/s)
[INFO] Downloading from central: https://repo.maven.apache.org/maven2/org/apache/maven/maven-settings-builder/3.1.1/maven-settings-builder-3.1.1.jar
[INFO] Downloading from central: https://repo.maven.apache.org/maven2/org/apache/maven/maven-repository-metadata/3.1.1/maven-repository-metadata-3.1.1.jar
[INFO] Downloaded from central: https://repo.maven.apache.org/maven2/org/apache/maven/shared/maven-common-artifact-filters/3.2.0/maven-common-artifact-filters-3.2.0.jar (61 kB at 1.1 MB/s)
[INFO] Downloading from central: https://repo.maven.apache.org/maven2/org/apache/maven/maven-model-builder/3.1.1/maven-model-builder-3.1.1.jar
[INFO] Downloaded from central: https://repo.maven.apache.org/maven2/org/apache/maven/maven-settings-builder/3.1.1/maven-settings-builder-3.1.1.jar (42 kB at 2.3 MB/s)
[INFO] Downloading from central: https://repo.maven.apache.org/maven2/org/apache/maven/maven-aether-provider/3.1.1/maven-aether-provider-3.1.1.jar
[INFO] Downloaded from central: https://repo.maven.apache.org/maven2/org/apache/maven/maven-settings/3.1.1/maven-settings-3.1.1.jar (42 kB at 2.1 MB/s)
[INFO] Downloading from central: https://repo.maven.apache.org/maven2/org/eclipse/aether/aether-spi/0.9.0.M2/aether-spi-0.9.0.M2.jar
[INFO] Downloaded from central: https://repo.maven.apache.org/maven2/org/apache/maven/maven-repository-metadata/3.1.1/maven-repository-metadata-3.1.1.jar (25 kB at 719 kB/s)
[INFO] Downloading from central: https://repo.maven.apache.org/maven2/org/eclipse/aether/aether-impl/1.0.0.v20140518/aether-impl-1.0.0.v20140518.jar
[INFO] Downloaded from central: https://repo.maven.apache.org/maven2/org/eclipse/aether/aether-spi/0.9.0.M2/aether-spi-0.9.0.M2.jar (18 kB at 506 kB/s)
[INFO] Downloading from central: https://repo.maven.apache.org/maven2/org/codehaus/plexus/plexus-classworlds/2.5.1/plexus-classworlds-2.5.1.jar
[INFO] Downloaded from central: https://repo.maven.apache.org/maven2/org/apache/maven/maven-model-builder/3.1.1/maven-model-builder-3.1.1.jar (160 kB at 4.6 MB/s)
[INFO] Downloading from central: https://repo.maven.apache.org/maven2/org/sonatype/plexus/plexus-sec-dispatcher/1.3/plexus-sec-dispatcher-1.3.jar
[INFO] Downloaded from central: https://repo.maven.apache.org/maven2/org/apache/maven/maven-aether-provider/3.1.1/maven-aether-provider-3.1.1.jar (60 kB at 1.5 MB/s)
[INFO] Downloading from central: https://repo.maven.apache.org/maven2/org/sonatype/plexus/plexus-cipher/1.4/plexus-cipher-1.4.jar
[INFO] Downloaded from central: https://repo.maven.apache.org/maven2/org/apache/maven/maven-core/3.1.1/maven-core-3.1.1.jar (557 kB at 7.6 MB/s)
[INFO] Downloading from central: https://repo.maven.apache.org/maven2/org/apache/maven/maven-plugin-api/3.1.1/maven-plugin-api-3.1.1.jar
[INFO] Downloaded from central: https://repo.maven.apache.org/maven2/org/sonatype/plexus/plexus-sec-dispatcher/1.3/plexus-sec-dispatcher-1.3.jar (29 kB at 476 kB/s)
[INFO] Downloading from central: https://repo.maven.apache.org/maven2/org/eclipse/sisu/org.eclipse.sisu.plexus/0.3.5/org.eclipse.sisu.plexus-0.3.5.jar
[INFO] Downloaded from central: https://repo.maven.apache.org/maven2/org/codehaus/plexus/plexus-classworlds/2.5.1/plexus-classworlds-2.5.1.jar (50 kB at 803 kB/s)
[INFO] Downloading from central: https://repo.maven.apache.org/maven2/javax/annotation/javax.annotation-api/1.2/javax.annotation-api-1.2.jar
[INFO] Downloaded from central: https://repo.maven.apache.org/maven2/org/sonatype/plexus/plexus-cipher/1.4/plexus-cipher-1.4.jar (13 kB at 208 kB/s)
[INFO] Downloading from central: https://repo.maven.apache.org/maven2/javax/enterprise/cdi-api/1.2/cdi-api-1.2.jar
[INFO] Downloaded from central: https://repo.maven.apache.org/maven2/org/apache/maven/maven-plugin-api/3.1.1/maven-plugin-api-3.1.1.jar (45 kB at 690 kB/s)
[INFO] Downloading from central: https://repo.maven.apache.org/maven2/org/eclipse/sisu/org.eclipse.sisu.inject/0.3.5/org.eclipse.sisu.inject-0.3.5.jar
[INFO] Downloaded from central: https://repo.maven.apache.org/maven2/org/eclipse/aether/aether-impl/1.0.0.v20140518/aether-impl-1.0.0.v20140518.jar (172 kB at 2.6 MB/s)
[INFO] Downloading from central: https://repo.maven.apache.org/maven2/org/apache/maven/doxia/doxia-sink-api/1.11.1/doxia-sink-api-1.11.1.jar
[INFO] Downloaded from central: https://repo.maven.apache.org/maven2/javax/annotation/javax.annotation-api/1.2/javax.annotation-api-1.2.jar (26 kB at 290 kB/s)
[INFO] Downloading from central: https://repo.maven.apache.org/maven2/org/apache/maven/doxia/doxia-logging-api/1.11.1/doxia-logging-api-1.11.1.jar
[INFO] Downloaded from central: https://repo.maven.apache.org/maven2/javax/enterprise/cdi-api/1.2/cdi-api-1.2.jar (71 kB at 690 kB/s)
[INFO] Downloading from central: https://repo.maven.apache.org/maven2/org/apache/maven/doxia/doxia-site-renderer/1.11.1/doxia-site-renderer-1.11.1.jar
[INFO] Downloaded from central: https://repo.maven.apache.org/maven2/org/apache/maven/doxia/doxia-sink-api/1.11.1/doxia-sink-api-1.11.1.jar (12 kB at 112 kB/s)
[INFO] Downloading from central: https://repo.maven.apache.org/maven2/org/apache/maven/doxia/doxia-core/1.11.1/doxia-core-1.11.1.jar
[INFO] Downloaded from central: https://repo.maven.apache.org/maven2/org/eclipse/sisu/org.eclipse.sisu.inject/0.3.5/org.eclipse.sisu.inject-0.3.5.jar (379 kB at 3.4 MB/s)
[INFO] Downloading from central: https://repo.maven.apache.org/maven2/org/apache/maven/doxia/doxia-decoration-model/1.11.1/doxia-decoration-model-1.11.1.jar
[INFO] Downloaded from central: https://repo.maven.apache.org/maven2/org/eclipse/sisu/org.eclipse.sisu.plexus/0.3.5/org.eclipse.sisu.plexus-0.3.5.jar (205 kB at 2.0 MB/s)
[INFO] Downloading from central: https://repo.maven.apache.org/maven2/org/apache/maven/doxia/doxia-skin-model/1.11.1/doxia-skin-model-1.11.1.jar
[INFO] Downloaded from central: https://repo.maven.apache.org/maven2/org/apache/maven/doxia/doxia-logging-api/1.11.1/doxia-logging-api-1.11.1.jar (12 kB at 105 kB/s)
[INFO] Downloading from central: https://repo.maven.apache.org/maven2/org/apache/maven/doxia/doxia-module-xhtml/1.11.1/doxia-module-xhtml-1.11.1.jar
[INFO] Downloaded from central: https://repo.maven.apache.org/maven2/org/apache/maven/doxia/doxia-module-xhtml/1.11.1/doxia-module-xhtml-1.11.1.jar (17 kB at 138 kB/s)
[INFO] Downloading from central: https://repo.maven.apache.org/maven2/org/apache/maven/doxia/doxia-module-xhtml5/1.11.1/doxia-module-xhtml5-1.11.1.jar
[INFO] Downloaded from central: https://repo.maven.apache.org/maven2/org/apache/maven/doxia/doxia-core/1.11.1/doxia-core-1.11.1.jar (218 kB at 1.6 MB/s)
[INFO] Downloading from central: https://repo.maven.apache.org/maven2/org/codehaus/plexus/plexus-component-annotations/2.0.0/plexus-component-annotations-2.0.0.jar
[INFO] Downloaded from central: https://repo.maven.apache.org/maven2/org/apache/maven/doxia/doxia-decoration-model/1.11.1/doxia-decoration-model-1.11.1.jar (60 kB at 446 kB/s)
[INFO] Downloading from central: https://repo.maven.apache.org/maven2/org/codehaus/plexus/plexus-i18n/1.0-beta-10/plexus-i18n-1.0-beta-10.jar
[INFO] Downloaded from central: https://repo.maven.apache.org/maven2/org/apache/maven/doxia/doxia-site-renderer/1.11.1/doxia-site-renderer-1.11.1.jar (65 kB at 486 kB/s)
[INFO] Downloading from central: https://repo.maven.apache.org/maven2/org/codehaus/plexus/plexus-container-default/1.0-alpha-30/plexus-container-default-1.0-alpha-30.jar
[INFO] Downloaded from central: https://repo.maven.apache.org/maven2/org/apache/maven/doxia/doxia-module-xhtml5/1.11.1/doxia-module-xhtml5-1.11.1.jar (18 kB at 120 kB/s)
[INFO] Downloading from central: https://repo.maven.apache.org/maven2/junit/junit/3.8.1/junit-3.8.1.jar
[INFO] Downloaded from central: https://repo.maven.apache.org/maven2/org/apache/maven/doxia/doxia-skin-model/1.11.1/doxia-skin-model-1.11.1.jar (16 kB at 105 kB/s)
[INFO] Downloaded from central: https://repo.maven.apache.org/maven2/org/codehaus/plexus/plexus-i18n/1.0-beta-10/plexus-i18n-1.0-beta-10.jar (12 kB at 76 kB/s)
[INFO] Downloading from central: https://repo.maven.apache.org/maven2/org/codehaus/plexus/plexus-velocity/1.2/plexus-velocity-1.2.jar
[INFO] Downloaded from central: https://repo.maven.apache.org/maven2/org/codehaus/plexus/plexus-container-default/1.0-alpha-30/plexus-container-default-1.0-alpha-30.jar (237 kB at 1.5 MB/s)
[INFO] Downloading from central: https://repo.maven.apache.org/maven2/org/apache/velocity/velocity/1.7/velocity-1.7.jar
[INFO] Downloading from central: https://repo.maven.apache.org/maven2/commons-lang/commons-lang/2.4/commons-lang-2.4.jar
[INFO] Downloaded from central: https://repo.maven.apache.org/maven2/org/codehaus/plexus/plexus-velocity/1.2/plexus-velocity-1.2.jar (8.1 kB at 47 kB/s)
[INFO] Downloading from central: https://repo.maven.apache.org/maven2/org/apache/velocity/velocity-tools/2.0/velocity-tools-2.0.jar
[INFO] Downloaded from central: https://repo.maven.apache.org/maven2/org/codehaus/plexus/plexus-component-annotations/2.0.0/plexus-component-annotations-2.0.0.jar (4.2 kB at 24 kB/s)
[INFO] Downloading from central: https://repo.maven.apache.org/maven2/commons-beanutils/commons-beanutils/1.7.0/commons-beanutils-1.7.0.jar
[INFO] Downloaded from central: https://repo.maven.apache.org/maven2/junit/junit/3.8.1/junit-3.8.1.jar (121 kB at 654 kB/s)
[INFO] Downloading from central: https://repo.maven.apache.org/maven2/commons-digester/commons-digester/1.8/commons-digester-1.8.jar
[INFO] Downloaded from central: https://repo.maven.apache.org/maven2/commons-lang/commons-lang/2.4/commons-lang-2.4.jar (262 kB at 1.4 MB/s)
[INFO] Downloading from central: https://repo.maven.apache.org/maven2/commons-chain/commons-chain/1.1/commons-chain-1.1.jar
[INFO] Downloaded from central: https://repo.maven.apache.org/maven2/commons-chain/commons-chain/1.1/commons-chain-1.1.jar (90 kB at 433 kB/s)
[INFO] Downloading from central: https://repo.maven.apache.org/maven2/dom4j/dom4j/1.1/dom4j-1.1.jar
[INFO] Downloaded from central: https://repo.maven.apache.org/maven2/commons-digester/commons-digester/1.8/commons-digester-1.8.jar (144 kB at 684 kB/s)
[INFO] Downloading from central: https://repo.maven.apache.org/maven2/oro/oro/2.0.8/oro-2.0.8.jar
[INFO] Downloaded from central: https://repo.maven.apache.org/maven2/org/apache/velocity/velocity/1.7/velocity-1.7.jar (450 kB at 2.1 MB/s)
[INFO] Downloading from central: https://repo.maven.apache.org/maven2/org/apache/maven/wagon/wagon-provider-api/2.4/wagon-provider-api-2.4.jar
[INFO] Downloaded from central: https://repo.maven.apache.org/maven2/commons-beanutils/commons-beanutils/1.7.0/commons-beanutils-1.7.0.jar (189 kB at 882 kB/s)
[INFO] Downloaded from central: https://repo.maven.apache.org/maven2/org/apache/velocity/velocity-tools/2.0/velocity-tools-2.0.jar (347 kB at 1.6 MB/s)
[INFO] Downloading from central: https://repo.maven.apache.org/maven2/org/apache/httpcomponents/httpclient/4.5.14/httpclient-4.5.14.jar
[INFO] Downloading from central: https://repo.maven.apache.org/maven2/commons-codec/commons-codec/1.11/commons-codec-1.11.jar
[INFO] Downloaded from central: https://repo.maven.apache.org/maven2/org/apache/maven/wagon/wagon-provider-api/2.4/wagon-provider-api-2.4.jar (52 kB at 227 kB/s)
[INFO] Downloading from central: https://repo.maven.apache.org/maven2/org/apache/httpcomponents/httpcore/4.4.16/httpcore-4.4.16.jar
[INFO] Downloaded from central: https://repo.maven.apache.org/maven2/dom4j/dom4j/1.1/dom4j-1.1.jar (457 kB at 1.9 MB/s)
[INFO] Downloading from central: https://repo.maven.apache.org/maven2/org/codehaus/plexus/plexus-interactivity-api/1.1/plexus-interactivity-api-1.1.jar
[INFO] Downloaded from central: https://repo.maven.apache.org/maven2/oro/oro/2.0.8/oro-2.0.8.jar (65 kB at 270 kB/s)
[INFO] Downloaded from central: https://repo.maven.apache.org/maven2/commons-codec/commons-codec/1.11/commons-codec-1.11.jar (335 kB at 1.4 MB/s)
[INFO] Downloaded from central: https://repo.maven.apache.org/maven2/org/codehaus/plexus/plexus-interactivity-api/1.1/plexus-interactivity-api-1.1.jar (9.4 kB at 38 kB/s)
[INFO] Downloaded from central: https://repo.maven.apache.org/maven2/org/apache/httpcomponents/httpclient/4.5.14/httpclient-4.5.14.jar (786 kB at 3.1 MB/s)
[INFO] Downloaded from central: https://repo.maven.apache.org/maven2/org/apache/httpcomponents/httpcore/4.4.16/httpcore-4.4.16.jar (328 kB at 1.2 MB/s)
[INFO] No previous run data found, generating javadoc.
[WARNING] Javadoc Warnings
[WARNING] /wicket-crudifier/src/main/java/com/premiumminds/wicket/crudifier/form/elements/AbstractControlGroup.java:42: warning: no comment
[WARNING] public abstract class AbstractControlGroup<T> extends Panel {
[WARNING] ^
[WARNING] /wicket-crudifier/src/main/java/com/premiumminds/wicket/crudifier/form/elements/AbstractControlGroup.java:51: warning: no comment
[WARNING] public AbstractControlGroup(String id, IModel<T> model) {
[WARNING] ^
[WARNING] /wicket-crudifier/src/main/java/com/premiumminds/wicket/crudifier/form/elements/AbstractControlGroup.java:98: warning: no comment
[WARNING] protected void addInputBoxGridSize(WebMarkupContainer inputBox){
[WARNING] ^
[WARNING] /wicket-crudifier/src/main/java/com/premiumminds/wicket/crudifier/form/elements/AbstractControlGroup.java:94: warning: no comment
[WARNING] public CrudifierEntitySettings getEntitySettings(){
[WARNING] ^
[WARNING] /wicket-crudifier/src/main/java/com/premiumminds/wicket/crudifier/form/elements/AbstractControlGroup.java:75: warning: no comment
[WARNING] public abstract FormComponent<T> getFormComponent();
[WARNING] ^
[WARNING] /wicket-crudifier/src/main/java/com/premiumminds/wicket/crudifier/form/elements/AbstractControlGroup.java:78: warning: no comment
[WARNING] public IModel<T> getModel(){
[WARNING] ^
[WARNING] /wicket-crudifier/src/main/java/com/premiumminds/wicket/crudifier/form/elements/AbstractControlGroup.java:82: warning: no comment
[WARNING] public String getPropertyName() {
[WARNING] ^
[WARNING] /wicket-crudifier/src/main/java/com/premiumminds/wicket/crudifier/form/elements/AbstractControlGroup.java:86: warning: no comment
[WARNING] public Component getResourceBase(){
[WARNING] ^
[WARNING] /wicket-crudifier/src/main/java/com/premiumminds/wicket/crudifier/form/elements/AbstractControlGroup.java:90: warning: no comment
[WARNING] public Class<?> getType() {
[WARNING] ^
[WARNING] /wicket-crudifier/src/main/java/com/premiumminds/wicket/crudifier/form/elements/AbstractControlGroup.java:55: warning: no comment
[WARNING] public void init(String propertyName, Component resourceBase, boolean required, Class<?> type, CrudifierEntitySettings entitySettings){
[WARNING] ^
[WARNING] /wicket-crudifier/src/main/java/com/premiumminds/wicket/crudifier/form/elements/AbstractControlGroup.java:147: warning: no comment
[WARNING] public MessageSource() {
[WARNING] ^
[WARNING] /wicket-crudifier/src/main/java/com/premiumminds/wicket/crudifier/table/ButtonColumn.java:34: warning: no comment
[WARNING] public abstract class ButtonColumn<T extends Serializable> implements
[WARNING] ^
[WARNING] /wicket-crudifier/src/main/java/com/premiumminds/wicket/crudifier/table/ButtonColumn.java:101: warning: no comment
[WARNING] public static class ButtonPanel extends Panel {
[WARNING] ^
[WARNING] /wicket-crudifier/src/main/java/com/premiumminds/wicket/crudifier/table/ButtonColumn.java:61: warning: no comment
[WARNING] public ButtonColumn(String propertyName) {
[WARNING] ^
[WARNING] /wicket-crudifier/src/main/java/com/premiumminds/wicket/crudifier/table/ButtonColumn.java:69: warning: no comment
[WARNING] public ButtonColumn(String propertyName, ButtonType btnType) {
[WARNING] ^
[WARNING] /wicket-crudifier/src/main/java/com/premiumminds/wicket/crudifier/table/ButtonColumn.java:54: warning: no comment
[WARNING] public ButtonColumn(String propertyName, ButtonType btnType,
[WARNING] ^
[WARNING] /wicket-crudifier/src/main/java/com/premiumminds/wicket/crudifier/table/ButtonColumn.java:65: warning: no comment
[WARNING] public ButtonColumn(String propertyName, ColumnAlign align) {
[WARNING] ^
[WARNING] /wicket-crudifier/src/main/java/com/premiumminds/wicket/crudifier/table/IColumn.java:28: warning: no comment
[WARNING] public Component createComponent(String id, T object, Component resourceBase, Map<Class<?>, IObjectRenderer<?>> renderers);
[WARNING] ^
[WARNING] /wicket-crudifier/src/main/java/com/premiumminds/wicket/crudifier/table/IColumn.java:29: warning: no comment
[WARNING] public ColumnAlign getAlign();
[WARNING] ^
[WARNING] /wicket-crudifier/src/main/java/com/premiumminds/wicket/crudifier/table/ButtonColumn.java:137: warning: no comment
[WARNING] public ButtonType getBtnType() {
[WARNING] ^
[WARNING] /wicket-crudifier/src/main/java/com/premiumminds/wicket/crudifier/table/ButtonColumn.java:109: warning: no comment
[WARNING] protected String getCssClass() {
[WARNING] ^
[WARNING] /wicket-crudifier/src/main/java/com/premiumminds/wicket/crudifier/table/IColumn.java:27: warning: no comment
[WARNING] public String getPropertyName();
[WARNING] ^
[WARNING] /wicket-crudifier/src/main/java/com/premiumminds/wicket/crudifier/table/ButtonColumn.java:99: warning: no comment
[WARNING] public abstract void onClick(IModel<T> model, AjaxRequestTarget target);
[WARNING] ^
[WARNING] /wicket-crudifier/src/main/java/com/premiumminds/wicket/crudifier/table/ButtonColumn.java:141: warning: no comment
[WARNING] public void setBtnType(ButtonType btnType) {
[WARNING] ^
[WARNING] /wicket-crudifier/src/main/java/com/premiumminds/wicket/crudifier/table/ButtonColumn.java:145: warning: no comment
[WARNING] public void setPropertyName(String propertyName) {
[WARNING] ^
[WARNING] /wicket-crudifier/src/main/java/com/premiumminds/wicket/crudifier/table/ButtonColumn.java:104: warning: no comment
[WARNING] public ButtonPanel(String id) {
[WARNING] ^
[WARNING] /wicket-crudifier/src/main/java/com/premiumminds/wicket/crudifier/table/ButtonColumn.java:47: warning: no comment
[WARNING] DEFAULT, PRIMARY, SUCCESS, INFO, WARNING, DANGER, LINK
[WARNING] ^
[WARNING] /wicket-crudifier/src/main/java/com/premiumminds/wicket/crudifier/table/ButtonColumn.java:47: warning: no comment
[WARNING] DEFAULT, PRIMARY, SUCCESS, INFO, WARNING, DANGER, LINK
[WARNING] ^
[WARNING] /wicket-crudifier/src/main/java/com/premiumminds/wicket/crudifier/table/ButtonColumn.java:47: warning: no comment
[WARNING] DEFAULT, PRIMARY, SUCCESS, INFO, WARNING, DANGER, LINK
[WARNING] ^
[WARNING] /wicket-crudifier/src/main/java/com/premiumminds/wicket/crudifier/table/ButtonColumn.java:47: warning: no comment
[WARNING] DEFAULT, PRIMARY, SUCCESS, INFO, WARNING, DANGER, LINK
[WARNING] ^
[WARNING] /wicket-crudifier/src/main/java/com/premiumminds/wicket/crudifier/table/ButtonColumn.java:47: warning: no comment
[WARNING] DEFAULT, PRIMARY, SUCCESS, INFO, WARNING, DANGER, LINK
[WARNING] ^
[WARNING] /wicket-crudifier/src/main/java/com/premiumminds/wicket/crudifier/table/ButtonColumn.java:47: warning: no comment
[WARNING] DEFAULT, PRIMARY, SUCCESS, INFO, WARNING, DANGER, LINK
[WARNING] ^
[WARNING] /wicket-crudifier/src/main/java/com/premiumminds/wicket/crudifier/table/ButtonColumn.java:47: warning: no comment
[WARNING] DEFAULT, PRIMARY, SUCCESS, INFO, WARNING, DANGER, LINK
[WARNING] ^
[WARNING] /wicket-crudifier/src/main/java/com/premiumminds/wicket/crudifier/form/elements/CheckboxControlGroup.java:28: warning: no comment
[WARNING] public class CheckboxControlGroup extends AbstractControlGroup<Boolean> {
[WARNING] ^
[WARNING] /wicket-crudifier/src/main/java/com/premiumminds/wicket/crudifier/form/elements/CheckboxControlGroup.java:33: warning: no comment
[WARNING] public CheckboxControlGroup(String id, IModel<Boolean> model) {
[WARNING] ^
[WARNING] /wicket-crudifier/src/main/java/com/premiumminds/wicket/crudifier/form/elements/CollectionControlGroup.java:38: warning: no comment
[WARNING] public class CollectionControlGroup<T> extends AbstractControlGroup<T> {
[WARNING] ^
[WARNING] /wicket-crudifier/src/main/java/com/premiumminds/wicket/crudifier/form/elements/CollectionControlGroup.java:46: warning: no comment
[WARNING] public CollectionControlGroup(String id, IModel<T> model) {
[WARNING] ^
[WARNING] /wicket-crudifier/src/main/java/com/premiumminds/wicket/crudifier/form/elements/CollectionControlGroup.java:87: warning: no comment
[WARNING] public void setConfiguration(EntityProvider<?> entityProvider, Map<Class<?>, IObjectRenderer<?>> renderers){
[WARNING] ^
[WARNING] /wicket-crudifier/src/main/java/com/premiumminds/wicket/crudifier/table/ColumnAlign.java:21: warning: no comment
[WARNING] public enum ColumnAlign {
[WARNING] ^
[WARNING] /wicket-crudifier/src/main/java/com/premiumminds/wicket/crudifier/table/ColumnAlign.java:23: warning: no comment
[WARNING] CENTER,
[WARNING] ^
[WARNING] /wicket-crudifier/src/main/java/com/premiumminds/wicket/crudifier/table/ColumnAlign.java:22: warning: no comment
[WARNING] LEFT,
[WARNING] ^
[WARNING] /wicket-crudifier/src/main/java/com/premiumminds/wicket/crudifier/table/ColumnAlign.java:24: warning: no comment
[WARNING] RIGHT
[WARNING] ^
[WARNING] /wicket-crudifier/src/main/java/com/premiumminds/wicket/crudifier/form/elements/ControlGroupProvider.java:27: warning: no comment
[WARNING] public interface ControlGroupProvider<T extends AbstractControlGroup<?>> extends Serializable {
[WARNING] ^
[WARNING] /wicket-crudifier/src/main/java/com/premiumminds/wicket/crudifier/form/elements/ControlGroupProvider.java:28: warning: no comment
[WARNING] public T createControlGroup(String id, IModel<?> model, String name, Component component, boolean required, Class<?> type, CrudifierEntitySettings entitySettings);
[WARNING] ^
[WARNING] /wicket-crudifier/src/main/java/com/premiumminds/wicket/crudifier/form/CrudifierEntitySettings.java:27: warning: no comment
[WARNING] public class CrudifierEntitySettings implements Serializable {
[WARNING] ^
[WARNING] /wicket-crudifier/src/main/java/com/premiumminds/wicket/crudifier/form/CrudifierEntitySettings.java:30: warning: no comment
[WARNING] public static enum GridSize { COL1, COL2, COL3, COL4, COL5, COL6, COL7, COL8, COL9, COL10 }
[WARNING] ^
[WARNING] /wicket-crudifier/src/main/java/com/premiumminds/wicket/crudifier/form/CrudifierEntitySettings.java:43: warning: no comment
[WARNING] public Map<String, GridSize> getGridFieldsSizes(){
[WARNING] ^
[WARNING] /wicket-crudifier/src/main/java/com/premiumminds/wicket/crudifier/form/CrudifierEntitySettings.java:36: warning: no comment
[WARNING] public Set<String> getHiddenFields() {
[WARNING] ^
[WARNING] /wicket-crudifier/src/main/java/com/premiumminds/wicket/crudifier/form/CrudifierEntitySettings.java:39: warning: no comment
[WARNING] public Set<String> getOrderOfFields() {
[WARNING] ^
[WARNING] /wicket-crudifier/src/main/java/com/premiumminds/wicket/crudifier/form/CrudifierEntitySettings.java:30: warning: no comment
[WARNING] public static enum GridSize { COL1, COL2, COL3, COL4, COL5, COL6, COL7, COL8, COL9, COL10 }
[WARNING] ^
[WARNING] /wicket-crudifier/src/main/java/com/premiumminds/wicket/crudifier/form/CrudifierEntitySettings.java:30: warning: no comment
[WARNING] public static enum GridSize { COL1, COL2, COL3, COL4, COL5, COL6, COL7, COL8, COL9, COL10 }
[WARNING] ^
[WARNING] /wicket-crudifier/src/main/java/com/premiumminds/wicket/crudifier/form/CrudifierEntitySettings.java:30: warning: no comment
[WARNING] public static enum GridSize { COL1, COL2, COL3, COL4, COL5, COL6, COL7, COL8, COL9, COL10 }
[WARNING] ^
[WARNING] /wicket-crudifier/src/main/java/com/premiumminds/wicket/crudifier/form/CrudifierEntitySettings.java:30: warning: no comment
[WARNING] public static enum GridSize { COL1, COL2, COL3, COL4, COL5, COL6, COL7, COL8, COL9, COL10 }
[WARNING] ^
[WARNING] /wicket-crudifier/src/main/java/com/premiumminds/wicket/crudifier/form/CrudifierEntitySettings.java:30: warning: no comment
[WARNING] public static enum GridSize { COL1, COL2, COL3, COL4, COL5, COL6, COL7, COL8, COL9, COL10 }
[WARNING] ^
[WARNING] /wicket-crudifier/src/main/java/com/premiumminds/wicket/crudifier/form/CrudifierEntitySettings.java:30: warning: no comment
[WARNING] public static enum GridSize { COL1, COL2, COL3, COL4, COL5, COL6, COL7, COL8, COL9, COL10 }
[WARNING] ^
[WARNING] /wicket-crudifier/src/main/java/com/premiumminds/wicket/crudifier/form/CrudifierEntitySettings.java:30: warning: no comment
[WARNING] public static enum GridSize { COL1, COL2, COL3, COL4, COL5, COL6, COL7, COL8, COL9, COL10 }
[WARNING] ^
[WARNING] /wicket-crudifier/src/main/java/com/premiumminds/wicket/crudifier/form/CrudifierEntitySettings.java:30: warning: no comment
[WARNING] public static enum GridSize { COL1, COL2, COL3, COL4, COL5, COL6, COL7, COL8, COL9, COL10 }
[WARNING] ^
[WARNING] /wicket-crudifier/src/main/java/com/premiumminds/wicket/crudifier/form/CrudifierEntitySettings.java:30: warning: no comment
[WARNING] public static enum GridSize { COL1, COL2, COL3, COL4, COL5, COL6, COL7, COL8, COL9, COL10 }
[WARNING] ^
[WARNING] /wicket-crudifier/src/main/java/com/premiumminds/wicket/crudifier/form/CrudifierEntitySettings.java:30: warning: no comment
[WARNING] public static enum GridSize { COL1, COL2, COL3, COL4, COL5, COL6, COL7, COL8, COL9, COL10 }
[WARNING] ^
[WARNING] /wicket-crudifier/src/main/java/com/premiumminds/wicket/crudifier/form/CrudifierForm.java:131: warning: no comment
[WARNING] public CrudifierForm(String id, IModel<T> model){
[WARNING] ^
[WARNING] /wicket-crudifier/src/main/java/com/premiumminds/wicket/crudifier/form/CrudifierForm.java:62: warning: no comment
[WARNING] public CrudifierForm(String id, IModel<T> model, CrudifierEntitySettings entitySettings, CrudifierFormSettings formSettings, Map<Class<?>, IObjectRenderer<?>> renderers) {
[WARNING] ^
[WARNING] /wicket-crudifier/src/main/java/com/premiumminds/wicket/crudifier/form/ICrudifierForm.java:40: warning: no comment
[WARNING] public Map<Class<?>, Class<? extends AbstractControlGroup>> getControlGroupsTypesMap();
[WARNING] ^
[WARNING] /wicket-crudifier/src/main/java/com/premiumminds/wicket/crudifier/form/CrudifierForm.java:167: warning: no comment
[WARNING] protected EntityProvider<?> getEntityProvider(String name){
[WARNING] ^
[WARNING] /wicket-crudifier/src/main/java/com/premiumminds/wicket/crudifier/form/ICrudifierForm.java:35: warning: no comment
[WARNING] public CrudifierEntitySettings getEntitySettings();
[WARNING] ^
[WARNING] /wicket-crudifier/src/main/java/com/premiumminds/wicket/crudifier/form/ICrudifierForm.java:31: warning: no comment
[WARNING] public FormComponent<?> getFormComponent(String propertyName);
[WARNING] ^
[WARNING] /wicket-crudifier/src/main/java/com/premiumminds/wicket/crudifier/form/ICrudifierForm.java:33: warning: no comment
[WARNING] public CrudifierFormSettings getFormSettings();
[WARNING] ^
[WARNING] /wicket-crudifier/src/main/java/com/premiumminds/wicket/crudifier/form/ICrudifierForm.java:37: warning: no comment
[WARNING] public Map<Class<?>, IObjectRenderer<?>> getRenderers();
[WARNING] ^
[WARNING] /wicket-crudifier/src/main/java/com/premiumminds/wicket/crudifier/form/CrudifierForm.java:164: warning: no comment
[WARNING] protected void onError(AjaxRequestTarget target, Form<?> form) {
[WARNING] ^
[WARNING] /wicket-crudifier/src/main/java/com/premiumminds/wicket/crudifier/form/CrudifierForm.java:161: warning: no comment
[WARNING] protected void onSubmit(AjaxRequestTarget target, Form<?> form) {
[WARNING] ^
[WARNING] /wicket-crudifier/src/main/java/com/premiumminds/wicket/crudifier/form/ICrudifierForm.java:42: warning: no comment
[WARNING] public Map<Class<?>, ControlGroupProvider<? extends AbstractControlGroup<?>>> getControlGroupProviders();
[WARNING] ^
[WARNING] /wicket-crudifier/src/main/java/com/premiumminds/wicket/crudifier/form/CrudifierFormSettings.java:23: warning: no comment
[WARNING] public class CrudifierFormSettings implements Serializable {
[WARNING] ^
[WARNING] /wicket-crudifier/src/main/java/com/premiumminds/wicket/crudifier/form/CrudifierFormSettings.java:28: warning: no comment
[WARNING] public boolean isWithSelfFeedback() {
[WARNING] ^
[WARNING] /wicket-crudifier/src/main/java/com/premiumminds/wicket/crudifier/form/CrudifierFormSettings.java:31: warning: no comment
[WARNING] public void setWithSelfFeedback(boolean withSelfFeedback) {
[WARNING] ^
[WARNING] /wicket-crudifier/src/main/java/com/premiumminds/wicket/crudifier/table/CrudifierTable.java:45: warning: no comment
[WARNING] public abstract class CrudifierTable<T> extends Panel {
[WARNING] ^
[WARNING] /wicket-crudifier/src/main/java/com/premiumminds/wicket/crudifier/table/CrudifierTable.java:94: warning: no comment
[WARNING] public CrudifierTable(String id){
[WARNING] ^
[WARNING] /wicket-crudifier/src/main/java/com/premiumminds/wicket/crudifier/table/CrudifierTable.java:59: warning: no comment
[WARNING] public CrudifierTable(String id, Map<Class<?>, IObjectRenderer<?>> renderers) {
[WARNING] ^
[WARNING] /wicket-crudifier/src/main/java/com/premiumminds/wicket/crudifier/table/CrudifierTable.java:116: warning: no comment
[WARNING] public void addColumn(IColumn<T> column){
[WARNING] ^
[WARNING] /wicket-crudifier/src/main/java/com/premiumminds/wicket/crudifier/table/CrudifierTable.java:150: warning: no comment
[WARNING] public Map<Class<?>, IObjectRenderer<?>> getRenderers() {
[WARNING] ^
[WARNING] /wicket-crudifier/src/main/java/com/premiumminds/wicket/crudifier/table/CrudifierTable.java:163: warning: no comment
[WARNING] public boolean getReuseItems(){
[WARNING] ^
[WARNING] /wicket-crudifier/src/main/java/com/premiumminds/wicket/crudifier/table/CrudifierTable.java:154: warning: no comment
[WARNING] public WebMarkupContainer getTableComponent(){
[WARNING] ^
[WARNING] /wicket-crudifier/src/main/java/com/premiumminds/wicket/crudifier/table/CrudifierTable.java:120: warning: no comment
[WARNING] public boolean isClickable() {
[WARNING] ^
[WARNING] /wicket-crudifier/src/main/java/com/premiumminds/wicket/crudifier/table/CrudifierTable.java:142: warning: no comment
[WARNING] protected abstract List<T> load(int page, int maxPerPage);
[WARNING] ^
[WARNING] /wicket-crudifier/src/main/java/com/premiumminds/wicket/crudifier/table/CrudifierTable.java:144: warning: no comment
[WARNING] protected void onSelected(AjaxRequestTarget target, IModel<T> model){ }
[WARNING] ^
[WARNING] /wicket-crudifier/src/main/java/com/premiumminds/wicket/crudifier/table/CrudifierTable.java:128: warning: no comment
[WARNING] protected void populateItem(final ListItem<T> item) {
[WARNING] ^
[WARNING] /wicket-crudifier/src/main/java/com/premiumminds/wicket/crudifier/table/CrudifierTable.java:146: warning: no comment
[WARNING] public void refresh(){
[WARNING] ^
[WARNING] /wicket-crudifier/src/main/java/com/premiumminds/wicket/crudifier/table/CrudifierTable.java:124: warning: no comment
[WARNING] public void setClickable(boolean clickable) {
[WARNING] ^
[WARNING] /wicket-crudifier/src/main/java/com/premiumminds/wicket/crudifier/table/CrudifierTable.java:158: warning: no comment
[WARNING] public CrudifierTable<T> setReuseItems(boolean reuseItems){
[WARNING] ^
[WARNING] /wicket-crudifier/src/main/java/com/premiumminds/wicket/crudifier/view/CrudifierView.java:40: warning: no comment
[WARNING] public class CrudifierView<T> extends Panel implements IGenericComponent<T, CrudifierView<T>> {
[WARNING] ^
[WARNING] /wicket-crudifier/src/main/java/com/premiumminds/wicket/crudifier/view/CrudifierView.java:46: warning: no comment
[WARNING] public CrudifierView(String id, IModel<T> model) {
[WARNING] ^
[WARNING] /wicket-crudifier/src/main/java/com/premiumminds/wicket/crudifier/view/CrudifierView.java:113: warning: no comment
[WARNING] public CrudifierEntitySettings getEntitySettings() {
[WARNING] ^
[WARNING] /wicket-crudifier/src/main/java/com/premiumminds/wicket/crudifier/view/CrudifierView.java:121: warning: no comment
[WARNING] public Map<Class<?>, IObjectRenderer<?>> getRenderers() {
[WARNING] ^
[WARNING] /wicket-crudifier/src/main/java/com/premiumminds/wicket/crudifier/view/CrudifierView.java:117: warning: no comment
[WARNING] public void setEntitySettings(CrudifierEntitySettings entitySettings) {
[WARNING] ^
[WARNING] /wicket-crudifier/src/main/java/com/premiumminds/wicket/crudifier/view/CrudifierView.java:125: warning: no comment
[WARNING] public void setRenderers(Map<Class<?>, IObjectRenderer<?>> renderers) {
[WARNING] ^
[WARNING] /wicket-crudifier/src/main/java/com/premiumminds/wicket/crudifier/form/elements/DateControlGroup.java:34: warning: no comment
[WARNING] public class DateControlGroup extends AbstractControlGroup<Date> {
[WARNING] ^
[WARNING] /wicket-crudifier/src/main/java/com/premiumminds/wicket/crudifier/form/elements/DateControlGroup.java:39: warning: no comment
[WARNING] public DateControlGroup(String id, IModel<Date> model) {
[WARNING] ^
[WARNING] /wicket-crudifier/src/main/java/com/premiumminds/wicket/crudifier/form/EntityProvider.java:27: warning: no comment
[WARNING] public abstract class EntityProvider<T> implements Serializable {
[WARNING] ^
[WARNING] /wicket-crudifier/src/main/java/com/premiumminds/wicket/crudifier/form/EntityProvider.java:32: warning: no comment
[WARNING] public IChoiceRenderer<T> getRenderer(){
[WARNING] ^
[WARNING] /wicket-crudifier/src/main/java/com/premiumminds/wicket/crudifier/form/EntityProvider.java:30: warning: no comment
[WARNING] public abstract List<T> load();
[WARNING] ^
[WARNING] /wicket-crudifier/src/main/java/com/premiumminds/wicket/crudifier/form/elements/EnumControlGroup.java:36: warning: no comment
[WARNING] public class EnumControlGroup<T extends Enum<?>> extends AbstractControlGroup<T> {
[WARNING] ^
[WARNING] /wicket-crudifier/src/main/java/com/premiumminds/wicket/crudifier/form/elements/EnumControlGroup.java:41: warning: no comment
[WARNING] public EnumControlGroup(String id, IModel<T> model) {
[WARNING] ^
[WARNING] 100 warnings
[INFO] Building jar: /wicket-crudifier/target/wicket-crudifier-5.1-SNAPSHOT-javadoc.jar
[INFO] ------------------------------------------------------------------------
[INFO] BUILD SUCCESS
[INFO] ------------------------------------------------------------------------
[INFO] Total time:  35.230 s
[INFO] Finished at: 2026-04-27T17:13:30Z
[INFO] ------------------------------------------------------------------------
[WARNING] 
[WARNING] Plugin validation issues were detected in 3 plugin(s)
[WARNING] 
[WARNING]  * org.apache.maven.plugins:maven-compiler-plugin:3.11.0
[WARNING]  * org.apache.maven.plugins:maven-resources-plugin:3.3.0
[WARNING]  * org.apache.maven.plugins:maven-javadoc-plugin:3.5.0
[WARNING] 
[WARNING] For more or less details, use 'maven.plugin.validation' property with one of the values (case insensitive): [BRIEF, DEFAULT, VERBOSE]
[WARNING] 
