[WARNING] Unable to find the root directory. Create a .mvn directory in the root directory or add the root="true" attribute on the root project's model to identify it.
[INFO] Scanning for projects...
[INFO] Loaded 22634 auto-discovered prefixes for remote repository central (prefixes-central.txt)
[INFO] Downloading from central: https://repo.maven.apache.org/maven2/commons-codec/commons-codec/1.8/commons-codec-1.8.pom
[INFO] Downloaded from central: https://repo.maven.apache.org/maven2/commons-codec/commons-codec/1.8/commons-codec-1.8.pom (11 kB at 9223372037 GB/s)
[INFO] Downloading from central: https://repo.maven.apache.org/maven2/org/apache/commons/commons-parent/28/commons-parent-28.pom
[INFO] Downloaded from central: https://repo.maven.apache.org/maven2/org/apache/commons/commons-parent/28/commons-parent-28.pom (50 kB at 9223372037 GB/s)
[INFO] Downloading from central: https://repo.maven.apache.org/maven2/commons-codec/commons-codec/1.8/commons-codec-1.8.jar
[INFO] Downloaded from central: https://repo.maven.apache.org/maven2/commons-codec/commons-codec/1.8/commons-codec-1.8.jar (264 kB at 9223372037 GB/s)
[ERROR] Some problems were encountered while processing the POMs
[ERROR] The build could not read 1 project -> [Help 1]
[ERROR]   
[ERROR]   The project com.google.cloud:google-cloud-vision-parent:1.103.8-SNAPSHOT (/java-vision/pom.xml) has 2 errors
[ERROR]     The parents form a cycle: com.google.cloud:google-cloud-shared-config:1.0.0 -> /java-vision/pom.xml -> com.google.cloud:google-cloud-shared-config:1.0.0
[ERROR]     The parents form a cycle: com.google.cloud:google-cloud-shared-config:1.0.0 -> /java-vision/pom.xml -> com.google.cloud:google-cloud-shared-config:1.0.0
[ERROR] 
[ERROR] To see the full stack trace of the errors, re-run Maven with the '-e' switch
[ERROR] Re-run Maven using the '-X' switch to enable verbose output
[ERROR] 
[ERROR] For more information about the errors and possible solutions, please read the following articles:
[ERROR] [Help 1] http://cwiki.apache.org/confluence/display/MAVEN/ProjectBuildingException
