[INFO] Scanning for projects...
[INFO] 
[INFO] -------------< org.apache.commons:commons-configuration2 >--------------
[INFO] Building Apache Commons Configuration 2.8.0-SNAPSHOT
[INFO] --------------------------------[ jar ]---------------------------------
[INFO] 
[INFO] --- maven-clean-plugin:3.1.0:clean (default-clean) @ commons-configuration2 ---
[INFO] Deleting /home/gabsko/breaking-updates/target
[INFO] 
[INFO] --- maven-enforcer-plugin:3.0.0-M3:enforce (enforce-maven-version) @ commons-configuration2 ---
[INFO] 
[INFO] --- maven-enforcer-plugin:3.0.0-M3:enforce (enforce-maven-3) @ commons-configuration2 ---
[INFO] 
[INFO] --- apache-rat-plugin:0.13:check (rat-check) @ commons-configuration2 ---
[INFO] Enabled default license matchers.
[INFO] Will parse SCM ignores for exclusions...
[INFO] Parsing exclusions from /home/gabsko/breaking-updates/.gitignore
[INFO] Finished adding exclusions from SCM ignore files.
[INFO] 73 implicit excludes (use -debug for more details).
[INFO] 13 explicit excludes (use -debug for more details).
[INFO] 660 resources included (use -debug for more details)
[INFO] Rat check: Summary over all files. Unapproved: 0, unknown: 0, generated: 0, approved: 650 licenses.
[INFO] 
[INFO] --- build-helper-maven-plugin:3.2.0:parse-version (parse-version) @ commons-configuration2 ---
[INFO] 
[INFO] --- maven-antrun-plugin:1.8:run (javadoc.resources) @ commons-configuration2 ---
[INFO] Executing tasks

main:
     [copy] Copying 2 files to /home/gabsko/breaking-updates/target/apidocs/META-INF
[INFO] Executed tasks
[INFO] 
[INFO] --- javacc-maven-plugin:2.6:javacc (javacc) @ commons-configuration2 ---
Java Compiler Compiler Version 5.0 (Parser Generator)
(type "javacc" with no arguments for help)
Reading from file /home/gabsko/breaking-updates/src/main/javacc/PropertyListParser.jj . . .
File "TokenMgrError.java" does not exist.  Will create one.
File "ParseException.java" does not exist.  Will create one.
File "Token.java" does not exist.  Will create one.
File "SimpleCharStream.java" does not exist.  Will create one.
Parser generated successfully.
[INFO] Processed 1 grammar
[INFO] 
[INFO] --- maven-remote-resources-plugin:1.7.0:process (process-resource-bundles) @ commons-configuration2 ---
[INFO] Skipping remote resources execution.
[INFO] 
[INFO] --- buildnumber-maven-plugin:1.4:create (default) @ commons-configuration2 ---
[INFO] Executing: /bin/sh -c cd '/home/gabsko/breaking-updates' && 'git' 'rev-parse' '--verify' 'HEAD'
[INFO] Working directory: /home/gabsko/breaking-updates
[INFO] Storing buildNumber: 0123e8c790384dc098ce73fc1e7ec5ab117b86df at timestamp: 1673032112184
[INFO] Storing buildScmBranch: branch-apache/commons-configuration-0123e8c790384dc098ce73fc1e7ec5ab117b86df
[INFO] 
[INFO] --- maven-resources-plugin:3.1.0:resources (default-resources) @ commons-configuration2 ---
[INFO] Using 'iso-8859-1' encoding to copy filtered resources.
[INFO] Copying 2 resources
[INFO] Copying 2 resources to META-INF
[INFO] 
[INFO] --- maven-compiler-plugin:3.8.1:compile (default-compile) @ commons-configuration2 ---
[INFO] Changes detected - recompiling the module!
[INFO] Compiling 268 source files to /home/gabsko/breaking-updates/target/classes
[INFO] /home/gabsko/breaking-updates/src/main/java/org/apache/commons/configuration2/web/AppletConfiguration.java: Some input files use or override a deprecated API.
[INFO] /home/gabsko/breaking-updates/src/main/java/org/apache/commons/configuration2/web/AppletConfiguration.java: Recompile with -Xlint:deprecation for details.
[INFO] /home/gabsko/breaking-updates/src/main/java/org/apache/commons/configuration2/builder/PropertiesBuilderProperties.java: Some input files use unchecked or unsafe operations.
[INFO] /home/gabsko/breaking-updates/src/main/java/org/apache/commons/configuration2/builder/PropertiesBuilderProperties.java: Recompile with -Xlint:unchecked for details.
[INFO] 
[INFO] --- maven-bundle-plugin:5.1.1:manifest (bundle-manifest) @ commons-configuration2 ---
[INFO] 
[INFO] --- maven-resources-plugin:3.1.0:testResources (default-testResources) @ commons-configuration2 ---
[INFO] Using 'iso-8859-1' encoding to copy filtered resources.
[INFO] Copying 133 resources
[INFO] Copying 2 resources
[INFO] Copying 2 resources to META-INF
[INFO] 
[INFO] --- maven-compiler-plugin:3.8.1:testCompile (default-testCompile) @ commons-configuration2 ---
[INFO] Changes detected - recompiling the module!
[INFO] Compiling 200 source files to /home/gabsko/breaking-updates/target/test-classes
[INFO] /home/gabsko/breaking-updates/src/test/java/org/apache/commons/configuration2/web/TestAppletConfiguration.java: Some input files use or override a deprecated API.
[INFO] /home/gabsko/breaking-updates/src/test/java/org/apache/commons/configuration2/web/TestAppletConfiguration.java: Recompile with -Xlint:deprecation for details.
[INFO] /home/gabsko/breaking-updates/src/test/java/org/apache/commons/configuration2/builder/combined/TestCombinedConfigurationBuilder.java: Some input files use unchecked or unsafe operations.
[INFO] /home/gabsko/breaking-updates/src/test/java/org/apache/commons/configuration2/builder/combined/TestCombinedConfigurationBuilder.java: Recompile with -Xlint:unchecked for details.
[INFO] 
[INFO] --- animal-sniffer-maven-plugin:1.19:check (checkAPIcompatibility) @ commons-configuration2 ---
[INFO] Checking unresolved references to org.codehaus.mojo.signature:java18:1.0
[INFO] /home/gabsko/breaking-updates/src/main/java/org/apache/commons/configuration2/io/FileUtils.java:96: Covariant return type change detected: java.nio.Buffer java.nio.ByteBuffer.flip() has been changed to java.nio.ByteBuffer java.nio.ByteBuffer.flip()
[INFO] /home/gabsko/breaking-updates/src/main/java/org/apache/commons/configuration2/io/FileUtils.java:98: Covariant return type change detected: java.nio.Buffer java.nio.ByteBuffer.clear() has been changed to java.nio.ByteBuffer java.nio.ByteBuffer.clear()
[INFO] /home/gabsko/breaking-updates/src/main/java/org/apache/commons/configuration2/io/FileUtils.java:96: Covariant return type change detected: java.nio.Buffer java.nio.ByteBuffer.flip() has been changed to java.nio.ByteBuffer java.nio.ByteBuffer.flip()
[INFO] /home/gabsko/breaking-updates/src/main/java/org/apache/commons/configuration2/io/FileUtils.java:98: Covariant return type change detected: java.nio.Buffer java.nio.ByteBuffer.clear() has been changed to java.nio.ByteBuffer java.nio.ByteBuffer.clear()
[INFO] /home/gabsko/breaking-updates/src/main/java/org/apache/commons/configuration2/io/FileUtils.java:96: Covariant return type change detected: java.nio.Buffer java.nio.ByteBuffer.flip() has been changed to java.nio.ByteBuffer java.nio.ByteBuffer.flip()
[INFO] /home/gabsko/breaking-updates/src/main/java/org/apache/commons/configuration2/io/FileUtils.java:98: Covariant return type change detected: java.nio.Buffer java.nio.ByteBuffer.clear() has been changed to java.nio.ByteBuffer java.nio.ByteBuffer.clear()
[INFO] 
[INFO] --- maven-surefire-plugin:2.22.2:test (default-test) @ commons-configuration2 ---
[INFO] 
[INFO] -------------------------------------------------------
[INFO]  T E S T S
[INFO] -------------------------------------------------------
[INFO] Running org.apache.commons.configuration2.TestHierarchicalConfiguration
[INFO] Tests run: 37, Failures: 0, Errors: 0, Skipped: 0, Time elapsed: 0.121 s - in org.apache.commons.configuration2.TestHierarchicalConfiguration
[INFO] Running org.apache.commons.configuration2.event.TestMapConfigurationEvents
[INFO] Tests run: 8, Failures: 0, Errors: 0, Skipped: 0, Time elapsed: 0.001 s - in org.apache.commons.configuration2.event.TestMapConfigurationEvents
[INFO] Running org.apache.commons.configuration2.event.TestPropertiesConfigurationEvents
[INFO] Tests run: 8, Failures: 0, Errors: 0, Skipped: 0, Time elapsed: 0 s - in org.apache.commons.configuration2.event.TestPropertiesConfigurationEvents
[INFO] Running org.apache.commons.configuration2.event.TestEventType
[INFO] Tests run: 1, Failures: 0, Errors: 0, Skipped: 0, Time elapsed: 0 s - in org.apache.commons.configuration2.event.TestEventType
[INFO] Running org.apache.commons.configuration2.event.TestXMLConfigurationEvents
[INFO] Tests run: 13, Failures: 0, Errors: 0, Skipped: 0, Time elapsed: 0 s - in org.apache.commons.configuration2.event.TestXMLConfigurationEvents
[INFO] Running org.apache.commons.configuration2.event.TestHierarchicalConfigurationEvents
[INFO] Tests run: 13, Failures: 0, Errors: 0, Skipped: 0, Time elapsed: 0.001 s - in org.apache.commons.configuration2.event.TestHierarchicalConfigurationEvents
[INFO] Running org.apache.commons.configuration2.event.TestDatabaseConfigurationEvents
log4j:WARN No appenders could be found for logger (org.apache.commons.configuration2.test.HsqlDB).
log4j:WARN Please initialize the log4j system properly.
log4j:WARN See http://logging.apache.org/log4j/1.2/faq.html#noconfig for more info.
SLF4J: Class path contains multiple SLF4J bindings.
SLF4J: Found binding in [jar:file:/home/gabsko/.m2/repository/org/slf4j/slf4j-log4j12/1.7.30/slf4j-log4j12-1.7.30.jar!/org/slf4j/impl/StaticLoggerBinder.class]
SLF4J: Found binding in [jar:file:/home/gabsko/.m2/repository/org/slf4j/slf4j-nop/1.7.30/slf4j-nop-1.7.30.jar!/org/slf4j/impl/StaticLoggerBinder.class]
SLF4J: See http://www.slf4j.org/codes.html#multiple_bindings for an explanation.
SLF4J: Actual binding is of type [org.slf4j.impl.Log4jLoggerFactory]
[INFO] Tests run: 8, Failures: 0, Errors: 0, Skipped: 0, Time elapsed: 0.706 s - in org.apache.commons.configuration2.event.TestDatabaseConfigurationEvents
[INFO] Running org.apache.commons.configuration2.event.TestConfigurationEventTypes
[INFO] Tests run: 19, Failures: 0, Errors: 0, Skipped: 0, Time elapsed: 0.001 s - in org.apache.commons.configuration2.event.TestConfigurationEventTypes
[INFO] Running org.apache.commons.configuration2.event.TestEventListenerList
[INFO] Tests run: 31, Failures: 0, Errors: 0, Skipped: 0, Time elapsed: 0.012 s - in org.apache.commons.configuration2.event.TestEventListenerList
[INFO] Running org.apache.commons.configuration2.event.TestEvent
[INFO] Tests run: 3, Failures: 0, Errors: 0, Skipped: 0, Time elapsed: 0 s - in org.apache.commons.configuration2.event.TestEvent
[INFO] Running org.apache.commons.configuration2.event.TestEventSource
[INFO] Tests run: 19, Failures: 0, Errors: 0, Skipped: 0, Time elapsed: 0.001 s - in org.apache.commons.configuration2.event.TestEventSource
[INFO] Running org.apache.commons.configuration2.event.TestSubsetConfigurationEvents
[INFO] Tests run: 8, Failures: 0, Errors: 0, Skipped: 0, Time elapsed: 0 s - in org.apache.commons.configuration2.event.TestSubsetConfigurationEvents
[INFO] Running org.apache.commons.configuration2.TestDatabaseConfiguration
[INFO] Tests run: 36, Failures: 0, Errors: 0, Skipped: 0, Time elapsed: 0.615 s - in org.apache.commons.configuration2.TestDatabaseConfiguration
[INFO] Running org.apache.commons.configuration2.TestJNDIConfiguration
[INFO] Tests run: 27, Failures: 0, Errors: 0, Skipped: 0, Time elapsed: 0.032 s - in org.apache.commons.configuration2.TestJNDIConfiguration
[INFO] Running org.apache.commons.configuration2.TestNonStringProperties
[INFO] Tests run: 23, Failures: 0, Errors: 0, Skipped: 0, Time elapsed: 0.034 s - in org.apache.commons.configuration2.TestNonStringProperties
[INFO] Running org.apache.commons.configuration2.TestHierarchicalConfigurationXMLReader
[INFO] Tests run: 1, Failures: 0, Errors: 0, Skipped: 0, Time elapsed: 0.036 s - in org.apache.commons.configuration2.TestHierarchicalConfigurationXMLReader
[INFO] Running org.apache.commons.configuration2.TestXMLConfiguration_605
[INFO] Tests run: 8, Failures: 0, Errors: 0, Skipped: 0, Time elapsed: 0.008 s - in org.apache.commons.configuration2.TestXMLConfiguration_605
[INFO] Running org.apache.commons.configuration2.reloading.TestCombinedReloadingController
[INFO] Tests run: 8, Failures: 0, Errors: 0, Skipped: 0, Time elapsed: 0.046 s - in org.apache.commons.configuration2.reloading.TestCombinedReloadingController
[INFO] Running org.apache.commons.configuration2.reloading.TestVFSFileHandlerReloadingDetector
[INFO] Tests run: 6, Failures: 0, Errors: 0, Skipped: 0, Time elapsed: 0.036 s - in org.apache.commons.configuration2.reloading.TestVFSFileHandlerReloadingDetector
[INFO] Running org.apache.commons.configuration2.reloading.TestFileHandlerReloadingDetector
[INFO] Tests run: 11, Failures: 0, Errors: 0, Skipped: 0, Time elapsed: 0.013 s - in org.apache.commons.configuration2.reloading.TestFileHandlerReloadingDetector
[INFO] Running org.apache.commons.configuration2.reloading.TestManagedReloadingDetector
[INFO] Tests run: 3, Failures: 0, Errors: 0, Skipped: 0, Time elapsed: 0 s - in org.apache.commons.configuration2.reloading.TestManagedReloadingDetector
[INFO] Running org.apache.commons.configuration2.reloading.TestPeriodicReloadingTrigger
[INFO] Tests run: 9, Failures: 0, Errors: 0, Skipped: 0, Time elapsed: 0 s - in org.apache.commons.configuration2.reloading.TestPeriodicReloadingTrigger
[INFO] Running org.apache.commons.configuration2.reloading.TestReloadingController
[INFO] Tests run: 8, Failures: 0, Errors: 0, Skipped: 0, Time elapsed: 0.001 s - in org.apache.commons.configuration2.reloading.TestReloadingController
[INFO] Running org.apache.commons.configuration2.TestConfigurationLookup
[INFO] Tests run: 5, Failures: 0, Errors: 0, Skipped: 0, Time elapsed: 0 s - in org.apache.commons.configuration2.TestConfigurationLookup
[INFO] Running org.apache.commons.configuration2.TestThreesomeConfiguration
[INFO] Tests run: 3, Failures: 0, Errors: 0, Skipped: 0, Time elapsed: 0 s - in org.apache.commons.configuration2.TestThreesomeConfiguration
[INFO] Running org.apache.commons.configuration2.TestEqualsProperty
[INFO] Tests run: 1, Failures: 0, Errors: 0, Skipped: 0, Time elapsed: 0 s - in org.apache.commons.configuration2.TestEqualsProperty
[INFO] Running org.apache.commons.configuration2.TestPropertiesConfigurationLayout
[INFO] Tests run: 39, Failures: 0, Errors: 0, Skipped: 0, Time elapsed: 0.001 s - in org.apache.commons.configuration2.TestPropertiesConfigurationLayout
[INFO] Running org.apache.commons.configuration2.TestEnvironmentConfiguration
[INFO] Tests run: 5, Failures: 0, Errors: 0, Skipped: 0, Time elapsed: 0.001 s - in org.apache.commons.configuration2.TestEnvironmentConfiguration
[INFO] Running org.apache.commons.configuration2.TestConfigurationConverter
[INFO] Tests run: 6, Failures: 0, Errors: 0, Skipped: 0, Time elapsed: 0.001 s - in org.apache.commons.configuration2.TestConfigurationConverter
[INFO] Running org.apache.commons.configuration2.TestXMLPropertiesConfiguration
Warning: validation was turned on but an org.xml.sax.ErrorHandler was not set, which is probably not what is desired.  Parser will use a default ErrorHandler to print the first 0  errors.  Please call the setErrorHandler method to fix this.
Error: URI=null Line=1: Document root element "properties", must match DOCTYPE root "null".
Error: URI=null Line=1: Document is invalid: no grammar found.
[INFO] Tests run: 4, Failures: 0, Errors: 0, Skipped: 0, Time elapsed: 0.056 s - in org.apache.commons.configuration2.TestXMLPropertiesConfiguration
[INFO] Running org.apache.commons.configuration2.TestNullCompositeConfiguration
[INFO] Tests run: 23, Failures: 0, Errors: 0, Skipped: 0, Time elapsed: 0.075 s - in org.apache.commons.configuration2.TestNullCompositeConfiguration
[INFO] Running org.apache.commons.configuration2.web.TestServletRequestConfiguration
[INFO] Tests run: 13, Failures: 0, Errors: 0, Skipped: 0, Time elapsed: 0.001 s - in org.apache.commons.configuration2.web.TestServletRequestConfiguration
[INFO] Running org.apache.commons.configuration2.web.TestServletFilterConfiguration
[INFO] Tests run: 12, Failures: 0, Errors: 0, Skipped: 0, Time elapsed: 0.001 s - in org.apache.commons.configuration2.web.TestServletFilterConfiguration
[INFO] Running org.apache.commons.configuration2.web.TestServletConfiguration
[INFO] Tests run: 12, Failures: 0, Errors: 0, Skipped: 0, Time elapsed: 0.001 s - in org.apache.commons.configuration2.web.TestServletConfiguration
[INFO] Running org.apache.commons.configuration2.web.TestServletContextConfiguration
[INFO] Tests run: 12, Failures: 0, Errors: 0, Skipped: 0, Time elapsed: 0 s - in org.apache.commons.configuration2.web.TestServletContextConfiguration
[INFO] Running org.apache.commons.configuration2.web.TestAppletConfiguration
[INFO] Tests run: 12, Failures: 0, Errors: 0, Skipped: 0, Time elapsed: 0 s - in org.apache.commons.configuration2.web.TestAppletConfiguration
[INFO] Running org.apache.commons.configuration2.TestBaseConfiguration
[INFO] Tests run: 61, Failures: 0, Errors: 0, Skipped: 0, Time elapsed: 0.013 s - in org.apache.commons.configuration2.TestBaseConfiguration
[INFO] Running org.apache.commons.configuration2.interpol.TestInterpolatorSpecification
[INFO] Tests run: 10, Failures: 0, Errors: 0, Skipped: 0, Time elapsed: 0.001 s - in org.apache.commons.configuration2.interpol.TestInterpolatorSpecification
[INFO] Running org.apache.commons.configuration2.interpol.TestConfigurationInterpolator
[INFO] Tests run: 42, Failures: 0, Errors: 0, Skipped: 0, Time elapsed: 0.001 s - in org.apache.commons.configuration2.interpol.TestConfigurationInterpolator
[INFO] Running org.apache.commons.configuration2.interpol.TestEnvironmentLookup
[INFO] Tests run: 2, Failures: 0, Errors: 0, Skipped: 0, Time elapsed: 0 s - in org.apache.commons.configuration2.interpol.TestEnvironmentLookup
[INFO] Running org.apache.commons.configuration2.interpol.TestExprLookup
[INFO] Tests run: 6, Failures: 0, Errors: 0, Skipped: 0, Time elapsed: 0.031 s - in org.apache.commons.configuration2.interpol.TestExprLookup
[INFO] Running org.apache.commons.configuration2.interpol.TestConstantLookup
[INFO] Tests run: 8, Failures: 0, Errors: 0, Skipped: 0, Time elapsed: 0 s - in org.apache.commons.configuration2.interpol.TestConstantLookup
[INFO] Running org.apache.commons.configuration2.interpol.TestDummyLookup
[INFO] Tests run: 1, Failures: 0, Errors: 0, Skipped: 0, Time elapsed: 0.001 s - in org.apache.commons.configuration2.interpol.TestDummyLookup
[INFO] Running org.apache.commons.configuration2.interpol.TestSystemPropertiesLookup
[INFO] Tests run: 2, Failures: 0, Errors: 0, Skipped: 0, Time elapsed: 0 s - in org.apache.commons.configuration2.interpol.TestSystemPropertiesLookup
[INFO] Running org.apache.commons.configuration2.TestSubsetConfiguration
[INFO] Tests run: 21, Failures: 0, Errors: 0, Skipped: 0, Time elapsed: 0.017 s - in org.apache.commons.configuration2.TestSubsetConfiguration
[INFO] Running org.apache.commons.configuration2.TestAbstractHierarchicalConfiguration
[INFO] Tests run: 54, Failures: 0, Errors: 0, Skipped: 0, Time elapsed: 0.014 s - in org.apache.commons.configuration2.TestAbstractHierarchicalConfiguration
[INFO] Running org.apache.commons.configuration2.TestConfigurationMap
[INFO] Tests run: 1, Failures: 0, Errors: 0, Skipped: 0, Time elapsed: 0 s - in org.apache.commons.configuration2.TestConfigurationMap
[INFO] Running org.apache.commons.configuration2.TestPropertiesConfiguration
[INFO] Tests run: 85, Failures: 0, Errors: 0, Skipped: 0, Time elapsed: 0.142 s - in org.apache.commons.configuration2.TestPropertiesConfiguration
[INFO] Running org.apache.commons.configuration2.TestEqualBehavior
[INFO] Tests run: 7, Failures: 0, Errors: 0, Skipped: 0, Time elapsed: 0.025 s - in org.apache.commons.configuration2.TestEqualBehavior
[INFO] Running org.apache.commons.configuration2.TestPatternSubtreeConfiguration
[INFO] Tests run: 3, Failures: 0, Errors: 0, Skipped: 0, Time elapsed: 0.005 s - in org.apache.commons.configuration2.TestPatternSubtreeConfiguration
[INFO] Running org.apache.commons.configuration2.TestMapConfiguration
[INFO] Tests run: 20, Failures: 0, Errors: 0, Skipped: 0, Time elapsed: 0.002 s - in org.apache.commons.configuration2.TestMapConfiguration
[INFO] Running org.apache.commons.configuration2.spring.TestConfigurationPropertySource
[INFO] Tests run: 1, Failures: 0, Errors: 0, Skipped: 0, Time elapsed: 0.211 s - in org.apache.commons.configuration2.spring.TestConfigurationPropertySource
[INFO] Running org.apache.commons.configuration2.spring.TestConfigurationPropertiesFactoryBean
[INFO] Tests run: 10, Failures: 0, Errors: 0, Skipped: 0, Time elapsed: 0.002 s - in org.apache.commons.configuration2.spring.TestConfigurationPropertiesFactoryBean
[INFO] Running org.apache.commons.configuration2.TestBaseHierarchicalConfigurationSynchronization
[INFO] Tests run: 14, Failures: 0, Errors: 0, Skipped: 0, Time elapsed: 0.022 s - in org.apache.commons.configuration2.TestBaseHierarchicalConfigurationSynchronization
[INFO] Running org.apache.commons.configuration2.TestSystemConfiguration
[INFO] Tests run: 5, Failures: 0, Errors: 0, Skipped: 0, Time elapsed: 0.001 s - in org.apache.commons.configuration2.TestSystemConfiguration
[INFO] Running org.apache.commons.configuration2.sync.TestReadWriteSynchronizer
[INFO] Tests run: 3, Failures: 0, Errors: 0, Skipped: 0, Time elapsed: 0.063 s - in org.apache.commons.configuration2.sync.TestReadWriteSynchronizer
[INFO] Running org.apache.commons.configuration2.TestSubnodeConfiguration
[INFO] Tests run: 24, Failures: 0, Errors: 0, Skipped: 0, Time elapsed: 0.023 s - in org.apache.commons.configuration2.TestSubnodeConfiguration
[INFO] Running org.apache.commons.configuration2.TestBaseNullConfiguration
[INFO] Tests run: 37, Failures: 0, Errors: 0, Skipped: 0, Time elapsed: 0.004 s - in org.apache.commons.configuration2.TestBaseNullConfiguration
[INFO] Running org.apache.commons.configuration2.TestCompositeConfiguration
[INFO] Tests run: 52, Failures: 0, Errors: 0, Skipped: 0, Time elapsed: 0.106 s - in org.apache.commons.configuration2.TestCompositeConfiguration
[INFO] Running org.apache.commons.configuration2.TestHierarchicalXMLConfiguration
[INFO] Tests run: 10, Failures: 0, Errors: 0, Skipped: 0, Time elapsed: 0.023 s - in org.apache.commons.configuration2.TestHierarchicalXMLConfiguration
[INFO] Running org.apache.commons.configuration2.TestXMLListHandling
[INFO] Tests run: 5, Failures: 0, Errors: 0, Skipped: 0, Time elapsed: 0.006 s - in org.apache.commons.configuration2.TestXMLListHandling
[INFO] Running org.apache.commons.configuration2.convert.TestDefaultListDelimiterHandler
[INFO] Tests run: 13, Failures: 0, Errors: 0, Skipped: 0, Time elapsed: 0 s - in org.apache.commons.configuration2.convert.TestDefaultListDelimiterHandler
[INFO] Running org.apache.commons.configuration2.convert.TestPropertyConverter
[WARNING] Tests run: 28, Failures: 0, Errors: 0, Skipped: 1, Time elapsed: 0.002 s - in org.apache.commons.configuration2.convert.TestPropertyConverter
[INFO] Running org.apache.commons.configuration2.convert.TestDefaultConversionHandler
[INFO] Tests run: 23, Failures: 0, Errors: 0, Skipped: 0, Time elapsed: 0.004 s - in org.apache.commons.configuration2.convert.TestDefaultConversionHandler
[INFO] Running org.apache.commons.configuration2.convert.TestDisabledListDelimiterHandler
[INFO] Tests run: 13, Failures: 0, Errors: 0, Skipped: 0, Time elapsed: 0 s - in org.apache.commons.configuration2.convert.TestDisabledListDelimiterHandler
[INFO] Running org.apache.commons.configuration2.builder.TestCopyObjectDefaultHandler
[INFO] Tests run: 4, Failures: 0, Errors: 0, Skipped: 0, Time elapsed: 0.006 s - in org.apache.commons.configuration2.builder.TestCopyObjectDefaultHandler
[INFO] Running org.apache.commons.configuration2.builder.TestDefaultParametersManager
[INFO] Tests run: 9, Failures: 0, Errors: 0, Skipped: 0, Time elapsed: 0.009 s - in org.apache.commons.configuration2.builder.TestDefaultParametersManager
[INFO] Running org.apache.commons.configuration2.builder.TestBasicConfigurationBuilderEvents
[INFO] Tests run: 11, Failures: 0, Errors: 0, Skipped: 0, Time elapsed: 0 s - in org.apache.commons.configuration2.builder.TestBasicConfigurationBuilderEvents
[INFO] Running org.apache.commons.configuration2.builder.TestFileBasedConfigurationBuilder
[INFO] Tests run: 25, Failures: 0, Errors: 0, Skipped: 0, Time elapsed: 0.013 s - in org.apache.commons.configuration2.builder.TestFileBasedConfigurationBuilder
[INFO] Running org.apache.commons.configuration2.builder.fluent.TestParameters
[INFO] Tests run: 19, Failures: 0, Errors: 0, Skipped: 0, Time elapsed: 0.008 s - in org.apache.commons.configuration2.builder.fluent.TestParameters
[INFO] Running org.apache.commons.configuration2.builder.fluent.TestConfigurations
[INFO] Tests run: 34, Failures: 0, Errors: 0, Skipped: 0, Time elapsed: 0.066 s - in org.apache.commons.configuration2.builder.fluent.TestConfigurations
[INFO] Running org.apache.commons.configuration2.builder.TestEventListenerParameters
[INFO] Tests run: 4, Failures: 0, Errors: 0, Skipped: 0, Time elapsed: 0 s - in org.apache.commons.configuration2.builder.TestEventListenerParameters
[INFO] Running org.apache.commons.configuration2.builder.TestBasicBuilderParameters
[INFO] Tests run: 34, Failures: 0, Errors: 0, Skipped: 0, Time elapsed: 0.015 s - in org.apache.commons.configuration2.builder.TestBasicBuilderParameters
[INFO] Running org.apache.commons.configuration2.builder.TestHierarchicalBuilderParametersImpl
[INFO] Tests run: 3, Failures: 0, Errors: 0, Skipped: 0, Time elapsed: 0 s - in org.apache.commons.configuration2.builder.TestHierarchicalBuilderParametersImpl
[INFO] Running org.apache.commons.configuration2.builder.TestAutoSaveListener
[INFO] Tests run: 7, Failures: 0, Errors: 0, Skipped: 0, Time elapsed: 0.021 s - in org.apache.commons.configuration2.builder.TestAutoSaveListener
[INFO] Running org.apache.commons.configuration2.builder.combined.TestMultiFileBuilderParametersImpl
[INFO] Tests run: 7, Failures: 0, Errors: 0, Skipped: 0, Time elapsed: 0 s - in org.apache.commons.configuration2.builder.combined.TestMultiFileBuilderParametersImpl
[INFO] Running org.apache.commons.configuration2.builder.combined.TestCombinedBuilderParametersImpl
[INFO] Tests run: 27, Failures: 0, Errors: 0, Skipped: 0, Time elapsed: 0.004 s - in org.apache.commons.configuration2.builder.combined.TestCombinedBuilderParametersImpl
[INFO] Running org.apache.commons.configuration2.builder.combined.TestMultiWrapDynaBean
[INFO] Tests run: 13, Failures: 0, Errors: 0, Skipped: 0, Time elapsed: 0.003 s - in org.apache.commons.configuration2.builder.combined.TestMultiWrapDynaBean
[INFO] Running org.apache.commons.configuration2.builder.combined.TestConfigurationDeclaration
[INFO] Tests run: 5, Failures: 0, Errors: 0, Skipped: 0, Time elapsed: 0 s - in org.apache.commons.configuration2.builder.combined.TestConfigurationDeclaration
[INFO] Running org.apache.commons.configuration2.builder.combined.TestBaseConfigurationBuilderProvider
[INFO] Tests run: 9, Failures: 0, Errors: 0, Skipped: 0, Time elapsed: 0.004 s - in org.apache.commons.configuration2.builder.combined.TestBaseConfigurationBuilderProvider
[INFO] Running org.apache.commons.configuration2.builder.combined.TestCombinedConfigurationBuilderVFS
[INFO] Tests run: 52, Failures: 0, Errors: 0, Skipped: 0, Time elapsed: 5.285 s - in org.apache.commons.configuration2.builder.combined.TestCombinedConfigurationBuilderVFS
[INFO] Running org.apache.commons.configuration2.builder.combined.TestFileExtensionConfigurationBuilderProvider
[INFO] Tests run: 10, Failures: 0, Errors: 0, Skipped: 0, Time elapsed: 0.001 s - in org.apache.commons.configuration2.builder.combined.TestFileExtensionConfigurationBuilderProvider
[INFO] Running org.apache.commons.configuration2.builder.combined.TestReloadingCombinedConfigurationBuilderFileBased
[INFO] Tests run: 4, Failures: 0, Errors: 0, Skipped: 0, Time elapsed: 0.519 s - in org.apache.commons.configuration2.builder.combined.TestReloadingCombinedConfigurationBuilderFileBased
[INFO] Running org.apache.commons.configuration2.builder.combined.TestReloadingMultiFileConfigurationBuilder
[INFO] Tests run: 6, Failures: 0, Errors: 0, Skipped: 0, Time elapsed: 0.01 s - in org.apache.commons.configuration2.builder.combined.TestReloadingMultiFileConfigurationBuilder
[INFO] Running org.apache.commons.configuration2.builder.combined.TestMultiFileConfigurationBuilder
[INFO] Tests run: 16, Failures: 0, Errors: 0, Skipped: 0, Time elapsed: 0.263 s - in org.apache.commons.configuration2.builder.combined.TestMultiFileConfigurationBuilder
[INFO] Running org.apache.commons.configuration2.builder.combined.TestReloadingCombinedConfigurationBuilder
[INFO] Tests run: 5, Failures: 0, Errors: 0, Skipped: 0, Time elapsed: 0.016 s - in org.apache.commons.configuration2.builder.combined.TestReloadingCombinedConfigurationBuilder
[INFO] Running org.apache.commons.configuration2.builder.combined.TestCombinedConfigurationBuilder
[INFO] Tests run: 51, Failures: 0, Errors: 0, Skipped: 0, Time elapsed: 5.194 s - in org.apache.commons.configuration2.builder.combined.TestCombinedConfigurationBuilder
[INFO] Running org.apache.commons.configuration2.builder.TestReloadingBuilderSupportListener
[INFO] Tests run: 2, Failures: 0, Errors: 0, Skipped: 0, Time elapsed: 0 s - in org.apache.commons.configuration2.builder.TestReloadingBuilderSupportListener
[INFO] Running org.apache.commons.configuration2.builder.TestReloadingFileBasedConfigurationBuilder
[INFO] Tests run: 9, Failures: 0, Errors: 0, Skipped: 0, Time elapsed: 0 s - in org.apache.commons.configuration2.builder.TestReloadingFileBasedConfigurationBuilder
[INFO] Running org.apache.commons.configuration2.builder.TestPropertiesBuilderParametersImpl
[INFO] Tests run: 8, Failures: 0, Errors: 0, Skipped: 0, Time elapsed: 0.001 s - in org.apache.commons.configuration2.builder.TestPropertiesBuilderParametersImpl
[INFO] Running org.apache.commons.configuration2.builder.TestDefaultReloadingDetectorFactory
[INFO] Tests run: 2, Failures: 0, Errors: 0, Skipped: 0, Time elapsed: 0 s - in org.apache.commons.configuration2.builder.TestDefaultReloadingDetectorFactory
[INFO] Running org.apache.commons.configuration2.builder.TestBuilderConfigurationWrapperFactory
[INFO] Tests run: 8, Failures: 0, Errors: 0, Skipped: 0, Time elapsed: 0 s - in org.apache.commons.configuration2.builder.TestBuilderConfigurationWrapperFactory
[INFO] Running org.apache.commons.configuration2.builder.TestFileBasedBuilderParameters
[INFO] Tests run: 24, Failures: 0, Errors: 0, Skipped: 0, Time elapsed: 0.001 s - in org.apache.commons.configuration2.builder.TestFileBasedBuilderParameters
[INFO] Running org.apache.commons.configuration2.builder.TestDatabaseBuilderParametersImpl
[INFO] Tests run: 8, Failures: 0, Errors: 0, Skipped: 0, Time elapsed: 0 s - in org.apache.commons.configuration2.builder.TestDatabaseBuilderParametersImpl
[INFO] Running org.apache.commons.configuration2.builder.TestBasicConfigurationBuilder
[INFO] Tests run: 27, Failures: 0, Errors: 0, Skipped: 0, Time elapsed: 0.008 s - in org.apache.commons.configuration2.builder.TestBasicConfigurationBuilder
[INFO] Running org.apache.commons.configuration2.builder.TestXMLBuilderParametersImpl
[INFO] Tests run: 8, Failures: 0, Errors: 0, Skipped: 0, Time elapsed: 0.001 s - in org.apache.commons.configuration2.builder.TestXMLBuilderParametersImpl
[INFO] Running org.apache.commons.configuration2.builder.TestJndiBuilderParametersImpl
[INFO] Tests run: 4, Failures: 0, Errors: 0, Skipped: 0, Time elapsed: 0 s - in org.apache.commons.configuration2.builder.TestJndiBuilderParametersImpl
[INFO] Running org.apache.commons.configuration2.TestImmutableConfiguration
[INFO] Tests run: 10, Failures: 0, Errors: 0, Skipped: 0, Time elapsed: 0.006 s - in org.apache.commons.configuration2.TestImmutableConfiguration
[INFO] Running org.apache.commons.configuration2.TestYAMLConfiguration
[INFO] Tests run: 11, Failures: 0, Errors: 0, Skipped: 0, Time elapsed: 0.052 s - in org.apache.commons.configuration2.TestYAMLConfiguration
[INFO] Running org.apache.commons.configuration2.TestPropertiesSequence
[INFO] Tests run: 3, Failures: 0, Errors: 0, Skipped: 0, Time elapsed: 0.003 s - in org.apache.commons.configuration2.TestPropertiesSequence
[INFO] Running org.apache.commons.configuration2.TestJNDIEnvironmentValues
[INFO] Tests run: 12, Failures: 0, Errors: 0, Skipped: 0, Time elapsed: 0.003 s - in org.apache.commons.configuration2.TestJNDIEnvironmentValues
[INFO] Running org.apache.commons.configuration2.TestStrictConfigurationComparator
[INFO] Tests run: 2, Failures: 0, Errors: 0, Skipped: 0, Time elapsed: 0 s - in org.apache.commons.configuration2.TestStrictConfigurationComparator
[INFO] Running org.apache.commons.configuration2.TestINIConfiguration
[INFO] Tests run: 67, Failures: 0, Errors: 0, Skipped: 0, Time elapsed: 0.052 s - in org.apache.commons.configuration2.TestINIConfiguration
[INFO] Running org.apache.commons.configuration2.plist.TestPropertyListConfiguration
[INFO] Tests run: 23, Failures: 0, Errors: 0, Skipped: 0, Time elapsed: 0.028 s - in org.apache.commons.configuration2.plist.TestPropertyListConfiguration
[INFO] Running org.apache.commons.configuration2.plist.TestPropertyListParser
[INFO] Tests run: 4, Failures: 0, Errors: 0, Skipped: 0, Time elapsed: 0 s - in org.apache.commons.configuration2.plist.TestPropertyListParser
[INFO] Running org.apache.commons.configuration2.plist.TestXMLPropertyListConfigurationEvents
[INFO] Tests run: 10, Failures: 0, Errors: 0, Skipped: 0, Time elapsed: 0.034 s - in org.apache.commons.configuration2.plist.TestXMLPropertyListConfigurationEvents
[INFO] Running org.apache.commons.configuration2.plist.TestXMLPropertyListConfiguration
[INFO] Tests run: 26, Failures: 0, Errors: 0, Skipped: 0, Time elapsed: 0.042 s - in org.apache.commons.configuration2.plist.TestXMLPropertyListConfiguration
[INFO] Running org.apache.commons.configuration2.plist.TestPropertyListConfigurationEvents
[INFO] Tests run: 10, Failures: 0, Errors: 0, Skipped: 0, Time elapsed: 0.002 s - in org.apache.commons.configuration2.plist.TestPropertyListConfigurationEvents
[INFO] Running org.apache.commons.configuration2.TestJSONConfiguration
[INFO] Tests run: 10, Failures: 0, Errors: 0, Skipped: 0, Time elapsed: 0.139 s - in org.apache.commons.configuration2.TestJSONConfiguration
[INFO] Running org.apache.commons.configuration2.TestNullJNDIEnvironmentValues
[INFO] Tests run: 12, Failures: 0, Errors: 0, Skipped: 0, Time elapsed: 0.007 s - in org.apache.commons.configuration2.TestNullJNDIEnvironmentValues
[INFO] Running org.apache.commons.configuration2.TestDynamicCombinedConfiguration
[INFO] Tests run: 12, Failures: 0, Errors: 0, Skipped: 0, Time elapsed: 4.633 s - in org.apache.commons.configuration2.TestDynamicCombinedConfiguration
[INFO] Running org.apache.commons.configuration2.io.TestFileLocatorUtils
[INFO] Tests run: 36, Failures: 0, Errors: 0, Skipped: 0, Time elapsed: 0.014 s - in org.apache.commons.configuration2.io.TestFileLocatorUtils
[INFO] Running org.apache.commons.configuration2.io.TestConfigurationLogger
[INFO] Tests run: 16, Failures: 0, Errors: 0, Skipped: 0, Time elapsed: 0.002 s - in org.apache.commons.configuration2.io.TestConfigurationLogger
[INFO] Running org.apache.commons.configuration2.io.TestFileLocator
[INFO] Tests run: 8, Failures: 0, Errors: 0, Skipped: 0, Time elapsed: 0.001 s - in org.apache.commons.configuration2.io.TestFileLocator
[INFO] Running org.apache.commons.configuration2.io.TestHomeDirectoryLocationStrategy
[INFO] Tests run: 6, Failures: 0, Errors: 0, Skipped: 0, Time elapsed: 0 s - in org.apache.commons.configuration2.io.TestHomeDirectoryLocationStrategy
[INFO] Running org.apache.commons.configuration2.io.TestClasspathLocationStrategy
[INFO] Tests run: 3, Failures: 0, Errors: 0, Skipped: 0, Time elapsed: 0.001 s - in org.apache.commons.configuration2.io.TestClasspathLocationStrategy
[INFO] Running org.apache.commons.configuration2.io.TestFileSystemLocationStrategy
[INFO] Tests run: 1, Failures: 0, Errors: 0, Skipped: 0, Time elapsed: 0 s - in org.apache.commons.configuration2.io.TestFileSystemLocationStrategy
[INFO] Running org.apache.commons.configuration2.io.TestCombinedLocationStrategy
[INFO] Tests run: 7, Failures: 0, Errors: 0, Skipped: 0, Time elapsed: 0 s - in org.apache.commons.configuration2.io.TestCombinedLocationStrategy
[INFO] Running org.apache.commons.configuration2.io.TestFileHandler
[INFO] Tests run: 85, Failures: 0, Errors: 0, Skipped: 0, Time elapsed: 0.03 s - in org.apache.commons.configuration2.io.TestFileHandler
[INFO] Running org.apache.commons.configuration2.io.TestAbsoluteNameLocationStrategy
[INFO] Tests run: 4, Failures: 0, Errors: 0, Skipped: 0, Time elapsed: 0 s - in org.apache.commons.configuration2.io.TestAbsoluteNameLocationStrategy
[INFO] Running org.apache.commons.configuration2.io.TestProvidedURLLocationStrategy
[INFO] Tests run: 2, Failures: 0, Errors: 0, Skipped: 0, Time elapsed: 0 s - in org.apache.commons.configuration2.io.TestProvidedURLLocationStrategy
[INFO] Running org.apache.commons.configuration2.io.TestDefaultFileSystem
[INFO] Tests run: 3, Failures: 0, Errors: 0, Skipped: 0, Time elapsed: 0 s - in org.apache.commons.configuration2.io.TestDefaultFileSystem
[INFO] Running org.apache.commons.configuration2.io.TestBasePathLocationStrategy
[INFO] Tests run: 4, Failures: 0, Errors: 0, Skipped: 0, Time elapsed: 0 s - in org.apache.commons.configuration2.io.TestBasePathLocationStrategy
[INFO] Running org.apache.commons.configuration2.TestCatalogResolver
[INFO] Tests run: 5, Failures: 0, Errors: 0, Skipped: 0, Time elapsed: 0.006 s - in org.apache.commons.configuration2.TestCatalogResolver
[INFO] Running org.apache.commons.configuration2.TestAbstractConfigurationBasicFeatures
[INFO] Tests run: 64, Failures: 0, Errors: 0, Skipped: 0, Time elapsed: 0.007 s - in org.apache.commons.configuration2.TestAbstractConfigurationBasicFeatures
[INFO] Running org.apache.commons.configuration2.tree.TestNodeTreeWalker
[INFO] Tests run: 8, Failures: 0, Errors: 0, Skipped: 0, Time elapsed: 0 s - in org.apache.commons.configuration2.tree.TestNodeTreeWalker
[INFO] Running org.apache.commons.configuration2.tree.TestNodeHandlerDecorator
[INFO] Tests run: 25, Failures: 0, Errors: 0, Skipped: 0, Time elapsed: 0 s - in org.apache.commons.configuration2.tree.TestNodeHandlerDecorator
[INFO] Running org.apache.commons.configuration2.tree.TestTrackedNodeHandler
[INFO] Tests run: 2, Failures: 0, Errors: 0, Skipped: 0, Time elapsed: 0 s - in org.apache.commons.configuration2.tree.TestTrackedNodeHandler
[INFO] Running org.apache.commons.configuration2.tree.TestQueryResult
[INFO] Tests run: 9, Failures: 0, Errors: 0, Skipped: 0, Time elapsed: 0 s - in org.apache.commons.configuration2.tree.TestQueryResult
[INFO] Running org.apache.commons.configuration2.tree.TestDefaultConfigurationKey
[INFO] Tests run: 33, Failures: 0, Errors: 0, Skipped: 0, Time elapsed: 0 s - in org.apache.commons.configuration2.tree.TestDefaultConfigurationKey
[INFO] Running org.apache.commons.configuration2.tree.TestNodeUpdateData
[INFO] Tests run: 7, Failures: 0, Errors: 0, Skipped: 0, Time elapsed: 0 s - in org.apache.commons.configuration2.tree.TestNodeUpdateData
[INFO] Running org.apache.commons.configuration2.tree.TestTrackedNodeModel
[INFO] Tests run: 13, Failures: 0, Errors: 0, Skipped: 0, Time elapsed: 0.004 s - in org.apache.commons.configuration2.tree.TestTrackedNodeModel
[INFO] Running org.apache.commons.configuration2.tree.TestDefaultExpressionEngine
[INFO] Tests run: 38, Failures: 0, Errors: 0, Skipped: 0, Time elapsed: 0.002 s - in org.apache.commons.configuration2.tree.TestDefaultExpressionEngine
[INFO] Running org.apache.commons.configuration2.tree.TestNodeSelector
[INFO] Tests run: 12, Failures: 0, Errors: 0, Skipped: 0, Time elapsed: 0 s - in org.apache.commons.configuration2.tree.TestNodeSelector
[INFO] Running org.apache.commons.configuration2.tree.xpath.TestConfigurationNodePointerFactory
[INFO] Tests run: 8, Failures: 0, Errors: 0, Skipped: 0, Time elapsed: 0.009 s - in org.apache.commons.configuration2.tree.xpath.TestConfigurationNodePointerFactory
[INFO] Running org.apache.commons.configuration2.tree.xpath.TestConfigurationNodeIteratorChildren
[INFO] Tests run: 13, Failures: 0, Errors: 0, Skipped: 0, Time elapsed: 0.003 s - in org.apache.commons.configuration2.tree.xpath.TestConfigurationNodeIteratorChildren
[INFO] Running org.apache.commons.configuration2.tree.xpath.TestConfigurationIteratorAttributes
[INFO] Tests run: 6, Failures: 0, Errors: 0, Skipped: 0, Time elapsed: 0 s - in org.apache.commons.configuration2.tree.xpath.TestConfigurationIteratorAttributes
[INFO] Running org.apache.commons.configuration2.tree.xpath.TestConfigurationNodePointer
[INFO] Tests run: 7, Failures: 0, Errors: 0, Skipped: 0, Time elapsed: 0.002 s - in org.apache.commons.configuration2.tree.xpath.TestConfigurationNodePointer
[INFO] Running org.apache.commons.configuration2.tree.xpath.TestXPathExpressionEngine
[INFO] Tests run: 34, Failures: 0, Errors: 0, Skipped: 0, Time elapsed: 0.01 s - in org.apache.commons.configuration2.tree.xpath.TestXPathExpressionEngine
[INFO] Running org.apache.commons.configuration2.tree.xpath.TestConfigurationAttributePointer
[INFO] Tests run: 13, Failures: 0, Errors: 0, Skipped: 0, Time elapsed: 0 s - in org.apache.commons.configuration2.tree.xpath.TestConfigurationAttributePointer
[INFO] Running org.apache.commons.configuration2.tree.xpath.TestXPathExpressionEngineInConfig
[INFO] Tests run: 6, Failures: 0, Errors: 0, Skipped: 0, Time elapsed: 0.001 s - in org.apache.commons.configuration2.tree.xpath.TestXPathExpressionEngineInConfig
[INFO] Running org.apache.commons.configuration2.tree.xpath.TestXPathContextFactory
[INFO] Tests run: 1, Failures: 0, Errors: 0, Skipped: 0, Time elapsed: 0 s - in org.apache.commons.configuration2.tree.xpath.TestXPathContextFactory
[INFO] Running org.apache.commons.configuration2.tree.TestNodeNameMatchers
[INFO] Tests run: 6, Failures: 0, Errors: 0, Skipped: 0, Time elapsed: 0 s - in org.apache.commons.configuration2.tree.TestNodeNameMatchers
[INFO] Running org.apache.commons.configuration2.tree.TestInMemoryNodeModelTrackedNodes
[INFO] Tests run: 43, Failures: 0, Errors: 0, Skipped: 0, Time elapsed: 0.004 s - in org.apache.commons.configuration2.tree.TestInMemoryNodeModelTrackedNodes
[INFO] Running org.apache.commons.configuration2.tree.TestDefaultExpressionEngineSymbols
[INFO] Tests run: 6, Failures: 0, Errors: 0, Skipped: 0, Time elapsed: 0 s - in org.apache.commons.configuration2.tree.TestDefaultExpressionEngineSymbols
[INFO] Running org.apache.commons.configuration2.tree.TestOverrideCombiner
[INFO] Tests run: 9, Failures: 0, Errors: 0, Skipped: 0, Time elapsed: 0.008 s - in org.apache.commons.configuration2.tree.TestOverrideCombiner
[INFO] Running org.apache.commons.configuration2.tree.TestNodeAddData
[INFO] Tests run: 4, Failures: 0, Errors: 0, Skipped: 0, Time elapsed: 0 s - in org.apache.commons.configuration2.tree.TestNodeAddData
[INFO] Running org.apache.commons.configuration2.tree.TestMergeCombiner
[INFO] Tests run: 8, Failures: 0, Errors: 0, Skipped: 0, Time elapsed: 0.008 s - in org.apache.commons.configuration2.tree.TestMergeCombiner
[INFO] Running org.apache.commons.configuration2.tree.TestImmutableNode
[INFO] Tests run: 35, Failures: 0, Errors: 0, Skipped: 0, Time elapsed: 0 s - in org.apache.commons.configuration2.tree.TestImmutableNode
[INFO] Running org.apache.commons.configuration2.tree.TestUnionCombiner
[INFO] Tests run: 6, Failures: 0, Errors: 0, Skipped: 0, Time elapsed: 0.005 s - in org.apache.commons.configuration2.tree.TestUnionCombiner
[INFO] Running org.apache.commons.configuration2.tree.TestInMemoryNodeModelReferences
[INFO] Tests run: 12, Failures: 0, Errors: 0, Skipped: 0, Time elapsed: 0.001 s - in org.apache.commons.configuration2.tree.TestInMemoryNodeModelReferences
[INFO] Running org.apache.commons.configuration2.tree.TestInMemoryNodeModel
[INFO] Tests run: 39, Failures: 0, Errors: 0, Skipped: 0, Time elapsed: 0.037 s - in org.apache.commons.configuration2.tree.TestInMemoryNodeModel
[INFO] Running org.apache.commons.configuration2.tree.TestTreeData
[INFO] Tests run: 25, Failures: 0, Errors: 0, Skipped: 0, Time elapsed: 0 s - in org.apache.commons.configuration2.tree.TestTreeData
[INFO] Running org.apache.commons.configuration2.TestAbstractConfigurationSynchronization
[INFO] Tests run: 19, Failures: 0, Errors: 0, Skipped: 0, Time elapsed: 0.009 s - in org.apache.commons.configuration2.TestAbstractConfigurationSynchronization
[INFO] Running org.apache.commons.configuration2.TestBaseConfigurationXMLReader
[INFO] Tests run: 4, Failures: 0, Errors: 0, Skipped: 0, Time elapsed: 0.003 s - in org.apache.commons.configuration2.TestBaseConfigurationXMLReader
[INFO] Running org.apache.commons.configuration2.TestXMLDocumentHelper
[INFO] Tests run: 11, Failures: 0, Errors: 0, Skipped: 0, Time elapsed: 0.02 s - in org.apache.commons.configuration2.TestXMLDocumentHelper
[INFO] Running org.apache.commons.configuration2.TestCompositeConfigurationNonStringProperties
[INFO] Tests run: 23, Failures: 0, Errors: 0, Skipped: 0, Time elapsed: 0.01 s - in org.apache.commons.configuration2.TestCompositeConfigurationNonStringProperties
[INFO] Running org.apache.commons.configuration2.TestConfigurationSet
[INFO] Tests run: 2, Failures: 0, Errors: 0, Skipped: 0, Time elapsed: 0 s - in org.apache.commons.configuration2.TestConfigurationSet
[INFO] Running org.apache.commons.configuration2.TestConfigurationUtils
[INFO] Tests run: 36, Failures: 0, Errors: 0, Skipped: 0, Time elapsed: 0.001 s - in org.apache.commons.configuration2.TestConfigurationUtils
[INFO] Running org.apache.commons.configuration2.TestCombinedConfiguration
[INFO] Tests run: 58, Failures: 0, Errors: 0, Skipped: 0, Time elapsed: 0.251 s - in org.apache.commons.configuration2.TestCombinedConfiguration
[INFO] Running org.apache.commons.configuration2.TestDataConfiguration
[INFO] Tests run: 59, Failures: 0, Errors: 0, Skipped: 0, Time elapsed: 0.052 s - in org.apache.commons.configuration2.TestDataConfiguration
[INFO] Running org.apache.commons.configuration2.TestXMLConfiguration
[Fatal Error] :1:39: The element type "test" must be terminated by the matching end-tag "</test>".
[INFO] Tests run: 97, Failures: 0, Errors: 0, Skipped: 0, Time elapsed: 0.271 s - in org.apache.commons.configuration2.TestXMLConfiguration
[INFO] Running org.apache.commons.configuration2.beanutils.TestCombinedBeanDeclaration
[INFO] Tests run: 12, Failures: 0, Errors: 0, Skipped: 0, Time elapsed: 0.001 s - in org.apache.commons.configuration2.beanutils.TestCombinedBeanDeclaration
[INFO] Running org.apache.commons.configuration2.beanutils.TestBeanHelper
[INFO] Tests run: 27, Failures: 0, Errors: 0, Skipped: 0, Time elapsed: 0.004 s - in org.apache.commons.configuration2.beanutils.TestBeanHelper
[INFO] Running org.apache.commons.configuration2.beanutils.TestConfigurationDynaBeanXMLConfig
[INFO] Tests run: 42, Failures: 0, Errors: 0, Skipped: 0, Time elapsed: 0.049 s - in org.apache.commons.configuration2.beanutils.TestConfigurationDynaBeanXMLConfig
[INFO] Running org.apache.commons.configuration2.beanutils.TestConstructorArg
[INFO] Tests run: 6, Failures: 0, Errors: 0, Skipped: 0, Time elapsed: 0.001 s - in org.apache.commons.configuration2.beanutils.TestConstructorArg
[INFO] Running org.apache.commons.configuration2.beanutils.TestXMLBeanDeclaration
[INFO] Tests run: 28, Failures: 0, Errors: 0, Skipped: 0, Time elapsed: 0 s - in org.apache.commons.configuration2.beanutils.TestXMLBeanDeclaration
[INFO] Running org.apache.commons.configuration2.beanutils.TestDefaultBeanFactory
[INFO] Tests run: 11, Failures: 0, Errors: 0, Skipped: 0, Time elapsed: 0.001 s - in org.apache.commons.configuration2.beanutils.TestDefaultBeanFactory
[INFO] Running org.apache.commons.configuration2.beanutils.TestConfigurationDynaBean
[INFO] Tests run: 42, Failures: 0, Errors: 0, Skipped: 0, Time elapsed: 0.003 s - in org.apache.commons.configuration2.beanutils.TestConfigurationDynaBean
[INFO] 
[INFO] Results:
[INFO] 
[WARNING] Tests run: 2832, Failures: 0, Errors: 0, Skipped: 1
[INFO] 
[INFO] ------------------------------------------------------------------------
[INFO] BUILD SUCCESS
[INFO] ------------------------------------------------------------------------
[INFO] Total time:  29.064 s
[INFO] Finished at: 2023-01-06T19:08:59Z
[INFO] ------------------------------------------------------------------------
