[INFO] Scanning for projects...
[INFO] 
[INFO] ----------------------< com.artipie:npm-adapter >-----------------------
[INFO] Building npm-adapter 1.0-SNAPSHOT
[INFO] --------------------------------[ jar ]---------------------------------
[INFO] 
[INFO] --- maven-clean-plugin:3.1.0:clean (default-clean) @ npm-adapter ---
[INFO] Deleting /home/gabsko/breaking-updates/target
[INFO] 
[INFO] --- maven-enforcer-plugin:3.0.0-M3:enforce (enforce-maven) @ npm-adapter ---
[INFO] 
[INFO] --- buildnumber-maven-plugin:1.4:create (jcabi-build-number) @ npm-adapter ---
[INFO] ShortRevision tag detected. The value is '7'.
[INFO] Executing: /bin/sh -c cd '/home/gabsko/breaking-updates' && 'git' 'rev-parse' '--verify' '--short=7' 'HEAD'
[INFO] Working directory: /home/gabsko/breaking-updates
[INFO] Storing buildNumber: 0402cb8 at timestamp: 2023-01-06T20:07:24
[INFO] Storing buildScmBranch: branch-artipie/npm-adapter-0402cb8e6cfebabda5c66245073ab60c577dcfdb
[INFO] 
[INFO] --- buildnumber-maven-plugin:1.4:create-timestamp (jcabi-build-number) @ npm-adapter ---
[INFO] 
[INFO] --- jacoco-maven-plugin:0.8.7:prepare-agent (jacoco-initialize) @ npm-adapter ---
[INFO] argLine set to -javaagent:/home/gabsko/.m2/repository/org/jacoco/org.jacoco.agent/0.8.7/org.jacoco.agent-0.8.7-runtime.jar=destfile=/home/gabsko/breaking-updates/target/jacoco.exec,output=file
[INFO] 
[INFO] --- maven-resources-plugin:3.0.2:resources (default-resources) @ npm-adapter ---
[INFO] Using 'UTF-8' encoding to copy filtered resources.
[INFO] skip non existing resourceDirectory /home/gabsko/breaking-updates/src/main/resources
[INFO] 
[INFO] --- maven-compiler-plugin:3.8.0:compile (default-compile) @ npm-adapter ---
[INFO] Compiling 50 source files to /home/gabsko/breaking-updates/target/classes
[INFO] 
[INFO] --- maven-resources-plugin:3.0.2:testResources (default-testResources) @ npm-adapter ---
[INFO] Using 'UTF-8' encoding to copy filtered resources.
[INFO] Copying 20 resources
[INFO] 
[INFO] --- maven-compiler-plugin:3.8.0:testCompile (default-testCompile) @ npm-adapter ---
[INFO] Compiling 37 source files to /home/gabsko/breaking-updates/target/test-classes
[INFO] 
[INFO] --- maven-surefire-plugin:3.0.0-M3:test (default-test) @ npm-adapter ---
[INFO] 
[INFO] -------------------------------------------------------
[INFO]  T E S T S
[INFO] -------------------------------------------------------
[INFO] Running com.artipie.npm.MetaUpdateByJsonTest
[INFO] Tests run: 2, Failures: 0, Errors: 0, Skipped: 0, Time elapsed: 0.246 s - in com.artipie.npm.MetaUpdateByJsonTest
[INFO] Running com.artipie.npm.MetaTest
[INFO] Tests run: 6, Failures: 0, Errors: 0, Skipped: 0, Time elapsed: 0.054 s - in com.artipie.npm.MetaTest
[INFO] Running com.artipie.npm.misc.DescSortedVersionsTest
[INFO] Tests run: 1, Failures: 0, Errors: 0, Skipped: 0, Time elapsed: 0 s - in com.artipie.npm.misc.DescSortedVersionsTest
[INFO] Running com.artipie.npm.misc.NextSafeAvailablePortTest
[INFO] Tests run: 3, Failures: 0, Errors: 0, Skipped: 0, Time elapsed: 0.011 s - in com.artipie.npm.misc.NextSafeAvailablePortTest
[INFO] Running com.artipie.npm.TgzArchiveTest
[INFO] Tests run: 5, Failures: 0, Errors: 0, Skipped: 0, Time elapsed: 0.097 s - in com.artipie.npm.TgzArchiveTest
[INFO] Running com.artipie.npm.http.ReplacePathSliceTest
[INFO] Tests run: 2, Failures: 0, Errors: 0, Skipped: 0, Time elapsed: 0.57 s - in com.artipie.npm.http.ReplacePathSliceTest
[INFO] Running com.artipie.npm.proxy.NpmProxyTest
[INFO] Tests run: 8, Failures: 0, Errors: 0, Skipped: 0, Time elapsed: 0.467 s - in com.artipie.npm.proxy.NpmProxyTest
[INFO] Running com.artipie.npm.http.CurlPublishTest
[INFO] Tests run: 1, Failures: 0, Errors: 0, Skipped: 0, Time elapsed: 0.03 s - in com.artipie.npm.http.CurlPublishTest
[INFO] Running com.artipie.npm.http.UnpublishForceSliceTest
2023-01-06 20:07:29.496 INFO  FileStorage:245 [ForkJoinPool.commonPool-worker-115] - Found 2 objects by the prefix "" in /home/gabsko/breaking-updates/target/test-classes/storage by /home/gabsko/breaking-updates/target/test-classes/storage: [@hello/simple-npm-project/-/@hello/simple-npm-project-1.0.1.tgz, @hello/simple-npm-project/meta.json]
[INFO] Tests run: 2, Failures: 0, Errors: 0, Skipped: 0, Time elapsed: 0.066 s - in com.artipie.npm.http.UnpublishForceSliceTest
[INFO] Running com.artipie.npm.proxy.http.DownloadPackageSliceTest
2023-01-06 20:07:29.990 DEBUG PackagePath:206 [vert.x-eventloop-thread-3] - Determined path is: @hello/simple-npm-project
2023-01-06 20:07:30.324 DEBUG NpmProxy:206 [vert.x-eventloop-thread-7] - Could not load package: status code 500
[INFO] Tests run: 1, Failures: 0, Errors: 0, Skipped: 0, Time elapsed: 0.852 s - in com.artipie.npm.proxy.http.DownloadPackageSliceTest
[INFO] Running com.artipie.npm.http.UploadSliceTest
[INFO] Tests run: 2, Failures: 0, Errors: 0, Skipped: 0, Time elapsed: 0.023 s - in com.artipie.npm.http.UploadSliceTest
[INFO] Running com.artipie.npm.http.CliPublishTest
[INFO] Tests run: 1, Failures: 0, Errors: 0, Skipped: 0, Time elapsed: 0.005 s - in com.artipie.npm.http.CliPublishTest
[INFO] Running com.artipie.npm.RelativePathTest
[INFO] Tests run: 22, Failures: 0, Errors: 0, Skipped: 0, Time elapsed: 0.076 s - in com.artipie.npm.RelativePathTest
[INFO] Running com.artipie.npm.proxy.http.DownloadAssetSliceTest
2023-01-06 20:07:30.532 DEBUG AssetPath:206 [vert.x-eventloop-thread-3] - Determined path is: @hello/simple-npm-project/-/@hello/simple-npm-project-1.0.1.tgz
2023-01-06 20:07:30.581 DEBUG AssetPath:206 [vert.x-eventloop-thread-11] - Determined path is: @hello/simple-npm-project/-/@hello/simple-npm-project-1.0.1.tgz
[INFO] Tests run: 2, Failures: 0, Errors: 0, Skipped: 0, Time elapsed: 0.075 s - in com.artipie.npm.proxy.http.DownloadAssetSliceTest
[INFO] Running com.artipie.npm.proxy.http.PackagePathTest
2023-01-06 20:07:30.595 DEBUG PackagePath:206 [main] - Determined path is: @vue/vue-cli
2023-01-06 20:07:30.601 DEBUG PackagePath:206 [main] - Determined path is: @vue/vue-cli
[INFO] Tests run: 4, Failures: 0, Errors: 0, Skipped: 0, Time elapsed: 0.006 s - in com.artipie.npm.proxy.http.PackagePathTest
[INFO] Running com.artipie.npm.http.DeprecateSliceTest
[INFO] Tests run: 4, Failures: 0, Errors: 0, Skipped: 0, Time elapsed: 0.029 s - in com.artipie.npm.http.DeprecateSliceTest
[INFO] Running com.artipie.npm.MetaUpdateByTgzTest
[INFO] Tests run: 4, Failures: 0, Errors: 0, Skipped: 0, Time elapsed: 0.062 s - in com.artipie.npm.MetaUpdateByTgzTest
[INFO] Running com.artipie.npm.proxy.HttpNpmRemoteTest
2023-01-06 20:07:30.825 ERROR NpmProxy:305 [vert.x-eventloop-thread-15] - Error occurred when process get asset call: Connection refused: localhost/127.0.0.1:37517
2023-01-06 20:07:30.868 DEBUG NpmProxy:206 [vert.x-eventloop-thread-20] - Could not load package: status code 404
2023-01-06 20:07:30.882 ERROR NpmProxy:305 [vert.x-eventloop-thread-26] - Error occurred when process get package call: Connection refused: localhost/127.0.0.1:43311
2023-01-06 20:07:30.924 DEBUG NpmProxy:206 [vert.x-eventloop-thread-31] - Could not load asset: status code 404
[INFO] Tests run: 6, Failures: 0, Errors: 0, Skipped: 0, Time elapsed: 0.221 s - in com.artipie.npm.proxy.HttpNpmRemoteTest
[INFO] Running com.artipie.npm.http.DeleteDistTagsSliceTest
[INFO] Tests run: 3, Failures: 0, Errors: 0, Skipped: 0, Time elapsed: 0.016 s - in com.artipie.npm.http.DeleteDistTagsSliceTest
[INFO] Running com.artipie.npm.TarballsTest
[INFO] Tests run: 2, Failures: 0, Errors: 0, Skipped: 0, Time elapsed: 0.014 s - in com.artipie.npm.TarballsTest
[INFO] Running com.artipie.npm.http.AddDistTagsSliceTest
[INFO] Tests run: 3, Failures: 0, Errors: 0, Skipped: 0, Time elapsed: 0.006 s - in com.artipie.npm.http.AddDistTagsSliceTest
[INFO] Running com.artipie.npm.proxy.RxNpmProxyStorageTest
[INFO] Tests run: 6, Failures: 0, Errors: 0, Skipped: 0, Time elapsed: 0.029 s - in com.artipie.npm.proxy.RxNpmProxyStorageTest
[INFO] Running com.artipie.npm.proxy.http.AssetPathTest
2023-01-06 20:07:31.009 DEBUG AssetPath:206 [main] - Determined path is: @vue/vue-cli/-/vue-cli-1.0.0.tgz
2023-01-06 20:07:31.011 DEBUG AssetPath:206 [main] - Determined path is: @vue/vue-cli/-/vue-cli-1.0.0.tgz
[INFO] Tests run: 4, Failures: 0, Errors: 0, Skipped: 0, Time elapsed: 0.001 s - in com.artipie.npm.proxy.http.AssetPathTest
[INFO] Running com.artipie.npm.proxy.json.CachedContentTest
[INFO] Tests run: 1, Failures: 0, Errors: 0, Skipped: 0, Time elapsed: 0 s - in com.artipie.npm.proxy.json.CachedContentTest
[INFO] Running com.artipie.npm.http.UnpublishPutSliceTest
[INFO] Tests run: 6, Failures: 0, Errors: 0, Skipped: 0, Time elapsed: 0.043 s - in com.artipie.npm.http.UnpublishPutSliceTest
[INFO] Running com.artipie.npm.proxy.json.ClientContentTest
[INFO] Tests run: 1, Failures: 0, Errors: 0, Skipped: 0, Time elapsed: 0.001 s - in com.artipie.npm.proxy.json.ClientContentTest
[INFO] Running com.artipie.npm.http.GetDistTagsSliceTest
[INFO] Tests run: 2, Failures: 0, Errors: 0, Skipped: 0, Time elapsed: 0.011 s - in com.artipie.npm.http.GetDistTagsSliceTest
[INFO] Running com.artipie.npm.http.DownloadPackageSliceTest
[INFO] Tests run: 1, Failures: 0, Errors: 0, Skipped: 0, Time elapsed: 0.026 s - in com.artipie.npm.http.DownloadPackageSliceTest
[INFO] 
[INFO] Results:
[INFO] 
[INFO] Tests run: 105, Failures: 0, Errors: 0, Skipped: 0
[INFO] 
[INFO] 
[INFO] --- jacoco-maven-plugin:0.8.7:check (jacoco-check) @ npm-adapter ---
[INFO] Loading execution data file /home/gabsko/breaking-updates/target/jacoco.exec
[INFO] Analyzed bundle 'npm-adapter' with 44 classes
[INFO] All coverage checks have been met.
[INFO] ------------------------------------------------------------------------
[INFO] BUILD SUCCESS
[INFO] ------------------------------------------------------------------------
[INFO] Total time:  7.847 s
[INFO] Finished at: 2023-01-06T20:07:31Z
[INFO] ------------------------------------------------------------------------
