[INFO] Scanning for projects...
[INFO] 
[INFO] ------------------------< com.jcabi:jcabi-xml >-------------------------
[INFO] Building jcabi-xml 1.0-SNAPSHOT
[INFO] --------------------------------[ jar ]---------------------------------
[WARNING] The POM for org.glassfish.jaxb:jaxb-runtime:jar:2.2.11 is invalid, transitive dependencies (if any) will not be available, enable debug logging for more details
[INFO] 
[INFO] --- maven-clean-plugin:3.1.0:clean (default-clean) @ jcabi-xml ---
[INFO] Deleting /home/gabsko/breaking-updates/target
[INFO] 
[INFO] --- maven-enforcer-plugin:3.0.0-M3:enforce (enforce-maven) @ jcabi-xml ---
[INFO] 
[INFO] --- buildnumber-maven-plugin:1.4:create (jcabi-build-number) @ jcabi-xml ---
[INFO] ShortRevision tag detected. The value is '7'.
[INFO] Executing: /bin/sh -c cd '/home/gabsko/breaking-updates' && 'git' 'rev-parse' '--verify' '--short=7' 'HEAD'
[INFO] Working directory: /home/gabsko/breaking-updates
[INFO] Storing buildNumber: 041ca3f at timestamp: 2023-01-07T01:36:10
[INFO] Storing buildScmBranch: branch-jcabi/jcabi-xml-041ca3f608b7241c07606e3a70e59233e0e01020
[INFO] 
[INFO] --- buildnumber-maven-plugin:1.4:create-timestamp (jcabi-build-number) @ jcabi-xml ---
[INFO] 
[INFO] --- maven-resources-plugin:3.2.0:resources (default-resources) @ jcabi-xml ---
[INFO] Using 'UTF-8' encoding to copy filtered resources.
[INFO] Using 'UTF-8' encoding to copy filtered properties files.
[INFO] Copying 1 resource
[INFO] 
[INFO] --- maven-compiler-plugin:3.8.1:compile (default-compile) @ jcabi-xml ---
[INFO] Changes detected - recompiling the module!
[INFO] Compiling 19 source files to /home/gabsko/breaking-updates/target/classes
[INFO] 
[INFO] --- maven-resources-plugin:3.2.0:testResources (default-testResources) @ jcabi-xml ---
[INFO] Using 'UTF-8' encoding to copy filtered resources.
[INFO] Using 'UTF-8' encoding to copy filtered properties files.
[INFO] Copying 8 resources
[INFO] The encoding used to copy filtered properties files have not been set. This means that the same encoding will be used to copy filtered properties files as when copying other filtered resources. This might not be what you want! Run your build with --debug to see which files might be affected. Read more at https://maven.apache.org/plugins/maven-resources-plugin/examples/filtering-properties-files.html
[INFO] 
[INFO] --- maven-compiler-plugin:3.8.1:testCompile (default-testCompile) @ jcabi-xml ---
[INFO] Changes detected - recompiling the module!
[INFO] Compiling 11 source files to /home/gabsko/breaking-updates/target/test-classes
[INFO] 
[INFO] --- maven-surefire-plugin:3.0.0-M5:test (default-test) @ jcabi-xml ---
[INFO] 
[INFO] -------------------------------------------------------
[INFO]  T E S T S
[INFO] -------------------------------------------------------
[INFO] Running com.jcabi.xml.StrictXMLTest
[[2;37mDEBUG[m] main com.jcabi.xml.XSDDocument: com.sun.org.apache.xerces.internal.jaxp.validation.SimpleXMLSchema detected 0 error(s)
[[0;33mWARN[m] main com.jcabi.xml.StrictXML: 6 XML validation error(s):
  -1:-1: schema_reference.4: Failed to read schema document 'sample-non-existing.xsd', because 1) could not find the document; 2) the document could not be read; 3) the root element of the document is not <xsd:schema>.
  -1:-1: cvc-elt.1.a: Cannot find the declaration of element 'payment'.
  -1:-1: schema_reference.4: Failed to read schema document 'sample-non-existing.xsd', because 1) could not find the document; 2) the document could not be read; 3) the root element of the document is not <xsd:schema>.
  -1:-1: schema_reference.4: Failed to read schema document 'sample-non-existing.xsd', because 1) could not find the document; 2) the document could not be read; 3) the root element of the document is not <xsd:schema>.
  -1:-1: schema_reference.4: Failed to read schema document 'sample-non-existing.xsd', because 1) could not find the document; 2) the document could not be read; 3) the root element of the document is not <xsd:schema>.
  -1:-1: schema_reference.4: Failed to read schema document 'sample-non-existing.xsd', because 1) could not find the document; 2) the document could not be read; 3) the root element of the document is not <xsd:schema>.
<?xml version="1.0" encoding="UTF-8"?>
<payment xmlns="http://jcabi.com/schema/xml"
         xmlns:xsi="http://www.w3.org/2001/XMLSchema-instance"
         xsi:schemaLocation="http://jcabi.com/schema/xml sample-non-existing.xsd">
   <id>333</id>
   <date>1-Jan-2013</date>
   <debit>test-1</debit>
   <credit>test-2</credit>
</payment>

[[2;37mDEBUG[m] pool-2-thread-2 com.jcabi.xml.XSDDocument: com.sun.org.apache.xerces.internal.jaxp.validation.SimpleXMLSchema detected 2 error(s)
[[0;33mWARN[m] pool-2-thread-2 com.jcabi.xml.StrictXML: 2 XML validation error(s):
  -1:-1: cvc-maxInclusive-valid: Value '101' is not facet-valid with respect to maxInclusive '100' for type '#AnonType_xr'.
  -1:-1: cvc-type.3.1.3: The value '101' of element 'x' is not valid.
<?xml version="1.0" encoding="UTF-8"?>
<r> 
   <x>16</x> 
   <x>45</x> 
   <x>12</x> 
   <x>24</x> 
   <x>43</x> 
   <x>25</x> 
   <x>77</x> 
   <x>60</x> 
   <x>27</x> 
   <x>64</x> 
   <x>101</x>
</r>

[[2;37mDEBUG[m] pool-2-thread-4 com.jcabi.xml.XSDDocument: com.sun.org.apache.xerces.internal.jaxp.validation.SimpleXMLSchema detected 2 error(s)
[[0;33mWARN[m] pool-2-thread-4 com.jcabi.xml.StrictXML: 2 XML validation error(s):
  -1:-1: cvc-maxInclusive-valid: Value '101' is not facet-valid with respect to maxInclusive '100' for type '#AnonType_xr'.
  -1:-1: cvc-type.3.1.3: The value '101' of element 'x' is not valid.
<?xml version="1.0" encoding="UTF-8"?>
<r> 
   <x>16</x> 
   <x>45</x> 
   <x>12</x> 
   <x>24</x> 
   <x>43</x> 
   <x>25</x> 
   <x>77</x> 
   <x>60</x> 
   <x>27</x> 
   <x>64</x> 
   <x>101</x>
</r>

[[2;37mDEBUG[m] pool-2-thread-5 com.jcabi.xml.XSDDocument: com.sun.org.apache.xerces.internal.jaxp.validation.SimpleXMLSchema detected 2 error(s)
[[0;33mWARN[m] pool-2-thread-5 com.jcabi.xml.StrictXML: 2 XML validation error(s):
  -1:-1: cvc-maxInclusive-valid: Value '101' is not facet-valid with respect to maxInclusive '100' for type '#AnonType_xr'.
  -1:-1: cvc-type.3.1.3: The value '101' of element 'x' is not valid.
<?xml version="1.0" encoding="UTF-8"?>
<r> 
   <x>16</x> 
   <x>45</x> 
   <x>12</x> 
   <x>24</x> 
   <x>43</x> 
   <x>25</x> 
   <x>77</x> 
   <x>60</x> 
   <x>27</x> 
   <x>64</x> 
   <x>101</x>
</r>

[[2;37mDEBUG[m] pool-2-thread-1 com.jcabi.xml.XSDDocument: com.sun.org.apache.xerces.internal.jaxp.validation.SimpleXMLSchema detected 2 error(s)
[[0;33mWARN[m] pool-2-thread-1 com.jcabi.xml.StrictXML: 2 XML validation error(s):
  -1:-1: cvc-maxInclusive-valid: Value '101' is not facet-valid with respect to maxInclusive '100' for type '#AnonType_xr'.
  -1:-1: cvc-type.3.1.3: The value '101' of element 'x' is not valid.
<?xml version="1.0" encoding="UTF-8"?>
<r> 
   <x>16</x> 
   <x>45</x> 
   <x>12</x> 
   <x>24</x> 
   <x>43</x> 
   <x>25</x> 
   <x>77</x> 
   <x>60</x> 
   <x>27</x> 
   <x>64</x> 
   <x>101</x>
</r>

[[2;37mDEBUG[m] pool-2-thread-2 com.jcabi.xml.XSDDocument: com.sun.org.apache.xerces.internal.jaxp.validation.SimpleXMLSchema detected 2 error(s)
[[0;33mWARN[m] pool-2-thread-2 com.jcabi.xml.StrictXML: 2 XML validation error(s):
  -1:-1: cvc-maxInclusive-valid: Value '101' is not facet-valid with respect to maxInclusive '100' for type '#AnonType_xr'.
  -1:-1: cvc-type.3.1.3: The value '101' of element 'x' is not valid.
<?xml version="1.0" encoding="UTF-8"?>
<r> 
   <x>16</x> 
   <x>45</x> 
   <x>12</x> 
   <x>24</x> 
   <x>43</x> 
   <x>25</x> 
   <x>77</x> 
   <x>60</x> 
   <x>27</x> 
   <x>64</x> 
   <x>101</x>
</r>

[[2;37mDEBUG[m] pool-2-thread-3 com.jcabi.xml.XSDDocument: com.sun.org.apache.xerces.internal.jaxp.validation.SimpleXMLSchema detected 2 error(s)
[[0;33mWARN[m] pool-2-thread-3 com.jcabi.xml.StrictXML: 2 XML validation error(s):
  -1:-1: cvc-maxInclusive-valid: Value '101' is not facet-valid with respect to maxInclusive '100' for type '#AnonType_xr'.
  -1:-1: cvc-type.3.1.3: The value '101' of element 'x' is not valid.
<?xml version="1.0" encoding="UTF-8"?>
<r> 
   <x>16</x> 
   <x>45</x> 
   <x>12</x> 
   <x>24</x> 
   <x>43</x> 
   <x>25</x> 
   <x>77</x> 
   <x>60</x> 
   <x>27</x> 
   <x>64</x> 
   <x>101</x>
</r>

[[2;37mDEBUG[m] pool-2-thread-4 com.jcabi.xml.XSDDocument: com.sun.org.apache.xerces.internal.jaxp.validation.SimpleXMLSchema detected 2 error(s)
[[0;33mWARN[m] pool-2-thread-4 com.jcabi.xml.StrictXML: 2 XML validation error(s):
  -1:-1: cvc-maxInclusive-valid: Value '101' is not facet-valid with respect to maxInclusive '100' for type '#AnonType_xr'.
  -1:-1: cvc-type.3.1.3: The value '101' of element 'x' is not valid.
<?xml version="1.0" encoding="UTF-8"?>
<r> 
   <x>16</x> 
   <x>45</x> 
   <x>12</x> 
   <x>24</x> 
   <x>43</x> 
   <x>25</x> 
   <x>77</x> 
   <x>60</x> 
   <x>27</x> 
   <x>64</x> 
   <x>101</x>
</r>

[[2;37mDEBUG[m] pool-2-thread-5 com.jcabi.xml.XSDDocument: com.sun.org.apache.xerces.internal.jaxp.validation.SimpleXMLSchema detected 2 error(s)
[[0;33mWARN[m] pool-2-thread-5 com.jcabi.xml.StrictXML: 2 XML validation error(s):
  -1:-1: cvc-maxInclusive-valid: Value '101' is not facet-valid with respect to maxInclusive '100' for type '#AnonType_xr'.
  -1:-1: cvc-type.3.1.3: The value '101' of element 'x' is not valid.
<?xml version="1.0" encoding="UTF-8"?>
<r> 
   <x>16</x> 
   <x>45</x> 
   <x>12</x> 
   <x>24</x> 
   <x>43</x> 
   <x>25</x> 
   <x>77</x> 
   <x>60</x> 
   <x>27</x> 
   <x>64</x> 
   <x>101</x>
</r>

[[2;37mDEBUG[m] pool-2-thread-1 com.jcabi.xml.XSDDocument: com.sun.org.apache.xerces.internal.jaxp.validation.SimpleXMLSchema detected 2 error(s)
[[0;33mWARN[m] pool-2-thread-1 com.jcabi.xml.StrictXML: 2 XML validation error(s):
  -1:-1: cvc-maxInclusive-valid: Value '101' is not facet-valid with respect to maxInclusive '100' for type '#AnonType_xr'.
  -1:-1: cvc-type.3.1.3: The value '101' of element 'x' is not valid.
<?xml version="1.0" encoding="UTF-8"?>
<r> 
   <x>16</x> 
   <x>45</x> 
   <x>12</x> 
   <x>24</x> 
   <x>43</x> 
   <x>25</x> 
   <x>77</x> 
   <x>60</x> 
   <x>27</x> 
   <x>64</x> 
   <x>101</x>
</r>

[[2;37mDEBUG[m] pool-2-thread-4 com.jcabi.xml.XSDDocument: com.sun.org.apache.xerces.internal.jaxp.validation.SimpleXMLSchema detected 2 error(s)
[[0;33mWARN[m] pool-2-thread-4 com.jcabi.xml.StrictXML: 2 XML validation error(s):
  -1:-1: cvc-maxInclusive-valid: Value '101' is not facet-valid with respect to maxInclusive '100' for type '#AnonType_xr'.
  -1:-1: cvc-type.3.1.3: The value '101' of element 'x' is not valid.
<?xml version="1.0" encoding="UTF-8"?>
<r> 
   <x>16</x> 
   <x>45</x> 
   <x>12</x> 
   <x>24</x> 
   <x>43</x> 
   <x>25</x> 
   <x>77</x> 
   <x>60</x> 
   <x>27</x> 
   <x>64</x> 
   <x>101</x>
</r>

[[2;37mDEBUG[m] pool-2-thread-5 com.jcabi.xml.XSDDocument: com.sun.org.apache.xerces.internal.jaxp.validation.SimpleXMLSchema detected 2 error(s)
[[0;33mWARN[m] pool-2-thread-5 com.jcabi.xml.StrictXML: 2 XML validation error(s):
  -1:-1: cvc-maxInclusive-valid: Value '101' is not facet-valid with respect to maxInclusive '100' for type '#AnonType_xr'.
  -1:-1: cvc-type.3.1.3: The value '101' of element 'x' is not valid.
<?xml version="1.0" encoding="UTF-8"?>
<r> 
   <x>16</x> 
   <x>45</x> 
   <x>12</x> 
   <x>24</x> 
   <x>43</x> 
   <x>25</x> 
   <x>77</x> 
   <x>60</x> 
   <x>27</x> 
   <x>64</x> 
   <x>101</x>
</r>

[[2;37mDEBUG[m] pool-2-thread-1 com.jcabi.xml.XSDDocument: com.sun.org.apache.xerces.internal.jaxp.validation.SimpleXMLSchema detected 2 error(s)
[[0;33mWARN[m] pool-2-thread-1 com.jcabi.xml.StrictXML: 2 XML validation error(s):
  -1:-1: cvc-maxInclusive-valid: Value '101' is not facet-valid with respect to maxInclusive '100' for type '#AnonType_xr'.
  -1:-1: cvc-type.3.1.3: The value '101' of element 'x' is not valid.
<?xml version="1.0" encoding="UTF-8"?>
<r> 
   <x>16</x> 
   <x>45</x> 
   <x>12</x> 
   <x>24</x> 
   <x>43</x> 
   <x>25</x> 
   <x>77</x> 
   <x>60</x> 
   <x>27</x> 
   <x>64</x> 
   <x>101</x>
</r>

[[2;37mDEBUG[m] pool-2-thread-2 com.jcabi.xml.XSDDocument: com.sun.org.apache.xerces.internal.jaxp.validation.SimpleXMLSchema detected 2 error(s)
[[0;33mWARN[m] pool-2-thread-2 com.jcabi.xml.StrictXML: 2 XML validation error(s):
  -1:-1: cvc-maxInclusive-valid: Value '101' is not facet-valid with respect to maxInclusive '100' for type '#AnonType_xr'.
  -1:-1: cvc-type.3.1.3: The value '101' of element 'x' is not valid.
<?xml version="1.0" encoding="UTF-8"?>
<r> 
   <x>16</x> 
   <x>45</x> 
   <x>12</x> 
   <x>24</x> 
   <x>43</x> 
   <x>25</x> 
   <x>77</x> 
   <x>60</x> 
   <x>27</x> 
   <x>64</x> 
   <x>101</x>
</r>

[[2;37mDEBUG[m] pool-2-thread-3 com.jcabi.xml.XSDDocument: com.sun.org.apache.xerces.internal.jaxp.validation.SimpleXMLSchema detected 2 error(s)
[[0;33mWARN[m] pool-2-thread-3 com.jcabi.xml.StrictXML: 2 XML validation error(s):
  -1:-1: cvc-maxInclusive-valid: Value '101' is not facet-valid with respect to maxInclusive '100' for type '#AnonType_xr'.
  -1:-1: cvc-type.3.1.3: The value '101' of element 'x' is not valid.
<?xml version="1.0" encoding="UTF-8"?>
<r> 
   <x>16</x> 
   <x>45</x> 
   <x>12</x> 
   <x>24</x> 
   <x>43</x> 
   <x>25</x> 
   <x>77</x> 
   <x>60</x> 
   <x>27</x> 
   <x>64</x> 
   <x>101</x>
</r>

[[2;37mDEBUG[m] pool-2-thread-4 com.jcabi.xml.XSDDocument: com.sun.org.apache.xerces.internal.jaxp.validation.SimpleXMLSchema detected 2 error(s)
[[0;33mWARN[m] pool-2-thread-4 com.jcabi.xml.StrictXML: 2 XML validation error(s):
  -1:-1: cvc-maxInclusive-valid: Value '101' is not facet-valid with respect to maxInclusive '100' for type '#AnonType_xr'.
  -1:-1: cvc-type.3.1.3: The value '101' of element 'x' is not valid.
<?xml version="1.0" encoding="UTF-8"?>
<r> 
   <x>16</x> 
   <x>45</x> 
   <x>12</x> 
   <x>24</x> 
   <x>43</x> 
   <x>25</x> 
   <x>77</x> 
   <x>60</x> 
   <x>27</x> 
   <x>64</x> 
   <x>101</x>
</r>

[[2;37mDEBUG[m] pool-2-thread-5 com.jcabi.xml.XSDDocument: com.sun.org.apache.xerces.internal.jaxp.validation.SimpleXMLSchema detected 2 error(s)
[[0;33mWARN[m] pool-2-thread-5 com.jcabi.xml.StrictXML: 2 XML validation error(s):
  -1:-1: cvc-maxInclusive-valid: Value '101' is not facet-valid with respect to maxInclusive '100' for type '#AnonType_xr'.
  -1:-1: cvc-type.3.1.3: The value '101' of element 'x' is not valid.
<?xml version="1.0" encoding="UTF-8"?>
<r> 
   <x>16</x> 
   <x>45</x> 
   <x>12</x> 
   <x>24</x> 
   <x>43</x> 
   <x>25</x> 
   <x>77</x> 
   <x>60</x> 
   <x>27</x> 
   <x>64</x> 
   <x>101</x>
</r>

[[2;37mDEBUG[m] pool-2-thread-2 com.jcabi.xml.XSDDocument: com.sun.org.apache.xerces.internal.jaxp.validation.SimpleXMLSchema detected 2 error(s)
[[0;33mWARN[m] pool-2-thread-2 com.jcabi.xml.StrictXML: 2 XML validation error(s):
  -1:-1: cvc-maxInclusive-valid: Value '101' is not facet-valid with respect to maxInclusive '100' for type '#AnonType_xr'.
  -1:-1: cvc-type.3.1.3: The value '101' of element 'x' is not valid.
<?xml version="1.0" encoding="UTF-8"?>
<r> 
   <x>16</x> 
   <x>45</x> 
   <x>12</x> 
   <x>24</x> 
   <x>43</x> 
   <x>25</x> 
   <x>77</x> 
   <x>60</x> 
   <x>27</x> 
   <x>64</x> 
   <x>101</x>
</r>

[[2;37mDEBUG[m] pool-2-thread-4 com.jcabi.xml.XSDDocument: com.sun.org.apache.xerces.internal.jaxp.validation.SimpleXMLSchema detected 2 error(s)
[[0;33mWARN[m] pool-2-thread-4 com.jcabi.xml.StrictXML: 2 XML validation error(s):
  -1:-1: cvc-maxInclusive-valid: Value '101' is not facet-valid with respect to maxInclusive '100' for type '#AnonType_xr'.
  -1:-1: cvc-type.3.1.3: The value '101' of element 'x' is not valid.
<?xml version="1.0" encoding="UTF-8"?>
<r> 
   <x>16</x> 
   <x>45</x> 
   <x>12</x> 
   <x>24</x> 
   <x>43</x> 
   <x>25</x> 
   <x>77</x> 
   <x>60</x> 
   <x>27</x> 
   <x>64</x> 
   <x>101</x>
</r>

[[2;37mDEBUG[m] pool-2-thread-5 com.jcabi.xml.XSDDocument: com.sun.org.apache.xerces.internal.jaxp.validation.SimpleXMLSchema detected 2 error(s)
[[0;33mWARN[m] pool-2-thread-5 com.jcabi.xml.StrictXML: 2 XML validation error(s):
  -1:-1: cvc-maxInclusive-valid: Value '101' is not facet-valid with respect to maxInclusive '100' for type '#AnonType_xr'.
  -1:-1: cvc-type.3.1.3: The value '101' of element 'x' is not valid.
<?xml version="1.0" encoding="UTF-8"?>
<r> 
   <x>16</x> 
   <x>45</x> 
   <x>12</x> 
   <x>24</x> 
   <x>43</x> 
   <x>25</x> 
   <x>77</x> 
   <x>60</x> 
   <x>27</x> 
   <x>64</x> 
   <x>101</x>
</r>

[[2;37mDEBUG[m] pool-2-thread-1 com.jcabi.xml.XSDDocument: com.sun.org.apache.xerces.internal.jaxp.validation.SimpleXMLSchema detected 2 error(s)
[[0;33mWARN[m] pool-2-thread-1 com.jcabi.xml.StrictXML: 2 XML validation error(s):
  -1:-1: cvc-maxInclusive-valid: Value '101' is not facet-valid with respect to maxInclusive '100' for type '#AnonType_xr'.
  -1:-1: cvc-type.3.1.3: The value '101' of element 'x' is not valid.
<?xml version="1.0" encoding="UTF-8"?>
<r> 
   <x>16</x> 
   <x>45</x> 
   <x>12</x> 
   <x>24</x> 
   <x>43</x> 
   <x>25</x> 
   <x>77</x> 
   <x>60</x> 
   <x>27</x> 
   <x>64</x> 
   <x>101</x>
</r>

[[2;37mDEBUG[m] pool-2-thread-2 com.jcabi.xml.XSDDocument: com.sun.org.apache.xerces.internal.jaxp.validation.SimpleXMLSchema detected 2 error(s)
[[0;33mWARN[m] pool-2-thread-2 com.jcabi.xml.StrictXML: 2 XML validation error(s):
  -1:-1: cvc-maxInclusive-valid: Value '101' is not facet-valid with respect to maxInclusive '100' for type '#AnonType_xr'.
  -1:-1: cvc-type.3.1.3: The value '101' of element 'x' is not valid.
<?xml version="1.0" encoding="UTF-8"?>
<r> 
   <x>16</x> 
   <x>45</x> 
   <x>12</x> 
   <x>24</x> 
   <x>43</x> 
   <x>25</x> 
   <x>77</x> 
   <x>60</x> 
   <x>27</x> 
   <x>64</x> 
   <x>101</x>
</r>

[[2;37mDEBUG[m] pool-2-thread-3 com.jcabi.xml.XSDDocument: com.sun.org.apache.xerces.internal.jaxp.validation.SimpleXMLSchema detected 2 error(s)
[[0;33mWARN[m] pool-2-thread-3 com.jcabi.xml.StrictXML: 2 XML validation error(s):
  -1:-1: cvc-maxInclusive-valid: Value '101' is not facet-valid with respect to maxInclusive '100' for type '#AnonType_xr'.
  -1:-1: cvc-type.3.1.3: The value '101' of element 'x' is not valid.
<?xml version="1.0" encoding="UTF-8"?>
<r> 
   <x>16</x> 
   <x>45</x> 
   <x>12</x> 
   <x>24</x> 
   <x>43</x> 
   <x>25</x> 
   <x>77</x> 
   <x>60</x> 
   <x>27</x> 
   <x>64</x> 
   <x>101</x>
</r>

[[2;37mDEBUG[m] pool-2-thread-4 com.jcabi.xml.XSDDocument: com.sun.org.apache.xerces.internal.jaxp.validation.SimpleXMLSchema detected 2 error(s)
[[0;33mWARN[m] pool-2-thread-4 com.jcabi.xml.StrictXML: 2 XML validation error(s):
  -1:-1: cvc-maxInclusive-valid: Value '101' is not facet-valid with respect to maxInclusive '100' for type '#AnonType_xr'.
  -1:-1: cvc-type.3.1.3: The value '101' of element 'x' is not valid.
<?xml version="1.0" encoding="UTF-8"?>
<r> 
   <x>16</x> 
   <x>45</x> 
   <x>12</x> 
   <x>24</x> 
   <x>43</x> 
   <x>25</x> 
   <x>77</x> 
   <x>60</x> 
   <x>27</x> 
   <x>64</x> 
   <x>101</x>
</r>

[[2;37mDEBUG[m] pool-2-thread-5 com.jcabi.xml.XSDDocument: com.sun.org.apache.xerces.internal.jaxp.validation.SimpleXMLSchema detected 2 error(s)
[[0;33mWARN[m] pool-2-thread-5 com.jcabi.xml.StrictXML: 2 XML validation error(s):
  -1:-1: cvc-maxInclusive-valid: Value '101' is not facet-valid with respect to maxInclusive '100' for type '#AnonType_xr'.
  -1:-1: cvc-type.3.1.3: The value '101' of element 'x' is not valid.
<?xml version="1.0" encoding="UTF-8"?>
<r> 
   <x>16</x> 
   <x>45</x> 
   <x>12</x> 
   <x>24</x> 
   <x>43</x> 
   <x>25</x> 
   <x>77</x> 
   <x>60</x> 
   <x>27</x> 
   <x>64</x> 
   <x>101</x>
</r>

[[2;37mDEBUG[m] pool-2-thread-2 com.jcabi.xml.XSDDocument: com.sun.org.apache.xerces.internal.jaxp.validation.SimpleXMLSchema detected 2 error(s)
[[0;33mWARN[m] pool-2-thread-2 com.jcabi.xml.StrictXML: 2 XML validation error(s):
  -1:-1: cvc-maxInclusive-valid: Value '101' is not facet-valid with respect to maxInclusive '100' for type '#AnonType_xr'.
  -1:-1: cvc-type.3.1.3: The value '101' of element 'x' is not valid.
<?xml version="1.0" encoding="UTF-8"?>
<r> 
   <x>16</x> 
   <x>45</x> 
   <x>12</x> 
   <x>24</x> 
   <x>43</x> 
   <x>25</x> 
   <x>77</x> 
   <x>60</x> 
   <x>27</x> 
   <x>64</x> 
   <x>101</x>
</r>

[[2;37mDEBUG[m] pool-2-thread-4 com.jcabi.xml.XSDDocument: com.sun.org.apache.xerces.internal.jaxp.validation.SimpleXMLSchema detected 2 error(s)
[[0;33mWARN[m] pool-2-thread-4 com.jcabi.xml.StrictXML: 2 XML validation error(s):
  -1:-1: cvc-maxInclusive-valid: Value '101' is not facet-valid with respect to maxInclusive '100' for type '#AnonType_xr'.
  -1:-1: cvc-type.3.1.3: The value '101' of element 'x' is not valid.
<?xml version="1.0" encoding="UTF-8"?>
<r> 
   <x>16</x> 
   <x>45</x> 
   <x>12</x> 
   <x>24</x> 
   <x>43</x> 
   <x>25</x> 
   <x>77</x> 
   <x>60</x> 
   <x>27</x> 
   <x>64</x> 
   <x>101</x>
</r>

[[2;37mDEBUG[m] pool-2-thread-5 com.jcabi.xml.XSDDocument: com.sun.org.apache.xerces.internal.jaxp.validation.SimpleXMLSchema detected 2 error(s)
[[0;33mWARN[m] pool-2-thread-5 com.jcabi.xml.StrictXML: 2 XML validation error(s):
  -1:-1: cvc-maxInclusive-valid: Value '101' is not facet-valid with respect to maxInclusive '100' for type '#AnonType_xr'.
  -1:-1: cvc-type.3.1.3: The value '101' of element 'x' is not valid.
<?xml version="1.0" encoding="UTF-8"?>
<r> 
   <x>16</x> 
   <x>45</x> 
   <x>12</x> 
   <x>24</x> 
   <x>43</x> 
   <x>25</x> 
   <x>77</x> 
   <x>60</x> 
   <x>27</x> 
   <x>64</x> 
   <x>101</x>
</r>

[[2;37mDEBUG[m] pool-2-thread-1 com.jcabi.xml.XSDDocument: com.sun.org.apache.xerces.internal.jaxp.validation.SimpleXMLSchema detected 2 error(s)
[[0;33mWARN[m] pool-2-thread-1 com.jcabi.xml.StrictXML: 2 XML validation error(s):
  -1:-1: cvc-maxInclusive-valid: Value '101' is not facet-valid with respect to maxInclusive '100' for type '#AnonType_xr'.
  -1:-1: cvc-type.3.1.3: The value '101' of element 'x' is not valid.
<?xml version="1.0" encoding="UTF-8"?>
<r> 
   <x>16</x> 
   <x>45</x> 
   <x>12</x> 
   <x>24</x> 
   <x>43</x> 
   <x>25</x> 
   <x>77</x> 
   <x>60</x> 
   <x>27</x> 
   <x>64</x> 
   <x>101</x>
</r>

[[2;37mDEBUG[m] pool-2-thread-2 com.jcabi.xml.XSDDocument: com.sun.org.apache.xerces.internal.jaxp.validation.SimpleXMLSchema detected 2 error(s)
[[0;33mWARN[m] pool-2-thread-2 com.jcabi.xml.StrictXML: 2 XML validation error(s):
  -1:-1: cvc-maxInclusive-valid: Value '101' is not facet-valid with respect to maxInclusive '100' for type '#AnonType_xr'.
  -1:-1: cvc-type.3.1.3: The value '101' of element 'x' is not valid.
<?xml version="1.0" encoding="UTF-8"?>
<r> 
   <x>16</x> 
   <x>45</x> 
   <x>12</x> 
   <x>24</x> 
   <x>43</x> 
   <x>25</x> 
   <x>77</x> 
   <x>60</x> 
   <x>27</x> 
   <x>64</x> 
   <x>101</x>
</r>

[[2;37mDEBUG[m] pool-2-thread-3 com.jcabi.xml.XSDDocument: com.sun.org.apache.xerces.internal.jaxp.validation.SimpleXMLSchema detected 2 error(s)
[[0;33mWARN[m] pool-2-thread-3 com.jcabi.xml.StrictXML: 2 XML validation error(s):
  -1:-1: cvc-maxInclusive-valid: Value '101' is not facet-valid with respect to maxInclusive '100' for type '#AnonType_xr'.
  -1:-1: cvc-type.3.1.3: The value '101' of element 'x' is not valid.
<?xml version="1.0" encoding="UTF-8"?>
<r> 
   <x>16</x> 
   <x>45</x> 
   <x>12</x> 
   <x>24</x> 
   <x>43</x> 
   <x>25</x> 
   <x>77</x> 
   <x>60</x> 
   <x>27</x> 
   <x>64</x> 
   <x>101</x>
</r>

[[2;37mDEBUG[m] pool-2-thread-4 com.jcabi.xml.XSDDocument: com.sun.org.apache.xerces.internal.jaxp.validation.SimpleXMLSchema detected 2 error(s)
[[0;33mWARN[m] pool-2-thread-4 com.jcabi.xml.StrictXML: 2 XML validation error(s):
  -1:-1: cvc-maxInclusive-valid: Value '101' is not facet-valid with respect to maxInclusive '100' for type '#AnonType_xr'.
  -1:-1: cvc-type.3.1.3: The value '101' of element 'x' is not valid.
<?xml version="1.0" encoding="UTF-8"?>
<r> 
   <x>16</x> 
   <x>45</x> 
   <x>12</x> 
   <x>24</x> 
   <x>43</x> 
   <x>25</x> 
   <x>77</x> 
   <x>60</x> 
   <x>27</x> 
   <x>64</x> 
   <x>101</x>
</r>

[[2;37mDEBUG[m] pool-2-thread-5 com.jcabi.xml.XSDDocument: com.sun.org.apache.xerces.internal.jaxp.validation.SimpleXMLSchema detected 2 error(s)
[[0;33mWARN[m] pool-2-thread-5 com.jcabi.xml.StrictXML: 2 XML validation error(s):
  -1:-1: cvc-maxInclusive-valid: Value '101' is not facet-valid with respect to maxInclusive '100' for type '#AnonType_xr'.
  -1:-1: cvc-type.3.1.3: The value '101' of element 'x' is not valid.
<?xml version="1.0" encoding="UTF-8"?>
<r> 
   <x>16</x> 
   <x>45</x> 
   <x>12</x> 
   <x>24</x> 
   <x>43</x> 
   <x>25</x> 
   <x>77</x> 
   <x>60</x> 
   <x>27</x> 
   <x>64</x> 
   <x>101</x>
</r>

[[2;37mDEBUG[m] pool-2-thread-2 com.jcabi.xml.XSDDocument: com.sun.org.apache.xerces.internal.jaxp.validation.SimpleXMLSchema detected 2 error(s)
[[0;33mWARN[m] pool-2-thread-2 com.jcabi.xml.StrictXML: 2 XML validation error(s):
  -1:-1: cvc-maxInclusive-valid: Value '101' is not facet-valid with respect to maxInclusive '100' for type '#AnonType_xr'.
  -1:-1: cvc-type.3.1.3: The value '101' of element 'x' is not valid.
<?xml version="1.0" encoding="UTF-8"?>
<r> 
   <x>16</x> 
   <x>45</x> 
   <x>12</x> 
   <x>24</x> 
   <x>43</x> 
   <x>25</x> 
   <x>77</x> 
   <x>60</x> 
   <x>27</x> 
   <x>64</x> 
   <x>101</x>
</r>

[[2;37mDEBUG[m] pool-2-thread-4 com.jcabi.xml.XSDDocument: com.sun.org.apache.xerces.internal.jaxp.validation.SimpleXMLSchema detected 2 error(s)
[[0;33mWARN[m] pool-2-thread-4 com.jcabi.xml.StrictXML: 2 XML validation error(s):
  -1:-1: cvc-maxInclusive-valid: Value '101' is not facet-valid with respect to maxInclusive '100' for type '#AnonType_xr'.
  -1:-1: cvc-type.3.1.3: The value '101' of element 'x' is not valid.
<?xml version="1.0" encoding="UTF-8"?>
<r> 
   <x>16</x> 
   <x>45</x> 
   <x>12</x> 
   <x>24</x> 
   <x>43</x> 
   <x>25</x> 
   <x>77</x> 
   <x>60</x> 
   <x>27</x> 
   <x>64</x> 
   <x>101</x>
</r>

[[2;37mDEBUG[m] pool-2-thread-5 com.jcabi.xml.XSDDocument: com.sun.org.apache.xerces.internal.jaxp.validation.SimpleXMLSchema detected 2 error(s)
[[0;33mWARN[m] pool-2-thread-5 com.jcabi.xml.StrictXML: 2 XML validation error(s):
  -1:-1: cvc-maxInclusive-valid: Value '101' is not facet-valid with respect to maxInclusive '100' for type '#AnonType_xr'.
  -1:-1: cvc-type.3.1.3: The value '101' of element 'x' is not valid.
<?xml version="1.0" encoding="UTF-8"?>
<r> 
   <x>16</x> 
   <x>45</x> 
   <x>12</x> 
   <x>24</x> 
   <x>43</x> 
   <x>25</x> 
   <x>77</x> 
   <x>60</x> 
   <x>27</x> 
   <x>64</x> 
   <x>101</x>
</r>

[[2;37mDEBUG[m] pool-2-thread-1 com.jcabi.xml.XSDDocument: com.sun.org.apache.xerces.internal.jaxp.validation.SimpleXMLSchema detected 2 error(s)
[[0;33mWARN[m] pool-2-thread-1 com.jcabi.xml.StrictXML: 2 XML validation error(s):
  -1:-1: cvc-maxInclusive-valid: Value '101' is not facet-valid with respect to maxInclusive '100' for type '#AnonType_xr'.
  -1:-1: cvc-type.3.1.3: The value '101' of element 'x' is not valid.
<?xml version="1.0" encoding="UTF-8"?>
<r> 
   <x>16</x> 
   <x>45</x> 
   <x>12</x> 
   <x>24</x> 
   <x>43</x> 
   <x>25</x> 
   <x>77</x> 
   <x>60</x> 
   <x>27</x> 
   <x>64</x> 
   <x>101</x>
</r>

[[2;37mDEBUG[m] pool-2-thread-2 com.jcabi.xml.XSDDocument: com.sun.org.apache.xerces.internal.jaxp.validation.SimpleXMLSchema detected 2 error(s)
[[0;33mWARN[m] pool-2-thread-2 com.jcabi.xml.StrictXML: 2 XML validation error(s):
  -1:-1: cvc-maxInclusive-valid: Value '101' is not facet-valid with respect to maxInclusive '100' for type '#AnonType_xr'.
  -1:-1: cvc-type.3.1.3: The value '101' of element 'x' is not valid.
<?xml version="1.0" encoding="UTF-8"?>
<r> 
   <x>16</x> 
   <x>45</x> 
   <x>12</x> 
   <x>24</x> 
   <x>43</x> 
   <x>25</x> 
   <x>77</x> 
   <x>60</x> 
   <x>27</x> 
   <x>64</x> 
   <x>101</x>
</r>

[[2;37mDEBUG[m] pool-2-thread-3 com.jcabi.xml.XSDDocument: com.sun.org.apache.xerces.internal.jaxp.validation.SimpleXMLSchema detected 2 error(s)
[[0;33mWARN[m] pool-2-thread-3 com.jcabi.xml.StrictXML: 2 XML validation error(s):
  -1:-1: cvc-maxInclusive-valid: Value '101' is not facet-valid with respect to maxInclusive '100' for type '#AnonType_xr'.
  -1:-1: cvc-type.3.1.3: The value '101' of element 'x' is not valid.
<?xml version="1.0" encoding="UTF-8"?>
<r> 
   <x>16</x> 
   <x>45</x> 
   <x>12</x> 
   <x>24</x> 
   <x>43</x> 
   <x>25</x> 
   <x>77</x> 
   <x>60</x> 
   <x>27</x> 
   <x>64</x> 
   <x>101</x>
</r>

[[2;37mDEBUG[m] pool-2-thread-4 com.jcabi.xml.XSDDocument: com.sun.org.apache.xerces.internal.jaxp.validation.SimpleXMLSchema detected 2 error(s)
[[0;33mWARN[m] pool-2-thread-4 com.jcabi.xml.StrictXML: 2 XML validation error(s):
  -1:-1: cvc-maxInclusive-valid: Value '101' is not facet-valid with respect to maxInclusive '100' for type '#AnonType_xr'.
  -1:-1: cvc-type.3.1.3: The value '101' of element 'x' is not valid.
<?xml version="1.0" encoding="UTF-8"?>
<r> 
   <x>16</x> 
   <x>45</x> 
   <x>12</x> 
   <x>24</x> 
   <x>43</x> 
   <x>25</x> 
   <x>77</x> 
   <x>60</x> 
   <x>27</x> 
   <x>64</x> 
   <x>101</x>
</r>

[[2;37mDEBUG[m] pool-2-thread-5 com.jcabi.xml.XSDDocument: com.sun.org.apache.xerces.internal.jaxp.validation.SimpleXMLSchema detected 2 error(s)
[[0;33mWARN[m] pool-2-thread-5 com.jcabi.xml.StrictXML: 2 XML validation error(s):
  -1:-1: cvc-maxInclusive-valid: Value '101' is not facet-valid with respect to maxInclusive '100' for type '#AnonType_xr'.
  -1:-1: cvc-type.3.1.3: The value '101' of element 'x' is not valid.
<?xml version="1.0" encoding="UTF-8"?>
<r> 
   <x>16</x> 
   <x>45</x> 
   <x>12</x> 
   <x>24</x> 
   <x>43</x> 
   <x>25</x> 
   <x>77</x> 
   <x>60</x> 
   <x>27</x> 
   <x>64</x> 
   <x>101</x>
</r>

[[2;37mDEBUG[m] pool-2-thread-2 com.jcabi.xml.XSDDocument: com.sun.org.apache.xerces.internal.jaxp.validation.SimpleXMLSchema detected 2 error(s)
[[0;33mWARN[m] pool-2-thread-2 com.jcabi.xml.StrictXML: 2 XML validation error(s):
  -1:-1: cvc-maxInclusive-valid: Value '101' is not facet-valid with respect to maxInclusive '100' for type '#AnonType_xr'.
  -1:-1: cvc-type.3.1.3: The value '101' of element 'x' is not valid.
<?xml version="1.0" encoding="UTF-8"?>
<r> 
   <x>16</x> 
   <x>45</x> 
   <x>12</x> 
   <x>24</x> 
   <x>43</x> 
   <x>25</x> 
   <x>77</x> 
   <x>60</x> 
   <x>27</x> 
   <x>64</x> 
   <x>101</x>
</r>

[[2;37mDEBUG[m] pool-2-thread-4 com.jcabi.xml.XSDDocument: com.sun.org.apache.xerces.internal.jaxp.validation.SimpleXMLSchema detected 2 error(s)
[[0;33mWARN[m] pool-2-thread-4 com.jcabi.xml.StrictXML: 2 XML validation error(s):
  -1:-1: cvc-maxInclusive-valid: Value '101' is not facet-valid with respect to maxInclusive '100' for type '#AnonType_xr'.
  -1:-1: cvc-type.3.1.3: The value '101' of element 'x' is not valid.
<?xml version="1.0" encoding="UTF-8"?>
<r> 
   <x>16</x> 
   <x>45</x> 
   <x>12</x> 
   <x>24</x> 
   <x>43</x> 
   <x>25</x> 
   <x>77</x> 
   <x>60</x> 
   <x>27</x> 
   <x>64</x> 
   <x>101</x>
</r>

[[2;37mDEBUG[m] pool-2-thread-5 com.jcabi.xml.XSDDocument: com.sun.org.apache.xerces.internal.jaxp.validation.SimpleXMLSchema detected 2 error(s)
[[0;33mWARN[m] pool-2-thread-5 com.jcabi.xml.StrictXML: 2 XML validation error(s):
  -1:-1: cvc-maxInclusive-valid: Value '101' is not facet-valid with respect to maxInclusive '100' for type '#AnonType_xr'.
  -1:-1: cvc-type.3.1.3: The value '101' of element 'x' is not valid.
<?xml version="1.0" encoding="UTF-8"?>
<r> 
   <x>16</x> 
   <x>45</x> 
   <x>12</x> 
   <x>24</x> 
   <x>43</x> 
   <x>25</x> 
   <x>77</x> 
   <x>60</x> 
   <x>27</x> 
   <x>64</x> 
   <x>101</x>
</r>

[[2;37mDEBUG[m] pool-2-thread-1 com.jcabi.xml.XSDDocument: com.sun.org.apache.xerces.internal.jaxp.validation.SimpleXMLSchema detected 2 error(s)
[[0;33mWARN[m] pool-2-thread-1 com.jcabi.xml.StrictXML: 2 XML validation error(s):
  -1:-1: cvc-maxInclusive-valid: Value '101' is not facet-valid with respect to maxInclusive '100' for type '#AnonType_xr'.
  -1:-1: cvc-type.3.1.3: The value '101' of element 'x' is not valid.
<?xml version="1.0" encoding="UTF-8"?>
<r> 
   <x>16</x> 
   <x>45</x> 
   <x>12</x> 
   <x>24</x> 
   <x>43</x> 
   <x>25</x> 
   <x>77</x> 
   <x>60</x> 
   <x>27</x> 
   <x>64</x> 
   <x>101</x>
</r>

[[2;37mDEBUG[m] pool-2-thread-2 com.jcabi.xml.XSDDocument: com.sun.org.apache.xerces.internal.jaxp.validation.SimpleXMLSchema detected 2 error(s)
[[0;33mWARN[m] pool-2-thread-2 com.jcabi.xml.StrictXML: 2 XML validation error(s):
  -1:-1: cvc-maxInclusive-valid: Value '101' is not facet-valid with respect to maxInclusive '100' for type '#AnonType_xr'.
  -1:-1: cvc-type.3.1.3: The value '101' of element 'x' is not valid.
<?xml version="1.0" encoding="UTF-8"?>
<r> 
   <x>16</x> 
   <x>45</x> 
   <x>12</x> 
   <x>24</x> 
   <x>43</x> 
   <x>25</x> 
   <x>77</x> 
   <x>60</x> 
   <x>27</x> 
   <x>64</x> 
   <x>101</x>
</r>

[[2;37mDEBUG[m] pool-2-thread-3 com.jcabi.xml.XSDDocument: com.sun.org.apache.xerces.internal.jaxp.validation.SimpleXMLSchema detected 2 error(s)
[[0;33mWARN[m] pool-2-thread-3 com.jcabi.xml.StrictXML: 2 XML validation error(s):
  -1:-1: cvc-maxInclusive-valid: Value '101' is not facet-valid with respect to maxInclusive '100' for type '#AnonType_xr'.
  -1:-1: cvc-type.3.1.3: The value '101' of element 'x' is not valid.
<?xml version="1.0" encoding="UTF-8"?>
<r> 
   <x>16</x> 
   <x>45</x> 
   <x>12</x> 
   <x>24</x> 
   <x>43</x> 
   <x>25</x> 
   <x>77</x> 
   <x>60</x> 
   <x>27</x> 
   <x>64</x> 
   <x>101</x>
</r>

[[2;37mDEBUG[m] pool-2-thread-4 com.jcabi.xml.XSDDocument: com.sun.org.apache.xerces.internal.jaxp.validation.SimpleXMLSchema detected 2 error(s)
[[0;33mWARN[m] pool-2-thread-4 com.jcabi.xml.StrictXML: 2 XML validation error(s):
  -1:-1: cvc-maxInclusive-valid: Value '101' is not facet-valid with respect to maxInclusive '100' for type '#AnonType_xr'.
  -1:-1: cvc-type.3.1.3: The value '101' of element 'x' is not valid.
<?xml version="1.0" encoding="UTF-8"?>
<r> 
   <x>16</x> 
   <x>45</x> 
   <x>12</x> 
   <x>24</x> 
   <x>43</x> 
   <x>25</x> 
   <x>77</x> 
   <x>60</x> 
   <x>27</x> 
   <x>64</x> 
   <x>101</x>
</r>

[[2;37mDEBUG[m] pool-2-thread-5 com.jcabi.xml.XSDDocument: com.sun.org.apache.xerces.internal.jaxp.validation.SimpleXMLSchema detected 2 error(s)
[[0;33mWARN[m] pool-2-thread-5 com.jcabi.xml.StrictXML: 2 XML validation error(s):
  -1:-1: cvc-maxInclusive-valid: Value '101' is not facet-valid with respect to maxInclusive '100' for type '#AnonType_xr'.
  -1:-1: cvc-type.3.1.3: The value '101' of element 'x' is not valid.
<?xml version="1.0" encoding="UTF-8"?>
<r> 
   <x>16</x> 
   <x>45</x> 
   <x>12</x> 
   <x>24</x> 
   <x>43</x> 
   <x>25</x> 
   <x>77</x> 
   <x>60</x> 
   <x>27</x> 
   <x>64</x> 
   <x>101</x>
</r>

[[2;37mDEBUG[m] pool-2-thread-2 com.jcabi.xml.XSDDocument: com.sun.org.apache.xerces.internal.jaxp.validation.SimpleXMLSchema detected 2 error(s)
[[0;33mWARN[m] pool-2-thread-2 com.jcabi.xml.StrictXML: 2 XML validation error(s):
  -1:-1: cvc-maxInclusive-valid: Value '101' is not facet-valid with respect to maxInclusive '100' for type '#AnonType_xr'.
  -1:-1: cvc-type.3.1.3: The value '101' of element 'x' is not valid.
<?xml version="1.0" encoding="UTF-8"?>
<r> 
   <x>16</x> 
   <x>45</x> 
   <x>12</x> 
   <x>24</x> 
   <x>43</x> 
   <x>25</x> 
   <x>77</x> 
   <x>60</x> 
   <x>27</x> 
   <x>64</x> 
   <x>101</x>
</r>

[[2;37mDEBUG[m] pool-2-thread-1 com.jcabi.xml.XSDDocument: com.sun.org.apache.xerces.internal.jaxp.validation.SimpleXMLSchema detected 2 error(s)
[[0;33mWARN[m] pool-2-thread-1 com.jcabi.xml.StrictXML: 2 XML validation error(s):
  -1:-1: cvc-maxInclusive-valid: Value '101' is not facet-valid with respect to maxInclusive '100' for type '#AnonType_xr'.
  -1:-1: cvc-type.3.1.3: The value '101' of element 'x' is not valid.
<?xml version="1.0" encoding="UTF-8"?>
<r> 
   <x>16</x> 
   <x>45</x> 
   <x>12</x> 
   <x>24</x> 
   <x>43</x> 
   <x>25</x> 
   <x>77</x> 
   <x>60</x> 
   <x>27</x> 
   <x>64</x> 
   <x>101</x>
</r>

[[0;33mWARN[m] main com.jcabi.xml.StrictXML: 1 XML validation error(s):
  -1:-1: cvc-elt.1.a: Cannot find the declaration of element 'a'.
<?xml version="1.0" encoding="UTF-8"?>
<a/>

[[2;37mDEBUG[m] main com.jcabi.xml.XSDDocument: com.sun.org.apache.xerces.internal.jaxp.validation.SimpleXMLSchema detected 2 error(s)
[[0;33mWARN[m] main com.jcabi.xml.StrictXML: 2 XML validation error(s):
  -1:-1: cvc-datatype-valid.1.2.1: 'not an integer' is not a valid value for 'integer'.
  -1:-1: cvc-type.3.1.3: The value 'not an integer' of element 'root' is not valid.
<?xml version="1.0" encoding="UTF-8"?>
<root>not an integer</root>

[[0;31mERROR[m] main com.jcabi.xml.StrictXML: Try #1 of 3 failed: java.net.SocketException: Attempt #1 failed
[[0;31mERROR[m] main com.jcabi.xml.StrictXML: Try #2 of 3 failed: java.net.SocketException: Attempt #2 failed
[INFO] Tests run: 9, Failures: 0, Errors: 0, Skipped: 0, Time elapsed: 1.208 s - in com.jcabi.xml.StrictXMLTest
[INFO] Running com.jcabi.xml.ClasspathInputTest
[INFO] Tests run: 1, Failures: 0, Errors: 0, Skipped: 0, Time elapsed: 0.004 s - in com.jcabi.xml.ClasspathInputTest
[INFO] Running com.jcabi.xml.XPathContextTest
[INFO] Tests run: 5, Failures: 0, Errors: 0, Skipped: 0, Time elapsed: 0.015 s - in com.jcabi.xml.XPathContextTest
[INFO] Running com.jcabi.xml.XMLDocumentTest
[INFO] Tests run: 21, Failures: 0, Errors: 0, Skipped: 0, Time elapsed: 0.715 s - in com.jcabi.xml.XMLDocumentTest
[INFO] Running com.jcabi.xml.FileSourcesTest
[INFO] Tests run: 1, Failures: 0, Errors: 0, Skipped: 0, Time elapsed: 0.003 s - in com.jcabi.xml.FileSourcesTest
[INFO] Running com.jcabi.xml.XSDDocumentTest
[[2;37mDEBUG[m] main com.jcabi.xml.XSDDocument: com.sun.org.apache.xerces.internal.jaxp.validation.SimpleXMLSchema detected 0 error(s)
[[2;37mDEBUG[m] main com.jcabi.xml.XSDDocument: com.sun.org.apache.xerces.internal.jaxp.validation.SimpleXMLSchema detected 0 error(s)
[[2;37mDEBUG[m] main com.jcabi.xml.XSDDocument: com.sun.org.apache.xerces.internal.jaxp.validation.SimpleXMLSchema detected 0 error(s)
[[2;37mDEBUG[m] main com.jcabi.xml.XSDDocument: com.sun.org.apache.xerces.internal.jaxp.validation.SimpleXMLSchema detected 0 error(s)
[[2;37mDEBUG[m] main com.jcabi.xml.XSDDocument: com.sun.org.apache.xerces.internal.jaxp.validation.SimpleXMLSchema detected 0 error(s)
[[2;37mDEBUG[m] pool-6-thread-3 com.jcabi.xml.XSDDocument: com.sun.org.apache.xerces.internal.jaxp.validation.SimpleXMLSchema detected 26 error(s)
[[2;37mDEBUG[m] pool-6-thread-1 com.jcabi.xml.XSDDocument: com.sun.org.apache.xerces.internal.jaxp.validation.SimpleXMLSchema detected 20 error(s)
[[2;37mDEBUG[m] pool-6-thread-2 com.jcabi.xml.XSDDocument: com.sun.org.apache.xerces.internal.jaxp.validation.SimpleXMLSchema detected 118 error(s)
[[2;37mDEBUG[m] pool-6-thread-1 com.jcabi.xml.XSDDocument: com.sun.org.apache.xerces.internal.jaxp.validation.SimpleXMLSchema detected 140 error(s)
[[2;37mDEBUG[m] pool-6-thread-5 com.jcabi.xml.XSDDocument: com.sun.org.apache.xerces.internal.jaxp.validation.SimpleXMLSchema detected 92 error(s)
[[2;37mDEBUG[m] pool-6-thread-4 com.jcabi.xml.XSDDocument: com.sun.org.apache.xerces.internal.jaxp.validation.SimpleXMLSchema detected 12 error(s)
[[2;37mDEBUG[m] pool-6-thread-1 com.jcabi.xml.XSDDocument: com.sun.org.apache.xerces.internal.jaxp.validation.SimpleXMLSchema detected 18 error(s)
[[2;37mDEBUG[m] pool-6-thread-3 com.jcabi.xml.XSDDocument: com.sun.org.apache.xerces.internal.jaxp.validation.SimpleXMLSchema detected 52 error(s)
[[2;37mDEBUG[m] pool-6-thread-5 com.jcabi.xml.XSDDocument: com.sun.org.apache.xerces.internal.jaxp.validation.SimpleXMLSchema detected 44 error(s)
[[2;37mDEBUG[m] pool-6-thread-2 com.jcabi.xml.XSDDocument: com.sun.org.apache.xerces.internal.jaxp.validation.SimpleXMLSchema detected 82 error(s)
[[2;37mDEBUG[m] main com.jcabi.xml.XSDDocument: com.sun.org.apache.xerces.internal.jaxp.validation.SimpleXMLSchema detected 0 error(s)
[[2;37mDEBUG[m] main com.jcabi.xml.XSDDocument: com.sun.org.apache.xerces.internal.jaxp.validation.SimpleXMLSchema detected 0 error(s)
[[2;37mDEBUG[m] main com.jcabi.xml.XSDDocument: com.sun.org.apache.xerces.internal.jaxp.validation.SimpleXMLSchema detected 0 error(s)
[[2;37mDEBUG[m] main com.jcabi.xml.XSDDocument: com.sun.org.apache.xerces.internal.jaxp.validation.SimpleXMLSchema detected 1 error(s)
[INFO] Tests run: 5, Failures: 0, Errors: 0, Skipped: 0, Time elapsed: 0.097 s - in com.jcabi.xml.XSDDocumentTest
[INFO] Running com.jcabi.xml.ClasspathSourcesTest
[INFO] Tests run: 1, Failures: 0, Errors: 0, Skipped: 0, Time elapsed: 0.001 s - in com.jcabi.xml.ClasspathSourcesTest
[INFO] Running com.jcabi.xml.TextResourceTest
[INFO] Tests run: 2, Failures: 0, Errors: 0, Skipped: 0, Time elapsed: 0.002 s - in com.jcabi.xml.TextResourceTest
[INFO] Running com.jcabi.xml.XSLDocumentTest
[[2;37mDEBUG[m] pool-7-thread-1 com.jcabi.xml.XSLDocument: net.sf.saxon.jaxp.TransformerImpl transformed XML
[[2;37mDEBUG[m] pool-7-thread-4 com.jcabi.xml.XSLDocument: net.sf.saxon.jaxp.TransformerImpl transformed XML
[[2;37mDEBUG[m] pool-7-thread-2 com.jcabi.xml.XSLDocument: net.sf.saxon.jaxp.TransformerImpl transformed XML
[[2;37mDEBUG[m] pool-7-thread-5 com.jcabi.xml.XSLDocument: net.sf.saxon.jaxp.TransformerImpl transformed XML
[[2;37mDEBUG[m] pool-7-thread-3 com.jcabi.xml.XSLDocument: net.sf.saxon.jaxp.TransformerImpl transformed XML
[[2;37mDEBUG[m] pool-7-thread-5 com.jcabi.xml.XSLDocument: net.sf.saxon.jaxp.TransformerImpl transformed XML
[[2;37mDEBUG[m] pool-7-thread-2 com.jcabi.xml.XSLDocument: net.sf.saxon.jaxp.TransformerImpl transformed XML
[[2;37mDEBUG[m] pool-7-thread-4 com.jcabi.xml.XSLDocument: net.sf.saxon.jaxp.TransformerImpl transformed XML
[[2;37mDEBUG[m] pool-7-thread-1 com.jcabi.xml.XSLDocument: net.sf.saxon.jaxp.TransformerImpl transformed XML
[[2;37mDEBUG[m] pool-7-thread-4 com.jcabi.xml.XSLDocument: net.sf.saxon.jaxp.TransformerImpl transformed XML
[[2;37mDEBUG[m] pool-7-thread-2 com.jcabi.xml.XSLDocument: net.sf.saxon.jaxp.TransformerImpl transformed XML
[[2;37mDEBUG[m] pool-7-thread-5 com.jcabi.xml.XSLDocument: net.sf.saxon.jaxp.TransformerImpl transformed XML
[[2;37mDEBUG[m] pool-7-thread-3 com.jcabi.xml.XSLDocument: net.sf.saxon.jaxp.TransformerImpl transformed XML
[[2;37mDEBUG[m] pool-7-thread-5 com.jcabi.xml.XSLDocument: net.sf.saxon.jaxp.TransformerImpl transformed XML
[[2;37mDEBUG[m] pool-7-thread-2 com.jcabi.xml.XSLDocument: net.sf.saxon.jaxp.TransformerImpl transformed XML
[[2;37mDEBUG[m] pool-7-thread-4 com.jcabi.xml.XSLDocument: net.sf.saxon.jaxp.TransformerImpl transformed XML
[[2;37mDEBUG[m] pool-7-thread-1 com.jcabi.xml.XSLDocument: net.sf.saxon.jaxp.TransformerImpl transformed XML
[[2;37mDEBUG[m] pool-7-thread-4 com.jcabi.xml.XSLDocument: net.sf.saxon.jaxp.TransformerImpl transformed XML
[[2;37mDEBUG[m] pool-7-thread-2 com.jcabi.xml.XSLDocument: net.sf.saxon.jaxp.TransformerImpl transformed XML
[[2;37mDEBUG[m] pool-7-thread-5 com.jcabi.xml.XSLDocument: net.sf.saxon.jaxp.TransformerImpl transformed XML
[[2;37mDEBUG[m] pool-7-thread-3 com.jcabi.xml.XSLDocument: net.sf.saxon.jaxp.TransformerImpl transformed XML
[[2;37mDEBUG[m] pool-7-thread-5 com.jcabi.xml.XSLDocument: net.sf.saxon.jaxp.TransformerImpl transformed XML
[[2;37mDEBUG[m] pool-7-thread-2 com.jcabi.xml.XSLDocument: net.sf.saxon.jaxp.TransformerImpl transformed XML
[[2;37mDEBUG[m] pool-7-thread-4 com.jcabi.xml.XSLDocument: net.sf.saxon.jaxp.TransformerImpl transformed XML
[[2;37mDEBUG[m] pool-7-thread-1 com.jcabi.xml.XSLDocument: net.sf.saxon.jaxp.TransformerImpl transformed XML
[[2;37mDEBUG[m] pool-7-thread-4 com.jcabi.xml.XSLDocument: net.sf.saxon.jaxp.TransformerImpl transformed XML
[[2;37mDEBUG[m] pool-7-thread-2 com.jcabi.xml.XSLDocument: net.sf.saxon.jaxp.TransformerImpl transformed XML
[[2;37mDEBUG[m] pool-7-thread-5 com.jcabi.xml.XSLDocument: net.sf.saxon.jaxp.TransformerImpl transformed XML
[[2;37mDEBUG[m] pool-7-thread-3 com.jcabi.xml.XSLDocument: net.sf.saxon.jaxp.TransformerImpl transformed XML
[[2;37mDEBUG[m] pool-7-thread-5 com.jcabi.xml.XSLDocument: net.sf.saxon.jaxp.TransformerImpl transformed XML
[[2;37mDEBUG[m] pool-7-thread-2 com.jcabi.xml.XSLDocument: net.sf.saxon.jaxp.TransformerImpl transformed XML
[[2;37mDEBUG[m] pool-7-thread-4 com.jcabi.xml.XSLDocument: net.sf.saxon.jaxp.TransformerImpl transformed XML
[[2;37mDEBUG[m] pool-7-thread-1 com.jcabi.xml.XSLDocument: net.sf.saxon.jaxp.TransformerImpl transformed XML
[[2;37mDEBUG[m] pool-7-thread-4 com.jcabi.xml.XSLDocument: net.sf.saxon.jaxp.TransformerImpl transformed XML
[[2;37mDEBUG[m] pool-7-thread-2 com.jcabi.xml.XSLDocument: net.sf.saxon.jaxp.TransformerImpl transformed XML
[[2;37mDEBUG[m] pool-7-thread-5 com.jcabi.xml.XSLDocument: net.sf.saxon.jaxp.TransformerImpl transformed XML
[[2;37mDEBUG[m] pool-7-thread-3 com.jcabi.xml.XSLDocument: net.sf.saxon.jaxp.TransformerImpl transformed XML
[[2;37mDEBUG[m] pool-7-thread-5 com.jcabi.xml.XSLDocument: net.sf.saxon.jaxp.TransformerImpl transformed XML
[[2;37mDEBUG[m] pool-7-thread-2 com.jcabi.xml.XSLDocument: net.sf.saxon.jaxp.TransformerImpl transformed XML
[[2;37mDEBUG[m] pool-7-thread-4 com.jcabi.xml.XSLDocument: net.sf.saxon.jaxp.TransformerImpl transformed XML
[[2;37mDEBUG[m] pool-7-thread-1 com.jcabi.xml.XSLDocument: net.sf.saxon.jaxp.TransformerImpl transformed XML
[[2;37mDEBUG[m] pool-7-thread-4 com.jcabi.xml.XSLDocument: net.sf.saxon.jaxp.TransformerImpl transformed XML
[[2;37mDEBUG[m] pool-7-thread-2 com.jcabi.xml.XSLDocument: net.sf.saxon.jaxp.TransformerImpl transformed XML
[[2;37mDEBUG[m] pool-7-thread-5 com.jcabi.xml.XSLDocument: net.sf.saxon.jaxp.TransformerImpl transformed XML
[[2;37mDEBUG[m] pool-7-thread-3 com.jcabi.xml.XSLDocument: net.sf.saxon.jaxp.TransformerImpl transformed XML
[[2;37mDEBUG[m] pool-7-thread-5 com.jcabi.xml.XSLDocument: net.sf.saxon.jaxp.TransformerImpl transformed XML
[[2;37mDEBUG[m] pool-7-thread-2 com.jcabi.xml.XSLDocument: net.sf.saxon.jaxp.TransformerImpl transformed XML
[[2;37mDEBUG[m] pool-7-thread-4 com.jcabi.xml.XSLDocument: net.sf.saxon.jaxp.TransformerImpl transformed XML
[[2;37mDEBUG[m] pool-7-thread-1 com.jcabi.xml.XSLDocument: net.sf.saxon.jaxp.TransformerImpl transformed XML
[[2;37mDEBUG[m] pool-7-thread-3 com.jcabi.xml.XSLDocument: net.sf.saxon.jaxp.TransformerImpl transformed XML
[[2;37mDEBUG[m] main com.jcabi.xml.XSLDocument: net.sf.saxon.jaxp.TransformerImpl transformed XML
[[2;37mDEBUG[m] main com.jcabi.xml.XSLDocument: net.sf.saxon.jaxp.TransformerImpl transformed XML
[[2;37mDEBUG[m] main com.jcabi.xml.XSLDocument: net.sf.saxon.jaxp.TransformerImpl transformed XML
[[2;37mDEBUG[m] main com.jcabi.xml.XSLDocument: net.sf.saxon.jaxp.TransformerImpl transformed XML
[[0;33mWARN[m] main com.jcabi.xml.ConsoleErrorListener: #warning(): Ambiguous rule match for /x/a[1]
Matches both "element(Q{}a)" on line 1 of https://example.com/hello.xsl
and "element(Q{}a)" on line 1 of https://example.com/hello.xsl
[[2;37mDEBUG[m] main com.jcabi.xml.XSLDocument: net.sf.saxon.jaxp.TransformerImpl transformed XML
[[2;37mDEBUG[m] main com.jcabi.xml.XSLDocument: net.sf.saxon.jaxp.TransformerImpl transformed XML
[[2;37mDEBUG[m] main com.jcabi.xml.XSLDocument: net.sf.saxon.jaxp.TransformerImpl transformed XML
[[2;37mDEBUG[m] main com.jcabi.xml.XSLDocument: net.sf.saxon.jaxp.TransformerImpl transformed XML
[[2;37mDEBUG[m] main com.jcabi.xml.XSLDocument: net.sf.saxon.jaxp.TransformerImpl transformed XML
[[0;31mERROR[m] main com.jcabi.xml.ConsoleErrorListener: #error(): oopsie...
[[0;31mERROR[m] main com.jcabi.xml.ConsoleErrorListener: #fatalError(): Processing terminated by xsl:message at line 1 in file:///; SystemID: file:///; Line#: 1; Column#: 136
[INFO] Tests run: 10, Failures: 0, Errors: 0, Skipped: 0, Time elapsed: 1.865 s - in com.jcabi.xml.XSLDocumentTest
[INFO] Running com.jcabi.xml.XSLChainTest
[[2;37mDEBUG[m] main com.jcabi.xml.XSLDocument: net.sf.saxon.jaxp.TransformerImpl transformed XML
[[2;37mDEBUG[m] main com.jcabi.xml.XSLDocument: net.sf.saxon.jaxp.TransformerImpl transformed XML
[INFO] Tests run: 1, Failures: 0, Errors: 0, Skipped: 0, Time elapsed: 0.033 s - in com.jcabi.xml.XSLChainTest
[INFO] Running com.jcabi.xml.DomParserTest
[INFO] Tests run: 3, Failures: 0, Errors: 0, Skipped: 0, Time elapsed: 0.031 s - in com.jcabi.xml.DomParserTest
[INFO] 
[INFO] Results:
[INFO] 
[INFO] Tests run: 59, Failures: 0, Errors: 0, Skipped: 0
[INFO] 
[INFO] ------------------------------------------------------------------------
[INFO] BUILD SUCCESS
[INFO] ------------------------------------------------------------------------
[INFO] Total time:  7.435 s
[INFO] Finished at: 2023-01-07T01:36:16Z
[INFO] ------------------------------------------------------------------------
