[INFO] Scanning for projects...
[INFO] 
[INFO] --------------------------< org.isf:OH-core >---------------------------
[INFO] Building OpenHospital-core 1.11.0
[INFO] --------------------------------[ jar ]---------------------------------
[INFO] Downloading from lib: file:/home/gabsko/breaking-updates/repo/org/igniterealtime/smack/smackx/3.4.1/smackx-3.4.1.pom
[INFO] Downloading from JFrog: https://packages.atlassian.com/maven-3rdparty-legacy-local/org/igniterealtime/smack/smackx/3.4.1/smackx-3.4.1.pom
[INFO] Downloading from central: https://repo.maven.apache.org/maven2/org/igniterealtime/smack/smackx/3.4.1/smackx-3.4.1.pom
[WARNING] The POM for org.igniterealtime.smack:smackx:jar:3.4.1 is missing, no dependency information available
[INFO] Downloading from lib: file:/home/gabsko/breaking-updates/repo/org/igniterealtime/smack/smackx/3.4.1/smackx-3.4.1.jar
[INFO] Downloading from JFrog: https://packages.atlassian.com/maven-3rdparty-legacy-local/org/igniterealtime/smack/smackx/3.4.1/smackx-3.4.1.jar
[INFO] Downloading from central: https://repo.maven.apache.org/maven2/org/igniterealtime/smack/smackx/3.4.1/smackx-3.4.1.jar
[INFO] ------------------------------------------------------------------------
[INFO] BUILD FAILURE
[INFO] ------------------------------------------------------------------------
[INFO] Total time:  1.599 s
[INFO] Finished at: 2023-01-07T01:26:26Z
[INFO] ------------------------------------------------------------------------
[ERROR] Failed to execute goal on project OH-core: Could not resolve dependencies for project org.isf:OH-core:jar:1.11.0: Could not find artifact org.igniterealtime.smack:smackx:jar:3.4.1 in lib (file:/home/gabsko/breaking-updates/repo) -> [Help 1]
[ERROR] 
[ERROR] To see the full stack trace of the errors, re-run Maven with the -e switch.
[ERROR] Re-run Maven using the -X switch to enable full debug logging.
[ERROR] 
[ERROR] For more information about the errors and possible solutions, please read the following articles:
[ERROR] [Help 1] http://cwiki.apache.org/confluence/display/MAVEN/DependencyResolutionException
