[INFO] Scanning for projects...
[INFO] 
[INFO] ----------------------< org.ebyhr:trino-storage >-----------------------
[INFO] Building trino-storage 375-SNAPSHOT
[INFO] ----------------------------[ trino-plugin ]----------------------------
[INFO] 
[INFO] --- maven-clean-plugin:3.0.0:clean (default-clean) @ trino-storage ---
[INFO] 
[INFO] --- trino-maven-plugin:11:check-spi-dependencies (default-check-spi-dependencies) @ trino-storage ---
[INFO] 
[INFO] --- maven-enforcer-plugin:3.0.0:enforce (default) @ trino-storage ---
[INFO] Downloading from sonatype-nexus-snapshots: https://oss.sonatype.org/content/repositories/snapshots/org/ebyhr/trino-storage/375-SNAPSHOT/maven-metadata.xml
[INFO] Downloading from sonatype-nexus-snapshots: https://oss.sonatype.org/content/repositories/snapshots/javax/jdo/jdo-api/maven-metadata.xml
[INFO] Downloading from central: https://repo.maven.apache.org/maven2/javax/jdo/jdo-api/maven-metadata.xml
[INFO] Downloading from maven-default-http-blocker: http://0.0.0.0/javax/jdo/jdo-api/maven-metadata.xml
[INFO] Downloaded from central: https://repo.maven.apache.org/maven2/javax/jdo/jdo-api/maven-metadata.xml (443 B at 7.6 kB/s)
[INFO] Downloading from sonatype-nexus-snapshots: https://oss.sonatype.org/content/repositories/snapshots/org/datanucleus/datanucleus-core/maven-metadata.xml
[INFO] Downloading from central: https://repo.maven.apache.org/maven2/org/datanucleus/datanucleus-core/maven-metadata.xml
[INFO] Downloading from maven-default-http-blocker: http://0.0.0.0/org/datanucleus/datanucleus-core/maven-metadata.xml
[INFO] Downloaded from central: https://repo.maven.apache.org/maven2/org/datanucleus/datanucleus-core/maven-metadata.xml (6.3 kB at 313 kB/s)
[INFO] Downloading from central: https://repo.maven.apache.org/maven2/org/datanucleus/datanucleus-core/6.0.3/datanucleus-core-6.0.3.pom
[INFO] Downloaded from central: https://repo.maven.apache.org/maven2/org/datanucleus/datanucleus-core/6.0.3/datanucleus-core-6.0.3.pom (4.7 kB at 46 kB/s)
[INFO] Downloading from central: https://repo.maven.apache.org/maven2/javax/time/time-api/maven-metadata.xml
[INFO] Downloading from sonatype-nexus-snapshots: https://oss.sonatype.org/content/repositories/snapshots/javax/time/time-api/maven-metadata.xml
[INFO] Downloading from maven-default-http-blocker: http://0.0.0.0/javax/time/time-api/maven-metadata.xml
[WARNING] Rule 0: org.apache.maven.plugins.enforcer.RequireUpperBoundDeps failed with message:
Could not build dependency tree Could not collect dependencies: org.ebyhr:trino-storage:zip:375-SNAPSHOT ()
[INFO] ------------------------------------------------------------------------
[INFO] BUILD FAILURE
[INFO] ------------------------------------------------------------------------
[INFO] Total time:  4.527 s
[INFO] Finished at: 2023-01-07T03:49:07Z
[INFO] ------------------------------------------------------------------------
[ERROR] Failed to execute goal org.apache.maven.plugins:maven-enforcer-plugin:3.0.0:enforce (default) on project trino-storage: Some Enforcer rules have failed. Look above for specific messages explaining why the rule failed. -> [Help 1]
[ERROR] 
[ERROR] To see the full stack trace of the errors, re-run Maven with the -e switch.
[ERROR] Re-run Maven using the -X switch to enable full debug logging.
[ERROR] 
[ERROR] For more information about the errors and possible solutions, please read the following articles:
[ERROR] [Help 1] http://cwiki.apache.org/confluence/display/MAVEN/MojoExecutionException
