[INFO] Scanning for projects...
[INFO] 
[INFO] ------------< org.apache.maven.plugins:maven-jlink-plugin >-------------
[INFO] Building Apache Maven JLink Plugin 3.1.1-SNAPSHOT
[INFO] ----------------------------[ maven-plugin ]----------------------------
[INFO] 
[INFO] --- maven-clean-plugin:3.1.0:clean (default-clean) @ maven-jlink-plugin ---
[INFO] Deleting /home/gabsko/breaking-updates/target
[INFO] 
[INFO] --- maven-enforcer-plugin:3.0.0-M3:enforce (enforce-maven-version) @ maven-jlink-plugin ---
[INFO] 
[INFO] --- maven-enforcer-plugin:3.0.0-M3:enforce (enforce-bytecode-version) @ maven-jlink-plugin ---
[INFO] Adding ignore: module-info
[INFO] 
[INFO] --- maven-enforcer-plugin:3.0.0-M3:enforce (ensure-no-container-api) @ maven-jlink-plugin ---
[INFO] 
[INFO] --- apache-rat-plugin:0.13:check (rat-check) @ maven-jlink-plugin ---
[INFO] Enabled default license matchers.
[INFO] Will parse SCM ignores for exclusions...
[INFO] Parsing exclusions from /home/gabsko/breaking-updates/.gitignore
[INFO] Finished adding exclusions from SCM ignore files.
[INFO] 72 implicit excludes (use -debug for more details).
[INFO] 5 explicit excludes (use -debug for more details).
[INFO] 141 resources included (use -debug for more details)
[INFO] Rat check: Summary over all files. Unapproved: 0, unknown: 0, generated: 0, approved: 140 licenses.
[INFO] 
[INFO] --- maven-plugin-plugin:3.6.2:helpmojo (generate-helpmojo) @ maven-jlink-plugin ---
[ERROR] 

Maven dependencies of Maven Plugins should be in provided scope.
Please make sure that all your dependencies declared in POM whose group ID is
org.apache.maven have set '<scope>provided</scope>' as well.
In the future this error will break the build.

The following dependencies are in wrong scope:
 * org.apache.maven:maven-artifact:jar:3.0:compile
 * org.apache.maven:maven-model:jar:3.1.1:compile
 * org.apache.maven:maven-archiver:jar:3.5.1:compile

Please fix your build!


[INFO] Using 'UTF-8' encoding to read mojo source files.
[INFO] java-javadoc mojo extractor found 0 mojo descriptor.
[INFO] ant mojo extractor found 0 mojo descriptor.
[INFO] bsh mojo extractor found 0 mojo descriptor.
[INFO] java-annotations mojo extractor found 0 mojo descriptor.
[INFO] 
[INFO] --- maven-remote-resources-plugin:1.7.0:process (process-resource-bundles) @ maven-jlink-plugin ---
[INFO] Preparing remote bundle org.apache:apache-jar-resource-bundle:1.4
[INFO] Copying 3 resources from 1 bundle.
[INFO] 
[INFO] --- maven-resources-plugin:3.1.0:resources (default-resources) @ maven-jlink-plugin ---
[INFO] Using 'UTF-8' encoding to copy filtered resources.
[INFO] Copying 1 resource
[INFO] Copying 3 resources
[INFO] 
[INFO] --- maven-compiler-plugin:3.8.1:compile (default-compile) @ maven-jlink-plugin ---
[INFO] Changes detected - recompiling the module!
[INFO] Compiling 6 source files to /home/gabsko/breaking-updates/target/classes
[INFO] 
[INFO] --- maven-compiler-plugin:3.8.1:compile (jdk9) @ maven-jlink-plugin ---
[INFO] Changes detected - recompiling the module!
[INFO] Compiling 1 source file to /home/gabsko/breaking-updates/target/classes/META-INF/versions/9
[INFO] 
[INFO] --- maven-plugin-plugin:3.6.2:descriptor (default-descriptor) @ maven-jlink-plugin ---
[ERROR] 

Maven dependencies of Maven Plugins should be in provided scope.
Please make sure that all your dependencies declared in POM whose group ID is
org.apache.maven have set '<scope>provided</scope>' as well.
In the future this error will break the build.

The following dependencies are in wrong scope:
 * org.apache.maven:maven-artifact:jar:3.0:compile
 * org.apache.maven:maven-model:jar:3.1.1:compile
 * org.apache.maven:maven-archiver:jar:3.5.1:compile

Please fix your build!


[INFO] Using 'UTF-8' encoding to read mojo source files.
[INFO] java-javadoc mojo extractor found 0 mojo descriptor.
[INFO] ant mojo extractor found 0 mojo descriptor.
[INFO] bsh mojo extractor found 0 mojo descriptor.
[INFO] java-annotations mojo extractor found 2 mojo descriptors.
[INFO] 
[INFO] --- maven-resources-plugin:3.1.0:testResources (default-testResources) @ maven-jlink-plugin ---
[INFO] Using 'UTF-8' encoding to copy filtered resources.
[INFO] skip non existing resourceDirectory /home/gabsko/breaking-updates/src/test/resources
[INFO] Copying 3 resources
[INFO] 
[INFO] --- maven-compiler-plugin:3.8.1:testCompile (default-testCompile) @ maven-jlink-plugin ---
[INFO] Changes detected - recompiling the module!
[INFO] Compiling 1 source file to /home/gabsko/breaking-updates/target/test-classes
[INFO] 
[INFO] --- maven-surefire-plugin:2.22.0:test (default-test) @ maven-jlink-plugin ---
[INFO] 
[INFO] -------------------------------------------------------
[INFO]  T E S T S
[INFO] -------------------------------------------------------
[INFO] Running org.apache.maven.plugins.jlink.AbstractJLinkMojoTest
[INFO] Tests run: 9, Failures: 0, Errors: 0, Skipped: 0, Time elapsed: 0.419 s - in org.apache.maven.plugins.jlink.AbstractJLinkMojoTest
[INFO] 
[INFO] Results:
[INFO] 
[INFO] Tests run: 9, Failures: 0, Errors: 0, Skipped: 0
[INFO] 
[INFO] ------------------------------------------------------------------------
[INFO] BUILD SUCCESS
[INFO] ------------------------------------------------------------------------
[INFO] Total time:  5.370 s
[INFO] Finished at: 2023-01-06T19:55:59Z
[INFO] ------------------------------------------------------------------------
