[INFO] Scanning for projects...
[INFO] 
[INFO] ------------------------------< bsf:bsf >-------------------------------
[INFO] Building Apache Commons BSF (Bean Scripting Framework) 2.5.0-SNAPSHOT
[INFO] --------------------------------[ jar ]---------------------------------
[INFO] 
[INFO] --- maven-clean-plugin:3.1.0:clean (default-clean) @ bsf ---
[INFO] 
[INFO] --- maven-enforcer-plugin:3.0.0-M3:enforce (enforce-maven-version) @ bsf ---
[INFO] 
[INFO] --- maven-enforcer-plugin:3.0.0-M3:enforce (enforce-maven-3) @ bsf ---
[INFO] 
[INFO] --- apache-rat-plugin:0.13:check (rat-check) @ bsf ---
[INFO] Enabled default license matchers.
[INFO] Will parse SCM ignores for exclusions...
[INFO] Parsing exclusions from /home/gabsko/breaking-updates/.gitignore
[INFO] Finished adding exclusions from SCM ignore files.
[INFO] 67 implicit excludes (use -debug for more details).
[INFO] 9 explicit excludes (use -debug for more details).
[INFO] 156 resources included (use -debug for more details)
[INFO] Rat check: Summary over all files. Unapproved: 0, unknown: 0, generated: 0, approved: 134 licenses.
[INFO] 
[INFO] --- build-helper-maven-plugin:3.2.0:parse-version (parse-version) @ bsf ---
[INFO] 
[INFO] --- maven-antrun-plugin:1.8:run (javadoc.resources) @ bsf ---
[INFO] Executing tasks

main:
     [copy] Copying 2 files to /home/gabsko/breaking-updates/target/apidocs/META-INF
[INFO] Executed tasks
[INFO] 
[INFO] --- maven-remote-resources-plugin:1.7.0:process (process-resource-bundles) @ bsf ---
[INFO] Skipping remote resources execution.
[INFO] 
[INFO] --- buildnumber-maven-plugin:1.4:create (default) @ bsf ---
[INFO] Executing: /bin/sh -c cd '/home/gabsko/breaking-updates' && 'git' 'rev-parse' '--verify' 'HEAD'
[INFO] Working directory: /home/gabsko/breaking-updates
[INFO] Storing buildNumber: 6bb7de2552a082ed3e01cfba7fbd0da404f7f457 at timestamp: 1673031885593
[WARNING] Cannot get the branch information from the git repository: 
Detecting the current branch failed: fatal: ref HEAD is not a symbolic ref

[INFO] Executing: /bin/sh -c cd '/home/gabsko/breaking-updates' && 'git' 'rev-parse' '--verify' 'HEAD'
[INFO] Working directory: /home/gabsko/breaking-updates
[INFO] Storing buildScmBranch: UNKNOWN
[INFO] 
[INFO] --- maven-resources-plugin:3.1.0:resources (default-resources) @ bsf ---
[INFO] Using 'ISO-8859-1' encoding to copy filtered resources.
[INFO] skip non existing resourceDirectory /home/gabsko/breaking-updates/src/main/resources
[INFO] Copying 2 resources to META-INF
[INFO] 
[INFO] --- maven-compiler-plugin:3.8.1:compile (default-compile) @ bsf ---
[INFO] Changes detected - recompiling the module!
[INFO] Compiling 58 source files to /home/gabsko/breaking-updates/target/classes
[INFO] -------------------------------------------------------------
[ERROR] COMPILATION ERROR : 
[INFO] -------------------------------------------------------------
[ERROR] Source option 1.3 is no longer supported. Use 6 or later.
[ERROR] Target option 1.3 is no longer supported. Use 1.6 or later.
[INFO] 2 errors 
[INFO] -------------------------------------------------------------
[INFO] ------------------------------------------------------------------------
[INFO] BUILD FAILURE
[INFO] ------------------------------------------------------------------------
[INFO] Total time:  2.127 s
[INFO] Finished at: 2023-01-06T19:04:46Z
[INFO] ------------------------------------------------------------------------
[ERROR] Failed to execute goal org.apache.maven.plugins:maven-compiler-plugin:3.8.1:compile (default-compile) on project bsf: Compilation failure: Compilation failure: 
[ERROR] Source option 1.3 is no longer supported. Use 6 or later.
[ERROR] Target option 1.3 is no longer supported. Use 1.6 or later.
[ERROR] -> [Help 1]
[ERROR] 
[ERROR] To see the full stack trace of the errors, re-run Maven with the -e switch.
[ERROR] Re-run Maven using the -X switch to enable full debug logging.
[ERROR] 
[ERROR] For more information about the errors and possible solutions, please read the following articles:
[ERROR] [Help 1] http://cwiki.apache.org/confluence/display/MAVEN/MojoFailureException
