[INFO] Scanning for projects...
[INFO] 
[INFO] ----------------------------< micycle:PGS >-----------------------------
[INFO] Building Processing Geometry Suite 1.1.0
[INFO] --------------------------------[ jar ]---------------------------------
[WARNING] The POM for org.processing:core:jar:3.3.7 is invalid, transitive dependencies (if any) will not be available, enable debug logging for more details
[INFO] Downloading from maven-default-http-blocker: http://0.0.0.0/org/eclipse/emf/org.eclipse.emf.common/maven-metadata.xml
[INFO] Downloading from jitpack.io: https://jitpack.io/org/eclipse/emf/org.eclipse.emf.common/maven-metadata.xml
[INFO] Downloading from central: https://repo.maven.apache.org/maven2/org/eclipse/emf/org.eclipse.emf.common/maven-metadata.xml
[INFO] Downloading from osgeo: https://repo.osgeo.org/repository/release/org/eclipse/emf/org.eclipse.emf.common/maven-metadata.xml
[INFO] Downloading from osgeo-snapshot: https://repo.osgeo.org/repository/snapshot/org/eclipse/emf/org.eclipse.emf.common/maven-metadata.xml
[INFO] Downloaded from central: https://repo.maven.apache.org/maven2/org/eclipse/emf/org.eclipse.emf.common/maven-metadata.xml (1.3 kB at 6.2 kB/s)
[INFO] Downloading from maven-default-http-blocker: http://0.0.0.0/org/eclipse/emf/org.eclipse.emf.ecore/maven-metadata.xml
[INFO] Downloading from osgeo: https://repo.osgeo.org/repository/release/org/eclipse/emf/org.eclipse.emf.ecore/maven-metadata.xml
[INFO] Downloading from central: https://repo.maven.apache.org/maven2/org/eclipse/emf/org.eclipse.emf.ecore/maven-metadata.xml
[INFO] Downloading from jitpack.io: https://jitpack.io/org/eclipse/emf/org.eclipse.emf.ecore/maven-metadata.xml
[INFO] Downloading from osgeo-snapshot: https://repo.osgeo.org/repository/snapshot/org/eclipse/emf/org.eclipse.emf.ecore/maven-metadata.xml
[INFO] Downloaded from central: https://repo.maven.apache.org/maven2/org/eclipse/emf/org.eclipse.emf.ecore/maven-metadata.xml (1.3 kB at 88 kB/s)
[INFO] Downloading from jitpack.io: https://jitpack.io/com/github/twak/jutils/master-SNAPSHOT/maven-metadata.xml
[INFO] Downloading from osgeo: https://repo.osgeo.org/repository/release/com/github/twak/jutils/master-SNAPSHOT/maven-metadata.xml
[INFO] Downloading from maven-default-http-blocker: http://0.0.0.0/com/github/twak/jutils/master-SNAPSHOT/maven-metadata.xml
[INFO] Downloaded from jitpack.io: https://jitpack.io/com/github/twak/jutils/master-SNAPSHOT/maven-metadata.xml (379 B at 464 B/s)
[INFO] Downloading from maven-default-http-blocker: http://0.0.0.0/com/github/gwlucastrig/Tinfour/-SNAPSHOT/maven-metadata.xml
[INFO] Downloading from osgeo: https://repo.osgeo.org/repository/release/com/github/gwlucastrig/Tinfour/-SNAPSHOT/maven-metadata.xml
[INFO] Downloading from jitpack.io: https://jitpack.io/com/github/gwlucastrig/Tinfour/-SNAPSHOT/maven-metadata.xml
[INFO] Downloaded from jitpack.io: https://jitpack.io/com/github/gwlucastrig/Tinfour/-SNAPSHOT/maven-metadata.xml (381 B at 1.0 kB/s)
[INFO] Downloading from maven-default-http-blocker: http://0.0.0.0/com/github/gwlucastrig/Tinfour/TinfourAnalysis/-SNAPSHOT/maven-metadata.xml
[INFO] Downloading from jitpack.io: https://jitpack.io/com/github/gwlucastrig/Tinfour/TinfourAnalysis/-SNAPSHOT/maven-metadata.xml
[INFO] Downloading from osgeo: https://repo.osgeo.org/repository/release/com/github/gwlucastrig/Tinfour/TinfourAnalysis/-SNAPSHOT/maven-metadata.xml
[INFO] Downloaded from jitpack.io: https://jitpack.io/com/github/gwlucastrig/Tinfour/TinfourAnalysis/-SNAPSHOT/maven-metadata.xml (397 B at 1.5 kB/s)
[INFO] Downloading from maven-default-http-blocker: http://0.0.0.0/com/github/gwlucastrig/Tinfour/Tinfour/-SNAPSHOT/maven-metadata.xml
[INFO] Downloading from osgeo: https://repo.osgeo.org/repository/release/com/github/gwlucastrig/Tinfour/Tinfour/-SNAPSHOT/maven-metadata.xml
[INFO] Downloading from jitpack.io: https://jitpack.io/com/github/gwlucastrig/Tinfour/Tinfour/-SNAPSHOT/maven-metadata.xml
[INFO] Downloaded from jitpack.io: https://jitpack.io/com/github/gwlucastrig/Tinfour/Tinfour/-SNAPSHOT/maven-metadata.xml (389 B at 1.3 kB/s)
[INFO] Downloading from maven-default-http-blocker: http://0.0.0.0/com/github/gwlucastrig/Tinfour/TinfourCore/-SNAPSHOT/maven-metadata.xml
[INFO] Downloading from osgeo: https://repo.osgeo.org/repository/release/com/github/gwlucastrig/Tinfour/TinfourCore/-SNAPSHOT/maven-metadata.xml
[INFO] Downloading from jitpack.io: https://jitpack.io/com/github/gwlucastrig/Tinfour/TinfourCore/-SNAPSHOT/maven-metadata.xml
[INFO] Downloaded from jitpack.io: https://jitpack.io/com/github/gwlucastrig/Tinfour/TinfourCore/-SNAPSHOT/maven-metadata.xml (393 B at 1.4 kB/s)
[INFO] Downloading from maven-default-http-blocker: http://0.0.0.0/com/github/gwlucastrig/Tinfour/TinfourDemo/-SNAPSHOT/maven-metadata.xml
[INFO] Downloading from osgeo: https://repo.osgeo.org/repository/release/com/github/gwlucastrig/Tinfour/TinfourDemo/-SNAPSHOT/maven-metadata.xml
[INFO] Downloading from jitpack.io: https://jitpack.io/com/github/gwlucastrig/Tinfour/TinfourDemo/-SNAPSHOT/maven-metadata.xml
[INFO] Downloaded from jitpack.io: https://jitpack.io/com/github/gwlucastrig/Tinfour/TinfourDemo/-SNAPSHOT/maven-metadata.xml (393 B at 1.3 kB/s)
[INFO] Downloading from maven-default-http-blocker: http://0.0.0.0/com/github/gwlucastrig/Tinfour/TinfourGis/-SNAPSHOT/maven-metadata.xml
[INFO] Downloading from osgeo: https://repo.osgeo.org/repository/release/com/github/gwlucastrig/Tinfour/TinfourGis/-SNAPSHOT/maven-metadata.xml
[INFO] Downloading from jitpack.io: https://jitpack.io/com/github/gwlucastrig/Tinfour/TinfourGis/-SNAPSHOT/maven-metadata.xml
[INFO] Downloaded from jitpack.io: https://jitpack.io/com/github/gwlucastrig/Tinfour/TinfourGis/-SNAPSHOT/maven-metadata.xml (392 B at 1.3 kB/s)
[INFO] Downloading from maven-default-http-blocker: http://0.0.0.0/com/github/gwlucastrig/Tinfour/TinfourSvm/-SNAPSHOT/maven-metadata.xml
[INFO] Downloading from jitpack.io: https://jitpack.io/com/github/gwlucastrig/Tinfour/TinfourSvm/-SNAPSHOT/maven-metadata.xml
[INFO] Downloading from osgeo: https://repo.osgeo.org/repository/release/com/github/gwlucastrig/Tinfour/TinfourSvm/-SNAPSHOT/maven-metadata.xml
[INFO] Downloaded from jitpack.io: https://jitpack.io/com/github/gwlucastrig/Tinfour/TinfourSvm/-SNAPSHOT/maven-metadata.xml (392 B at 1.4 kB/s)
[INFO] Downloading from maven-default-http-blocker: http://0.0.0.0/ch/ethz/globis/phtree/phtree/maven-metadata.xml
[INFO] Downloading from osgeo: https://repo.osgeo.org/repository/release/ch/ethz/globis/phtree/phtree/maven-metadata.xml
[INFO] Downloading from jitpack.io: https://jitpack.io/ch/ethz/globis/phtree/phtree/maven-metadata.xml
[INFO] Downloading from central: https://repo.maven.apache.org/maven2/ch/ethz/globis/phtree/phtree/maven-metadata.xml
[INFO] Downloaded from central: https://repo.maven.apache.org/maven2/ch/ethz/globis/phtree/phtree/maven-metadata.xml (644 B at 5.2 kB/s)
[INFO] Downloading from maven-default-http-blocker: http://0.0.0.0/org/dyn4j/dyn4j/maven-metadata.xml
[INFO] Downloading from osgeo: https://repo.osgeo.org/repository/release/org/dyn4j/dyn4j/maven-metadata.xml
[INFO] Downloading from jitpack.io: https://jitpack.io/org/dyn4j/dyn4j/maven-metadata.xml
[INFO] Downloading from central: https://repo.maven.apache.org/maven2/org/dyn4j/dyn4j/maven-metadata.xml
[INFO] Downloaded from central: https://repo.maven.apache.org/maven2/org/dyn4j/dyn4j/maven-metadata.xml (1.3 kB at 13 kB/s)
[INFO] Downloading from osgeo: https://repo.osgeo.org/repository/release/org/dyn4j/dyn4j/5.0.0/dyn4j-5.0.0.pom
[INFO] Downloading from jitpack.io: https://jitpack.io/org/dyn4j/dyn4j/5.0.0/dyn4j-5.0.0.pom
[INFO] Downloading from central: https://repo.maven.apache.org/maven2/org/dyn4j/dyn4j/5.0.0/dyn4j-5.0.0.pom
[INFO] Downloaded from central: https://repo.maven.apache.org/maven2/org/dyn4j/dyn4j/5.0.0/dyn4j-5.0.0.pom (17 kB at 1.1 MB/s)
[INFO] Downloading from osgeo: https://repo.osgeo.org/repository/release/org/dyn4j/dyn4j/5.0.1/dyn4j-5.0.1.pom
[INFO] Downloading from jitpack.io: https://jitpack.io/org/dyn4j/dyn4j/5.0.1/dyn4j-5.0.1.pom
[INFO] Downloading from central: https://repo.maven.apache.org/maven2/org/dyn4j/dyn4j/5.0.1/dyn4j-5.0.1.pom
[INFO] Downloaded from central: https://repo.maven.apache.org/maven2/org/dyn4j/dyn4j/5.0.1/dyn4j-5.0.1.pom (17 kB at 1.3 MB/s)
[INFO] Downloading from osgeo: https://repo.osgeo.org/repository/release/org/junit/jupiter/junit-jupiter-api/maven-metadata.xml
[INFO] Downloading from jitpack.io: https://jitpack.io/org/junit/jupiter/junit-jupiter-api/maven-metadata.xml
[INFO] Downloading from central: https://repo.maven.apache.org/maven2/org/junit/jupiter/junit-jupiter-api/maven-metadata.xml
[INFO] Downloading from maven-default-http-blocker: http://0.0.0.0/org/junit/jupiter/junit-jupiter-api/maven-metadata.xml
[INFO] Downloaded from central: https://repo.maven.apache.org/maven2/org/junit/jupiter/junit-jupiter-api/maven-metadata.xml (2.2 kB at 316 kB/s)
[INFO] Downloading from maven-default-http-blocker: http://0.0.0.0/org/junit/jupiter/junit-jupiter-engine/maven-metadata.xml
[INFO] Downloading from osgeo: https://repo.osgeo.org/repository/release/org/junit/jupiter/junit-jupiter-engine/maven-metadata.xml
[INFO] Downloading from jitpack.io: https://jitpack.io/org/junit/jupiter/junit-jupiter-engine/maven-metadata.xml
[INFO] Downloading from central: https://repo.maven.apache.org/maven2/org/dyn4j/dyn4j/5.0.1/dyn4j-5.0.1.jar
[INFO] Downloaded from central: https://repo.maven.apache.org/maven2/org/dyn4j/dyn4j/5.0.1/dyn4j-5.0.1.jar (485 kB at 12 MB/s)
[INFO] 
[INFO] --- maven-clean-plugin:2.5:clean (default-clean) @ PGS ---
[INFO] 
[INFO] --- maven-resources-plugin:2.6:resources (default-resources) @ PGS ---
[WARNING] Using platform encoding (UTF-8 actually) to copy filtered resources, i.e. build is platform dependent!
[INFO] skip non existing resourceDirectory /home/gabsko/breaking-updates/src/main/resources
[INFO] 
[INFO] --- maven-compiler-plugin:3.8.1:compile (default-compile) @ PGS ---
[INFO] Changes detected - recompiling the module!
[INFO] Compiling 45 source files to /home/gabsko/breaking-updates/target/classes
[INFO] -------------------------------------------------------------
[ERROR] COMPILATION ERROR : 
[INFO] -------------------------------------------------------------
[ERROR] /home/gabsko/breaking-updates/src/main/java/micycle/pgs/utility/PolygonDecomposition.java:[35,27] package org.dyn4j.resources does not exist
[ERROR] /home/gabsko/breaking-updates/src/main/java/micycle/pgs/utility/PolygonDecomposition.java:[75,56] cannot find symbol
  symbol:   variable Messages
  location: class micycle.pgs.utility.PolygonDecomposition
[ERROR] /home/gabsko/breaking-updates/src/main/java/micycle/pgs/utility/PolygonDecomposition.java:[80,60] cannot find symbol
  symbol:   variable Messages
  location: class micycle.pgs.utility.PolygonDecomposition
[ERROR] /home/gabsko/breaking-updates/src/main/java/micycle/pgs/utility/PolygonDecomposition.java:[279,44] cannot find symbol
  symbol:   variable Messages
  location: class micycle.pgs.utility.PolygonDecomposition
[INFO] 4 errors 
[INFO] -------------------------------------------------------------
[INFO] ------------------------------------------------------------------------
[INFO] BUILD FAILURE
[INFO] ------------------------------------------------------------------------
[INFO] Total time:  9.166 s
[INFO] Finished at: 2023-01-07T02:04:45Z
[INFO] ------------------------------------------------------------------------
[ERROR] Failed to execute goal org.apache.maven.plugins:maven-compiler-plugin:3.8.1:compile (default-compile) on project PGS: Compilation failure: Compilation failure: 
[ERROR] /home/gabsko/breaking-updates/src/main/java/micycle/pgs/utility/PolygonDecomposition.java:[35,27] package org.dyn4j.resources does not exist
[ERROR] /home/gabsko/breaking-updates/src/main/java/micycle/pgs/utility/PolygonDecomposition.java:[75,56] cannot find symbol
[ERROR]   symbol:   variable Messages
[ERROR]   location: class micycle.pgs.utility.PolygonDecomposition
[ERROR] /home/gabsko/breaking-updates/src/main/java/micycle/pgs/utility/PolygonDecomposition.java:[80,60] cannot find symbol
[ERROR]   symbol:   variable Messages
[ERROR]   location: class micycle.pgs.utility.PolygonDecomposition
[ERROR] /home/gabsko/breaking-updates/src/main/java/micycle/pgs/utility/PolygonDecomposition.java:[279,44] cannot find symbol
[ERROR]   symbol:   variable Messages
[ERROR]   location: class micycle.pgs.utility.PolygonDecomposition
[ERROR] -> [Help 1]
[ERROR] 
[ERROR] To see the full stack trace of the errors, re-run Maven with the -e switch.
[ERROR] Re-run Maven using the -X switch to enable full debug logging.
[ERROR] 
[ERROR] For more information about the errors and possible solutions, please read the following articles:
[ERROR] [Help 1] http://cwiki.apache.org/confluence/display/MAVEN/MojoFailureException
