[INFO] Scanning for projects...
[INFO] Downloading from central: https://repo.maven.apache.org/maven2/io/airlift/airbase/130/airbase-130.pom
[INFO] Downloaded from central: https://repo.maven.apache.org/maven2/io/airlift/airbase/130/airbase-130.pom (72 kB at 348 kB/s)
[INFO] Downloading from central: https://repo.maven.apache.org/maven2/com/google/cloud/libraries-bom/26.1.2/libraries-bom-26.1.2.pom
[INFO] Downloaded from central: https://repo.maven.apache.org/maven2/com/google/cloud/libraries-bom/26.1.2/libraries-bom-26.1.2.pom (4.9 kB at 223 kB/s)
[INFO] Downloading from central: https://repo.maven.apache.org/maven2/com/google/cloud/first-party-dependencies/3.0.3/first-party-dependencies-3.0.3.pom
[INFO] Downloaded from central: https://repo.maven.apache.org/maven2/com/google/cloud/first-party-dependencies/3.0.3/first-party-dependencies-3.0.3.pom (7.1 kB at 340 kB/s)
[INFO] Downloading from central: https://repo.maven.apache.org/maven2/io/grpc/grpc-bom/1.49.0/grpc-bom-1.49.0.pom
[INFO] Downloaded from central: https://repo.maven.apache.org/maven2/io/grpc/grpc-bom/1.49.0/grpc-bom-1.49.0.pom (5.1 kB at 632 kB/s)
[INFO] Downloading from central: https://repo.maven.apache.org/maven2/com/google/api/gax-bom/2.19.1/gax-bom-2.19.1.pom
[INFO] Downloaded from central: https://repo.maven.apache.org/maven2/com/google/api/gax-bom/2.19.1/gax-bom-2.19.1.pom (2.7 kB at 385 kB/s)
[INFO] Downloading from central: https://repo.maven.apache.org/maven2/com/google/cloud/google-cloud-core-bom/2.8.12/google-cloud-core-bom-2.8.12.pom
[INFO] Downloaded from central: https://repo.maven.apache.org/maven2/com/google/cloud/google-cloud-core-bom/2.8.12/google-cloud-core-bom-2.8.12.pom (3.0 kB at 427 kB/s)
[INFO] Downloading from central: https://repo.maven.apache.org/maven2/com/google/cloud/google-cloud-bom/0.179.0/google-cloud-bom-0.179.0.pom
[INFO] Downloaded from central: https://repo.maven.apache.org/maven2/com/google/cloud/google-cloud-bom/0.179.0/google-cloud-bom-0.179.0.pom (34 kB at 2.8 MB/s)
[INFO] Downloading from central: https://repo.maven.apache.org/maven2/com/google/cloud/google-cloud-accessapproval-bom/2.4.5/google-cloud-accessapproval-bom-2.4.5.pom
[INFO] Downloaded from central: https://repo.maven.apache.org/maven2/com/google/cloud/google-cloud-accessapproval-bom/2.4.5/google-cloud-accessapproval-bom-2.4.5.pom (2.8 kB at 349 kB/s)
[INFO] Downloading from central: https://repo.maven.apache.org/maven2/com/google/cloud/google-cloud-aiplatform-bom/3.3.0/google-cloud-aiplatform-bom-3.3.0.pom
[INFO] Downloaded from central: https://repo.maven.apache.org/maven2/com/google/cloud/google-cloud-aiplatform-bom/3.3.0/google-cloud-aiplatform-bom-3.3.0.pom (3.3 kB at 416 kB/s)
[INFO] Downloading from central: https://repo.maven.apache.org/maven2/com/google/cloud/google-cloud-api-gateway-bom/2.3.4/google-cloud-api-gateway-bom-2.3.4.pom
[INFO] Downloaded from central: https://repo.maven.apache.org/maven2/com/google/cloud/google-cloud-api-gateway-bom/2.3.4/google-cloud-api-gateway-bom-2.3.4.pom (2.8 kB at 165 kB/s)
[INFO] Downloading from central: https://repo.maven.apache.org/maven2/com/google/cloud/google-cloud-artifact-registry-bom/1.2.7/google-cloud-artifact-registry-bom-1.2.7.pom
[INFO] Downloaded from central: https://repo.maven.apache.org/maven2/com/google/cloud/google-cloud-artifact-registry-bom/1.2.7/google-cloud-artifact-registry-bom-1.2.7.pom (3.4 kB at 313 kB/s)
[INFO] Downloading from central: https://repo.maven.apache.org/maven2/com/google/cloud/google-cloud-asset-bom/3.6.0/google-cloud-asset-bom-3.6.0.pom
[INFO] Downloaded from central: https://repo.maven.apache.org/maven2/com/google/cloud/google-cloud-asset-bom/3.6.0/google-cloud-asset-bom-3.6.0.pom (4.7 kB at 429 kB/s)
[INFO] Downloading from central: https://repo.maven.apache.org/maven2/com/google/cloud/google-cloud-assured-workloads-bom/2.2.0/google-cloud-assured-workloads-bom-2.2.0.pom
[INFO] Downloaded from central: https://repo.maven.apache.org/maven2/com/google/cloud/google-cloud-assured-workloads-bom/2.2.0/google-cloud-assured-workloads-bom-2.2.0.pom (3.5 kB at 193 kB/s)
[INFO] Downloading from central: https://repo.maven.apache.org/maven2/com/google/cloud/google-cloud-automl-bom/2.3.10/google-cloud-automl-bom-2.3.10.pom
[INFO] Downloaded from central: https://repo.maven.apache.org/maven2/com/google/cloud/google-cloud-automl-bom/2.3.10/google-cloud-automl-bom-2.3.10.pom (3.2 kB at 320 kB/s)
[INFO] Downloading from central: https://repo.maven.apache.org/maven2/com/google/cloud/google-cloud-bigquerydatatransfer-bom/2.3.11/google-cloud-bigquerydatatransfer-bom-2.3.11.pom
[INFO] Downloaded from central: https://repo.maven.apache.org/maven2/com/google/cloud/google-cloud-bigquerydatatransfer-bom/2.3.11/google-cloud-bigquerydatatransfer-bom-2.3.11.pom (3.4 kB at 374 kB/s)
[INFO] Downloading from central: https://repo.maven.apache.org/maven2/com/google/cloud/google-cloud-bigquerystorage-bom/2.21.0/google-cloud-bigquerystorage-bom-2.21.0.pom
[INFO] Downloaded from central: https://repo.maven.apache.org/maven2/com/google/cloud/google-cloud-bigquerystorage-bom/2.21.0/google-cloud-bigquerystorage-bom-2.21.0.pom (4.4 kB at 366 kB/s)
[INFO] Downloading from central: https://repo.maven.apache.org/maven2/com/google/cloud/google-cloud-bigqueryconnection-bom/2.5.3/google-cloud-bigqueryconnection-bom-2.5.3.pom
[INFO] Downloaded from central: https://repo.maven.apache.org/maven2/com/google/cloud/google-cloud-bigqueryconnection-bom/2.5.3/google-cloud-bigqueryconnection-bom-2.5.3.pom (3.9 kB at 390 kB/s)
[INFO] Downloading from central: https://repo.maven.apache.org/maven2/com/google/cloud/google-cloud-bigqueryreservation-bom/2.4.4/google-cloud-bigqueryreservation-bom-2.4.4.pom
[INFO] Downloaded from central: https://repo.maven.apache.org/maven2/com/google/cloud/google-cloud-bigqueryreservation-bom/2.4.4/google-cloud-bigqueryreservation-bom-2.4.4.pom (3.4 kB at 419 kB/s)
[INFO] Downloading from central: https://repo.maven.apache.org/maven2/com/google/cloud/google-cloud-bigtable-bom/2.12.0/google-cloud-bigtable-bom-2.12.0.pom
[INFO] Downloaded from central: https://repo.maven.apache.org/maven2/com/google/cloud/google-cloud-bigtable-bom/2.12.0/google-cloud-bigtable-bom-2.12.0.pom (4.8 kB at 241 kB/s)
[INFO] Downloading from central: https://repo.maven.apache.org/maven2/com/google/cloud/google-cloud-billing-bom/2.3.3/google-cloud-billing-bom-2.3.3.pom
[INFO] Downloaded from central: https://repo.maven.apache.org/maven2/com/google/cloud/google-cloud-billing-bom/2.3.3/google-cloud-billing-bom-2.3.3.pom (2.7 kB at 122 kB/s)
[INFO] Downloading from central: https://repo.maven.apache.org/maven2/com/google/cloud/google-cloud-billingbudgets-bom/2.3.4/google-cloud-billingbudgets-bom-2.3.4.pom
[INFO] Downloaded from central: https://repo.maven.apache.org/maven2/com/google/cloud/google-cloud-billingbudgets-bom/2.3.4/google-cloud-billingbudgets-bom-2.3.4.pom (3.3 kB at 133 kB/s)
[INFO] Downloading from central: https://repo.maven.apache.org/maven2/com/google/cloud/google-cloud-binary-authorization-bom/1.2.6/google-cloud-binary-authorization-bom-1.2.6.pom
[INFO] Downloaded from central: https://repo.maven.apache.org/maven2/com/google/cloud/google-cloud-binary-authorization-bom/1.2.6/google-cloud-binary-authorization-bom-1.2.6.pom (3.5 kB at 109 kB/s)
[INFO] Downloading from central: https://repo.maven.apache.org/maven2/com/google/cloud/google-cloud-build-bom/3.5.4/google-cloud-build-bom-3.5.4.pom
[INFO] Downloaded from central: https://repo.maven.apache.org/maven2/com/google/cloud/google-cloud-build-bom/3.5.4/google-cloud-build-bom-3.5.4.pom (2.7 kB at 244 kB/s)
[INFO] Downloading from central: https://repo.maven.apache.org/maven2/com/google/cloud/google-cloud-channel-bom/3.7.4/google-cloud-channel-bom-3.7.4.pom
[INFO] Downloaded from central: https://repo.maven.apache.org/maven2/com/google/cloud/google-cloud-channel-bom/3.7.4/google-cloud-channel-bom-3.7.4.pom (2.8 kB at 308 kB/s)
[INFO] Downloading from central: https://repo.maven.apache.org/maven2/com/google/cloud/google-cloud-compute-bom/1.12.1/google-cloud-compute-bom-1.12.1.pom
[INFO] Downloaded from central: https://repo.maven.apache.org/maven2/com/google/cloud/google-cloud-compute-bom/1.12.1/google-cloud-compute-bom-1.12.1.pom (2.5 kB at 272 kB/s)
[INFO] Downloading from central: https://repo.maven.apache.org/maven2/com/google/cloud/google-cloud-container-bom/2.5.2/google-cloud-container-bom-2.5.2.pom
[INFO] Downloaded from central: https://repo.maven.apache.org/maven2/com/google/cloud/google-cloud-container-bom/2.5.2/google-cloud-container-bom-2.5.2.pom (3.2 kB at 405 kB/s)
[INFO] Downloading from central: https://repo.maven.apache.org/maven2/com/google/cloud/google-cloud-containeranalysis-bom/2.4.6/google-cloud-containeranalysis-bom-2.4.6.pom
[INFO] Downloaded from central: https://repo.maven.apache.org/maven2/com/google/cloud/google-cloud-containeranalysis-bom/2.4.6/google-cloud-containeranalysis-bom-2.4.6.pom (3.4 kB at 169 kB/s)
[INFO] Downloading from central: https://repo.maven.apache.org/maven2/com/google/cloud/google-cloud-data-fusion-bom/1.3.3/google-cloud-data-fusion-bom-1.3.3.pom
[INFO] Downloaded from central: https://repo.maven.apache.org/maven2/com/google/cloud/google-cloud-data-fusion-bom/1.3.3/google-cloud-data-fusion-bom-1.3.3.pom (3.3 kB at 372 kB/s)
[INFO] Downloading from central: https://repo.maven.apache.org/maven2/com/google/cloud/google-cloud-datacatalog-bom/1.9.4/google-cloud-datacatalog-bom-1.9.4.pom
[INFO] Downloaded from central: https://repo.maven.apache.org/maven2/com/google/cloud/google-cloud-datacatalog-bom/1.9.4/google-cloud-datacatalog-bom-1.9.4.pom (3.3 kB at 364 kB/s)
[INFO] Downloading from central: https://repo.maven.apache.org/maven2/com/google/cloud/google-cloud-datalabeling-bom/0.123.5/google-cloud-datalabeling-bom-0.123.5.pom
[INFO] Downloaded from central: https://repo.maven.apache.org/maven2/com/google/cloud/google-cloud-datalabeling-bom/0.123.5/google-cloud-datalabeling-bom-0.123.5.pom (2.8 kB at 398 kB/s)
[INFO] Downloading from central: https://repo.maven.apache.org/maven2/com/google/cloud/google-cloud-dataproc-bom/4.0.5/google-cloud-dataproc-bom-4.0.5.pom
[INFO] Downloaded from central: https://repo.maven.apache.org/maven2/com/google/cloud/google-cloud-dataproc-bom/4.0.5/google-cloud-dataproc-bom-4.0.5.pom (2.7 kB at 301 kB/s)
[INFO] Downloading from central: https://repo.maven.apache.org/maven2/com/google/cloud/google-cloud-dataproc-metastore-bom/2.4.3/google-cloud-dataproc-metastore-bom-2.4.3.pom
[INFO] Downloaded from central: https://repo.maven.apache.org/maven2/com/google/cloud/google-cloud-dataproc-metastore-bom/2.4.3/google-cloud-dataproc-metastore-bom-2.4.3.pom (4.0 kB at 446 kB/s)
[INFO] Downloading from central: https://repo.maven.apache.org/maven2/com/google/cloud/google-cloud-datastore-bom/2.11.2/google-cloud-datastore-bom-2.11.2.pom
[INFO] Downloaded from central: https://repo.maven.apache.org/maven2/com/google/cloud/google-cloud-datastore-bom/2.11.2/google-cloud-datastore-bom-2.11.2.pom (3.0 kB at 429 kB/s)
[INFO] Downloading from central: https://repo.maven.apache.org/maven2/com/google/cloud/google-cloud-datastream-bom/1.2.0/google-cloud-datastream-bom-1.2.0.pom
[INFO] Downloaded from central: https://repo.maven.apache.org/maven2/com/google/cloud/google-cloud-datastream-bom/1.2.0/google-cloud-datastream-bom-1.2.0.pom (3.3 kB at 415 kB/s)
[INFO] Downloading from central: https://repo.maven.apache.org/maven2/com/google/cloud/google-cloud-dataplex-bom/1.1.2/google-cloud-dataplex-bom-1.1.2.pom
[INFO] Downloaded from central: https://repo.maven.apache.org/maven2/com/google/cloud/google-cloud-dataplex-bom/1.1.2/google-cloud-dataplex-bom-1.1.2.pom (3.0 kB at 378 kB/s)
[INFO] Downloading from central: https://repo.maven.apache.org/maven2/com/google/cloud/google-cloud-debugger-client-bom/1.3.4/google-cloud-debugger-client-bom-1.3.4.pom
[INFO] Downloaded from central: https://repo.maven.apache.org/maven2/com/google/cloud/google-cloud-debugger-client-bom/1.3.4/google-cloud-debugger-client-bom-1.3.4.pom (3.1 kB at 446 kB/s)
[INFO] Downloading from central: https://repo.maven.apache.org/maven2/com/google/cloud/google-cloud-deploy-bom/1.1.6/google-cloud-deploy-bom-1.1.6.pom
[INFO] Downloaded from central: https://repo.maven.apache.org/maven2/com/google/cloud/google-cloud-deploy-bom/1.1.6/google-cloud-deploy-bom-1.1.6.pom (3.0 kB at 334 kB/s)
[INFO] Downloading from central: https://repo.maven.apache.org/maven2/com/google/cloud/google-cloud-dlp-bom/3.7.0/google-cloud-dlp-bom-3.7.0.pom
[INFO] Downloaded from central: https://repo.maven.apache.org/maven2/com/google/cloud/google-cloud-dlp-bom/3.7.0/google-cloud-dlp-bom-3.7.0.pom (2.6 kB at 293 kB/s)
[INFO] Downloading from central: https://repo.maven.apache.org/maven2/com/google/cloud/google-cloud-dialogflow-bom/4.8.2/google-cloud-dialogflow-bom-4.8.2.pom
[INFO] Downloaded from central: https://repo.maven.apache.org/maven2/com/google/cloud/google-cloud-dialogflow-bom/4.8.2/google-cloud-dialogflow-bom-4.8.2.pom (3.3 kB at 297 kB/s)
[INFO] Downloading from central: https://repo.maven.apache.org/maven2/com/google/cloud/google-cloud-dms-bom/2.2.5/google-cloud-dms-bom-2.2.5.pom
[INFO] Downloaded from central: https://repo.maven.apache.org/maven2/com/google/cloud/google-cloud-dms-bom/2.2.5/google-cloud-dms-bom-2.2.5.pom (2.7 kB at 183 kB/s)
[INFO] Downloading from central: https://repo.maven.apache.org/maven2/com/google/cloud/google-cloud-document-ai-bom/2.7.0/google-cloud-document-ai-bom-2.7.0.pom
[INFO] Downloaded from central: https://repo.maven.apache.org/maven2/com/google/cloud/google-cloud-document-ai-bom/2.7.0/google-cloud-document-ai-bom-2.7.0.pom (4.3 kB at 619 kB/s)
[INFO] Downloading from central: https://repo.maven.apache.org/maven2/com/google/cloud/google-cloud-errorreporting-bom/0.124.7-beta/google-cloud-errorreporting-bom-0.124.7-beta.pom
[INFO] Downloaded from central: https://repo.maven.apache.org/maven2/com/google/cloud/google-cloud-errorreporting-bom/0.124.7-beta/google-cloud-errorreporting-bom-0.124.7-beta.pom (2.8 kB at 314 kB/s)
[INFO] Downloading from central: https://repo.maven.apache.org/maven2/com/google/cloud/google-cloud-essential-contacts-bom/2.3.4/google-cloud-essential-contacts-bom-2.3.4.pom
[INFO] Downloaded from central: https://repo.maven.apache.org/maven2/com/google/cloud/google-cloud-essential-contacts-bom/2.3.4/google-cloud-essential-contacts-bom-2.3.4.pom (2.9 kB at 324 kB/s)
[INFO] Downloading from central: https://repo.maven.apache.org/maven2/com/google/cloud/google-cloud-eventarc-bom/1.3.6/google-cloud-eventarc-bom-1.3.6.pom
[INFO] Downloaded from central: https://repo.maven.apache.org/maven2/com/google/cloud/google-cloud-eventarc-bom/1.3.6/google-cloud-eventarc-bom-1.3.6.pom (2.8 kB at 307 kB/s)
[INFO] Downloading from central: https://repo.maven.apache.org/maven2/com/google/cloud/google-cloud-filestore-bom/1.4.3/google-cloud-filestore-bom-1.4.3.pom
[INFO] Downloaded from central: https://repo.maven.apache.org/maven2/com/google/cloud/google-cloud-filestore-bom/1.4.3/google-cloud-filestore-bom-1.4.3.pom (3.3 kB at 369 kB/s)
[INFO] Downloading from central: https://repo.maven.apache.org/maven2/com/google/cloud/google-cloud-firestore-bom/3.5.0/google-cloud-firestore-bom-3.5.0.pom
[INFO] Downloaded from central: https://repo.maven.apache.org/maven2/com/google/cloud/google-cloud-firestore-bom/3.5.0/google-cloud-firestore-bom-3.5.0.pom (3.8 kB at 469 kB/s)
[INFO] Downloading from central: https://repo.maven.apache.org/maven2/com/google/cloud/google-cloud-functions-bom/2.5.2/google-cloud-functions-bom-2.5.2.pom
[INFO] Downloaded from central: https://repo.maven.apache.org/maven2/com/google/cloud/google-cloud-functions-bom/2.5.2/google-cloud-functions-bom-2.5.2.pom (4.3 kB at 180 kB/s)
[INFO] Downloading from central: https://repo.maven.apache.org/maven2/com/google/cloud/google-cloud-game-servers-bom/2.3.3/google-cloud-game-servers-bom-2.3.3.pom
[INFO] Downloaded from central: https://repo.maven.apache.org/maven2/com/google/cloud/google-cloud-game-servers-bom/2.3.3/google-cloud-game-servers-bom-2.3.3.pom (3.3 kB at 194 kB/s)
[INFO] Downloading from central: https://repo.maven.apache.org/maven2/com/google/cloud/google-cloud-gkehub-bom/1.3.4/google-cloud-gkehub-bom-1.3.4.pom
[INFO] Downloaded from central: https://repo.maven.apache.org/maven2/com/google/cloud/google-cloud-gkehub-bom/1.3.4/google-cloud-gkehub-bom-1.3.4.pom (4.8 kB at 149 kB/s)
[INFO] Downloading from central: https://repo.maven.apache.org/maven2/com/google/cloud/google-cloud-gsuite-addons-bom/2.3.4/google-cloud-gsuite-addons-bom-2.3.4.pom
[INFO] Downloaded from central: https://repo.maven.apache.org/maven2/com/google/cloud/google-cloud-gsuite-addons-bom/2.3.4/google-cloud-gsuite-addons-bom-2.3.4.pom (3.1 kB at 391 kB/s)
[INFO] Downloading from central: https://repo.maven.apache.org/maven2/com/google/cloud/google-cloud-iamcredentials-bom/2.3.4/google-cloud-iamcredentials-bom-2.3.4.pom
[INFO] Downloaded from central: https://repo.maven.apache.org/maven2/com/google/cloud/google-cloud-iamcredentials-bom/2.3.4/google-cloud-iamcredentials-bom-2.3.4.pom (2.8 kB at 148 kB/s)
[INFO] Downloading from central: https://repo.maven.apache.org/maven2/com/google/cloud/google-cloud-ids-bom/1.2.4/google-cloud-ids-bom-1.2.4.pom
[INFO] Downloaded from central: https://repo.maven.apache.org/maven2/com/google/cloud/google-cloud-ids-bom/1.2.4/google-cloud-ids-bom-1.2.4.pom (3.0 kB at 374 kB/s)
[INFO] Downloading from central: https://repo.maven.apache.org/maven2/com/google/cloud/google-cloud-iot-bom/2.3.4/google-cloud-iot-bom-2.3.4.pom
[INFO] Downloaded from central: https://repo.maven.apache.org/maven2/com/google/cloud/google-cloud-iot-bom/2.3.4/google-cloud-iot-bom-2.3.4.pom (2.6 kB at 330 kB/s)
[INFO] Downloading from central: https://repo.maven.apache.org/maven2/com/google/cloud/google-cloud-kms-bom/2.6.6/google-cloud-kms-bom-2.6.6.pom
[INFO] Downloaded from central: https://repo.maven.apache.org/maven2/com/google/cloud/google-cloud-kms-bom/2.6.6/google-cloud-kms-bom-2.6.6.pom (2.6 kB at 330 kB/s)
[INFO] Downloading from central: https://repo.maven.apache.org/maven2/com/google/cloud/google-cloud-language-bom/2.3.4/google-cloud-language-bom-2.3.4.pom
[INFO] Downloaded from central: https://repo.maven.apache.org/maven2/com/google/cloud/google-cloud-language-bom/2.3.4/google-cloud-language-bom-2.3.4.pom (3.2 kB at 323 kB/s)
[INFO] Downloading from central: https://repo.maven.apache.org/maven2/com/google/cloud/google-cloud-logging-bom/3.11.1/google-cloud-logging-bom-3.11.1.pom
[INFO] Downloaded from central: https://repo.maven.apache.org/maven2/com/google/cloud/google-cloud-logging-bom/3.11.1/google-cloud-logging-bom-3.11.1.pom (2.7 kB at 270 kB/s)
[INFO] Downloading from central: https://repo.maven.apache.org/maven2/com/google/cloud/google-cloud-managed-identities-bom/1.1.4/google-cloud-managed-identities-bom-1.1.4.pom
[INFO] Downloaded from central: https://repo.maven.apache.org/maven2/com/google/cloud/google-cloud-managed-identities-bom/1.1.4/google-cloud-managed-identities-bom-1.1.4.pom (3.0 kB at 370 kB/s)
[INFO] Downloading from central: https://repo.maven.apache.org/maven2/com/google/cloud/google-cloud-mediatranslation-bom/0.9.4/google-cloud-mediatranslation-bom-0.9.4.pom
[INFO] Downloaded from central: https://repo.maven.apache.org/maven2/com/google/cloud/google-cloud-mediatranslation-bom/0.9.4/google-cloud-mediatranslation-bom-0.9.4.pom (2.8 kB at 354 kB/s)
[INFO] Downloading from central: https://repo.maven.apache.org/maven2/com/google/cloud/google-cloud-memcache-bom/2.3.4/google-cloud-memcache-bom-2.3.4.pom
[INFO] Downloaded from central: https://repo.maven.apache.org/maven2/com/google/cloud/google-cloud-memcache-bom/2.3.4/google-cloud-memcache-bom-2.3.4.pom (3.3 kB at 413 kB/s)
[INFO] Downloading from central: https://repo.maven.apache.org/maven2/com/google/cloud/google-cloud-monitoring-bom/3.4.4/google-cloud-monitoring-bom-3.4.4.pom
[INFO] Downloaded from central: https://repo.maven.apache.org/maven2/com/google/cloud/google-cloud-monitoring-bom/3.4.4/google-cloud-monitoring-bom-3.4.4.pom (2.7 kB at 390 kB/s)
[INFO] Downloading from central: https://repo.maven.apache.org/maven2/com/google/cloud/google-cloud-monitoring-dashboard-bom/2.5.4/google-cloud-monitoring-dashboard-bom-2.5.4.pom
[INFO] Downloaded from central: https://repo.maven.apache.org/maven2/com/google/cloud/google-cloud-monitoring-dashboard-bom/2.5.4/google-cloud-monitoring-dashboard-bom-2.5.4.pom (2.9 kB at 125 kB/s)
[INFO] Downloading from central: https://repo.maven.apache.org/maven2/com/google/cloud/google-cloud-network-management-bom/1.4.2/google-cloud-network-management-bom-1.4.2.pom
[INFO] Downloaded from central: https://repo.maven.apache.org/maven2/com/google/cloud/google-cloud-network-management-bom/1.4.2/google-cloud-network-management-bom-1.4.2.pom (3.5 kB at 386 kB/s)
[INFO] Downloading from central: https://repo.maven.apache.org/maven2/com/google/cloud/google-cloud-networkconnectivity-bom/1.2.5/google-cloud-networkconnectivity-bom-1.2.5.pom
[INFO] Downloaded from central: https://repo.maven.apache.org/maven2/com/google/cloud/google-cloud-networkconnectivity-bom/1.2.5/google-cloud-networkconnectivity-bom-1.2.5.pom (3.5 kB at 438 kB/s)
[INFO] Downloading from central: https://repo.maven.apache.org/maven2/com/google/cloud/google-cloud-optimization-bom/1.1.10/google-cloud-optimization-bom-1.1.10.pom
[INFO] Downloaded from central: https://repo.maven.apache.org/maven2/com/google/cloud/google-cloud-optimization-bom/1.1.10/google-cloud-optimization-bom-1.1.10.pom (3.1 kB at 441 kB/s)
[INFO] Downloading from central: https://repo.maven.apache.org/maven2/com/google/cloud/google-cloud-orchestration-airflow-bom/1.3.4/google-cloud-orchestration-airflow-bom-1.3.4.pom
[INFO] Downloaded from central: https://repo.maven.apache.org/maven2/com/google/cloud/google-cloud-orchestration-airflow-bom/1.3.4/google-cloud-orchestration-airflow-bom-1.3.4.pom (3.5 kB at 350 kB/s)
[INFO] Downloading from central: https://repo.maven.apache.org/maven2/com/google/cloud/google-cloud-orgpolicy-bom/2.3.4/google-cloud-orgpolicy-bom-2.3.4.pom
[INFO] Downloaded from central: https://repo.maven.apache.org/maven2/com/google/cloud/google-cloud-orgpolicy-bom/2.3.4/google-cloud-orgpolicy-bom-2.3.4.pom (3.0 kB at 374 kB/s)
[INFO] Downloading from central: https://repo.maven.apache.org/maven2/com/google/cloud/google-cloud-os-config-bom/2.5.4/google-cloud-os-config-bom-2.5.4.pom
[INFO] Downloaded from central: https://repo.maven.apache.org/maven2/com/google/cloud/google-cloud-os-config-bom/2.5.4/google-cloud-os-config-bom-2.5.4.pom (3.7 kB at 374 kB/s)
[INFO] Downloading from central: https://repo.maven.apache.org/maven2/com/google/cloud/google-cloud-os-login-bom/2.2.5/google-cloud-os-login-bom-2.2.5.pom
[INFO] Downloaded from central: https://repo.maven.apache.org/maven2/com/google/cloud/google-cloud-os-login-bom/2.2.5/google-cloud-os-login-bom-2.2.5.pom (2.7 kB at 159 kB/s)
[INFO] Downloading from central: https://repo.maven.apache.org/maven2/com/google/cloud/google-cloud-phishingprotection-bom/0.34.4/google-cloud-phishingprotection-bom-0.34.4.pom
[INFO] Downloaded from central: https://repo.maven.apache.org/maven2/com/google/cloud/google-cloud-phishingprotection-bom/0.34.4/google-cloud-phishingprotection-bom-0.34.4.pom (2.9 kB at 239 kB/s)
[INFO] Downloading from central: https://repo.maven.apache.org/maven2/com/google/cloud/google-cloud-policy-troubleshooter-bom/1.2.4/google-cloud-policy-troubleshooter-bom-1.2.4.pom
[INFO] Downloaded from central: https://repo.maven.apache.org/maven2/com/google/cloud/google-cloud-policy-troubleshooter-bom/1.2.4/google-cloud-policy-troubleshooter-bom-1.2.4.pom (3.0 kB at 370 kB/s)
[INFO] Downloading from central: https://repo.maven.apache.org/maven2/com/google/cloud/google-cloud-profiler-bom/2.3.3/google-cloud-profiler-bom-2.3.3.pom
[INFO] Downloaded from central: https://repo.maven.apache.org/maven2/com/google/cloud/google-cloud-profiler-bom/2.3.3/google-cloud-profiler-bom-2.3.3.pom (2.8 kB at 347 kB/s)
[INFO] Downloading from central: https://repo.maven.apache.org/maven2/com/google/cloud/google-cloud-pubsub-bom/1.120.16/google-cloud-pubsub-bom-1.120.16.pom
[INFO] Downloaded from central: https://repo.maven.apache.org/maven2/com/google/cloud/google-cloud-pubsub-bom/1.120.16/google-cloud-pubsub-bom-1.120.16.pom (2.7 kB at 245 kB/s)
[INFO] Downloading from central: https://repo.maven.apache.org/maven2/com/google/cloud/google-cloud-pubsublite-bom/1.7.0/google-cloud-pubsublite-bom-1.7.0.pom
[INFO] Downloaded from central: https://repo.maven.apache.org/maven2/com/google/cloud/google-cloud-pubsublite-bom/1.7.0/google-cloud-pubsublite-bom-1.7.0.pom (2.7 kB at 272 kB/s)
[INFO] Downloading from central: https://repo.maven.apache.org/maven2/com/google/cloud/google-cloud-recaptchaenterprise-bom/3.0.8/google-cloud-recaptchaenterprise-bom-3.0.8.pom
[INFO] Downloaded from central: https://repo.maven.apache.org/maven2/com/google/cloud/google-cloud-recaptchaenterprise-bom/3.0.8/google-cloud-recaptchaenterprise-bom-3.0.8.pom (3.4 kB at 142 kB/s)
[INFO] Downloading from central: https://repo.maven.apache.org/maven2/com/google/cloud/google-cloud-recommender-bom/2.5.4/google-cloud-recommender-bom-2.5.4.pom
[INFO] Downloaded from central: https://repo.maven.apache.org/maven2/com/google/cloud/google-cloud-recommender-bom/2.5.4/google-cloud-recommender-bom-2.5.4.pom (3.3 kB at 364 kB/s)
[INFO] Downloading from central: https://repo.maven.apache.org/maven2/com/google/cloud/google-cloud-redis-bom/2.6.4/google-cloud-redis-bom-2.6.4.pom
[INFO] Downloaded from central: https://repo.maven.apache.org/maven2/com/google/cloud/google-cloud-redis-bom/2.6.4/google-cloud-redis-bom-2.6.4.pom (3.2 kB at 117 kB/s)
[INFO] Downloading from central: https://repo.maven.apache.org/maven2/com/google/cloud/google-cloud-resourcemanager-bom/1.5.5/google-cloud-resourcemanager-bom-1.5.5.pom
[INFO] Downloaded from central: https://repo.maven.apache.org/maven2/com/google/cloud/google-cloud-resourcemanager-bom/1.5.5/google-cloud-resourcemanager-bom-1.5.5.pom (2.9 kB at 287 kB/s)
[INFO] Downloading from central: https://repo.maven.apache.org/maven2/com/google/cloud/google-cloud-resource-settings-bom/1.3.3/google-cloud-resource-settings-bom-1.3.3.pom
[INFO] Downloaded from central: https://repo.maven.apache.org/maven2/com/google/cloud/google-cloud-resource-settings-bom/1.3.3/google-cloud-resource-settings-bom-1.3.3.pom (2.9 kB at 362 kB/s)
[INFO] Downloading from central: https://repo.maven.apache.org/maven2/com/google/cloud/google-cloud-retail-bom/2.5.0/google-cloud-retail-bom-2.5.0.pom
[INFO] Downloaded from central: https://repo.maven.apache.org/maven2/com/google/cloud/google-cloud-retail-bom/2.5.0/google-cloud-retail-bom-2.5.0.pom (3.8 kB at 418 kB/s)
[INFO] Downloading from central: https://repo.maven.apache.org/maven2/com/google/cloud/google-cloud-scheduler-bom/2.3.8/google-cloud-scheduler-bom-2.3.8.pom
[INFO] Downloaded from central: https://repo.maven.apache.org/maven2/com/google/cloud/google-cloud-scheduler-bom/2.3.8/google-cloud-scheduler-bom-2.3.8.pom (3.2 kB at 405 kB/s)
[INFO] Downloading from central: https://repo.maven.apache.org/maven2/com/google/cloud/google-cloud-service-control-bom/1.3.3/google-cloud-service-control-bom-1.3.3.pom
[INFO] Downloaded from central: https://repo.maven.apache.org/maven2/com/google/cloud/google-cloud-service-control-bom/1.3.3/google-cloud-service-control-bom-1.3.3.pom (3.4 kB at 136 kB/s)
[INFO] Downloading from central: https://repo.maven.apache.org/maven2/com/google/cloud/google-cloud-secretmanager-bom/2.3.4/google-cloud-secretmanager-bom-2.3.4.pom
[INFO] Downloaded from central: https://repo.maven.apache.org/maven2/com/google/cloud/google-cloud-secretmanager-bom/2.3.4/google-cloud-secretmanager-bom-2.3.4.pom (3.3 kB at 166 kB/s)
[INFO] Downloading from central: https://repo.maven.apache.org/maven2/com/google/cloud/google-cloud-securitycenter-bom/2.10.0/google-cloud-securitycenter-bom-2.10.0.pom
[INFO] Downloaded from central: https://repo.maven.apache.org/maven2/com/google/cloud/google-cloud-securitycenter-bom/2.10.0/google-cloud-securitycenter-bom-2.10.0.pom (3.9 kB at 651 kB/s)
[INFO] Downloading from central: https://repo.maven.apache.org/maven2/com/google/cloud/google-cloud-security-private-ca-bom/2.5.3/google-cloud-security-private-ca-bom-2.5.3.pom
[INFO] Downloaded from central: https://repo.maven.apache.org/maven2/com/google/cloud/google-cloud-security-private-ca-bom/2.5.3/google-cloud-security-private-ca-bom-2.5.3.pom (3.5 kB at 389 kB/s)
[INFO] Downloading from central: https://repo.maven.apache.org/maven2/com/google/cloud/google-cloud-servicedirectory-bom/2.4.3/google-cloud-servicedirectory-bom-2.4.3.pom
[INFO] Downloaded from central: https://repo.maven.apache.org/maven2/com/google/cloud/google-cloud-servicedirectory-bom/2.4.3/google-cloud-servicedirectory-bom-2.4.3.pom (3.4 kB at 421 kB/s)
[INFO] Downloading from central: https://repo.maven.apache.org/maven2/com/google/cloud/google-cloud-service-management-bom/3.1.5/google-cloud-service-management-bom-3.1.5.pom
[INFO] Downloaded from central: https://repo.maven.apache.org/maven2/com/google/cloud/google-cloud-service-management-bom/3.1.5/google-cloud-service-management-bom-3.1.5.pom (2.9 kB at 364 kB/s)
[INFO] Downloading from central: https://repo.maven.apache.org/maven2/com/google/cloud/google-cloud-service-usage-bom/2.3.4/google-cloud-service-usage-bom-2.3.4.pom
[INFO] Downloaded from central: https://repo.maven.apache.org/maven2/com/google/cloud/google-cloud-service-usage-bom/2.3.4/google-cloud-service-usage-bom-2.3.4.pom (3.4 kB at 482 kB/s)
[INFO] Downloading from central: https://repo.maven.apache.org/maven2/com/google/cloud/google-cloud-shell-bom/2.2.6/google-cloud-shell-bom-2.2.6.pom
[INFO] Downloaded from central: https://repo.maven.apache.org/maven2/com/google/cloud/google-cloud-shell-bom/2.2.6/google-cloud-shell-bom-2.2.6.pom (2.7 kB at 105 kB/s)
[INFO] Downloading from central: https://repo.maven.apache.org/maven2/com/google/cloud/google-cloud-spanner-bom/6.30.0/google-cloud-spanner-bom-6.30.0.pom
[INFO] Downloaded from central: https://repo.maven.apache.org/maven2/com/google/cloud/google-cloud-spanner-bom/6.30.0/google-cloud-spanner-bom-6.30.0.pom (4.6 kB at 581 kB/s)
[INFO] Downloading from central: https://repo.maven.apache.org/maven2/com/google/cloud/google-cloud-speech-bom/2.5.7/google-cloud-speech-bom-2.5.7.pom
[INFO] Downloaded from central: https://repo.maven.apache.org/maven2/com/google/cloud/google-cloud-speech-bom/2.5.7/google-cloud-speech-bom-2.5.7.pom (3.7 kB at 265 kB/s)
[INFO] Downloading from central: https://repo.maven.apache.org/maven2/com/google/cloud/google-cloud-storage-transfer-bom/1.3.0/google-cloud-storage-transfer-bom-1.3.0.pom
[INFO] Downloaded from central: https://repo.maven.apache.org/maven2/com/google/cloud/google-cloud-storage-transfer-bom/1.3.0/google-cloud-storage-transfer-bom-1.3.0.pom (2.9 kB at 322 kB/s)
[INFO] Downloading from central: https://repo.maven.apache.org/maven2/com/google/cloud/google-cloud-talent-bom/2.4.4/google-cloud-talent-bom-2.4.4.pom
[INFO] Downloaded from central: https://repo.maven.apache.org/maven2/com/google/cloud/google-cloud-talent-bom/2.4.4/google-cloud-talent-bom-2.4.4.pom (3.2 kB at 400 kB/s)
[INFO] Downloading from central: https://repo.maven.apache.org/maven2/com/google/cloud/google-cloud-tasks-bom/2.3.8/google-cloud-tasks-bom-2.3.8.pom
[INFO] Downloaded from central: https://repo.maven.apache.org/maven2/com/google/cloud/google-cloud-tasks-bom/2.3.8/google-cloud-tasks-bom-2.3.8.pom (3.7 kB at 334 kB/s)
[INFO] Downloading from central: https://repo.maven.apache.org/maven2/com/google/cloud/google-cloud-texttospeech-bom/2.4.4/google-cloud-texttospeech-bom-2.4.4.pom
[INFO] Downloaded from central: https://repo.maven.apache.org/maven2/com/google/cloud/google-cloud-texttospeech-bom/2.4.4/google-cloud-texttospeech-bom-2.4.4.pom (3.3 kB at 118 kB/s)
[INFO] Downloading from central: https://repo.maven.apache.org/maven2/com/google/cloud/google-cloud-tpu-bom/2.3.5/google-cloud-tpu-bom-2.3.5.pom
[INFO] Downloaded from central: https://repo.maven.apache.org/maven2/com/google/cloud/google-cloud-tpu-bom/2.3.5/google-cloud-tpu-bom-2.3.5.pom (3.2 kB at 62 kB/s)
[INFO] Downloading from central: https://repo.maven.apache.org/maven2/com/google/cloud/google-cloud-trace-bom/2.3.3/google-cloud-trace-bom-2.3.3.pom
[INFO] Downloaded from central: https://repo.maven.apache.org/maven2/com/google/cloud/google-cloud-trace-bom/2.3.3/google-cloud-trace-bom-2.3.3.pom (3.1 kB at 242 kB/s)
[INFO] Downloading from central: https://repo.maven.apache.org/maven2/com/google/cloud/google-cloud-translate-bom/2.3.4/google-cloud-translate-bom-2.3.4.pom
[INFO] Downloaded from central: https://repo.maven.apache.org/maven2/com/google/cloud/google-cloud-translate-bom/2.3.4/google-cloud-translate-bom-2.3.4.pom (3.2 kB at 405 kB/s)
[INFO] Downloading from central: https://repo.maven.apache.org/maven2/com/google/cloud/google-cloud-video-intelligence-bom/2.2.6/google-cloud-video-intelligence-bom-2.2.6.pom
[INFO] Downloaded from central: https://repo.maven.apache.org/maven2/com/google/cloud/google-cloud-video-intelligence-bom/2.2.6/google-cloud-video-intelligence-bom-2.2.6.pom (5.1 kB at 729 kB/s)
[INFO] Downloading from central: https://repo.maven.apache.org/maven2/com/google/cloud/google-cloud-video-transcoder-bom/1.2.3/google-cloud-video-transcoder-bom-1.2.3.pom
[INFO] Downloaded from central: https://repo.maven.apache.org/maven2/com/google/cloud/google-cloud-video-transcoder-bom/1.2.3/google-cloud-video-transcoder-bom-1.2.3.pom (2.9 kB at 320 kB/s)
[INFO] Downloading from central: https://repo.maven.apache.org/maven2/com/google/cloud/google-cloud-vision-bom/3.1.1/google-cloud-vision-bom-3.1.1.pom
[INFO] Downloaded from central: https://repo.maven.apache.org/maven2/com/google/cloud/google-cloud-vision-bom/3.1.1/google-cloud-vision-bom-3.1.1.pom (4.7 kB at 528 kB/s)
[INFO] Downloading from central: https://repo.maven.apache.org/maven2/com/google/cloud/google-cloud-vmmigration-bom/1.3.2/google-cloud-vmmigration-bom-1.3.2.pom
[INFO] Downloaded from central: https://repo.maven.apache.org/maven2/com/google/cloud/google-cloud-vmmigration-bom/1.3.2/google-cloud-vmmigration-bom-1.3.2.pom (3.1 kB at 382 kB/s)
[INFO] Downloading from central: https://repo.maven.apache.org/maven2/com/google/cloud/google-cloud-vpcaccess-bom/2.4.0/google-cloud-vpcaccess-bom-2.4.0.pom
[INFO] Downloaded from central: https://repo.maven.apache.org/maven2/com/google/cloud/google-cloud-vpcaccess-bom/2.4.0/google-cloud-vpcaccess-bom-2.4.0.pom (2.8 kB at 156 kB/s)
[INFO] Downloading from central: https://repo.maven.apache.org/maven2/com/google/cloud/google-cloud-websecurityscanner-bom/2.2.4/google-cloud-websecurityscanner-bom-2.2.4.pom
[INFO] Downloaded from central: https://repo.maven.apache.org/maven2/com/google/cloud/google-cloud-websecurityscanner-bom/2.2.4/google-cloud-websecurityscanner-bom-2.2.4.pom (4.0 kB at 495 kB/s)
[INFO] Downloading from central: https://repo.maven.apache.org/maven2/com/google/cloud/google-cloud-webrisk-bom/2.2.4/google-cloud-webrisk-bom-2.2.4.pom
[INFO] Downloaded from central: https://repo.maven.apache.org/maven2/com/google/cloud/google-cloud-webrisk-bom/2.2.4/google-cloud-webrisk-bom-2.2.4.pom (3.2 kB at 401 kB/s)
[INFO] Downloading from central: https://repo.maven.apache.org/maven2/com/google/cloud/google-cloud-workflow-executions-bom/2.3.4/google-cloud-workflow-executions-bom-2.3.4.pom
[INFO] Downloaded from central: https://repo.maven.apache.org/maven2/com/google/cloud/google-cloud-workflow-executions-bom/2.3.4/google-cloud-workflow-executions-bom-2.3.4.pom (3.5 kB at 436 kB/s)
[INFO] Downloading from central: https://repo.maven.apache.org/maven2/com/google/cloud/google-cloud-workflows-bom/2.3.4/google-cloud-workflows-bom-2.3.4.pom
[INFO] Downloaded from central: https://repo.maven.apache.org/maven2/com/google/cloud/google-cloud-workflows-bom/2.3.4/google-cloud-workflows-bom-2.3.4.pom (3.3 kB at 473 kB/s)
[INFO] Downloading from central: https://repo.maven.apache.org/maven2/com/google/cloud/google-iam-admin-bom/1.2.5/google-iam-admin-bom-1.2.5.pom
[INFO] Downloaded from central: https://repo.maven.apache.org/maven2/com/google/cloud/google-iam-admin-bom/1.2.5/google-iam-admin-bom-1.2.5.pom (3.0 kB at 597 kB/s)
[INFO] Downloading from central: https://repo.maven.apache.org/maven2/com/azure/azure-sdk-bom/1.1.1/azure-sdk-bom-1.1.1.pom
[INFO] Downloaded from central: https://repo.maven.apache.org/maven2/com/azure/azure-sdk-bom/1.1.1/azure-sdk-bom-1.1.1.pom (11 kB at 1.6 MB/s)
[INFO] ------------------------------------------------------------------------
[INFO] Reactor Build Order:
[INFO] 
[INFO] trino-root                                                         [pom]
[INFO] trino-testing-services                                             [jar]
[INFO] trino-spi                                                          [jar]
[INFO] trino-client                                                       [jar]
[INFO] trino-parser                                                       [jar]
[INFO] trino-cli                                                          [jar]
[INFO] trino-matching                                                     [jar]
[INFO] trino-plugin-toolkit                                               [jar]
[INFO] trino-array                                                        [jar]
[INFO] trino-collect                                                      [jar]
[INFO] trino-geospatial-toolkit                                           [jar]
[INFO] trino-memory-context                                               [jar]
[INFO] trino-testing-containers                                           [jar]
[INFO] trino-exchange-filesystem                                 [trino-plugin]
[INFO] trino-tpch                                                [trino-plugin]
[INFO] trino-main                                                         [jar]
[INFO] trino-testing                                                      [jar]
[INFO] trino-blackhole                                           [trino-plugin]
[INFO] trino-hadoop-toolkit                                               [jar]
[INFO] trino-hdfs                                                         [jar]
[INFO] trino-filesystem                                                   [jar]
[INFO] trino-orc                                                          [jar]
[INFO] trino-memory                                              [trino-plugin]
[INFO] trino-benchmark                                                    [jar]
[INFO] trino-parquet                                                      [jar]
[INFO] trino-rcfile                                                       [jar]
[INFO] trino-tpcds                                               [trino-plugin]
[INFO] trino-hive                                                         [jar]
[INFO] trino-hive-hadoop2                                        [trino-plugin]
[INFO] trino-password-authenticators                             [trino-plugin]
[INFO] trino-jdbc                                                         [jar]
[INFO] trino-base-jdbc                                                    [jar]
[INFO] trino-phoenix5-patched                                             [jar]
[INFO] trino-phoenix5                                            [trino-plugin]
[INFO] trino-http-event-listener                                 [trino-plugin]
[INFO] trino-redshift                                            [trino-plugin]
[INFO] trino-accumulo-iterators                                           [jar]
[INFO] trino-accumulo                                            [trino-plugin]
[INFO] trino-oracle                                              [trino-plugin]
[INFO] trino-thrift-api                                                   [jar]
[INFO] trino-thrift-testing-server                                        [jar]
[INFO] trino-thrift                                              [trino-plugin]
[INFO] trino-clickhouse                                          [trino-plugin]
[INFO] trino-atop                                                [trino-plugin]
[INFO] trino-session-property-managers                           [trino-plugin]
[INFO] trino-raptor-legacy                                       [trino-plugin]
[INFO] trino-server-main                                                  [jar]
[INFO] trino-resource-group-managers                             [trino-plugin]
[INFO] trino-mysql                                               [trino-plugin]
[INFO] trino-mongodb                                             [trino-plugin]
[INFO] trino-record-decoder                                               [jar]
[INFO] trino-kinesis                                             [trino-plugin]
[INFO] trino-iceberg                                             [trino-plugin]
[INFO] trino-jmx                                                 [trino-plugin]
[INFO] trino-postgresql                                          [trino-plugin]
[INFO] trino-hudi                                                [trino-plugin]
[INFO] trino-singlestore                                         [trino-plugin]
[INFO] trino-teradata-functions                                  [trino-plugin]
[INFO] trino-elasticsearch                                       [trino-plugin]
[INFO] trino-ml                                                  [trino-plugin]
[INFO] trino-local-file                                          [trino-plugin]
[INFO] trino-kudu                                                [trino-plugin]
[INFO] trino-testing-kafka                                                [jar]
[INFO] trino-pinot                                               [trino-plugin]
[INFO] trino-bigquery                                            [trino-plugin]
[INFO] trino-example-http                                        [trino-plugin]
[INFO] trino-google-sheets                                       [trino-plugin]
[INFO] trino-testing-resources                                            [jar]
[INFO] trino-delta-lake                                          [trino-plugin]
[INFO] trino-geospatial                                          [trino-plugin]
[INFO] trino-prometheus                                          [trino-plugin]
[INFO] trino-cassandra                                           [trino-plugin]
[INFO] trino-sqlserver                                           [trino-plugin]
[INFO] trino-druid                                               [trino-plugin]
[INFO] trino-kafka                                               [trino-plugin]
[INFO] trino-mariadb                                             [trino-plugin]
[INFO] trino-redis                                               [trino-plugin]
[INFO] trino-server                                                  [provisio]
[INFO] trino-server-rpm                                                   [rpm]
[INFO] trino-docs                                                         [pom]
[INFO] trino-proxy                                                        [jar]
[INFO] trino-verifier                                                     [jar]
[INFO] trino-benchmark-queries                                            [jar]
[INFO] trino-benchto-benchmarks                                           [jar]
[INFO] trino-tests                                                        [jar]
[INFO] trino-faulttolerant-tests                                          [jar]
[INFO] trino-plugin-reader                                                [jar]
[INFO] trino-product-tests                                                [jar]
[INFO] trino-product-tests-launcher                                       [jar]
[INFO] trino-server-dev                                                   [jar]
[INFO] trino-test-jdbc-compatibility-old-driver                           [jar]
[INFO] trino-test-jdbc-compatibility-old-server                           [jar]
[INFO] 
[INFO] ------------------------< io.trino:trino-root >-------------------------
[INFO] Building trino-root 401-SNAPSHOT                                  [1/92]
[INFO] --------------------------------[ pom ]---------------------------------
[INFO] 
[INFO] --- maven-clean-plugin:3.0.0:clean (default-clean) @ trino-root ---
[INFO] 
[INFO] --- maven-enforcer-plugin:3.0.0:enforce (default) @ trino-root ---
[WARNING] Rule 5: org.apache.maven.plugins.enforcer.RequireJavaVersion failed with message:
Detected JDK Version: 11.0.17 is not in the allowed range 17.0.4.
[INFO] ------------------------------------------------------------------------
[INFO] Reactor Summary for trino-root 401-SNAPSHOT:
[INFO] 
[INFO] trino-root ......................................... FAILURE [  0.564 s]
[INFO] trino-testing-services ............................. SKIPPED
[INFO] trino-spi .......................................... SKIPPED
[INFO] trino-client ....................................... SKIPPED
[INFO] trino-parser ....................................... SKIPPED
[INFO] trino-cli .......................................... SKIPPED
[INFO] trino-matching ..................................... SKIPPED
[INFO] trino-plugin-toolkit ............................... SKIPPED
[INFO] trino-array ........................................ SKIPPED
[INFO] trino-collect ...................................... SKIPPED
[INFO] trino-geospatial-toolkit ........................... SKIPPED
[INFO] trino-memory-context ............................... SKIPPED
[INFO] trino-testing-containers ........................... SKIPPED
[INFO] trino-exchange-filesystem .......................... SKIPPED
[INFO] trino-tpch ......................................... SKIPPED
[INFO] trino-main ......................................... SKIPPED
[INFO] trino-testing ...................................... SKIPPED
[INFO] trino-blackhole .................................... SKIPPED
[INFO] trino-hadoop-toolkit ............................... SKIPPED
[INFO] trino-hdfs ......................................... SKIPPED
[INFO] trino-filesystem ................................... SKIPPED
[INFO] trino-orc .......................................... SKIPPED
[INFO] trino-memory ....................................... SKIPPED
[INFO] trino-benchmark .................................... SKIPPED
[INFO] trino-parquet ...................................... SKIPPED
[INFO] trino-rcfile ....................................... SKIPPED
[INFO] trino-tpcds ........................................ SKIPPED
[INFO] trino-hive ......................................... SKIPPED
[INFO] trino-hive-hadoop2 ................................. SKIPPED
[INFO] trino-password-authenticators ...................... SKIPPED
[INFO] trino-jdbc ......................................... SKIPPED
[INFO] trino-base-jdbc .................................... SKIPPED
[INFO] trino-phoenix5-patched ............................. SKIPPED
[INFO] trino-phoenix5 ..................................... SKIPPED
[INFO] trino-http-event-listener .......................... SKIPPED
[INFO] trino-redshift ..................................... SKIPPED
[INFO] trino-accumulo-iterators ........................... SKIPPED
[INFO] trino-accumulo ..................................... SKIPPED
[INFO] trino-oracle ....................................... SKIPPED
[INFO] trino-thrift-api ................................... SKIPPED
[INFO] trino-thrift-testing-server ........................ SKIPPED
[INFO] trino-thrift ....................................... SKIPPED
[INFO] trino-clickhouse ................................... SKIPPED
[INFO] trino-atop ......................................... SKIPPED
[INFO] trino-session-property-managers .................... SKIPPED
[INFO] trino-raptor-legacy ................................ SKIPPED
[INFO] trino-server-main .................................. SKIPPED
[INFO] trino-resource-group-managers ...................... SKIPPED
[INFO] trino-mysql ........................................ SKIPPED
[INFO] trino-mongodb ...................................... SKIPPED
[INFO] trino-record-decoder ............................... SKIPPED
[INFO] trino-kinesis ...................................... SKIPPED
[INFO] trino-iceberg ...................................... SKIPPED
[INFO] trino-jmx .......................................... SKIPPED
[INFO] trino-postgresql ................................... SKIPPED
[INFO] trino-hudi ......................................... SKIPPED
[INFO] trino-singlestore .................................. SKIPPED
[INFO] trino-teradata-functions ........................... SKIPPED
[INFO] trino-elasticsearch ................................ SKIPPED
[INFO] trino-ml ........................................... SKIPPED
[INFO] trino-local-file ................................... SKIPPED
[INFO] trino-kudu ......................................... SKIPPED
[INFO] trino-testing-kafka ................................ SKIPPED
[INFO] trino-pinot ........................................ SKIPPED
[INFO] trino-bigquery ..................................... SKIPPED
[INFO] trino-example-http ................................. SKIPPED
[INFO] trino-google-sheets ................................ SKIPPED
[INFO] trino-testing-resources ............................ SKIPPED
[INFO] trino-delta-lake ................................... SKIPPED
[INFO] trino-geospatial ................................... SKIPPED
[INFO] trino-prometheus ................................... SKIPPED
[INFO] trino-cassandra .................................... SKIPPED
[INFO] trino-sqlserver .................................... SKIPPED
[INFO] trino-druid ........................................ SKIPPED
[INFO] trino-kafka ........................................ SKIPPED
[INFO] trino-mariadb ...................................... SKIPPED
[INFO] trino-redis ........................................ SKIPPED
[INFO] trino-server ....................................... SKIPPED
[INFO] trino-server-rpm ................................... SKIPPED
[INFO] trino-docs ......................................... SKIPPED
[INFO] trino-proxy ........................................ SKIPPED
[INFO] trino-verifier ..................................... SKIPPED
[INFO] trino-benchmark-queries ............................ SKIPPED
[INFO] trino-benchto-benchmarks ........................... SKIPPED
[INFO] trino-tests ........................................ SKIPPED
[INFO] trino-faulttolerant-tests .......................... SKIPPED
[INFO] trino-plugin-reader ................................ SKIPPED
[INFO] trino-product-tests ................................ SKIPPED
[INFO] trino-product-tests-launcher ....................... SKIPPED
[INFO] trino-server-dev ................................... SKIPPED
[INFO] trino-test-jdbc-compatibility-old-driver ........... SKIPPED
[INFO] trino-test-jdbc-compatibility-old-server ........... SKIPPED
[INFO] ------------------------------------------------------------------------
[INFO] BUILD FAILURE
[INFO] ------------------------------------------------------------------------
[INFO] Total time:  3.505 s
[INFO] Finished at: 2023-01-13T22:41:48Z
[INFO] ------------------------------------------------------------------------
[ERROR] Failed to execute goal org.apache.maven.plugins:maven-enforcer-plugin:3.0.0:enforce (default) on project trino-root: Some Enforcer rules have failed. Look above for specific messages explaining why the rule failed. -> [Help 1]
[ERROR] 
[ERROR] To see the full stack trace of the errors, re-run Maven with the -e switch.
[ERROR] Re-run Maven using the -X switch to enable full debug logging.
[ERROR] 
[ERROR] For more information about the errors and possible solutions, please read the following articles:
[ERROR] [Help 1] http://cwiki.apache.org/confluence/display/MAVEN/MojoExecutionException
