[INFO] Scanning for projects...
[INFO] Downloading from central: https://repo.maven.apache.org/maven2/org/apache/nifi/nifi-nar-maven-plugin/1.3.3/nifi-nar-maven-plugin-1.3.3.pom
[INFO] Downloaded from central: https://repo.maven.apache.org/maven2/org/apache/nifi/nifi-nar-maven-plugin/1.3.3/nifi-nar-maven-plugin-1.3.3.pom (22 kB at 71 kB/s)
[INFO] Downloading from central: https://repo.maven.apache.org/maven2/org/apache/maven/plugins/maven-dependency-plugin/2.9/maven-dependency-plugin-2.9.pom
[INFO] Downloaded from central: https://repo.maven.apache.org/maven2/org/apache/maven/plugins/maven-dependency-plugin/2.9/maven-dependency-plugin-2.9.pom (0 B at 0 B/s)
[INFO] Downloading from central: https://repo.maven.apache.org/maven2/org/codehaus/plexus/plexus-archiver/2.4.4/plexus-archiver-2.4.4.pom
[INFO] Downloaded from central: https://repo.maven.apache.org/maven2/org/codehaus/plexus/plexus-archiver/2.4.4/plexus-archiver-2.4.4.pom (0 B at 0 B/s)
[INFO] Downloading from central: https://repo.maven.apache.org/maven2/org/codehaus/plexus/plexus-io/2.0.10/plexus-io-2.0.10.pom
[INFO] Downloaded from central: https://repo.maven.apache.org/maven2/org/codehaus/plexus/plexus-io/2.0.10/plexus-io-2.0.10.pom (0 B at 0 B/s)
[INFO] Downloading from central: https://repo.maven.apache.org/maven2/org/codehaus/plexus/plexus-io/2.0.9/plexus-io-2.0.9.pom
[INFO] Downloaded from central: https://repo.maven.apache.org/maven2/org/codehaus/plexus/plexus-io/2.0.9/plexus-io-2.0.9.pom (0 B at 0 B/s)
[INFO] Downloading from central: https://repo.maven.apache.org/maven2/org/apache/nifi/nifi-nar-maven-plugin/1.3.3/nifi-nar-maven-plugin-1.3.3.jar
[INFO] Downloading from central: https://repo.maven.apache.org/maven2/org/apache/maven/plugins/maven-dependency-plugin/2.9/maven-dependency-plugin-2.9.jar
[INFO] Downloading from central: https://repo.maven.apache.org/maven2/org/codehaus/plexus/plexus-archiver/2.4.4/plexus-archiver-2.4.4.jar
[INFO] Downloading from central: https://repo.maven.apache.org/maven2/org/codehaus/plexus/plexus-io/2.0.9/plexus-io-2.0.9.jar
[INFO] Downloaded from central: https://repo.maven.apache.org/maven2/org/apache/maven/plugins/maven-dependency-plugin/2.9/maven-dependency-plugin-2.9.jar (0 B at 0 B/s)
[INFO] Downloaded from central: https://repo.maven.apache.org/maven2/org/codehaus/plexus/plexus-io/2.0.9/plexus-io-2.0.9.jar (0 B at 0 B/s)
[INFO] Downloaded from central: https://repo.maven.apache.org/maven2/org/codehaus/plexus/plexus-archiver/2.4.4/plexus-archiver-2.4.4.jar (0 B at 0 B/s)
[INFO] Downloaded from central: https://repo.maven.apache.org/maven2/org/apache/nifi/nifi-nar-maven-plugin/1.3.3/nifi-nar-maven-plugin-1.3.3.jar (72 kB at 487 kB/s)
[INFO] Downloading from central: https://repo.maven.apache.org/maven2/org/apache/nifi/nifi/1.17.0/nifi-1.17.0.pom
[INFO] Downloaded from central: https://repo.maven.apache.org/maven2/org/apache/nifi/nifi/1.17.0/nifi-1.17.0.pom (54 kB at 498 kB/s)
[INFO] Downloading from central: https://repo.maven.apache.org/maven2/com/squareup/okhttp3/okhttp-bom/4.10.0/okhttp-bom-4.10.0.pom
[INFO] Downloaded from central: https://repo.maven.apache.org/maven2/com/squareup/okhttp3/okhttp-bom/4.10.0/okhttp-bom-4.10.0.pom (3.1 kB at 306 kB/s)
[INFO] Downloading from central: https://repo.maven.apache.org/maven2/org/apache/nifi/nifi-nar-bundles/1.17.0/nifi-nar-bundles-1.17.0.pom
[INFO] Downloaded from central: https://repo.maven.apache.org/maven2/org/apache/nifi/nifi-nar-bundles/1.17.0/nifi-nar-bundles-1.17.0.pom (17 kB at 1.7 MB/s)
[INFO] Downloading from central: https://repo.maven.apache.org/maven2/org/spockframework/spock-bom/2.2-M3-groovy-3.0/spock-bom-2.2-M3-groovy-3.0.pom
[INFO] Downloaded from central: https://repo.maven.apache.org/maven2/org/spockframework/spock-bom/2.2-M3-groovy-3.0/spock-bom-2.2-M3-groovy-3.0.pom (2.7 kB at 27 kB/s)
[INFO] ------------------------------------------------------------------------
[INFO] Reactor Build Order:
[INFO] 
[INFO] PLC4X                                                              [pom]
[INFO] Code-Generation                                                    [pom]
[INFO] Code-Generation: Protocol Base: MSpec                              [jar]
[INFO] Code-Generation: Language Base: Freemarker                         [jar]
[INFO] Code-Generation: Protocol Test: Test Mspec                         [jar]
[INFO] PLC4J                                                              [pom]
[INFO] PLC4J: API                                                         [jar]
[INFO] PLC4J: SPI                                                         [jar]
[INFO] PLC4J: Transports                                                  [pom]
[INFO] PLC4J: Transports: TCP                                             [jar]
[INFO] PLC4J: Transports: Test                                            [jar]
[INFO] PLC4J: Utils                                                       [pom]
[INFO] PLC4J: Utils: Test Utils                                           [jar]
[INFO] Code-Generation: Language: Java                                    [jar]
[INFO] Protocols                                                          [pom]
[INFO] Protocols: AB-ETH                                                  [jar]
[INFO] Protocols: ADS                                                     [jar]
[INFO] Protocols: C-Bus                                                   [jar]
[INFO] Protocols: BACNet/IP                                               [jar]
[INFO] Protocols: CANopen                                                 [jar]
[INFO] Protocols: Df1                                                     [jar]
[INFO] Protocols: EtherNet/IP                                             [jar]
[INFO] Protocols: Firmata                                                 [jar]
[INFO] Protocols: Generic CAN                                             [jar]
[INFO] Protocols: KNXNet/IP                                               [jar]
[INFO] Protocols: Modbus                                                  [jar]
[INFO] Protocols: MQTT                                                    [jar]
[INFO] Protocols: OPC UA                                                  [jar]
[INFO] Protocols: PLC4X (Proxy)                                           [jar]
[INFO] Protocols: Profinet                                                [jar]
[INFO] Protocols: S7                                                      [jar]
[INFO] Protocols: Simulated                                               [jar]
[INFO] Protocols: SocketCAN                                               [jar]
[INFO] PLC4J: Drivers                                                     [pom]
[INFO] PLC4J: Driver: AB-ETH                                              [jar]
[INFO] PLC4J: Transports: Serial                                          [jar]
[INFO] PLC4J: Driver: Beckhoff TwinCat ADS Driver                         [jar]
[INFO] PLC4J: Transports: UDP                                             [jar]
[INFO] PLC4J: Utils: Pcap (Shared)                                        [jar]
[INFO] PLC4J: Transports: PCAP (shared)                                   [jar]
[INFO] PLC4J: Utils: Raw-Sockets                                          [jar]
[INFO] PLC4J: Transports: Raw Socket                                      [jar]
[INFO] PLC4J: Utils: Pcap-Replay                                          [jar]
[INFO] PLC4J: Transports: PCAP Replay                                     [jar]
[INFO] PLC4J: Utils: Test-Generator                                       [jar]
[INFO] PLC4J: Driver: BACNet/IP Driver                                    [jar]
[INFO] PLC4J: Driver: C-Bus                                               [jar]
[INFO] PLC4J: Transports: CAN                                             [jar]
[INFO] PLC4J: Transports: SocketCAN                                       [jar]
[INFO] PLC4J: Transports: VirtualCAN                                      [jar]
[INFO] PLC4J: Driver: CAN                                              [bundle]
[INFO] PLC4J: Driver: CANopen                                          [bundle]
[INFO] PLC4J: Driver: Ethernet IP                                         [jar]
[INFO] PLC4J: Driver: Firmata                                             [jar]
[INFO] PLC4J: Driver: KNXNet/IP                                           [jar]
[INFO] PLC4J: Driver: Mock                                                [jar]
[INFO] PLC4J: Driver: Modbus                                              [jar]
[INFO] PLC4J: Driver: OPC UA                                              [jar]
[INFO] PLC4J: Driver: PLC4X (Proxy-Protocol)                              [jar]
[INFO] PLC4J: Driver: Profinet                                            [jar]
[INFO] PLC4J: Driver: S7 (Step7)                                          [jar]
[INFO] PLC4J: Driver: Simulated                                           [jar]
[INFO] PLC4J: Examples                                                    [pom]
[INFO] PLC4J: Examples: Cloud: Azure IoT Hub                              [jar]
[INFO] PLC4J: Examples: Cloud: Google Cloud IoT Core                      [jar]
[INFO] PLC4J: Examples: Hello Discovery                                   [jar]
[INFO] PLC4J: Examples: Connectivity: MQTT                                [jar]
[INFO] PLC4J: Examples: Hello InfluxDB Data Collection                    [jar]
[INFO] PLC4J: Examples: Edgent                                            [jar]
[INFO] PLC4J: Examples: IoTDB                                             [jar]
[INFO] PLC4J: Tools                                                       [pom]
[INFO] PLC4J: Tools: Object PLC Mapping                                   [jar]
[INFO] PLC4J: Tools: Connection Pool                                      [jar]
[INFO] PLC4J: Examples: Hello OPM                                         [jar]
[INFO] PLC4J: Examples: Hello-Webservice                                  [jar]
[INFO] PLC4J: Examples: Hello-World: Kotlin                               [jar]
[INFO] PLC4J: Examples: Hello-World PLC4X                                 [jar]
[INFO] PLC4J: Examples: Hello-World PLC4X (Subscription)                  [jar]
[INFO] PLC4J: Examples: Hello-World PLC4X (Write)                         [jar]
[INFO] PLC4J: Examples: Poll Loop Example                                 [jar]
[INFO] PLC4J: Examples: S7Event example                                   [jar]
[INFO] PLC4J: Tools: Connection Cache                                     [jar]
[INFO] PLC4J: Tools: Scraper                                              [jar]
[INFO] PLC4J: Integrations                                                [pom]
[INFO] PLC4J: Integrations: Apache Camel                                  [jar]
[INFO] PLC4J: Integrations: Apache Kafka                                  [jar]
[INFO] PLC4J: Integrations: Apache Nifi                                   [pom]
[INFO] PLC4J: Integrations: Apache Nifi: Processors                       [jar]
[INFO] PLC4J: Integrations: Apache Nifi: NAR                              [nar]
[INFO] PLC4J: Integrations: Apache Calcite                                [jar]
[INFO] PLC4J: Integrations: Eclipse Milo OPC UA Server                    [jar]
[INFO] PLC4J: Tools: Capture Replay                                       [jar]
[INFO] PLC4J: Tools: Plc4x Server                                         [jar]
[INFO] PLC4J: OSGi                                                        [jar]
[INFO] 
[INFO] -------------------< org.apache.plc4x:plc4x-parent >--------------------
[INFO] Building PLC4X 0.10.0-SNAPSHOT                                    [1/94]
[INFO] --------------------------------[ pom ]---------------------------------
[INFO] 
[INFO] --- maven-clean-plugin:3.2.0:clean (default-clean) @ plc4x-parent ---
[INFO] 
[INFO] --- groovy-maven-plugin:2.1.1:execute (prerequisite-check) @ plc4x-parent ---
[INFO] Downloading from central: https://repo.maven.apache.org/maven2/org/pcap4j/pcap4j-core/1.8.2/pcap4j-core-1.8.2.pom
[INFO] Downloaded from central: https://repo.maven.apache.org/maven2/org/pcap4j/pcap4j-core/1.8.2/pcap4j-core-1.8.2.pom (4.2 kB at 40 kB/s)
[INFO] Downloading from central: https://repo.maven.apache.org/maven2/org/pcap4j/pcap4j/1.8.2/pcap4j-1.8.2.pom
[INFO] Downloaded from central: https://repo.maven.apache.org/maven2/org/pcap4j/pcap4j/1.8.2/pcap4j-1.8.2.pom (16 kB at 1.3 MB/s)
[INFO] Downloading from central: https://repo.maven.apache.org/maven2/org/pcap4j/pcap4j-packetfactory-static/1.8.2/pcap4j-packetfactory-static-1.8.2.pom
[INFO] Downloaded from central: https://repo.maven.apache.org/maven2/org/pcap4j/pcap4j-packetfactory-static/1.8.2/pcap4j-packetfactory-static-1.8.2.pom (4.9 kB at 305 kB/s)
[INFO] Downloading from central: https://repo.maven.apache.org/maven2/org/pcap4j/pcap4j-core/1.8.2/pcap4j-core-1.8.2.jar
[INFO] Downloading from central: https://repo.maven.apache.org/maven2/org/pcap4j/pcap4j-packetfactory-static/1.8.2/pcap4j-packetfactory-static-1.8.2.jar
[INFO] Downloaded from central: https://repo.maven.apache.org/maven2/org/pcap4j/pcap4j-packetfactory-static/1.8.2/pcap4j-packetfactory-static-1.8.2.jar (153 kB at 3.3 MB/s)
[INFO] Downloaded from central: https://repo.maven.apache.org/maven2/org/pcap4j/pcap4j-core/1.8.2/pcap4j-core-1.8.2.jar (1.3 MB at 6.1 MB/s)
Detected OS:   linux
Detected Arch: x86_64

Detecting Java version:    11.0.17        OK
Detecting Git version:     2.17.1         OK

All known conditions met successfully.

[INFO] 
[INFO] --- maven-enforcer-plugin:3.1.0:enforce (enforce-maven-version) @ plc4x-parent ---
[INFO] 
[INFO] --- maven-enforcer-plugin:3.1.0:enforce (enforce-java-version) @ plc4x-parent ---
[INFO] 
[INFO] --- maven-enforcer-plugin:3.1.0:enforce (enforce-minimum-maven-version) @ plc4x-parent ---
[INFO] 
[INFO] --- maven-enforcer-plugin:3.1.0:enforce (enforce-version-convergence) @ plc4x-parent ---
[INFO] 
[INFO] --- maven-enforcer-plugin:3.1.0:enforce (enforce-ban-duplicate-classes) @ plc4x-parent ---
[INFO] Adding ignore: module-info
[INFO] Adding ignore: META-INF/versions/*/module-info
[INFO] 
[INFO] ---------------< org.apache.plc4x:plc4x-code-generation >---------------
[INFO] Building Code-Generation 0.10.0-SNAPSHOT                          [2/94]
[INFO] --------------------------------[ pom ]---------------------------------
[INFO] 
[INFO] --- maven-clean-plugin:3.2.0:clean (default-clean) @ plc4x-code-generation ---
[INFO] 
[INFO] --- maven-enforcer-plugin:3.1.0:enforce (enforce-maven-version) @ plc4x-code-generation ---
[INFO] 
[INFO] --- maven-enforcer-plugin:3.1.0:enforce (enforce-java-version) @ plc4x-code-generation ---
[INFO] 
[INFO] --- maven-enforcer-plugin:3.1.0:enforce (enforce-minimum-maven-version) @ plc4x-code-generation ---
[INFO] 
[INFO] --- maven-enforcer-plugin:3.1.0:enforce (enforce-version-convergence) @ plc4x-code-generation ---
[INFO] 
[INFO] --- maven-enforcer-plugin:3.1.0:enforce (enforce-ban-duplicate-classes) @ plc4x-code-generation ---
[INFO] Adding ignore: module-info
[INFO] Adding ignore: META-INF/versions/*/module-info
[INFO] 
[INFO] -----< org.apache.plc4x:plc4x-code-generation-protocol-base-mspec >-----
[INFO] Building Code-Generation: Protocol Base: MSpec 0.10.0-SNAPSHOT    [3/94]
[INFO] --------------------------------[ jar ]---------------------------------
[INFO] Downloading from central: https://repo.maven.apache.org/maven2/org/antlr/antlr4-maven-plugin/4.10.1/antlr4-maven-plugin-4.10.1.pom
[INFO] Downloaded from central: https://repo.maven.apache.org/maven2/org/antlr/antlr4-maven-plugin/4.10.1/antlr4-maven-plugin-4.10.1.pom (0 B at 0 B/s)
[INFO] Downloading from central: https://repo.maven.apache.org/maven2/org/antlr/antlr4-maven-plugin/4.10.1/antlr4-maven-plugin-4.10.1.jar
[INFO] Downloaded from central: https://repo.maven.apache.org/maven2/org/antlr/antlr4-maven-plugin/4.10.1/antlr4-maven-plugin-4.10.1.jar (0 B at 0 B/s)
[INFO] Downloading from apache-snapshots: https://repository.apache.org/content/repositories/snapshots/org/apache/plc4x/plugins/plc4x-code-generation-protocol-base/1.6.0-SNAPSHOT/maven-metadata.xml
[INFO] Downloading from apache.snapshots: https://repository.apache.org/snapshots/org/apache/plc4x/plugins/plc4x-code-generation-protocol-base/1.6.0-SNAPSHOT/maven-metadata.xml
[INFO] Downloading from apache-snapshots: https://repository.apache.org/content/repositories/snapshots/org/apache/plc4x/plugins/plc4x-code-generation-protocol-base/1.6.0-SNAPSHOT/plc4x-code-generation-protocol-base-1.6.0-SNAPSHOT.pom
[INFO] Downloading from apache.snapshots: https://repository.apache.org/snapshots/org/apache/plc4x/plugins/plc4x-code-generation-protocol-base/1.6.0-SNAPSHOT/plc4x-code-generation-protocol-base-1.6.0-SNAPSHOT.pom
[WARNING] The POM for org.apache.plc4x.plugins:plc4x-code-generation-protocol-base:jar:1.6.0-SNAPSHOT is missing, no dependency information available
[INFO] Downloading from apache-snapshots: https://repository.apache.org/content/repositories/snapshots/org/apache/plc4x/plugins/plc4x-code-generation-protocol-base/1.6.0-SNAPSHOT/plc4x-code-generation-protocol-base-1.6.0-SNAPSHOT.jar
[INFO] Downloading from apache.snapshots: https://repository.apache.org/snapshots/org/apache/plc4x/plugins/plc4x-code-generation-protocol-base/1.6.0-SNAPSHOT/plc4x-code-generation-protocol-base-1.6.0-SNAPSHOT.jar
[INFO] ------------------------------------------------------------------------
[INFO] Reactor Summary for PLC4X 0.10.0-SNAPSHOT:
[INFO] 
[INFO] PLC4X .............................................. SUCCESS [  1.966 s]
[INFO] Code-Generation .................................... SUCCESS [  0.046 s]
[INFO] Code-Generation: Protocol Base: MSpec .............. FAILURE [  0.363 s]
[INFO] Code-Generation: Language Base: Freemarker ......... SKIPPED
[INFO] Code-Generation: Protocol Test: Test Mspec ......... SKIPPED
[INFO] PLC4J .............................................. SKIPPED
[INFO] PLC4J: API ......................................... SKIPPED
[INFO] PLC4J: SPI ......................................... SKIPPED
[INFO] PLC4J: Transports .................................. SKIPPED
[INFO] PLC4J: Transports: TCP ............................. SKIPPED
[INFO] PLC4J: Transports: Test ............................ SKIPPED
[INFO] PLC4J: Utils ....................................... SKIPPED
[INFO] PLC4J: Utils: Test Utils ........................... SKIPPED
[INFO] Code-Generation: Language: Java .................... SKIPPED
[INFO] Protocols .......................................... SKIPPED
[INFO] Protocols: AB-ETH .................................. SKIPPED
[INFO] Protocols: ADS ..................................... SKIPPED
[INFO] Protocols: C-Bus ................................... SKIPPED
[INFO] Protocols: BACNet/IP ............................... SKIPPED
[INFO] Protocols: CANopen ................................. SKIPPED
[INFO] Protocols: Df1 ..................................... SKIPPED
[INFO] Protocols: EtherNet/IP ............................. SKIPPED
[INFO] Protocols: Firmata ................................. SKIPPED
[INFO] Protocols: Generic CAN ............................. SKIPPED
[INFO] Protocols: KNXNet/IP ............................... SKIPPED
[INFO] Protocols: Modbus .................................. SKIPPED
[INFO] Protocols: MQTT .................................... SKIPPED
[INFO] Protocols: OPC UA .................................. SKIPPED
[INFO] Protocols: PLC4X (Proxy) ........................... SKIPPED
[INFO] Protocols: Profinet ................................ SKIPPED
[INFO] Protocols: S7 ...................................... SKIPPED
[INFO] Protocols: Simulated ............................... SKIPPED
[INFO] Protocols: SocketCAN ............................... SKIPPED
[INFO] PLC4J: Drivers ..................................... SKIPPED
[INFO] PLC4J: Driver: AB-ETH .............................. SKIPPED
[INFO] PLC4J: Transports: Serial .......................... SKIPPED
[INFO] PLC4J: Driver: Beckhoff TwinCat ADS Driver ......... SKIPPED
[INFO] PLC4J: Transports: UDP ............................. SKIPPED
[INFO] PLC4J: Utils: Pcap (Shared) ........................ SKIPPED
[INFO] PLC4J: Transports: PCAP (shared) ................... SKIPPED
[INFO] PLC4J: Utils: Raw-Sockets .......................... SKIPPED
[INFO] PLC4J: Transports: Raw Socket ...................... SKIPPED
[INFO] PLC4J: Utils: Pcap-Replay .......................... SKIPPED
[INFO] PLC4J: Transports: PCAP Replay ..................... SKIPPED
[INFO] PLC4J: Utils: Test-Generator ....................... SKIPPED
[INFO] PLC4J: Driver: BACNet/IP Driver .................... SKIPPED
[INFO] PLC4J: Driver: C-Bus ............................... SKIPPED
[INFO] PLC4J: Transports: CAN ............................. SKIPPED
[INFO] PLC4J: Transports: SocketCAN ....................... SKIPPED
[INFO] PLC4J: Transports: VirtualCAN ...................... SKIPPED
[INFO] PLC4J: Driver: CAN ................................. SKIPPED
[INFO] PLC4J: Driver: CANopen ............................. SKIPPED
[INFO] PLC4J: Driver: Ethernet IP ......................... SKIPPED
[INFO] PLC4J: Driver: Firmata ............................. SKIPPED
[INFO] PLC4J: Driver: KNXNet/IP ........................... SKIPPED
[INFO] PLC4J: Driver: Mock ................................ SKIPPED
[INFO] PLC4J: Driver: Modbus .............................. SKIPPED
[INFO] PLC4J: Driver: OPC UA .............................. SKIPPED
[INFO] PLC4J: Driver: PLC4X (Proxy-Protocol) .............. SKIPPED
[INFO] PLC4J: Driver: Profinet ............................ SKIPPED
[INFO] PLC4J: Driver: S7 (Step7) .......................... SKIPPED
[INFO] PLC4J: Driver: Simulated ........................... SKIPPED
[INFO] PLC4J: Examples .................................... SKIPPED
[INFO] PLC4J: Examples: Cloud: Azure IoT Hub .............. SKIPPED
[INFO] PLC4J: Examples: Cloud: Google Cloud IoT Core ...... SKIPPED
[INFO] PLC4J: Examples: Hello Discovery ................... SKIPPED
[INFO] PLC4J: Examples: Connectivity: MQTT ................ SKIPPED
[INFO] PLC4J: Examples: Hello InfluxDB Data Collection .... SKIPPED
[INFO] PLC4J: Examples: Edgent ............................ SKIPPED
[INFO] PLC4J: Examples: IoTDB ............................. SKIPPED
[INFO] PLC4J: Tools ....................................... SKIPPED
[INFO] PLC4J: Tools: Object PLC Mapping ................... SKIPPED
[INFO] PLC4J: Tools: Connection Pool ...................... SKIPPED
[INFO] PLC4J: Examples: Hello OPM ......................... SKIPPED
[INFO] PLC4J: Examples: Hello-Webservice .................. SKIPPED
[INFO] PLC4J: Examples: Hello-World: Kotlin ............... SKIPPED
[INFO] PLC4J: Examples: Hello-World PLC4X ................. SKIPPED
[INFO] PLC4J: Examples: Hello-World PLC4X (Subscription) .. SKIPPED
[INFO] PLC4J: Examples: Hello-World PLC4X (Write) ......... SKIPPED
[INFO] PLC4J: Examples: Poll Loop Example ................. SKIPPED
[INFO] PLC4J: Examples: S7Event example ................... SKIPPED
[INFO] PLC4J: Tools: Connection Cache ..................... SKIPPED
[INFO] PLC4J: Tools: Scraper .............................. SKIPPED
[INFO] PLC4J: Integrations ................................ SKIPPED
[INFO] PLC4J: Integrations: Apache Camel .................. SKIPPED
[INFO] PLC4J: Integrations: Apache Kafka .................. SKIPPED
[INFO] PLC4J: Integrations: Apache Nifi ................... SKIPPED
[INFO] PLC4J: Integrations: Apache Nifi: Processors ....... SKIPPED
[INFO] PLC4J: Integrations: Apache Nifi: NAR .............. SKIPPED
[INFO] PLC4J: Integrations: Apache Calcite ................ SKIPPED
[INFO] PLC4J: Integrations: Eclipse Milo OPC UA Server .... SKIPPED
[INFO] PLC4J: Tools: Capture Replay ....................... SKIPPED
[INFO] PLC4J: Tools: Plc4x Server ......................... SKIPPED
[INFO] PLC4J: OSGi ........................................ SKIPPED
[INFO] ------------------------------------------------------------------------
[INFO] BUILD FAILURE
[INFO] ------------------------------------------------------------------------
[INFO] Total time:  4.440 s
[INFO] Finished at: 2023-01-13T14:30:55Z
[INFO] ------------------------------------------------------------------------
[ERROR] Failed to execute goal on project plc4x-code-generation-protocol-base-mspec: Could not resolve dependencies for project org.apache.plc4x:plc4x-code-generation-protocol-base-mspec:jar:0.10.0-SNAPSHOT: Could not find artifact org.apache.plc4x.plugins:plc4x-code-generation-protocol-base:jar:1.6.0-SNAPSHOT in apache-snapshots (https://repository.apache.org/content/repositories/snapshots) -> [Help 1]
[ERROR] 
[ERROR] To see the full stack trace of the errors, re-run Maven with the -e switch.
[ERROR] Re-run Maven using the -X switch to enable full debug logging.
[ERROR] 
[ERROR] For more information about the errors and possible solutions, please read the following articles:
[ERROR] [Help 1] http://cwiki.apache.org/confluence/display/MAVEN/DependencyResolutionException
[ERROR] 
[ERROR] After correcting the problems, you can resume the build with the command
[ERROR]   mvn <args> -rf :plc4x-code-generation-protocol-base-mspec
