[INFO] Scanning for projects...
[INFO] Inspecting build with total of 1 modules...
[INFO] Installing Nexus Staging features:
[INFO]   ... total of 1 executions of maven-deploy-plugin replaced with nexus-staging-maven-plugin
[INFO] 
[INFO] ------------< com.github.alexfalappa:nb-springboot-plugin >-------------
[INFO] Building NB SpringBoot 3.2-SNAPSHOT
[INFO] --------------------------------[ nbm ]---------------------------------
[INFO] ------------------------------------------------------------------------
[INFO] BUILD FAILURE
[INFO] ------------------------------------------------------------------------
[INFO] Total time:  0.744 s
[INFO] Finished at: 2023-01-13T10:30:24Z
[INFO] ------------------------------------------------------------------------
[ERROR] Failed to execute goal on project nb-springboot-plugin: Could not resolve dependencies for project com.github.alexfalappa:nb-springboot-plugin:nbm:3.2-SNAPSHOT: Failed to collect dependencies at org.netbeans.api:org-openide-modules:jar:RELEASE82: Failed to read artifact descriptor for org.netbeans.api:org-openide-modules:jar:RELEASE82: Could not transfer artifact org.netbeans.api:org-openide-modules:pom:RELEASE82 from/to maven-default-http-blocker (http://0.0.0.0/): Blocked mirror for repositories: [netbeans (http://bits.netbeans.org/nexus/content/groups/netbeans, default, releases)] -> [Help 1]
[ERROR] 
[ERROR] To see the full stack trace of the errors, re-run Maven with the -e switch.
[ERROR] Re-run Maven using the -X switch to enable full debug logging.
[ERROR] 
[ERROR] For more information about the errors and possible solutions, please read the following articles:
[ERROR] [Help 1] http://cwiki.apache.org/confluence/display/MAVEN/DependencyResolutionException
