[INFO] Scanning for projects...
[INFO] Downloading from central: https://repo.maven.apache.org/maven2/org/springframework/boot/spring-boot-starter-parent/2.0.3.RELEASE/spring-boot-starter-parent-2.0.3.RELEASE.pom
[INFO] Downloaded from central: https://repo.maven.apache.org/maven2/org/springframework/boot/spring-boot-starter-parent/2.0.3.RELEASE/spring-boot-starter-parent-2.0.3.RELEASE.pom (12 kB at 73 kB/s)
[INFO] Downloading from central: https://repo.maven.apache.org/maven2/org/springframework/boot/spring-boot-starter-parent/1.1.4.RELEASE/spring-boot-starter-parent-1.1.4.RELEASE.pom
[INFO] Downloaded from central: https://repo.maven.apache.org/maven2/org/springframework/boot/spring-boot-starter-parent/1.1.4.RELEASE/spring-boot-starter-parent-1.1.4.RELEASE.pom (6.8 kB at 455 kB/s)
[INFO] Downloading from central: https://repo.maven.apache.org/maven2/org/springframework/boot/spring-boot-dependencies/1.1.4.RELEASE/spring-boot-dependencies-1.1.4.RELEASE.pom
[INFO] Downloaded from central: https://repo.maven.apache.org/maven2/org/springframework/boot/spring-boot-dependencies/1.1.4.RELEASE/spring-boot-dependencies-1.1.4.RELEASE.pom (43 kB at 2.1 MB/s)
[INFO] Downloading from central: https://repo.maven.apache.org/maven2/org/springframework/spring-framework-bom/4.0.6.RELEASE/spring-framework-bom-4.0.6.RELEASE.pom
[INFO] Downloaded from central: https://repo.maven.apache.org/maven2/org/springframework/spring-framework-bom/4.0.6.RELEASE/spring-framework-bom-4.0.6.RELEASE.pom (5.1 kB at 512 kB/s)
[INFO] Downloading from central: https://repo.maven.apache.org/maven2/org/springframework/data/spring-data-releasetrain/Dijkstra-SR1/spring-data-releasetrain-Dijkstra-SR1.pom
[INFO] Downloaded from central: https://repo.maven.apache.org/maven2/org/springframework/data/spring-data-releasetrain/Dijkstra-SR1/spring-data-releasetrain-Dijkstra-SR1.pom (3.8 kB at 474 kB/s)
[INFO] Downloading from central: https://repo.maven.apache.org/maven2/org/springframework/data/build/spring-data-build/1.4.1.RELEASE/spring-data-build-1.4.1.RELEASE.pom
[INFO] Downloaded from central: https://repo.maven.apache.org/maven2/org/springframework/data/build/spring-data-build/1.4.1.RELEASE/spring-data-build-1.4.1.RELEASE.pom (2.5 kB at 164 kB/s)
[INFO] Downloading from central: https://repo.maven.apache.org/maven2/org/springframework/integration/spring-integration-bom/4.0.2.RELEASE/spring-integration-bom-4.0.2.RELEASE.pom
[INFO] Downloaded from central: https://repo.maven.apache.org/maven2/org/springframework/integration/spring-integration-bom/4.0.2.RELEASE/spring-integration-bom-4.0.2.RELEASE.pom (7.9 kB at 789 kB/s)
[INFO] Downloading from central: https://repo.maven.apache.org/maven2/org/springframework/security/spring-security-bom/3.2.4.RELEASE/spring-security-bom-3.2.4.RELEASE.pom
[INFO] Downloaded from central: https://repo.maven.apache.org/maven2/org/springframework/security/spring-security-bom/3.2.4.RELEASE/spring-security-bom-3.2.4.RELEASE.pom (3.8 kB at 419 kB/s)
[WARNING] 
[WARNING] Some problems were encountered while building the effective model for xyz.subho:example.smallest:war:0.0.1-SNAPSHOT
[WARNING] 'parent.relativePath' of POM xyz.subho:example.smallest:0.0.1-SNAPSHOT (/home/gabsko/breaking-updates/SpringBoot/Introduction/pom.xml) points at xyz.subho.wipro:pjp.tm15 instead of org.springframework.boot:spring-boot-starter-parent, please verify your project structure @ line 10, column 10
[WARNING] 
[WARNING] It is highly recommended to fix these problems because they threaten the stability of your build.
[WARNING] 
[WARNING] For this reason, future Maven versions might no longer support building such malformed projects.
[WARNING] 
[INFO] ------------------------------------------------------------------------
[INFO] Reactor Build Order:
[INFO] 
[INFO] pjp.tm03                                                           [jar]
[INFO] pjp.tm07                                                           [jar]
[INFO] Hibernate3withAnnotations                                          [jar]
[INFO] 5_Assignment1                                                      [jar]
[INFO] 5_Assignment2                                                      [jar]
[INFO] 5_Assignment3                                                      [jar]
[INFO] 5_Assignment4                                                      [jar]
[INFO] 5_Assignment5                                                      [jar]
[INFO] 5_Assignment6                                                      [jar]
[INFO] pjp.tm13                                                           [pom]
[INFO] HQL                                                                [pom]
[INFO] Introduction to Hibernate                                          [jar]
[INFO] Database-web-app-JavaEE Maven Webapp                               [jar]
[INFO] pjp.tm09 Maven Webapp                                              [war]
[INFO] pjp.tm06                                                           [jar]
[INFO] pjp.tm12                                                           [jar]
[INFO] pjp.tm01                                                           [jar]
[INFO] pjp.tm10 Maven Webapp                                              [war]
[INFO] pjp.tm04                                                           [jar]
[INFO] pjp.tm02                                                           [jar]
[INFO] pjp.tm08                                                           [jar]
[INFO] pjp.tm11 Maven Webapp                                              [war]
[INFO] demo                                                               [war]
[INFO] example.smallest                                                   [war]
[INFO] spring-boot-jpa-h2                                                 [jar]
[INFO] spring-boot-web-mvc                                                [war]
[INFO] pjp.tm15                                                           [pom]
[INFO] pjp.tm05                                                           [jar]
[INFO] pjp                                                                [pom]
[INFO] 
[INFO] ----------------------< com.subho.wipro:pjp.tm03 >----------------------
[INFO] Building pjp.tm03 1.0                                             [1/29]
[INFO] --------------------------------[ jar ]---------------------------------
[INFO] 
[INFO] --- maven-clean-plugin:2.5:clean (default-clean) @ pjp.tm03 ---
[INFO] 
[INFO] --- maven-resources-plugin:2.6:resources (default-resources) @ pjp.tm03 ---
[INFO] Using 'UTF-8' encoding to copy filtered resources.
[INFO] skip non existing resourceDirectory /home/gabsko/breaking-updates/Abstraction_Packages_ExceptionHandling/src/main/resources
[INFO] 
[INFO] --- maven-compiler-plugin:3.1:compile (default-compile) @ pjp.tm03 ---
[INFO] Changes detected - recompiling the module!
[INFO] Compiling 73 source files to /home/gabsko/breaking-updates/Abstraction_Packages_ExceptionHandling/target/classes
[INFO] 
[INFO] ----------------------< com.subho.wipro:pjp.tm07 >----------------------
[INFO] Building pjp.tm07 1.0                                             [2/29]
[INFO] --------------------------------[ jar ]---------------------------------
[INFO] 
[INFO] --- maven-clean-plugin:2.5:clean (default-clean) @ pjp.tm07 ---
[INFO] 
[INFO] --- maven-resources-plugin:2.6:resources (default-resources) @ pjp.tm07 ---
[INFO] Using 'UTF-8' encoding to copy filtered resources.
[INFO] skip non existing resourceDirectory /home/gabsko/breaking-updates/Collections/src/main/resources
[INFO] 
[INFO] --- maven-compiler-plugin:3.1:compile (default-compile) @ pjp.tm07 ---
[INFO] Changes detected - recompiling the module!
[INFO] Compiling 41 source files to /home/gabsko/breaking-updates/Collections/target/classes
[WARNING] /home/gabsko/breaking-updates/Collections/src/main/java/com/subho/wipro/pjp/tm07/map/Q1.java: Some input files use unchecked or unsafe operations.
[WARNING] /home/gabsko/breaking-updates/Collections/src/main/java/com/subho/wipro/pjp/tm07/map/Q1.java: Recompile with -Xlint:unchecked for details.
[INFO] 
[INFO] --------< Hibernate3withAnnotations:Hibernate3withAnnotations >---------
[INFO] Building Hibernate3withAnnotations 0.0.1-SNAPSHOT                 [3/29]
[INFO] --------------------------------[ jar ]---------------------------------
[INFO] Downloading from central: https://repo.maven.apache.org/maven2/org/hibernate/hibernate-core/5.4.2.Final/hibernate-core-5.4.2.Final.pom
[INFO] Downloaded from central: https://repo.maven.apache.org/maven2/org/hibernate/hibernate-core/5.4.2.Final/hibernate-core-5.4.2.Final.pom (6.1 kB at 876 kB/s)
[INFO] Downloading from central: https://repo.maven.apache.org/maven2/org/jboss/jandex/2.0.5.Final/jandex-2.0.5.Final.pom
[INFO] Downloaded from central: https://repo.maven.apache.org/maven2/org/jboss/jandex/2.0.5.Final/jandex-2.0.5.Final.pom (0 B at 0 B/s)
[INFO] Downloading from central: https://repo.maven.apache.org/maven2/com/oracle/database/jdbc/ojdbc6/11.2.0.4/ojdbc6-11.2.0.4.pom
[INFO] Downloaded from central: https://repo.maven.apache.org/maven2/com/oracle/database/jdbc/ojdbc6/11.2.0.4/ojdbc6-11.2.0.4.pom (9.2 kB at 1.3 MB/s)
[INFO] Downloading from central: https://repo.maven.apache.org/maven2/com/oracle/database/jdbc/ucp/11.2.0.4/ucp-11.2.0.4.pom
[INFO] Downloaded from central: https://repo.maven.apache.org/maven2/com/oracle/database/jdbc/ucp/11.2.0.4/ucp-11.2.0.4.pom (7.1 kB at 892 kB/s)
[INFO] Downloading from central: https://repo.maven.apache.org/maven2/com/oracle/database/security/oraclepki/11.2.0.4/oraclepki-11.2.0.4.pom
[INFO] Downloaded from central: https://repo.maven.apache.org/maven2/com/oracle/database/security/oraclepki/11.2.0.4/oraclepki-11.2.0.4.pom (7.2 kB at 894 kB/s)
[INFO] Downloading from central: https://repo.maven.apache.org/maven2/com/oracle/database/security/osdt_cert/11.2.0.4/osdt_cert-11.2.0.4.pom
[INFO] Downloaded from central: https://repo.maven.apache.org/maven2/com/oracle/database/security/osdt_cert/11.2.0.4/osdt_cert-11.2.0.4.pom (7.2 kB at 795 kB/s)
[INFO] Downloading from central: https://repo.maven.apache.org/maven2/com/oracle/database/security/osdt_core/11.2.0.4/osdt_core-11.2.0.4.pom
[INFO] Downloaded from central: https://repo.maven.apache.org/maven2/com/oracle/database/security/osdt_core/11.2.0.4/osdt_core-11.2.0.4.pom (7.2 kB at 716 kB/s)
[INFO] Downloading from central: https://repo.maven.apache.org/maven2/com/oracle/database/ha/simplefan/11.2.0.4/simplefan-11.2.0.4.pom
[INFO] Downloaded from central: https://repo.maven.apache.org/maven2/com/oracle/database/ha/simplefan/11.2.0.4/simplefan-11.2.0.4.pom (7.4 kB at 351 kB/s)
[INFO] Downloading from central: https://repo.maven.apache.org/maven2/com/oracle/database/ha/ons/11.2.0.4/ons-11.2.0.4.pom
[INFO] Downloaded from central: https://repo.maven.apache.org/maven2/com/oracle/database/ha/ons/11.2.0.4/ons-11.2.0.4.pom (7.1 kB at 649 kB/s)
[INFO] Downloading from central: https://repo.maven.apache.org/maven2/org/hibernate/hibernate-hikaricp/5.4.2.Final/hibernate-hikaricp-5.4.2.Final.pom
[INFO] Downloaded from central: https://repo.maven.apache.org/maven2/org/hibernate/hibernate-hikaricp/5.4.2.Final/hibernate-hikaricp-5.4.2.Final.pom (2.7 kB at 13 kB/s)
[INFO] Downloading from central: https://repo.maven.apache.org/maven2/com/zaxxer/HikariCP/3.2.0/HikariCP-3.2.0.pom
[INFO] Downloaded from central: https://repo.maven.apache.org/maven2/com/zaxxer/HikariCP/3.2.0/HikariCP-3.2.0.pom (19 kB at 1.7 MB/s)
[INFO] Downloading from central: https://repo.maven.apache.org/maven2/org/hibernate/hibernate-entitymanager/6.0.0.Alpha5/hibernate-entitymanager-6.0.0.Alpha5.pom
[INFO] Downloaded from central: https://repo.maven.apache.org/maven2/org/hibernate/hibernate-entitymanager/6.0.0.Alpha5/hibernate-entitymanager-6.0.0.Alpha5.pom (1.9 kB at 215 kB/s)
[INFO] Downloading from central: https://repo.maven.apache.org/maven2/org/hibernate/orm/hibernate-entitymanager/6.0.0.Alpha5/hibernate-entitymanager-6.0.0.Alpha5.pom
[INFO] Downloaded from central: https://repo.maven.apache.org/maven2/org/hibernate/orm/hibernate-entitymanager/6.0.0.Alpha5/hibernate-entitymanager-6.0.0.Alpha5.pom (4.2 kB at 523 kB/s)
[INFO] Downloading from central: https://repo.maven.apache.org/maven2/org/hibernate/orm/hibernate-core/6.0.0.Alpha5/hibernate-core-6.0.0.Alpha5.pom
[INFO] Downloaded from central: https://repo.maven.apache.org/maven2/org/hibernate/orm/hibernate-core/6.0.0.Alpha5/hibernate-core-6.0.0.Alpha5.pom (6.2 kB at 167 kB/s)
[INFO] Downloading from central: https://repo.maven.apache.org/maven2/org/hibernate/ejb3-persistence/3.3.2.Beta1/ejb3-persistence-3.3.2.Beta1.pom
[INFO] Downloaded from central: https://repo.maven.apache.org/maven2/org/hibernate/ejb3-persistence/3.3.2.Beta1/ejb3-persistence-3.3.2.Beta1.pom (1.1 kB at 11 kB/s)
[WARNING] The artifact org.hibernate:hibernate-entitymanager:pom:6.0.0.Alpha5 has been relocated to org.hibernate.orm:hibernate-entitymanager:pom:6.0.0.Alpha5
[INFO] Downloading from central: https://repo.maven.apache.org/maven2/org/jboss/jandex/2.0.5.Final/jandex-2.0.5.Final.jar
[INFO] Downloading from central: https://repo.maven.apache.org/maven2/com/oracle/database/jdbc/ojdbc6/11.2.0.4/ojdbc6-11.2.0.4.jar
[INFO] Downloading from central: https://repo.maven.apache.org/maven2/com/oracle/database/jdbc/ucp/11.2.0.4/ucp-11.2.0.4.jar
[INFO] Downloading from central: https://repo.maven.apache.org/maven2/com/oracle/database/security/oraclepki/11.2.0.4/oraclepki-11.2.0.4.jar
[INFO] Downloading from central: https://repo.maven.apache.org/maven2/com/oracle/database/security/osdt_cert/11.2.0.4/osdt_cert-11.2.0.4.jar
[INFO] Downloaded from central: https://repo.maven.apache.org/maven2/org/jboss/jandex/2.0.5.Final/jandex-2.0.5.Final.jar (0 B at 0 B/s)
[INFO] Downloading from central: https://repo.maven.apache.org/maven2/com/oracle/database/security/osdt_core/11.2.0.4/osdt_core-11.2.0.4.jar
[INFO] Downloaded from central: https://repo.maven.apache.org/maven2/com/oracle/database/security/osdt_core/11.2.0.4/osdt_core-11.2.0.4.jar (262 kB at 5.4 MB/s)
[INFO] Downloading from central: https://repo.maven.apache.org/maven2/com/oracle/database/ha/simplefan/11.2.0.4/simplefan-11.2.0.4.jar
[INFO] Downloaded from central: https://repo.maven.apache.org/maven2/com/oracle/database/security/oraclepki/11.2.0.4/oraclepki-11.2.0.4.jar (219 kB at 4.4 MB/s)
[INFO] Downloading from central: https://repo.maven.apache.org/maven2/com/oracle/database/ha/ons/11.2.0.4/ons-11.2.0.4.jar
[INFO] Downloaded from central: https://repo.maven.apache.org/maven2/com/oracle/database/ha/simplefan/11.2.0.4/simplefan-11.2.0.4.jar (20 kB at 357 kB/s)
[INFO] Downloading from central: https://repo.maven.apache.org/maven2/org/hibernate/hibernate-core/5.4.2.Final/hibernate-core-5.4.2.Final.jar
[INFO] Downloaded from central: https://repo.maven.apache.org/maven2/com/oracle/database/ha/ons/11.2.0.4/ons-11.2.0.4.jar (72 kB at 1.2 MB/s)
[INFO] Downloading from central: https://repo.maven.apache.org/maven2/com/zaxxer/HikariCP/3.2.0/HikariCP-3.2.0.jar
[INFO] Downloaded from central: https://repo.maven.apache.org/maven2/com/oracle/database/security/osdt_cert/11.2.0.4/osdt_cert-11.2.0.4.jar (170 kB at 2.3 MB/s)
[INFO] Downloading from central: https://repo.maven.apache.org/maven2/org/hibernate/orm/hibernate-core/6.0.0.Alpha5/hibernate-core-6.0.0.Alpha5.jar
[INFO] Downloaded from central: https://repo.maven.apache.org/maven2/com/oracle/database/jdbc/ucp/11.2.0.4/ucp-11.2.0.4.jar (506 kB at 6.5 MB/s)
[INFO] Downloaded from central: https://repo.maven.apache.org/maven2/com/zaxxer/HikariCP/3.2.0/HikariCP-3.2.0.jar (144 kB at 1.8 MB/s)
[INFO] Downloaded from central: https://repo.maven.apache.org/maven2/com/oracle/database/jdbc/ojdbc6/11.2.0.4/ojdbc6-11.2.0.4.jar (2.7 MB at 20 MB/s)
[INFO] Downloaded from central: https://repo.maven.apache.org/maven2/org/hibernate/hibernate-core/5.4.2.Final/hibernate-core-5.4.2.Final.jar (7.1 MB at 23 MB/s)
[INFO] Downloaded from central: https://repo.maven.apache.org/maven2/org/hibernate/orm/hibernate-core/6.0.0.Alpha5/hibernate-core-6.0.0.Alpha5.jar (8.0 MB at 25 MB/s)
[INFO] 
[INFO] --- maven-clean-plugin:2.5:clean (default-clean) @ Hibernate3withAnnotations ---
[INFO] 
[INFO] --- maven-resources-plugin:2.6:resources (default-resources) @ Hibernate3withAnnotations ---
[INFO] Using 'UTF-8' encoding to copy filtered resources.
[INFO] Copying 2 resources
[INFO] 
[INFO] --- maven-compiler-plugin:3.1:compile (default-compile) @ Hibernate3withAnnotations ---
[INFO] Changes detected - recompiling the module!
[INFO] Compiling 4 source files to /home/gabsko/breaking-updates/Hibernate/Hibernate3withAnnotations/target/classes
[INFO] 
[INFO] ----------------------< com.wipro:5_Assignment1 >-----------------------
[INFO] Building 5_Assignment1 0.0.1-SNAPSHOT                             [4/29]
[INFO] --------------------------------[ jar ]---------------------------------
[INFO] Downloading from central: https://repo.maven.apache.org/maven2/org/hibernate/hibernate-core/5.4.9.Final/hibernate-core-5.4.9.Final.pom
[INFO] Downloaded from central: https://repo.maven.apache.org/maven2/org/hibernate/hibernate-core/5.4.9.Final/hibernate-core-5.4.9.Final.pom (6.1 kB at 876 kB/s)
[INFO] Downloading from central: https://repo.maven.apache.org/maven2/org/hibernate/hibernate-core/5.4.9.Final/hibernate-core-5.4.9.Final.jar
[INFO] Downloading from central: https://repo.maven.apache.org/maven2/net/bytebuddy/byte-buddy/1.10.2/byte-buddy-1.10.2.jar
[INFO] Downloaded from central: https://repo.maven.apache.org/maven2/net/bytebuddy/byte-buddy/1.10.2/byte-buddy-1.10.2.jar (0 B at 0 B/s)
[INFO] Downloaded from central: https://repo.maven.apache.org/maven2/org/hibernate/hibernate-core/5.4.9.Final/hibernate-core-5.4.9.Final.jar (7.2 MB at 76 MB/s)
[INFO] 
[INFO] --- maven-clean-plugin:2.5:clean (default-clean) @ 5_Assignment1 ---
[INFO] 
[INFO] --- maven-resources-plugin:2.6:resources (default-resources) @ 5_Assignment1 ---
[INFO] Using 'UTF-8' encoding to copy filtered resources.
[INFO] Copying 1 resource
[INFO] 
[INFO] --- maven-compiler-plugin:3.1:compile (default-compile) @ 5_Assignment1 ---
[INFO] Changes detected - recompiling the module!
[INFO] Compiling 4 source files to /home/gabsko/breaking-updates/Hibernate/HQL/5_Assignment1/target/classes
[INFO] 
[INFO] ----------------------< com.wipro:5_Assignment2 >-----------------------
[INFO] Building 5_Assignment2 0.0.1-SNAPSHOT                             [5/29]
[INFO] --------------------------------[ jar ]---------------------------------
[INFO] 
[INFO] --- maven-clean-plugin:2.5:clean (default-clean) @ 5_Assignment2 ---
[INFO] 
[INFO] --- maven-resources-plugin:2.6:resources (default-resources) @ 5_Assignment2 ---
[INFO] Using 'UTF-8' encoding to copy filtered resources.
[INFO] Copying 2 resources
[INFO] 
[INFO] --- maven-compiler-plugin:3.1:compile (default-compile) @ 5_Assignment2 ---
[INFO] Changes detected - recompiling the module!
[INFO] Compiling 2 source files to /home/gabsko/breaking-updates/Hibernate/HQL/5_Assignment2/target/classes
[INFO] 
[INFO] ----------------------< com.wipro:5_Assignment3 >-----------------------
[INFO] Building 5_Assignment3 0.0.1-SNAPSHOT                             [6/29]
[INFO] --------------------------------[ jar ]---------------------------------
[INFO] 
[INFO] --- maven-clean-plugin:2.5:clean (default-clean) @ 5_Assignment3 ---
[INFO] 
[INFO] --- maven-resources-plugin:2.6:resources (default-resources) @ 5_Assignment3 ---
[INFO] Using 'UTF-8' encoding to copy filtered resources.
[INFO] Copying 2 resources
[INFO] 
[INFO] --- maven-compiler-plugin:3.1:compile (default-compile) @ 5_Assignment3 ---
[INFO] Changes detected - recompiling the module!
[INFO] Compiling 2 source files to /home/gabsko/breaking-updates/Hibernate/HQL/5_Assignment3/target/classes
[INFO] 
[INFO] ----------------------< com.wipro:5_Assignment4 >-----------------------
[INFO] Building 5_Assignment4 0.0.1-SNAPSHOT                             [7/29]
[INFO] --------------------------------[ jar ]---------------------------------
[INFO] 
[INFO] --- maven-clean-plugin:2.5:clean (default-clean) @ 5_Assignment4 ---
[INFO] 
[INFO] --- maven-resources-plugin:2.6:resources (default-resources) @ 5_Assignment4 ---
[INFO] Using 'UTF-8' encoding to copy filtered resources.
[INFO] Copying 2 resources
[INFO] 
[INFO] --- maven-compiler-plugin:3.1:compile (default-compile) @ 5_Assignment4 ---
[INFO] Changes detected - recompiling the module!
[INFO] Compiling 2 source files to /home/gabsko/breaking-updates/Hibernate/HQL/5_Assignment4/target/classes
[INFO] 
[INFO] ----------------------< com.wipro:5_Assignment5 >-----------------------
[INFO] Building 5_Assignment5 0.0.1-SNAPSHOT                             [8/29]
[INFO] --------------------------------[ jar ]---------------------------------
[INFO] 
[INFO] --- maven-clean-plugin:2.5:clean (default-clean) @ 5_Assignment5 ---
[INFO] 
[INFO] --- maven-resources-plugin:2.6:resources (default-resources) @ 5_Assignment5 ---
[INFO] Using 'UTF-8' encoding to copy filtered resources.
[INFO] Copying 1 resource
[INFO] 
[INFO] --- maven-compiler-plugin:3.1:compile (default-compile) @ 5_Assignment5 ---
[INFO] Changes detected - recompiling the module!
[INFO] Compiling 6 source files to /home/gabsko/breaking-updates/Hibernate/HQL/5_Assignment5/target/classes
[INFO] 
[INFO] ----------------------< com.wipro:5_Assignment6 >-----------------------
[INFO] Building 5_Assignment6 0.0.1-SNAPSHOT                             [9/29]
[INFO] --------------------------------[ jar ]---------------------------------
[INFO] 
[INFO] --- maven-clean-plugin:2.5:clean (default-clean) @ 5_Assignment6 ---
[INFO] 
[INFO] --- maven-resources-plugin:2.6:resources (default-resources) @ 5_Assignment6 ---
[INFO] Using 'UTF-8' encoding to copy filtered resources.
[INFO] Copying 1 resource
[INFO] 
[INFO] --- maven-compiler-plugin:3.1:compile (default-compile) @ 5_Assignment6 ---
[INFO] Changes detected - recompiling the module!
[INFO] Compiling 5 source files to /home/gabsko/breaking-updates/Hibernate/HQL/5_Assignment6/target/classes
[INFO] 
[INFO] ----------------------< xyz.subho.wipro:pjp.tm13 >----------------------
[INFO] Building pjp.tm13 1.0                                            [10/29]
[INFO] --------------------------------[ pom ]---------------------------------
[INFO] 
[INFO] --- maven-clean-plugin:2.5:clean (default-clean) @ pjp.tm13 ---
[INFO] 
[INFO] ------------------------< xyz.subho.wipro:HQL >-------------------------
[INFO] Building HQL 1.2                                                 [11/29]
[INFO] --------------------------------[ pom ]---------------------------------
[INFO] 
[INFO] --- maven-clean-plugin:2.5:clean (default-clean) @ HQL ---
[INFO] 
[INFO] -------------< xyz.subho.wipro:Introduction_to_Hibernate >--------------
[INFO] Building Introduction to Hibernate 0.0.1                         [12/29]
[INFO] --------------------------------[ jar ]---------------------------------
[WARNING] The artifact org.hibernate:hibernate-entitymanager:pom:6.0.0.Alpha5 has been relocated to org.hibernate.orm:hibernate-entitymanager:pom:6.0.0.Alpha5
[INFO] 
[INFO] --- maven-clean-plugin:2.5:clean (default-clean) @ Introduction_to_Hibernate ---
[INFO] 
[INFO] --- maven-resources-plugin:2.6:resources (default-resources) @ Introduction_to_Hibernate ---
[INFO] Using 'UTF-8' encoding to copy filtered resources.
[INFO] Copying 4 resources
[INFO] 
[INFO] --- maven-compiler-plugin:3.1:compile (default-compile) @ Introduction_to_Hibernate ---
[INFO] Changes detected - recompiling the module!
[INFO] Compiling 8 source files to /home/gabsko/breaking-updates/Hibernate/IntroductionToHibernate/target/classes
[INFO] 
[INFO] -----------------< com.subho:Database-web-app-JavaEE >------------------
[INFO] Building Database-web-app-JavaEE Maven Webapp 1.0-SNAPSHOT       [13/29]
[INFO] --------------------------------[ jar ]---------------------------------
[INFO] Downloading from central: https://repo.maven.apache.org/maven2/org/hibernate/hibernate-core/5.3.1.Final/hibernate-core-5.3.1.Final.pom
[INFO] Downloaded from central: https://repo.maven.apache.org/maven2/org/hibernate/hibernate-core/5.3.1.Final/hibernate-core-5.3.1.Final.pom (3.6 kB at 519 kB/s)
[INFO] Downloading from central: https://repo.maven.apache.org/maven2/org/hibernate/common/hibernate-commons-annotations/5.0.3.Final/hibernate-commons-annotations-5.0.3.Final.pom
[INFO] Downloaded from central: https://repo.maven.apache.org/maven2/org/hibernate/common/hibernate-commons-annotations/5.0.3.Final/hibernate-commons-annotations-5.0.3.Final.pom (1.9 kB at 240 kB/s)
[INFO] Downloading from central: https://repo.maven.apache.org/maven2/mysql/mysql-connector-java/5.1.33/mysql-connector-java-5.1.33.pom
[INFO] Downloaded from central: https://repo.maven.apache.org/maven2/mysql/mysql-connector-java/5.1.33/mysql-connector-java-5.1.33.pom (1.1 kB at 39 kB/s)
[WARNING] The POM for com.sun.xml.bind:jaxb-impl:jar:2.2.11 is invalid, transitive dependencies (if any) will not be available, enable debug logging for more details
[WARNING] The POM for com.sun.xml.bind:jaxb-core:jar:2.2.11 is invalid, transitive dependencies (if any) will not be available, enable debug logging for more details
[INFO] Downloading from central: https://repo.maven.apache.org/maven2/org/hibernate/hibernate-core/5.3.1.Final/hibernate-core-5.3.1.Final.jar
[INFO] Downloading from central: https://repo.maven.apache.org/maven2/org/hibernate/common/hibernate-commons-annotations/5.0.3.Final/hibernate-commons-annotations-5.0.3.Final.jar
[INFO] Downloading from central: https://repo.maven.apache.org/maven2/mysql/mysql-connector-java/5.1.33/mysql-connector-java-5.1.33.jar
[INFO] Downloaded from central: https://repo.maven.apache.org/maven2/org/hibernate/common/hibernate-commons-annotations/5.0.3.Final/hibernate-commons-annotations-5.0.3.Final.jar (76 kB at 8.4 MB/s)
[INFO] Downloaded from central: https://repo.maven.apache.org/maven2/mysql/mysql-connector-java/5.1.33/mysql-connector-java-5.1.33.jar (960 kB at 22 MB/s)
[INFO] Downloaded from central: https://repo.maven.apache.org/maven2/org/hibernate/hibernate-core/5.3.1.Final/hibernate-core-5.3.1.Final.jar (6.9 MB at 20 MB/s)
[INFO] 
[INFO] --- maven-clean-plugin:2.5:clean (default-clean) @ Database-web-app-JavaEE ---
[INFO] 
[INFO] --- maven-resources-plugin:2.6:resources (default-resources) @ Database-web-app-JavaEE ---
[INFO] Using 'UTF-8' encoding to copy filtered resources.
[INFO] skip non existing resourceDirectory /home/gabsko/breaking-updates/Hibernate/Project/src/main/resources
[INFO] 
[INFO] --- maven-compiler-plugin:3.1:compile (default-compile) @ Database-web-app-JavaEE ---
[INFO] Changes detected - recompiling the module!
[INFO] Compiling 10 source files to /home/gabsko/breaking-updates/Hibernate/Project/target/classes
[INFO] 
[INFO] ------------------------< xyz.souptik:pjp.tm09 >------------------------
[INFO] Building pjp.tm09 Maven Webapp 0.0.1-SNAPSHOT                    [14/29]
[INFO] --------------------------------[ war ]---------------------------------
[INFO] 
[INFO] --- maven-clean-plugin:2.5:clean (default-clean) @ pjp.tm09 ---
[INFO] 
[INFO] --- maven-resources-plugin:2.6:resources (default-resources) @ pjp.tm09 ---
[WARNING] Using platform encoding (UTF-8 actually) to copy filtered resources, i.e. build is platform dependent!
[INFO] Copying 1 resource
[INFO] 
[INFO] --- maven-compiler-plugin:3.1:compile (default-compile) @ pjp.tm09 ---
[INFO] No sources to compile
[INFO] 
[INFO] ----------------------< com.subho.wipro:pjp.tm06 >----------------------
[INFO] Building pjp.tm06 1.0                                            [15/29]
[INFO] --------------------------------[ jar ]---------------------------------
[INFO] 
[INFO] --- maven-clean-plugin:2.5:clean (default-clean) @ pjp.tm06 ---
[INFO] 
[INFO] --- maven-resources-plugin:2.6:resources (default-resources) @ pjp.tm06 ---
[INFO] Using 'UTF-8' encoding to copy filtered resources.
[INFO] skip non existing resourceDirectory /home/gabsko/breaking-updates/IO_Streams/src/main/resources
[INFO] 
[INFO] --- maven-compiler-plugin:3.1:compile (default-compile) @ pjp.tm06 ---
[INFO] Changes detected - recompiling the module!
[INFO] Compiling 14 source files to /home/gabsko/breaking-updates/IO_Streams/target/classes
[INFO] 
[INFO] ----------------------< com.subho.wipro:pjp.tm12 >----------------------
[INFO] Building pjp.tm12 1.0                                            [16/29]
[INFO] --------------------------------[ jar ]---------------------------------
[INFO] 
[INFO] --- maven-clean-plugin:2.5:clean (default-clean) @ pjp.tm12 ---
[INFO] 
[INFO] --- maven-resources-plugin:2.6:resources (default-resources) @ pjp.tm12 ---
[INFO] Using 'UTF-8' encoding to copy filtered resources.
[INFO] skip non existing resourceDirectory /home/gabsko/breaking-updates/Java8/src/main/resources
[INFO] 
[INFO] --- maven-compiler-plugin:3.1:compile (default-compile) @ pjp.tm12 ---
[INFO] Changes detected - recompiling the module!
[INFO] Compiling 27 source files to /home/gabsko/breaking-updates/Java8/target/classes
[WARNING] /home/gabsko/breaking-updates/Java8/src/main/java/com/subho/wipro/pjp/tm12/StreamAPI/Assignment02.java: /home/gabsko/breaking-updates/Java8/src/main/java/com/subho/wipro/pjp/tm12/StreamAPI/Assignment02.java uses unchecked or unsafe operations.
[WARNING] /home/gabsko/breaking-updates/Java8/src/main/java/com/subho/wipro/pjp/tm12/StreamAPI/Assignment02.java: Recompile with -Xlint:unchecked for details.
[INFO] 
[INFO] ----------------------< com.subho.wipro:pjp.tm01 >----------------------
[INFO] Building pjp.tm01 1.0.1                                          [17/29]
[INFO] --------------------------------[ jar ]---------------------------------
[INFO] 
[INFO] --- maven-clean-plugin:2.5:clean (default-clean) @ pjp.tm01 ---
[INFO] 
[INFO] --- maven-resources-plugin:2.6:resources (default-resources) @ pjp.tm01 ---
[INFO] Using 'UTF-8' encoding to copy filtered resources.
[INFO] skip non existing resourceDirectory /home/gabsko/breaking-updates/JavaFundamentals/src/main/resources
[INFO] 
[INFO] --- maven-compiler-plugin:3.1:compile (default-compile) @ pjp.tm01 ---
[INFO] Changes detected - recompiling the module!
[INFO] Compiling 41 source files to /home/gabsko/breaking-updates/JavaFundamentals/target/classes
[INFO] 
[INFO] -------------------------< com.subho:pjp.tm10 >-------------------------
[INFO] Building pjp.tm10 Maven Webapp 0.0.1-SNAPSHOT                    [18/29]
[INFO] --------------------------------[ war ]---------------------------------
[INFO] 
[INFO] --- maven-clean-plugin:2.5:clean (default-clean) @ pjp.tm10 ---
[INFO] 
[INFO] --- maven-resources-plugin:2.6:resources (default-resources) @ pjp.tm10 ---
[WARNING] Using platform encoding (UTF-8 actually) to copy filtered resources, i.e. build is platform dependent!
[INFO] skip non existing resourceDirectory /home/gabsko/breaking-updates/JavaScript_CSS/src/main/resources
[INFO] 
[INFO] --- maven-compiler-plugin:3.1:compile (default-compile) @ pjp.tm10 ---
[INFO] No sources to compile
[INFO] 
[INFO] ----------------------< com.subho.wipro:pjp.tm04 >----------------------
[INFO] Building pjp.tm04 0.1                                            [19/29]
[INFO] --------------------------------[ jar ]---------------------------------
[INFO] 
[INFO] --- maven-clean-plugin:2.5:clean (default-clean) @ pjp.tm04 ---
[INFO] 
[INFO] --- maven-resources-plugin:2.6:resources (default-resources) @ pjp.tm04 ---
[INFO] Using 'UTF-8' encoding to copy filtered resources.
[INFO] skip non existing resourceDirectory /home/gabsko/breaking-updates/Junit/src/main/resources
[INFO] 
[INFO] --- maven-compiler-plugin:3.1:compile (default-compile) @ pjp.tm04 ---
[INFO] Changes detected - recompiling the module!
[INFO] Compiling 17 source files to /home/gabsko/breaking-updates/Junit/target/classes
[INFO] 
[INFO] ----------------------< com.subho.wipro:pjp.tm02 >----------------------
[INFO] Building pjp.tm02 1.0                                            [20/29]
[INFO] --------------------------------[ jar ]---------------------------------
[INFO] 
[INFO] --- maven-clean-plugin:2.5:clean (default-clean) @ pjp.tm02 ---
[INFO] 
[INFO] --- maven-resources-plugin:2.6:resources (default-resources) @ pjp.tm02 ---
[INFO] Using 'UTF-8' encoding to copy filtered resources.
[INFO] skip non existing resourceDirectory /home/gabsko/breaking-updates/OOPS_Inheritance/src/main/resources
[INFO] 
[INFO] --- maven-compiler-plugin:3.1:compile (default-compile) @ pjp.tm02 ---
[INFO] Changes detected - recompiling the module!
[INFO] Compiling 48 source files to /home/gabsko/breaking-updates/OOPS_Inheritance/target/classes
[INFO] 
[INFO] ----------------------< com.subho.wipro:pjp.tm08 >----------------------
[INFO] Building pjp.tm08 1.0                                            [21/29]
[INFO] --------------------------------[ jar ]---------------------------------
[INFO] Downloading from central: https://repo.maven.apache.org/maven2/oracle/ojdbc6/11.2.0.3/ojdbc6-11.2.0.3.pom
[INFO] ------------------------------------------------------------------------
[INFO] Reactor Summary:
[INFO] 
[INFO] pjp.tm03 1.0 ....................................... SUCCESS [  0.789 s]
[INFO] pjp.tm07 1.0 ....................................... SUCCESS [  0.170 s]
[INFO] Hibernate3withAnnotations 0.0.1-SNAPSHOT ........... SUCCESS [  1.153 s]
[INFO] 5_Assignment1 0.0.1-SNAPSHOT ....................... SUCCESS [  0.190 s]
[INFO] 5_Assignment2 0.0.1-SNAPSHOT ....................... SUCCESS [  0.085 s]
[INFO] 5_Assignment3 0.0.1-SNAPSHOT ....................... SUCCESS [  0.113 s]
[INFO] 5_Assignment4 0.0.1-SNAPSHOT ....................... SUCCESS [  0.103 s]
[INFO] 5_Assignment5 0.0.1-SNAPSHOT ....................... SUCCESS [  0.137 s]
[INFO] 5_Assignment6 0.0.1-SNAPSHOT ....................... SUCCESS [  0.060 s]
[INFO] pjp.tm13 1.0 ....................................... SUCCESS [  0.001 s]
[INFO] HQL 1.2 ............................................ SUCCESS [  0.000 s]
[INFO] Introduction to Hibernate 0.0.1 .................... SUCCESS [  0.158 s]
[INFO] Database-web-app-JavaEE Maven Webapp 1.0-SNAPSHOT .. SUCCESS [  0.510 s]
[INFO] pjp.tm09 Maven Webapp 0.0.1-SNAPSHOT ............... SUCCESS [  0.003 s]
[INFO] pjp.tm06 1.0 ....................................... SUCCESS [  0.066 s]
[INFO] pjp.tm12 1.0 ....................................... SUCCESS [  0.146 s]
[INFO] pjp.tm01 1.0.1 ..................................... SUCCESS [  0.071 s]
[INFO] pjp.tm10 Maven Webapp 0.0.1-SNAPSHOT ............... SUCCESS [  0.005 s]
[INFO] pjp.tm04 0.1 ....................................... SUCCESS [  0.044 s]
[INFO] pjp.tm02 1.0 ....................................... SUCCESS [  0.064 s]
[INFO] pjp.tm08 1.0 ....................................... FAILURE [  0.012 s]
[INFO] pjp.tm11 Maven Webapp 0.0.1-SNAPSHOT ............... SKIPPED
[INFO] demo 0.0.1-SNAPSHOT ................................ SKIPPED
[INFO] example.smallest 0.0.1-SNAPSHOT .................... SKIPPED
[INFO] spring-boot-jpa-h2 0.0.1-SNAPSHOT .................. SKIPPED
[INFO] spring-boot-web-mvc 1.0 ............................ SKIPPED
[INFO] pjp.tm15 1.0 ....................................... SKIPPED
[INFO] pjp.tm05 1.0 ....................................... SKIPPED
[INFO] pjp 2.1 ............................................ SKIPPED
[INFO] ------------------------------------------------------------------------
[INFO] BUILD FAILURE
[INFO] ------------------------------------------------------------------------
[INFO] Total time:  4.647 s
[INFO] Finished at: 2023-01-13T20:49:54Z
[INFO] ------------------------------------------------------------------------
[ERROR] Failed to execute goal on project pjp.tm08: Could not resolve dependencies for project com.subho.wipro:pjp.tm08:jar:1.0: Failed to collect dependencies at oracle:ojdbc6:jar:11.2.0.3: Failed to read artifact descriptor for oracle:ojdbc6:jar:11.2.0.3: Could not transfer artifact oracle:ojdbc6:pom:11.2.0.3 from/to maven-default-http-blocker (http://0.0.0.0/): Blocked mirror for repositories: [datanucleus (http://www.datanucleus.org/downloads/maven2, default, releases+snapshots)] -> [Help 1]
[ERROR] 
[ERROR] To see the full stack trace of the errors, re-run Maven with the -e switch.
[ERROR] Re-run Maven using the -X switch to enable full debug logging.
[ERROR] 
[ERROR] For more information about the errors and possible solutions, please read the following articles:
[ERROR] [Help 1] http://cwiki.apache.org/confluence/display/MAVEN/DependencyResolutionException
[ERROR] 
[ERROR] After correcting the problems, you can resume the build with the command
[ERROR]   mvn <args> -rf :pjp.tm08
