[INFO] Scanning for projects...
[INFO] Inspecting build with total of 1 modules...
[INFO] Installing Nexus Staging features:
[INFO]   ... total of 1 executions of maven-deploy-plugin replaced with nexus-staging-maven-plugin
[INFO] 
[INFO] -------------< io.micronaut.build:micronaut-maven-plugin >--------------
[INFO] Building Micronaut Maven Plugin 3.4.1-SNAPSHOT
[INFO] ----------------------------[ maven-plugin ]----------------------------
[INFO] 
[INFO] --- maven-clean-plugin:3.2.0:clean (default-clean) @ micronaut-maven-plugin ---
[INFO] Deleting /home/gabsko/breaking-updates/target
[INFO] 
[INFO] --- jacoco-maven-plugin:0.8.8:prepare-agent (default) @ micronaut-maven-plugin ---
[INFO] argLine set to -javaagent:/home/gabsko/.m2/repository/org/jacoco/org.jacoco.agent/0.8.8/org.jacoco.agent-0.8.8-runtime.jar=destfile=/home/gabsko/breaking-updates/target/jacoco.exec
[INFO] 
[INFO] --- maven-plugin-plugin:3.6.4:helpmojo (help-goal) @ micronaut-maven-plugin ---
[WARNING] 

Goal prefix is specified as: 'mn'. Maven currently expects it to be 'micronaut'.

[INFO] Using 'UTF-8' encoding to read mojo source files.
[INFO] java-javadoc mojo extractor found 0 mojo descriptor.
[INFO] bsh mojo extractor found 0 mojo descriptor.
[INFO] ant mojo extractor found 0 mojo descriptor.
[INFO] java-annotations mojo extractor found 0 mojo descriptor.
[INFO] 
[INFO] --- maven-resources-plugin:3.3.0:resources (default-resources) @ micronaut-maven-plugin ---
[INFO] Copying 9 resources
[INFO] 
[INFO] --- maven-compiler-plugin:3.10.1:compile (default-compile) @ micronaut-maven-plugin ---
[INFO] Changes detected - recompiling the module!
[INFO] Compiling 30 source files to /home/gabsko/breaking-updates/target/classes
[INFO] 
[INFO] --- maven-checkstyle-plugin:3.2.0:check (checkstyle-check) @ micronaut-maven-plugin ---
[INFO] Starting audit...
Audit done.
[INFO] You have 0 Checkstyle violations. The maximum number of allowed violations is 1.
[INFO] 
[INFO] --- spotless-maven-plugin:2.27.1:check (spotless-check) @ micronaut-maven-plugin ---
[INFO] 
[INFO] --- maven-plugin-plugin:3.6.4:descriptor (default-descriptor) @ micronaut-maven-plugin ---
[WARNING] 

Goal prefix is specified as: 'mn'. Maven currently expects it to be 'micronaut'.

[INFO] Using 'UTF-8' encoding to read mojo source files.
[INFO] java-javadoc mojo extractor found 0 mojo descriptor.
[INFO] bsh mojo extractor found 0 mojo descriptor.
[INFO] ant mojo extractor found 0 mojo descriptor.
[INFO] java-annotations mojo extractor found 11 mojo descriptors.
[INFO] 
[INFO] --- maven-plugin-plugin:3.6.4:descriptor (mojo-descriptor) @ micronaut-maven-plugin ---
[WARNING] 

Goal prefix is specified as: 'mn'. Maven currently expects it to be 'micronaut'.

[INFO] Using 'UTF-8' encoding to read mojo source files.
[INFO] java-javadoc mojo extractor found 0 mojo descriptor.
[INFO] bsh mojo extractor found 0 mojo descriptor.
[INFO] ant mojo extractor found 0 mojo descriptor.
[INFO] java-annotations mojo extractor found 11 mojo descriptors.
[INFO] 
[INFO] --- maven-resources-plugin:3.3.0:testResources (default-testResources) @ micronaut-maven-plugin ---
[INFO] skip non existing resourceDirectory /home/gabsko/breaking-updates/src/test/resources
[INFO] 
[INFO] --- maven-compiler-plugin:3.10.1:testCompile (default-testCompile) @ micronaut-maven-plugin ---
[INFO] No sources to compile
[INFO] 
[INFO] --- maven-surefire-plugin:2.22.2:test (default-test) @ micronaut-maven-plugin ---
[INFO] No tests to run.
[INFO] ------------------------------------------------------------------------
[INFO] BUILD SUCCESS
[INFO] ------------------------------------------------------------------------
[INFO] Total time:  8.000 s
[INFO] Finished at: 2023-01-13T20:11:27Z
[INFO] ------------------------------------------------------------------------
