[INFO] Scanning for projects...
[INFO] 
[INFO] -------------------------< com.rultor:rultor >--------------------------
[INFO] Building rultor 2.0-SNAPSHOT
[INFO] --------------------------------[ jar ]---------------------------------
[WARNING] The POM for com.github.docker-java.docker-java:docker-java:jar:3.2.13 is missing, no dependency information available
[WARNING] The POM for com.github.docker-java.docker-java:docker-java-api:jar:3.2.13 is missing, no dependency information available
[WARNING] The POM for com.github.docker-java.docker-java:docker-java-core:jar:3.2.13 is missing, no dependency information available
[WARNING] The POM for com.github.docker-java.docker-java:docker-java-transport:jar:3.2.13 is missing, no dependency information available
[WARNING] The POM for com.github.docker-java.docker-java:docker-java-transport-httpclient5:jar:3.2.13 is missing, no dependency information available
[WARNING] The POM for com.github.docker-java.docker-java:docker-java-transport-jersey:jar:3.2.13 is missing, no dependency information available
[WARNING] The POM for com.github.docker-java.docker-java:docker-java-transport-netty:jar:3.2.13 is missing, no dependency information available
[WARNING] The POM for com.github.docker-java.docker-java:docker-java-transport-okhttp:jar:3.2.13 is missing, no dependency information available
[WARNING] The POM for com.github.docker-java.docker-java:docker-java-transport-tck:jar:3.2.13 is missing, no dependency information available
[WARNING] The POM for com.github.docker-java.docker-java:docker-java-transport-zerodep:jar:3.2.13 is missing, no dependency information available
[WARNING] The artifact xml-apis:xml-apis:jar:2.0.2 has been relocated to xml-apis:xml-apis:jar:1.0.b2
[INFO] Downloading from central: https://repo.maven.apache.org/maven2/com/github/docker-java/docker-java/docker-java-core/3.2.13/docker-java-core-3.2.13.jar
[INFO] Downloading from central: https://repo.maven.apache.org/maven2/com/github/docker-java/docker-java/docker-java/3.2.13/docker-java-3.2.13.jar
[INFO] Downloading from central: https://repo.maven.apache.org/maven2/org/slf4j/slf4j-reload4j/2.0.3/slf4j-reload4j-2.0.3.jar
[INFO] Downloading from central: https://repo.maven.apache.org/maven2/org/apache/xmlgraphics/batik-codec/1.15/batik-codec-1.15.jar
[INFO] Downloading from central: https://repo.maven.apache.org/maven2/com/github/docker-java/docker-java/docker-java-api/3.2.13/docker-java-api-3.2.13.jar
[INFO] Downloading from central: https://repo.maven.apache.org/maven2/com/github/docker-java/docker-java/docker-java-transport/3.2.13/docker-java-transport-3.2.13.jar
[INFO] Downloading from central: https://repo.maven.apache.org/maven2/com/github/docker-java/docker-java/docker-java-transport-httpclient5/3.2.13/docker-java-transport-httpclient5-3.2.13.jar
[INFO] Downloading from central: https://repo.maven.apache.org/maven2/com/github/docker-java/docker-java/docker-java-transport-jersey/3.2.13/docker-java-transport-jersey-3.2.13.jar
[INFO] Downloading from central: https://repo.maven.apache.org/maven2/com/github/docker-java/docker-java/docker-java-transport-netty/3.2.13/docker-java-transport-netty-3.2.13.jar
[INFO] Downloading from central: https://repo.maven.apache.org/maven2/com/github/docker-java/docker-java/docker-java-transport-okhttp/3.2.13/docker-java-transport-okhttp-3.2.13.jar
[INFO] Downloading from central: https://repo.maven.apache.org/maven2/com/github/docker-java/docker-java/docker-java-transport-tck/3.2.13/docker-java-transport-tck-3.2.13.jar
[INFO] Downloading from central: https://repo.maven.apache.org/maven2/com/github/docker-java/docker-java/docker-java-transport-zerodep/3.2.13/docker-java-transport-zerodep-3.2.13.jar
[INFO] Downloaded from central: https://repo.maven.apache.org/maven2/org/slf4j/slf4j-reload4j/2.0.3/slf4j-reload4j-2.0.3.jar (9.5 kB at 31 kB/s)
[INFO] Downloaded from central: https://repo.maven.apache.org/maven2/org/apache/xmlgraphics/batik-codec/1.15/batik-codec-1.15.jar (112 kB at 273 kB/s)
[INFO] ------------------------------------------------------------------------
[INFO] BUILD FAILURE
[INFO] ------------------------------------------------------------------------
[INFO] Total time:  1.200 s
[INFO] Finished at: 2023-01-18T14:34:48Z
[INFO] ------------------------------------------------------------------------
[ERROR] Failed to execute goal on project rultor: Could not resolve dependencies for project com.rultor:rultor:jar:2.0-SNAPSHOT: The following artifacts could not be resolved: com.github.docker-java.docker-java:docker-java:jar:3.2.13, com.github.docker-java.docker-java:docker-java-api:jar:3.2.13, com.github.docker-java.docker-java:docker-java-core:jar:3.2.13, com.github.docker-java.docker-java:docker-java-transport:jar:3.2.13, com.github.docker-java.docker-java:docker-java-transport-httpclient5:jar:3.2.13, com.github.docker-java.docker-java:docker-java-transport-jersey:jar:3.2.13, com.github.docker-java.docker-java:docker-java-transport-netty:jar:3.2.13, com.github.docker-java.docker-java:docker-java-transport-okhttp:jar:3.2.13, com.github.docker-java.docker-java:docker-java-transport-tck:jar:3.2.13, com.github.docker-java.docker-java:docker-java-transport-zerodep:jar:3.2.13: Could not find artifact com.github.docker-java.docker-java:docker-java:jar:3.2.13 in central (https://repo.maven.apache.org/maven2) -> [Help 1]
[ERROR] 
[ERROR] To see the full stack trace of the errors, re-run Maven with the -e switch.
[ERROR] Re-run Maven using the -X switch to enable full debug logging.
[ERROR] 
[ERROR] For more information about the errors and possible solutions, please read the following articles:
[ERROR] [Help 1] http://cwiki.apache.org/confluence/display/MAVEN/DependencyResolutionException
