[INFO] Scanning for projects...
[WARNING] 
[WARNING] Some problems were encountered while building the effective model for org.opentcs:opentcs-api-base:jar:4.20.0-SNAPSHOT
[WARNING] 'version' contains an expression but should be a constant. @ org.opentcs:opentcs-api-base:${opentcs.version}, /home/gabsko/breaking-updates/openTCS-API-Base/pom.xml, line 14, column 12
[WARNING] 
[WARNING] Some problems were encountered while building the effective model for org.opentcs:opentcs-api-injection:jar:4.20.0-SNAPSHOT
[WARNING] 'version' contains an expression but should be a constant. @ org.opentcs:opentcs-api-injection:${opentcs.version}, /home/gabsko/breaking-updates/openTCS-API-Injection/pom.xml, line 14, column 12
[WARNING] 
[WARNING] Some problems were encountered while building the effective model for org.opentcs:opentcs-common:jar:4.20.0-SNAPSHOT
[WARNING] 'version' contains an expression but should be a constant. @ org.opentcs:opentcs-common:${opentcs.version}, /home/gabsko/breaking-updates/openTCS-Common/pom.xml, line 16, column 12
[WARNING] 
[WARNING] Some problems were encountered while building the effective model for org.opentcs:opentcs-impl-configuration-cfg4j:jar:4.20.0-SNAPSHOT
[WARNING] 'version' contains an expression but should be a constant. @ org.opentcs:opentcs-impl-configuration-cfg4j:${opentcs.version}, /home/gabsko/breaking-updates/openTCS-Impl-Configuration-cfg4j/pom.xml, line 14, column 12
[WARNING] 
[WARNING] Some problems were encountered while building the effective model for org.opentcs:opentcs-kernel:jar:4.20.0-SNAPSHOT
[WARNING] 'version' contains an expression but should be a constant. @ org.opentcs:opentcs-kernel:${opentcs.version}, /home/gabsko/breaking-updates/openTCS-Kernel/pom.xml, line 12, column 12
[WARNING] 
[WARNING] Some problems were encountered while building the effective model for org.opentcs:opentcs-kernel-extension-http-services:jar:4.20.0-SNAPSHOT
[WARNING] 'version' contains an expression but should be a constant. @ org.opentcs:opentcs-kernel-extension-http-services:${opentcs.version}, /home/gabsko/breaking-updates/openTCS-Kernel-Extension-HTTP-Services/pom.xml, line 14, column 12
[WARNING] 
[WARNING] Some problems were encountered while building the effective model for org.opentcs:opentcs-kernel-extension-rmi-services:jar:4.20.0-SNAPSHOT
[WARNING] 'version' contains an expression but should be a constant. @ org.opentcs:opentcs-kernel-extension-rmi-services:${opentcs.version}, /home/gabsko/breaking-updates/openTCS-Kernel-Extension-RMI-Services/pom.xml, line 13, column 12
[WARNING] 
[WARNING] Some problems were encountered while building the effective model for org.opentcs:opentcs-kernel-extension-statistics:jar:4.20.0-SNAPSHOT
[WARNING] 'version' contains an expression but should be a constant. @ org.opentcs:opentcs-kernel-extension-statistics:${opentcs.version}, /home/gabsko/breaking-updates/openTCS-Kernel-Extension-Statistics/pom.xml, line 14, column 12
[WARNING] 
[WARNING] Some problems were encountered while building the effective model for org.opentcs:opentcs-kernel-extension-tcp-host-interface:jar:4.20.0-SNAPSHOT
[WARNING] 'version' contains an expression but should be a constant. @ org.opentcs:opentcs-kernel-extension-tcp-host-interface:${opentcs.version}, /home/gabsko/breaking-updates/openTCS-Kernel-Extension-TCP-Host-Interface/pom.xml, line 14, column 12
[WARNING] 
[WARNING] Some problems were encountered while building the effective model for org.opentcs:opentcs-kernel-extension-tcp-mes-interface:jar:4.20.0-SNAPSHOT
[WARNING] 'version' contains an expression but should be a constant. @ org.opentcs:opentcs-kernel-extension-tcp-mes-interface:${opentcs.version}, /home/gabsko/breaking-updates/openTCS-Kernel-Extension-TCP-MES-Interface/pom.xml, line 14, column 12
[WARNING] 
[WARNING] Some problems were encountered while building the effective model for org.opentcs:opentcs-kernel-extension-sql-services:jar:4.20.0-SNAPSHOT
[WARNING] 'version' contains an expression but should be a constant. @ org.opentcs:opentcs-kernel-extension-sql-services:${opentcs.version}, /home/gabsko/breaking-updates/openTCS-Kernel-Extension-SQL-Services/pom.xml, line 14, column 12
[WARNING] 
[WARNING] Some problems were encountered while building the effective model for org.opentcs:opentcs-kernelcontrolcenter:jar:4.20.0-SNAPSHOT
[WARNING] 'version' contains an expression but should be a constant. @ org.opentcs:opentcs-kernelcontrolcenter:${opentcs.version}, /home/gabsko/breaking-updates/openTCS-KernelControlCenter/pom.xml, line 14, column 12
[WARNING] 
[WARNING] Some problems were encountered while building the effective model for org.opentcs:opentcs-plantoverview:jar:4.20.0-SNAPSHOT
[WARNING] 'version' contains an expression but should be a constant. @ org.opentcs:opentcs-plantoverview:${opentcs.version}, /home/gabsko/breaking-updates/openTCS-PlantOverview/pom.xml, line 13, column 12
[WARNING] 
[WARNING] Some problems were encountered while building the effective model for org.opentcs:opentcs-plantoverview-base:jar:4.20.0-SNAPSHOT
[WARNING] 'version' contains an expression but should be a constant. @ org.opentcs:opentcs-plantoverview-base:${opentcs.version}, /home/gabsko/breaking-updates/openTCS-PlantOverview-Base/pom.xml, line 14, column 12
[WARNING] 
[WARNING] Some problems were encountered while building the effective model for org.opentcs:opentcs-plantoverview-panel-loadgenerator:jar:4.20.0-SNAPSHOT
[WARNING] 'version' contains an expression but should be a constant. @ org.opentcs:opentcs-plantoverview-panel-loadgenerator:${opentcs.version}, /home/gabsko/breaking-updates/openTCS-PlantOverview-Panel-LoadGenerator/pom.xml, line 14, column 12
[WARNING] 
[WARNING] Some problems were encountered while building the effective model for org.opentcs:opentcs-plantoverview-panel-resourceallocation:jar:4.20.0-SNAPSHOT
[WARNING] 'version' contains an expression but should be a constant. @ org.opentcs:opentcs-plantoverview-panel-resourceallocation:${opentcs.version}, /home/gabsko/breaking-updates/openTCS-PlantOverview-Panel-ResourceAllocation/pom.xml, line 14, column 12
[WARNING] 
[WARNING] Some problems were encountered while building the effective model for org.opentcs:opentcs-plantoverview-panel-statistics:jar:4.20.0-SNAPSHOT
[WARNING] 'version' contains an expression but should be a constant. @ org.opentcs:opentcs-plantoverview-panel-statistics:${opentcs.version}, /home/gabsko/breaking-updates/openTCS-PlantOverview-Panel-Statistics/pom.xml, line 14, column 12
[WARNING] 
[WARNING] Some problems were encountered while building the effective model for org.opentcs:opentcs-plantoverview-panel-video:jar:4.20.0-SNAPSHOT
[WARNING] 'version' contains an expression but should be a constant. @ org.opentcs:opentcs-plantoverview-panel-video:${opentcs.version}, /home/gabsko/breaking-updates/openTCS-PlantOverview-Panel-Video/pom.xml, line 14, column 12
[WARNING] 
[WARNING] Some problems were encountered while building the effective model for org.opentcs:opentcs-plantoverview-themes-default:jar:4.20.0-SNAPSHOT
[WARNING] 'version' contains an expression but should be a constant. @ org.opentcs:opentcs-plantoverview-themes-default:${opentcs.version}, /home/gabsko/breaking-updates/openTCS-PlantOverview-Themes-Default/pom.xml, line 14, column 12
[WARNING] 
[WARNING] Some problems were encountered while building the effective model for org.opentcs:opentcs-strategies-default:jar:4.20.0-SNAPSHOT
[WARNING] 'version' contains an expression but should be a constant. @ org.opentcs:opentcs-strategies-default:${opentcs.version}, /home/gabsko/breaking-updates/openTCS-Strategies-Default/pom.xml, line 15, column 12
[WARNING] 
[WARNING] Some problems were encountered while building the effective model for org.opentcs:opentcs-example-commadapter:jar:4.20.0-SNAPSHOT
[WARNING] 'version' contains an expression but should be a constant. @ org.opentcs:opentcs-example-commadapter:${opentcs.version}, /home/gabsko/breaking-updates/openTCS-Example-CommAdapter/pom.xml, line 14, column 12
[WARNING] 
[WARNING] Some problems were encountered while building the effective model for org.opentcs:opentcs-example-commadapter-http:jar:4.20.0-SNAPSHOT
[WARNING] 'version' contains an expression but should be a constant. @ org.opentcs:opentcs-example-commadapter-http:${opentcs.version}, /home/gabsko/breaking-updates/openTCS-CommAdapter-HTTP/pom.xml, line 14, column 12
[WARNING] 
[WARNING] Some problems were encountered while building the effective model for org.opentcs:opentcs-example-commadapter-jbh:jar:4.20.0-SNAPSHOT
[WARNING] 'version' contains an expression but should be a constant. @ org.opentcs:opentcs-example-commadapter-jbh:${opentcs.version}, /home/gabsko/breaking-updates/openTCS-CommAdapter-Jbh/pom.xml, line 14, column 12
[WARNING] 
[WARNING] Some problems were encountered while building the effective model for org.opentcs:opentcs-example-commadapter-modbus:jar:4.20.0-SNAPSHOT
[WARNING] 'version' contains an expression but should be a constant. @ org.opentcs:opentcs-example-commadapter-modbus:${opentcs.version}, /home/gabsko/breaking-updates/openTCS-CommAdapter-Modbus/pom.xml, line 14, column 12
[WARNING] 
[WARNING] Some problems were encountered while building the effective model for org.opentcs:opentcs-example-commadapter-qian:jar:4.20.0-SNAPSHOT
[WARNING] 'version' contains an expression but should be a constant. @ org.opentcs:opentcs-example-commadapter-qian:${opentcs.version}, /home/gabsko/breaking-updates/openTCS-CommAdapter-Qian/pom.xml, line 14, column 12
[WARNING] 
[WARNING] Some problems were encountered while building the effective model for org.opentcs:opentcs-example-commadapter-serial:jar:4.20.0-SNAPSHOT
[WARNING] 'version' contains an expression but should be a constant. @ org.opentcs:opentcs-example-commadapter-serial:${opentcs.version}, /home/gabsko/breaking-updates/openTCS-CommAdapter-Serial/pom.xml, line 14, column 12
[WARNING] 
[WARNING] Some problems were encountered while building the effective model for org.opentcs:opentcs-example-commadapter-tcp:jar:4.20.0-SNAPSHOT
[WARNING] 'version' contains an expression but should be a constant. @ org.opentcs:opentcs-example-commadapter-tcp:${opentcs.version}, /home/gabsko/breaking-updates/openTCS-CommAdapter-TCP/pom.xml, line 14, column 12
[WARNING] 
[WARNING] Some problems were encountered while building the effective model for org.opentcs:opentcs-example-commadapter-vrep:jar:4.20.0-SNAPSHOT
[WARNING] 'version' contains an expression but should be a constant. @ org.opentcs:opentcs-example-commadapter-vrep:${opentcs.version}, /home/gabsko/breaking-updates/openTCS-CommAdapter-VREP/pom.xml, line 14, column 12
[WARNING] 
[WARNING] Some problems were encountered while building the effective model for org.opentcs:opentcs-commadapter-ros-bridge:jar:4.20.0-SNAPSHOT
[WARNING] 'version' contains an expression but should be a constant. @ org.opentcs:opentcs-commadapter-ros-bridge:${opentcs.version}, /home/gabsko/breaking-updates/openTCS-CommAdapter-ROS-Bridge/pom.xml, line 14, column 12
[WARNING] 
[WARNING] It is highly recommended to fix these problems because they threaten the stability of your build.
[WARNING] 
[WARNING] For this reason, future Maven versions might no longer support building such malformed projects.
[WARNING] 
[INFO] ------------------------------------------------------------------------
[INFO] Reactor Build Order:
[INFO] 
[INFO] opentcs-modbus                                                     [pom]
[INFO] opentcs-api-base                                                   [jar]
[INFO] opentcs-api-injection                                              [jar]
[INFO] opentcs-common                                                     [jar]
[INFO] opentcs-commadapter-loopback                                       [jar]
[INFO] opentcs-impl-configuration-cfg4j                                   [jar]
[INFO] opentcs-strategies-default                                         [jar]
[INFO] opentcs-kernel-extension-http-services                             [jar]
[INFO] opentcs-kernel-extension-rmi-services                              [jar]
[INFO] opentcs-kernel-extension-statistics                                [jar]
[INFO] opentcs-kernel-extension-tcp-host-interface                        [jar]
[INFO] opentcs-kernel-extension-tcp-mes-interface                         [jar]
[INFO] opentcs-example-commadapter                                        [jar]
[INFO] opentcs-example-commadapter-modbus                                 [jar]
[INFO] opentcs-example-commadapter-http                                   [jar]
[INFO] opentcs-example-commadapter-qian                                   [jar]
[INFO] opentcs-example-commadapter-jbh                                    [jar]
[INFO] opentcs-example-commadapter-tcp                                    [jar]
[INFO] opentcs-example-commadapter-vrep                                   [jar]
[INFO] opentcs-example-commadapter-serial                                 [jar]
[INFO] opentcs-commadapter-ros-bridge                                     [jar]
[INFO] opentcs-kernel                                                     [jar]
[INFO] opentcs-kernel-extension-sql-services                              [jar]
[INFO] opentcs-kernelcontrolcenter                                        [jar]
[INFO] opentcs-plantoverview-base                                         [jar]
[INFO] opentcs-plantoverview-panel-loadgenerator                          [jar]
[INFO] opentcs-plantoverview-panel-resourceallocation                     [jar]
[INFO] opentcs-plantoverview-panel-statistics                             [jar]
[INFO] opentcs-plantoverview-panel-video                                  [jar]
[INFO] opentcs-plantoverview-themes-default                               [jar]
[INFO] opentcs-plantoverview                                              [jar]
[INFO] opentcs-webclient                                                  [war]
[INFO] 
[INFO] ------------------------< org.opentcs:opentcs >-------------------------
[INFO] Building opentcs-modbus 4.20.0-SNAPSHOT                           [1/32]
[INFO] --------------------------------[ pom ]---------------------------------
[INFO] 
[INFO] --- maven-clean-plugin:2.5:clean (default-clean) @ opentcs ---
[INFO] 
[INFO] --- build-helper-maven-plugin:1.8:add-source (add-source) @ opentcs ---
[INFO] Source directory: /home/gabsko/breaking-updates/src/main/java added.
[INFO] Source directory: /home/gabsko/breaking-updates/src/guiceConfig/java added.
[INFO] 
[INFO] --------------------< org.opentcs:opentcs-api-base >--------------------
[INFO] Building opentcs-api-base 4.20.0-SNAPSHOT                         [2/32]
[INFO] --------------------------------[ jar ]---------------------------------
[INFO] 
[INFO] --- maven-clean-plugin:2.5:clean (default-clean) @ opentcs-api-base ---
[INFO] 
[INFO] --- build-helper-maven-plugin:1.8:add-source (add-source) @ opentcs-api-base ---
[INFO] Source directory: /home/gabsko/breaking-updates/openTCS-API-Base/src/main/java added.
[INFO] Source directory: /home/gabsko/breaking-updates/openTCS-API-Base/src/guiceConfig/java added.
[INFO] 
[INFO] --- maven-resources-plugin:2.6:resources (default-resources) @ opentcs-api-base ---
[INFO] Using 'UTF-8' encoding to copy filtered resources.
[INFO] skip non existing resourceDirectory /home/gabsko/breaking-updates/openTCS-API-Base/src/main/resources
[INFO] skip non existing resourceDirectory /home/gabsko/breaking-updates/openTCS-API-Base/src/guiceConfig/resources
[INFO] 
[INFO] --- maven-compiler-plugin:3.6.1:compile (default-compile) @ opentcs-api-base ---
[INFO] Changes detected - recompiling the module!
[INFO] Compiling 283 source files to /home/gabsko/breaking-updates/openTCS-API-Base/target/classes
[INFO] 
[INFO] -----------------< org.opentcs:opentcs-api-injection >------------------
[INFO] Building opentcs-api-injection 4.20.0-SNAPSHOT                    [3/32]
[INFO] --------------------------------[ jar ]---------------------------------
[INFO] 
[INFO] --- maven-clean-plugin:2.5:clean (default-clean) @ opentcs-api-injection ---
[INFO] 
[INFO] --- build-helper-maven-plugin:1.8:add-source (add-source) @ opentcs-api-injection ---
[INFO] Source directory: /home/gabsko/breaking-updates/openTCS-API-Injection/src/main/java added.
[INFO] Source directory: /home/gabsko/breaking-updates/openTCS-API-Injection/src/guiceConfig/java added.
[INFO] 
[INFO] --- maven-resources-plugin:2.6:resources (default-resources) @ opentcs-api-injection ---
[INFO] Using 'UTF-8' encoding to copy filtered resources.
[INFO] skip non existing resourceDirectory /home/gabsko/breaking-updates/openTCS-API-Injection/src/main/resources
[INFO] skip non existing resourceDirectory /home/gabsko/breaking-updates/openTCS-API-Injection/src/guiceConfig/resources
[INFO] 
[INFO] --- maven-compiler-plugin:3.6.1:compile (default-compile) @ opentcs-api-injection ---
[INFO] Changes detected - recompiling the module!
[INFO] Compiling 8 source files to /home/gabsko/breaking-updates/openTCS-API-Injection/target/classes
[INFO] 
[INFO] ---------------------< org.opentcs:opentcs-common >---------------------
[INFO] Building opentcs-common 4.20.0-SNAPSHOT                           [4/32]
[INFO] --------------------------------[ jar ]---------------------------------
[INFO] 
[INFO] --- maven-clean-plugin:2.5:clean (default-clean) @ opentcs-common ---
[INFO] 
[INFO] --- build-helper-maven-plugin:1.8:add-source (add-source) @ opentcs-common ---
[INFO] Source directory: /home/gabsko/breaking-updates/openTCS-Common/src/main/java added.
[INFO] Source directory: /home/gabsko/breaking-updates/openTCS-Common/src/guiceConfig/java added.
[INFO] 
[INFO] --- maven-resources-plugin:2.6:resources (default-resources) @ opentcs-common ---
[INFO] Using 'UTF-8' encoding to copy filtered resources.
[INFO] Copying 14 resources
[INFO] skip non existing resourceDirectory /home/gabsko/breaking-updates/openTCS-Common/src/guiceConfig/resources
[INFO] 
[INFO] --- maven-compiler-plugin:3.6.1:compile (default-compile) @ opentcs-common ---
[INFO] Changes detected - recompiling the module!
[INFO] Compiling 61 source files to /home/gabsko/breaking-updates/openTCS-Common/target/classes
[INFO] -------------------------------------------------------------
[ERROR] COMPILATION ERROR : 
[INFO] -------------------------------------------------------------
[ERROR] /home/gabsko/breaking-updates/openTCS-Common/src/main/java/org/opentcs/util/persistence/v002/VisualLayoutTO.java:[14,33] package javax.xml.bind.annotation does not exist
[ERROR] /home/gabsko/breaking-updates/openTCS-Common/src/main/java/org/opentcs/util/persistence/v002/VisualLayoutTO.java:[15,33] package javax.xml.bind.annotation does not exist
[ERROR] /home/gabsko/breaking-updates/openTCS-Common/src/main/java/org/opentcs/util/persistence/v002/VisualLayoutTO.java:[16,33] package javax.xml.bind.annotation does not exist
[ERROR] /home/gabsko/breaking-updates/openTCS-Common/src/main/java/org/opentcs/util/persistence/v002/VisualLayoutTO.java:[17,33] package javax.xml.bind.annotation does not exist
[ERROR] /home/gabsko/breaking-updates/openTCS-Common/src/main/java/org/opentcs/util/persistence/v002/VisualLayoutTO.java:[18,33] package javax.xml.bind.annotation does not exist
[ERROR] /home/gabsko/breaking-updates/openTCS-Common/src/main/java/org/opentcs/util/persistence/v002/VisualLayoutTO.java:[19,33] package javax.xml.bind.annotation does not exist
[ERROR] /home/gabsko/breaking-updates/openTCS-Common/src/main/java/org/opentcs/util/persistence/v002/PlantModelElementTO.java:[14,33] package javax.xml.bind.annotation does not exist
[ERROR] /home/gabsko/breaking-updates/openTCS-Common/src/main/java/org/opentcs/util/persistence/v002/PlantModelElementTO.java:[15,33] package javax.xml.bind.annotation does not exist
[ERROR] /home/gabsko/breaking-updates/openTCS-Common/src/main/java/org/opentcs/util/persistence/v002/PlantModelElementTO.java:[16,33] package javax.xml.bind.annotation does not exist
[ERROR] /home/gabsko/breaking-updates/openTCS-Common/src/main/java/org/opentcs/util/persistence/v002/PlantModelElementTO.java:[17,33] package javax.xml.bind.annotation does not exist
[ERROR] /home/gabsko/breaking-updates/openTCS-Common/src/main/java/org/opentcs/util/persistence/v002/PlantModelElementTO.java:[18,33] package javax.xml.bind.annotation does not exist
[ERROR] /home/gabsko/breaking-updates/openTCS-Common/src/main/java/org/opentcs/util/persistence/v002/PlantModelElementTO.java:[19,33] package javax.xml.bind.annotation does not exist
[ERROR] /home/gabsko/breaking-updates/openTCS-Common/src/main/java/org/opentcs/util/persistence/v002/PlantModelElementTO.java:[25,2] cannot find symbol
  symbol: class XmlTransient
[ERROR] /home/gabsko/breaking-updates/openTCS-Common/src/main/java/org/opentcs/util/persistence/v002/PlantModelElementTO.java:[26,2] cannot find symbol
  symbol: class XmlAccessorType
[ERROR] /home/gabsko/breaking-updates/openTCS-Common/src/main/java/org/opentcs/util/persistence/v002/VisualLayoutTO.java:[25,2] cannot find symbol
  symbol: class XmlAccessorType
[ERROR] /home/gabsko/breaking-updates/openTCS-Common/src/main/java/org/opentcs/util/persistence/v002/VisualLayoutTO.java:[26,2] cannot find symbol
  symbol: class XmlType
[ERROR] /home/gabsko/breaking-updates/openTCS-Common/src/main/java/org/opentcs/util/persistence/v002/VisualLayoutTO.java:[104,4] cannot find symbol
  symbol:   class XmlAccessorType
  location: class org.opentcs.util.persistence.v002.VisualLayoutTO
[ERROR] /home/gabsko/breaking-updates/openTCS-Common/src/main/java/org/opentcs/util/persistence/v002/VisualLayoutTO.java:[105,4] cannot find symbol
  symbol:   class XmlType
  location: class org.opentcs.util.persistence.v002.VisualLayoutTO
[ERROR] /home/gabsko/breaking-updates/openTCS-Common/src/main/java/org/opentcs/util/persistence/v002/VisualLayoutTO.java:[161,4] cannot find symbol
  symbol:   class XmlAccessorType
  location: class org.opentcs.util.persistence.v002.VisualLayoutTO
[ERROR] /home/gabsko/breaking-updates/openTCS-Common/src/main/java/org/opentcs/util/persistence/v002/VisualLayoutTO.java:[162,4] cannot find symbol
  symbol:   class XmlType
  location: class org.opentcs.util.persistence.v002.VisualLayoutTO
[ERROR] /home/gabsko/breaking-updates/openTCS-Common/src/main/java/org/opentcs/util/persistence/v002/VisualLayoutTO.java:[192,4] cannot find symbol
  symbol:   class XmlAccessorType
  location: class org.opentcs.util.persistence.v002.VisualLayoutTO
[ERROR] /home/gabsko/breaking-updates/openTCS-Common/src/main/java/org/opentcs/util/persistence/v002/VisualLayoutTO.java:[193,4] cannot find symbol
  symbol:   class XmlType
  location: class org.opentcs.util.persistence.v002.VisualLayoutTO
[ERROR] /home/gabsko/breaking-updates/openTCS-Common/src/main/java/org/opentcs/util/persistence/v002/VisualLayoutTO.java:[235,4] cannot find symbol
  symbol:   class XmlAccessorType
  location: class org.opentcs.util.persistence.v002.VisualLayoutTO
[ERROR] /home/gabsko/breaking-updates/openTCS-Common/src/main/java/org/opentcs/util/persistence/v002/VisualLayoutTO.java:[236,4] cannot find symbol
  symbol:   class XmlType
  location: class org.opentcs.util.persistence.v002.VisualLayoutTO
[ERROR] /home/gabsko/breaking-updates/openTCS-Common/src/main/java/org/opentcs/util/persistence/v002/PropertyTO.java:[12,33] package javax.xml.bind.annotation does not exist
[ERROR] /home/gabsko/breaking-updates/openTCS-Common/src/main/java/org/opentcs/util/persistence/v002/PropertyTO.java:[13,33] package javax.xml.bind.annotation does not exist
[ERROR] /home/gabsko/breaking-updates/openTCS-Common/src/main/java/org/opentcs/util/persistence/v002/PropertyTO.java:[14,33] package javax.xml.bind.annotation does not exist
[ERROR] /home/gabsko/breaking-updates/openTCS-Common/src/main/java/org/opentcs/util/persistence/v002/PropertyTO.java:[15,33] package javax.xml.bind.annotation does not exist
[ERROR] /home/gabsko/breaking-updates/openTCS-Common/src/main/java/org/opentcs/util/persistence/v002/PropertyTO.java:[21,2] cannot find symbol
  symbol: class XmlAccessorType
[ERROR] /home/gabsko/breaking-updates/openTCS-Common/src/main/java/org/opentcs/util/persistence/v002/PropertyTO.java:[22,2] cannot find symbol
  symbol: class XmlType
[ERROR] /home/gabsko/breaking-updates/openTCS-Common/src/main/java/org/opentcs/util/persistence/ProbePlantModelTO.java:[14,22] package javax.xml.bind does not exist
[ERROR] /home/gabsko/breaking-updates/openTCS-Common/src/main/java/org/opentcs/util/persistence/ProbePlantModelTO.java:[15,22] package javax.xml.bind does not exist
[ERROR] /home/gabsko/breaking-updates/openTCS-Common/src/main/java/org/opentcs/util/persistence/ProbePlantModelTO.java:[16,22] package javax.xml.bind does not exist
[ERROR] /home/gabsko/breaking-updates/openTCS-Common/src/main/java/org/opentcs/util/persistence/ProbePlantModelTO.java:[17,33] package javax.xml.bind.annotation does not exist
[ERROR] /home/gabsko/breaking-updates/openTCS-Common/src/main/java/org/opentcs/util/persistence/ProbePlantModelTO.java:[18,33] package javax.xml.bind.annotation does not exist
[ERROR] /home/gabsko/breaking-updates/openTCS-Common/src/main/java/org/opentcs/util/persistence/ProbePlantModelTO.java:[19,33] package javax.xml.bind.annotation does not exist
[ERROR] /home/gabsko/breaking-updates/openTCS-Common/src/main/java/org/opentcs/util/persistence/BasePlantModelTO.java:[12,33] package javax.xml.bind.annotation does not exist
[ERROR] /home/gabsko/breaking-updates/openTCS-Common/src/main/java/org/opentcs/util/persistence/BasePlantModelTO.java:[13,33] package javax.xml.bind.annotation does not exist
[ERROR] /home/gabsko/breaking-updates/openTCS-Common/src/main/java/org/opentcs/util/persistence/BasePlantModelTO.java:[14,33] package javax.xml.bind.annotation does not exist
[ERROR] /home/gabsko/breaking-updates/openTCS-Common/src/main/java/org/opentcs/util/persistence/BasePlantModelTO.java:[15,33] package javax.xml.bind.annotation does not exist
[ERROR] /home/gabsko/breaking-updates/openTCS-Common/src/main/java/org/opentcs/util/persistence/BasePlantModelTO.java:[22,2] cannot find symbol
  symbol: class XmlTransient
[ERROR] /home/gabsko/breaking-updates/openTCS-Common/src/main/java/org/opentcs/util/persistence/BasePlantModelTO.java:[23,2] cannot find symbol
  symbol: class XmlAccessorType
[ERROR] /home/gabsko/breaking-updates/openTCS-Common/src/main/java/org/opentcs/util/persistence/ProbePlantModelTO.java:[28,2] cannot find symbol
  symbol: class XmlRootElement
[ERROR] /home/gabsko/breaking-updates/openTCS-Common/src/main/java/org/opentcs/util/persistence/ProbePlantModelTO.java:[29,2] cannot find symbol
  symbol: class XmlAccessorType
[ERROR] /home/gabsko/breaking-updates/openTCS-Common/src/main/java/org/opentcs/util/persistence/ProbePlantModelTO.java:[52,18] cannot find symbol
  symbol:   class Unmarshaller
  location: class org.opentcs.util.persistence.ProbePlantModelTO
[ERROR] /home/gabsko/breaking-updates/openTCS-Common/src/main/java/org/opentcs/util/persistence/ProbePlantModelTO.java:[53,14] cannot find symbol
  symbol:   class JAXBException
  location: class org.opentcs.util.persistence.ProbePlantModelTO
[ERROR] /home/gabsko/breaking-updates/openTCS-Common/src/main/java/org/opentcs/util/persistence/ProbePlantModelTO.java:[58,18] cannot find symbol
  symbol:   class JAXBContext
  location: class org.opentcs.util.persistence.ProbePlantModelTO
[ERROR] /home/gabsko/breaking-updates/openTCS-Common/src/main/java/org/opentcs/util/persistence/ProbePlantModelTO.java:[59,14] cannot find symbol
  symbol:   class JAXBException
  location: class org.opentcs.util.persistence.ProbePlantModelTO
[ERROR] /home/gabsko/breaking-updates/openTCS-Common/src/main/java/org/opentcs/util/persistence/v002/V002PlantModelTO.java:[20,22] package javax.xml.bind does not exist
[ERROR] /home/gabsko/breaking-updates/openTCS-Common/src/main/java/org/opentcs/util/persistence/v002/V002PlantModelTO.java:[21,22] package javax.xml.bind does not exist
[ERROR] /home/gabsko/breaking-updates/openTCS-Common/src/main/java/org/opentcs/util/persistence/v002/V002PlantModelTO.java:[22,22] package javax.xml.bind does not exist
[ERROR] /home/gabsko/breaking-updates/openTCS-Common/src/main/java/org/opentcs/util/persistence/v002/V002PlantModelTO.java:[23,22] package javax.xml.bind does not exist
[ERROR] /home/gabsko/breaking-updates/openTCS-Common/src/main/java/org/opentcs/util/persistence/v002/V002PlantModelTO.java:[24,33] package javax.xml.bind.annotation does not exist
[ERROR] /home/gabsko/breaking-updates/openTCS-Common/src/main/java/org/opentcs/util/persistence/v002/V002PlantModelTO.java:[25,33] package javax.xml.bind.annotation does not exist
[ERROR] /home/gabsko/breaking-updates/openTCS-Common/src/main/java/org/opentcs/util/persistence/v002/V002PlantModelTO.java:[26,33] package javax.xml.bind.annotation does not exist
[ERROR] /home/gabsko/breaking-updates/openTCS-Common/src/main/java/org/opentcs/util/persistence/v002/V002PlantModelTO.java:[27,33] package javax.xml.bind.annotation does not exist
[ERROR] /home/gabsko/breaking-updates/openTCS-Common/src/main/java/org/opentcs/util/persistence/v002/V002PlantModelTO.java:[28,33] package javax.xml.bind.annotation does not exist
[ERROR] /home/gabsko/breaking-updates/openTCS-Common/src/main/java/org/opentcs/util/persistence/v002/V002PlantModelTO.java:[29,33] package javax.xml.bind.annotation does not exist
[ERROR] /home/gabsko/breaking-updates/openTCS-Common/src/main/java/org/opentcs/util/persistence/v002/V002PlantModelTO.java:[38,2] cannot find symbol
  symbol: class XmlRootElement
[ERROR] /home/gabsko/breaking-updates/openTCS-Common/src/main/java/org/opentcs/util/persistence/v002/V002PlantModelTO.java:[39,2] cannot find symbol
  symbol: class XmlAccessorType
[ERROR] /home/gabsko/breaking-updates/openTCS-Common/src/main/java/org/opentcs/util/persistence/v002/V002PlantModelTO.java:[40,2] cannot find symbol
  symbol: class XmlType
[ERROR] /home/gabsko/breaking-updates/openTCS-Common/src/main/java/org/opentcs/util/persistence/v002/PointTO.java:[14,33] package javax.xml.bind.annotation does not exist
[ERROR] /home/gabsko/breaking-updates/openTCS-Common/src/main/java/org/opentcs/util/persistence/v002/PointTO.java:[15,33] package javax.xml.bind.annotation does not exist
[ERROR] /home/gabsko/breaking-updates/openTCS-Common/src/main/java/org/opentcs/util/persistence/v002/PointTO.java:[16,33] package javax.xml.bind.annotation does not exist
[ERROR] /home/gabsko/breaking-updates/openTCS-Common/src/main/java/org/opentcs/util/persistence/v002/PointTO.java:[17,33] package javax.xml.bind.annotation does not exist
[ERROR] /home/gabsko/breaking-updates/openTCS-Common/src/main/java/org/opentcs/util/persistence/v002/PointTO.java:[18,33] package javax.xml.bind.annotation does not exist
[ERROR] /home/gabsko/breaking-updates/openTCS-Common/src/main/java/org/opentcs/util/persistence/v002/PointTO.java:[24,2] cannot find symbol
  symbol: class XmlAccessorType
[ERROR] /home/gabsko/breaking-updates/openTCS-Common/src/main/java/org/opentcs/util/persistence/v002/PointTO.java:[25,2] cannot find symbol
  symbol: class XmlType
[ERROR] /home/gabsko/breaking-updates/openTCS-Common/src/main/java/org/opentcs/util/persistence/v002/VehicleTO.java:[12,33] package javax.xml.bind.annotation does not exist
[ERROR] /home/gabsko/breaking-updates/openTCS-Common/src/main/java/org/opentcs/util/persistence/v002/VehicleTO.java:[13,33] package javax.xml.bind.annotation does not exist
[ERROR] /home/gabsko/breaking-updates/openTCS-Common/src/main/java/org/opentcs/util/persistence/v002/VehicleTO.java:[14,33] package javax.xml.bind.annotation does not exist
[ERROR] /home/gabsko/breaking-updates/openTCS-Common/src/main/java/org/opentcs/util/persistence/v002/VehicleTO.java:[15,33] package javax.xml.bind.annotation does not exist
[ERROR] /home/gabsko/breaking-updates/openTCS-Common/src/main/java/org/opentcs/util/persistence/v002/VehicleTO.java:[16,33] package javax.xml.bind.annotation does not exist
[ERROR] /home/gabsko/breaking-updates/openTCS-Common/src/main/java/org/opentcs/util/persistence/v002/VehicleTO.java:[22,2] cannot find symbol
  symbol: class XmlAccessorType
[ERROR] /home/gabsko/breaking-updates/openTCS-Common/src/main/java/org/opentcs/util/persistence/v002/VehicleTO.java:[23,2] cannot find symbol
  symbol: class XmlType
[ERROR] /home/gabsko/breaking-updates/openTCS-Common/src/main/java/org/opentcs/util/persistence/v002/PathTO.java:[14,33] package javax.xml.bind.annotation does not exist
[ERROR] /home/gabsko/breaking-updates/openTCS-Common/src/main/java/org/opentcs/util/persistence/v002/PathTO.java:[15,33] package javax.xml.bind.annotation does not exist
[ERROR] /home/gabsko/breaking-updates/openTCS-Common/src/main/java/org/opentcs/util/persistence/v002/PathTO.java:[16,33] package javax.xml.bind.annotation does not exist
[ERROR] /home/gabsko/breaking-updates/openTCS-Common/src/main/java/org/opentcs/util/persistence/v002/PathTO.java:[17,33] package javax.xml.bind.annotation does not exist
[ERROR] /home/gabsko/breaking-updates/openTCS-Common/src/main/java/org/opentcs/util/persistence/v002/PathTO.java:[18,33] package javax.xml.bind.annotation does not exist
[ERROR] /home/gabsko/breaking-updates/openTCS-Common/src/main/java/org/opentcs/util/persistence/v002/PathTO.java:[19,33] package javax.xml.bind.annotation does not exist
[ERROR] /home/gabsko/breaking-updates/openTCS-Common/src/main/java/org/opentcs/util/persistence/v002/PathTO.java:[25,2] cannot find symbol
  symbol: class XmlAccessorType
[ERROR] /home/gabsko/breaking-updates/openTCS-Common/src/main/java/org/opentcs/util/persistence/v002/PathTO.java:[26,2] cannot find symbol
  symbol: class XmlType
[ERROR] /home/gabsko/breaking-updates/openTCS-Common/src/main/java/org/opentcs/util/persistence/v002/LocationTypeTO.java:[14,33] package javax.xml.bind.annotation does not exist
[ERROR] /home/gabsko/breaking-updates/openTCS-Common/src/main/java/org/opentcs/util/persistence/v002/LocationTypeTO.java:[15,33] package javax.xml.bind.annotation does not exist
[ERROR] /home/gabsko/breaking-updates/openTCS-Common/src/main/java/org/opentcs/util/persistence/v002/LocationTypeTO.java:[16,33] package javax.xml.bind.annotation does not exist
[ERROR] /home/gabsko/breaking-updates/openTCS-Common/src/main/java/org/opentcs/util/persistence/v002/LocationTypeTO.java:[17,33] package javax.xml.bind.annotation does not exist
[ERROR] /home/gabsko/breaking-updates/openTCS-Common/src/main/java/org/opentcs/util/persistence/v002/LocationTypeTO.java:[18,33] package javax.xml.bind.annotation does not exist
[ERROR] /home/gabsko/breaking-updates/openTCS-Common/src/main/java/org/opentcs/util/persistence/v002/LocationTypeTO.java:[24,2] cannot find symbol
  symbol: class XmlAccessorType
[ERROR] /home/gabsko/breaking-updates/openTCS-Common/src/main/java/org/opentcs/util/persistence/v002/LocationTypeTO.java:[25,2] cannot find symbol
  symbol: class XmlType
[ERROR] /home/gabsko/breaking-updates/openTCS-Common/src/main/java/org/opentcs/util/persistence/v002/LocationTO.java:[14,33] package javax.xml.bind.annotation does not exist
[ERROR] /home/gabsko/breaking-updates/openTCS-Common/src/main/java/org/opentcs/util/persistence/v002/LocationTO.java:[15,33] package javax.xml.bind.annotation does not exist
[ERROR] /home/gabsko/breaking-updates/openTCS-Common/src/main/java/org/opentcs/util/persistence/v002/LocationTO.java:[16,33] package javax.xml.bind.annotation does not exist
[ERROR] /home/gabsko/breaking-updates/openTCS-Common/src/main/java/org/opentcs/util/persistence/v002/LocationTO.java:[17,33] package javax.xml.bind.annotation does not exist
[ERROR] /home/gabsko/breaking-updates/openTCS-Common/src/main/java/org/opentcs/util/persistence/v002/LocationTO.java:[18,33] package javax.xml.bind.annotation does not exist
[ERROR] /home/gabsko/breaking-updates/openTCS-Common/src/main/java/org/opentcs/util/persistence/v002/LocationTO.java:[24,2] cannot find symbol
  symbol: class XmlAccessorType
[ERROR] /home/gabsko/breaking-updates/openTCS-Common/src/main/java/org/opentcs/util/persistence/v002/LocationTO.java:[25,2] cannot find symbol
  symbol: class XmlType
[ERROR] /home/gabsko/breaking-updates/openTCS-Common/src/main/java/org/opentcs/util/persistence/v002/BlockTO.java:[14,33] package javax.xml.bind.annotation does not exist
[ERROR] /home/gabsko/breaking-updates/openTCS-Common/src/main/java/org/opentcs/util/persistence/v002/BlockTO.java:[15,33] package javax.xml.bind.annotation does not exist
[ERROR] /home/gabsko/breaking-updates/openTCS-Common/src/main/java/org/opentcs/util/persistence/v002/BlockTO.java:[16,33] package javax.xml.bind.annotation does not exist
[INFO] 100 errors 
[INFO] -------------------------------------------------------------
[INFO] ------------------------------------------------------------------------
[INFO] Reactor Summary for opentcs-modbus 4.20.0-SNAPSHOT:
[INFO] 
[INFO] opentcs-modbus ..................................... SUCCESS [  0.143 s]
[INFO] opentcs-api-base ................................... SUCCESS [  1.952 s]
[INFO] opentcs-api-injection .............................. SUCCESS [  0.091 s]
[INFO] opentcs-common ..................................... FAILURE [  0.306 s]
[INFO] opentcs-commadapter-loopback ....................... SKIPPED
[INFO] opentcs-impl-configuration-cfg4j ................... SKIPPED
[INFO] opentcs-strategies-default ......................... SKIPPED
[INFO] opentcs-kernel-extension-http-services ............. SKIPPED
[INFO] opentcs-kernel-extension-rmi-services .............. SKIPPED
[INFO] opentcs-kernel-extension-statistics ................ SKIPPED
[INFO] opentcs-kernel-extension-tcp-host-interface ........ SKIPPED
[INFO] opentcs-kernel-extension-tcp-mes-interface ......... SKIPPED
[INFO] opentcs-example-commadapter ........................ SKIPPED
[INFO] opentcs-example-commadapter-modbus ................. SKIPPED
[INFO] opentcs-example-commadapter-http ................... SKIPPED
[INFO] opentcs-example-commadapter-qian ................... SKIPPED
[INFO] opentcs-example-commadapter-jbh .................... SKIPPED
[INFO] opentcs-example-commadapter-tcp .................... SKIPPED
[INFO] opentcs-example-commadapter-vrep ................... SKIPPED
[INFO] opentcs-example-commadapter-serial ................. SKIPPED
[INFO] opentcs-commadapter-ros-bridge ..................... SKIPPED
[INFO] opentcs-kernel ..................................... SKIPPED
[INFO] opentcs-kernel-extension-sql-services .............. SKIPPED
[INFO] opentcs-kernelcontrolcenter ........................ SKIPPED
[INFO] opentcs-plantoverview-base ......................... SKIPPED
[INFO] opentcs-plantoverview-panel-loadgenerator .......... SKIPPED
[INFO] opentcs-plantoverview-panel-resourceallocation ..... SKIPPED
[INFO] opentcs-plantoverview-panel-statistics ............. SKIPPED
[INFO] opentcs-plantoverview-panel-video .................. SKIPPED
[INFO] opentcs-plantoverview-themes-default ............... SKIPPED
[INFO] opentcs-plantoverview .............................. SKIPPED
[INFO] opentcs-webclient .................................. SKIPPED
[INFO] ------------------------------------------------------------------------
[INFO] BUILD FAILURE
[INFO] ------------------------------------------------------------------------
[INFO] Total time:  2.651 s
[INFO] Finished at: 2023-01-18T12:15:24Z
[INFO] ------------------------------------------------------------------------
[ERROR] Failed to execute goal org.apache.maven.plugins:maven-compiler-plugin:3.6.1:compile (default-compile) on project opentcs-common: Compilation failure: Compilation failure: 
[ERROR] /home/gabsko/breaking-updates/openTCS-Common/src/main/java/org/opentcs/util/persistence/v002/VisualLayoutTO.java:[14,33] package javax.xml.bind.annotation does not exist
[ERROR] /home/gabsko/breaking-updates/openTCS-Common/src/main/java/org/opentcs/util/persistence/v002/VisualLayoutTO.java:[15,33] package javax.xml.bind.annotation does not exist
[ERROR] /home/gabsko/breaking-updates/openTCS-Common/src/main/java/org/opentcs/util/persistence/v002/VisualLayoutTO.java:[16,33] package javax.xml.bind.annotation does not exist
[ERROR] /home/gabsko/breaking-updates/openTCS-Common/src/main/java/org/opentcs/util/persistence/v002/VisualLayoutTO.java:[17,33] package javax.xml.bind.annotation does not exist
[ERROR] /home/gabsko/breaking-updates/openTCS-Common/src/main/java/org/opentcs/util/persistence/v002/VisualLayoutTO.java:[18,33] package javax.xml.bind.annotation does not exist
[ERROR] /home/gabsko/breaking-updates/openTCS-Common/src/main/java/org/opentcs/util/persistence/v002/VisualLayoutTO.java:[19,33] package javax.xml.bind.annotation does not exist
[ERROR] /home/gabsko/breaking-updates/openTCS-Common/src/main/java/org/opentcs/util/persistence/v002/PlantModelElementTO.java:[14,33] package javax.xml.bind.annotation does not exist
[ERROR] /home/gabsko/breaking-updates/openTCS-Common/src/main/java/org/opentcs/util/persistence/v002/PlantModelElementTO.java:[15,33] package javax.xml.bind.annotation does not exist
[ERROR] /home/gabsko/breaking-updates/openTCS-Common/src/main/java/org/opentcs/util/persistence/v002/PlantModelElementTO.java:[16,33] package javax.xml.bind.annotation does not exist
[ERROR] /home/gabsko/breaking-updates/openTCS-Common/src/main/java/org/opentcs/util/persistence/v002/PlantModelElementTO.java:[17,33] package javax.xml.bind.annotation does not exist
[ERROR] /home/gabsko/breaking-updates/openTCS-Common/src/main/java/org/opentcs/util/persistence/v002/PlantModelElementTO.java:[18,33] package javax.xml.bind.annotation does not exist
[ERROR] /home/gabsko/breaking-updates/openTCS-Common/src/main/java/org/opentcs/util/persistence/v002/PlantModelElementTO.java:[19,33] package javax.xml.bind.annotation does not exist
[ERROR] /home/gabsko/breaking-updates/openTCS-Common/src/main/java/org/opentcs/util/persistence/v002/PlantModelElementTO.java:[25,2] cannot find symbol
[ERROR]   symbol: class XmlTransient
[ERROR] /home/gabsko/breaking-updates/openTCS-Common/src/main/java/org/opentcs/util/persistence/v002/PlantModelElementTO.java:[26,2] cannot find symbol
[ERROR]   symbol: class XmlAccessorType
[ERROR] /home/gabsko/breaking-updates/openTCS-Common/src/main/java/org/opentcs/util/persistence/v002/VisualLayoutTO.java:[25,2] cannot find symbol
[ERROR]   symbol: class XmlAccessorType
[ERROR] /home/gabsko/breaking-updates/openTCS-Common/src/main/java/org/opentcs/util/persistence/v002/VisualLayoutTO.java:[26,2] cannot find symbol
[ERROR]   symbol: class XmlType
[ERROR] /home/gabsko/breaking-updates/openTCS-Common/src/main/java/org/opentcs/util/persistence/v002/VisualLayoutTO.java:[104,4] cannot find symbol
[ERROR]   symbol:   class XmlAccessorType
[ERROR]   location: class org.opentcs.util.persistence.v002.VisualLayoutTO
[ERROR] /home/gabsko/breaking-updates/openTCS-Common/src/main/java/org/opentcs/util/persistence/v002/VisualLayoutTO.java:[105,4] cannot find symbol
[ERROR]   symbol:   class XmlType
[ERROR]   location: class org.opentcs.util.persistence.v002.VisualLayoutTO
[ERROR] /home/gabsko/breaking-updates/openTCS-Common/src/main/java/org/opentcs/util/persistence/v002/VisualLayoutTO.java:[161,4] cannot find symbol
[ERROR]   symbol:   class XmlAccessorType
[ERROR]   location: class org.opentcs.util.persistence.v002.VisualLayoutTO
[ERROR] /home/gabsko/breaking-updates/openTCS-Common/src/main/java/org/opentcs/util/persistence/v002/VisualLayoutTO.java:[162,4] cannot find symbol
[ERROR]   symbol:   class XmlType
[ERROR]   location: class org.opentcs.util.persistence.v002.VisualLayoutTO
[ERROR] /home/gabsko/breaking-updates/openTCS-Common/src/main/java/org/opentcs/util/persistence/v002/VisualLayoutTO.java:[192,4] cannot find symbol
[ERROR]   symbol:   class XmlAccessorType
[ERROR]   location: class org.opentcs.util.persistence.v002.VisualLayoutTO
[ERROR] /home/gabsko/breaking-updates/openTCS-Common/src/main/java/org/opentcs/util/persistence/v002/VisualLayoutTO.java:[193,4] cannot find symbol
[ERROR]   symbol:   class XmlType
[ERROR]   location: class org.opentcs.util.persistence.v002.VisualLayoutTO
[ERROR] /home/gabsko/breaking-updates/openTCS-Common/src/main/java/org/opentcs/util/persistence/v002/VisualLayoutTO.java:[235,4] cannot find symbol
[ERROR]   symbol:   class XmlAccessorType
[ERROR]   location: class org.opentcs.util.persistence.v002.VisualLayoutTO
[ERROR] /home/gabsko/breaking-updates/openTCS-Common/src/main/java/org/opentcs/util/persistence/v002/VisualLayoutTO.java:[236,4] cannot find symbol
[ERROR]   symbol:   class XmlType
[ERROR]   location: class org.opentcs.util.persistence.v002.VisualLayoutTO
[ERROR] /home/gabsko/breaking-updates/openTCS-Common/src/main/java/org/opentcs/util/persistence/v002/PropertyTO.java:[12,33] package javax.xml.bind.annotation does not exist
[ERROR] /home/gabsko/breaking-updates/openTCS-Common/src/main/java/org/opentcs/util/persistence/v002/PropertyTO.java:[13,33] package javax.xml.bind.annotation does not exist
[ERROR] /home/gabsko/breaking-updates/openTCS-Common/src/main/java/org/opentcs/util/persistence/v002/PropertyTO.java:[14,33] package javax.xml.bind.annotation does not exist
[ERROR] /home/gabsko/breaking-updates/openTCS-Common/src/main/java/org/opentcs/util/persistence/v002/PropertyTO.java:[15,33] package javax.xml.bind.annotation does not exist
[ERROR] /home/gabsko/breaking-updates/openTCS-Common/src/main/java/org/opentcs/util/persistence/v002/PropertyTO.java:[21,2] cannot find symbol
[ERROR]   symbol: class XmlAccessorType
[ERROR] /home/gabsko/breaking-updates/openTCS-Common/src/main/java/org/opentcs/util/persistence/v002/PropertyTO.java:[22,2] cannot find symbol
[ERROR]   symbol: class XmlType
[ERROR] /home/gabsko/breaking-updates/openTCS-Common/src/main/java/org/opentcs/util/persistence/ProbePlantModelTO.java:[14,22] package javax.xml.bind does not exist
[ERROR] /home/gabsko/breaking-updates/openTCS-Common/src/main/java/org/opentcs/util/persistence/ProbePlantModelTO.java:[15,22] package javax.xml.bind does not exist
[ERROR] /home/gabsko/breaking-updates/openTCS-Common/src/main/java/org/opentcs/util/persistence/ProbePlantModelTO.java:[16,22] package javax.xml.bind does not exist
[ERROR] /home/gabsko/breaking-updates/openTCS-Common/src/main/java/org/opentcs/util/persistence/ProbePlantModelTO.java:[17,33] package javax.xml.bind.annotation does not exist
[ERROR] /home/gabsko/breaking-updates/openTCS-Common/src/main/java/org/opentcs/util/persistence/ProbePlantModelTO.java:[18,33] package javax.xml.bind.annotation does not exist
[ERROR] /home/gabsko/breaking-updates/openTCS-Common/src/main/java/org/opentcs/util/persistence/ProbePlantModelTO.java:[19,33] package javax.xml.bind.annotation does not exist
[ERROR] /home/gabsko/breaking-updates/openTCS-Common/src/main/java/org/opentcs/util/persistence/BasePlantModelTO.java:[12,33] package javax.xml.bind.annotation does not exist
[ERROR] /home/gabsko/breaking-updates/openTCS-Common/src/main/java/org/opentcs/util/persistence/BasePlantModelTO.java:[13,33] package javax.xml.bind.annotation does not exist
[ERROR] /home/gabsko/breaking-updates/openTCS-Common/src/main/java/org/opentcs/util/persistence/BasePlantModelTO.java:[14,33] package javax.xml.bind.annotation does not exist
[ERROR] /home/gabsko/breaking-updates/openTCS-Common/src/main/java/org/opentcs/util/persistence/BasePlantModelTO.java:[15,33] package javax.xml.bind.annotation does not exist
[ERROR] /home/gabsko/breaking-updates/openTCS-Common/src/main/java/org/opentcs/util/persistence/BasePlantModelTO.java:[22,2] cannot find symbol
[ERROR]   symbol: class XmlTransient
[ERROR] /home/gabsko/breaking-updates/openTCS-Common/src/main/java/org/opentcs/util/persistence/BasePlantModelTO.java:[23,2] cannot find symbol
[ERROR]   symbol: class XmlAccessorType
[ERROR] /home/gabsko/breaking-updates/openTCS-Common/src/main/java/org/opentcs/util/persistence/ProbePlantModelTO.java:[28,2] cannot find symbol
[ERROR]   symbol: class XmlRootElement
[ERROR] /home/gabsko/breaking-updates/openTCS-Common/src/main/java/org/opentcs/util/persistence/ProbePlantModelTO.java:[29,2] cannot find symbol
[ERROR]   symbol: class XmlAccessorType
[ERROR] /home/gabsko/breaking-updates/openTCS-Common/src/main/java/org/opentcs/util/persistence/ProbePlantModelTO.java:[52,18] cannot find symbol
[ERROR]   symbol:   class Unmarshaller
[ERROR]   location: class org.opentcs.util.persistence.ProbePlantModelTO
[ERROR] /home/gabsko/breaking-updates/openTCS-Common/src/main/java/org/opentcs/util/persistence/ProbePlantModelTO.java:[53,14] cannot find symbol
[ERROR]   symbol:   class JAXBException
[ERROR]   location: class org.opentcs.util.persistence.ProbePlantModelTO
[ERROR] /home/gabsko/breaking-updates/openTCS-Common/src/main/java/org/opentcs/util/persistence/ProbePlantModelTO.java:[58,18] cannot find symbol
[ERROR]   symbol:   class JAXBContext
[ERROR]   location: class org.opentcs.util.persistence.ProbePlantModelTO
[ERROR] /home/gabsko/breaking-updates/openTCS-Common/src/main/java/org/opentcs/util/persistence/ProbePlantModelTO.java:[59,14] cannot find symbol
[ERROR]   symbol:   class JAXBException
[ERROR]   location: class org.opentcs.util.persistence.ProbePlantModelTO
[ERROR] /home/gabsko/breaking-updates/openTCS-Common/src/main/java/org/opentcs/util/persistence/v002/V002PlantModelTO.java:[20,22] package javax.xml.bind does not exist
[ERROR] /home/gabsko/breaking-updates/openTCS-Common/src/main/java/org/opentcs/util/persistence/v002/V002PlantModelTO.java:[21,22] package javax.xml.bind does not exist
[ERROR] /home/gabsko/breaking-updates/openTCS-Common/src/main/java/org/opentcs/util/persistence/v002/V002PlantModelTO.java:[22,22] package javax.xml.bind does not exist
[ERROR] /home/gabsko/breaking-updates/openTCS-Common/src/main/java/org/opentcs/util/persistence/v002/V002PlantModelTO.java:[23,22] package javax.xml.bind does not exist
[ERROR] /home/gabsko/breaking-updates/openTCS-Common/src/main/java/org/opentcs/util/persistence/v002/V002PlantModelTO.java:[24,33] package javax.xml.bind.annotation does not exist
[ERROR] /home/gabsko/breaking-updates/openTCS-Common/src/main/java/org/opentcs/util/persistence/v002/V002PlantModelTO.java:[25,33] package javax.xml.bind.annotation does not exist
[ERROR] /home/gabsko/breaking-updates/openTCS-Common/src/main/java/org/opentcs/util/persistence/v002/V002PlantModelTO.java:[26,33] package javax.xml.bind.annotation does not exist
[ERROR] /home/gabsko/breaking-updates/openTCS-Common/src/main/java/org/opentcs/util/persistence/v002/V002PlantModelTO.java:[27,33] package javax.xml.bind.annotation does not exist
[ERROR] /home/gabsko/breaking-updates/openTCS-Common/src/main/java/org/opentcs/util/persistence/v002/V002PlantModelTO.java:[28,33] package javax.xml.bind.annotation does not exist
[ERROR] /home/gabsko/breaking-updates/openTCS-Common/src/main/java/org/opentcs/util/persistence/v002/V002PlantModelTO.java:[29,33] package javax.xml.bind.annotation does not exist
[ERROR] /home/gabsko/breaking-updates/openTCS-Common/src/main/java/org/opentcs/util/persistence/v002/V002PlantModelTO.java:[38,2] cannot find symbol
[ERROR]   symbol: class XmlRootElement
[ERROR] /home/gabsko/breaking-updates/openTCS-Common/src/main/java/org/opentcs/util/persistence/v002/V002PlantModelTO.java:[39,2] cannot find symbol
[ERROR]   symbol: class XmlAccessorType
[ERROR] /home/gabsko/breaking-updates/openTCS-Common/src/main/java/org/opentcs/util/persistence/v002/V002PlantModelTO.java:[40,2] cannot find symbol
[ERROR]   symbol: class XmlType
[ERROR] /home/gabsko/breaking-updates/openTCS-Common/src/main/java/org/opentcs/util/persistence/v002/PointTO.java:[14,33] package javax.xml.bind.annotation does not exist
[ERROR] /home/gabsko/breaking-updates/openTCS-Common/src/main/java/org/opentcs/util/persistence/v002/PointTO.java:[15,33] package javax.xml.bind.annotation does not exist
[ERROR] /home/gabsko/breaking-updates/openTCS-Common/src/main/java/org/opentcs/util/persistence/v002/PointTO.java:[16,33] package javax.xml.bind.annotation does not exist
[ERROR] /home/gabsko/breaking-updates/openTCS-Common/src/main/java/org/opentcs/util/persistence/v002/PointTO.java:[17,33] package javax.xml.bind.annotation does not exist
[ERROR] /home/gabsko/breaking-updates/openTCS-Common/src/main/java/org/opentcs/util/persistence/v002/PointTO.java:[18,33] package javax.xml.bind.annotation does not exist
[ERROR] /home/gabsko/breaking-updates/openTCS-Common/src/main/java/org/opentcs/util/persistence/v002/PointTO.java:[24,2] cannot find symbol
[ERROR]   symbol: class XmlAccessorType
[ERROR] /home/gabsko/breaking-updates/openTCS-Common/src/main/java/org/opentcs/util/persistence/v002/PointTO.java:[25,2] cannot find symbol
[ERROR]   symbol: class XmlType
[ERROR] /home/gabsko/breaking-updates/openTCS-Common/src/main/java/org/opentcs/util/persistence/v002/VehicleTO.java:[12,33] package javax.xml.bind.annotation does not exist
[ERROR] /home/gabsko/breaking-updates/openTCS-Common/src/main/java/org/opentcs/util/persistence/v002/VehicleTO.java:[13,33] package javax.xml.bind.annotation does not exist
[ERROR] /home/gabsko/breaking-updates/openTCS-Common/src/main/java/org/opentcs/util/persistence/v002/VehicleTO.java:[14,33] package javax.xml.bind.annotation does not exist
[ERROR] /home/gabsko/breaking-updates/openTCS-Common/src/main/java/org/opentcs/util/persistence/v002/VehicleTO.java:[15,33] package javax.xml.bind.annotation does not exist
[ERROR] /home/gabsko/breaking-updates/openTCS-Common/src/main/java/org/opentcs/util/persistence/v002/VehicleTO.java:[16,33] package javax.xml.bind.annotation does not exist
[ERROR] /home/gabsko/breaking-updates/openTCS-Common/src/main/java/org/opentcs/util/persistence/v002/VehicleTO.java:[22,2] cannot find symbol
[ERROR]   symbol: class XmlAccessorType
[ERROR] /home/gabsko/breaking-updates/openTCS-Common/src/main/java/org/opentcs/util/persistence/v002/VehicleTO.java:[23,2] cannot find symbol
[ERROR]   symbol: class XmlType
[ERROR] /home/gabsko/breaking-updates/openTCS-Common/src/main/java/org/opentcs/util/persistence/v002/PathTO.java:[14,33] package javax.xml.bind.annotation does not exist
[ERROR] /home/gabsko/breaking-updates/openTCS-Common/src/main/java/org/opentcs/util/persistence/v002/PathTO.java:[15,33] package javax.xml.bind.annotation does not exist
[ERROR] /home/gabsko/breaking-updates/openTCS-Common/src/main/java/org/opentcs/util/persistence/v002/PathTO.java:[16,33] package javax.xml.bind.annotation does not exist
[ERROR] /home/gabsko/breaking-updates/openTCS-Common/src/main/java/org/opentcs/util/persistence/v002/PathTO.java:[17,33] package javax.xml.bind.annotation does not exist
[ERROR] /home/gabsko/breaking-updates/openTCS-Common/src/main/java/org/opentcs/util/persistence/v002/PathTO.java:[18,33] package javax.xml.bind.annotation does not exist
[ERROR] /home/gabsko/breaking-updates/openTCS-Common/src/main/java/org/opentcs/util/persistence/v002/PathTO.java:[19,33] package javax.xml.bind.annotation does not exist
[ERROR] /home/gabsko/breaking-updates/openTCS-Common/src/main/java/org/opentcs/util/persistence/v002/PathTO.java:[25,2] cannot find symbol
[ERROR]   symbol: class XmlAccessorType
[ERROR] /home/gabsko/breaking-updates/openTCS-Common/src/main/java/org/opentcs/util/persistence/v002/PathTO.java:[26,2] cannot find symbol
[ERROR]   symbol: class XmlType
[ERROR] /home/gabsko/breaking-updates/openTCS-Common/src/main/java/org/opentcs/util/persistence/v002/LocationTypeTO.java:[14,33] package javax.xml.bind.annotation does not exist
[ERROR] /home/gabsko/breaking-updates/openTCS-Common/src/main/java/org/opentcs/util/persistence/v002/LocationTypeTO.java:[15,33] package javax.xml.bind.annotation does not exist
[ERROR] /home/gabsko/breaking-updates/openTCS-Common/src/main/java/org/opentcs/util/persistence/v002/LocationTypeTO.java:[16,33] package javax.xml.bind.annotation does not exist
[ERROR] /home/gabsko/breaking-updates/openTCS-Common/src/main/java/org/opentcs/util/persistence/v002/LocationTypeTO.java:[17,33] package javax.xml.bind.annotation does not exist
[ERROR] /home/gabsko/breaking-updates/openTCS-Common/src/main/java/org/opentcs/util/persistence/v002/LocationTypeTO.java:[18,33] package javax.xml.bind.annotation does not exist
[ERROR] /home/gabsko/breaking-updates/openTCS-Common/src/main/java/org/opentcs/util/persistence/v002/LocationTypeTO.java:[24,2] cannot find symbol
[ERROR]   symbol: class XmlAccessorType
[ERROR] /home/gabsko/breaking-updates/openTCS-Common/src/main/java/org/opentcs/util/persistence/v002/LocationTypeTO.java:[25,2] cannot find symbol
[ERROR]   symbol: class XmlType
[ERROR] /home/gabsko/breaking-updates/openTCS-Common/src/main/java/org/opentcs/util/persistence/v002/LocationTO.java:[14,33] package javax.xml.bind.annotation does not exist
[ERROR] /home/gabsko/breaking-updates/openTCS-Common/src/main/java/org/opentcs/util/persistence/v002/LocationTO.java:[15,33] package javax.xml.bind.annotation does not exist
[ERROR] /home/gabsko/breaking-updates/openTCS-Common/src/main/java/org/opentcs/util/persistence/v002/LocationTO.java:[16,33] package javax.xml.bind.annotation does not exist
[ERROR] /home/gabsko/breaking-updates/openTCS-Common/src/main/java/org/opentcs/util/persistence/v002/LocationTO.java:[17,33] package javax.xml.bind.annotation does not exist
[ERROR] /home/gabsko/breaking-updates/openTCS-Common/src/main/java/org/opentcs/util/persistence/v002/LocationTO.java:[18,33] package javax.xml.bind.annotation does not exist
[ERROR] /home/gabsko/breaking-updates/openTCS-Common/src/main/java/org/opentcs/util/persistence/v002/LocationTO.java:[24,2] cannot find symbol
[ERROR]   symbol: class XmlAccessorType
[ERROR] /home/gabsko/breaking-updates/openTCS-Common/src/main/java/org/opentcs/util/persistence/v002/LocationTO.java:[25,2] cannot find symbol
[ERROR]   symbol: class XmlType
[ERROR] /home/gabsko/breaking-updates/openTCS-Common/src/main/java/org/opentcs/util/persistence/v002/BlockTO.java:[14,33] package javax.xml.bind.annotation does not exist
[ERROR] /home/gabsko/breaking-updates/openTCS-Common/src/main/java/org/opentcs/util/persistence/v002/BlockTO.java:[15,33] package javax.xml.bind.annotation does not exist
[ERROR] /home/gabsko/breaking-updates/openTCS-Common/src/main/java/org/opentcs/util/persistence/v002/BlockTO.java:[16,33] package javax.xml.bind.annotation does not exist
[ERROR] -> [Help 1]
[ERROR] 
[ERROR] To see the full stack trace of the errors, re-run Maven with the -e switch.
[ERROR] Re-run Maven using the -X switch to enable full debug logging.
[ERROR] 
[ERROR] For more information about the errors and possible solutions, please read the following articles:
[ERROR] [Help 1] http://cwiki.apache.org/confluence/display/MAVEN/MojoFailureException
[ERROR] 
[ERROR] After correcting the problems, you can resume the build with the command
[ERROR]   mvn <args> -rf :opentcs-common
