[INFO] Scanning for projects...
[INFO] 
[INFO] -------------------< io.metersphere:data-streaming >--------------------
[INFO] Building data-streaming 1.17
[INFO] --------------------------------[ jar ]---------------------------------
[INFO] 
[INFO] --- maven-clean-plugin:3.2.0:clean (default-clean) @ data-streaming ---
[INFO] Deleting /home/gabsko/breaking-updates/target
[INFO] 
[INFO] --- maven-resources-plugin:3.2.0:resources (default-resources) @ data-streaming ---
[INFO] Using 'UTF-8' encoding to copy filtered resources.
[INFO] Using 'UTF-8' encoding to copy filtered properties files.
[INFO] Copying 0 resource
[INFO] Copying 14 resources
[INFO] 
[INFO] --- maven-compiler-plugin:3.10.1:compile (default-compile) @ data-streaming ---
[INFO] Changes detected - recompiling the module!
[INFO] Compiling 142 source files to /home/gabsko/breaking-updates/target/classes
[INFO] /home/gabsko/breaking-updates/src/main/java/io/metersphere/streaming/report/parse/ResultDataParse.java: Some input files use or override a deprecated API.
[INFO] /home/gabsko/breaking-updates/src/main/java/io/metersphere/streaming/report/parse/ResultDataParse.java: Recompile with -Xlint:deprecation for details.
[INFO] /home/gabsko/breaking-updates/src/main/java/io/metersphere/streaming/commons/MybatisInterceptor.java: /home/gabsko/breaking-updates/src/main/java/io/metersphere/streaming/commons/MybatisInterceptor.java uses unchecked or unsafe operations.
[INFO] /home/gabsko/breaking-updates/src/main/java/io/metersphere/streaming/commons/MybatisInterceptor.java: Recompile with -Xlint:unchecked for details.
[INFO] 
[INFO] --- maven-resources-plugin:3.2.0:testResources (default-testResources) @ data-streaming ---
[INFO] Using 'UTF-8' encoding to copy filtered resources.
[INFO] Using 'UTF-8' encoding to copy filtered properties files.
[INFO] skip non existing resourceDirectory /home/gabsko/breaking-updates/src/test/resources
[INFO] 
[INFO] --- maven-compiler-plugin:3.10.1:testCompile (default-testCompile) @ data-streaming ---
[INFO] No sources to compile
[INFO] 
[INFO] --- maven-surefire-plugin:2.22.2:test (default-test) @ data-streaming ---
[INFO] No tests to run.
[INFO] ------------------------------------------------------------------------
[INFO] BUILD SUCCESS
[INFO] ------------------------------------------------------------------------
[INFO] Total time:  3.832 s
[INFO] Finished at: 2023-01-17T20:31:25Z
[INFO] ------------------------------------------------------------------------
