[INFO] Scanning for projects...
[INFO] 
[INFO] ----------------------------< micycle:PGS >-----------------------------
[INFO] Building Processing Geometry Suite 1.2.1-SNAPSHOT
[INFO] --------------------------------[ jar ]---------------------------------
[INFO] Downloading from osgeo: https://repo.osgeo.org/repository/release/com/github/twak/campskeleton/8df5b241d5/campskeleton-8df5b241d5.pom
[INFO] Downloading from jitpack.io: https://jitpack.io/com/github/twak/campskeleton/8df5b241d5/campskeleton-8df5b241d5.pom
[INFO] Downloaded from jitpack.io: https://jitpack.io/com/github/twak/campskeleton/8df5b241d5/campskeleton-8df5b241d5.pom (3.3 kB at 8.2 kB/s)
[INFO] Downloading from osgeo: https://repo.osgeo.org/repository/release/com/github/twak/jutils/master-SNAPSHOT/maven-metadata.xml
[INFO] Downloading from jts-snapshots: https://repo.eclipse.org/content/repositories/jts-snapshots/com/github/twak/jutils/master-SNAPSHOT/maven-metadata.xml
[INFO] Downloading from jitpack.io: https://jitpack.io/com/github/twak/jutils/master-SNAPSHOT/maven-metadata.xml
[INFO] Downloading from clojars: https://clojars.org/repo/com/github/twak/jutils/master-SNAPSHOT/maven-metadata.xml
[INFO] Downloaded from jitpack.io: https://jitpack.io/com/github/twak/jutils/master-SNAPSHOT/maven-metadata.xml (379 B at 1.0 kB/s)
[INFO] Downloading from osgeo: https://repo.osgeo.org/repository/release/com/github/micycle1/JMedialAxis/b2d29f0413/JMedialAxis-b2d29f0413.pom
[INFO] Downloading from jitpack.io: https://jitpack.io/com/github/micycle1/JMedialAxis/b2d29f0413/JMedialAxis-b2d29f0413.pom
[INFO] Downloaded from jitpack.io: https://jitpack.io/com/github/micycle1/JMedialAxis/b2d29f0413/JMedialAxis-b2d29f0413.pom (3.1 kB at 9.2 kB/s)
[INFO] Downloading from osgeo: https://repo.osgeo.org/repository/release/ch/ethz/globis/phtree/phtree/maven-metadata.xml
[INFO] Downloading from jitpack.io: https://jitpack.io/ch/ethz/globis/phtree/phtree/maven-metadata.xml
[INFO] Downloading from clojars: https://clojars.org/repo/ch/ethz/globis/phtree/phtree/maven-metadata.xml
[INFO] Downloading from jts-snapshots: https://repo.eclipse.org/content/repositories/jts-snapshots/ch/ethz/globis/phtree/phtree/maven-metadata.xml
[INFO] Downloading from central: https://repo.maven.apache.org/maven2/ch/ethz/globis/phtree/phtree/maven-metadata.xml
[INFO] Downloaded from central: https://repo.maven.apache.org/maven2/ch/ethz/globis/phtree/phtree/maven-metadata.xml (644 B at 5.2 kB/s)
[INFO] Downloading from osgeo: https://repo.osgeo.org/repository/release/org/dyn4j/dyn4j/maven-metadata.xml
[INFO] Downloading from jitpack.io: https://jitpack.io/org/dyn4j/dyn4j/maven-metadata.xml
[INFO] Downloading from jts-snapshots: https://repo.eclipse.org/content/repositories/jts-snapshots/org/dyn4j/dyn4j/maven-metadata.xml
[INFO] Downloading from clojars: https://clojars.org/repo/org/dyn4j/dyn4j/maven-metadata.xml
[INFO] Downloading from central: https://repo.maven.apache.org/maven2/org/dyn4j/dyn4j/maven-metadata.xml
[INFO] Downloaded from central: https://repo.maven.apache.org/maven2/org/dyn4j/dyn4j/maven-metadata.xml (1.3 kB at 157 kB/s)
[INFO] Downloading from jitpack.io: https://jitpack.io/org/junit/jupiter/junit-jupiter-api/maven-metadata.xml
[INFO] Downloading from osgeo: https://repo.osgeo.org/repository/release/org/junit/jupiter/junit-jupiter-api/maven-metadata.xml
[INFO] Downloading from jts-snapshots: https://repo.eclipse.org/content/repositories/jts-snapshots/org/junit/jupiter/junit-jupiter-api/maven-metadata.xml
[INFO] Downloading from clojars: https://clojars.org/repo/org/junit/jupiter/junit-jupiter-api/maven-metadata.xml
[INFO] Downloading from central: https://repo.maven.apache.org/maven2/org/junit/jupiter/junit-jupiter-api/maven-metadata.xml
[INFO] Downloaded from central: https://repo.maven.apache.org/maven2/org/junit/jupiter/junit-jupiter-api/maven-metadata.xml (2.2 kB at 107 kB/s)
[INFO] Downloading from osgeo: https://repo.osgeo.org/repository/release/org/junit/jupiter/junit-jupiter-engine/maven-metadata.xml
[INFO] Downloading from jts-snapshots: https://repo.eclipse.org/content/repositories/jts-snapshots/org/junit/jupiter/junit-jupiter-engine/maven-metadata.xml
[INFO] Downloading from jitpack.io: https://jitpack.io/org/junit/jupiter/junit-jupiter-engine/maven-metadata.xml
[INFO] Downloading from clojars: https://clojars.org/repo/org/junit/jupiter/junit-jupiter-engine/maven-metadata.xml
[INFO] Downloading from osgeo: https://repo.osgeo.org/repository/release/com/github/micycle1/space-filling-curves/1.0/space-filling-curves-1.0.pom
[INFO] Downloading from jitpack.io: https://jitpack.io/com/github/micycle1/space-filling-curves/1.0/space-filling-curves-1.0.pom
[INFO] Downloaded from jitpack.io: https://jitpack.io/com/github/micycle1/space-filling-curves/1.0/space-filling-curves-1.0.pom (1.6 kB at 5.2 kB/s)
[INFO] Downloading from osgeo: https://repo.osgeo.org/repository/release/com/github/micycle1/FixPoint4j/0.3/FixPoint4j-0.3.pom
[INFO] Downloading from jitpack.io: https://jitpack.io/com/github/micycle1/FixPoint4j/0.3/FixPoint4j-0.3.pom
[INFO] Downloaded from jitpack.io: https://jitpack.io/com/github/micycle1/FixPoint4j/0.3/FixPoint4j-0.3.pom (2.2 kB at 3.7 kB/s)
[INFO] Downloading from osgeo: https://repo.osgeo.org/repository/release/net/jafama/jafama/2.3.2/jafama-2.3.2.pom
[INFO] Downloading from jitpack.io: https://jitpack.io/net/jafama/jafama/2.3.2/jafama-2.3.2.pom
[INFO] Downloading from clojars: https://clojars.org/repo/net/jafama/jafama/2.3.2/jafama-2.3.2.pom
[INFO] Downloading from central: https://repo.maven.apache.org/maven2/net/jafama/jafama/2.3.2/jafama-2.3.2.pom
[INFO] Downloaded from central: https://repo.maven.apache.org/maven2/net/jafama/jafama/2.3.2/jafama-2.3.2.pom (1.0 kB at 9.5 kB/s)
[INFO] Downloading from osgeo: https://repo.osgeo.org/repository/release/com/github/twak/campskeleton/8df5b241d5/campskeleton-8df5b241d5.jar
[INFO] Downloading from osgeo: https://repo.osgeo.org/repository/release/org/apache/xmlgraphics/xmlgraphics-commons/2.2/xmlgraphics-commons-2.2.jar
[INFO] Downloading from osgeo: https://repo.osgeo.org/repository/release/com/github/micycle1/JMedialAxis/b2d29f0413/JMedialAxis-b2d29f0413.jar
[INFO] Downloading from osgeo: https://repo.osgeo.org/repository/release/com/github/micycle1/space-filling-curves/1.0/space-filling-curves-1.0.jar
[INFO] Downloading from osgeo: https://repo.osgeo.org/repository/release/com/github/micycle1/FixPoint4j/0.3/FixPoint4j-0.3.jar
[INFO] Downloading from osgeo: https://repo.osgeo.org/repository/release/net/jafama/jafama/2.3.2/jafama-2.3.2.jar
[INFO] Downloading from jitpack.io: https://jitpack.io/com/github/twak/campskeleton/8df5b241d5/campskeleton-8df5b241d5.jar
[INFO] Downloading from jitpack.io: https://jitpack.io/org/apache/xmlgraphics/xmlgraphics-commons/2.2/xmlgraphics-commons-2.2.jar
[INFO] Downloading from jitpack.io: https://jitpack.io/com/github/micycle1/JMedialAxis/b2d29f0413/JMedialAxis-b2d29f0413.jar
[INFO] Downloading from jitpack.io: https://jitpack.io/com/github/micycle1/space-filling-curves/1.0/space-filling-curves-1.0.jar
[INFO] Downloading from jitpack.io: https://jitpack.io/com/github/micycle1/FixPoint4j/0.3/FixPoint4j-0.3.jar
[INFO] Downloading from jitpack.io: https://jitpack.io/net/jafama/jafama/2.3.2/jafama-2.3.2.jar
[INFO] Downloaded from jitpack.io: https://jitpack.io/com/github/micycle1/JMedialAxis/b2d29f0413/JMedialAxis-b2d29f0413.jar (21 kB at 47 kB/s)
[INFO] Downloaded from jitpack.io: https://jitpack.io/com/github/twak/campskeleton/8df5b241d5/campskeleton-8df5b241d5.jar (198 kB at 191 kB/s)
[INFO] Downloaded from jitpack.io: https://jitpack.io/com/github/micycle1/FixPoint4j/0.3/FixPoint4j-0.3.jar (255 kB at 180 kB/s)
[INFO] Downloaded from jitpack.io: https://jitpack.io/com/github/micycle1/space-filling-curves/1.0/space-filling-curves-1.0.jar (18 MB at 6.8 MB/s)
[INFO] Downloading from clojars: https://clojars.org/repo/org/apache/xmlgraphics/xmlgraphics-commons/2.2/xmlgraphics-commons-2.2.jar
[INFO] Downloading from clojars: https://clojars.org/repo/net/jafama/jafama/2.3.2/jafama-2.3.2.jar
[INFO] Downloading from central: https://repo.maven.apache.org/maven2/org/apache/xmlgraphics/xmlgraphics-commons/2.2/xmlgraphics-commons-2.2.jar
[INFO] Downloading from central: https://repo.maven.apache.org/maven2/net/jafama/jafama/2.3.2/jafama-2.3.2.jar
[INFO] Downloaded from central: https://repo.maven.apache.org/maven2/net/jafama/jafama/2.3.2/jafama-2.3.2.jar (49 kB at 1.6 MB/s)
[INFO] Downloaded from central: https://repo.maven.apache.org/maven2/org/apache/xmlgraphics/xmlgraphics-commons/2.2/xmlgraphics-commons-2.2.jar (647 kB at 18 MB/s)
[INFO] 
[INFO] --- maven-clean-plugin:2.5:clean (default-clean) @ PGS ---
[INFO] 
[INFO] --- jacoco-maven-plugin:0.8.8:prepare-agent (default) @ PGS ---
[INFO] argLine set to -javaagent:/home/gabsko/.m2/repository/org/jacoco/org.jacoco.agent/0.8.8/org.jacoco.agent-0.8.8-runtime.jar=destfile=/home/gabsko/breaking-updates/target/jacoco.exec
[INFO] 
[INFO] --- maven-resources-plugin:2.6:resources (default-resources) @ PGS ---
[WARNING] Using platform encoding (UTF-8 actually) to copy filtered resources, i.e. build is platform dependent!
[INFO] skip non existing resourceDirectory /home/gabsko/breaking-updates/src/main/resources
[INFO] 
[INFO] --- maven-compiler-plugin:3.10.0:compile (default-compile) @ PGS ---
[INFO] Changes detected - recompiling the module!
[WARNING] File encoding has not been set, using platform encoding UTF-8, i.e. build is platform dependent!
[INFO] Compiling 71 source files to /home/gabsko/breaking-updates/target/classes
Jabel: initialized
[INFO] -------------------------------------------------------------
[ERROR] COMPILATION ERROR : 
[INFO] -------------------------------------------------------------
[ERROR] /home/gabsko/breaking-updates/src/main/java/micycle/pgs/commons/PolygonDecomposition.java:[35,27] package org.dyn4j.resources does not exist
[ERROR] /home/gabsko/breaking-updates/src/main/java/micycle/pgs/commons/PolygonDecomposition.java:[74,56] cannot find symbol
  symbol:   variable Messages
  location: class micycle.pgs.commons.PolygonDecomposition
[ERROR] /home/gabsko/breaking-updates/src/main/java/micycle/pgs/commons/PolygonDecomposition.java:[79,60] cannot find symbol
  symbol:   variable Messages
  location: class micycle.pgs.commons.PolygonDecomposition
[ERROR] /home/gabsko/breaking-updates/src/main/java/micycle/pgs/commons/PolygonDecomposition.java:[278,44] cannot find symbol
  symbol:   variable Messages
  location: class micycle.pgs.commons.PolygonDecomposition
[INFO] 4 errors 
[INFO] -------------------------------------------------------------
[INFO] ------------------------------------------------------------------------
[INFO] BUILD FAILURE
[INFO] ------------------------------------------------------------------------
[INFO] Total time:  15.584 s
[INFO] Finished at: 2023-01-17T20:33:04Z
[INFO] ------------------------------------------------------------------------
[ERROR] Failed to execute goal org.apache.maven.plugins:maven-compiler-plugin:3.10.0:compile (default-compile) on project PGS: Compilation failure: Compilation failure: 
[ERROR] /home/gabsko/breaking-updates/src/main/java/micycle/pgs/commons/PolygonDecomposition.java:[35,27] package org.dyn4j.resources does not exist
[ERROR] /home/gabsko/breaking-updates/src/main/java/micycle/pgs/commons/PolygonDecomposition.java:[74,56] cannot find symbol
[ERROR]   symbol:   variable Messages
[ERROR]   location: class micycle.pgs.commons.PolygonDecomposition
[ERROR] /home/gabsko/breaking-updates/src/main/java/micycle/pgs/commons/PolygonDecomposition.java:[79,60] cannot find symbol
[ERROR]   symbol:   variable Messages
[ERROR]   location: class micycle.pgs.commons.PolygonDecomposition
[ERROR] /home/gabsko/breaking-updates/src/main/java/micycle/pgs/commons/PolygonDecomposition.java:[278,44] cannot find symbol
[ERROR]   symbol:   variable Messages
[ERROR]   location: class micycle.pgs.commons.PolygonDecomposition
[ERROR] -> [Help 1]
[ERROR] 
[ERROR] To see the full stack trace of the errors, re-run Maven with the -e switch.
[ERROR] Re-run Maven using the -X switch to enable full debug logging.
[ERROR] 
[ERROR] For more information about the errors and possible solutions, please read the following articles:
[ERROR] [Help 1] http://cwiki.apache.org/confluence/display/MAVEN/MojoFailureException
