[INFO] Scanning for projects...
[WARNING] 
[WARNING] Some problems were encountered while building the effective model for org.liquibase.ext:liquibase-redshift:jar:4.3.5-SNAPSHOT
[WARNING] 'build.plugins.plugin.version' for org.apache.maven.plugins:maven-compiler-plugin is missing. @ line 90, column 12
[WARNING] 'build.plugins.plugin.version' for org.apache.maven.plugins:maven-surefire-plugin is missing. @ line 101, column 12
[WARNING] 'build.plugins.plugin.version' for org.apache.maven.plugins:maven-resources-plugin is missing. @ line 83, column 12
[WARNING] 'build.plugins.plugin.version' for org.apache.maven.plugins:maven-enforcer-plugin is missing. @ line 137, column 12
[WARNING] 
[WARNING] It is highly recommended to fix these problems because they threaten the stability of your build.
[WARNING] 
[WARNING] For this reason, future Maven versions might no longer support building such malformed projects.
[WARNING] 
[INFO] Inspecting build with total of 1 modules...
[INFO] Installing Nexus Staging features:
[INFO]   ... total of 1 executions of maven-deploy-plugin replaced with nexus-staging-maven-plugin
[INFO] 
[INFO] ----------------< org.liquibase.ext:liquibase-redshift >----------------
[INFO] Building Liquibase Extension: Amazon Redshift Support 4.3.5-SNAPSHOT
[INFO] --------------------------------[ jar ]---------------------------------
[INFO] 
[INFO] --- maven-clean-plugin:2.5:clean (default-clean) @ liquibase-redshift ---
[INFO] Deleting /home/gabsko/breaking-updates/target
[INFO] 
[INFO] --- maven-resources-plugin:2.6:resources (default-resources) @ liquibase-redshift ---
[INFO] Using 'UTF-8' encoding to copy filtered resources.
[INFO] Copying 3 resources
[INFO] 
[INFO] --- maven-compiler-plugin:3.1:compile (default-compile) @ liquibase-redshift ---
[INFO] Changes detected - recompiling the module!
[WARNING] File encoding has not been set, using platform encoding UTF-8, i.e. build is platform dependent!
[INFO] Compiling 3 source files to /home/gabsko/breaking-updates/target/classes
[WARNING] /home/gabsko/breaking-updates/src/main/java/liquibase/ext/redshift/snapshot/ForeignKeySnapshotGenerator.java: /home/gabsko/breaking-updates/src/main/java/liquibase/ext/redshift/snapshot/ForeignKeySnapshotGenerator.java uses unchecked or unsafe operations.
[WARNING] /home/gabsko/breaking-updates/src/main/java/liquibase/ext/redshift/snapshot/ForeignKeySnapshotGenerator.java: Recompile with -Xlint:unchecked for details.
[INFO] 
[INFO] --- maven-enforcer-plugin:3.1.0:enforce (enforce-java) @ liquibase-redshift ---
[INFO] 
[INFO] --- maven-resources-plugin:2.6:testResources (default-testResources) @ liquibase-redshift ---
[INFO] Using 'UTF-8' encoding to copy filtered resources.
[INFO] Copying 27 resources
[INFO] 
[INFO] --- maven-compiler-plugin:3.1:testCompile (default-testCompile) @ liquibase-redshift ---
[INFO] Changes detected - recompiling the module!
[WARNING] File encoding has not been set, using platform encoding UTF-8, i.e. build is platform dependent!
[INFO] Compiling 1 source file to /home/gabsko/breaking-updates/target/test-classes
[INFO] 
[INFO] --- maven-surefire-plugin:2.12.4:test (default-test) @ liquibase-redshift ---
[INFO] Surefire report directory: /home/gabsko/breaking-updates/target/surefire-reports

-------------------------------------------------------
 T E S T S
-------------------------------------------------------
Running liquibase.ext.redshift.database.RedshiftDatabaseTest
Tests run: 2, Failures: 0, Errors: 0, Skipped: 0, Time elapsed: 0.078 sec
testGetShortName(liquibase.ext.redshift.database.RedshiftDatabaseTest)  Time elapsed: 0.052 sec
testGetConnectionSchemaNameCallStatement(liquibase.ext.redshift.database.RedshiftDatabaseTest)  Time elapsed: 0 sec

Results :

Tests run: 2, Failures: 0, Errors: 0, Skipped: 0

[INFO] 
[INFO] --- maven-surefire-plugin:2.12.4:test (unit-tests) @ liquibase-redshift ---
[INFO] Surefire report directory: /home/gabsko/breaking-updates/target/surefire-reports

-------------------------------------------------------
 T E S T S
-------------------------------------------------------
Running liquibase.ext.redshift.database.RedshiftDatabaseTest
Tests run: 2, Failures: 0, Errors: 0, Skipped: 0, Time elapsed: 0.102 sec
testGetShortName(liquibase.ext.redshift.database.RedshiftDatabaseTest)  Time elapsed: 0.05 sec
testGetConnectionSchemaNameCallStatement(liquibase.ext.redshift.database.RedshiftDatabaseTest)  Time elapsed: 0.001 sec

Results :

Tests run: 2, Failures: 0, Errors: 0, Skipped: 0

[INFO] ------------------------------------------------------------------------
[INFO] BUILD SUCCESS
[INFO] ------------------------------------------------------------------------
[INFO] Total time:  2.104 s
[INFO] Finished at: 2023-01-17T20:16:24Z
[INFO] ------------------------------------------------------------------------
