[INFO] Scanning for projects...
[INFO] 
[INFO] ------------------------< me.HSGamer:BetterGUI >------------------------
[INFO] Building BetterGUI 6.5
[INFO] --------------------------------[ jar ]---------------------------------
[INFO] Downloading from aikar: https://repo.aikar.co/content/groups/aikar/com/destroystokyo/paper/paper-api/1.12.2-R0.1-SNAPSHOT/maven-metadata.xml
[INFO] Downloading from papermc-repo: https://papermc.io/repo/repository/maven-public/com/destroystokyo/paper/paper-api/1.12.2-R0.1-SNAPSHOT/maven-metadata.xml
[INFO] Downloading from sonatype: https://oss.sonatype.org/content/groups/public/com/destroystokyo/paper/paper-api/1.12.2-R0.1-SNAPSHOT/maven-metadata.xml
[INFO] Downloading from CodeMC: https://repo.codemc.org/repository/maven-public/com/destroystokyo/paper/paper-api/1.12.2-R0.1-SNAPSHOT/maven-metadata.xml
[INFO] Downloading from jitpack.io: https://jitpack.io/com/destroystokyo/paper/paper-api/1.12.2-R0.1-SNAPSHOT/maven-metadata.xml
[INFO] Downloaded from papermc-repo: https://papermc.io/repo/repository/maven-public/com/destroystokyo/paper/paper-api/1.12.2-R0.1-SNAPSHOT/maven-metadata.xml (1.5 kB at 2.9 kB/s)
[INFO] Downloading from placeholderapi: https://repo.extendedclip.com/content/repositories/placeholderapi/com/destroystokyo/paper/paper-api/1.12.2-R0.1-SNAPSHOT/maven-metadata.xml
[INFO] Downloaded from aikar: https://repo.aikar.co/content/groups/aikar/com/destroystokyo/paper/paper-api/1.12.2-R0.1-SNAPSHOT/maven-metadata.xml (1.5 kB at 1.3 kB/s)
[WARNING] Could not transfer metadata com.destroystokyo.paper:paper-api:1.12.2-R0.1-SNAPSHOT/maven-metadata.xml from/to jitpack.io (https://jitpack.io): authentication failed for https://jitpack.io/com/destroystokyo/paper/paper-api/1.12.2-R0.1-SNAPSHOT/maven-metadata.xml, status: 401 Unauthorized
[WARNING] com.destroystokyo.paper:paper-api:1.12.2-R0.1-SNAPSHOT/maven-metadata.xmlfailed to transfer from https://jitpack.io during a previous attempt. This failure was cached in the local repository and resolution will not be reattempted until the update interval of jitpack.io has elapsed or updates are forced. Original error: Could not transfer metadata com.destroystokyo.paper:paper-api:1.12.2-R0.1-SNAPSHOT/maven-metadata.xml from/to jitpack.io (https://jitpack.io): authentication failed for https://jitpack.io/com/destroystokyo/paper/paper-api/1.12.2-R0.1-SNAPSHOT/maven-metadata.xml, status: 401 Unauthorized
[INFO] Downloading from papermc-repo: https://papermc.io/repo/repository/maven-public/com/destroystokyo/paper/paper-parent/dev-SNAPSHOT/maven-metadata.xml
[INFO] Downloading from aikar: https://repo.aikar.co/content/groups/aikar/com/destroystokyo/paper/paper-parent/dev-SNAPSHOT/maven-metadata.xml
[INFO] Downloading from CodeMC: https://repo.codemc.org/repository/maven-public/com/destroystokyo/paper/paper-parent/dev-SNAPSHOT/maven-metadata.xml
[INFO] Downloading from sonatype: https://oss.sonatype.org/content/groups/public/com/destroystokyo/paper/paper-parent/dev-SNAPSHOT/maven-metadata.xml
[INFO] Downloading from jitpack.io: https://jitpack.io/com/destroystokyo/paper/paper-parent/dev-SNAPSHOT/maven-metadata.xml
[INFO] Downloaded from papermc-repo: https://papermc.io/repo/repository/maven-public/com/destroystokyo/paper/paper-parent/dev-SNAPSHOT/maven-metadata.xml (610 B at 5.5 kB/s)
[INFO] Downloading from placeholderapi: https://repo.extendedclip.com/content/repositories/placeholderapi/com/destroystokyo/paper/paper-parent/dev-SNAPSHOT/maven-metadata.xml
[INFO] Downloading from spigotmc-public: https://hub.spigotmc.org/nexus/content/groups/public/com/destroystokyo/paper/paper-parent/dev-SNAPSHOT/maven-metadata.xml
[INFO] Downloaded from aikar: https://repo.aikar.co/content/groups/aikar/com/destroystokyo/paper/paper-parent/dev-SNAPSHOT/maven-metadata.xml (610 B at 2.0 kB/s)
[WARNING] Could not transfer metadata com.destroystokyo.paper:paper-parent:dev-SNAPSHOT/maven-metadata.xml from/to jitpack.io (https://jitpack.io): authentication failed for https://jitpack.io/com/destroystokyo/paper/paper-parent/dev-SNAPSHOT/maven-metadata.xml, status: 401 Unauthorized
[INFO] Downloading from papermc-repo: https://papermc.io/repo/repository/maven-public/net/md-5/bungeecord-chat/1.12-SNAPSHOT/maven-metadata.xml
[INFO] Downloading from sonatype: https://oss.sonatype.org/content/groups/public/net/md-5/bungeecord-chat/1.12-SNAPSHOT/maven-metadata.xml
[INFO] Downloading from CodeMC: https://repo.codemc.org/repository/maven-public/net/md-5/bungeecord-chat/1.12-SNAPSHOT/maven-metadata.xml
[INFO] Downloading from aikar: https://repo.aikar.co/content/groups/aikar/net/md-5/bungeecord-chat/1.12-SNAPSHOT/maven-metadata.xml
[INFO] Downloaded from CodeMC: https://repo.codemc.org/repository/maven-public/net/md-5/bungeecord-chat/1.12-SNAPSHOT/maven-metadata.xml (773 B at 9.9 kB/s)
[INFO] Downloading from jitpack.io: https://jitpack.io/net/md-5/bungeecord-chat/1.12-SNAPSHOT/maven-metadata.xml
[INFO] Downloaded from papermc-repo: https://papermc.io/repo/repository/maven-public/net/md-5/bungeecord-chat/1.12-SNAPSHOT/maven-metadata.xml (1.2 kB at 11 kB/s)
[INFO] Downloading from placeholderapi: https://repo.extendedclip.com/content/repositories/placeholderapi/net/md-5/bungeecord-chat/1.12-SNAPSHOT/maven-metadata.xml
[INFO] Downloaded from sonatype: https://oss.sonatype.org/content/groups/public/net/md-5/bungeecord-chat/1.12-SNAPSHOT/maven-metadata.xml (1.2 kB at 4.9 kB/s)
[INFO] Downloading from spigotmc-public: https://hub.spigotmc.org/nexus/content/groups/public/net/md-5/bungeecord-chat/1.12-SNAPSHOT/maven-metadata.xml
[INFO] Downloading from md_5-releases: https://repo.md-5.net/content/repositories/releases/net/md-5/bungeecord-chat/1.12-SNAPSHOT/maven-metadata.xml
[INFO] Downloaded from aikar: https://repo.aikar.co/content/groups/aikar/net/md-5/bungeecord-chat/1.12-SNAPSHOT/maven-metadata.xml (1.2 kB at 4.0 kB/s)
[INFO] Downloading from destroystokyo-repo: https://papermc.io/repo/repository/maven-public/net/md-5/bungeecord-chat/1.12-SNAPSHOT/maven-metadata.xml
[INFO] Downloaded from destroystokyo-repo: https://papermc.io/repo/repository/maven-public/net/md-5/bungeecord-chat/1.12-SNAPSHOT/maven-metadata.xml (1.2 kB at 11 kB/s)
[INFO] Downloaded from spigotmc-public: https://hub.spigotmc.org/nexus/content/groups/public/net/md-5/bungeecord-chat/1.12-SNAPSHOT/maven-metadata.xml (1.2 kB at 4.7 kB/s)
[INFO] Downloading from CodeMC: https://repo.codemc.org/repository/maven-public/net/md-5/bungeecord-parent/1.12-SNAPSHOT/maven-metadata.xml
[INFO] Downloading from papermc-repo: https://papermc.io/repo/repository/maven-public/net/md-5/bungeecord-parent/1.12-SNAPSHOT/maven-metadata.xml
[INFO] Downloading from aikar: https://repo.aikar.co/content/groups/aikar/net/md-5/bungeecord-parent/1.12-SNAPSHOT/maven-metadata.xml
[INFO] Downloading from sonatype: https://oss.sonatype.org/content/groups/public/net/md-5/bungeecord-parent/1.12-SNAPSHOT/maven-metadata.xml
[INFO] Downloaded from CodeMC: https://repo.codemc.org/repository/maven-public/net/md-5/bungeecord-parent/1.12-SNAPSHOT/maven-metadata.xml (602 B at 7.6 kB/s)
[INFO] Downloading from jitpack.io: https://jitpack.io/net/md-5/bungeecord-parent/1.12-SNAPSHOT/maven-metadata.xml
[INFO] Downloaded from papermc-repo: https://papermc.io/repo/repository/maven-public/net/md-5/bungeecord-parent/1.12-SNAPSHOT/maven-metadata.xml (602 B at 5.3 kB/s)
[INFO] Downloading from placeholderapi: https://repo.extendedclip.com/content/repositories/placeholderapi/net/md-5/bungeecord-parent/1.12-SNAPSHOT/maven-metadata.xml
[INFO] Downloading from spigotmc-public: https://hub.spigotmc.org/nexus/content/groups/public/net/md-5/bungeecord-parent/1.12-SNAPSHOT/maven-metadata.xml
[INFO] Downloaded from sonatype: https://oss.sonatype.org/content/groups/public/net/md-5/bungeecord-parent/1.12-SNAPSHOT/maven-metadata.xml (602 B at 2.4 kB/s)
[INFO] Downloading from md_5-releases: https://repo.md-5.net/content/repositories/releases/net/md-5/bungeecord-parent/1.12-SNAPSHOT/maven-metadata.xml
[INFO] Downloading from destroystokyo-repo: https://papermc.io/repo/repository/maven-public/net/md-5/bungeecord-parent/1.12-SNAPSHOT/maven-metadata.xml
[INFO] Downloaded from aikar: https://repo.aikar.co/content/groups/aikar/net/md-5/bungeecord-parent/1.12-SNAPSHOT/maven-metadata.xml (602 B at 2.1 kB/s)
[INFO] Downloaded from destroystokyo-repo: https://papermc.io/repo/repository/maven-public/net/md-5/bungeecord-parent/1.12-SNAPSHOT/maven-metadata.xml (602 B at 5.6 kB/s)
[INFO] Downloaded from spigotmc-public: https://hub.spigotmc.org/nexus/content/groups/public/net/md-5/bungeecord-parent/1.12-SNAPSHOT/maven-metadata.xml (602 B at 2.4 kB/s)
[INFO] 
[INFO] --- maven-clean-plugin:2.5:clean (default-clean) @ BetterGUI ---
[INFO] 
[INFO] --- maven-resources-plugin:2.6:resources (default-resources) @ BetterGUI ---
[INFO] Using 'UTF-8' encoding to copy filtered resources.
[INFO] Copying 3 resources
[INFO] Copying 1 resource
[INFO] 
[INFO] --- maven-compiler-plugin:3.8.1:compile (default-compile) @ BetterGUI ---
[INFO] Changes detected - recompiling the module!
[INFO] Compiling 80 source files to /home/gabsko/breaking-updates/target/classes
[INFO] /home/gabsko/breaking-updates/src/main/java/me/hsgamer/bettergui/menu/SimpleMenu.java: /home/gabsko/breaking-updates/src/main/java/me/hsgamer/bettergui/menu/SimpleMenu.java uses or overrides a deprecated API.
[INFO] /home/gabsko/breaking-updates/src/main/java/me/hsgamer/bettergui/menu/SimpleMenu.java: Recompile with -Xlint:deprecation for details.
[INFO] /home/gabsko/breaking-updates/src/main/java/me/hsgamer/bettergui/requirement/RequirementSetting.java: Some input files use unchecked or unsafe operations.
[INFO] /home/gabsko/breaking-updates/src/main/java/me/hsgamer/bettergui/requirement/RequirementSetting.java: Recompile with -Xlint:unchecked for details.
[INFO] Some messages have been simplified; recompile with -Xdiags:verbose to get full output
[INFO] -------------------------------------------------------------
[ERROR] COMPILATION ERROR : 
[INFO] -------------------------------------------------------------
[ERROR] /home/gabsko/breaking-updates/src/main/java/me/hsgamer/bettergui/utils/ButtonUtils.java:[29,18] incompatible types: invalid method reference
    incompatible types: java.lang.Object cannot be converted to java.util.Map<java.lang.String,java.lang.Object>
[ERROR] /home/gabsko/breaking-updates/src/main/java/me/hsgamer/bettergui/utils/ButtonUtils.java:[39,18] incompatible types: java.lang.Object cannot be converted to me.hsgamer.bettergui.requirement.RequirementSetting
[ERROR] /home/gabsko/breaking-updates/src/main/java/me/hsgamer/bettergui/utils/ButtonUtils.java:[37,35] incompatible types: java.lang.Object cannot be converted to java.util.Map<java.lang.String,java.lang.Object>
[ERROR] /home/gabsko/breaking-updates/src/main/java/me/hsgamer/bettergui/button/LegacyMenuButton.java:[51,41] incompatible types: java.lang.Object cannot be converted to java.util.Map<java.lang.String,java.lang.Object>
[ERROR] /home/gabsko/breaking-updates/src/main/java/me/hsgamer/bettergui/button/LegacyMenuButton.java:[72,109] incompatible types: java.lang.Object cannot be converted to java.util.Map<java.lang.String,java.lang.Object>
[ERROR] /home/gabsko/breaking-updates/src/main/java/me/hsgamer/bettergui/button/WrappedPredicateButton.java:[44,16] incompatible types: java.lang.Object cannot be converted to me.hsgamer.hscore.bukkit.gui.button.Button
[ERROR] /home/gabsko/breaking-updates/src/main/java/me/hsgamer/bettergui/button/WrappedPredicateButton.java:[43,104] incompatible types: java.lang.Object cannot be converted to java.util.Map<java.lang.String,java.lang.Object>
[ERROR] /home/gabsko/breaking-updates/src/main/java/me/hsgamer/bettergui/button/WrappedPredicateButton.java:[49,95] incompatible types: java.lang.Object cannot be converted to java.util.Map<java.lang.String,java.lang.Object>
[ERROR] /home/gabsko/breaking-updates/src/main/java/me/hsgamer/bettergui/button/WrappedPredicateButton.java:[50,18] incompatible types: invalid method reference
    incompatible types: java.lang.Object cannot be converted to me.hsgamer.hscore.bukkit.gui.button.Button
[ERROR] /home/gabsko/breaking-updates/src/main/java/me/hsgamer/bettergui/button/WrappedPredicateButton.java:[59,41] incompatible types: java.lang.Object cannot be converted to java.util.Map<java.lang.String,java.lang.Object>
[ERROR] /home/gabsko/breaking-updates/src/main/java/me/hsgamer/bettergui/button/WrappedPredicateButton.java:[80,109] incompatible types: java.lang.Object cannot be converted to java.util.Map<java.lang.String,java.lang.Object>
[ERROR] /home/gabsko/breaking-updates/src/main/java/me/hsgamer/bettergui/button/WrappedAnimatedButton.java:[53,62] incompatible types: java.lang.Object cannot be converted to java.util.Map<java.lang.String,java.lang.Object>
[ERROR] /home/gabsko/breaking-updates/src/main/java/me/hsgamer/bettergui/button/WrappedAnimatedButton.java:[54,14] incompatible types: java.lang.Object cannot be converted to java.util.List<me.hsgamer.bettergui.api.button.WrappedButton>
[ERROR] /home/gabsko/breaking-updates/src/main/java/me/hsgamer/bettergui/button/WrappedListButton.java:[34,85] incompatible types: java.lang.Object cannot be converted to java.util.Map<java.lang.String,java.lang.Object>
[ERROR] /home/gabsko/breaking-updates/src/main/java/me/hsgamer/bettergui/button/WrappedListButton.java:[36,29] no suitable constructor found for ListButton(java.lang.Object)
    constructor me.hsgamer.hscore.bukkit.gui.button.impl.ListButton.ListButton(java.util.List<me.hsgamer.hscore.bukkit.gui.button.Button>) is not applicable
      (argument mismatch; java.lang.Object cannot be converted to java.util.List<me.hsgamer.hscore.bukkit.gui.button.Button>)
    constructor me.hsgamer.hscore.bukkit.gui.button.impl.ListButton.ListButton(me.hsgamer.hscore.bukkit.gui.button.Button...) is not applicable
      (varargs mismatch; java.lang.Object cannot be converted to me.hsgamer.hscore.bukkit.gui.button.Button)
[ERROR] /home/gabsko/breaking-updates/src/main/java/me/hsgamer/bettergui/button/WrappedListButton.java:[39,16] incompatible types: java.lang.Object cannot be converted to me.hsgamer.hscore.bukkit.gui.button.Button
[ERROR] /home/gabsko/breaking-updates/src/main/java/me/hsgamer/bettergui/menu/SimpleMenu.java:[154,22] incompatible types: invalid method reference
    incompatible types: java.lang.Object cannot be converted to java.util.Map<java.lang.String,java.lang.Object>
[ERROR] /home/gabsko/breaking-updates/src/main/java/me/hsgamer/bettergui/menu/SimpleMenu.java:[159,22] incompatible types: invalid method reference
    incompatible types: java.lang.Object cannot be converted to java.util.Map<java.lang.String,java.lang.Object>
[INFO] 18 errors 
[INFO] -------------------------------------------------------------
[INFO] ------------------------------------------------------------------------
[INFO] BUILD FAILURE
[INFO] ------------------------------------------------------------------------
[INFO] Total time:  5.402 s
[INFO] Finished at: 2023-01-16T13:29:27Z
[INFO] ------------------------------------------------------------------------
[ERROR] Failed to execute goal org.apache.maven.plugins:maven-compiler-plugin:3.8.1:compile (default-compile) on project BetterGUI: Compilation failure: Compilation failure: 
[ERROR] /home/gabsko/breaking-updates/src/main/java/me/hsgamer/bettergui/utils/ButtonUtils.java:[29,18] incompatible types: invalid method reference
[ERROR]     incompatible types: java.lang.Object cannot be converted to java.util.Map<java.lang.String,java.lang.Object>
[ERROR] /home/gabsko/breaking-updates/src/main/java/me/hsgamer/bettergui/utils/ButtonUtils.java:[39,18] incompatible types: java.lang.Object cannot be converted to me.hsgamer.bettergui.requirement.RequirementSetting
[ERROR] /home/gabsko/breaking-updates/src/main/java/me/hsgamer/bettergui/utils/ButtonUtils.java:[37,35] incompatible types: java.lang.Object cannot be converted to java.util.Map<java.lang.String,java.lang.Object>
[ERROR] /home/gabsko/breaking-updates/src/main/java/me/hsgamer/bettergui/button/LegacyMenuButton.java:[51,41] incompatible types: java.lang.Object cannot be converted to java.util.Map<java.lang.String,java.lang.Object>
[ERROR] /home/gabsko/breaking-updates/src/main/java/me/hsgamer/bettergui/button/LegacyMenuButton.java:[72,109] incompatible types: java.lang.Object cannot be converted to java.util.Map<java.lang.String,java.lang.Object>
[ERROR] /home/gabsko/breaking-updates/src/main/java/me/hsgamer/bettergui/button/WrappedPredicateButton.java:[44,16] incompatible types: java.lang.Object cannot be converted to me.hsgamer.hscore.bukkit.gui.button.Button
[ERROR] /home/gabsko/breaking-updates/src/main/java/me/hsgamer/bettergui/button/WrappedPredicateButton.java:[43,104] incompatible types: java.lang.Object cannot be converted to java.util.Map<java.lang.String,java.lang.Object>
[ERROR] /home/gabsko/breaking-updates/src/main/java/me/hsgamer/bettergui/button/WrappedPredicateButton.java:[49,95] incompatible types: java.lang.Object cannot be converted to java.util.Map<java.lang.String,java.lang.Object>
[ERROR] /home/gabsko/breaking-updates/src/main/java/me/hsgamer/bettergui/button/WrappedPredicateButton.java:[50,18] incompatible types: invalid method reference
[ERROR]     incompatible types: java.lang.Object cannot be converted to me.hsgamer.hscore.bukkit.gui.button.Button
[ERROR] /home/gabsko/breaking-updates/src/main/java/me/hsgamer/bettergui/button/WrappedPredicateButton.java:[59,41] incompatible types: java.lang.Object cannot be converted to java.util.Map<java.lang.String,java.lang.Object>
[ERROR] /home/gabsko/breaking-updates/src/main/java/me/hsgamer/bettergui/button/WrappedPredicateButton.java:[80,109] incompatible types: java.lang.Object cannot be converted to java.util.Map<java.lang.String,java.lang.Object>
[ERROR] /home/gabsko/breaking-updates/src/main/java/me/hsgamer/bettergui/button/WrappedAnimatedButton.java:[53,62] incompatible types: java.lang.Object cannot be converted to java.util.Map<java.lang.String,java.lang.Object>
[ERROR] /home/gabsko/breaking-updates/src/main/java/me/hsgamer/bettergui/button/WrappedAnimatedButton.java:[54,14] incompatible types: java.lang.Object cannot be converted to java.util.List<me.hsgamer.bettergui.api.button.WrappedButton>
[ERROR] /home/gabsko/breaking-updates/src/main/java/me/hsgamer/bettergui/button/WrappedListButton.java:[34,85] incompatible types: java.lang.Object cannot be converted to java.util.Map<java.lang.String,java.lang.Object>
[ERROR] /home/gabsko/breaking-updates/src/main/java/me/hsgamer/bettergui/button/WrappedListButton.java:[36,29] no suitable constructor found for ListButton(java.lang.Object)
[ERROR]     constructor me.hsgamer.hscore.bukkit.gui.button.impl.ListButton.ListButton(java.util.List<me.hsgamer.hscore.bukkit.gui.button.Button>) is not applicable
[ERROR]       (argument mismatch; java.lang.Object cannot be converted to java.util.List<me.hsgamer.hscore.bukkit.gui.button.Button>)
[ERROR]     constructor me.hsgamer.hscore.bukkit.gui.button.impl.ListButton.ListButton(me.hsgamer.hscore.bukkit.gui.button.Button...) is not applicable
[ERROR]       (varargs mismatch; java.lang.Object cannot be converted to me.hsgamer.hscore.bukkit.gui.button.Button)
[ERROR] /home/gabsko/breaking-updates/src/main/java/me/hsgamer/bettergui/button/WrappedListButton.java:[39,16] incompatible types: java.lang.Object cannot be converted to me.hsgamer.hscore.bukkit.gui.button.Button
[ERROR] /home/gabsko/breaking-updates/src/main/java/me/hsgamer/bettergui/menu/SimpleMenu.java:[154,22] incompatible types: invalid method reference
[ERROR]     incompatible types: java.lang.Object cannot be converted to java.util.Map<java.lang.String,java.lang.Object>
[ERROR] /home/gabsko/breaking-updates/src/main/java/me/hsgamer/bettergui/menu/SimpleMenu.java:[159,22] incompatible types: invalid method reference
[ERROR]     incompatible types: java.lang.Object cannot be converted to java.util.Map<java.lang.String,java.lang.Object>
[ERROR] -> [Help 1]
[ERROR] 
[ERROR] To see the full stack trace of the errors, re-run Maven with the -e switch.
[ERROR] Re-run Maven using the -X switch to enable full debug logging.
[ERROR] 
[ERROR] For more information about the errors and possible solutions, please read the following articles:
[ERROR] [Help 1] http://cwiki.apache.org/confluence/display/MAVEN/MojoFailureException
