[INFO] Scanning for projects...
[INFO] Downloading from central: https://repo.maven.apache.org/maven2/org/opendaylight/odlparent/odlparent/11.0.1/odlparent-11.0.1.pom
[INFO] Downloaded from central: https://repo.maven.apache.org/maven2/org/opendaylight/odlparent/odlparent/11.0.1/odlparent-11.0.1.pom (56 kB at 139 kB/s)
[INFO] Downloading from central: https://repo.maven.apache.org/maven2/org/opendaylight/odlparent/odlparent-lite/11.0.1/odlparent-lite-11.0.1.pom
[INFO] Downloaded from central: https://repo.maven.apache.org/maven2/org/opendaylight/odlparent/odlparent-lite/11.0.1/odlparent-lite-11.0.1.pom (24 kB at 238 kB/s)
[INFO] Downloading from central: https://repo.maven.apache.org/maven2/org/opendaylight/odlparent/odlparent-artifacts/11.0.1/odlparent-artifacts-11.0.1.pom
[INFO] Downloaded from central: https://repo.maven.apache.org/maven2/org/opendaylight/odlparent/odlparent-artifacts/11.0.1/odlparent-artifacts-11.0.1.pom (9.3 kB at 85 kB/s)
[INFO] Downloading from central: https://repo.maven.apache.org/maven2/org/apache/karaf/karaf-bom/4.4.1/karaf-bom-4.4.1.pom
[INFO] Downloaded from central: https://repo.maven.apache.org/maven2/org/apache/karaf/karaf-bom/4.4.1/karaf-bom-4.4.1.pom (69 kB at 613 kB/s)
[INFO] Downloading from central: https://repo.maven.apache.org/maven2/org/apache/karaf/karaf/4.4.1/karaf-4.4.1.pom
[INFO] Downloaded from central: https://repo.maven.apache.org/maven2/org/apache/karaf/karaf/4.4.1/karaf-4.4.1.pom (49 kB at 450 kB/s)
[INFO] Downloading from central: https://repo.maven.apache.org/maven2/tech/pantheon/triemap/bom/1.2.0/bom-1.2.0.pom
[INFO] Downloaded from central: https://repo.maven.apache.org/maven2/tech/pantheon/triemap/bom/1.2.0/bom-1.2.0.pom (4.1 kB at 372 kB/s)
[INFO] Downloading from central: https://repo.maven.apache.org/maven2/org/opendaylight/odlparent/odlparent-lite/7.0.3/odlparent-lite-7.0.3.pom
[INFO] Downloaded from central: https://repo.maven.apache.org/maven2/org/opendaylight/odlparent/odlparent-lite/7.0.3/odlparent-lite-7.0.3.pom (22 kB at 1.0 MB/s)
[INFO] Downloading from central: https://repo.maven.apache.org/maven2/org/opendaylight/aaa/aaa-artifacts/0.16.3/aaa-artifacts-0.16.3.pom
[INFO] Downloaded from central: https://repo.maven.apache.org/maven2/org/opendaylight/aaa/aaa-artifacts/0.16.3/aaa-artifacts-0.16.3.pom (9.8 kB at 97 kB/s)
[INFO] Downloading from central: https://repo.maven.apache.org/maven2/org/opendaylight/controller/controller-artifacts/6.0.2/controller-artifacts-6.0.2.pom
[INFO] Downloaded from central: https://repo.maven.apache.org/maven2/org/opendaylight/controller/controller-artifacts/6.0.2/controller-artifacts-6.0.2.pom (18 kB at 175 kB/s)
[INFO] Downloading from central: https://repo.maven.apache.org/maven2/org/opendaylight/infrautils/infrautils-artifacts/4.0.1/infrautils-artifacts-4.0.1.pom
[INFO] Downloaded from central: https://repo.maven.apache.org/maven2/org/opendaylight/infrautils/infrautils-artifacts/4.0.1/infrautils-artifacts-4.0.1.pom (7.2 kB at 70 kB/s)
[INFO] Downloading from central: https://repo.maven.apache.org/maven2/org/opendaylight/mdsal/mdsal-artifacts/10.0.2/mdsal-artifacts-10.0.2.pom
[INFO] Downloaded from central: https://repo.maven.apache.org/maven2/org/opendaylight/mdsal/mdsal-artifacts/10.0.2/mdsal-artifacts-10.0.2.pom (42 kB at 399 kB/s)
[INFO] Downloading from central: https://repo.maven.apache.org/maven2/org/opendaylight/netconf/netconf-artifacts/4.0.2/netconf-artifacts-4.0.2.pom
[INFO] Downloaded from central: https://repo.maven.apache.org/maven2/org/opendaylight/netconf/netconf-artifacts/4.0.2/netconf-artifacts-4.0.2.pom (26 kB at 235 kB/s)
[INFO] Downloading from central: https://repo.maven.apache.org/maven2/org/opendaylight/yangtools/yangtools-artifacts/9.0.1/yangtools-artifacts-9.0.1.pom
[INFO] Downloaded from central: https://repo.maven.apache.org/maven2/org/opendaylight/yangtools/yangtools-artifacts/9.0.1/yangtools-artifacts-9.0.1.pom (18 kB at 94 kB/s)
[INFO] Downloading from central: https://repo.maven.apache.org/maven2/org/opendaylight/bgpcep/bgpcep-artifacts/0.18.2/bgpcep-artifacts-0.18.2.pom
[INFO] Downloaded from central: https://repo.maven.apache.org/maven2/org/opendaylight/bgpcep/bgpcep-artifacts/0.18.2/bgpcep-artifacts-0.18.2.pom (6.3 kB at 58 kB/s)
[INFO] Downloading from central: https://repo.maven.apache.org/maven2/org/opendaylight/bgpcep/bmp-artifacts/0.18.2/bmp-artifacts-0.18.2.pom
[INFO] Downloaded from central: https://repo.maven.apache.org/maven2/org/opendaylight/bgpcep/bmp-artifacts/0.18.2/bmp-artifacts-0.18.2.pom (3.9 kB at 39 kB/s)
[INFO] Downloading from central: https://repo.maven.apache.org/maven2/org/opendaylight/bgpcep/programming-artifacts/0.18.2/programming-artifacts-0.18.2.pom
[INFO] Downloaded from central: https://repo.maven.apache.org/maven2/org/opendaylight/bgpcep/programming-artifacts/0.18.2/programming-artifacts-0.18.2.pom (3.1 kB at 24 kB/s)
[INFO] Downloading from central: https://repo.maven.apache.org/maven2/org/opendaylight/bgpcep/pcep-artifacts/0.18.2/pcep-artifacts-0.18.2.pom
[INFO] Downloaded from central: https://repo.maven.apache.org/maven2/org/opendaylight/bgpcep/pcep-artifacts/0.18.2/pcep-artifacts-0.18.2.pom (11 kB at 110 kB/s)
[INFO] Downloading from central: https://repo.maven.apache.org/maven2/org/opendaylight/bgpcep/graph-artifacts/0.18.2/graph-artifacts-0.18.2.pom
[INFO] Downloaded from central: https://repo.maven.apache.org/maven2/org/opendaylight/bgpcep/graph-artifacts/0.18.2/graph-artifacts-0.18.2.pom (2.4 kB at 6.8 kB/s)
[INFO] Downloading from central: https://repo.maven.apache.org/maven2/org/opendaylight/bgpcep/algo-artifacts/0.18.2/algo-artifacts-0.18.2.pom
[INFO] Downloaded from central: https://repo.maven.apache.org/maven2/org/opendaylight/bgpcep/algo-artifacts/0.18.2/algo-artifacts-0.18.2.pom (2.4 kB at 21 kB/s)
[INFO] Downloading from central: https://repo.maven.apache.org/maven2/org/opendaylight/bgpcep/topology-artifacts/0.18.2/topology-artifacts-0.18.2.pom
[INFO] Downloaded from central: https://repo.maven.apache.org/maven2/org/opendaylight/bgpcep/topology-artifacts/0.18.2/topology-artifacts-0.18.2.pom (3.0 kB at 23 kB/s)
[INFO] Downloading from central: https://repo.maven.apache.org/maven2/org/opendaylight/bgpcep/bgp-artifacts/0.18.2/bgp-artifacts-0.18.2.pom
[INFO] Downloaded from central: https://repo.maven.apache.org/maven2/org/opendaylight/bgpcep/bgp-artifacts/0.18.2/bgp-artifacts-0.18.2.pom (19 kB at 189 kB/s)
[INFO] Downloading from central: https://repo.maven.apache.org/maven2/org/opendaylight/bgpcep/rsvp-artifacts/0.18.2/rsvp-artifacts-0.18.2.pom
[INFO] Downloaded from central: https://repo.maven.apache.org/maven2/org/opendaylight/bgpcep/rsvp-artifacts/0.18.2/rsvp-artifacts-0.18.2.pom (3.0 kB at 26 kB/s)
[INFO] Downloading from central: https://repo.maven.apache.org/maven2/org/opendaylight/bgpcep/config-loader-artifacts/0.18.2/config-loader-artifacts-0.18.2.pom
[INFO] Downloaded from central: https://repo.maven.apache.org/maven2/org/opendaylight/bgpcep/config-loader-artifacts/0.18.2/config-loader-artifacts-0.18.2.pom (5.2 kB at 27 kB/s)
[INFO] ------------------------------------------------------------------------
[INFO] Detecting the operating system and CPU architecture
[INFO] ------------------------------------------------------------------------
[INFO] os.detected.name: linux
[INFO] os.detected.arch: x86_64
[INFO] os.detected.bitness: 64
[INFO] os.detected.version: 5.4
[INFO] os.detected.version.major: 5
[INFO] os.detected.version.minor: 4
[INFO] os.detected.release: ubuntu
[INFO] os.detected.release.version: 18.04
[INFO] os.detected.release.like.ubuntu: true
[INFO] os.detected.release.like.debian: true
[INFO] os.detected.classifier: linux-x86_64
[INFO] ------------------------------------------------------------------------
[INFO] Reactor Build Order:
[INFO] 
[INFO] io.lighty.resources:log4j2-config                                  [jar]
[INFO] io.lighty.core:lighty-minimal-parent                               [pom]
[INFO] io.lighty.core:lighty-parent                                       [pom]
[INFO] io.lighty.core:lighty-common                                       [jar]
[INFO] io.lighty.core:lighty-clustering                                   [jar]
[INFO] io.lighty.core:lighty-binding-parent                               [pom]
[INFO] io.lighty.models.test:lighty-test-models                           [jar]
[INFO] io.lighty.models.test:lighty-toaster                               [jar]
[INFO] io.lighty.core:lighty-codecs-util                                  [jar]
[INFO] io.lighty.resources:singlenode-configuration                       [jar]
[INFO] io.lighty.core:lighty-controller                                   [jar]
[INFO] lighty-aaa-encryption-service                                      [jar]
[INFO] io.lighty.modules:lighty-netconf-sb                                [jar]
[INFO] io.lighty.modules:lighty-jetty-server                              [jar]
[INFO] io.lighty.modules:lighty-restconf-nb-community                     [jar]
[INFO] io.lighty.modules:lighty-aaa                                       [jar]
[INFO] io.lighty.modules:lighty-swagger                                   [jar]
[INFO] lighty-app-modules-config                                          [jar]
[INFO] lighty-rnc-module                                                  [jar]
[INFO] io.lighty.resources:start-script                                   [jar]
[INFO] io.lighty.resources:controller-application-assembly                [jar]
[INFO] io.lighty.core:lighty-app-parent                                   [pom]
[INFO] lighty-rnc-app                                                     [jar]
[INFO] lighty-rnc-aggregator                                              [pom]
[INFO] lighty-gnmi-commons                                                [jar]
[INFO] lighty-gnmi-proto                                                  [jar]
[INFO] lighty-gnmi-connector                                              [jar]
[INFO] lighty-gnmi-topology-model                                         [jar]
[INFO] lighty-gnmi-yang-storage-model                                     [jar]
[INFO] lighty-gnmi-certificates-storage-model                             [jar]
[INFO] lighty-gnmi-force-capabilities                                     [jar]
[INFO] io.lighty.models:openconfig-models                                 [jar]
[INFO] lighty-gnmi-sb                                                     [jar]
[INFO] lighty-rcgnmi-app-module                                           [jar]
[INFO] lighty-rcgnmi-app                                                  [jar]
[INFO] lighty-rcgnmi-app-aggregator                                       [pom]
[INFO] lighty-applications-aggregator                                     [pom]
[INFO] io.lighty.core:dependency-versions                                 [pom]
[INFO] io.lighty.core:lighty-bom                                          [pom]
[INFO] io.lighty.core:lighty-controller-spring-di                         [jar]
[INFO] io.lighty.core:lighty-controller-guice-di                          [jar]
[INFO] lighty-core-aggregator                                             [pom]
[INFO] lighty-community-aaa-restconf-app                                  [jar]
[INFO] lighty-community-restconf-netconf-app                              [jar]
[INFO] lighty-controller-springboot                                       [jar]
[INFO] io.lighty.models.test:example-data-center                          [jar]
[INFO] lighty-community-restconf-actions-app                              [jar]
[INFO] lighty-bgp                                                         [jar]
[INFO] lighty-bgp-community-restconf-app                                  [jar]
[INFO] lighty-guice-app                                                   [jar]
[INFO] example-applications-aggregator                                    [pom]
[INFO] lighty-models-test-aggregator                                      [pom]
[INFO] lighty-gnoi-sonic-yang-model                                       [jar]
[INFO] io.lighty.models.gnmi:lighty-gnmi-models                           [pom]
[INFO] lighty-models-aggregator                                           [pom]
[INFO] lighty-aaa-aggregator                                              [pom]
[INFO] integration-tests                                                  [jar]
[INFO] integration-tests-aaa                                              [jar]
[INFO] lighty-gnmi-device-simulator                                       [jar]
[INFO] lighty-gnmi-test                                                   [jar]
[INFO] lighty-gnmi                                                        [pom]
[INFO] io.lighty.modules:lighty-modules-aggregator                        [pom]
[INFO] lighty-resources-aggregator                                        [pom]
[INFO] lighty-tests-report                                                [jar]
[INFO] lighty                                                             [pom]
[INFO] 
[INFO] -----------------< io.lighty.resources:log4j2-config >------------------
[INFO] Building io.lighty.resources:log4j2-config 18.0.0-SNAPSHOT        [1/65]
[INFO] --------------------------------[ jar ]---------------------------------
[INFO] 
[INFO] --- maven-clean-plugin:2.5:clean (default-clean) @ log4j2-config ---
[INFO] 
[INFO] --- maven-resources-plugin:2.6:resources (default-resources) @ log4j2-config ---
[WARNING] Using platform encoding (UTF-8 actually) to copy filtered resources, i.e. build is platform dependent!
[INFO] Copying 1 resource
[INFO] 
[INFO] --- maven-compiler-plugin:3.1:compile (default-compile) @ log4j2-config ---
[INFO] No sources to compile
[INFO] 
[INFO] ----------------< io.lighty.core:lighty-minimal-parent >----------------
[INFO] Building io.lighty.core:lighty-minimal-parent 18.0.0-SNAPSHOT     [2/65]
[INFO] --------------------------------[ pom ]---------------------------------
[INFO] 
[INFO] --- maven-clean-plugin:2.5:clean (default-clean) @ lighty-minimal-parent ---
[INFO] 
[INFO] --- maven-enforcer-plugin:3.1.0:enforce (enforce-maven) @ lighty-minimal-parent ---
[INFO] 
[INFO] --------------------< io.lighty.core:lighty-parent >--------------------
[INFO] Building io.lighty.core:lighty-parent 18.0.0-SNAPSHOT             [3/65]
[INFO] --------------------------------[ pom ]---------------------------------
[INFO] Downloading from central: https://repo.maven.apache.org/maven2/org/eclipse/jdt/org.eclipse.jdt.annotation/2.2.600/org.eclipse.jdt.annotation-2.2.600.jar
[INFO] Downloaded from central: https://repo.maven.apache.org/maven2/org/eclipse/jdt/org.eclipse.jdt.annotation/2.2.600/org.eclipse.jdt.annotation-2.2.600.jar (26 kB at 2.3 MB/s)
[INFO] 
[INFO] --- maven-clean-plugin:3.2.0:clean (default-clean) @ lighty-parent ---
[INFO] 
[INFO] --- maven-enforcer-plugin:3.1.0:enforce (enforce-maven) @ lighty-parent ---
[INFO] 
[INFO] --- jacoco-maven-plugin:0.8.8:prepare-agent (jacoco-prepare-agent) @ lighty-parent ---
[INFO] argLine set to -javaagent:/home/gabsko/.m2/repository/org/jacoco/org.jacoco.agent/0.8.8/org.jacoco.agent-0.8.8-runtime.jar=destfile=/home/gabsko/breaking-updates/lighty-core/lighty-parent/target/jacoco.exec
[INFO] 
[INFO] --------------------< io.lighty.core:lighty-common >--------------------
[INFO] Building io.lighty.core:lighty-common 18.0.0-SNAPSHOT             [4/65]
[INFO] --------------------------------[ jar ]---------------------------------
[INFO] Downloading from central: https://repo.maven.apache.org/maven2/org/opendaylight/mdsal/yang-binding/10.0.2/yang-binding-10.0.2.pom
[INFO] Downloaded from central: https://repo.maven.apache.org/maven2/org/opendaylight/mdsal/yang-binding/10.0.2/yang-binding-10.0.2.pom (2.3 kB at 23 kB/s)
[INFO] Downloading from central: https://repo.maven.apache.org/maven2/org/opendaylight/mdsal/dom-parent/10.0.2/dom-parent-10.0.2.pom
[INFO] Downloaded from central: https://repo.maven.apache.org/maven2/org/opendaylight/mdsal/dom-parent/10.0.2/dom-parent-10.0.2.pom (1.9 kB at 19 kB/s)
[INFO] Downloading from central: https://repo.maven.apache.org/maven2/org/opendaylight/odlparent/bundle-parent/11.0.1/bundle-parent-11.0.1.pom
[INFO] Downloaded from central: https://repo.maven.apache.org/maven2/org/opendaylight/odlparent/bundle-parent/11.0.1/bundle-parent-11.0.1.pom (1.8 kB at 18 kB/s)
[INFO] Downloading from central: https://repo.maven.apache.org/maven2/org/opendaylight/yangtools/concepts/9.0.1/concepts-9.0.1.pom
[INFO] Downloaded from central: https://repo.maven.apache.org/maven2/org/opendaylight/yangtools/concepts/9.0.1/concepts-9.0.1.pom (1.5 kB at 15 kB/s)
[INFO] Downloading from central: https://repo.maven.apache.org/maven2/org/opendaylight/yangtools/bnd-parent/9.0.1/bnd-parent-9.0.1.pom
[INFO] Downloaded from central: https://repo.maven.apache.org/maven2/org/opendaylight/yangtools/bnd-parent/9.0.1/bnd-parent-9.0.1.pom (1.8 kB at 17 kB/s)
[INFO] Downloading from central: https://repo.maven.apache.org/maven2/org/opendaylight/odlparent/bnd-parent/11.0.1/bnd-parent-11.0.1.pom
[INFO] Downloaded from central: https://repo.maven.apache.org/maven2/org/opendaylight/odlparent/bnd-parent/11.0.1/bnd-parent-11.0.1.pom (3.8 kB at 38 kB/s)
[INFO] Downloading from central: https://repo.maven.apache.org/maven2/org/opendaylight/yangtools/util/9.0.1/util-9.0.1.pom
[INFO] Downloaded from central: https://repo.maven.apache.org/maven2/org/opendaylight/yangtools/util/9.0.1/util-9.0.1.pom (2.1 kB at 22 kB/s)
[INFO] Downloading from central: https://repo.maven.apache.org/maven2/tech/pantheon/triemap/triemap/1.2.0/triemap-1.2.0.pom
[INFO] Downloaded from central: https://repo.maven.apache.org/maven2/tech/pantheon/triemap/triemap/1.2.0/triemap-1.2.0.pom (4.7 kB at 359 kB/s)
[INFO] Downloading from central: https://repo.maven.apache.org/maven2/org/opendaylight/odlparent/bundle-parent/7.0.3/bundle-parent-7.0.3.pom
[INFO] Downloaded from central: https://repo.maven.apache.org/maven2/org/opendaylight/odlparent/bundle-parent/7.0.3/bundle-parent-7.0.3.pom (1.4 kB at 52 kB/s)
[INFO] Downloading from central: https://repo.maven.apache.org/maven2/org/opendaylight/odlparent/odlparent/7.0.3/odlparent-7.0.3.pom
[INFO] Downloaded from central: https://repo.maven.apache.org/maven2/org/opendaylight/odlparent/odlparent/7.0.3/odlparent-7.0.3.pom (68 kB at 2.8 MB/s)
[INFO] Downloading from central: https://repo.maven.apache.org/maven2/org/opendaylight/odlparent/odlparent-artifacts/7.0.3/odlparent-artifacts-7.0.3.pom
[INFO] Downloaded from central: https://repo.maven.apache.org/maven2/org/opendaylight/odlparent/odlparent-artifacts/7.0.3/odlparent-artifacts-7.0.3.pom (12 kB at 551 kB/s)
[INFO] Downloading from central: https://repo.maven.apache.org/maven2/org/apache/karaf/features/framework/4.2.8/framework-4.2.8.pom
[INFO] Downloaded from central: https://repo.maven.apache.org/maven2/org/apache/karaf/features/framework/4.2.8/framework-4.2.8.pom (12 kB at 1.7 MB/s)
[INFO] Downloading from central: https://repo.maven.apache.org/maven2/org/apache/karaf/assemblies/features/features/4.2.8/features-4.2.8.pom
[INFO] Downloaded from central: https://repo.maven.apache.org/maven2/org/apache/karaf/assemblies/features/features/4.2.8/features-4.2.8.pom (1.9 kB at 125 kB/s)
[INFO] Downloading from central: https://repo.maven.apache.org/maven2/org/apache/karaf/assemblies/assemblies/4.2.8/assemblies-4.2.8.pom
[INFO] Downloaded from central: https://repo.maven.apache.org/maven2/org/apache/karaf/assemblies/assemblies/4.2.8/assemblies-4.2.8.pom (1.7 kB at 35 kB/s)
[INFO] Downloading from central: https://repo.maven.apache.org/maven2/tech/pantheon/triemap/bom/1.1.0/bom-1.1.0.pom
[INFO] Downloaded from central: https://repo.maven.apache.org/maven2/tech/pantheon/triemap/bom/1.1.0/bom-1.1.0.pom (4.1 kB at 141 kB/s)
[INFO] Downloading from central: https://repo.maven.apache.org/maven2/org/opendaylight/odlparent/odlparent-lite/5.0.2/odlparent-lite-5.0.2.pom
[INFO] Downloaded from central: https://repo.maven.apache.org/maven2/org/opendaylight/odlparent/odlparent-lite/5.0.2/odlparent-lite-5.0.2.pom (21 kB at 1.8 MB/s)
[INFO] Downloading from central: https://repo.maven.apache.org/maven2/org/opendaylight/yangtools/yang-common/9.0.1/yang-common-9.0.1.pom
[INFO] Downloaded from central: https://repo.maven.apache.org/maven2/org/opendaylight/yangtools/yang-common/9.0.1/yang-common-9.0.1.pom (1.3 kB at 6.6 kB/s)
[INFO] Downloading from central: https://repo.maven.apache.org/maven2/org/opendaylight/mdsal/model/ietf-topology/2013.10.21.22.2/ietf-topology-2013.10.21.22.2.pom
[INFO] Downloaded from central: https://repo.maven.apache.org/maven2/org/opendaylight/mdsal/model/ietf-topology/2013.10.21.22.2/ietf-topology-2013.10.21.22.2.pom (1.3 kB at 5.1 kB/s)
[INFO] Downloading from central: https://repo.maven.apache.org/maven2/org/opendaylight/mdsal/binding-parent/10.0.2/binding-parent-10.0.2.pom
[INFO] Downloaded from central: https://repo.maven.apache.org/maven2/org/opendaylight/mdsal/binding-parent/10.0.2/binding-parent-10.0.2.pom (3.8 kB at 35 kB/s)
[INFO] Downloading from central: https://repo.maven.apache.org/maven2/org/opendaylight/mdsal/binding/model/ietf/rfc6991/10.0.2/rfc6991-10.0.2.pom
[INFO] Downloaded from central: https://repo.maven.apache.org/maven2/org/opendaylight/mdsal/binding/model/ietf/rfc6991/10.0.2/rfc6991-10.0.2.pom (1.5 kB at 15 kB/s)
[INFO] Downloading from central: https://repo.maven.apache.org/maven2/org/opendaylight/mdsal/binding/model/ietf/rfc6991-ietf-inet-types/10.0.2/rfc6991-ietf-inet-types-10.0.2.pom
[INFO] Downloaded from central: https://repo.maven.apache.org/maven2/org/opendaylight/mdsal/binding/model/ietf/rfc6991-ietf-inet-types/10.0.2/rfc6991-ietf-inet-types-10.0.2.pom (1.4 kB at 13 kB/s)
[INFO] Downloading from central: https://repo.maven.apache.org/maven2/org/opendaylight/mdsal/model/ietf-type-util/10.0.2/ietf-type-util-10.0.2.pom
[INFO] Downloaded from central: https://repo.maven.apache.org/maven2/org/opendaylight/mdsal/model/ietf-type-util/10.0.2/ietf-type-util-10.0.2.pom (1.8 kB at 4.0 kB/s)
[INFO] Downloading from central: https://repo.maven.apache.org/maven2/org/opendaylight/mdsal/mdsal-binding-spec-util/10.0.2/mdsal-binding-spec-util-10.0.2.pom
[INFO] Downloaded from central: https://repo.maven.apache.org/maven2/org/opendaylight/mdsal/mdsal-binding-spec-util/10.0.2/mdsal-binding-spec-util-10.0.2.pom (1.6 kB at 8.6 kB/s)
[INFO] Downloading from central: https://repo.maven.apache.org/maven2/org/opendaylight/mdsal/binding/model/ietf/rfc6991-ietf-yang-types/10.0.2/rfc6991-ietf-yang-types-10.0.2.pom
[INFO] Downloaded from central: https://repo.maven.apache.org/maven2/org/opendaylight/mdsal/binding/model/ietf/rfc6991-ietf-yang-types/10.0.2/rfc6991-ietf-yang-types-10.0.2.pom (1.3 kB at 13 kB/s)
[INFO] Downloading from central: https://repo.maven.apache.org/maven2/org/opendaylight/mdsal/binding/model/iana/iana-if-type/10.0.2/iana-if-type-10.0.2.pom
[INFO] Downloaded from central: https://repo.maven.apache.org/maven2/org/opendaylight/mdsal/binding/model/iana/iana-if-type/10.0.2/iana-if-type-10.0.2.pom (1.4 kB at 13 kB/s)
[INFO] Downloading from central: https://repo.maven.apache.org/maven2/org/opendaylight/mdsal/binding/model/ietf/rfc8343/10.0.2/rfc8343-10.0.2.pom
[INFO] Downloaded from central: https://repo.maven.apache.org/maven2/org/opendaylight/mdsal/binding/model/ietf/rfc8343/10.0.2/rfc8343-10.0.2.pom (1.4 kB at 7.2 kB/s)
[INFO] Downloading from central: https://repo.maven.apache.org/maven2/org/opendaylight/mdsal/yang-binding/10.0.2/yang-binding-10.0.2.jar
[INFO] Downloading from central: https://repo.maven.apache.org/maven2/org/opendaylight/yangtools/concepts/9.0.1/concepts-9.0.1.jar
[INFO] Downloading from central: https://repo.maven.apache.org/maven2/org/opendaylight/yangtools/util/9.0.1/util-9.0.1.jar
[INFO] Downloading from central: https://repo.maven.apache.org/maven2/tech/pantheon/triemap/triemap/1.2.0/triemap-1.2.0.jar
[INFO] Downloading from central: https://repo.maven.apache.org/maven2/org/opendaylight/yangtools/yang-common/9.0.1/yang-common-9.0.1.jar
[INFO] Downloaded from central: https://repo.maven.apache.org/maven2/tech/pantheon/triemap/triemap/1.2.0/triemap-1.2.0.jar (71 kB at 604 kB/s)
[INFO] Downloaded from central: https://repo.maven.apache.org/maven2/org/opendaylight/mdsal/yang-binding/10.0.2/yang-binding-10.0.2.jar (72 kB at 329 kB/s)
[INFO] Downloaded from central: https://repo.maven.apache.org/maven2/org/opendaylight/yangtools/yang-common/9.0.1/yang-common-9.0.1.jar (108 kB at 386 kB/s)
[INFO] Downloaded from central: https://repo.maven.apache.org/maven2/org/opendaylight/yangtools/concepts/9.0.1/concepts-9.0.1.jar (43 kB at 135 kB/s)
[INFO] Downloaded from central: https://repo.maven.apache.org/maven2/org/opendaylight/yangtools/util/9.0.1/util-9.0.1.jar (177 kB at 555 kB/s)
[INFO] 
[INFO] --- maven-clean-plugin:3.2.0:clean (default-clean) @ lighty-common ---
[INFO] 
[INFO] --- maven-enforcer-plugin:3.1.0:enforce (enforce-maven) @ lighty-common ---
[INFO] 
[INFO] --- jacoco-maven-plugin:0.8.8:prepare-agent (jacoco-prepare-agent) @ lighty-common ---
[INFO] argLine set to -javaagent:/home/gabsko/.m2/repository/org/jacoco/org.jacoco.agent/0.8.8/org.jacoco.agent-0.8.8-runtime.jar=destfile=/home/gabsko/breaking-updates/lighty-core/lighty-common/target/jacoco.exec
[INFO] 
[INFO] --- maven-resources-plugin:3.3.0:resources (default-resources) @ lighty-common ---
[INFO] skip non existing resourceDirectory /home/gabsko/breaking-updates/lighty-core/lighty-common/src/main/resources
[INFO] 
[INFO] --- maven-compiler-plugin:3.10.1:compile (default-compile) @ lighty-common ---
[INFO] Changes detected - recompiling the module!
[INFO] Compiling 5 source files to /home/gabsko/breaking-updates/lighty-core/lighty-common/target/classes
[INFO] ------------------------------------------------------------------------
[INFO] Reactor Summary for lighty 18.0.0-SNAPSHOT:
[INFO] 
[INFO] io.lighty.resources:log4j2-config .................. SUCCESS [  0.223 s]
[INFO] io.lighty.core:lighty-minimal-parent ............... SUCCESS [  0.129 s]
[INFO] io.lighty.core:lighty-parent ....................... SUCCESS [  0.161 s]
[INFO] io.lighty.core:lighty-common ....................... FAILURE [  3.434 s]
[INFO] io.lighty.core:lighty-clustering ................... SKIPPED
[INFO] io.lighty.core:lighty-binding-parent ............... SKIPPED
[INFO] io.lighty.models.test:lighty-test-models ........... SKIPPED
[INFO] io.lighty.models.test:lighty-toaster ............... SKIPPED
[INFO] io.lighty.core:lighty-codecs-util .................. SKIPPED
[INFO] io.lighty.resources:singlenode-configuration ....... SKIPPED
[INFO] io.lighty.core:lighty-controller ................... SKIPPED
[INFO] lighty-aaa-encryption-service ...................... SKIPPED
[INFO] io.lighty.modules:lighty-netconf-sb ................ SKIPPED
[INFO] io.lighty.modules:lighty-jetty-server .............. SKIPPED
[INFO] io.lighty.modules:lighty-restconf-nb-community ..... SKIPPED
[INFO] io.lighty.modules:lighty-aaa ....................... SKIPPED
[INFO] io.lighty.modules:lighty-swagger ................... SKIPPED
[INFO] lighty-app-modules-config .......................... SKIPPED
[INFO] lighty-rnc-module .................................. SKIPPED
[INFO] io.lighty.resources:start-script ................... SKIPPED
[INFO] io.lighty.resources:controller-application-assembly  SKIPPED
[INFO] io.lighty.core:lighty-app-parent ................... SKIPPED
[INFO] lighty-rnc-app ..................................... SKIPPED
[INFO] lighty-rnc-aggregator .............................. SKIPPED
[INFO] lighty-gnmi-commons ................................ SKIPPED
[INFO] lighty-gnmi-proto .................................. SKIPPED
[INFO] lighty-gnmi-connector .............................. SKIPPED
[INFO] lighty-gnmi-topology-model ......................... SKIPPED
[INFO] lighty-gnmi-yang-storage-model ..................... SKIPPED
[INFO] lighty-gnmi-certificates-storage-model ............. SKIPPED
[INFO] lighty-gnmi-force-capabilities ..................... SKIPPED
[INFO] io.lighty.models:openconfig-models ................. SKIPPED
[INFO] lighty-gnmi-sb ..................................... SKIPPED
[INFO] lighty-rcgnmi-app-module ........................... SKIPPED
[INFO] lighty-rcgnmi-app .................................. SKIPPED
[INFO] lighty-rcgnmi-app-aggregator ....................... SKIPPED
[INFO] lighty-applications-aggregator ..................... SKIPPED
[INFO] io.lighty.core:dependency-versions ................. SKIPPED
[INFO] io.lighty.core:lighty-bom .......................... SKIPPED
[INFO] io.lighty.core:lighty-controller-spring-di ......... SKIPPED
[INFO] io.lighty.core:lighty-controller-guice-di .......... SKIPPED
[INFO] lighty-core-aggregator ............................. SKIPPED
[INFO] lighty-community-aaa-restconf-app .................. SKIPPED
[INFO] lighty-community-restconf-netconf-app .............. SKIPPED
[INFO] lighty-controller-springboot ....................... SKIPPED
[INFO] io.lighty.models.test:example-data-center .......... SKIPPED
[INFO] lighty-community-restconf-actions-app .............. SKIPPED
[INFO] lighty-bgp ......................................... SKIPPED
[INFO] lighty-bgp-community-restconf-app .................. SKIPPED
[INFO] lighty-guice-app ................................... SKIPPED
[INFO] example-applications-aggregator .................... SKIPPED
[INFO] lighty-models-test-aggregator ...................... SKIPPED
[INFO] lighty-gnoi-sonic-yang-model ....................... SKIPPED
[INFO] io.lighty.models.gnmi:lighty-gnmi-models ........... SKIPPED
[INFO] lighty-models-aggregator ........................... SKIPPED
[INFO] lighty-aaa-aggregator .............................. SKIPPED
[INFO] integration-tests .................................. SKIPPED
[INFO] integration-tests-aaa .............................. SKIPPED
[INFO] lighty-gnmi-device-simulator ....................... SKIPPED
[INFO] lighty-gnmi-test ................................... SKIPPED
[INFO] lighty-gnmi ........................................ SKIPPED
[INFO] io.lighty.modules:lighty-modules-aggregator ........ SKIPPED
[INFO] lighty-resources-aggregator ........................ SKIPPED
[INFO] lighty-tests-report ................................ SKIPPED
[INFO] lighty ............................................. SKIPPED
[INFO] ------------------------------------------------------------------------
[INFO] BUILD FAILURE
[INFO] ------------------------------------------------------------------------
[INFO] Total time:  7.841 s
[INFO] Finished at: 2023-01-16T17:59:59Z
[INFO] ------------------------------------------------------------------------
[ERROR] Failed to execute goal org.apache.maven.plugins:maven-compiler-plugin:3.10.1:compile (default-compile) on project lighty-common: Fatal error compiling: error: release version 17 not supported -> [Help 1]
[ERROR] 
[ERROR] To see the full stack trace of the errors, re-run Maven with the -e switch.
[ERROR] Re-run Maven using the -X switch to enable full debug logging.
[ERROR] 
[ERROR] For more information about the errors and possible solutions, please read the following articles:
[ERROR] [Help 1] http://cwiki.apache.org/confluence/display/MAVEN/MojoExecutionException
[ERROR] 
[ERROR] After correcting the problems, you can resume the build with the command
[ERROR]   mvn <args> -rf :lighty-common
