[INFO] Scanning for projects...
[INFO] 
[INFO] ---------------------< org.tugraz.sysds:systemds >----------------------
[INFO] Building SystemDS 2.0-SNAPSHOT
[INFO] --------------------------------[ jar ]---------------------------------
[INFO] Downloading from central: https://repo1.maven.org/maven2/org/jcuda/jcuda/10.2.0/jcuda-10.2.0.pom
[INFO] Downloaded from central: https://repo1.maven.org/maven2/org/jcuda/jcuda/10.2.0/jcuda-10.2.0.pom (1.2 kB at 3.6 kB/s)
[INFO] Downloading from central: https://repo1.maven.org/maven2/org/jcuda/jcuda-parent/10.2.0/jcuda-parent-10.2.0.pom
[INFO] Downloaded from central: https://repo1.maven.org/maven2/org/jcuda/jcuda-parent/10.2.0/jcuda-parent-10.2.0.pom (6.5 kB at 62 kB/s)
[INFO] Downloading from central: https://repo1.maven.org/maven2/org/jcuda/jcublas/10.2.0/jcublas-10.2.0.pom
[INFO] Downloaded from central: https://repo1.maven.org/maven2/org/jcuda/jcublas/10.2.0/jcublas-10.2.0.pom (1.4 kB at 14 kB/s)
[INFO] Downloading from central: https://repo1.maven.org/maven2/org/jcuda/jcuda-natives/10.2.0/jcuda-natives-10.2.0.pom
[INFO] Downloaded from central: https://repo1.maven.org/maven2/org/jcuda/jcuda-natives/10.2.0/jcuda-natives-10.2.0.pom (4.1 kB at 15 kB/s)
[INFO] Downloading from central: https://repo1.maven.org/maven2/org/jcuda/jcusparse/10.2.0/jcusparse-10.2.0.pom
[INFO] Downloaded from central: https://repo1.maven.org/maven2/org/jcuda/jcusparse/10.2.0/jcusparse-10.2.0.pom (1.4 kB at 14 kB/s)
[INFO] Downloading from central: https://repo1.maven.org/maven2/org/jcuda/jcusolver/10.2.0/jcusolver-10.2.0.pom
[INFO] Downloaded from central: https://repo1.maven.org/maven2/org/jcuda/jcusolver/10.2.0/jcusolver-10.2.0.pom (1.6 kB at 15 kB/s)
[INFO] Downloading from central: https://repo1.maven.org/maven2/org/jcuda/jcusparse-natives/10.2.0/jcusparse-natives-10.2.0.pom
[INFO] Downloaded from central: https://repo1.maven.org/maven2/org/jcuda/jcusparse-natives/10.2.0/jcusparse-natives-10.2.0.pom (3.8 kB at 37 kB/s)
[INFO] Downloading from central: https://repo1.maven.org/maven2/org/jcuda/jcudnn/10.2.0/jcudnn-10.2.0.pom
[INFO] Downloaded from central: https://repo1.maven.org/maven2/org/jcuda/jcudnn/10.2.0/jcudnn-10.2.0.pom (1.6 kB at 8.5 kB/s)
[INFO] Downloading from central: https://repo1.maven.org/maven2/org/jcuda/jcublas-natives/10.2.0/jcublas-natives-10.2.0.pom
[INFO] Downloaded from central: https://repo1.maven.org/maven2/org/jcuda/jcublas-natives/10.2.0/jcublas-natives-10.2.0.pom (3.9 kB at 33 kB/s)
[INFO] Downloading from central: https://repo1.maven.org/maven2/org/jcuda/jcusolver-natives/10.2.0/jcusolver-natives-10.2.0.pom
[INFO] Downloaded from central: https://repo1.maven.org/maven2/org/jcuda/jcusolver-natives/10.2.0/jcusolver-natives-10.2.0.pom (3.8 kB at 39 kB/s)
[INFO] Downloading from central: https://repo1.maven.org/maven2/org/jcuda/jcudnn-natives/10.2.0/jcudnn-natives-10.2.0.pom
[INFO] Downloaded from central: https://repo1.maven.org/maven2/org/jcuda/jcudnn-natives/10.2.0/jcudnn-natives-10.2.0.pom (3.8 kB at 38 kB/s)
[INFO] Downloading from central: https://repo1.maven.org/maven2/org/apache/spark/spark-mllib_2.11/2.1.0/spark-mllib_2.11-2.1.0.pom
[INFO] Downloaded from central: https://repo1.maven.org/maven2/org/apache/spark/spark-mllib_2.11/2.1.0/spark-mllib_2.11-2.1.0.pom (8.6 kB at 86 kB/s)
[INFO] Downloading from central: https://repo1.maven.org/maven2/org/apache/spark/spark-parent_2.11/2.1.0/spark-parent_2.11-2.1.0.pom
[INFO] Downloaded from central: https://repo1.maven.org/maven2/org/apache/spark/spark-parent_2.11/2.1.0/spark-parent_2.11-2.1.0.pom (101 kB at 4.4 MB/s)
[INFO] Downloading from central: https://repo1.maven.org/maven2/org/apache/spark/spark-core_2.11/2.1.0/spark-core_2.11-2.1.0.pom
[INFO] Downloaded from central: https://repo1.maven.org/maven2/org/apache/spark/spark-core_2.11/2.1.0/spark-core_2.11-2.1.0.pom (21 kB at 201 kB/s)
[INFO] Downloading from central: https://repo1.maven.org/maven2/org/apache/avro/avro-mapred/1.7.7/avro-mapred-1.7.7.pom
[INFO] Downloaded from central: https://repo1.maven.org/maven2/org/apache/avro/avro-mapred/1.7.7/avro-mapred-1.7.7.pom (0 B at 0 B/s)
[INFO] Downloading from central: https://repo1.maven.org/maven2/org/apache/avro/avro-ipc/1.7.7/avro-ipc-1.7.7.pom
[INFO] Downloaded from central: https://repo1.maven.org/maven2/org/apache/avro/avro-ipc/1.7.7/avro-ipc-1.7.7.pom (0 B at 0 B/s)
[INFO] Downloading from central: https://repo1.maven.org/maven2/com/twitter/chill_2.11/0.8.0/chill_2.11-0.8.0.pom
[INFO] Downloaded from central: https://repo1.maven.org/maven2/com/twitter/chill_2.11/0.8.0/chill_2.11-0.8.0.pom (0 B at 0 B/s)
[INFO] Downloading from central: https://repo1.maven.org/maven2/com/twitter/chill-java/0.8.0/chill-java-0.8.0.pom
[INFO] Downloaded from central: https://repo1.maven.org/maven2/com/twitter/chill-java/0.8.0/chill-java-0.8.0.pom (0 B at 0 B/s)
[INFO] Downloading from central: https://repo1.maven.org/maven2/org/apache/xbean/xbean-asm5-shaded/4.4/xbean-asm5-shaded-4.4.pom
[INFO] Downloaded from central: https://repo1.maven.org/maven2/org/apache/xbean/xbean-asm5-shaded/4.4/xbean-asm5-shaded-4.4.pom (0 B at 0 B/s)
[INFO] Downloading from central: https://repo1.maven.org/maven2/org/apache/xbean/xbean/4.4/xbean-4.4.pom
[INFO] Downloaded from central: https://repo1.maven.org/maven2/org/apache/xbean/xbean/4.4/xbean-4.4.pom (0 B at 0 B/s)
[INFO] Downloading from central: https://repo1.maven.org/maven2/org/apache/hadoop/hadoop-client/2.2.0/hadoop-client-2.2.0.pom
[INFO] Downloaded from central: https://repo1.maven.org/maven2/org/apache/hadoop/hadoop-client/2.2.0/hadoop-client-2.2.0.pom (0 B at 0 B/s)
[INFO] Downloading from central: https://repo1.maven.org/maven2/org/apache/hadoop/hadoop-project-dist/2.2.0/hadoop-project-dist-2.2.0.pom
[INFO] Downloaded from central: https://repo1.maven.org/maven2/org/apache/hadoop/hadoop-project-dist/2.2.0/hadoop-project-dist-2.2.0.pom (0 B at 0 B/s)
[INFO] Downloading from central: https://repo1.maven.org/maven2/org/apache/hadoop/hadoop-project/2.2.0/hadoop-project-2.2.0.pom
[INFO] Downloaded from central: https://repo1.maven.org/maven2/org/apache/hadoop/hadoop-project/2.2.0/hadoop-project-2.2.0.pom (0 B at 0 B/s)
[INFO] Downloading from central: https://repo1.maven.org/maven2/org/apache/hadoop/hadoop-main/2.2.0/hadoop-main-2.2.0.pom
[INFO] Downloaded from central: https://repo1.maven.org/maven2/org/apache/hadoop/hadoop-main/2.2.0/hadoop-main-2.2.0.pom (0 B at 0 B/s)
[INFO] Downloading from central: https://repo1.maven.org/maven2/org/apache/hadoop/hadoop-common/2.2.0/hadoop-common-2.2.0.pom
[INFO] Downloaded from central: https://repo1.maven.org/maven2/org/apache/hadoop/hadoop-common/2.2.0/hadoop-common-2.2.0.pom (0 B at 0 B/s)
[INFO] Downloading from central: https://repo1.maven.org/maven2/org/apache/hadoop/hadoop-annotations/2.2.0/hadoop-annotations-2.2.0.pom
[INFO] Downloaded from central: https://repo1.maven.org/maven2/org/apache/hadoop/hadoop-annotations/2.2.0/hadoop-annotations-2.2.0.pom (0 B at 0 B/s)
[INFO] Downloading from central: https://repo1.maven.org/maven2/org/apache/hadoop/hadoop-auth/2.2.0/hadoop-auth-2.2.0.pom
[INFO] Downloaded from central: https://repo1.maven.org/maven2/org/apache/hadoop/hadoop-auth/2.2.0/hadoop-auth-2.2.0.pom (0 B at 0 B/s)
[INFO] Downloading from central: https://repo1.maven.org/maven2/org/apache/hadoop/hadoop-hdfs/2.2.0/hadoop-hdfs-2.2.0.pom
[INFO] Downloaded from central: https://repo1.maven.org/maven2/org/apache/hadoop/hadoop-hdfs/2.2.0/hadoop-hdfs-2.2.0.pom (0 B at 0 B/s)
[INFO] Downloading from central: https://repo1.maven.org/maven2/org/apache/hadoop/hadoop-mapreduce-client-app/2.2.0/hadoop-mapreduce-client-app-2.2.0.pom
[INFO] Downloaded from central: https://repo1.maven.org/maven2/org/apache/hadoop/hadoop-mapreduce-client-app/2.2.0/hadoop-mapreduce-client-app-2.2.0.pom (0 B at 0 B/s)
[INFO] Downloading from central: https://repo1.maven.org/maven2/org/apache/hadoop/hadoop-mapreduce-client/2.2.0/hadoop-mapreduce-client-2.2.0.pom
[INFO] Downloaded from central: https://repo1.maven.org/maven2/org/apache/hadoop/hadoop-mapreduce-client/2.2.0/hadoop-mapreduce-client-2.2.0.pom (0 B at 0 B/s)
[INFO] Downloading from central: https://repo1.maven.org/maven2/org/apache/hadoop/hadoop-mapreduce-client-common/2.2.0/hadoop-mapreduce-client-common-2.2.0.pom
[INFO] Downloaded from central: https://repo1.maven.org/maven2/org/apache/hadoop/hadoop-mapreduce-client-common/2.2.0/hadoop-mapreduce-client-common-2.2.0.pom (0 B at 0 B/s)
[INFO] Downloading from central: https://repo1.maven.org/maven2/org/apache/hadoop/hadoop-yarn-common/2.2.0/hadoop-yarn-common-2.2.0.pom
[INFO] Downloaded from central: https://repo1.maven.org/maven2/org/apache/hadoop/hadoop-yarn-common/2.2.0/hadoop-yarn-common-2.2.0.pom (0 B at 0 B/s)
[INFO] Downloading from central: https://repo1.maven.org/maven2/org/apache/hadoop/hadoop-yarn/2.2.0/hadoop-yarn-2.2.0.pom
[INFO] Downloaded from central: https://repo1.maven.org/maven2/org/apache/hadoop/hadoop-yarn/2.2.0/hadoop-yarn-2.2.0.pom (0 B at 0 B/s)
[INFO] Downloading from central: https://repo1.maven.org/maven2/org/apache/hadoop/hadoop-yarn-api/2.2.0/hadoop-yarn-api-2.2.0.pom
[INFO] Downloaded from central: https://repo1.maven.org/maven2/org/apache/hadoop/hadoop-yarn-api/2.2.0/hadoop-yarn-api-2.2.0.pom (0 B at 0 B/s)
[INFO] Downloading from central: https://repo1.maven.org/maven2/org/apache/hadoop/hadoop-yarn-client/2.2.0/hadoop-yarn-client-2.2.0.pom
[INFO] Downloaded from central: https://repo1.maven.org/maven2/org/apache/hadoop/hadoop-yarn-client/2.2.0/hadoop-yarn-client-2.2.0.pom (0 B at 0 B/s)
[INFO] Downloading from central: https://repo1.maven.org/maven2/org/apache/hadoop/hadoop-mapreduce-client-core/2.2.0/hadoop-mapreduce-client-core-2.2.0.pom
[INFO] Downloaded from central: https://repo1.maven.org/maven2/org/apache/hadoop/hadoop-mapreduce-client-core/2.2.0/hadoop-mapreduce-client-core-2.2.0.pom (0 B at 0 B/s)
[INFO] Downloading from central: https://repo1.maven.org/maven2/org/apache/hadoop/hadoop-yarn-server-common/2.2.0/hadoop-yarn-server-common-2.2.0.pom
[INFO] Downloaded from central: https://repo1.maven.org/maven2/org/apache/hadoop/hadoop-yarn-server-common/2.2.0/hadoop-yarn-server-common-2.2.0.pom (0 B at 0 B/s)
[INFO] Downloading from central: https://repo1.maven.org/maven2/org/apache/hadoop/hadoop-yarn-server/2.2.0/hadoop-yarn-server-2.2.0.pom
[INFO] Downloaded from central: https://repo1.maven.org/maven2/org/apache/hadoop/hadoop-yarn-server/2.2.0/hadoop-yarn-server-2.2.0.pom (0 B at 0 B/s)
[INFO] Downloading from central: https://repo1.maven.org/maven2/org/apache/hadoop/hadoop-mapreduce-client-shuffle/2.2.0/hadoop-mapreduce-client-shuffle-2.2.0.pom
[INFO] Downloaded from central: https://repo1.maven.org/maven2/org/apache/hadoop/hadoop-mapreduce-client-shuffle/2.2.0/hadoop-mapreduce-client-shuffle-2.2.0.pom (0 B at 0 B/s)
[INFO] Downloading from central: https://repo1.maven.org/maven2/org/apache/hadoop/hadoop-mapreduce-client-jobclient/2.2.0/hadoop-mapreduce-client-jobclient-2.2.0.pom
[INFO] Downloaded from central: https://repo1.maven.org/maven2/org/apache/hadoop/hadoop-mapreduce-client-jobclient/2.2.0/hadoop-mapreduce-client-jobclient-2.2.0.pom (0 B at 0 B/s)
[INFO] Downloading from central: https://repo1.maven.org/maven2/org/apache/hadoop/hadoop-yarn-server-nodemanager/2.2.0/hadoop-yarn-server-nodemanager-2.2.0.pom
[INFO] Downloaded from central: https://repo1.maven.org/maven2/org/apache/hadoop/hadoop-yarn-server-nodemanager/2.2.0/hadoop-yarn-server-nodemanager-2.2.0.pom (0 B at 0 B/s)
[INFO] Downloading from central: https://repo1.maven.org/maven2/org/apache/spark/spark-launcher_2.11/2.1.0/spark-launcher_2.11-2.1.0.pom
[INFO] Downloaded from central: https://repo1.maven.org/maven2/org/apache/spark/spark-launcher_2.11/2.1.0/spark-launcher_2.11-2.1.0.pom (6.4 kB at 265 kB/s)
[INFO] Downloading from central: https://repo1.maven.org/maven2/org/apache/spark/spark-tags_2.11/2.1.0/spark-tags_2.11-2.1.0.pom
[INFO] Downloaded from central: https://repo1.maven.org/maven2/org/apache/spark/spark-tags_2.11/2.1.0/spark-tags_2.11-2.1.0.pom (1.8 kB at 130 kB/s)
[INFO] Downloading from central: https://repo1.maven.org/maven2/org/scalatest/scalatest_2.11/2.2.6/scalatest_2.11-2.2.6.pom
[INFO] Downloaded from central: https://repo1.maven.org/maven2/org/scalatest/scalatest_2.11/2.2.6/scalatest_2.11-2.2.6.pom (5.6 kB at 51 kB/s)
[INFO] Downloading from central: https://repo1.maven.org/maven2/org/scala-lang/scala-reflect/2.11.7/scala-reflect-2.11.7.pom
[INFO] Downloaded from central: https://repo1.maven.org/maven2/org/scala-lang/scala-reflect/2.11.7/scala-reflect-2.11.7.pom (0 B at 0 B/s)
[INFO] Downloading from central: https://repo1.maven.org/maven2/org/apache/spark/spark-network-common_2.11/2.1.0/spark-network-common_2.11-2.1.0.pom
[INFO] Downloaded from central: https://repo1.maven.org/maven2/org/apache/spark/spark-network-common_2.11/2.1.0/spark-network-common_2.11-2.1.0.pom (5.0 kB at 388 kB/s)
[INFO] Downloading from central: https://repo1.maven.org/maven2/org/apache/spark/spark-network-shuffle_2.11/2.1.0/spark-network-shuffle_2.11-2.1.0.pom
[INFO] Downloaded from central: https://repo1.maven.org/maven2/org/apache/spark/spark-network-shuffle_2.11/2.1.0/spark-network-shuffle_2.11-2.1.0.pom (4.1 kB at 461 kB/s)
[INFO] Downloading from central: https://repo1.maven.org/maven2/org/apache/spark/spark-unsafe_2.11/2.1.0/spark-unsafe_2.11-2.1.0.pom
[INFO] Downloaded from central: https://repo1.maven.org/maven2/org/apache/spark/spark-unsafe_2.11/2.1.0/spark-unsafe_2.11-2.1.0.pom (4.6 kB at 513 kB/s)
[INFO] Downloading from central: https://repo1.maven.org/maven2/org/apache/curator/curator-recipes/2.4.0/curator-recipes-2.4.0.pom
[INFO] Downloaded from central: https://repo1.maven.org/maven2/org/apache/curator/curator-recipes/2.4.0/curator-recipes-2.4.0.pom (0 B at 0 B/s)
[INFO] Downloading from central: https://repo1.maven.org/maven2/org/apache/curator/apache-curator/2.4.0/apache-curator-2.4.0.pom
[INFO] Downloaded from central: https://repo1.maven.org/maven2/org/apache/curator/apache-curator/2.4.0/apache-curator-2.4.0.pom (0 B at 0 B/s)
[INFO] Downloading from central: https://repo1.maven.org/maven2/org/apache/curator/curator-framework/2.4.0/curator-framework-2.4.0.pom
[INFO] Downloaded from central: https://repo1.maven.org/maven2/org/apache/curator/curator-framework/2.4.0/curator-framework-2.4.0.pom (0 B at 0 B/s)
[INFO] Downloading from central: https://repo1.maven.org/maven2/org/apache/curator/curator-client/2.4.0/curator-client-2.4.0.pom
[INFO] Downloaded from central: https://repo1.maven.org/maven2/org/apache/curator/curator-client/2.4.0/curator-client-2.4.0.pom (0 B at 0 B/s)
[INFO] Downloading from central: https://repo1.maven.org/maven2/commons-net/commons-net/2.2/commons-net-2.2.pom
[INFO] Downloaded from central: https://repo1.maven.org/maven2/commons-net/commons-net/2.2/commons-net-2.2.pom (0 B at 0 B/s)
[INFO] Downloading from central: https://repo1.maven.org/maven2/org/json4s/json4s-jackson_2.11/3.2.11/json4s-jackson_2.11-3.2.11.pom
[INFO] Downloaded from central: https://repo1.maven.org/maven2/org/json4s/json4s-jackson_2.11/3.2.11/json4s-jackson_2.11-3.2.11.pom (0 B at 0 B/s)
[INFO] Downloading from central: https://repo1.maven.org/maven2/org/json4s/json4s-core_2.11/3.2.11/json4s-core_2.11-3.2.11.pom
[INFO] Downloaded from central: https://repo1.maven.org/maven2/org/json4s/json4s-core_2.11/3.2.11/json4s-core_2.11-3.2.11.pom (0 B at 0 B/s)
[INFO] Downloading from central: https://repo1.maven.org/maven2/org/json4s/json4s-ast_2.11/3.2.11/json4s-ast_2.11-3.2.11.pom
[INFO] Downloaded from central: https://repo1.maven.org/maven2/org/json4s/json4s-ast_2.11/3.2.11/json4s-ast_2.11-3.2.11.pom (0 B at 0 B/s)
[INFO] Downloading from central: https://repo1.maven.org/maven2/com/thoughtworks/paranamer/paranamer/2.6/paranamer-2.6.pom
[INFO] Downloaded from central: https://repo1.maven.org/maven2/com/thoughtworks/paranamer/paranamer/2.6/paranamer-2.6.pom (0 B at 0 B/s)
[INFO] Downloading from central: https://repo1.maven.org/maven2/com/thoughtworks/paranamer/paranamer-parent/2.6/paranamer-parent-2.6.pom
[INFO] Downloaded from central: https://repo1.maven.org/maven2/com/thoughtworks/paranamer/paranamer-parent/2.6/paranamer-parent-2.6.pom (0 B at 0 B/s)
[INFO] Downloading from central: https://repo1.maven.org/maven2/org/scala-lang/scalap/2.11.0/scalap-2.11.0.pom
[INFO] Downloaded from central: https://repo1.maven.org/maven2/org/scala-lang/scalap/2.11.0/scalap-2.11.0.pom (0 B at 0 B/s)
[INFO] Downloading from central: https://repo1.maven.org/maven2/org/scala-lang/scala-compiler/2.11.0/scala-compiler-2.11.0.pom
[INFO] Downloaded from central: https://repo1.maven.org/maven2/org/scala-lang/scala-compiler/2.11.0/scala-compiler-2.11.0.pom (0 B at 0 B/s)
[INFO] Downloading from central: https://repo1.maven.org/maven2/org/scala-lang/modules/scala-xml_2.11/1.0.1/scala-xml_2.11-1.0.1.pom
[INFO] Downloaded from central: https://repo1.maven.org/maven2/org/scala-lang/modules/scala-xml_2.11/1.0.1/scala-xml_2.11-1.0.1.pom (0 B at 0 B/s)
[INFO] Downloading from central: https://repo1.maven.org/maven2/org/scala-lang/modules/scala-parser-combinators_2.11/1.0.1/scala-parser-combinators_2.11-1.0.1.pom
[INFO] Downloaded from central: https://repo1.maven.org/maven2/org/scala-lang/modules/scala-parser-combinators_2.11/1.0.1/scala-parser-combinators_2.11-1.0.1.pom (0 B at 0 B/s)
[INFO] Downloading from central: https://repo1.maven.org/maven2/io/netty/netty/3.8.0.Final/netty-3.8.0.Final.pom
[INFO] Downloaded from central: https://repo1.maven.org/maven2/io/netty/netty/3.8.0.Final/netty-3.8.0.Final.pom (0 B at 0 B/s)
[INFO] Downloading from central: https://repo1.maven.org/maven2/io/dropwizard/metrics/metrics-jvm/3.1.2/metrics-jvm-3.1.2.pom
[INFO] Downloaded from central: https://repo1.maven.org/maven2/io/dropwizard/metrics/metrics-jvm/3.1.2/metrics-jvm-3.1.2.pom (0 B at 0 B/s)
[INFO] Downloading from central: https://repo1.maven.org/maven2/io/dropwizard/metrics/metrics-json/3.1.2/metrics-json-3.1.2.pom
[INFO] Downloaded from central: https://repo1.maven.org/maven2/io/dropwizard/metrics/metrics-json/3.1.2/metrics-json-3.1.2.pom (0 B at 0 B/s)
[INFO] Downloading from central: https://repo1.maven.org/maven2/io/dropwizard/metrics/metrics-graphite/3.1.2/metrics-graphite-3.1.2.pom
[INFO] Downloaded from central: https://repo1.maven.org/maven2/io/dropwizard/metrics/metrics-graphite/3.1.2/metrics-graphite-3.1.2.pom (0 B at 0 B/s)
[INFO] Downloading from central: https://repo1.maven.org/maven2/com/fasterxml/jackson/module/jackson-module-scala_2.11/2.6.5/jackson-module-scala_2.11-2.6.5.pom
[INFO] Downloaded from central: https://repo1.maven.org/maven2/com/fasterxml/jackson/module/jackson-module-scala_2.11/2.6.5/jackson-module-scala_2.11-2.6.5.pom (0 B at 0 B/s)
[INFO] Downloading from central: https://repo1.maven.org/maven2/com/fasterxml/jackson/module/jackson-module-paranamer/2.6.5/jackson-module-paranamer-2.6.5.pom
[INFO] Downloaded from central: https://repo1.maven.org/maven2/com/fasterxml/jackson/module/jackson-module-paranamer/2.6.5/jackson-module-paranamer-2.6.5.pom (0 B at 0 B/s)
[INFO] Downloading from central: https://repo1.maven.org/maven2/net/sf/py4j/py4j/0.10.4/py4j-0.10.4.pom
[INFO] Downloaded from central: https://repo1.maven.org/maven2/net/sf/py4j/py4j/0.10.4/py4j-0.10.4.pom (2.1 kB at 113 kB/s)
[INFO] Downloading from central: https://repo1.maven.org/maven2/org/apache/spark/spark-streaming_2.11/2.1.0/spark-streaming_2.11-2.1.0.pom
[INFO] Downloaded from central: https://repo1.maven.org/maven2/org/apache/spark/spark-streaming_2.11/2.1.0/spark-streaming_2.11-2.1.0.pom (9.5 kB at 94 kB/s)
[INFO] Downloading from central: https://repo1.maven.org/maven2/org/apache/spark/spark-sql_2.11/2.1.0/spark-sql_2.11-2.1.0.pom
[INFO] Downloaded from central: https://repo1.maven.org/maven2/org/apache/spark/spark-sql_2.11/2.1.0/spark-sql_2.11-2.1.0.pom (9.7 kB at 537 kB/s)
[INFO] Downloading from central: https://repo1.maven.org/maven2/com/univocity/univocity-parsers/2.2.1/univocity-parsers-2.2.1.pom
[INFO] Downloaded from central: https://repo1.maven.org/maven2/com/univocity/univocity-parsers/2.2.1/univocity-parsers-2.2.1.pom (0 B at 0 B/s)
[INFO] Downloading from central: https://repo1.maven.org/maven2/org/apache/spark/spark-sketch_2.11/2.1.0/spark-sketch_2.11-2.1.0.pom
[INFO] Downloaded from central: https://repo1.maven.org/maven2/org/apache/spark/spark-sketch_2.11/2.1.0/spark-sketch_2.11-2.1.0.pom (3.1 kB at 32 kB/s)
[INFO] Downloading from central: https://repo1.maven.org/maven2/org/apache/spark/spark-catalyst_2.11/2.1.0/spark-catalyst_2.11-2.1.0.pom
[INFO] Downloaded from central: https://repo1.maven.org/maven2/org/apache/spark/spark-catalyst_2.11/2.1.0/spark-catalyst_2.11-2.1.0.pom (7.8 kB at 862 kB/s)
[INFO] Downloading from central: https://repo1.maven.org/maven2/org/codehaus/janino/janino/3.0.0/janino-3.0.0.pom
[INFO] Downloaded from central: https://repo1.maven.org/maven2/org/codehaus/janino/janino/3.0.0/janino-3.0.0.pom (925 B at 77 kB/s)
[INFO] Downloading from central: https://repo1.maven.org/maven2/org/codehaus/janino/janino-parent/3.0.0/janino-parent-3.0.0.pom
[INFO] Downloaded from central: https://repo1.maven.org/maven2/org/codehaus/janino/janino-parent/3.0.0/janino-parent-3.0.0.pom (8.3 kB at 85 kB/s)
[INFO] Downloading from central: https://repo1.maven.org/maven2/org/codehaus/janino/commons-compiler/3.0.0/commons-compiler-3.0.0.pom
[INFO] Downloaded from central: https://repo1.maven.org/maven2/org/codehaus/janino/commons-compiler/3.0.0/commons-compiler-3.0.0.pom (666 B at 6.7 kB/s)
[INFO] Downloading from central: https://repo1.maven.org/maven2/org/apache/parquet/parquet-column/1.8.1/parquet-column-1.8.1.pom
[INFO] Downloaded from central: https://repo1.maven.org/maven2/org/apache/parquet/parquet-column/1.8.1/parquet-column-1.8.1.pom (0 B at 0 B/s)
[INFO] Downloading from central: https://repo1.maven.org/maven2/org/apache/parquet/parquet-common/1.8.1/parquet-common-1.8.1.pom
[INFO] Downloaded from central: https://repo1.maven.org/maven2/org/apache/parquet/parquet-common/1.8.1/parquet-common-1.8.1.pom (0 B at 0 B/s)
[INFO] Downloading from central: https://repo1.maven.org/maven2/org/apache/parquet/parquet-encoding/1.8.1/parquet-encoding-1.8.1.pom
[INFO] Downloaded from central: https://repo1.maven.org/maven2/org/apache/parquet/parquet-encoding/1.8.1/parquet-encoding-1.8.1.pom (0 B at 0 B/s)
[INFO] Downloading from central: https://repo1.maven.org/maven2/org/apache/parquet/parquet-hadoop/1.8.1/parquet-hadoop-1.8.1.pom
[INFO] Downloaded from central: https://repo1.maven.org/maven2/org/apache/parquet/parquet-hadoop/1.8.1/parquet-hadoop-1.8.1.pom (0 B at 0 B/s)
[INFO] Downloading from central: https://repo1.maven.org/maven2/org/apache/parquet/parquet-format/2.3.0-incubating/parquet-format-2.3.0-incubating.pom
[INFO] Downloaded from central: https://repo1.maven.org/maven2/org/apache/parquet/parquet-format/2.3.0-incubating/parquet-format-2.3.0-incubating.pom (0 B at 0 B/s)
[INFO] Downloading from central: https://repo1.maven.org/maven2/org/apache/parquet/parquet-jackson/1.8.1/parquet-jackson-1.8.1.pom
[INFO] Downloaded from central: https://repo1.maven.org/maven2/org/apache/parquet/parquet-jackson/1.8.1/parquet-jackson-1.8.1.pom (0 B at 0 B/s)
[INFO] Downloading from central: https://repo1.maven.org/maven2/org/apache/spark/spark-graphx_2.11/2.1.0/spark-graphx_2.11-2.1.0.pom
[INFO] Downloaded from central: https://repo1.maven.org/maven2/org/apache/spark/spark-graphx_2.11/2.1.0/spark-graphx_2.11-2.1.0.pom (6.6 kB at 730 kB/s)
[INFO] Downloading from central: https://repo1.maven.org/maven2/org/apache/spark/spark-mllib-local_2.11/2.1.0/spark-mllib-local_2.11-2.1.0.pom
[INFO] Downloaded from central: https://repo1.maven.org/maven2/org/apache/spark/spark-mllib-local_2.11/2.1.0/spark-mllib-local_2.11-2.1.0.pom (4.1 kB at 36 kB/s)
[INFO] Downloading from central: https://repo1.maven.org/maven2/org/scalanlp/breeze_2.11/0.12/breeze_2.11-0.12.pom
[INFO] Downloaded from central: https://repo1.maven.org/maven2/org/scalanlp/breeze_2.11/0.12/breeze_2.11-0.12.pom (0 B at 0 B/s)
[INFO] Downloading from central: https://repo1.maven.org/maven2/org/scalanlp/breeze-macros_2.11/0.12/breeze-macros_2.11-0.12.pom
[INFO] Downloaded from central: https://repo1.maven.org/maven2/org/scalanlp/breeze-macros_2.11/0.12/breeze-macros_2.11-0.12.pom (0 B at 0 B/s)
[INFO] Downloading from central: https://repo1.maven.org/maven2/com/github/rwl/jtransforms/2.4.0/jtransforms-2.4.0.pom
[INFO] Downloaded from central: https://repo1.maven.org/maven2/com/github/rwl/jtransforms/2.4.0/jtransforms-2.4.0.pom (0 B at 0 B/s)
[INFO] Downloading from central: https://repo1.maven.org/maven2/org/spire-math/spire_2.11/0.7.4/spire_2.11-0.7.4.pom
[INFO] Downloaded from central: https://repo1.maven.org/maven2/org/spire-math/spire_2.11/0.7.4/spire_2.11-0.7.4.pom (0 B at 0 B/s)
[INFO] Downloading from central: https://repo1.maven.org/maven2/org/spire-math/spire-macros_2.11/0.7.4/spire-macros_2.11-0.7.4.pom
[INFO] Downloaded from central: https://repo1.maven.org/maven2/org/spire-math/spire-macros_2.11/0.7.4/spire-macros_2.11-0.7.4.pom (0 B at 0 B/s)
[INFO] Downloading from central: https://repo1.maven.org/maven2/com/chuusai/shapeless_2.11/2.0.0/shapeless_2.11-2.0.0.pom
[INFO] Downloaded from central: https://repo1.maven.org/maven2/com/chuusai/shapeless_2.11/2.0.0/shapeless_2.11-2.0.0.pom (0 B at 0 B/s)
[INFO] Downloading from central: https://repo1.maven.org/maven2/org/jpmml/pmml-model/1.2.15/pmml-model-1.2.15.pom
[INFO] Downloaded from central: https://repo1.maven.org/maven2/org/jpmml/pmml-model/1.2.15/pmml-model-1.2.15.pom (0 B at 0 B/s)
[INFO] Downloading from central: https://repo1.maven.org/maven2/org/jpmml/jpmml-model/1.2.15/jpmml-model-1.2.15.pom
[INFO] Downloaded from central: https://repo1.maven.org/maven2/org/jpmml/jpmml-model/1.2.15/jpmml-model-1.2.15.pom (0 B at 0 B/s)
[INFO] Downloading from central: https://repo1.maven.org/maven2/org/jpmml/pmml-schema/1.2.15/pmml-schema-1.2.15.pom
[INFO] Downloaded from central: https://repo1.maven.org/maven2/org/jpmml/pmml-schema/1.2.15/pmml-schema-1.2.15.pom (0 B at 0 B/s)
[INFO] Downloading from central: https://repo1.maven.org/maven2/org/apache/wink/wink-json4j/1.4/wink-json4j-1.4.pom
[INFO] Downloaded from central: https://repo1.maven.org/maven2/org/apache/wink/wink-json4j/1.4/wink-json4j-1.4.pom (3.1 kB at 31 kB/s)
[INFO] Downloading from central: https://repo1.maven.org/maven2/org/apache/wink/wink/1.4/wink-1.4.pom
[INFO] Downloaded from central: https://repo1.maven.org/maven2/org/apache/wink/wink/1.4/wink-1.4.pom (0 B at 0 B/s)
[INFO] Downloading from central: https://repo1.maven.org/maven2/org/jcuda/jcuda/10.2.0/jcuda-10.2.0.jar
[INFO] Downloading from central: https://repo1.maven.org/maven2/org/jcuda/jcublas/10.2.0/jcublas-10.2.0.jar
[INFO] Downloading from central: https://repo1.maven.org/maven2/org/jcuda/jcusparse/10.2.0/jcusparse-10.2.0.jar
[INFO] Downloading from central: https://repo1.maven.org/maven2/org/jcuda/jcusolver/10.2.0/jcusolver-10.2.0.jar
[INFO] Downloading from central: https://repo1.maven.org/maven2/org/jcuda/jcudnn/10.2.0/jcudnn-10.2.0.jar
[INFO] Downloaded from central: https://repo1.maven.org/maven2/org/jcuda/jcuda/10.2.0/jcuda-10.2.0.jar (179 kB at 1.6 MB/s)
[INFO] Downloading from central: https://repo1.maven.org/maven2/org/jcuda/jcuda-natives/10.2.0/jcuda-natives-10.2.0-windows-x86_64.jar
[INFO] Downloaded from central: https://repo1.maven.org/maven2/org/jcuda/jcusparse/10.2.0/jcusparse-10.2.0.jar (51 kB at 441 kB/s)
[INFO] Downloaded from central: https://repo1.maven.org/maven2/org/jcuda/jcusolver/10.2.0/jcusolver-10.2.0.jar (40 kB at 348 kB/s)
[INFO] Downloading from central: https://repo1.maven.org/maven2/org/jcuda/jcublas-natives/10.2.0/jcublas-natives-10.2.0-windows-x86_64.jar
[INFO] Downloading from central: https://repo1.maven.org/maven2/org/jcuda/jcusparse-natives/10.2.0/jcusparse-natives-10.2.0-windows-x86_64.jar
[INFO] Downloaded from central: https://repo1.maven.org/maven2/org/jcuda/jcudnn/10.2.0/jcudnn-10.2.0.jar (77 kB at 645 kB/s)
[INFO] Downloading from central: https://repo1.maven.org/maven2/org/jcuda/jcusolver-natives/10.2.0/jcusolver-natives-10.2.0-windows-x86_64.jar
[INFO] Downloaded from central: https://repo1.maven.org/maven2/org/jcuda/jcublas/10.2.0/jcublas-10.2.0.jar (34 kB at 272 kB/s)
[INFO] Downloading from central: https://repo1.maven.org/maven2/org/jcuda/jcudnn-natives/10.2.0/jcudnn-natives-10.2.0-windows-x86_64.jar
[INFO] Downloaded from central: https://repo1.maven.org/maven2/org/jcuda/jcudnn-natives/10.2.0/jcudnn-natives-10.2.0-windows-x86_64.jar (141 kB at 444 kB/s)
[INFO] Downloading from central: https://repo1.maven.org/maven2/org/jcuda/jcuda-natives/10.2.0/jcuda-natives-10.2.0-linux-x86_64.jar
[INFO] Downloaded from central: https://repo1.maven.org/maven2/org/jcuda/jcuda-natives/10.2.0/jcuda-natives-10.2.0-windows-x86_64.jar (332 kB at 1.0 MB/s)
[INFO] Downloading from central: https://repo1.maven.org/maven2/org/jcuda/jcublas-natives/10.2.0/jcublas-natives-10.2.0-linux-x86_64.jar
[INFO] Downloaded from central: https://repo1.maven.org/maven2/org/jcuda/jcusolver-natives/10.2.0/jcusolver-natives-10.2.0-windows-x86_64.jar (213 kB at 664 kB/s)
[INFO] Downloading from central: https://repo1.maven.org/maven2/org/jcuda/jcusparse-natives/10.2.0/jcusparse-natives-10.2.0-linux-x86_64.jar
[INFO] Downloaded from central: https://repo1.maven.org/maven2/org/jcuda/jcublas-natives/10.2.0/jcublas-natives-10.2.0-windows-x86_64.jar (268 kB at 835 kB/s)
[INFO] Downloading from central: https://repo1.maven.org/maven2/org/jcuda/jcusolver-natives/10.2.0/jcusolver-natives-10.2.0-linux-x86_64.jar
[INFO] Downloaded from central: https://repo1.maven.org/maven2/org/jcuda/jcusparse-natives/10.2.0/jcusparse-natives-10.2.0-windows-x86_64.jar (270 kB at 835 kB/s)
[INFO] Downloading from central: https://repo1.maven.org/maven2/org/jcuda/jcudnn-natives/10.2.0/jcudnn-natives-10.2.0-linux-x86_64.jar
[INFO] Downloaded from central: https://repo1.maven.org/maven2/org/jcuda/jcusolver-natives/10.2.0/jcusolver-natives-10.2.0-linux-x86_64.jar (300 kB at 565 kB/s)
[INFO] Downloading from central: https://repo1.maven.org/maven2/org/jcuda/jcuda-natives/10.2.0/jcuda-natives-10.2.0-apple-x86_64.jar
[INFO] Downloaded from central: https://repo1.maven.org/maven2/org/jcuda/jcuda-natives/10.2.0/jcuda-natives-10.2.0-linux-x86_64.jar (346 kB at 648 kB/s)
[INFO] Downloading from central: https://repo1.maven.org/maven2/org/jcuda/jcublas-natives/10.2.0/jcublas-natives-10.2.0-apple-x86_64.jar
[INFO] Downloaded from central: https://repo1.maven.org/maven2/org/jcuda/jcusparse-natives/10.2.0/jcusparse-natives-10.2.0-linux-x86_64.jar (329 kB at 553 kB/s)
[INFO] Downloading from central: https://repo1.maven.org/maven2/org/jcuda/jcusparse-natives/10.2.0/jcusparse-natives-10.2.0-apple-x86_64.jar
[INFO] Downloaded from central: https://repo1.maven.org/maven2/org/jcuda/jcudnn-natives/10.2.0/jcudnn-natives-10.2.0-linux-x86_64.jar (98 kB at 141 kB/s)
[INFO] Downloading from central: https://repo1.maven.org/maven2/org/jcuda/jcusolver-natives/10.2.0/jcusolver-natives-10.2.0-apple-x86_64.jar
[INFO] Downloaded from central: https://repo1.maven.org/maven2/org/jcuda/jcublas-natives/10.2.0/jcublas-natives-10.2.0-linux-x86_64.jar (310 kB at 437 kB/s)
[INFO] Downloading from central: https://repo1.maven.org/maven2/org/jcuda/jcudnn-natives/10.2.0/jcudnn-natives-10.2.0-apple-x86_64.jar
[INFO] Downloaded from central: https://repo1.maven.org/maven2/org/jcuda/jcublas-natives/10.2.0/jcublas-natives-10.2.0-apple-x86_64.jar (441 kB at 592 kB/s)
[INFO] Downloading from central: https://repo1.maven.org/maven2/org/apache/spark/spark-mllib_2.11/2.1.0/spark-mllib_2.11-2.1.0.jar
[INFO] Downloaded from central: https://repo1.maven.org/maven2/org/jcuda/jcuda-natives/10.2.0/jcuda-natives-10.2.0-apple-x86_64.jar (472 kB at 631 kB/s)
[INFO] Downloading from central: https://repo1.maven.org/maven2/org/apache/spark/spark-core_2.11/2.1.0/spark-core_2.11-2.1.0.jar
[INFO] Downloaded from central: https://repo1.maven.org/maven2/org/jcuda/jcusparse-natives/10.2.0/jcusparse-natives-10.2.0-apple-x86_64.jar (508 kB at 618 kB/s)
[INFO] Downloading from central: https://repo1.maven.org/maven2/org/apache/avro/avro-mapred/1.7.7/avro-mapred-1.7.7-hadoop2.jar
[INFO] Downloaded from central: https://repo1.maven.org/maven2/org/apache/avro/avro-mapred/1.7.7/avro-mapred-1.7.7-hadoop2.jar (181 kB at 209 kB/s)
[INFO] Downloading from central: https://repo1.maven.org/maven2/org/apache/avro/avro-ipc/1.7.7/avro-ipc-1.7.7.jar
[INFO] Downloaded from central: https://repo1.maven.org/maven2/org/apache/avro/avro-ipc/1.7.7/avro-ipc-1.7.7.jar (193 kB at 218 kB/s)
[INFO] Downloading from central: https://repo1.maven.org/maven2/org/apache/avro/avro-ipc/1.7.7/avro-ipc-1.7.7-tests.jar
[INFO] Downloaded from central: https://repo1.maven.org/maven2/org/jcuda/jcudnn-natives/10.2.0/jcudnn-natives-10.2.0-apple-x86_64.jar (176 kB at 194 kB/s)
[INFO] Downloading from central: https://repo1.maven.org/maven2/com/twitter/chill_2.11/0.8.0/chill_2.11-0.8.0.jar
[INFO] Downloaded from central: https://repo1.maven.org/maven2/org/jcuda/jcusolver-natives/10.2.0/jcusolver-natives-10.2.0-apple-x86_64.jar (414 kB at 452 kB/s)
[INFO] Downloading from central: https://repo1.maven.org/maven2/com/twitter/chill-java/0.8.0/chill-java-0.8.0.jar
[INFO] Downloaded from central: https://repo1.maven.org/maven2/org/apache/avro/avro-ipc/1.7.7/avro-ipc-1.7.7-tests.jar (347 kB at 377 kB/s)
[INFO] Downloading from central: https://repo1.maven.org/maven2/org/apache/xbean/xbean-asm5-shaded/4.4/xbean-asm5-shaded-4.4.jar
[INFO] Downloaded from central: https://repo1.maven.org/maven2/org/apache/xbean/xbean-asm5-shaded/4.4/xbean-asm5-shaded-4.4.jar (0 B at 0 B/s)
[INFO] Downloading from central: https://repo1.maven.org/maven2/org/apache/spark/spark-launcher_2.11/2.1.0/spark-launcher_2.11-2.1.0.jar
[INFO] Downloaded from central: https://repo1.maven.org/maven2/com/twitter/chill-java/0.8.0/chill-java-0.8.0.jar (51 kB at 55 kB/s)
[INFO] Downloading from central: https://repo1.maven.org/maven2/org/apache/spark/spark-network-common_2.11/2.1.0/spark-network-common_2.11-2.1.0.jar
[INFO] Downloaded from central: https://repo1.maven.org/maven2/com/twitter/chill_2.11/0.8.0/chill_2.11-0.8.0.jar (224 kB at 241 kB/s)
[INFO] Downloading from central: https://repo1.maven.org/maven2/org/apache/spark/spark-network-shuffle_2.11/2.1.0/spark-network-shuffle_2.11-2.1.0.jar
[INFO] Downloaded from central: https://repo1.maven.org/maven2/org/apache/spark/spark-launcher_2.11/2.1.0/spark-launcher_2.11-2.1.0.jar (67 kB at 71 kB/s)
[INFO] Downloading from central: https://repo1.maven.org/maven2/org/apache/spark/spark-unsafe_2.11/2.1.0/spark-unsafe_2.11-2.1.0.jar
[INFO] Downloaded from central: https://repo1.maven.org/maven2/org/apache/spark/spark-network-shuffle_2.11/2.1.0/spark-network-shuffle_2.11-2.1.0.jar (62 kB at 66 kB/s)
[INFO] Downloading from central: https://repo1.maven.org/maven2/org/json4s/json4s-jackson_2.11/3.2.11/json4s-jackson_2.11-3.2.11.jar
[INFO] Downloaded from central: https://repo1.maven.org/maven2/org/json4s/json4s-jackson_2.11/3.2.11/json4s-jackson_2.11-3.2.11.jar (0 B at 0 B/s)
[INFO] Downloading from central: https://repo1.maven.org/maven2/org/json4s/json4s-core_2.11/3.2.11/json4s-core_2.11-3.2.11.jar
[INFO] Downloaded from central: https://repo1.maven.org/maven2/org/apache/spark/spark-unsafe_2.11/2.1.0/spark-unsafe_2.11-2.1.0.jar (44 kB at 47 kB/s)
[INFO] Downloading from central: https://repo1.maven.org/maven2/org/json4s/json4s-ast_2.11/3.2.11/json4s-ast_2.11-3.2.11.jar
[INFO] Downloaded from central: https://repo1.maven.org/maven2/org/json4s/json4s-core_2.11/3.2.11/json4s-core_2.11-3.2.11.jar (0 B at 0 B/s)
[INFO] Downloading from central: https://repo1.maven.org/maven2/org/scala-lang/scalap/2.11.0/scalap-2.11.0.jar
[INFO] Downloaded from central: https://repo1.maven.org/maven2/org/json4s/json4s-ast_2.11/3.2.11/json4s-ast_2.11-3.2.11.jar (0 B at 0 B/s)
[INFO] Downloading from central: https://repo1.maven.org/maven2/org/scala-lang/scala-compiler/2.11.0/scala-compiler-2.11.0.jar
[INFO] Downloaded from central: https://repo1.maven.org/maven2/org/apache/spark/spark-network-common_2.11/2.1.0/spark-network-common_2.11-2.1.0.jar (2.4 MB at 2.4 MB/s)
[INFO] Downloading from central: https://repo1.maven.org/maven2/org/scala-lang/modules/scala-parser-combinators_2.11/1.0.1/scala-parser-combinators_2.11-1.0.1.jar
[INFO] Downloaded from central: https://repo1.maven.org/maven2/org/scala-lang/modules/scala-parser-combinators_2.11/1.0.1/scala-parser-combinators_2.11-1.0.1.jar (420 kB at 413 kB/s)
[INFO] Downloading from central: https://repo1.maven.org/maven2/io/dropwizard/metrics/metrics-jvm/3.1.2/metrics-jvm-3.1.2.jar
[INFO] Downloaded from central: https://repo1.maven.org/maven2/io/dropwizard/metrics/metrics-jvm/3.1.2/metrics-jvm-3.1.2.jar (0 B at 0 B/s)
[INFO] Downloading from central: https://repo1.maven.org/maven2/io/dropwizard/metrics/metrics-json/3.1.2/metrics-json-3.1.2.jar
[INFO] Downloaded from central: https://repo1.maven.org/maven2/io/dropwizard/metrics/metrics-json/3.1.2/metrics-json-3.1.2.jar (16 kB at 15 kB/s)
[INFO] Downloading from central: https://repo1.maven.org/maven2/io/dropwizard/metrics/metrics-graphite/3.1.2/metrics-graphite-3.1.2.jar
[INFO] Downloaded from central: https://repo1.maven.org/maven2/io/dropwizard/metrics/metrics-graphite/3.1.2/metrics-graphite-3.1.2.jar (0 B at 0 B/s)
[INFO] Downloading from central: https://repo1.maven.org/maven2/com/fasterxml/jackson/module/jackson-module-scala_2.11/2.6.5/jackson-module-scala_2.11-2.6.5.jar
[INFO] Downloaded from central: https://repo1.maven.org/maven2/org/apache/spark/spark-mllib_2.11/2.1.0/spark-mllib_2.11-2.1.0.jar (6.2 MB at 5.9 MB/s)
[INFO] Downloading from central: https://repo1.maven.org/maven2/org/scala-lang/scala-reflect/2.11.7/scala-reflect-2.11.7.jar
[INFO] Downloaded from central: https://repo1.maven.org/maven2/org/scala-lang/scalap/2.11.0/scalap-2.11.0.jar (0 B at 0 B/s)
[INFO] Downloading from central: https://repo1.maven.org/maven2/com/fasterxml/jackson/module/jackson-module-paranamer/2.6.5/jackson-module-paranamer-2.6.5.jar
[INFO] Downloaded from central: https://repo1.maven.org/maven2/com/fasterxml/jackson/module/jackson-module-scala_2.11/2.6.5/jackson-module-scala_2.11-2.6.5.jar (516 kB at 481 kB/s)
[INFO] Downloading from central: https://repo1.maven.org/maven2/org/apache/spark/spark-streaming_2.11/2.1.0/spark-streaming_2.11-2.1.0.jar
[INFO] Downloaded from central: https://repo1.maven.org/maven2/com/fasterxml/jackson/module/jackson-module-paranamer/2.6.5/jackson-module-paranamer-2.6.5.jar (41 kB at 38 kB/s)
[INFO] Downloading from central: https://repo1.maven.org/maven2/org/apache/spark/spark-sql_2.11/2.1.0/spark-sql_2.11-2.1.0.jar
[INFO] Downloaded from central: https://repo1.maven.org/maven2/org/apache/spark/spark-streaming_2.11/2.1.0/spark-streaming_2.11-2.1.0.jar (2.1 MB at 1.8 MB/s)
[INFO] Downloading from central: https://repo1.maven.org/maven2/com/univocity/univocity-parsers/2.2.1/univocity-parsers-2.2.1.jar
[INFO] Downloaded from central: https://repo1.maven.org/maven2/org/scala-lang/scala-reflect/2.11.7/scala-reflect-2.11.7.jar (4.6 MB at 3.9 MB/s)
[INFO] Downloading from central: https://repo1.maven.org/maven2/org/apache/spark/spark-sketch_2.11/2.1.0/spark-sketch_2.11-2.1.0.jar
[INFO] Downloaded from central: https://repo1.maven.org/maven2/com/univocity/univocity-parsers/2.2.1/univocity-parsers-2.2.1.jar (326 kB at 278 kB/s)
[INFO] Downloading from central: https://repo1.maven.org/maven2/org/apache/spark/spark-catalyst_2.11/2.1.0/spark-catalyst_2.11-2.1.0.jar
[INFO] Downloaded from central: https://repo1.maven.org/maven2/org/apache/spark/spark-core_2.11/2.1.0/spark-core_2.11-2.1.0.jar (12 MB at 10.0 MB/s)
[INFO] Downloading from central: https://repo1.maven.org/maven2/org/apache/parquet/parquet-column/1.8.1/parquet-column-1.8.1.jar
[INFO] Downloaded from central: https://repo1.maven.org/maven2/org/apache/parquet/parquet-column/1.8.1/parquet-column-1.8.1.jar (946 kB at 747 kB/s)
[INFO] Downloading from central: https://repo1.maven.org/maven2/org/apache/parquet/parquet-common/1.8.1/parquet-common-1.8.1.jar
[INFO] Downloaded from central: https://repo1.maven.org/maven2/org/apache/spark/spark-sketch_2.11/2.1.0/spark-sketch_2.11-2.1.0.jar (30 kB at 23 kB/s)
[INFO] Downloading from central: https://repo1.maven.org/maven2/org/apache/parquet/parquet-encoding/1.8.1/parquet-encoding-1.8.1.jar
[INFO] Downloaded from central: https://repo1.maven.org/maven2/org/apache/spark/spark-catalyst_2.11/2.1.0/spark-catalyst_2.11-2.1.0.jar (7.4 MB at 5.5 MB/s)
[INFO] Downloading from central: https://repo1.maven.org/maven2/org/apache/parquet/parquet-hadoop/1.8.1/parquet-hadoop-1.8.1.jar
[INFO] Downloaded from central: https://repo1.maven.org/maven2/org/apache/parquet/parquet-common/1.8.1/parquet-common-1.8.1.jar (39 kB at 28 kB/s)
[INFO] Downloading from central: https://repo1.maven.org/maven2/org/apache/parquet/parquet-format/2.3.0-incubating/parquet-format-2.3.0-incubating.jar
[INFO] Downloaded from central: https://repo1.maven.org/maven2/org/apache/parquet/parquet-encoding/1.8.1/parquet-encoding-1.8.1.jar (285 kB at 206 kB/s)
[INFO] Downloading from central: https://repo1.maven.org/maven2/org/apache/parquet/parquet-jackson/1.8.1/parquet-jackson-1.8.1.jar
[INFO] Downloaded from central: https://repo1.maven.org/maven2/org/apache/parquet/parquet-format/2.3.0-incubating/parquet-format-2.3.0-incubating.jar (387 kB at 273 kB/s)
[INFO] Downloading from central: https://repo1.maven.org/maven2/org/apache/spark/spark-graphx_2.11/2.1.0/spark-graphx_2.11-2.1.0.jar
[INFO] Downloaded from central: https://repo1.maven.org/maven2/org/scala-lang/scala-compiler/2.11.0/scala-compiler-2.11.0.jar (14 MB at 9.6 MB/s)
[INFO] Downloading from central: https://repo1.maven.org/maven2/org/apache/spark/spark-mllib-local_2.11/2.1.0/spark-mllib-local_2.11-2.1.0.jar
[INFO] Downloaded from central: https://repo1.maven.org/maven2/org/apache/parquet/parquet-hadoop/1.8.1/parquet-hadoop-1.8.1.jar (218 kB at 150 kB/s)
[INFO] Downloading from central: https://repo1.maven.org/maven2/org/scalanlp/breeze_2.11/0.12/breeze_2.11-0.12.jar
[INFO] Downloaded from central: https://repo1.maven.org/maven2/org/apache/parquet/parquet-jackson/1.8.1/parquet-jackson-1.8.1.jar (1.0 MB at 693 kB/s)
[INFO] Downloading from central: https://repo1.maven.org/maven2/org/scalanlp/breeze-macros_2.11/0.12/breeze-macros_2.11-0.12.jar
[INFO] Downloaded from central: https://repo1.maven.org/maven2/org/apache/spark/spark-sql_2.11/2.1.0/spark-sql_2.11-2.1.0.jar (6.7 MB at 4.4 MB/s)
[INFO] Downloading from central: https://repo1.maven.org/maven2/com/github/rwl/jtransforms/2.4.0/jtransforms-2.4.0.jar
[INFO] Downloaded from central: https://repo1.maven.org/maven2/com/github/rwl/jtransforms/2.4.0/jtransforms-2.4.0.jar (0 B at 0 B/s)
[INFO] Downloading from central: https://repo1.maven.org/maven2/org/spire-math/spire_2.11/0.7.4/spire_2.11-0.7.4.jar
[INFO] Downloaded from central: https://repo1.maven.org/maven2/org/apache/spark/spark-mllib-local_2.11/2.1.0/spark-mllib-local_2.11-2.1.0.jar (179 kB at 117 kB/s)
[INFO] Downloading from central: https://repo1.maven.org/maven2/org/spire-math/spire-macros_2.11/0.7.4/spire-macros_2.11-0.7.4.jar
[INFO] Downloaded from central: https://repo1.maven.org/maven2/org/spire-math/spire-macros_2.11/0.7.4/spire-macros_2.11-0.7.4.jar (0 B at 0 B/s)
[INFO] Downloading from central: https://repo1.maven.org/maven2/com/chuusai/shapeless_2.11/2.0.0/shapeless_2.11-2.0.0.jar
[INFO] Downloaded from central: https://repo1.maven.org/maven2/org/apache/spark/spark-graphx_2.11/2.1.0/spark-graphx_2.11-2.1.0.jar (698 kB at 455 kB/s)
[INFO] Downloading from central: https://repo1.maven.org/maven2/org/jpmml/pmml-model/1.2.15/pmml-model-1.2.15.jar
[INFO] Downloaded from central: https://repo1.maven.org/maven2/org/jpmml/pmml-model/1.2.15/pmml-model-1.2.15.jar (0 B at 0 B/s)
[INFO] Downloading from central: https://repo1.maven.org/maven2/org/jpmml/pmml-schema/1.2.15/pmml-schema-1.2.15.jar
[INFO] Downloaded from central: https://repo1.maven.org/maven2/org/jpmml/pmml-schema/1.2.15/pmml-schema-1.2.15.jar (0 B at 0 B/s)
[INFO] Downloading from central: https://repo1.maven.org/maven2/org/apache/spark/spark-tags_2.11/2.1.0/spark-tags_2.11-2.1.0.jar
[INFO] Downloaded from central: https://repo1.maven.org/maven2/org/apache/spark/spark-tags_2.11/2.1.0/spark-tags_2.11-2.1.0.jar (17 kB at 11 kB/s)
[INFO] Downloading from central: https://repo1.maven.org/maven2/org/scalatest/scalatest_2.11/2.2.6/scalatest_2.11-2.2.6.jar
[INFO] Downloaded from central: https://repo1.maven.org/maven2/org/scalanlp/breeze_2.11/0.12/breeze_2.11-0.12.jar (0 B at 0 B/s)
[INFO] Downloading from central: https://repo1.maven.org/maven2/org/apache/wink/wink-json4j/1.4/wink-json4j-1.4.jar
[INFO] Downloaded from central: https://repo1.maven.org/maven2/com/chuusai/shapeless_2.11/2.0.0/shapeless_2.11-2.0.0.jar (0 B at 0 B/s)
[INFO] Downloaded from central: https://repo1.maven.org/maven2/org/apache/wink/wink-json4j/1.4/wink-json4j-1.4.jar (78 kB at 46 kB/s)
[INFO] Downloaded from central: https://repo1.maven.org/maven2/org/scalatest/scalatest_2.11/2.2.6/scalatest_2.11-2.2.6.jar (7.4 MB at 4.2 MB/s)
[INFO] Downloaded from central: https://repo1.maven.org/maven2/org/scalanlp/breeze-macros_2.11/0.12/breeze-macros_2.11-0.12.jar (0 B at 0 B/s)
[INFO] Downloaded from central: https://repo1.maven.org/maven2/org/spire-math/spire_2.11/0.7.4/spire_2.11-0.7.4.jar (0 B at 0 B/s)
[INFO] ------------------------------------------------------------------------
[INFO] BUILD FAILURE
[INFO] ------------------------------------------------------------------------
[INFO] Total time:  7.836 s
[INFO] Finished at: 2023-01-25T10:11:22Z
[INFO] ------------------------------------------------------------------------
[ERROR] Failed to execute goal on project systemds: Could not resolve dependencies for project org.tugraz.sysds:systemds:jar:2.0-SNAPSHOT: Could not find artifact jdk.tools:jdk.tools:jar:1.6 at specified path /usr/lib/jvm/java-11-openjdk-amd64/../lib/tools.jar -> [Help 1]
[ERROR] 
[ERROR] To see the full stack trace of the errors, re-run Maven with the -e switch.
[ERROR] Re-run Maven using the -X switch to enable full debug logging.
[ERROR] 
[ERROR] For more information about the errors and possible solutions, please read the following articles:
[ERROR] [Help 1] http://cwiki.apache.org/confluence/display/MAVEN/DependencyResolutionException
