[INFO] Scanning for projects...
[INFO] 
[INFO] ---------------------------< de.presti:Ree6 >---------------------------
[INFO] Building Ree6 1.5.0
[INFO] --------------------------------[ jar ]---------------------------------
[INFO] Downloading from twitter4j.org: https://twitter4j.org/maven2/club/minnced/discord-webhooks/0.7.2/discord-webhooks-0.7.2.pom
[INFO] Downloading from jitpack.io: https://jitpack.io/club/minnced/discord-webhooks/0.7.2/discord-webhooks-0.7.2.pom
[INFO] Downloading from dv8tion: https://m2.dv8tion.net/releases/club/minnced/discord-webhooks/0.7.2/discord-webhooks-0.7.2.pom
[INFO] Downloading from bintray-jcenter: https://jcenter.bintray.com/club/minnced/discord-webhooks/0.7.2/discord-webhooks-0.7.2.pom
[INFO] Downloaded from bintray-jcenter: https://jcenter.bintray.com/club/minnced/discord-webhooks/0.7.2/discord-webhooks-0.7.2.pom (2.4 kB at 4.8 kB/s)
[INFO] Downloading from twitter4j.org: https://twitter4j.org/maven2/com/google/api-client/google-api-client-jackson2/1.32.2/google-api-client-jackson2-1.32.2.pom
[INFO] Downloading from jitpack.io: https://jitpack.io/com/google/api-client/google-api-client-jackson2/1.32.2/google-api-client-jackson2-1.32.2.pom
[INFO] Downloading from dv8tion: https://m2.dv8tion.net/releases/com/google/api-client/google-api-client-jackson2/1.32.2/google-api-client-jackson2-1.32.2.pom
[INFO] Downloading from bintray-jcenter: https://jcenter.bintray.com/com/google/api-client/google-api-client-jackson2/1.32.2/google-api-client-jackson2-1.32.2.pom
[INFO] Downloaded from bintray-jcenter: https://jcenter.bintray.com/com/google/api-client/google-api-client-jackson2/1.32.2/google-api-client-jackson2-1.32.2.pom (0 B at 0 B/s)
[INFO] Downloading from twitter4j.org: https://twitter4j.org/maven2/com/google/api-client/google-api-client-java6/1.32.2/google-api-client-java6-1.32.2.pom
[INFO] Downloading from jitpack.io: https://jitpack.io/com/google/api-client/google-api-client-java6/1.32.2/google-api-client-java6-1.32.2.pom
[INFO] Downloading from dv8tion: https://m2.dv8tion.net/releases/com/google/api-client/google-api-client-java6/1.32.2/google-api-client-java6-1.32.2.pom
[INFO] Downloading from bintray-jcenter: https://jcenter.bintray.com/com/google/api-client/google-api-client-java6/1.32.2/google-api-client-java6-1.32.2.pom
[INFO] Downloaded from bintray-jcenter: https://jcenter.bintray.com/com/google/api-client/google-api-client-java6/1.32.2/google-api-client-java6-1.32.2.pom (3.6 kB at 7.8 kB/s)
[INFO] Downloading from twitter4j.org: https://twitter4j.org/maven2/com/google/oauth-client/google-oauth-client-java6/1.32.1/google-oauth-client-java6-1.32.1.pom
[INFO] Downloading from jitpack.io: https://jitpack.io/com/google/oauth-client/google-oauth-client-java6/1.32.1/google-oauth-client-java6-1.32.1.pom
[INFO] Downloading from dv8tion: https://m2.dv8tion.net/releases/com/google/oauth-client/google-oauth-client-java6/1.32.1/google-oauth-client-java6-1.32.1.pom
[INFO] Downloading from bintray-jcenter: https://jcenter.bintray.com/com/google/oauth-client/google-oauth-client-java6/1.32.1/google-oauth-client-java6-1.32.1.pom
[INFO] Downloaded from bintray-jcenter: https://jcenter.bintray.com/com/google/oauth-client/google-oauth-client-java6/1.32.1/google-oauth-client-java6-1.32.1.pom (3.9 kB at 10 kB/s)
[INFO] Downloading from twitter4j.org: https://twitter4j.org/maven2/com/google/oauth-client/google-oauth-client-jetty/1.32.1/google-oauth-client-jetty-1.32.1.pom
[INFO] Downloading from jitpack.io: https://jitpack.io/com/google/oauth-client/google-oauth-client-jetty/1.32.1/google-oauth-client-jetty-1.32.1.pom
[INFO] Downloading from dv8tion: https://m2.dv8tion.net/releases/com/google/oauth-client/google-oauth-client-jetty/1.32.1/google-oauth-client-jetty-1.32.1.pom
[INFO] Downloading from bintray-jcenter: https://jcenter.bintray.com/com/google/oauth-client/google-oauth-client-jetty/1.32.1/google-oauth-client-jetty-1.32.1.pom
[INFO] Downloaded from bintray-jcenter: https://jcenter.bintray.com/com/google/oauth-client/google-oauth-client-jetty/1.32.1/google-oauth-client-jetty-1.32.1.pom (3.8 kB at 12 kB/s)
[INFO] Downloading from twitter4j.org: https://twitter4j.org/maven2/se/michaelthelin/spotify/spotify-web-api-java/6.5.5/spotify-web-api-java-6.5.5.pom
[INFO] Downloading from jitpack.io: https://jitpack.io/se/michaelthelin/spotify/spotify-web-api-java/6.5.5/spotify-web-api-java-6.5.5.pom
[INFO] Downloading from dv8tion: https://m2.dv8tion.net/releases/se/michaelthelin/spotify/spotify-web-api-java/6.5.5/spotify-web-api-java-6.5.5.pom
[INFO] Downloading from bintray-jcenter: https://jcenter.bintray.com/se/michaelthelin/spotify/spotify-web-api-java/6.5.5/spotify-web-api-java-6.5.5.pom
[INFO] Downloaded from bintray-jcenter: https://jcenter.bintray.com/se/michaelthelin/spotify/spotify-web-api-java/6.5.5/spotify-web-api-java-6.5.5.pom (9.0 kB at 21 kB/s)
[INFO] Downloading from twitter4j.org: https://twitter4j.org/maven2/net/dv8tion/JDA/4.3.0_334/JDA-4.3.0_334.pom
[INFO] Downloading from jitpack.io: https://jitpack.io/net/dv8tion/JDA/4.3.0_334/JDA-4.3.0_334.pom
[INFO] Downloading from dv8tion: https://m2.dv8tion.net/releases/net/dv8tion/JDA/4.3.0_334/JDA-4.3.0_334.pom
[INFO] Downloaded from dv8tion: https://m2.dv8tion.net/releases/net/dv8tion/JDA/4.3.0_334/JDA-4.3.0_334.pom (2.4 kB at 3.2 kB/s)
[INFO] Downloading from twitter4j.org: https://twitter4j.org/maven2/com/github/twitch4j/twitch4j/1.5.1/twitch4j-1.5.1.pom
[INFO] Downloading from jitpack.io: https://jitpack.io/com/github/twitch4j/twitch4j/1.5.1/twitch4j-1.5.1.pom
[INFO] Downloading from dv8tion: https://m2.dv8tion.net/releases/com/github/twitch4j/twitch4j/1.5.1/twitch4j-1.5.1.pom
[INFO] Downloading from bintray-jcenter: https://jcenter.bintray.com/com/github/twitch4j/twitch4j/1.5.1/twitch4j-1.5.1.pom
[INFO] Downloaded from bintray-jcenter: https://jcenter.bintray.com/com/github/twitch4j/twitch4j/1.5.1/twitch4j-1.5.1.pom (7.5 kB at 19 kB/s)
[INFO] Downloading from twitter4j.org: https://twitter4j.org/maven2/com/github/vladimir-bukhtoyarov/bucket4j-core/4.7.0/bucket4j-core-4.7.0.pom
[INFO] Downloading from jitpack.io: https://jitpack.io/com/github/vladimir-bukhtoyarov/bucket4j-core/4.7.0/bucket4j-core-4.7.0.pom
[INFO] Downloading from dv8tion: https://m2.dv8tion.net/releases/com/github/vladimir-bukhtoyarov/bucket4j-core/4.7.0/bucket4j-core-4.7.0.pom
[INFO] Downloading from bintray-jcenter: https://jcenter.bintray.com/com/github/vladimir-bukhtoyarov/bucket4j-core/4.7.0/bucket4j-core-4.7.0.pom
[INFO] Downloaded from bintray-jcenter: https://jcenter.bintray.com/com/github/vladimir-bukhtoyarov/bucket4j-core/4.7.0/bucket4j-core-4.7.0.pom (2.4 kB at 5.6 kB/s)
[INFO] Downloading from twitter4j.org: https://twitter4j.org/maven2/com/github/philippheuer/events4j/events4j-core/0.9.8/events4j-core-0.9.8.pom
[INFO] Downloading from jitpack.io: https://jitpack.io/com/github/philippheuer/events4j/events4j-core/0.9.8/events4j-core-0.9.8.pom
[INFO] Downloading from dv8tion: https://m2.dv8tion.net/releases/com/github/philippheuer/events4j/events4j-core/0.9.8/events4j-core-0.9.8.pom
[INFO] Downloading from bintray-jcenter: https://jcenter.bintray.com/com/github/philippheuer/events4j/events4j-core/0.9.8/events4j-core-0.9.8.pom
[INFO] Downloaded from bintray-jcenter: https://jcenter.bintray.com/com/github/philippheuer/events4j/events4j-core/0.9.8/events4j-core-0.9.8.pom (2.4 kB at 5.2 kB/s)
[INFO] Downloading from twitter4j.org: https://twitter4j.org/maven2/com/github/philippheuer/events4j/events4j-api/0.9.8/events4j-api-0.9.8.pom
[INFO] Downloading from jitpack.io: https://jitpack.io/com/github/philippheuer/events4j/events4j-api/0.9.8/events4j-api-0.9.8.pom
[INFO] Downloading from dv8tion: https://m2.dv8tion.net/releases/com/github/philippheuer/events4j/events4j-api/0.9.8/events4j-api-0.9.8.pom
[INFO] Downloading from bintray-jcenter: https://jcenter.bintray.com/com/github/philippheuer/events4j/events4j-api/0.9.8/events4j-api-0.9.8.pom
[INFO] Downloaded from bintray-jcenter: https://jcenter.bintray.com/com/github/philippheuer/events4j/events4j-api/0.9.8/events4j-api-0.9.8.pom (2.2 kB at 5.6 kB/s)
[INFO] Downloading from twitter4j.org: https://twitter4j.org/maven2/com/github/philippheuer/events4j/events4j-handler-simple/0.9.8/events4j-handler-simple-0.9.8.pom
[INFO] Downloading from jitpack.io: https://jitpack.io/com/github/philippheuer/events4j/events4j-handler-simple/0.9.8/events4j-handler-simple-0.9.8.pom
[INFO] Downloading from dv8tion: https://m2.dv8tion.net/releases/com/github/philippheuer/events4j/events4j-handler-simple/0.9.8/events4j-handler-simple-0.9.8.pom
[INFO] Downloading from bintray-jcenter: https://jcenter.bintray.com/com/github/philippheuer/events4j/events4j-handler-simple/0.9.8/events4j-handler-simple-0.9.8.pom
[INFO] Downloaded from bintray-jcenter: https://jcenter.bintray.com/com/github/philippheuer/events4j/events4j-handler-simple/0.9.8/events4j-handler-simple-0.9.8.pom (2.5 kB at 5.7 kB/s)
[INFO] Downloading from twitter4j.org: https://twitter4j.org/maven2/io/github/openfeign/feign-slf4j/11.6/feign-slf4j-11.6.pom
[INFO] Downloading from jitpack.io: https://jitpack.io/io/github/openfeign/feign-slf4j/11.6/feign-slf4j-11.6.pom
[INFO] Downloading from dv8tion: https://m2.dv8tion.net/releases/io/github/openfeign/feign-slf4j/11.6/feign-slf4j-11.6.pom
[INFO] Downloading from bintray-jcenter: https://jcenter.bintray.com/io/github/openfeign/feign-slf4j/11.6/feign-slf4j-11.6.pom
[INFO] Downloaded from bintray-jcenter: https://jcenter.bintray.com/io/github/openfeign/feign-slf4j/11.6/feign-slf4j-11.6.pom (1.9 kB at 4.3 kB/s)
[INFO] Downloading from twitter4j.org: https://twitter4j.org/maven2/io/github/openfeign/parent/11.6/parent-11.6.pom
[INFO] Downloading from jitpack.io: https://jitpack.io/io/github/openfeign/parent/11.6/parent-11.6.pom
[INFO] Downloading from dv8tion: https://m2.dv8tion.net/releases/io/github/openfeign/parent/11.6/parent-11.6.pom
[INFO] Downloading from bintray-jcenter: https://jcenter.bintray.com/io/github/openfeign/parent/11.6/parent-11.6.pom
[INFO] Downloaded from bintray-jcenter: https://jcenter.bintray.com/io/github/openfeign/parent/11.6/parent-11.6.pom (28 kB at 80 kB/s)
[INFO] Downloading from twitter4j.org: https://twitter4j.org/maven2/com/squareup/okhttp3/okhttp-bom/4.6.0/okhttp-bom-4.6.0.pom
[INFO] Downloading from jitpack.io: https://jitpack.io/com/squareup/okhttp3/okhttp-bom/4.6.0/okhttp-bom-4.6.0.pom
[INFO] Downloading from dv8tion: https://m2.dv8tion.net/releases/com/squareup/okhttp3/okhttp-bom/4.6.0/okhttp-bom-4.6.0.pom
[INFO] Downloading from bintray-jcenter: https://jcenter.bintray.com/com/squareup/okhttp3/okhttp-bom/4.6.0/okhttp-bom-4.6.0.pom
[INFO] Downloaded from bintray-jcenter: https://jcenter.bintray.com/com/squareup/okhttp3/okhttp-bom/4.6.0/okhttp-bom-4.6.0.pom (3.0 kB at 9.1 kB/s)
[INFO] Downloading from twitter4j.org: https://twitter4j.org/maven2/io/github/openfeign/feign-core/11.6/feign-core-11.6.pom
[INFO] Downloading from jitpack.io: https://jitpack.io/io/github/openfeign/feign-core/11.6/feign-core-11.6.pom
[INFO] Downloading from dv8tion: https://m2.dv8tion.net/releases/io/github/openfeign/feign-core/11.6/feign-core-11.6.pom
[INFO] Downloading from bintray-jcenter: https://jcenter.bintray.com/io/github/openfeign/feign-core/11.6/feign-core-11.6.pom
[INFO] Downloaded from bintray-jcenter: https://jcenter.bintray.com/io/github/openfeign/feign-core/11.6/feign-core-11.6.pom (3.1 kB at 7.5 kB/s)
[INFO] Downloading from twitter4j.org: https://twitter4j.org/maven2/io/github/openfeign/feign-okhttp/11.6/feign-okhttp-11.6.pom
[INFO] Downloading from jitpack.io: https://jitpack.io/io/github/openfeign/feign-okhttp/11.6/feign-okhttp-11.6.pom
[INFO] Downloading from dv8tion: https://m2.dv8tion.net/releases/io/github/openfeign/feign-okhttp/11.6/feign-okhttp-11.6.pom
[INFO] Downloading from bintray-jcenter: https://jcenter.bintray.com/io/github/openfeign/feign-okhttp/11.6/feign-okhttp-11.6.pom
[INFO] Downloaded from bintray-jcenter: https://jcenter.bintray.com/io/github/openfeign/feign-okhttp/11.6/feign-okhttp-11.6.pom (1.8 kB at 4.5 kB/s)
[INFO] Downloading from twitter4j.org: https://twitter4j.org/maven2/io/github/openfeign/feign-jackson/11.6/feign-jackson-11.6.pom
[INFO] Downloading from jitpack.io: https://jitpack.io/io/github/openfeign/feign-jackson/11.6/feign-jackson-11.6.pom
[INFO] Downloading from dv8tion: https://m2.dv8tion.net/releases/io/github/openfeign/feign-jackson/11.6/feign-jackson-11.6.pom
[INFO] Downloading from bintray-jcenter: https://jcenter.bintray.com/io/github/openfeign/feign-jackson/11.6/feign-jackson-11.6.pom
[INFO] Downloaded from bintray-jcenter: https://jcenter.bintray.com/io/github/openfeign/feign-jackson/11.6/feign-jackson-11.6.pom (1.7 kB at 4.1 kB/s)
[INFO] Downloading from twitter4j.org: https://twitter4j.org/maven2/io/github/openfeign/feign-hystrix/11.6/feign-hystrix-11.6.pom
[INFO] Downloading from jitpack.io: https://jitpack.io/io/github/openfeign/feign-hystrix/11.6/feign-hystrix-11.6.pom
[INFO] Downloading from dv8tion: https://m2.dv8tion.net/releases/io/github/openfeign/feign-hystrix/11.6/feign-hystrix-11.6.pom
[INFO] Downloading from bintray-jcenter: https://jcenter.bintray.com/io/github/openfeign/feign-hystrix/11.6/feign-hystrix-11.6.pom
[INFO] Downloaded from bintray-jcenter: https://jcenter.bintray.com/io/github/openfeign/feign-hystrix/11.6/feign-hystrix-11.6.pom (2.7 kB at 6.3 kB/s)
[INFO] Downloading from twitter4j.org: https://twitter4j.org/maven2/com/netflix/archaius/archaius-core/0.7.7/archaius-core-0.7.7.pom
[INFO] Downloading from jitpack.io: https://jitpack.io/com/netflix/archaius/archaius-core/0.7.7/archaius-core-0.7.7.pom
[INFO] Downloading from dv8tion: https://m2.dv8tion.net/releases/com/netflix/archaius/archaius-core/0.7.7/archaius-core-0.7.7.pom
[INFO] Downloading from bintray-jcenter: https://jcenter.bintray.com/com/netflix/archaius/archaius-core/0.7.7/archaius-core-0.7.7.pom
[INFO] Downloaded from bintray-jcenter: https://jcenter.bintray.com/com/netflix/archaius/archaius-core/0.7.7/archaius-core-0.7.7.pom (3.9 kB at 12 kB/s)
[INFO] Downloading from twitter4j.org: https://twitter4j.org/maven2/com/github/twitch4j/twitch4j-auth/1.5.1/twitch4j-auth-1.5.1.pom
[INFO] Downloading from jitpack.io: https://jitpack.io/com/github/twitch4j/twitch4j-auth/1.5.1/twitch4j-auth-1.5.1.pom
[INFO] Downloading from dv8tion: https://m2.dv8tion.net/releases/com/github/twitch4j/twitch4j-auth/1.5.1/twitch4j-auth-1.5.1.pom
[INFO] Downloading from bintray-jcenter: https://jcenter.bintray.com/com/github/twitch4j/twitch4j-auth/1.5.1/twitch4j-auth-1.5.1.pom
[INFO] Downloaded from bintray-jcenter: https://jcenter.bintray.com/com/github/twitch4j/twitch4j-auth/1.5.1/twitch4j-auth-1.5.1.pom (5.7 kB at 14 kB/s)
[INFO] Downloading from twitter4j.org: https://twitter4j.org/maven2/com/github/twitch4j/twitch4j-chat/1.5.1/twitch4j-chat-1.5.1.pom
[INFO] Downloading from jitpack.io: https://jitpack.io/com/github/twitch4j/twitch4j-chat/1.5.1/twitch4j-chat-1.5.1.pom
[INFO] Downloading from dv8tion: https://m2.dv8tion.net/releases/com/github/twitch4j/twitch4j-chat/1.5.1/twitch4j-chat-1.5.1.pom
[INFO] Downloading from bintray-jcenter: https://jcenter.bintray.com/com/github/twitch4j/twitch4j-chat/1.5.1/twitch4j-chat-1.5.1.pom
[INFO] Downloaded from bintray-jcenter: https://jcenter.bintray.com/com/github/twitch4j/twitch4j-chat/1.5.1/twitch4j-chat-1.5.1.pom (5.9 kB at 15 kB/s)
[INFO] Downloading from twitter4j.org: https://twitter4j.org/maven2/com/github/twitch4j/twitch4j-common/1.5.1/twitch4j-common-1.5.1.pom
[INFO] Downloading from jitpack.io: https://jitpack.io/com/github/twitch4j/twitch4j-common/1.5.1/twitch4j-common-1.5.1.pom
[INFO] Downloading from dv8tion: https://m2.dv8tion.net/releases/com/github/twitch4j/twitch4j-common/1.5.1/twitch4j-common-1.5.1.pom
[INFO] Downloading from bintray-jcenter: https://jcenter.bintray.com/com/github/twitch4j/twitch4j-common/1.5.1/twitch4j-common-1.5.1.pom
[INFO] Downloaded from bintray-jcenter: https://jcenter.bintray.com/com/github/twitch4j/twitch4j-common/1.5.1/twitch4j-common-1.5.1.pom (5.9 kB at 14 kB/s)
[INFO] Downloading from twitter4j.org: https://twitter4j.org/maven2/com/github/twitch4j/twitch4j-eventsub-common/1.5.1/twitch4j-eventsub-common-1.5.1.pom
[INFO] Downloading from jitpack.io: https://jitpack.io/com/github/twitch4j/twitch4j-eventsub-common/1.5.1/twitch4j-eventsub-common-1.5.1.pom
[INFO] Downloading from dv8tion: https://m2.dv8tion.net/releases/com/github/twitch4j/twitch4j-eventsub-common/1.5.1/twitch4j-eventsub-common-1.5.1.pom
[INFO] Downloading from bintray-jcenter: https://jcenter.bintray.com/com/github/twitch4j/twitch4j-eventsub-common/1.5.1/twitch4j-eventsub-common-1.5.1.pom
[INFO] Downloaded from bintray-jcenter: https://jcenter.bintray.com/com/github/twitch4j/twitch4j-eventsub-common/1.5.1/twitch4j-eventsub-common-1.5.1.pom (6.1 kB at 14 kB/s)
[INFO] Downloading from twitter4j.org: https://twitter4j.org/maven2/com/github/twitch4j/twitch4j-graphql/1.5.1/twitch4j-graphql-1.5.1.pom
[INFO] Downloading from jitpack.io: https://jitpack.io/com/github/twitch4j/twitch4j-graphql/1.5.1/twitch4j-graphql-1.5.1.pom
[INFO] Downloading from dv8tion: https://m2.dv8tion.net/releases/com/github/twitch4j/twitch4j-graphql/1.5.1/twitch4j-graphql-1.5.1.pom
[INFO] Downloading from bintray-jcenter: https://jcenter.bintray.com/com/github/twitch4j/twitch4j-graphql/1.5.1/twitch4j-graphql-1.5.1.pom
[INFO] Downloaded from bintray-jcenter: https://jcenter.bintray.com/com/github/twitch4j/twitch4j-graphql/1.5.1/twitch4j-graphql-1.5.1.pom (6.1 kB at 14 kB/s)
[INFO] Downloading from twitter4j.org: https://twitter4j.org/maven2/com/apollographql/apollo/apollo-runtime/2.5.9/apollo-runtime-2.5.9.pom
[INFO] Downloading from jitpack.io: https://jitpack.io/com/apollographql/apollo/apollo-runtime/2.5.9/apollo-runtime-2.5.9.pom
[INFO] Downloading from dv8tion: https://m2.dv8tion.net/releases/com/apollographql/apollo/apollo-runtime/2.5.9/apollo-runtime-2.5.9.pom
[INFO] Downloading from bintray-jcenter: https://jcenter.bintray.com/com/apollographql/apollo/apollo-runtime/2.5.9/apollo-runtime-2.5.9.pom
[INFO] Downloaded from bintray-jcenter: https://jcenter.bintray.com/com/apollographql/apollo/apollo-runtime/2.5.9/apollo-runtime-2.5.9.pom (2.5 kB at 7.5 kB/s)
[INFO] Downloading from twitter4j.org: https://twitter4j.org/maven2/com/apollographql/apollo/apollo-api-jvm/2.5.9/apollo-api-jvm-2.5.9.pom
[INFO] Downloading from jitpack.io: https://jitpack.io/com/apollographql/apollo/apollo-api-jvm/2.5.9/apollo-api-jvm-2.5.9.pom
[INFO] Downloading from dv8tion: https://m2.dv8tion.net/releases/com/apollographql/apollo/apollo-api-jvm/2.5.9/apollo-api-jvm-2.5.9.pom
[INFO] Downloading from bintray-jcenter: https://jcenter.bintray.com/com/apollographql/apollo/apollo-api-jvm/2.5.9/apollo-api-jvm-2.5.9.pom
[INFO] Downloaded from bintray-jcenter: https://jcenter.bintray.com/com/apollographql/apollo/apollo-api-jvm/2.5.9/apollo-api-jvm-2.5.9.pom (2.1 kB at 6.2 kB/s)
[INFO] Downloading from twitter4j.org: https://twitter4j.org/maven2/com/apollographql/apollo/apollo-normalized-cache-jvm/2.5.9/apollo-normalized-cache-jvm-2.5.9.pom
[INFO] Downloading from jitpack.io: https://jitpack.io/com/apollographql/apollo/apollo-normalized-cache-jvm/2.5.9/apollo-normalized-cache-jvm-2.5.9.pom
[INFO] Downloading from dv8tion: https://m2.dv8tion.net/releases/com/apollographql/apollo/apollo-normalized-cache-jvm/2.5.9/apollo-normalized-cache-jvm-2.5.9.pom
[INFO] Downloading from bintray-jcenter: https://jcenter.bintray.com/com/apollographql/apollo/apollo-normalized-cache-jvm/2.5.9/apollo-normalized-cache-jvm-2.5.9.pom
[INFO] Downloaded from bintray-jcenter: https://jcenter.bintray.com/com/apollographql/apollo/apollo-normalized-cache-jvm/2.5.9/apollo-normalized-cache-jvm-2.5.9.pom (2.5 kB at 7.7 kB/s)
[INFO] Downloading from twitter4j.org: https://twitter4j.org/maven2/com/apollographql/apollo/apollo-normalized-cache-api-jvm/2.5.9/apollo-normalized-cache-api-jvm-2.5.9.pom
[INFO] Downloading from jitpack.io: https://jitpack.io/com/apollographql/apollo/apollo-normalized-cache-api-jvm/2.5.9/apollo-normalized-cache-api-jvm-2.5.9.pom
[INFO] Downloading from dv8tion: https://m2.dv8tion.net/releases/com/apollographql/apollo/apollo-normalized-cache-api-jvm/2.5.9/apollo-normalized-cache-api-jvm-2.5.9.pom
[INFO] Downloading from bintray-jcenter: https://jcenter.bintray.com/com/apollographql/apollo/apollo-normalized-cache-api-jvm/2.5.9/apollo-normalized-cache-api-jvm-2.5.9.pom
[INFO] Downloaded from bintray-jcenter: https://jcenter.bintray.com/com/apollographql/apollo/apollo-normalized-cache-api-jvm/2.5.9/apollo-normalized-cache-api-jvm-2.5.9.pom (2.5 kB at 7.5 kB/s)
[INFO] Downloading from twitter4j.org: https://twitter4j.org/maven2/com/apollographql/apollo/apollo-http-cache-api/2.5.9/apollo-http-cache-api-2.5.9.pom
[INFO] Downloading from jitpack.io: https://jitpack.io/com/apollographql/apollo/apollo-http-cache-api/2.5.9/apollo-http-cache-api-2.5.9.pom
[INFO] Downloading from dv8tion: https://m2.dv8tion.net/releases/com/apollographql/apollo/apollo-http-cache-api/2.5.9/apollo-http-cache-api-2.5.9.pom
[INFO] Downloading from bintray-jcenter: https://jcenter.bintray.com/com/apollographql/apollo/apollo-http-cache-api/2.5.9/apollo-http-cache-api-2.5.9.pom
[INFO] Downloaded from bintray-jcenter: https://jcenter.bintray.com/com/apollographql/apollo/apollo-http-cache-api/2.5.9/apollo-http-cache-api-2.5.9.pom (1.9 kB at 5.5 kB/s)
[INFO] Downloading from twitter4j.org: https://twitter4j.org/maven2/com/github/twitch4j/twitch4j-pubsub/1.5.1/twitch4j-pubsub-1.5.1.pom
[INFO] Downloading from jitpack.io: https://jitpack.io/com/github/twitch4j/twitch4j-pubsub/1.5.1/twitch4j-pubsub-1.5.1.pom
[INFO] Downloading from dv8tion: https://m2.dv8tion.net/releases/com/github/twitch4j/twitch4j-pubsub/1.5.1/twitch4j-pubsub-1.5.1.pom
[INFO] Downloading from bintray-jcenter: https://jcenter.bintray.com/com/github/twitch4j/twitch4j-pubsub/1.5.1/twitch4j-pubsub-1.5.1.pom
[INFO] Downloaded from bintray-jcenter: https://jcenter.bintray.com/com/github/twitch4j/twitch4j-pubsub/1.5.1/twitch4j-pubsub-1.5.1.pom (6.1 kB at 13 kB/s)
[INFO] Downloading from twitter4j.org: https://twitter4j.org/maven2/com/github/twitch4j/twitch4j-extensions/1.5.1/twitch4j-extensions-1.5.1.pom
[INFO] Downloading from jitpack.io: https://jitpack.io/com/github/twitch4j/twitch4j-extensions/1.5.1/twitch4j-extensions-1.5.1.pom
[INFO] Downloading from dv8tion: https://m2.dv8tion.net/releases/com/github/twitch4j/twitch4j-extensions/1.5.1/twitch4j-extensions-1.5.1.pom
[INFO] Downloading from bintray-jcenter: https://jcenter.bintray.com/com/github/twitch4j/twitch4j-extensions/1.5.1/twitch4j-extensions-1.5.1.pom
[INFO] Downloaded from bintray-jcenter: https://jcenter.bintray.com/com/github/twitch4j/twitch4j-extensions/1.5.1/twitch4j-extensions-1.5.1.pom (6.1 kB at 16 kB/s)
[INFO] Downloading from twitter4j.org: https://twitter4j.org/maven2/com/github/twitch4j/twitch4j-helix/1.5.1/twitch4j-helix-1.5.1.pom
[INFO] Downloading from jitpack.io: https://jitpack.io/com/github/twitch4j/twitch4j-helix/1.5.1/twitch4j-helix-1.5.1.pom
[INFO] Downloading from dv8tion: https://m2.dv8tion.net/releases/com/github/twitch4j/twitch4j-helix/1.5.1/twitch4j-helix-1.5.1.pom
[INFO] Downloading from bintray-jcenter: https://jcenter.bintray.com/com/github/twitch4j/twitch4j-helix/1.5.1/twitch4j-helix-1.5.1.pom
[INFO] Downloaded from bintray-jcenter: https://jcenter.bintray.com/com/github/twitch4j/twitch4j-helix/1.5.1/twitch4j-helix-1.5.1.pom (6.3 kB at 15 kB/s)
[INFO] Downloading from twitter4j.org: https://twitter4j.org/maven2/com/github/twitch4j/twitch4j-kraken/1.5.1/twitch4j-kraken-1.5.1.pom
[INFO] Downloading from jitpack.io: https://jitpack.io/com/github/twitch4j/twitch4j-kraken/1.5.1/twitch4j-kraken-1.5.1.pom
[INFO] Downloading from dv8tion: https://m2.dv8tion.net/releases/com/github/twitch4j/twitch4j-kraken/1.5.1/twitch4j-kraken-1.5.1.pom
[INFO] Downloading from bintray-jcenter: https://jcenter.bintray.com/com/github/twitch4j/twitch4j-kraken/1.5.1/twitch4j-kraken-1.5.1.pom
[INFO] Downloaded from bintray-jcenter: https://jcenter.bintray.com/com/github/twitch4j/twitch4j-kraken/1.5.1/twitch4j-kraken-1.5.1.pom (6.3 kB at 15 kB/s)
[INFO] Downloading from twitter4j.org: https://twitter4j.org/maven2/com/github/twitch4j/twitch4j-messaginginterface/1.5.1/twitch4j-messaginginterface-1.5.1.pom
[INFO] Downloading from jitpack.io: https://jitpack.io/com/github/twitch4j/twitch4j-messaginginterface/1.5.1/twitch4j-messaginginterface-1.5.1.pom
[INFO] Downloading from dv8tion: https://m2.dv8tion.net/releases/com/github/twitch4j/twitch4j-messaginginterface/1.5.1/twitch4j-messaginginterface-1.5.1.pom
[INFO] Downloading from bintray-jcenter: https://jcenter.bintray.com/com/github/twitch4j/twitch4j-messaginginterface/1.5.1/twitch4j-messaginginterface-1.5.1.pom
[INFO] Downloaded from bintray-jcenter: https://jcenter.bintray.com/com/github/twitch4j/twitch4j-messaginginterface/1.5.1/twitch4j-messaginginterface-1.5.1.pom (6.2 kB at 14 kB/s)
[INFO] Downloading from twitter4j.org: https://twitter4j.org/maven2/ch/qos/logback/logback-classic/1.3.0-alpha10/logback-classic-1.3.0-alpha10.pom
[INFO] Downloading from jitpack.io: https://jitpack.io/ch/qos/logback/logback-classic/1.3.0-alpha10/logback-classic-1.3.0-alpha10.pom
[INFO] Downloading from dv8tion: https://m2.dv8tion.net/releases/ch/qos/logback/logback-classic/1.3.0-alpha10/logback-classic-1.3.0-alpha10.pom
[INFO] Downloading from bintray-jcenter: https://jcenter.bintray.com/ch/qos/logback/logback-classic/1.3.0-alpha10/logback-classic-1.3.0-alpha10.pom
[INFO] Downloaded from bintray-jcenter: https://jcenter.bintray.com/ch/qos/logback/logback-classic/1.3.0-alpha10/logback-classic-1.3.0-alpha10.pom (12 kB at 73 kB/s)
[INFO] Downloading from twitter4j.org: https://twitter4j.org/maven2/ch/qos/logback/logback-parent/1.3.0-alpha10/logback-parent-1.3.0-alpha10.pom
[INFO] Downloading from jitpack.io: https://jitpack.io/ch/qos/logback/logback-parent/1.3.0-alpha10/logback-parent-1.3.0-alpha10.pom
[INFO] Downloading from dv8tion: https://m2.dv8tion.net/releases/ch/qos/logback/logback-parent/1.3.0-alpha10/logback-parent-1.3.0-alpha10.pom
[INFO] Downloading from bintray-jcenter: https://jcenter.bintray.com/ch/qos/logback/logback-parent/1.3.0-alpha10/logback-parent-1.3.0-alpha10.pom
[INFO] Downloaded from bintray-jcenter: https://jcenter.bintray.com/ch/qos/logback/logback-parent/1.3.0-alpha10/logback-parent-1.3.0-alpha10.pom (20 kB at 46 kB/s)
[INFO] Downloading from twitter4j.org: https://twitter4j.org/maven2/ch/qos/logback/logback-core/1.3.0-alpha10/logback-core-1.3.0-alpha10.pom
[INFO] Downloading from jitpack.io: https://jitpack.io/ch/qos/logback/logback-core/1.3.0-alpha10/logback-core-1.3.0-alpha10.pom
[INFO] Downloading from dv8tion: https://m2.dv8tion.net/releases/ch/qos/logback/logback-core/1.3.0-alpha10/logback-core-1.3.0-alpha10.pom
[INFO] Downloading from bintray-jcenter: https://jcenter.bintray.com/ch/qos/logback/logback-core/1.3.0-alpha10/logback-core-1.3.0-alpha10.pom
[INFO] Downloaded from bintray-jcenter: https://jcenter.bintray.com/ch/qos/logback/logback-core/1.3.0-alpha10/logback-core-1.3.0-alpha10.pom (5.2 kB at 14 kB/s)
[INFO] Downloading from twitter4j.org: https://twitter4j.org/maven2/org/slf4j/slf4j-api/2.0.0-alpha4/slf4j-api-2.0.0-alpha4.pom
[INFO] Downloading from jitpack.io: https://jitpack.io/org/slf4j/slf4j-api/2.0.0-alpha4/slf4j-api-2.0.0-alpha4.pom
[INFO] Downloading from dv8tion: https://m2.dv8tion.net/releases/org/slf4j/slf4j-api/2.0.0-alpha4/slf4j-api-2.0.0-alpha4.pom
[INFO] Downloading from bintray-jcenter: https://jcenter.bintray.com/org/slf4j/slf4j-api/2.0.0-alpha4/slf4j-api-2.0.0-alpha4.pom
[INFO] Downloaded from bintray-jcenter: https://jcenter.bintray.com/org/slf4j/slf4j-api/2.0.0-alpha4/slf4j-api-2.0.0-alpha4.pom (1.6 kB at 10 kB/s)
[INFO] Downloading from twitter4j.org: https://twitter4j.org/maven2/org/slf4j/slf4j-parent/2.0.0-alpha4/slf4j-parent-2.0.0-alpha4.pom
[INFO] Downloading from jitpack.io: https://jitpack.io/org/slf4j/slf4j-parent/2.0.0-alpha4/slf4j-parent-2.0.0-alpha4.pom
[INFO] Downloading from dv8tion: https://m2.dv8tion.net/releases/org/slf4j/slf4j-parent/2.0.0-alpha4/slf4j-parent-2.0.0-alpha4.pom
[INFO] Downloading from bintray-jcenter: https://jcenter.bintray.com/org/slf4j/slf4j-parent/2.0.0-alpha4/slf4j-parent-2.0.0-alpha4.pom
[INFO] Downloaded from bintray-jcenter: https://jcenter.bintray.com/org/slf4j/slf4j-parent/2.0.0-alpha4/slf4j-parent-2.0.0-alpha4.pom (17 kB at 102 kB/s)
[INFO] Downloading from bintray-jcenter: https://jcenter.bintray.com/com/github/jagrosh/lavaplayer/-SNAPSHOT/maven-metadata.xml
[INFO] Downloading from dv8tion: https://m2.dv8tion.net/releases/com/github/jagrosh/lavaplayer/-SNAPSHOT/maven-metadata.xml
[INFO] Downloading from twitter4j.org: https://twitter4j.org/maven2/com/github/jagrosh/lavaplayer/-SNAPSHOT/maven-metadata.xml
[INFO] Downloading from jitpack.io: https://jitpack.io/com/github/jagrosh/lavaplayer/-SNAPSHOT/maven-metadata.xml
[INFO] Downloaded from jitpack.io: https://jitpack.io/com/github/jagrosh/lavaplayer/-SNAPSHOT/maven-metadata.xml (380 B at 1.1 kB/s)
[WARNING] Could not transfer metadata com.github.jagrosh:lavaplayer:-SNAPSHOT/maven-metadata.xml from/to twitter4j.org (https://twitter4j.org/maven2): authorization failed for https://twitter4j.org/maven2/com/github/jagrosh/lavaplayer/-SNAPSHOT/maven-metadata.xml, status: 403 Forbidden
[WARNING] com.github.jagrosh:lavaplayer:-SNAPSHOT/maven-metadata.xmlfailed to transfer from https://twitter4j.org/maven2 during a previous attempt. This failure was cached in the local repository and resolution will not be reattempted until the update interval of twitter4j.org has elapsed or updates are forced. Original error: Could not transfer metadata com.github.jagrosh:lavaplayer:-SNAPSHOT/maven-metadata.xml from/to twitter4j.org (https://twitter4j.org/maven2): authorization failed for https://twitter4j.org/maven2/com/github/jagrosh/lavaplayer/-SNAPSHOT/maven-metadata.xml, status: 403 Forbidden
[INFO] Downloading from twitter4j.org: https://twitter4j.org/maven2/com/github/jagrosh/JLyrics/-SNAPSHOT/maven-metadata.xml
[INFO] Downloading from jitpack.io: https://jitpack.io/com/github/jagrosh/JLyrics/-SNAPSHOT/maven-metadata.xml
[INFO] Downloading from dv8tion: https://m2.dv8tion.net/releases/com/github/jagrosh/JLyrics/-SNAPSHOT/maven-metadata.xml
[INFO] Downloading from bintray-jcenter: https://jcenter.bintray.com/com/github/jagrosh/JLyrics/-SNAPSHOT/maven-metadata.xml
[INFO] Downloaded from jitpack.io: https://jitpack.io/com/github/jagrosh/JLyrics/-SNAPSHOT/maven-metadata.xml (377 B at 473 B/s)
[WARNING] Could not transfer metadata com.github.jagrosh:JLyrics:-SNAPSHOT/maven-metadata.xml from/to twitter4j.org (https://twitter4j.org/maven2): authorization failed for https://twitter4j.org/maven2/com/github/jagrosh/JLyrics/-SNAPSHOT/maven-metadata.xml, status: 403 Forbidden
[WARNING] com.github.jagrosh:JLyrics:-SNAPSHOT/maven-metadata.xmlfailed to transfer from https://twitter4j.org/maven2 during a previous attempt. This failure was cached in the local repository and resolution will not be reattempted until the update interval of twitter4j.org has elapsed or updates are forced. Original error: Could not transfer metadata com.github.jagrosh:JLyrics:-SNAPSHOT/maven-metadata.xml from/to twitter4j.org (https://twitter4j.org/maven2): authorization failed for https://twitter4j.org/maven2/com/github/jagrosh/JLyrics/-SNAPSHOT/maven-metadata.xml, status: 403 Forbidden
[INFO] Downloading from twitter4j.org: https://twitter4j.org/maven2/club/minnced/discord-webhooks/0.7.2/discord-webhooks-0.7.2.jar
[INFO] Downloading from twitter4j.org: https://twitter4j.org/maven2/com/google/api-client/google-api-client/1.32.2/google-api-client-1.32.2.jar
[INFO] Downloading from twitter4j.org: https://twitter4j.org/maven2/com/google/http-client/google-http-client-jackson2/1.40.1/google-http-client-jackson2-1.40.1.jar
[INFO] Downloading from twitter4j.org: https://twitter4j.org/maven2/com/google/api-client/google-api-client-jackson2/1.32.2/google-api-client-jackson2-1.32.2.jar
[INFO] Downloading from twitter4j.org: https://twitter4j.org/maven2/com/google/api-client/google-api-client-java6/1.32.2/google-api-client-java6-1.32.2.jar
[INFO] Downloading from twitter4j.org: https://twitter4j.org/maven2/com/google/oauth-client/google-oauth-client-java6/1.32.1/google-oauth-client-java6-1.32.1.jar
[INFO] Downloading from twitter4j.org: https://twitter4j.org/maven2/com/google/oauth-client/google-oauth-client-jetty/1.32.1/google-oauth-client-jetty-1.32.1.jar
[INFO] Downloading from twitter4j.org: https://twitter4j.org/maven2/se/michaelthelin/spotify/spotify-web-api-java/6.5.5/spotify-web-api-java-6.5.5.jar
[INFO] Downloading from twitter4j.org: https://twitter4j.org/maven2/net/dv8tion/JDA/4.3.0_334/JDA-4.3.0_334.jar
[INFO] Downloading from twitter4j.org: https://twitter4j.org/maven2/com/github/twitch4j/twitch4j/1.5.1/twitch4j-1.5.1.jar
[INFO] Downloading from twitter4j.org: https://twitter4j.org/maven2/com/github/vladimir-bukhtoyarov/bucket4j-core/4.7.0/bucket4j-core-4.7.0.jar
[INFO] Downloading from twitter4j.org: https://twitter4j.org/maven2/com/github/philippheuer/events4j/events4j-core/0.9.8/events4j-core-0.9.8.jar
[INFO] Downloading from twitter4j.org: https://twitter4j.org/maven2/com/github/philippheuer/events4j/events4j-api/0.9.8/events4j-api-0.9.8.jar
[INFO] Downloading from twitter4j.org: https://twitter4j.org/maven2/com/github/philippheuer/events4j/events4j-handler-simple/0.9.8/events4j-handler-simple-0.9.8.jar
[INFO] Downloading from twitter4j.org: https://twitter4j.org/maven2/io/github/openfeign/feign-slf4j/11.6/feign-slf4j-11.6.jar
[INFO] Downloading from twitter4j.org: https://twitter4j.org/maven2/io/github/openfeign/feign-core/11.6/feign-core-11.6.jar
[INFO] Downloading from twitter4j.org: https://twitter4j.org/maven2/io/github/openfeign/feign-okhttp/11.6/feign-okhttp-11.6.jar
[INFO] Downloading from twitter4j.org: https://twitter4j.org/maven2/io/github/openfeign/feign-jackson/11.6/feign-jackson-11.6.jar
[INFO] Downloading from twitter4j.org: https://twitter4j.org/maven2/io/github/openfeign/feign-hystrix/11.6/feign-hystrix-11.6.jar
[INFO] Downloading from twitter4j.org: https://twitter4j.org/maven2/com/netflix/archaius/archaius-core/0.7.7/archaius-core-0.7.7.jar
[INFO] Downloading from twitter4j.org: https://twitter4j.org/maven2/com/github/twitch4j/twitch4j-auth/1.5.1/twitch4j-auth-1.5.1.jar
[INFO] Downloading from twitter4j.org: https://twitter4j.org/maven2/com/github/twitch4j/twitch4j-chat/1.5.1/twitch4j-chat-1.5.1.jar
[INFO] Downloading from twitter4j.org: https://twitter4j.org/maven2/com/github/twitch4j/twitch4j-common/1.5.1/twitch4j-common-1.5.1.jar
[INFO] Downloading from twitter4j.org: https://twitter4j.org/maven2/com/github/twitch4j/twitch4j-eventsub-common/1.5.1/twitch4j-eventsub-common-1.5.1.jar
[INFO] Downloading from twitter4j.org: https://twitter4j.org/maven2/com/github/twitch4j/twitch4j-graphql/1.5.1/twitch4j-graphql-1.5.1.jar
[INFO] Downloading from twitter4j.org: https://twitter4j.org/maven2/com/apollographql/apollo/apollo-runtime/2.5.9/apollo-runtime-2.5.9.jar
[INFO] Downloading from twitter4j.org: https://twitter4j.org/maven2/com/apollographql/apollo/apollo-api-jvm/2.5.9/apollo-api-jvm-2.5.9.jar
[INFO] Downloading from twitter4j.org: https://twitter4j.org/maven2/com/apollographql/apollo/apollo-normalized-cache-jvm/2.5.9/apollo-normalized-cache-jvm-2.5.9.jar
[INFO] Downloading from twitter4j.org: https://twitter4j.org/maven2/com/apollographql/apollo/apollo-normalized-cache-api-jvm/2.5.9/apollo-normalized-cache-api-jvm-2.5.9.jar
[INFO] Downloading from twitter4j.org: https://twitter4j.org/maven2/com/apollographql/apollo/apollo-http-cache-api/2.5.9/apollo-http-cache-api-2.5.9.jar
[INFO] Downloading from twitter4j.org: https://twitter4j.org/maven2/com/github/twitch4j/twitch4j-pubsub/1.5.1/twitch4j-pubsub-1.5.1.jar
[INFO] Downloading from twitter4j.org: https://twitter4j.org/maven2/com/github/twitch4j/twitch4j-extensions/1.5.1/twitch4j-extensions-1.5.1.jar
[INFO] Downloading from twitter4j.org: https://twitter4j.org/maven2/com/github/twitch4j/twitch4j-helix/1.5.1/twitch4j-helix-1.5.1.jar
[INFO] Downloading from twitter4j.org: https://twitter4j.org/maven2/com/github/twitch4j/twitch4j-kraken/1.5.1/twitch4j-kraken-1.5.1.jar
[INFO] Downloading from twitter4j.org: https://twitter4j.org/maven2/com/github/twitch4j/twitch4j-messaginginterface/1.5.1/twitch4j-messaginginterface-1.5.1.jar
[INFO] Downloading from twitter4j.org: https://twitter4j.org/maven2/ch/qos/logback/logback-classic/1.3.0-alpha10/logback-classic-1.3.0-alpha10.jar
[INFO] Downloading from twitter4j.org: https://twitter4j.org/maven2/ch/qos/logback/logback-core/1.3.0-alpha10/logback-core-1.3.0-alpha10.jar
[INFO] Downloading from jitpack.io: https://jitpack.io/club/minnced/discord-webhooks/0.7.2/discord-webhooks-0.7.2.jar
[INFO] Downloading from jitpack.io: https://jitpack.io/com/google/api-client/google-api-client/1.32.2/google-api-client-1.32.2.jar
[INFO] Downloading from jitpack.io: https://jitpack.io/com/google/http-client/google-http-client-jackson2/1.40.1/google-http-client-jackson2-1.40.1.jar
[INFO] Downloading from jitpack.io: https://jitpack.io/com/google/api-client/google-api-client-jackson2/1.32.2/google-api-client-jackson2-1.32.2.jar
[INFO] Downloading from jitpack.io: https://jitpack.io/com/google/api-client/google-api-client-java6/1.32.2/google-api-client-java6-1.32.2.jar
[INFO] Downloading from jitpack.io: https://jitpack.io/com/google/oauth-client/google-oauth-client-java6/1.32.1/google-oauth-client-java6-1.32.1.jar
[INFO] Downloading from jitpack.io: https://jitpack.io/com/google/oauth-client/google-oauth-client-jetty/1.32.1/google-oauth-client-jetty-1.32.1.jar
[INFO] Downloading from jitpack.io: https://jitpack.io/se/michaelthelin/spotify/spotify-web-api-java/6.5.5/spotify-web-api-java-6.5.5.jar
[INFO] Downloading from jitpack.io: https://jitpack.io/net/dv8tion/JDA/4.3.0_334/JDA-4.3.0_334.jar
[INFO] Downloading from jitpack.io: https://jitpack.io/com/github/twitch4j/twitch4j/1.5.1/twitch4j-1.5.1.jar
[INFO] Downloading from jitpack.io: https://jitpack.io/com/github/vladimir-bukhtoyarov/bucket4j-core/4.7.0/bucket4j-core-4.7.0.jar
[INFO] Downloading from jitpack.io: https://jitpack.io/com/github/philippheuer/events4j/events4j-core/0.9.8/events4j-core-0.9.8.jar
[INFO] Downloading from jitpack.io: https://jitpack.io/com/github/philippheuer/events4j/events4j-api/0.9.8/events4j-api-0.9.8.jar
[INFO] Downloading from jitpack.io: https://jitpack.io/com/github/philippheuer/events4j/events4j-handler-simple/0.9.8/events4j-handler-simple-0.9.8.jar
[INFO] Downloading from jitpack.io: https://jitpack.io/io/github/openfeign/feign-slf4j/11.6/feign-slf4j-11.6.jar
[INFO] Downloading from jitpack.io: https://jitpack.io/io/github/openfeign/feign-core/11.6/feign-core-11.6.jar
[INFO] Downloading from jitpack.io: https://jitpack.io/io/github/openfeign/feign-okhttp/11.6/feign-okhttp-11.6.jar
[INFO] Downloading from jitpack.io: https://jitpack.io/io/github/openfeign/feign-jackson/11.6/feign-jackson-11.6.jar
[INFO] Downloading from jitpack.io: https://jitpack.io/io/github/openfeign/feign-hystrix/11.6/feign-hystrix-11.6.jar
[INFO] Downloading from jitpack.io: https://jitpack.io/com/netflix/archaius/archaius-core/0.7.7/archaius-core-0.7.7.jar
[INFO] Downloading from jitpack.io: https://jitpack.io/com/github/twitch4j/twitch4j-auth/1.5.1/twitch4j-auth-1.5.1.jar
[INFO] Downloading from jitpack.io: https://jitpack.io/com/github/twitch4j/twitch4j-chat/1.5.1/twitch4j-chat-1.5.1.jar
[INFO] Downloading from jitpack.io: https://jitpack.io/com/github/twitch4j/twitch4j-common/1.5.1/twitch4j-common-1.5.1.jar
[INFO] Downloading from jitpack.io: https://jitpack.io/com/github/twitch4j/twitch4j-eventsub-common/1.5.1/twitch4j-eventsub-common-1.5.1.jar
[INFO] Downloading from jitpack.io: https://jitpack.io/com/github/twitch4j/twitch4j-graphql/1.5.1/twitch4j-graphql-1.5.1.jar
[INFO] Downloading from jitpack.io: https://jitpack.io/com/apollographql/apollo/apollo-runtime/2.5.9/apollo-runtime-2.5.9.jar
[INFO] Downloading from jitpack.io: https://jitpack.io/com/apollographql/apollo/apollo-api-jvm/2.5.9/apollo-api-jvm-2.5.9.jar
[INFO] Downloading from jitpack.io: https://jitpack.io/com/apollographql/apollo/apollo-normalized-cache-jvm/2.5.9/apollo-normalized-cache-jvm-2.5.9.jar
[INFO] Downloading from jitpack.io: https://jitpack.io/com/apollographql/apollo/apollo-normalized-cache-api-jvm/2.5.9/apollo-normalized-cache-api-jvm-2.5.9.jar
[INFO] Downloading from jitpack.io: https://jitpack.io/com/apollographql/apollo/apollo-http-cache-api/2.5.9/apollo-http-cache-api-2.5.9.jar
[INFO] Downloading from jitpack.io: https://jitpack.io/com/github/twitch4j/twitch4j-pubsub/1.5.1/twitch4j-pubsub-1.5.1.jar
[INFO] Downloading from jitpack.io: https://jitpack.io/com/github/twitch4j/twitch4j-extensions/1.5.1/twitch4j-extensions-1.5.1.jar
[INFO] Downloading from jitpack.io: https://jitpack.io/com/github/twitch4j/twitch4j-helix/1.5.1/twitch4j-helix-1.5.1.jar
[INFO] Downloading from jitpack.io: https://jitpack.io/com/github/twitch4j/twitch4j-kraken/1.5.1/twitch4j-kraken-1.5.1.jar
[INFO] Downloading from jitpack.io: https://jitpack.io/com/github/twitch4j/twitch4j-messaginginterface/1.5.1/twitch4j-messaginginterface-1.5.1.jar
[INFO] Downloading from jitpack.io: https://jitpack.io/ch/qos/logback/logback-classic/1.3.0-alpha10/logback-classic-1.3.0-alpha10.jar
[INFO] Downloading from jitpack.io: https://jitpack.io/ch/qos/logback/logback-core/1.3.0-alpha10/logback-core-1.3.0-alpha10.jar
[INFO] Downloading from dv8tion: https://m2.dv8tion.net/releases/club/minnced/discord-webhooks/0.7.2/discord-webhooks-0.7.2.jar
[INFO] Downloading from dv8tion: https://m2.dv8tion.net/releases/com/google/api-client/google-api-client/1.32.2/google-api-client-1.32.2.jar
[INFO] Downloading from dv8tion: https://m2.dv8tion.net/releases/com/google/http-client/google-http-client-jackson2/1.40.1/google-http-client-jackson2-1.40.1.jar
[INFO] Downloading from dv8tion: https://m2.dv8tion.net/releases/com/google/api-client/google-api-client-jackson2/1.32.2/google-api-client-jackson2-1.32.2.jar
[INFO] Downloading from dv8tion: https://m2.dv8tion.net/releases/com/google/api-client/google-api-client-java6/1.32.2/google-api-client-java6-1.32.2.jar
[INFO] Downloading from dv8tion: https://m2.dv8tion.net/releases/com/google/oauth-client/google-oauth-client-java6/1.32.1/google-oauth-client-java6-1.32.1.jar
[INFO] Downloading from dv8tion: https://m2.dv8tion.net/releases/com/google/oauth-client/google-oauth-client-jetty/1.32.1/google-oauth-client-jetty-1.32.1.jar
[INFO] Downloading from dv8tion: https://m2.dv8tion.net/releases/se/michaelthelin/spotify/spotify-web-api-java/6.5.5/spotify-web-api-java-6.5.5.jar
[INFO] Downloading from dv8tion: https://m2.dv8tion.net/releases/net/dv8tion/JDA/4.3.0_334/JDA-4.3.0_334.jar
[INFO] Downloading from dv8tion: https://m2.dv8tion.net/releases/com/github/twitch4j/twitch4j/1.5.1/twitch4j-1.5.1.jar
[INFO] Downloading from dv8tion: https://m2.dv8tion.net/releases/com/github/vladimir-bukhtoyarov/bucket4j-core/4.7.0/bucket4j-core-4.7.0.jar
[INFO] Downloading from dv8tion: https://m2.dv8tion.net/releases/com/github/philippheuer/events4j/events4j-core/0.9.8/events4j-core-0.9.8.jar
[INFO] Downloading from dv8tion: https://m2.dv8tion.net/releases/com/github/philippheuer/events4j/events4j-api/0.9.8/events4j-api-0.9.8.jar
[INFO] Downloading from dv8tion: https://m2.dv8tion.net/releases/com/github/philippheuer/events4j/events4j-handler-simple/0.9.8/events4j-handler-simple-0.9.8.jar
[INFO] Downloading from dv8tion: https://m2.dv8tion.net/releases/io/github/openfeign/feign-slf4j/11.6/feign-slf4j-11.6.jar
[INFO] Downloading from dv8tion: https://m2.dv8tion.net/releases/io/github/openfeign/feign-core/11.6/feign-core-11.6.jar
[INFO] Downloading from dv8tion: https://m2.dv8tion.net/releases/io/github/openfeign/feign-okhttp/11.6/feign-okhttp-11.6.jar
[INFO] Downloading from dv8tion: https://m2.dv8tion.net/releases/io/github/openfeign/feign-jackson/11.6/feign-jackson-11.6.jar
[INFO] Downloading from dv8tion: https://m2.dv8tion.net/releases/io/github/openfeign/feign-hystrix/11.6/feign-hystrix-11.6.jar
[INFO] Downloading from dv8tion: https://m2.dv8tion.net/releases/com/netflix/archaius/archaius-core/0.7.7/archaius-core-0.7.7.jar
[INFO] Downloading from dv8tion: https://m2.dv8tion.net/releases/com/github/twitch4j/twitch4j-auth/1.5.1/twitch4j-auth-1.5.1.jar
[INFO] Downloading from dv8tion: https://m2.dv8tion.net/releases/com/github/twitch4j/twitch4j-chat/1.5.1/twitch4j-chat-1.5.1.jar
[INFO] Downloaded from dv8tion: https://m2.dv8tion.net/releases/net/dv8tion/JDA/4.3.0_334/JDA-4.3.0_334.jar (1.5 MB at 784 kB/s)
[INFO] Downloading from dv8tion: https://m2.dv8tion.net/releases/com/github/twitch4j/twitch4j-common/1.5.1/twitch4j-common-1.5.1.jar
[INFO] Downloading from dv8tion: https://m2.dv8tion.net/releases/com/github/twitch4j/twitch4j-eventsub-common/1.5.1/twitch4j-eventsub-common-1.5.1.jar
[INFO] Downloading from dv8tion: https://m2.dv8tion.net/releases/com/github/twitch4j/twitch4j-graphql/1.5.1/twitch4j-graphql-1.5.1.jar
[INFO] Downloading from dv8tion: https://m2.dv8tion.net/releases/com/apollographql/apollo/apollo-runtime/2.5.9/apollo-runtime-2.5.9.jar
[INFO] Downloading from dv8tion: https://m2.dv8tion.net/releases/com/apollographql/apollo/apollo-api-jvm/2.5.9/apollo-api-jvm-2.5.9.jar
[INFO] Downloading from dv8tion: https://m2.dv8tion.net/releases/com/apollographql/apollo/apollo-normalized-cache-jvm/2.5.9/apollo-normalized-cache-jvm-2.5.9.jar
[INFO] Downloading from dv8tion: https://m2.dv8tion.net/releases/com/apollographql/apollo/apollo-normalized-cache-api-jvm/2.5.9/apollo-normalized-cache-api-jvm-2.5.9.jar
[INFO] Downloading from dv8tion: https://m2.dv8tion.net/releases/com/apollographql/apollo/apollo-http-cache-api/2.5.9/apollo-http-cache-api-2.5.9.jar
[INFO] Downloading from dv8tion: https://m2.dv8tion.net/releases/com/github/twitch4j/twitch4j-pubsub/1.5.1/twitch4j-pubsub-1.5.1.jar
[INFO] Downloading from dv8tion: https://m2.dv8tion.net/releases/com/github/twitch4j/twitch4j-extensions/1.5.1/twitch4j-extensions-1.5.1.jar
[INFO] Downloading from dv8tion: https://m2.dv8tion.net/releases/com/github/twitch4j/twitch4j-helix/1.5.1/twitch4j-helix-1.5.1.jar
[INFO] Downloading from dv8tion: https://m2.dv8tion.net/releases/com/github/twitch4j/twitch4j-kraken/1.5.1/twitch4j-kraken-1.5.1.jar
[INFO] Downloading from dv8tion: https://m2.dv8tion.net/releases/com/github/twitch4j/twitch4j-messaginginterface/1.5.1/twitch4j-messaginginterface-1.5.1.jar
[INFO] Downloading from dv8tion: https://m2.dv8tion.net/releases/ch/qos/logback/logback-classic/1.3.0-alpha10/logback-classic-1.3.0-alpha10.jar
[INFO] Downloading from dv8tion: https://m2.dv8tion.net/releases/ch/qos/logback/logback-core/1.3.0-alpha10/logback-core-1.3.0-alpha10.jar
[INFO] Downloading from bintray-jcenter: https://jcenter.bintray.com/club/minnced/discord-webhooks/0.7.2/discord-webhooks-0.7.2.jar
[INFO] Downloading from bintray-jcenter: https://jcenter.bintray.com/com/google/api-client/google-api-client/1.32.2/google-api-client-1.32.2.jar
[INFO] Downloading from bintray-jcenter: https://jcenter.bintray.com/com/google/http-client/google-http-client-jackson2/1.40.1/google-http-client-jackson2-1.40.1.jar
[INFO] Downloading from bintray-jcenter: https://jcenter.bintray.com/com/google/api-client/google-api-client-jackson2/1.32.2/google-api-client-jackson2-1.32.2.jar
[INFO] Downloading from bintray-jcenter: https://jcenter.bintray.com/com/google/api-client/google-api-client-java6/1.32.2/google-api-client-java6-1.32.2.jar
[INFO] Downloaded from bintray-jcenter: https://jcenter.bintray.com/com/google/api-client/google-api-client/1.32.2/google-api-client-1.32.2.jar (0 B at 0 B/s)
[INFO] Downloading from bintray-jcenter: https://jcenter.bintray.com/com/google/oauth-client/google-oauth-client-java6/1.32.1/google-oauth-client-java6-1.32.1.jar
[INFO] Downloaded from bintray-jcenter: https://jcenter.bintray.com/com/google/api-client/google-api-client-jackson2/1.32.2/google-api-client-jackson2-1.32.2.jar (0 B at 0 B/s)
[INFO] Downloading from bintray-jcenter: https://jcenter.bintray.com/com/google/oauth-client/google-oauth-client-jetty/1.32.1/google-oauth-client-jetty-1.32.1.jar
[INFO] Downloaded from bintray-jcenter: https://jcenter.bintray.com/com/google/http-client/google-http-client-jackson2/1.40.1/google-http-client-jackson2-1.40.1.jar (8.4 kB at 23 kB/s)
[INFO] Downloading from bintray-jcenter: https://jcenter.bintray.com/se/michaelthelin/spotify/spotify-web-api-java/6.5.5/spotify-web-api-java-6.5.5.jar
[INFO] Downloaded from bintray-jcenter: https://jcenter.bintray.com/com/google/oauth-client/google-oauth-client-java6/1.32.1/google-oauth-client-java6-1.32.1.jar (15 kB at 40 kB/s)
[INFO] Downloading from bintray-jcenter: https://jcenter.bintray.com/com/github/twitch4j/twitch4j/1.5.1/twitch4j-1.5.1.jar
[INFO] Downloaded from bintray-jcenter: https://jcenter.bintray.com/com/google/api-client/google-api-client-java6/1.32.2/google-api-client-java6-1.32.2.jar (4.7 kB at 11 kB/s)
[INFO] Downloading from bintray-jcenter: https://jcenter.bintray.com/com/github/vladimir-bukhtoyarov/bucket4j-core/4.7.0/bucket4j-core-4.7.0.jar
[INFO] Downloaded from bintray-jcenter: https://jcenter.bintray.com/com/google/oauth-client/google-oauth-client-jetty/1.32.1/google-oauth-client-jetty-1.32.1.jar (9.9 kB at 19 kB/s)
[INFO] Downloading from bintray-jcenter: https://jcenter.bintray.com/com/github/philippheuer/events4j/events4j-core/0.9.8/events4j-core-0.9.8.jar
[INFO] Downloaded from bintray-jcenter: https://jcenter.bintray.com/club/minnced/discord-webhooks/0.7.2/discord-webhooks-0.7.2.jar (78 kB at 142 kB/s)
[INFO] Downloading from bintray-jcenter: https://jcenter.bintray.com/com/github/philippheuer/events4j/events4j-api/0.9.8/events4j-api-0.9.8.jar
[INFO] Downloaded from bintray-jcenter: https://jcenter.bintray.com/com/github/twitch4j/twitch4j/1.5.1/twitch4j-1.5.1.jar (55 kB at 60 kB/s)
[INFO] Downloading from bintray-jcenter: https://jcenter.bintray.com/com/github/philippheuer/events4j/events4j-handler-simple/0.9.8/events4j-handler-simple-0.9.8.jar
[INFO] Downloaded from bintray-jcenter: https://jcenter.bintray.com/com/github/philippheuer/events4j/events4j-api/0.9.8/events4j-api-0.9.8.jar (5.7 kB at 6.1 kB/s)
[INFO] Downloading from bintray-jcenter: https://jcenter.bintray.com/io/github/openfeign/feign-slf4j/11.6/feign-slf4j-11.6.jar
[INFO] Downloaded from bintray-jcenter: https://jcenter.bintray.com/com/github/philippheuer/events4j/events4j-core/0.9.8/events4j-core-0.9.8.jar (8.8 kB at 9.3 kB/s)
[INFO] Downloading from bintray-jcenter: https://jcenter.bintray.com/io/github/openfeign/feign-core/11.6/feign-core-11.6.jar
[INFO] Downloaded from bintray-jcenter: https://jcenter.bintray.com/se/michaelthelin/spotify/spotify-web-api-java/6.5.5/spotify-web-api-java-6.5.5.jar (600 kB at 630 kB/s)
[INFO] Downloading from bintray-jcenter: https://jcenter.bintray.com/io/github/openfeign/feign-okhttp/11.6/feign-okhttp-11.6.jar
[INFO] Downloaded from bintray-jcenter: https://jcenter.bintray.com/com/github/vladimir-bukhtoyarov/bucket4j-core/4.7.0/bucket4j-core-4.7.0.jar (91 kB at 85 kB/s)
[INFO] Downloading from bintray-jcenter: https://jcenter.bintray.com/io/github/openfeign/feign-jackson/11.6/feign-jackson-11.6.jar
[INFO] Downloaded from bintray-jcenter: https://jcenter.bintray.com/io/github/openfeign/feign-slf4j/11.6/feign-slf4j-11.6.jar (3.7 kB at 2.9 kB/s)
[INFO] Downloading from bintray-jcenter: https://jcenter.bintray.com/io/github/openfeign/feign-hystrix/11.6/feign-hystrix-11.6.jar
[INFO] Downloaded from bintray-jcenter: https://jcenter.bintray.com/com/github/philippheuer/events4j/events4j-handler-simple/0.9.8/events4j-handler-simple-0.9.8.jar (5.7 kB at 4.3 kB/s)
[INFO] Downloading from bintray-jcenter: https://jcenter.bintray.com/com/netflix/archaius/archaius-core/0.7.7/archaius-core-0.7.7.jar
[INFO] Downloaded from bintray-jcenter: https://jcenter.bintray.com/io/github/openfeign/feign-okhttp/11.6/feign-okhttp-11.6.jar (6.3 kB at 4.6 kB/s)
[INFO] Downloading from bintray-jcenter: https://jcenter.bintray.com/com/github/twitch4j/twitch4j-auth/1.5.1/twitch4j-auth-1.5.1.jar
[INFO] Downloaded from bintray-jcenter: https://jcenter.bintray.com/io/github/openfeign/feign-jackson/11.6/feign-jackson-11.6.jar (9.2 kB at 6.4 kB/s)
[INFO] Downloading from bintray-jcenter: https://jcenter.bintray.com/com/github/twitch4j/twitch4j-chat/1.5.1/twitch4j-chat-1.5.1.jar
[INFO] Downloaded from bintray-jcenter: https://jcenter.bintray.com/com/netflix/archaius/archaius-core/0.7.7/archaius-core-0.7.7.jar (142 kB at 95 kB/s)
[INFO] Downloading from bintray-jcenter: https://jcenter.bintray.com/com/github/twitch4j/twitch4j-common/1.5.1/twitch4j-common-1.5.1.jar
[INFO] Downloaded from bintray-jcenter: https://jcenter.bintray.com/io/github/openfeign/feign-hystrix/11.6/feign-hystrix-11.6.jar (18 kB at 11 kB/s)
[INFO] Downloading from bintray-jcenter: https://jcenter.bintray.com/com/github/twitch4j/twitch4j-eventsub-common/1.5.1/twitch4j-eventsub-common-1.5.1.jar
[INFO] Downloaded from bintray-jcenter: https://jcenter.bintray.com/io/github/openfeign/feign-core/11.6/feign-core-11.6.jar (195 kB at 111 kB/s)
[INFO] Downloading from bintray-jcenter: https://jcenter.bintray.com/com/github/twitch4j/twitch4j-graphql/1.5.1/twitch4j-graphql-1.5.1.jar
[INFO] Downloaded from bintray-jcenter: https://jcenter.bintray.com/com/github/twitch4j/twitch4j-auth/1.5.1/twitch4j-auth-1.5.1.jar (9.7 kB at 5.4 kB/s)
[INFO] Downloading from bintray-jcenter: https://jcenter.bintray.com/com/apollographql/apollo/apollo-runtime/2.5.9/apollo-runtime-2.5.9.jar
[INFO] Downloaded from bintray-jcenter: https://jcenter.bintray.com/com/github/twitch4j/twitch4j-common/1.5.1/twitch4j-common-1.5.1.jar (58 kB at 29 kB/s)
[INFO] Downloading from bintray-jcenter: https://jcenter.bintray.com/com/apollographql/apollo/apollo-api-jvm/2.5.9/apollo-api-jvm-2.5.9.jar
[INFO] Downloaded from bintray-jcenter: https://jcenter.bintray.com/com/github/twitch4j/twitch4j-chat/1.5.1/twitch4j-chat-1.5.1.jar (132 kB at 64 kB/s)
[INFO] Downloading from bintray-jcenter: https://jcenter.bintray.com/com/apollographql/apollo/apollo-normalized-cache-jvm/2.5.9/apollo-normalized-cache-jvm-2.5.9.jar
[INFO] Downloaded from bintray-jcenter: https://jcenter.bintray.com/com/github/twitch4j/twitch4j-graphql/1.5.1/twitch4j-graphql-1.5.1.jar (62 kB at 28 kB/s)
[INFO] Downloading from bintray-jcenter: https://jcenter.bintray.com/com/apollographql/apollo/apollo-normalized-cache-api-jvm/2.5.9/apollo-normalized-cache-api-jvm-2.5.9.jar
[INFO] Downloaded from bintray-jcenter: https://jcenter.bintray.com/com/apollographql/apollo/apollo-runtime/2.5.9/apollo-runtime-2.5.9.jar (317 kB at 139 kB/s)
[INFO] Downloading from bintray-jcenter: https://jcenter.bintray.com/com/apollographql/apollo/apollo-http-cache-api/2.5.9/apollo-http-cache-api-2.5.9.jar
[INFO] Downloaded from bintray-jcenter: https://jcenter.bintray.com/com/apollographql/apollo/apollo-normalized-cache-jvm/2.5.9/apollo-normalized-cache-jvm-2.5.9.jar (61 kB at 25 kB/s)
[INFO] Downloading from bintray-jcenter: https://jcenter.bintray.com/com/github/twitch4j/twitch4j-pubsub/1.5.1/twitch4j-pubsub-1.5.1.jar
[INFO] Downloaded from bintray-jcenter: https://jcenter.bintray.com/com/github/twitch4j/twitch4j-eventsub-common/1.5.1/twitch4j-eventsub-common-1.5.1.jar (278 kB at 113 kB/s)
[INFO] Downloading from bintray-jcenter: https://jcenter.bintray.com/com/github/twitch4j/twitch4j-extensions/1.5.1/twitch4j-extensions-1.5.1.jar
[INFO] Downloaded from bintray-jcenter: https://jcenter.bintray.com/com/apollographql/apollo/apollo-api-jvm/2.5.9/apollo-api-jvm-2.5.9.jar (215 kB at 83 kB/s)
[INFO] Downloading from bintray-jcenter: https://jcenter.bintray.com/com/github/twitch4j/twitch4j-helix/1.5.1/twitch4j-helix-1.5.1.jar
[INFO] Downloaded from bintray-jcenter: https://jcenter.bintray.com/com/apollographql/apollo/apollo-http-cache-api/2.5.9/apollo-http-cache-api-2.5.9.jar (10 kB at 4.0 kB/s)
[INFO] Downloading from bintray-jcenter: https://jcenter.bintray.com/com/github/twitch4j/twitch4j-kraken/1.5.1/twitch4j-kraken-1.5.1.jar
[INFO] Downloaded from bintray-jcenter: https://jcenter.bintray.com/com/apollographql/apollo/apollo-normalized-cache-api-jvm/2.5.9/apollo-normalized-cache-api-jvm-2.5.9.jar (43 kB at 16 kB/s)
[INFO] Downloading from bintray-jcenter: https://jcenter.bintray.com/com/github/twitch4j/twitch4j-messaginginterface/1.5.1/twitch4j-messaginginterface-1.5.1.jar
[INFO] Downloaded from bintray-jcenter: https://jcenter.bintray.com/com/github/twitch4j/twitch4j-extensions/1.5.1/twitch4j-extensions-1.5.1.jar (31 kB at 11 kB/s)
[INFO] Downloading from bintray-jcenter: https://jcenter.bintray.com/ch/qos/logback/logback-classic/1.3.0-alpha10/logback-classic-1.3.0-alpha10.jar
[INFO] Downloaded from bintray-jcenter: https://jcenter.bintray.com/ch/qos/logback/logback-classic/1.3.0-alpha10/logback-classic-1.3.0-alpha10.jar (266 kB at 87 kB/s)
[INFO] Downloading from bintray-jcenter: https://jcenter.bintray.com/ch/qos/logback/logback-core/1.3.0-alpha10/logback-core-1.3.0-alpha10.jar
[INFO] Downloaded from bintray-jcenter: https://jcenter.bintray.com/com/github/twitch4j/twitch4j-messaginginterface/1.5.1/twitch4j-messaginginterface-1.5.1.jar (19 kB at 6.0 kB/s)
[INFO] Downloaded from bintray-jcenter: https://jcenter.bintray.com/com/github/twitch4j/twitch4j-kraken/1.5.1/twitch4j-kraken-1.5.1.jar (89 kB at 28 kB/s)
[INFO] Downloaded from bintray-jcenter: https://jcenter.bintray.com/com/github/twitch4j/twitch4j-pubsub/1.5.1/twitch4j-pubsub-1.5.1.jar (295 kB at 93 kB/s)
[INFO] Downloaded from bintray-jcenter: https://jcenter.bintray.com/ch/qos/logback/logback-core/1.3.0-alpha10/logback-core-1.3.0-alpha10.jar (516 kB at 160 kB/s)
[INFO] Downloaded from bintray-jcenter: https://jcenter.bintray.com/com/github/twitch4j/twitch4j-helix/1.5.1/twitch4j-helix-1.5.1.jar (279 kB at 82 kB/s)
[INFO] 
[INFO] --- maven-clean-plugin:2.5:clean (default-clean) @ Ree6 ---
[INFO] 
[INFO] --- maven-resources-plugin:2.6:resources (default-resources) @ Ree6 ---
[WARNING] Using platform encoding (UTF-8 actually) to copy filtered resources, i.e. build is platform dependent!
[INFO] Copying 1 resource
[INFO] 
[INFO] --- maven-compiler-plugin:3.1:compile (default-compile) @ Ree6 ---
[INFO] Changes detected - recompiling the module!
[WARNING] File encoding has not been set, using platform encoding UTF-8, i.e. build is platform dependent!
[INFO] Compiling 123 source files to /home/gabsko/breaking-updates/target/classes
[INFO] -------------------------------------------------------------
[WARNING] COMPILATION WARNING : 
[INFO] -------------------------------------------------------------
[WARNING] /home/gabsko/breaking-updates/src/main/java/de/presti/ree6/events/LoggingEvents.java: Some input files use or override a deprecated API.
[WARNING] /home/gabsko/breaking-updates/src/main/java/de/presti/ree6/events/LoggingEvents.java: Recompile with -Xlint:deprecation for details.
[INFO] 2 warnings 
[INFO] -------------------------------------------------------------
[INFO] -------------------------------------------------------------
[ERROR] COMPILATION ERROR : 
[INFO] -------------------------------------------------------------
[ERROR] /home/gabsko/breaking-updates/src/main/java/de/presti/ree6/utils/SpotifyAPIHandler.java:[4,27] package com.wrapper.spotify does not exist
[ERROR] /home/gabsko/breaking-updates/src/main/java/de/presti/ree6/utils/SpotifyAPIHandler.java:[5,38] package com.wrapper.spotify.exceptions does not exist
[ERROR] /home/gabsko/breaking-updates/src/main/java/de/presti/ree6/utils/SpotifyAPIHandler.java:[6,53] package com.wrapper.spotify.model_objects.credentials does not exist
[ERROR] /home/gabsko/breaking-updates/src/main/java/de/presti/ree6/utils/SpotifyAPIHandler.java:[8,69] package com.wrapper.spotify.requests.authorization.client_credentials does not exist
[ERROR] /home/gabsko/breaking-updates/src/main/java/de/presti/ree6/utils/SpotifyAPIHandler.java:[9,51] package com.wrapper.spotify.requests.data.playlists does not exist
[ERROR] /home/gabsko/breaking-updates/src/main/java/de/presti/ree6/utils/SpotifyAPIHandler.java:[10,48] package com.wrapper.spotify.requests.data.tracks does not exist
[ERROR] /home/gabsko/breaking-updates/src/main/java/de/presti/ree6/utils/SpotifyAPIHandler.java:[22,13] cannot find symbol
  symbol:   class SpotifyApi
  location: class de.presti.ree6.utils.SpotifyAPIHandler
[ERROR] /home/gabsko/breaking-updates/src/main/java/de/presti/ree6/utils/SpotifyAPIHandler.java:[34,54] cannot find symbol
  symbol:   class SpotifyWebApiException
  location: class de.presti.ree6.utils.SpotifyAPIHandler
[ERROR] /home/gabsko/breaking-updates/src/main/java/de/presti/ree6/utils/SpotifyAPIHandler.java:[45,74] cannot find symbol
  symbol:   class SpotifyWebApiException
  location: class de.presti.ree6.utils.SpotifyAPIHandler
[ERROR] /home/gabsko/breaking-updates/src/main/java/de/presti/ree6/utils/SpotifyAPIHandler.java:[83,75] cannot find symbol
  symbol:   class SpotifyWebApiException
  location: class de.presti.ree6.utils.SpotifyAPIHandler
[ERROR] /home/gabsko/breaking-updates/src/main/java/de/presti/ree6/utils/SpotifyAPIHandler.java:[7,1] package com.wrapper.spotify.model_objects.specification does not exist
[INFO] 11 errors 
[INFO] -------------------------------------------------------------
[INFO] ------------------------------------------------------------------------
[INFO] BUILD FAILURE
[INFO] ------------------------------------------------------------------------
[INFO] Total time:  01:36 min
[INFO] Finished at: 2023-01-24T13:48:27Z
[INFO] ------------------------------------------------------------------------
[ERROR] Failed to execute goal org.apache.maven.plugins:maven-compiler-plugin:3.1:compile (default-compile) on project Ree6: Compilation failure: Compilation failure: 
[ERROR] /home/gabsko/breaking-updates/src/main/java/de/presti/ree6/utils/SpotifyAPIHandler.java:[4,27] package com.wrapper.spotify does not exist
[ERROR] /home/gabsko/breaking-updates/src/main/java/de/presti/ree6/utils/SpotifyAPIHandler.java:[5,38] package com.wrapper.spotify.exceptions does not exist
[ERROR] /home/gabsko/breaking-updates/src/main/java/de/presti/ree6/utils/SpotifyAPIHandler.java:[6,53] package com.wrapper.spotify.model_objects.credentials does not exist
[ERROR] /home/gabsko/breaking-updates/src/main/java/de/presti/ree6/utils/SpotifyAPIHandler.java:[8,69] package com.wrapper.spotify.requests.authorization.client_credentials does not exist
[ERROR] /home/gabsko/breaking-updates/src/main/java/de/presti/ree6/utils/SpotifyAPIHandler.java:[9,51] package com.wrapper.spotify.requests.data.playlists does not exist
[ERROR] /home/gabsko/breaking-updates/src/main/java/de/presti/ree6/utils/SpotifyAPIHandler.java:[10,48] package com.wrapper.spotify.requests.data.tracks does not exist
[ERROR] /home/gabsko/breaking-updates/src/main/java/de/presti/ree6/utils/SpotifyAPIHandler.java:[22,13] cannot find symbol
[ERROR]   symbol:   class SpotifyApi
[ERROR]   location: class de.presti.ree6.utils.SpotifyAPIHandler
[ERROR] /home/gabsko/breaking-updates/src/main/java/de/presti/ree6/utils/SpotifyAPIHandler.java:[34,54] cannot find symbol
[ERROR]   symbol:   class SpotifyWebApiException
[ERROR]   location: class de.presti.ree6.utils.SpotifyAPIHandler
[ERROR] /home/gabsko/breaking-updates/src/main/java/de/presti/ree6/utils/SpotifyAPIHandler.java:[45,74] cannot find symbol
[ERROR]   symbol:   class SpotifyWebApiException
[ERROR]   location: class de.presti.ree6.utils.SpotifyAPIHandler
[ERROR] /home/gabsko/breaking-updates/src/main/java/de/presti/ree6/utils/SpotifyAPIHandler.java:[83,75] cannot find symbol
[ERROR]   symbol:   class SpotifyWebApiException
[ERROR]   location: class de.presti.ree6.utils.SpotifyAPIHandler
[ERROR] /home/gabsko/breaking-updates/src/main/java/de/presti/ree6/utils/SpotifyAPIHandler.java:[7,1] package com.wrapper.spotify.model_objects.specification does not exist
[ERROR] -> [Help 1]
[ERROR] 
[ERROR] To see the full stack trace of the errors, re-run Maven with the -e switch.
[ERROR] Re-run Maven using the -X switch to enable full debug logging.
[ERROR] 
[ERROR] For more information about the errors and possible solutions, please read the following articles:
[ERROR] [Help 1] http://cwiki.apache.org/confluence/display/MAVEN/MojoFailureException
