[INFO] Scanning for projects...
[INFO] 
[INFO] ---------------------< com.artipie:nuget-adapter >----------------------
[INFO] Building nuget-adapter 1.0-SNAPSHOT
[INFO] --------------------------------[ jar ]---------------------------------
[INFO] 
[INFO] --- maven-clean-plugin:3.1.0:clean (default-clean) @ nuget-adapter ---
[INFO] Deleting /home/gabsko/breaking-updates/target
[INFO] 
[INFO] --- maven-enforcer-plugin:3.0.0-M3:enforce (enforce-maven) @ nuget-adapter ---
[INFO] 
[INFO] --- maven-resources-plugin:3.2.0:resources (default-resources) @ nuget-adapter ---
[INFO] Using 'UTF-8' encoding to copy filtered resources.
[INFO] Using 'UTF-8' encoding to copy filtered properties files.
[INFO] skip non existing resourceDirectory /home/gabsko/breaking-updates/src/main/resources
[INFO] 
[INFO] --- maven-compiler-plugin:3.8.1:compile (default-compile) @ nuget-adapter ---
[INFO] Compiling 45 source files to /home/gabsko/breaking-updates/target/classes
[INFO] 
[INFO] --- maven-resources-plugin:3.2.0:testResources (default-testResources) @ nuget-adapter ---
[INFO] Using 'UTF-8' encoding to copy filtered resources.
[INFO] Using 'UTF-8' encoding to copy filtered properties files.
[INFO] Copying 1 resource
[INFO] Copying 8 resources
[INFO] The encoding used to copy filtered properties files have not been set. This means that the same encoding will be used to copy filtered properties files as when copying other filtered resources. This might not be what you want! Run your build with --debug to see which files might be affected. Read more at https://maven.apache.org/plugins/maven-resources-plugin/examples/filtering-properties-files.html
[INFO] 
[INFO] --- maven-compiler-plugin:3.8.1:testCompile (default-testCompile) @ nuget-adapter ---
[INFO] Compiling 30 source files to /home/gabsko/breaking-updates/target/test-classes
[INFO] 
[INFO] --- maven-surefire-plugin:3.0.0-M5:test (default-test) @ nuget-adapter ---
[INFO] 
[INFO] -------------------------------------------------------
[INFO]  T E S T S
[INFO] -------------------------------------------------------
[INFO] Running com.artipie.nuget.PackageIdentityTest
[INFO] Tests run: 4, Failures: 0, Errors: 0, Skipped: 0, Time elapsed: 0.043 s - in com.artipie.nuget.PackageIdentityTest
[INFO] Running com.artipie.nuget.metadata.DependencyGroupsTest
[INFO] Tests run: 3, Failures: 0, Errors: 0, Skipped: 0, Time elapsed: 0.099 s - in com.artipie.nuget.metadata.DependencyGroupsTest
[INFO] Running com.artipie.nuget.metadata.NuspecTest
[INFO] Tests run: 15, Failures: 0, Errors: 0, Skipped: 0, Time elapsed: 0.216 s - in com.artipie.nuget.metadata.NuspecTest
[INFO] Running com.artipie.nuget.metadata.PackageIdTest
[INFO] Tests run: 2, Failures: 0, Errors: 0, Skipped: 0, Time elapsed: 0.002 s - in com.artipie.nuget.metadata.PackageIdTest
[INFO] Running com.artipie.nuget.metadata.SearchResultsTest
[INFO] Tests run: 1, Failures: 0, Errors: 0, Skipped: 0, Time elapsed: 0.026 s - in com.artipie.nuget.metadata.SearchResultsTest
[INFO] Running com.artipie.nuget.http.metadata.NuGetPackageMetadataTest
[INFO] Tests run: 4, Failures: 0, Errors: 0, Skipped: 0, Time elapsed: 0.164 s - in com.artipie.nuget.http.metadata.NuGetPackageMetadataTest
[INFO] Running com.artipie.nuget.http.metadata.RegistrationPageTest
[INFO] Tests run: 2, Failures: 0, Errors: 0, Skipped: 0, Time elapsed: 0.066 s - in com.artipie.nuget.http.metadata.RegistrationPageTest
[INFO] Running com.artipie.nuget.http.ResourceFromSliceTest
[INFO] Tests run: 2, Failures: 0, Errors: 0, Skipped: 0, Time elapsed: 0.008 s - in com.artipie.nuget.http.ResourceFromSliceTest
[INFO] Running com.artipie.nuget.http.index.NuGetServiceIndexTest
[INFO] Tests run: 2, Failures: 0, Errors: 0, Skipped: 0, Time elapsed: 0.006 s - in com.artipie.nuget.http.index.NuGetServiceIndexTest
[INFO] Running com.artipie.nuget.http.content.NuGetPackageContentTest
[INFO] Tests run: 6, Failures: 0, Errors: 0, Skipped: 0, Time elapsed: 0.011 s - in com.artipie.nuget.http.content.NuGetPackageContentTest
[INFO] Running com.artipie.nuget.http.SliceFromResourceTest
[INFO] Tests run: 2, Failures: 0, Errors: 0, Skipped: 0, Time elapsed: 0.004 s - in com.artipie.nuget.http.SliceFromResourceTest
[INFO] Running com.artipie.nuget.http.publish.NuGetPackagePublishTest
[INFO] Tests run: 5, Failures: 0, Errors: 0, Skipped: 0, Time elapsed: 0.448 s - in com.artipie.nuget.http.publish.NuGetPackagePublishTest
[INFO] Running com.artipie.nuget.http.publish.MultipartTest
[INFO] Tests run: 3, Failures: 0, Errors: 0, Skipped: 0, Time elapsed: 0.005 s - in com.artipie.nuget.http.publish.MultipartTest
[INFO] Running com.artipie.nuget.HashTest
[INFO] Tests run: 1, Failures: 0, Errors: 0, Skipped: 0, Time elapsed: 0.003 s - in com.artipie.nuget.HashTest
[INFO] Running com.artipie.nuget.VersionsTest
[INFO] Tests run: 6, Failures: 0, Errors: 0, Skipped: 0, Time elapsed: 0.017 s - in com.artipie.nuget.VersionsTest
[INFO] Running com.artipie.nuget.AstoRepositoryTest
[INFO] Tests run: 17, Failures: 0, Errors: 0, Skipped: 0, Time elapsed: 1.767 s - in com.artipie.nuget.AstoRepositoryTest
[INFO] Running com.artipie.nuget.PackageKeysTest
[INFO] Tests run: 2, Failures: 0, Errors: 0, Skipped: 0, Time elapsed: 0.002 s - in com.artipie.nuget.PackageKeysTest
[INFO] Running com.artipie.nuget.VersionTest
[INFO] Tests run: 242, Failures: 0, Errors: 0, Skipped: 0, Time elapsed: 0.228 s - in com.artipie.nuget.VersionTest
[INFO] Running com.artipie.nuget.NupkgTest
[INFO] Tests run: 1, Failures: 0, Errors: 0, Skipped: 0, Time elapsed: 0.01 s - in com.artipie.nuget.NupkgTest
[INFO] 
[INFO] Results:
[INFO] 
[INFO] Tests run: 320, Failures: 0, Errors: 0, Skipped: 0
[INFO] 
[INFO] ------------------------------------------------------------------------
[INFO] BUILD SUCCESS
[INFO] ------------------------------------------------------------------------
[INFO] Total time:  8.005 s
[INFO] Finished at: 2023-01-24T15:53:08Z
[INFO] ------------------------------------------------------------------------
