[INFO] Scanning for projects...
[INFO] 
[INFO] -------------------------< fr.icdc.ebad:ebad >--------------------------
[INFO] Building Ebad 2.10.0-SNAPSHOT
[INFO] --------------------------------[ jar ]---------------------------------
[INFO] Downloading from github-public: https://read-public-ebad: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@maven.pkg.github.com/informatique-cdc/ebad-plugin/org/springframework/boot/spring-boot-starter-thymeleaf/2.6.2/spring-boot-starter-thymeleaf-2.6.2.pom
[INFO] Downloading from central: https://repo.maven.apache.org/maven2/org/springframework/boot/spring-boot-starter-thymeleaf/2.6.2/spring-boot-starter-thymeleaf-2.6.2.pom
[INFO] Downloaded from central: https://repo.maven.apache.org/maven2/org/springframework/boot/spring-boot-starter-thymeleaf/2.6.2/spring-boot-starter-thymeleaf-2.6.2.pom (2.5 kB at 9.7 kB/s)
[INFO] Downloading from github-public: https://read-public-ebad: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@maven.pkg.github.com/informatique-cdc/ebad-plugin/org/thymeleaf/thymeleaf-spring5/3.0.14.RELEASE/thymeleaf-spring5-3.0.14.RELEASE.pom
[INFO] Downloading from central: https://repo.maven.apache.org/maven2/org/thymeleaf/thymeleaf-spring5/3.0.14.RELEASE/thymeleaf-spring5-3.0.14.RELEASE.pom
[INFO] Downloaded from central: https://repo.maven.apache.org/maven2/org/thymeleaf/thymeleaf-spring5/3.0.14.RELEASE/thymeleaf-spring5-3.0.14.RELEASE.pom (14 kB at 1.1 MB/s)
[INFO] Downloading from github-public: https://read-public-ebad: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@maven.pkg.github.com/informatique-cdc/ebad-plugin/org/thymeleaf/thymeleaf/3.0.14.RELEASE/thymeleaf-3.0.14.RELEASE.pom
[INFO] Downloading from central: https://repo.maven.apache.org/maven2/org/thymeleaf/thymeleaf/3.0.14.RELEASE/thymeleaf-3.0.14.RELEASE.pom
[INFO] Downloaded from central: https://repo.maven.apache.org/maven2/org/thymeleaf/thymeleaf/3.0.14.RELEASE/thymeleaf-3.0.14.RELEASE.pom (13 kB at 1.2 MB/s)
[INFO] Downloading from github-public: https://read-public-ebad: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@maven.pkg.github.com/informatique-cdc/ebad-plugin/org/jobrunr/jobrunr-spring-boot-starter/4.0.6/jobrunr-spring-boot-starter-4.0.6.pom
[INFO] Downloading from central: https://repo.maven.apache.org/maven2/org/jobrunr/jobrunr-spring-boot-starter/4.0.6/jobrunr-spring-boot-starter-4.0.6.pom
[INFO] Downloaded from central: https://repo.maven.apache.org/maven2/org/jobrunr/jobrunr-spring-boot-starter/4.0.6/jobrunr-spring-boot-starter-4.0.6.pom (2.4 kB at 266 kB/s)
[INFO] Downloading from github-public: https://read-public-ebad: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@maven.pkg.github.com/informatique-cdc/ebad-plugin/org/jobrunr/jobrunr/4.0.6/jobrunr-4.0.6.pom
[INFO] Downloading from central: https://repo.maven.apache.org/maven2/org/jobrunr/jobrunr/4.0.6/jobrunr-4.0.6.pom
[INFO] Downloaded from central: https://repo.maven.apache.org/maven2/org/jobrunr/jobrunr/4.0.6/jobrunr-4.0.6.pom (2.1 kB at 21 kB/s)
[INFO] Downloading from github-public: https://read-public-ebad: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@maven.pkg.github.com/informatique-cdc/ebad-plugin/org/springframework/boot/spring-boot-starter-log4j2/2.6.2/spring-boot-starter-log4j2-2.6.2.pom
[INFO] Downloading from central: https://repo.maven.apache.org/maven2/org/springframework/boot/spring-boot-starter-log4j2/2.6.2/spring-boot-starter-log4j2-2.6.2.pom
[INFO] Downloaded from central: https://repo.maven.apache.org/maven2/org/springframework/boot/spring-boot-starter-log4j2/2.6.2/spring-boot-starter-log4j2-2.6.2.pom (2.7 kB at 27 kB/s)
[INFO] Downloading from github-public: https://read-public-ebad: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@maven.pkg.github.com/informatique-cdc/ebad-plugin/org/apache/logging/log4j/log4j-jul/2.17.0/log4j-jul-2.17.0.pom
[INFO] Downloading from central: https://repo.maven.apache.org/maven2/org/apache/logging/log4j/log4j-jul/2.17.0/log4j-jul-2.17.0.pom
[INFO] Downloaded from central: https://repo.maven.apache.org/maven2/org/apache/logging/log4j/log4j-jul/2.17.0/log4j-jul-2.17.0.pom (0 B at 0 B/s)
[INFO] Downloading from github-public: https://read-public-ebad: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@maven.pkg.github.com/informatique-cdc/ebad-plugin/com/fasterxml/jackson/datatype/jackson-datatype-hibernate-parent/2.13.1/jackson-datatype-hibernate-parent-2.13.1.pom
[INFO] Downloading from central: https://repo.maven.apache.org/maven2/com/fasterxml/jackson/datatype/jackson-datatype-hibernate-parent/2.13.1/jackson-datatype-hibernate-parent-2.13.1.pom
[INFO] Downloaded from central: https://repo.maven.apache.org/maven2/com/fasterxml/jackson/datatype/jackson-datatype-hibernate-parent/2.13.1/jackson-datatype-hibernate-parent-2.13.1.pom (4.6 kB at 46 kB/s)
[INFO] Downloading from github-public: https://read-public-ebad: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@maven.pkg.github.com/informatique-cdc/ebad-plugin/com/fasterxml/jackson/datatype/jackson-datatypes-misc-parent/2.13.1/jackson-datatypes-misc-parent-2.13.1.pom
[INFO] Downloading from central: https://repo.maven.apache.org/maven2/com/fasterxml/jackson/datatype/jackson-datatypes-misc-parent/2.13.1/jackson-datatypes-misc-parent-2.13.1.pom
[INFO] Downloaded from central: https://repo.maven.apache.org/maven2/com/fasterxml/jackson/datatype/jackson-datatypes-misc-parent/2.13.1/jackson-datatypes-misc-parent-2.13.1.pom (0 B at 0 B/s)
[INFO] Downloading from github-public: https://read-public-ebad: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@maven.pkg.github.com/informatique-cdc/ebad-plugin/org/hibernate/hibernate-jcache/5.6.3.Final/hibernate-jcache-5.6.3.Final.pom
[INFO] Downloading from central: https://repo.maven.apache.org/maven2/org/hibernate/hibernate-jcache/5.6.3.Final/hibernate-jcache-5.6.3.Final.pom
[INFO] Downloaded from central: https://repo.maven.apache.org/maven2/org/hibernate/hibernate-jcache/5.6.3.Final/hibernate-jcache-5.6.3.Final.pom (2.7 kB at 28 kB/s)
[INFO] Downloading from github-public: https://read-public-ebad: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@maven.pkg.github.com/informatique-cdc/ebad-plugin/org/ehcache/ehcache-transactions/3.9.9/ehcache-transactions-3.9.9.pom
[INFO] Downloading from central: https://repo.maven.apache.org/maven2/org/ehcache/ehcache-transactions/3.9.9/ehcache-transactions-3.9.9.pom
[INFO] Downloaded from central: https://repo.maven.apache.org/maven2/org/ehcache/ehcache-transactions/3.9.9/ehcache-transactions-3.9.9.pom (2.1 kB at 11 kB/s)
[INFO] Downloading from github-public: https://read-public-ebad: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@maven.pkg.github.com/informatique-cdc/ebad-plugin/org/springframework/security/spring-security-data/5.6.1/spring-security-data-5.6.1.pom
[INFO] Downloading from central: https://repo.maven.apache.org/maven2/org/springframework/security/spring-security-data/5.6.1/spring-security-data-5.6.1.pom
[INFO] Downloaded from central: https://repo.maven.apache.org/maven2/org/springframework/security/spring-security-data/5.6.1/spring-security-data-5.6.1.pom (2.7 kB at 27 kB/s)
[INFO] Downloading from github-public: https://read-public-ebad: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@maven.pkg.github.com/informatique-cdc/ebad-plugin/org/springframework/security/oauth/boot/spring-security-oauth2-autoconfigure/2.6.2/spring-security-oauth2-autoconfigure-2.6.2.pom
[INFO] Downloading from central: https://repo.maven.apache.org/maven2/org/springframework/security/oauth/boot/spring-security-oauth2-autoconfigure/2.6.2/spring-security-oauth2-autoconfigure-2.6.2.pom
[INFO] Downloaded from central: https://repo.maven.apache.org/maven2/org/springframework/security/oauth/boot/spring-security-oauth2-autoconfigure/2.6.2/spring-security-oauth2-autoconfigure-2.6.2.pom (6.4 kB at 64 kB/s)
[INFO] Downloading from github-public: https://read-public-ebad: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@maven.pkg.github.com/informatique-cdc/ebad-plugin/org/springframework/security/oauth/spring-security-oauth2/2.5.0.RELEASE/spring-security-oauth2-2.5.0.RELEASE.pom
[INFO] Downloading from central: https://repo.maven.apache.org/maven2/org/springframework/security/oauth/spring-security-oauth2/2.5.0.RELEASE/spring-security-oauth2-2.5.0.RELEASE.pom
[INFO] Downloaded from central: https://repo.maven.apache.org/maven2/org/springframework/security/oauth/spring-security-oauth2/2.5.0.RELEASE/spring-security-oauth2-2.5.0.RELEASE.pom (6.6 kB at 316 kB/s)
[INFO] Downloading from github-public: https://read-public-ebad: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@maven.pkg.github.com/informatique-cdc/ebad-plugin/org/springframework/security/oauth/spring-security-oauth-parent/2.5.0.RELEASE/spring-security-oauth-parent-2.5.0.RELEASE.pom
[INFO] Downloading from central: https://repo.maven.apache.org/maven2/org/springframework/security/oauth/spring-security-oauth-parent/2.5.0.RELEASE/spring-security-oauth-parent-2.5.0.RELEASE.pom
[INFO] Downloaded from central: https://repo.maven.apache.org/maven2/org/springframework/security/oauth/spring-security-oauth-parent/2.5.0.RELEASE/spring-security-oauth-parent-2.5.0.RELEASE.pom (19 kB at 1.4 MB/s)
[INFO] Downloading from github-public: https://read-public-ebad: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@maven.pkg.github.com/informatique-cdc/ebad-plugin/org/zalando/problem-spring-web/0.27.0/problem-spring-web-0.27.0.pom
[INFO] Downloading from central: https://repo.maven.apache.org/maven2/org/zalando/problem-spring-web/0.27.0/problem-spring-web-0.27.0.pom
[INFO] Downloaded from central: https://repo.maven.apache.org/maven2/org/zalando/problem-spring-web/0.27.0/problem-spring-web-0.27.0.pom (3.3 kB at 471 kB/s)
[INFO] Downloading from github-public: https://read-public-ebad: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@maven.pkg.github.com/informatique-cdc/ebad-plugin/org/zalando/problem-spring-parent/0.27.0/problem-spring-parent-0.27.0.pom
[INFO] Downloading from central: https://repo.maven.apache.org/maven2/org/zalando/problem-spring-parent/0.27.0/problem-spring-parent-0.27.0.pom
[INFO] Downloaded from central: https://repo.maven.apache.org/maven2/org/zalando/problem-spring-parent/0.27.0/problem-spring-parent-0.27.0.pom (22 kB at 2.0 MB/s)
[INFO] Downloading from github-public: https://read-public-ebad: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@maven.pkg.github.com/informatique-cdc/ebad-plugin/org/zalando/problem-violations/0.27.0/problem-violations-0.27.0.pom
[INFO] Downloading from central: https://repo.maven.apache.org/maven2/org/zalando/problem-violations/0.27.0/problem-violations-0.27.0.pom
[INFO] Downloaded from central: https://repo.maven.apache.org/maven2/org/zalando/problem-violations/0.27.0/problem-violations-0.27.0.pom (517 B at 47 kB/s)
[INFO] Downloading from github-public: https://read-public-ebad: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@maven.pkg.github.com/informatique-cdc/ebad-plugin/org/zalando/problem-spring-common/0.27.0/problem-spring-common-0.27.0.pom
[INFO] Downloading from central: https://repo.maven.apache.org/maven2/org/zalando/problem-spring-common/0.27.0/problem-spring-common-0.27.0.pom
[INFO] Downloaded from central: https://repo.maven.apache.org/maven2/org/zalando/problem-spring-common/0.27.0/problem-spring-common-0.27.0.pom (1.4 kB at 200 kB/s)
[INFO] Downloading from github-public: https://read-public-ebad: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@maven.pkg.github.com/informatique-cdc/ebad-plugin/com/openpojo/openpojo/0.9.1/openpojo-0.9.1.pom
[INFO] Downloading from central: https://repo.maven.apache.org/maven2/com/openpojo/openpojo/0.9.1/openpojo-0.9.1.pom
[INFO] Downloaded from central: https://repo.maven.apache.org/maven2/com/openpojo/openpojo/0.9.1/openpojo-0.9.1.pom (8.9 kB at 1.3 MB/s)
[INFO] Downloading from github-public: https://read-public-ebad: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@maven.pkg.github.com/informatique-cdc/ebad-plugin/org/springdoc/springdoc-openapi-data-rest/1.6.3/springdoc-openapi-data-rest-1.6.3.pom
[INFO] Downloading from central: https://repo.maven.apache.org/maven2/org/springdoc/springdoc-openapi-data-rest/1.6.3/springdoc-openapi-data-rest-1.6.3.pom
[INFO] Downloaded from central: https://repo.maven.apache.org/maven2/org/springdoc/springdoc-openapi-data-rest/1.6.3/springdoc-openapi-data-rest-1.6.3.pom (2.1 kB at 21 kB/s)
[INFO] Downloading from github-public: https://read-public-ebad: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@maven.pkg.github.com/informatique-cdc/ebad-plugin/org/springdoc/springdoc-openapi-hateoas/1.6.3/springdoc-openapi-hateoas-1.6.3.pom
[INFO] Downloading from central: https://repo.maven.apache.org/maven2/org/springdoc/springdoc-openapi-hateoas/1.6.3/springdoc-openapi-hateoas-1.6.3.pom
[INFO] Downloaded from central: https://repo.maven.apache.org/maven2/org/springdoc/springdoc-openapi-hateoas/1.6.3/springdoc-openapi-hateoas-1.6.3.pom (2.1 kB at 11 kB/s)
[INFO] Downloading from github-public: https://read-public-ebad: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@maven.pkg.github.com/informatique-cdc/ebad-plugin/org/apache/sshd/sshd-sftp/2.8.0/sshd-sftp-2.8.0.pom
[INFO] Downloading from central: https://repo.maven.apache.org/maven2/org/apache/sshd/sshd-sftp/2.8.0/sshd-sftp-2.8.0.pom
[INFO] Downloaded from central: https://repo.maven.apache.org/maven2/org/apache/sshd/sshd-sftp/2.8.0/sshd-sftp-2.8.0.pom (9.0 kB at 1.3 MB/s)
[INFO] Downloading from github-public: https://read-public-ebad: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@maven.pkg.github.com/informatique-cdc/ebad-plugin/org/pf4j/pf4j-spring/0.7.0/pf4j-spring-0.7.0.pom
[INFO] Downloading from central: https://repo.maven.apache.org/maven2/org/pf4j/pf4j-spring/0.7.0/pf4j-spring-0.7.0.pom
[INFO] Downloaded from central: https://repo.maven.apache.org/maven2/org/pf4j/pf4j-spring/0.7.0/pf4j-spring-0.7.0.pom (1.6 kB at 16 kB/s)
[INFO] Downloading from github-public: https://read-public-ebad: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@maven.pkg.github.com/informatique-cdc/ebad-plugin/org/pf4j/pf4j-spring-parent/0.7.0/pf4j-spring-parent-0.7.0.pom
[INFO] Downloading from central: https://repo.maven.apache.org/maven2/org/pf4j/pf4j-spring-parent/0.7.0/pf4j-spring-parent-0.7.0.pom
[INFO] Downloaded from central: https://repo.maven.apache.org/maven2/org/pf4j/pf4j-spring-parent/0.7.0/pf4j-spring-parent-0.7.0.pom (7.8 kB at 40 kB/s)
[INFO] Downloading from github-public: https://read-public-ebad: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@maven.pkg.github.com/informatique-cdc/ebad-plugin/org/pf4j/pf4j/3.5.0/pf4j-3.5.0.pom
[INFO] Downloading from central: https://repo.maven.apache.org/maven2/org/pf4j/pf4j/3.5.0/pf4j-3.5.0.pom
[INFO] Downloaded from central: https://repo.maven.apache.org/maven2/org/pf4j/pf4j/3.5.0/pf4j-3.5.0.pom (5.6 kB at 29 kB/s)
[INFO] Downloading from github-public: https://read-public-ebad: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@maven.pkg.github.com/informatique-cdc/ebad-plugin/org/pf4j/pf4j-parent/3.5.0/pf4j-parent-3.5.0.pom
[INFO] Downloading from central: https://repo.maven.apache.org/maven2/org/pf4j/pf4j-parent/3.5.0/pf4j-parent-3.5.0.pom
[INFO] Downloaded from central: https://repo.maven.apache.org/maven2/org/pf4j/pf4j-parent/3.5.0/pf4j-parent-3.5.0.pom (8.1 kB at 84 kB/s)
[INFO] Downloading from github-public: https://read-public-ebad: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@maven.pkg.github.com/informatique-cdc/ebad-plugin/org/pf4j/pf4j/3.6.0/pf4j-3.6.0.pom
[INFO] Downloading from central: https://repo.maven.apache.org/maven2/org/pf4j/pf4j/3.6.0/pf4j-3.6.0.pom
[INFO] Downloaded from central: https://repo.maven.apache.org/maven2/org/pf4j/pf4j/3.6.0/pf4j-3.6.0.pom (6.1 kB at 62 kB/s)
[INFO] Downloading from github-public: https://read-public-ebad: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@maven.pkg.github.com/informatique-cdc/ebad-plugin/org/pf4j/pf4j-parent/3.6.0/pf4j-parent-3.6.0.pom
[INFO] Downloading from central: https://repo.maven.apache.org/maven2/org/pf4j/pf4j-parent/3.6.0/pf4j-parent-3.6.0.pom
[INFO] Downloaded from central: https://repo.maven.apache.org/maven2/org/pf4j/pf4j-parent/3.6.0/pf4j-parent-3.6.0.pom (8.1 kB at 901 kB/s)
[INFO] Downloading from github-public: https://read-public-ebad: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@maven.pkg.github.com/informatique-cdc/ebad-plugin/fr/icdc/ebad/ebad-plugin/1.1.1/ebad-plugin-1.1.1.pom
[INFO] Downloading from central: https://repo.maven.apache.org/maven2/fr/icdc/ebad/ebad-plugin/1.1.1/ebad-plugin-1.1.1.pom
[INFO] ------------------------------------------------------------------------
[INFO] BUILD FAILURE
[INFO] ------------------------------------------------------------------------
[INFO] Total time:  12.559 s
[INFO] Finished at: 2023-01-25T03:47:39Z
[INFO] ------------------------------------------------------------------------
[ERROR] Failed to execute goal on project ebad: Could not resolve dependencies for project fr.icdc.ebad:ebad:jar:2.10.0-SNAPSHOT: Failed to collect dependencies at fr.icdc.ebad:ebad-plugin:jar:1.1.1: Failed to read artifact descriptor for fr.icdc.ebad:ebad-plugin:jar:1.1.1: Could not transfer artifact fr.icdc.ebad:ebad-plugin:pom:1.1.1 from/to github-public (https://read-public-ebad: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@maven.pkg.github.com/informatique-cdc/ebad-plugin): authentication failed for https://maven.pkg.github.com/informatique-cdc/ebad-plugin/fr/icdc/ebad/ebad-plugin/1.1.1/ebad-plugin-1.1.1.pom, status: 401 Unauthorized -> [Help 1]
[ERROR] 
[ERROR] To see the full stack trace of the errors, re-run Maven with the -e switch.
[ERROR] Re-run Maven using the -X switch to enable full debug logging.
[ERROR] 
[ERROR] For more information about the errors and possible solutions, please read the following articles:
[ERROR] [Help 1] http://cwiki.apache.org/confluence/display/MAVEN/DependencyResolutionException
