[INFO] Scanning for projects...
[INFO] Inspecting build with total of 1 modules...
[INFO] Installing Nexus Staging features:
[INFO]   ... total of 1 executions of maven-deploy-plugin replaced with nexus-staging-maven-plugin
[INFO] 
[INFO] ----------------< com.github.davidmoten:rxjava-extras >-----------------
[INFO] Building rxjava-extras 0.8.0.19-SNAPSHOT
[INFO] --------------------------------[ jar ]---------------------------------
[INFO] Downloading from central: https://repo.maven.apache.org/maven2/org/mapdb/thread-weaver/3.0.mapdb/thread-weaver-3.0.mapdb.pom
[INFO] Downloaded from central: https://repo.maven.apache.org/maven2/org/mapdb/thread-weaver/3.0.mapdb/thread-weaver-3.0.mapdb.pom (3.4 kB at 13 kB/s)
[INFO] Downloading from central: https://repo.maven.apache.org/maven2/org/objenesis/objenesis-tck/2.2/objenesis-tck-2.2.pom
[INFO] Downloaded from central: https://repo.maven.apache.org/maven2/org/objenesis/objenesis-tck/2.2/objenesis-tck-2.2.pom (5.9 kB at 40 kB/s)
[INFO] Downloading from central: https://repo.maven.apache.org/maven2/com/esotericsoftware/kryo/3.0.3/kryo-3.0.3.pom
[INFO] Downloaded from central: https://repo.maven.apache.org/maven2/com/esotericsoftware/kryo/3.0.3/kryo-3.0.3.pom (0 B at 0 B/s)
[WARNING] The artifact org.slf4j:slf4j-log4j12:jar:1.7.36 has been relocated to org.slf4j:slf4j-reload4j:jar:1.7.36
[INFO] Downloading from central: https://repo.maven.apache.org/maven2/com/esotericsoftware/kryo/3.0.3/kryo-3.0.3.jar
[INFO] Downloaded from central: https://repo.maven.apache.org/maven2/com/esotericsoftware/kryo/3.0.3/kryo-3.0.3.jar (0 B at 0 B/s)
[INFO] 
[INFO] --- maven-clean-plugin:2.5:clean (default-clean) @ rxjava-extras ---
[INFO] 
[INFO] --- jacoco-maven-plugin:0.8.8:prepare-agent (default) @ rxjava-extras ---
[INFO] argLine set to -javaagent:/home/gabsko/.m2/repository/org/jacoco/org.jacoco.agent/0.8.8/org.jacoco.agent-0.8.8-runtime.jar=destfile=/home/gabsko/breaking-updates/target/jacoco.exec
[INFO] 
[INFO] --- maven-resources-plugin:2.6:resources (default-resources) @ rxjava-extras ---
[INFO] Using 'UTF-8' encoding to copy filtered resources.
[INFO] skip non existing resourceDirectory /home/gabsko/breaking-updates/src/main/resources
[INFO] 
[INFO] --- maven-compiler-plugin:3.3:compile (default-compile) @ rxjava-extras ---
[INFO] Changes detected - recompiling the module!
[INFO] Compiling 76 source files to /home/gabsko/breaking-updates/target/classes
[INFO] /home/gabsko/breaking-updates/src/main/java/com/github/davidmoten/rx/Transformers.java: Some input files use or override a deprecated API.
[INFO] /home/gabsko/breaking-updates/src/main/java/com/github/davidmoten/rx/Transformers.java: Recompile with -Xlint:deprecation for details.
[INFO] -------------------------------------------------------------
[ERROR] COMPILATION ERROR : 
[INFO] -------------------------------------------------------------
[ERROR] /home/gabsko/breaking-updates/src/main/java/com/github/davidmoten/rx/Jaxws.java:[5,42] package javax.xml.bind.annotation.adapters does not exist
[ERROR] /home/gabsko/breaking-updates/src/main/java/com/github/davidmoten/rx/Jaxws.java:[12,57] cannot find symbol
  symbol:   class XmlAdapter
  location: class com.github.davidmoten.rx.Jaxws
[ERROR] /home/gabsko/breaking-updates/src/main/java/com/github/davidmoten/rx/Jaxws.java:[15,9] method does not override or implement a method from a supertype
[ERROR] /home/gabsko/breaking-updates/src/main/java/com/github/davidmoten/rx/Jaxws.java:[20,9] method does not override or implement a method from a supertype
[INFO] 4 errors 
[INFO] -------------------------------------------------------------
[INFO] ------------------------------------------------------------------------
[INFO] BUILD FAILURE
[INFO] ------------------------------------------------------------------------
[INFO] Total time:  2.996 s
[INFO] Finished at: 2023-01-24T17:54:49Z
[INFO] ------------------------------------------------------------------------
[ERROR] Failed to execute goal org.apache.maven.plugins:maven-compiler-plugin:3.3:compile (default-compile) on project rxjava-extras: Compilation failure: Compilation failure: 
[ERROR] /home/gabsko/breaking-updates/src/main/java/com/github/davidmoten/rx/Jaxws.java:[5,42] package javax.xml.bind.annotation.adapters does not exist
[ERROR] /home/gabsko/breaking-updates/src/main/java/com/github/davidmoten/rx/Jaxws.java:[12,57] cannot find symbol
[ERROR]   symbol:   class XmlAdapter
[ERROR]   location: class com.github.davidmoten.rx.Jaxws
[ERROR] /home/gabsko/breaking-updates/src/main/java/com/github/davidmoten/rx/Jaxws.java:[15,9] method does not override or implement a method from a supertype
[ERROR] /home/gabsko/breaking-updates/src/main/java/com/github/davidmoten/rx/Jaxws.java:[20,9] method does not override or implement a method from a supertype
[ERROR] -> [Help 1]
[ERROR] 
[ERROR] To see the full stack trace of the errors, re-run Maven with the -e switch.
[ERROR] Re-run Maven using the -X switch to enable full debug logging.
[ERROR] 
[ERROR] For more information about the errors and possible solutions, please read the following articles:
[ERROR] [Help 1] http://cwiki.apache.org/confluence/display/MAVEN/MojoFailureException
