[INFO] Scanning for projects...
[INFO] 
[INFO] ---------------------------< io.xdag:xdagj >----------------------------
[INFO] Building xdagj 0.4.5
[INFO] --------------------------------[ jar ]---------------------------------
[INFO] 
[INFO] --- maven-clean-plugin:3.1.0:clean (default-clean) @ xdagj ---
[INFO] 
[INFO] --- maven-antrun-plugin:1.8:run (package) @ xdagj ---
[INFO] No Ant target defined - SKIPPED
[INFO] 
[INFO] --- maven-resources-plugin:2.6:resources (default-resources) @ xdagj ---
[INFO] Using 'UTF-8' encoding to copy filtered resources.
[INFO] Copying 9 resources
[INFO] 
[INFO] --- maven-compiler-plugin:3.8.1:compile (default-compile) @ xdagj ---
[INFO] Changes detected - recompiling the module!
[INFO] Compiling 237 source files to /home/gabsko/breaking-updates/target/classes
[INFO] ------------------------------------------------------------------------
[INFO] BUILD FAILURE
[INFO] ------------------------------------------------------------------------
[INFO] Total time:  1.279 s
[INFO] Finished at: 2023-01-24T15:07:57Z
[INFO] ------------------------------------------------------------------------
[ERROR] Failed to execute goal org.apache.maven.plugins:maven-compiler-plugin:3.8.1:compile (default-compile) on project xdagj: Fatal error compiling: error: invalid target release: 17 -> [Help 1]
[ERROR] 
[ERROR] To see the full stack trace of the errors, re-run Maven with the -e switch.
[ERROR] Re-run Maven using the -X switch to enable full debug logging.
[ERROR] 
[ERROR] For more information about the errors and possible solutions, please read the following articles:
[ERROR] [Help 1] http://cwiki.apache.org/confluence/display/MAVEN/MojoExecutionException
