[INFO] Scanning for projects...
[WARNING] 
[WARNING] Some problems were encountered while building the effective model for org.maxgamer:QuickShop:jar:4.0.8.3-SNAPSHOT
[WARNING] 'version' contains an expression but should be a constant. @ org.maxgamer:QuickShop:${mvn.build.ver}, /home/gabsko/breaking-updates/pom.xml, line 34, column 14
[WARNING] 'dependencies.dependency.systemPath' for com.lishid:OpenInv:jar should not point at files within the project directory, ${project.basedir}/lib/OpenInv.jar will be unresolvable by dependent projects @ org.maxgamer:QuickShop:${mvn.build.ver}, /home/gabsko/breaking-updates/pom.xml, line 490, column 25
[WARNING] 'dependencies.dependency.systemPath' for me.minebuilders:clearlag:jar should not point at files within the project directory, ${project.basedir}/lib/Clearlag.jar will be unresolvable by dependent projects @ org.maxgamer:QuickShop:${mvn.build.ver}, /home/gabsko/breaking-updates/pom.xml, line 516, column 25
[WARNING] 'dependencies.dependency.version' for org.junit.jupiter:junit-jupiter:jar is either LATEST or RELEASE (both of them are being deprecated) @ org.maxgamer:QuickShop:${mvn.build.ver}, /home/gabsko/breaking-updates/pom.xml, line 546, column 22
[WARNING] 'dependencies.dependency.systemPath' for me.vagdedes.spartan:SpartanAPI:jar should not point at files within the project directory, ${project.basedir}/lib/SpartanAPI.jar will be unresolvable by dependent projects @ org.maxgamer:QuickShop:${mvn.build.ver}, /home/gabsko/breaking-updates/pom.xml, line 585, column 25
[WARNING] 'dependencies.dependency.systemPath' for com.github.intellectualsite:PlotSquared:jar should not point at files within the project directory, ${project.basedir}/lib/PlotSquared-Bukkit.jar will be unresolvable by dependent projects @ org.maxgamer:QuickShop:${mvn.build.ver}, /home/gabsko/breaking-updates/pom.xml, line 705, column 25
[WARNING] 'dependencies.dependency.systemPath' for com.bekvon.bukkit.residence:Residence:jar should not point at files within the project directory, ${project.basedir}/lib/Residence4.8.8.2.jar will be unresolvable by dependent projects @ org.maxgamer:QuickShop:${mvn.build.ver}, /home/gabsko/breaking-updates/pom.xml, line 750, column 25
[WARNING] 'dependencies.dependency.systemPath' for org.primesoft.blockshub:BlockHub:jar should not point at files within the project directory, ${project.basedir}/lib/BlocksHub-3.1.1.jar will be unresolvable by dependent projects @ org.maxgamer:QuickShop:${mvn.build.ver}, /home/gabsko/breaking-updates/pom.xml, line 781, column 25
[WARNING] 'dependencies.dependency.systemPath' for me.xanium:GemsEconomy:jar should not point at files within the project directory, ${project.basedir}/lib/GemsEconomy-4.9.2.jar will be unresolvable by dependent projects @ org.maxgamer:QuickShop:${mvn.build.ver}, /home/gabsko/breaking-updates/pom.xml, line 805, column 25
[WARNING] 'dependencies.dependency.systemPath' for tne.tne:TheNewEconomy:jar should not point at files within the project directory, ${project.basedir}/lib/TNE.jar will be unresolvable by dependent projects @ org.maxgamer:QuickShop:${mvn.build.ver}, /home/gabsko/breaking-updates/pom.xml, line 812, column 25
[WARNING] The expression ${artifactId} is deprecated. Please use ${project.artifactId} instead.
[WARNING] The expression ${artifactId} is deprecated. Please use ${project.artifactId} instead.
[WARNING] 
[WARNING] It is highly recommended to fix these problems because they threaten the stability of your build.
[WARNING] 
[WARNING] For this reason, future Maven versions might no longer support building such malformed projects.
[WARNING] 
[INFO] 
[INFO] -----------------------< org.maxgamer:QuickShop >-----------------------
[INFO] Building QuickShop 4.0.8.3-SNAPSHOT
[INFO] --------------------------------[ jar ]---------------------------------
[INFO] Downloading from spigot-repo: https://hub.spigotmc.org/nexus/content/repositories/snapshots/com/dumptruckman/minecraft/JsonConfiguration/1.1/JsonConfiguration-1.1.pom
[INFO] Downloading from vault-repo: https://jitpack.io/com/dumptruckman/minecraft/JsonConfiguration/1.1/JsonConfiguration-1.1.pom
[INFO] Downloading from sk89q-repo: https://maven.sk89q.com/repo/com/dumptruckman/minecraft/JsonConfiguration/1.1/JsonConfiguration-1.1.pom
[INFO] Downloading from CodeMC: https://repo.codemc.io/repository/maven-public/com/dumptruckman/minecraft/JsonConfiguration/1.1/JsonConfiguration-1.1.pom
[INFO] Downloading from fanciful-repo: https://github.com/mkremins/fanciful/tree/mvn-repo/com/dumptruckman/minecraft/JsonConfiguration/1.1/JsonConfiguration-1.1.pom
[INFO] Downloading from Sonatype-public: https://oss.sonatype.org/content/groups/public/com/dumptruckman/minecraft/JsonConfiguration/1.1/JsonConfiguration-1.1.pom
[INFO] Downloading from md_5-snapshots: https://repo.md-5.net/content/repositories/snapshots/com/dumptruckman/minecraft/JsonConfiguration/1.1/JsonConfiguration-1.1.pom
[INFO] Downloading from md_5-releases: https://repo.md-5.net/content/repositories/releases/com/dumptruckman/minecraft/JsonConfiguration/1.1/JsonConfiguration-1.1.pom
[INFO] Downloading from placeholderapi: https://repo.extendedclip.com/content/repositories/placeholderapi/com/dumptruckman/minecraft/JsonConfiguration/1.1/JsonConfiguration-1.1.pom
[INFO] Downloading from EnderZone: https://ci.ender.zone/plugin/repository/everything/com/dumptruckman/minecraft/JsonConfiguration/1.1/JsonConfiguration-1.1.pom
[INFO] Downloading from IntellectualSites: https://mvn.intellectualsites.com/content/groups/public/com/dumptruckman/minecraft/JsonConfiguration/1.1/JsonConfiguration-1.1.pom
[INFO] Downloading from sonatype-oss: https://oss.sonatype.org/content/repositories/snapshots/com/dumptruckman/minecraft/JsonConfiguration/1.1/JsonConfiguration-1.1.pom
[INFO] Downloading from minebench-repo: https://repo.minebench.de/com/dumptruckman/minecraft/JsonConfiguration/1.1/JsonConfiguration-1.1.pom
[INFO] Downloading from songoda-repo: https://repo.songoda.com/repository/public/com/dumptruckman/minecraft/JsonConfiguration/1.1/JsonConfiguration-1.1.pom
[INFO] Downloading from papermc: https://papermc.io/repo/repository/maven-public/com/dumptruckman/minecraft/JsonConfiguration/1.1/JsonConfiguration-1.1.pom
[INFO] Downloading from bg-repo: https://repo.bg-software.com/repository/api/com/dumptruckman/minecraft/JsonConfiguration/1.1/JsonConfiguration-1.1.pom
[INFO] Downloading from central: https://repo.maven.apache.org/maven2/com/dumptruckman/minecraft/JsonConfiguration/1.1/JsonConfiguration-1.1.pom
[INFO] Downloading from sk89q-repo: https://maven.sk89q.com/repo/fr/neatmonster/nocheatplus/3.17-SNAPSHOT/maven-metadata.xml
[INFO] Downloading from vault-repo: https://jitpack.io/fr/neatmonster/nocheatplus/3.17-SNAPSHOT/maven-metadata.xml
[INFO] Downloading from CodeMC: https://repo.codemc.io/repository/maven-public/fr/neatmonster/nocheatplus/3.17-SNAPSHOT/maven-metadata.xml
[INFO] Downloading from spigot-repo: https://hub.spigotmc.org/nexus/content/repositories/snapshots/fr/neatmonster/nocheatplus/3.17-SNAPSHOT/maven-metadata.xml
[INFO] Downloading from fanciful-repo: https://github.com/mkremins/fanciful/tree/mvn-repo/fr/neatmonster/nocheatplus/3.17-SNAPSHOT/maven-metadata.xml
[INFO] Downloading from Sonatype-public: https://oss.sonatype.org/content/groups/public/fr/neatmonster/nocheatplus/3.17-SNAPSHOT/maven-metadata.xml
[INFO] Downloading from md_5-snapshots: https://repo.md-5.net/content/repositories/snapshots/fr/neatmonster/nocheatplus/3.17-SNAPSHOT/maven-metadata.xml
[INFO] Downloading from md_5-releases: https://repo.md-5.net/content/repositories/releases/fr/neatmonster/nocheatplus/3.17-SNAPSHOT/maven-metadata.xml
[INFO] Downloading from placeholderapi: https://repo.extendedclip.com/content/repositories/placeholderapi/fr/neatmonster/nocheatplus/3.17-SNAPSHOT/maven-metadata.xml
[INFO] Downloading from EnderZone: https://ci.ender.zone/plugin/repository/everything/fr/neatmonster/nocheatplus/3.17-SNAPSHOT/maven-metadata.xml
[INFO] Downloading from IntellectualSites: https://mvn.intellectualsites.com/content/groups/public/fr/neatmonster/nocheatplus/3.17-SNAPSHOT/maven-metadata.xml
[INFO] Downloading from jitpack.io: https://jitpack.io/fr/neatmonster/nocheatplus/3.17-SNAPSHOT/maven-metadata.xml
[INFO] Downloading from maven-default-http-blocker: http://0.0.0.0/fr/neatmonster/nocheatplus/3.17-SNAPSHOT/maven-metadata.xml
[INFO] Downloading from sonatype-oss: https://oss.sonatype.org/content/repositories/snapshots/fr/neatmonster/nocheatplus/3.17-SNAPSHOT/maven-metadata.xml
[INFO] Downloading from minebench-repo: https://repo.minebench.de/fr/neatmonster/nocheatplus/3.17-SNAPSHOT/maven-metadata.xml
[INFO] Downloading from songoda-repo: https://repo.songoda.com/repository/public/fr/neatmonster/nocheatplus/3.17-SNAPSHOT/maven-metadata.xml
[WARNING] Could not validate integrity of download from https://repo.minebench.de/fr/neatmonster/nocheatplus/3.17-SNAPSHOT/maven-metadata.xml
org.eclipse.aether.transfer.ChecksumFailureException: Checksum validation failed, no checksums available
    at org.eclipse.aether.internal.impl.AbstractChecksumPolicy.onNoMoreChecksums (AbstractChecksumPolicy.java:64)
    at org.eclipse.aether.connector.basic.ChecksumValidator.validate (ChecksumValidator.java:107)
    at org.eclipse.aether.connector.basic.BasicRepositoryConnector$GetTaskRunner.runTask (BasicRepositoryConnector.java:460)
    at org.eclipse.aether.connector.basic.BasicRepositoryConnector$TaskRunner.run (BasicRepositoryConnector.java:364)
    at org.eclipse.aether.util.concurrency.RunnableErrorForwarder$1.run (RunnableErrorForwarder.java:75)
    at org.eclipse.aether.connector.basic.BasicRepositoryConnector$DirectExecutor.execute (BasicRepositoryConnector.java:628)
    at org.eclipse.aether.connector.basic.BasicRepositoryConnector.get (BasicRepositoryConnector.java:235)
    at org.eclipse.aether.internal.impl.DefaultMetadataResolver$ResolveTask.run (DefaultMetadataResolver.java:586)
    at org.eclipse.aether.util.concurrency.RunnableErrorForwarder$1.run (RunnableErrorForwarder.java:75)
    at java.util.concurrent.ThreadPoolExecutor.runWorker (ThreadPoolExecutor.java:1128)
    at java.util.concurrent.ThreadPoolExecutor$Worker.run (ThreadPoolExecutor.java:628)
    at java.lang.Thread.run (Thread.java:829)
[WARNING] Checksum validation failed, no checksums available from minebench-repo for https://repo.minebench.de/fr/neatmonster/nocheatplus/3.17-SNAPSHOT/maven-metadata.xml
[INFO] Downloaded from minebench-repo: https://repo.minebench.de/fr/neatmonster/nocheatplus/3.17-SNAPSHOT/maven-metadata.xml (708 B at 4.8 kB/s)
[INFO] Downloading from papermc: https://papermc.io/repo/repository/maven-public/fr/neatmonster/nocheatplus/3.17-SNAPSHOT/maven-metadata.xml
[INFO] Downloading from bg-repo: https://repo.bg-software.com/repository/api/fr/neatmonster/nocheatplus/3.17-SNAPSHOT/maven-metadata.xml
[WARNING] Could not transfer metadata fr.neatmonster:nocheatplus:3.17-SNAPSHOT/maven-metadata.xml from/to sk89q-repo (https://maven.sk89q.com/repo/): transfer failed for https://maven.sk89q.com/repo/fr/neatmonster/nocheatplus/3.17-SNAPSHOT/maven-metadata.xml, status: 522
[WARNING] Could not transfer metadata fr.neatmonster:nocheatplus:3.17-SNAPSHOT/maven-metadata.xml from/to IntellectualSites (https://mvn.intellectualsites.com/content/groups/public/): transfer failed for https://mvn.intellectualsites.com/content/groups/public/fr/neatmonster/nocheatplus/3.17-SNAPSHOT/maven-metadata.xml
[WARNING] fr.neatmonster:nocheatplus:3.17-SNAPSHOT/maven-metadata.xmlfailed to transfer from https://maven.sk89q.com/repo/ during a previous attempt. This failure was cached in the local repository and resolution will not be reattempted until the update interval of sk89q-repo has elapsed or updates are forced. Original error: Could not transfer metadata fr.neatmonster:nocheatplus:3.17-SNAPSHOT/maven-metadata.xml from/to sk89q-repo (https://maven.sk89q.com/repo/): transfer failed for https://maven.sk89q.com/repo/fr/neatmonster/nocheatplus/3.17-SNAPSHOT/maven-metadata.xml, status: 522
[WARNING] fr.neatmonster:nocheatplus:3.17-SNAPSHOT/maven-metadata.xmlfailed to transfer from https://mvn.intellectualsites.com/content/groups/public/ during a previous attempt. This failure was cached in the local repository and resolution will not be reattempted until the update interval of IntellectualSites has elapsed or updates are forced. Original error: Could not transfer metadata fr.neatmonster:nocheatplus:3.17-SNAPSHOT/maven-metadata.xml from/to IntellectualSites (https://mvn.intellectualsites.com/content/groups/public/): transfer failed for https://mvn.intellectualsites.com/content/groups/public/fr/neatmonster/nocheatplus/3.17-SNAPSHOT/maven-metadata.xml
[INFO] Downloading from spigot-repo: https://hub.spigotmc.org/nexus/content/repositories/snapshots/org/junit/jupiter/junit-jupiter/maven-metadata.xml
[INFO] Downloading from vault-repo: https://jitpack.io/org/junit/jupiter/junit-jupiter/maven-metadata.xml
[INFO] Downloading from CodeMC: https://repo.codemc.io/repository/maven-public/org/junit/jupiter/junit-jupiter/maven-metadata.xml
[INFO] Downloading from sk89q-repo: https://maven.sk89q.com/repo/org/junit/jupiter/junit-jupiter/maven-metadata.xml
[INFO] Downloading from fanciful-repo: https://github.com/mkremins/fanciful/tree/mvn-repo/org/junit/jupiter/junit-jupiter/maven-metadata.xml
[INFO] Downloading from Sonatype-public: https://oss.sonatype.org/content/groups/public/org/junit/jupiter/junit-jupiter/maven-metadata.xml
[INFO] Downloading from md_5-snapshots: https://repo.md-5.net/content/repositories/snapshots/org/junit/jupiter/junit-jupiter/maven-metadata.xml
[INFO] Downloading from md_5-releases: https://repo.md-5.net/content/repositories/releases/org/junit/jupiter/junit-jupiter/maven-metadata.xml
[INFO] Downloaded from Sonatype-public: https://oss.sonatype.org/content/groups/public/org/junit/jupiter/junit-jupiter/maven-metadata.xml (1.8 kB at 7.2 kB/s)
[INFO] Downloading from placeholderapi: https://repo.extendedclip.com/content/repositories/placeholderapi/org/junit/jupiter/junit-jupiter/maven-metadata.xml
[INFO] Downloading from EnderZone: https://ci.ender.zone/plugin/repository/everything/org/junit/jupiter/junit-jupiter/maven-metadata.xml
[INFO] Downloading from IntellectualSites: https://mvn.intellectualsites.com/content/groups/public/org/junit/jupiter/junit-jupiter/maven-metadata.xml
[INFO] Downloading from jitpack.io: https://jitpack.io/org/junit/jupiter/junit-jupiter/maven-metadata.xml
[INFO] Downloading from maven-default-http-blocker: http://0.0.0.0/org/junit/jupiter/junit-jupiter/maven-metadata.xml
[INFO] Downloading from sonatype-oss: https://oss.sonatype.org/content/repositories/snapshots/org/junit/jupiter/junit-jupiter/maven-metadata.xml
[INFO] Downloading from minebench-repo: https://repo.minebench.de/org/junit/jupiter/junit-jupiter/maven-metadata.xml
[INFO] Downloading from songoda-repo: https://repo.songoda.com/repository/public/org/junit/jupiter/junit-jupiter/maven-metadata.xml
[INFO] Downloaded from sonatype-oss: https://oss.sonatype.org/content/repositories/snapshots/org/junit/jupiter/junit-jupiter/maven-metadata.xml (752 B at 3.1 kB/s)
[INFO] Downloading from papermc: https://papermc.io/repo/repository/maven-public/org/junit/jupiter/junit-jupiter/maven-metadata.xml
[INFO] Downloading from bg-repo: https://repo.bg-software.com/repository/api/org/junit/jupiter/junit-jupiter/maven-metadata.xml
[INFO] Downloaded from papermc: https://papermc.io/repo/repository/maven-public/org/junit/jupiter/junit-jupiter/maven-metadata.xml (1.9 kB at 16 kB/s)
[INFO] Downloading from central: https://repo.maven.apache.org/maven2/org/junit/jupiter/junit-jupiter/maven-metadata.xml
[INFO] Downloaded from central: https://repo.maven.apache.org/maven2/org/junit/jupiter/junit-jupiter/maven-metadata.xml (1.4 kB at 60 kB/s)
[WARNING] Could not transfer metadata org.junit.jupiter:junit-jupiter/maven-metadata.xml from/to sk89q-repo (https://maven.sk89q.com/repo/): transfer failed for https://maven.sk89q.com/repo/org/junit/jupiter/junit-jupiter/maven-metadata.xml, status: 522
[WARNING] Could not transfer metadata org.junit.jupiter:junit-jupiter/maven-metadata.xml from/to IntellectualSites (https://mvn.intellectualsites.com/content/groups/public/): transfer failed for https://mvn.intellectualsites.com/content/groups/public/org/junit/jupiter/junit-jupiter/maven-metadata.xml
[WARNING] org.junit.jupiter:junit-jupiter/maven-metadata.xmlfailed to transfer from https://maven.sk89q.com/repo/ during a previous attempt. This failure was cached in the local repository and resolution will not be reattempted until the update interval of sk89q-repo has elapsed or updates are forced. Original error: Could not transfer metadata org.junit.jupiter:junit-jupiter/maven-metadata.xml from/to sk89q-repo (https://maven.sk89q.com/repo/): transfer failed for https://maven.sk89q.com/repo/org/junit/jupiter/junit-jupiter/maven-metadata.xml, status: 522
[WARNING] org.junit.jupiter:junit-jupiter/maven-metadata.xmlfailed to transfer from https://mvn.intellectualsites.com/content/groups/public/ during a previous attempt. This failure was cached in the local repository and resolution will not be reattempted until the update interval of IntellectualSites has elapsed or updates are forced. Original error: Could not transfer metadata org.junit.jupiter:junit-jupiter/maven-metadata.xml from/to IntellectualSites (https://mvn.intellectualsites.com/content/groups/public/): transfer failed for https://mvn.intellectualsites.com/content/groups/public/org/junit/jupiter/junit-jupiter/maven-metadata.xml
[INFO] Downloading from vault-repo: https://jitpack.io/org/spigotmc/spigot-api/1.16.5-R0.1-SNAPSHOT/maven-metadata.xml
[INFO] Downloading from spigot-repo: https://hub.spigotmc.org/nexus/content/repositories/snapshots/org/spigotmc/spigot-api/1.16.5-R0.1-SNAPSHOT/maven-metadata.xml
[INFO] Downloading from CodeMC: https://repo.codemc.io/repository/maven-public/org/spigotmc/spigot-api/1.16.5-R0.1-SNAPSHOT/maven-metadata.xml
[INFO] Downloading from sk89q-repo: https://maven.sk89q.com/repo/org/spigotmc/spigot-api/1.16.5-R0.1-SNAPSHOT/maven-metadata.xml
[INFO] Downloading from fanciful-repo: https://github.com/mkremins/fanciful/tree/mvn-repo/org/spigotmc/spigot-api/1.16.5-R0.1-SNAPSHOT/maven-metadata.xml
[INFO] Downloading from Sonatype-public: https://oss.sonatype.org/content/groups/public/org/spigotmc/spigot-api/1.16.5-R0.1-SNAPSHOT/maven-metadata.xml
[INFO] Downloaded from spigot-repo: https://hub.spigotmc.org/nexus/content/repositories/snapshots/org/spigotmc/spigot-api/1.16.5-R0.1-SNAPSHOT/maven-metadata.xml (1.5 kB at 5.8 kB/s)
[INFO] Downloading from md_5-snapshots: https://repo.md-5.net/content/repositories/snapshots/org/spigotmc/spigot-api/1.16.5-R0.1-SNAPSHOT/maven-metadata.xml
[INFO] Downloading from md_5-releases: https://repo.md-5.net/content/repositories/releases/org/spigotmc/spigot-api/1.16.5-R0.1-SNAPSHOT/maven-metadata.xml
[INFO] Downloading from placeholderapi: https://repo.extendedclip.com/content/repositories/placeholderapi/org/spigotmc/spigot-api/1.16.5-R0.1-SNAPSHOT/maven-metadata.xml
[INFO] Downloading from EnderZone: https://ci.ender.zone/plugin/repository/everything/org/spigotmc/spigot-api/1.16.5-R0.1-SNAPSHOT/maven-metadata.xml
[INFO] Downloading from IntellectualSites: https://mvn.intellectualsites.com/content/groups/public/org/spigotmc/spigot-api/1.16.5-R0.1-SNAPSHOT/maven-metadata.xml
[INFO] Downloading from jitpack.io: https://jitpack.io/org/spigotmc/spigot-api/1.16.5-R0.1-SNAPSHOT/maven-metadata.xml
[INFO] Downloading from maven-default-http-blocker: http://0.0.0.0/org/spigotmc/spigot-api/1.16.5-R0.1-SNAPSHOT/maven-metadata.xml
[INFO] Downloading from sonatype-oss: https://oss.sonatype.org/content/repositories/snapshots/org/spigotmc/spigot-api/1.16.5-R0.1-SNAPSHOT/maven-metadata.xml
[INFO] Downloading from minebench-repo: https://repo.minebench.de/org/spigotmc/spigot-api/1.16.5-R0.1-SNAPSHOT/maven-metadata.xml
[INFO] Downloading from songoda-repo: https://repo.songoda.com/repository/public/org/spigotmc/spigot-api/1.16.5-R0.1-SNAPSHOT/maven-metadata.xml
[INFO] Downloading from papermc: https://papermc.io/repo/repository/maven-public/org/spigotmc/spigot-api/1.16.5-R0.1-SNAPSHOT/maven-metadata.xml
[INFO] Downloaded from papermc: https://papermc.io/repo/repository/maven-public/org/spigotmc/spigot-api/1.16.5-R0.1-SNAPSHOT/maven-metadata.xml (1.5 kB at 13 kB/s)
[INFO] Downloading from bg-repo: https://repo.bg-software.com/repository/api/org/spigotmc/spigot-api/1.16.5-R0.1-SNAPSHOT/maven-metadata.xml
[WARNING] Could not transfer metadata org.spigotmc:spigot-api:1.16.5-R0.1-SNAPSHOT/maven-metadata.xml from/to sk89q-repo (https://maven.sk89q.com/repo/): transfer failed for https://maven.sk89q.com/repo/org/spigotmc/spigot-api/1.16.5-R0.1-SNAPSHOT/maven-metadata.xml, status: 522
[WARNING] Could not transfer metadata org.spigotmc:spigot-api:1.16.5-R0.1-SNAPSHOT/maven-metadata.xml from/to IntellectualSites (https://mvn.intellectualsites.com/content/groups/public/): transfer failed for https://mvn.intellectualsites.com/content/groups/public/org/spigotmc/spigot-api/1.16.5-R0.1-SNAPSHOT/maven-metadata.xml
[WARNING] org.spigotmc:spigot-api:1.16.5-R0.1-SNAPSHOT/maven-metadata.xmlfailed to transfer from https://maven.sk89q.com/repo/ during a previous attempt. This failure was cached in the local repository and resolution will not be reattempted until the update interval of sk89q-repo has elapsed or updates are forced. Original error: Could not transfer metadata org.spigotmc:spigot-api:1.16.5-R0.1-SNAPSHOT/maven-metadata.xml from/to sk89q-repo (https://maven.sk89q.com/repo/): transfer failed for https://maven.sk89q.com/repo/org/spigotmc/spigot-api/1.16.5-R0.1-SNAPSHOT/maven-metadata.xml, status: 522
[WARNING] org.spigotmc:spigot-api:1.16.5-R0.1-SNAPSHOT/maven-metadata.xmlfailed to transfer from https://mvn.intellectualsites.com/content/groups/public/ during a previous attempt. This failure was cached in the local repository and resolution will not be reattempted until the update interval of IntellectualSites has elapsed or updates are forced. Original error: Could not transfer metadata org.spigotmc:spigot-api:1.16.5-R0.1-SNAPSHOT/maven-metadata.xml from/to IntellectualSites (https://mvn.intellectualsites.com/content/groups/public/): transfer failed for https://mvn.intellectualsites.com/content/groups/public/org/spigotmc/spigot-api/1.16.5-R0.1-SNAPSHOT/maven-metadata.xml
[INFO] Downloading from spigot-repo: https://hub.spigotmc.org/nexus/content/repositories/snapshots/com/github/TownyAdvanced/Towny/0.96.2.0/Towny-0.96.2.0.pom
[INFO] Downloading from vault-repo: https://jitpack.io/com/github/TownyAdvanced/Towny/0.96.2.0/Towny-0.96.2.0.pom
[INFO] Downloading from sk89q-repo: https://maven.sk89q.com/repo/com/github/TownyAdvanced/Towny/0.96.2.0/Towny-0.96.2.0.pom
[INFO] Downloading from CodeMC: https://repo.codemc.io/repository/maven-public/com/github/TownyAdvanced/Towny/0.96.2.0/Towny-0.96.2.0.pom
[INFO] Downloading from fanciful-repo: https://github.com/mkremins/fanciful/tree/mvn-repo/com/github/TownyAdvanced/Towny/0.96.2.0/Towny-0.96.2.0.pom
[INFO] Downloading from Sonatype-public: https://oss.sonatype.org/content/groups/public/com/github/TownyAdvanced/Towny/0.96.2.0/Towny-0.96.2.0.pom
[INFO] Downloading from md_5-snapshots: https://repo.md-5.net/content/repositories/snapshots/com/github/TownyAdvanced/Towny/0.96.2.0/Towny-0.96.2.0.pom
[INFO] Downloading from md_5-releases: https://repo.md-5.net/content/repositories/releases/com/github/TownyAdvanced/Towny/0.96.2.0/Towny-0.96.2.0.pom
[INFO] Downloading from placeholderapi: https://repo.extendedclip.com/content/repositories/placeholderapi/com/github/TownyAdvanced/Towny/0.96.2.0/Towny-0.96.2.0.pom
[INFO] Downloading from EnderZone: https://ci.ender.zone/plugin/repository/everything/com/github/TownyAdvanced/Towny/0.96.2.0/Towny-0.96.2.0.pom
[INFO] Downloading from IntellectualSites: https://mvn.intellectualsites.com/content/groups/public/com/github/TownyAdvanced/Towny/0.96.2.0/Towny-0.96.2.0.pom
[INFO] Downloading from sonatype-oss: https://oss.sonatype.org/content/repositories/snapshots/com/github/TownyAdvanced/Towny/0.96.2.0/Towny-0.96.2.0.pom
[INFO] Downloading from minebench-repo: https://repo.minebench.de/com/github/TownyAdvanced/Towny/0.96.2.0/Towny-0.96.2.0.pom
[INFO] Downloading from songoda-repo: https://repo.songoda.com/repository/public/com/github/TownyAdvanced/Towny/0.96.2.0/Towny-0.96.2.0.pom
[INFO] Downloading from papermc: https://papermc.io/repo/repository/maven-public/com/github/TownyAdvanced/Towny/0.96.2.0/Towny-0.96.2.0.pom
[INFO] Downloading from bg-repo: https://repo.bg-software.com/repository/api/com/github/TownyAdvanced/Towny/0.96.2.0/Towny-0.96.2.0.pom
[INFO] Downloading from central: https://repo.maven.apache.org/maven2/com/github/TownyAdvanced/Towny/0.96.2.0/Towny-0.96.2.0.pom
[INFO] Downloading from spigot-repo: https://hub.spigotmc.org/nexus/content/repositories/snapshots/com/sk89q/worldguard/worldguard-bukkit/7.0.4/worldguard-bukkit-7.0.4.pom
[INFO] Downloading from vault-repo: https://jitpack.io/com/sk89q/worldguard/worldguard-bukkit/7.0.4/worldguard-bukkit-7.0.4.pom
[INFO] Downloading from sk89q-repo: https://maven.sk89q.com/repo/com/sk89q/worldguard/worldguard-bukkit/7.0.4/worldguard-bukkit-7.0.4.pom
[INFO] Downloading from CodeMC: https://repo.codemc.io/repository/maven-public/com/sk89q/worldguard/worldguard-bukkit/7.0.4/worldguard-bukkit-7.0.4.pom
[INFO] Downloading from fanciful-repo: https://github.com/mkremins/fanciful/tree/mvn-repo/com/sk89q/worldguard/worldguard-bukkit/7.0.4/worldguard-bukkit-7.0.4.pom
[INFO] Downloading from Sonatype-public: https://oss.sonatype.org/content/groups/public/com/sk89q/worldguard/worldguard-bukkit/7.0.4/worldguard-bukkit-7.0.4.pom
[INFO] Downloading from md_5-snapshots: https://repo.md-5.net/content/repositories/snapshots/com/sk89q/worldguard/worldguard-bukkit/7.0.4/worldguard-bukkit-7.0.4.pom
[INFO] Downloading from md_5-releases: https://repo.md-5.net/content/repositories/releases/com/sk89q/worldguard/worldguard-bukkit/7.0.4/worldguard-bukkit-7.0.4.pom
[INFO] Downloading from placeholderapi: https://repo.extendedclip.com/content/repositories/placeholderapi/com/sk89q/worldguard/worldguard-bukkit/7.0.4/worldguard-bukkit-7.0.4.pom
[INFO] Downloading from EnderZone: https://ci.ender.zone/plugin/repository/everything/com/sk89q/worldguard/worldguard-bukkit/7.0.4/worldguard-bukkit-7.0.4.pom
[INFO] Downloading from IntellectualSites: https://mvn.intellectualsites.com/content/groups/public/com/sk89q/worldguard/worldguard-bukkit/7.0.4/worldguard-bukkit-7.0.4.pom
[INFO] Downloading from sonatype-oss: https://oss.sonatype.org/content/repositories/snapshots/com/sk89q/worldguard/worldguard-bukkit/7.0.4/worldguard-bukkit-7.0.4.pom
[INFO] Downloading from minebench-repo: https://repo.minebench.de/com/sk89q/worldguard/worldguard-bukkit/7.0.4/worldguard-bukkit-7.0.4.pom
[INFO] Downloading from songoda-repo: https://repo.songoda.com/repository/public/com/sk89q/worldguard/worldguard-bukkit/7.0.4/worldguard-bukkit-7.0.4.pom
[INFO] Downloading from papermc: https://papermc.io/repo/repository/maven-public/com/sk89q/worldguard/worldguard-bukkit/7.0.4/worldguard-bukkit-7.0.4.pom
[INFO] Downloading from bg-repo: https://repo.bg-software.com/repository/api/com/sk89q/worldguard/worldguard-bukkit/7.0.4/worldguard-bukkit-7.0.4.pom
[INFO] Downloading from central: https://repo.maven.apache.org/maven2/com/sk89q/worldguard/worldguard-bukkit/7.0.4/worldguard-bukkit-7.0.4.pom
[INFO] Downloading from vault-repo: https://jitpack.io/mkremins/fanciful/0.4.0-SNAPSHOT/maven-metadata.xml
[INFO] Downloading from spigot-repo: https://hub.spigotmc.org/nexus/content/repositories/snapshots/mkremins/fanciful/0.4.0-SNAPSHOT/maven-metadata.xml
[INFO] Downloading from CodeMC: https://repo.codemc.io/repository/maven-public/mkremins/fanciful/0.4.0-SNAPSHOT/maven-metadata.xml
[INFO] Downloading from sk89q-repo: https://maven.sk89q.com/repo/mkremins/fanciful/0.4.0-SNAPSHOT/maven-metadata.xml
[INFO] Downloading from fanciful-repo: https://github.com/mkremins/fanciful/tree/mvn-repo/mkremins/fanciful/0.4.0-SNAPSHOT/maven-metadata.xml
[INFO] Downloading from Sonatype-public: https://oss.sonatype.org/content/groups/public/mkremins/fanciful/0.4.0-SNAPSHOT/maven-metadata.xml
[INFO] Downloading from md_5-snapshots: https://repo.md-5.net/content/repositories/snapshots/mkremins/fanciful/0.4.0-SNAPSHOT/maven-metadata.xml
[INFO] Downloading from md_5-releases: https://repo.md-5.net/content/repositories/releases/mkremins/fanciful/0.4.0-SNAPSHOT/maven-metadata.xml
[INFO] Downloading from placeholderapi: https://repo.extendedclip.com/content/repositories/placeholderapi/mkremins/fanciful/0.4.0-SNAPSHOT/maven-metadata.xml
[INFO] Downloading from EnderZone: https://ci.ender.zone/plugin/repository/everything/mkremins/fanciful/0.4.0-SNAPSHOT/maven-metadata.xml
[INFO] Downloading from IntellectualSites: https://mvn.intellectualsites.com/content/groups/public/mkremins/fanciful/0.4.0-SNAPSHOT/maven-metadata.xml
[INFO] Downloading from jitpack.io: https://jitpack.io/mkremins/fanciful/0.4.0-SNAPSHOT/maven-metadata.xml
[INFO] Downloading from maven-default-http-blocker: http://0.0.0.0/mkremins/fanciful/0.4.0-SNAPSHOT/maven-metadata.xml
[INFO] Downloading from sonatype-oss: https://oss.sonatype.org/content/repositories/snapshots/mkremins/fanciful/0.4.0-SNAPSHOT/maven-metadata.xml
[INFO] Downloading from minebench-repo: https://repo.minebench.de/mkremins/fanciful/0.4.0-SNAPSHOT/maven-metadata.xml
[INFO] Downloading from songoda-repo: https://repo.songoda.com/repository/public/mkremins/fanciful/0.4.0-SNAPSHOT/maven-metadata.xml
[INFO] Downloading from papermc: https://papermc.io/repo/repository/maven-public/mkremins/fanciful/0.4.0-SNAPSHOT/maven-metadata.xml
[INFO] Downloading from bg-repo: https://repo.bg-software.com/repository/api/mkremins/fanciful/0.4.0-SNAPSHOT/maven-metadata.xml
[INFO] Downloading from fuuid-repo: https://github.com/factions-site/repo/raw/public/mkremins/fanciful/0.4.0-SNAPSHOT/maven-metadata.xml
[INFO] Downloading from ess-repo: https://ci.ender.zone/plugin/repository/everything/mkremins/fanciful/0.4.0-SNAPSHOT/maven-metadata.xml
[INFO] Downloading from sponge: https://repo.spongepowered.org/maven/mkremins/fanciful/0.4.0-SNAPSHOT/maven-metadata.xml
[INFO] Downloaded from EnderZone: https://ci.ender.zone/plugin/repository/everything/mkremins/fanciful/0.4.0-SNAPSHOT/maven-metadata.xml (609 B at 702 B/s)
[INFO] Downloading from citizens-repo: https://repo.citizensnpcs.co/mkremins/fanciful/0.4.0-SNAPSHOT/maven-metadata.xml
[INFO] Downloading from minecraft-libraries: https://libraries.minecraft.net/mkremins/fanciful/0.4.0-SNAPSHOT/maven-metadata.xml
[INFO] Downloaded from ess-repo: https://ci.ender.zone/plugin/repository/everything/mkremins/fanciful/0.4.0-SNAPSHOT/maven-metadata.xml (609 B at 678 B/s)
[WARNING] Could not transfer metadata mkremins:fanciful:0.4.0-SNAPSHOT/maven-metadata.xml from/to sk89q-repo (https://maven.sk89q.com/repo/): transfer failed for https://maven.sk89q.com/repo/mkremins/fanciful/0.4.0-SNAPSHOT/maven-metadata.xml, status: 522
[WARNING] Could not transfer metadata mkremins:fanciful:0.4.0-SNAPSHOT/maven-metadata.xml from/to IntellectualSites (https://mvn.intellectualsites.com/content/groups/public/): transfer failed for https://mvn.intellectualsites.com/content/groups/public/mkremins/fanciful/0.4.0-SNAPSHOT/maven-metadata.xml
[WARNING] mkremins:fanciful:0.4.0-SNAPSHOT/maven-metadata.xmlfailed to transfer from https://maven.sk89q.com/repo/ during a previous attempt. This failure was cached in the local repository and resolution will not be reattempted until the update interval of sk89q-repo has elapsed or updates are forced. Original error: Could not transfer metadata mkremins:fanciful:0.4.0-SNAPSHOT/maven-metadata.xml from/to sk89q-repo (https://maven.sk89q.com/repo/): transfer failed for https://maven.sk89q.com/repo/mkremins/fanciful/0.4.0-SNAPSHOT/maven-metadata.xml, status: 522
[WARNING] mkremins:fanciful:0.4.0-SNAPSHOT/maven-metadata.xmlfailed to transfer from https://mvn.intellectualsites.com/content/groups/public/ during a previous attempt. This failure was cached in the local repository and resolution will not be reattempted until the update interval of IntellectualSites has elapsed or updates are forced. Original error: Could not transfer metadata mkremins:fanciful:0.4.0-SNAPSHOT/maven-metadata.xml from/to IntellectualSites (https://mvn.intellectualsites.com/content/groups/public/): transfer failed for https://mvn.intellectualsites.com/content/groups/public/mkremins/fanciful/0.4.0-SNAPSHOT/maven-metadata.xml
[INFO] Downloading from vault-repo: https://jitpack.io/com/rollbar/rollbar-java/maven-metadata.xml
[INFO] Downloading from spigot-repo: https://hub.spigotmc.org/nexus/content/repositories/snapshots/com/rollbar/rollbar-java/maven-metadata.xml
[INFO] Downloading from sk89q-repo: https://maven.sk89q.com/repo/com/rollbar/rollbar-java/maven-metadata.xml
[INFO] Downloading from CodeMC: https://repo.codemc.io/repository/maven-public/com/rollbar/rollbar-java/maven-metadata.xml
[INFO] Downloading from fanciful-repo: https://github.com/mkremins/fanciful/tree/mvn-repo/com/rollbar/rollbar-java/maven-metadata.xml
[INFO] Downloading from Sonatype-public: https://oss.sonatype.org/content/groups/public/com/rollbar/rollbar-java/maven-metadata.xml
[INFO] Downloading from md_5-snapshots: https://repo.md-5.net/content/repositories/snapshots/com/rollbar/rollbar-java/maven-metadata.xml
[INFO] Downloading from md_5-releases: https://repo.md-5.net/content/repositories/releases/com/rollbar/rollbar-java/maven-metadata.xml
[INFO] Downloading from placeholderapi: https://repo.extendedclip.com/content/repositories/placeholderapi/com/rollbar/rollbar-java/maven-metadata.xml
[INFO] Downloading from EnderZone: https://ci.ender.zone/plugin/repository/everything/com/rollbar/rollbar-java/maven-metadata.xml
[INFO] Downloaded from Sonatype-public: https://oss.sonatype.org/content/groups/public/com/rollbar/rollbar-java/maven-metadata.xml (1.5 kB at 5.6 kB/s)
[INFO] Downloading from IntellectualSites: https://mvn.intellectualsites.com/content/groups/public/com/rollbar/rollbar-java/maven-metadata.xml
[INFO] Downloading from jitpack.io: https://jitpack.io/com/rollbar/rollbar-java/maven-metadata.xml
[INFO] Downloading from maven-default-http-blocker: http://0.0.0.0/com/rollbar/rollbar-java/maven-metadata.xml
[INFO] Downloading from sonatype-oss: https://oss.sonatype.org/content/repositories/snapshots/com/rollbar/rollbar-java/maven-metadata.xml
[INFO] Downloading from minebench-repo: https://repo.minebench.de/com/rollbar/rollbar-java/maven-metadata.xml
[INFO] Downloading from songoda-repo: https://repo.songoda.com/repository/public/com/rollbar/rollbar-java/maven-metadata.xml
[INFO] Downloaded from sonatype-oss: https://oss.sonatype.org/content/repositories/snapshots/com/rollbar/rollbar-java/maven-metadata.xml (505 B at 2.1 kB/s)
[INFO] Downloading from papermc: https://papermc.io/repo/repository/maven-public/com/rollbar/rollbar-java/maven-metadata.xml
[INFO] Downloaded from papermc: https://papermc.io/repo/repository/maven-public/com/rollbar/rollbar-java/maven-metadata.xml (1.5 kB at 13 kB/s)
[INFO] Downloading from bg-repo: https://repo.bg-software.com/repository/api/com/rollbar/rollbar-java/maven-metadata.xml
[INFO] Downloading from central: https://repo.maven.apache.org/maven2/com/rollbar/rollbar-java/maven-metadata.xml
[INFO] Downloaded from central: https://repo.maven.apache.org/maven2/com/rollbar/rollbar-java/maven-metadata.xml (1.3 kB at 10 kB/s)
[WARNING] Could not transfer metadata com.rollbar:rollbar-java/maven-metadata.xml from/to sk89q-repo (https://maven.sk89q.com/repo/): transfer failed for https://maven.sk89q.com/repo/com/rollbar/rollbar-java/maven-metadata.xml, status: 522
[WARNING] Could not transfer metadata com.rollbar:rollbar-java/maven-metadata.xml from/to IntellectualSites (https://mvn.intellectualsites.com/content/groups/public/): transfer failed for https://mvn.intellectualsites.com/content/groups/public/com/rollbar/rollbar-java/maven-metadata.xml
[INFO] Downloading from vault-repo: https://jitpack.io/com/rollbar/rollbar-java/1.7.10-SNAPSHOT/maven-metadata.xml
[INFO] Downloading from spigot-repo: https://hub.spigotmc.org/nexus/content/repositories/snapshots/com/rollbar/rollbar-java/1.7.10-SNAPSHOT/maven-metadata.xml
[INFO] Downloading from sk89q-repo: https://maven.sk89q.com/repo/com/rollbar/rollbar-java/1.7.10-SNAPSHOT/maven-metadata.xml
[INFO] Downloading from CodeMC: https://repo.codemc.io/repository/maven-public/com/rollbar/rollbar-java/1.7.10-SNAPSHOT/maven-metadata.xml
[INFO] Downloading from fanciful-repo: https://github.com/mkremins/fanciful/tree/mvn-repo/com/rollbar/rollbar-java/1.7.10-SNAPSHOT/maven-metadata.xml
[INFO] Downloading from Sonatype-public: https://oss.sonatype.org/content/groups/public/com/rollbar/rollbar-java/1.7.10-SNAPSHOT/maven-metadata.xml
[INFO] Downloading from md_5-snapshots: https://repo.md-5.net/content/repositories/snapshots/com/rollbar/rollbar-java/1.7.10-SNAPSHOT/maven-metadata.xml
[INFO] Downloading from md_5-releases: https://repo.md-5.net/content/repositories/releases/com/rollbar/rollbar-java/1.7.10-SNAPSHOT/maven-metadata.xml
[INFO] Downloading from placeholderapi: https://repo.extendedclip.com/content/repositories/placeholderapi/com/rollbar/rollbar-java/1.7.10-SNAPSHOT/maven-metadata.xml
[INFO] Downloading from EnderZone: https://ci.ender.zone/plugin/repository/everything/com/rollbar/rollbar-java/1.7.10-SNAPSHOT/maven-metadata.xml
[INFO] Downloading from IntellectualSites: https://mvn.intellectualsites.com/content/groups/public/com/rollbar/rollbar-java/1.7.10-SNAPSHOT/maven-metadata.xml
[INFO] Downloading from jitpack.io: https://jitpack.io/com/rollbar/rollbar-java/1.7.10-SNAPSHOT/maven-metadata.xml
[INFO] Downloading from maven-default-http-blocker: http://0.0.0.0/com/rollbar/rollbar-java/1.7.10-SNAPSHOT/maven-metadata.xml
[INFO] Downloading from sonatype-oss: https://oss.sonatype.org/content/repositories/snapshots/com/rollbar/rollbar-java/1.7.10-SNAPSHOT/maven-metadata.xml
[INFO] Downloading from minebench-repo: https://repo.minebench.de/com/rollbar/rollbar-java/1.7.10-SNAPSHOT/maven-metadata.xml
[INFO] Downloading from songoda-repo: https://repo.songoda.com/repository/public/com/rollbar/rollbar-java/1.7.10-SNAPSHOT/maven-metadata.xml
[INFO] Downloading from papermc: https://papermc.io/repo/repository/maven-public/com/rollbar/rollbar-java/1.7.10-SNAPSHOT/maven-metadata.xml
[INFO] Downloading from bg-repo: https://repo.bg-software.com/repository/api/com/rollbar/rollbar-java/1.7.10-SNAPSHOT/maven-metadata.xml
[INFO] Downloaded from papermc: https://papermc.io/repo/repository/maven-public/com/rollbar/rollbar-java/1.7.10-SNAPSHOT/maven-metadata.xml (1.4 kB at 347 B/s)
[WARNING] Could not transfer metadata com.rollbar:rollbar-java:1.7.10-SNAPSHOT/maven-metadata.xml from/to sk89q-repo (https://maven.sk89q.com/repo/): transfer failed for https://maven.sk89q.com/repo/com/rollbar/rollbar-java/1.7.10-SNAPSHOT/maven-metadata.xml, status: 522
[WARNING] Could not transfer metadata com.rollbar:rollbar-java:1.7.10-SNAPSHOT/maven-metadata.xml from/to IntellectualSites (https://mvn.intellectualsites.com/content/groups/public/): transfer failed for https://mvn.intellectualsites.com/content/groups/public/com/rollbar/rollbar-java/1.7.10-SNAPSHOT/maven-metadata.xml
[WARNING] com.rollbar:rollbar-java:1.7.10-SNAPSHOT/maven-metadata.xmlfailed to transfer from https://maven.sk89q.com/repo/ during a previous attempt. This failure was cached in the local repository and resolution will not be reattempted until the update interval of sk89q-repo has elapsed or updates are forced. Original error: Could not transfer metadata com.rollbar:rollbar-java:1.7.10-SNAPSHOT/maven-metadata.xml from/to sk89q-repo (https://maven.sk89q.com/repo/): transfer failed for https://maven.sk89q.com/repo/com/rollbar/rollbar-java/1.7.10-SNAPSHOT/maven-metadata.xml, status: 522
[WARNING] com.rollbar:rollbar-java:1.7.10-SNAPSHOT/maven-metadata.xmlfailed to transfer from https://mvn.intellectualsites.com/content/groups/public/ during a previous attempt. This failure was cached in the local repository and resolution will not be reattempted until the update interval of IntellectualSites has elapsed or updates are forced. Original error: Could not transfer metadata com.rollbar:rollbar-java:1.7.10-SNAPSHOT/maven-metadata.xml from/to IntellectualSites (https://mvn.intellectualsites.com/content/groups/public/): transfer failed for https://mvn.intellectualsites.com/content/groups/public/com/rollbar/rollbar-java/1.7.10-SNAPSHOT/maven-metadata.xml
[INFO] Downloading from spigot-repo: https://hub.spigotmc.org/nexus/content/repositories/snapshots/com/rollbar/rollbar-java/1.7.10-SNAPSHOT/rollbar-java-1.7.10-20211103.120849-3.pom
[INFO] Downloading from vault-repo: https://jitpack.io/com/rollbar/rollbar-java/1.7.10-SNAPSHOT/rollbar-java-1.7.10-20211103.120849-3.pom
[INFO] Downloading from sk89q-repo: https://maven.sk89q.com/repo/com/rollbar/rollbar-java/1.7.10-SNAPSHOT/rollbar-java-1.7.10-20211103.120849-3.pom
[INFO] Downloading from CodeMC: https://repo.codemc.io/repository/maven-public/com/rollbar/rollbar-java/1.7.10-SNAPSHOT/rollbar-java-1.7.10-20211103.120849-3.pom
[INFO] Downloading from fanciful-repo: https://github.com/mkremins/fanciful/tree/mvn-repo/com/rollbar/rollbar-java/1.7.10-SNAPSHOT/rollbar-java-1.7.10-20211103.120849-3.pom
[INFO] Downloading from Sonatype-public: https://oss.sonatype.org/content/groups/public/com/rollbar/rollbar-java/1.7.10-SNAPSHOT/rollbar-java-1.7.10-20211103.120849-3.pom
[INFO] Downloading from md_5-snapshots: https://repo.md-5.net/content/repositories/snapshots/com/rollbar/rollbar-java/1.7.10-SNAPSHOT/rollbar-java-1.7.10-20211103.120849-3.pom
[INFO] Downloading from md_5-releases: https://repo.md-5.net/content/repositories/releases/com/rollbar/rollbar-java/1.7.10-SNAPSHOT/rollbar-java-1.7.10-20211103.120849-3.pom
[INFO] Downloading from placeholderapi: https://repo.extendedclip.com/content/repositories/placeholderapi/com/rollbar/rollbar-java/1.7.10-SNAPSHOT/rollbar-java-1.7.10-20211103.120849-3.pom
[INFO] Downloading from EnderZone: https://ci.ender.zone/plugin/repository/everything/com/rollbar/rollbar-java/1.7.10-SNAPSHOT/rollbar-java-1.7.10-20211103.120849-3.pom
[INFO] Downloading from IntellectualSites: https://mvn.intellectualsites.com/content/groups/public/com/rollbar/rollbar-java/1.7.10-SNAPSHOT/rollbar-java-1.7.10-20211103.120849-3.pom
[INFO] Downloading from sonatype-oss: https://oss.sonatype.org/content/repositories/snapshots/com/rollbar/rollbar-java/1.7.10-SNAPSHOT/rollbar-java-1.7.10-20211103.120849-3.pom
[INFO] Downloading from minebench-repo: https://repo.minebench.de/com/rollbar/rollbar-java/1.7.10-SNAPSHOT/rollbar-java-1.7.10-20211103.120849-3.pom
[INFO] Downloading from songoda-repo: https://repo.songoda.com/repository/public/com/rollbar/rollbar-java/1.7.10-SNAPSHOT/rollbar-java-1.7.10-20211103.120849-3.pom
[INFO] Downloading from papermc: https://papermc.io/repo/repository/maven-public/com/rollbar/rollbar-java/1.7.10-SNAPSHOT/rollbar-java-1.7.10-20211103.120849-3.pom
[INFO] Downloading from bg-repo: https://repo.bg-software.com/repository/api/com/rollbar/rollbar-java/1.7.10-SNAPSHOT/rollbar-java-1.7.10-20211103.120849-3.pom
[INFO] Downloading from spigot-repo: https://hub.spigotmc.org/nexus/content/repositories/snapshots/com/rollbar/rollbar-java/1.7.11-SNAPSHOT/maven-metadata.xml
[INFO] Downloading from sk89q-repo: https://maven.sk89q.com/repo/com/rollbar/rollbar-java/1.7.11-SNAPSHOT/maven-metadata.xml
[INFO] Downloading from vault-repo: https://jitpack.io/com/rollbar/rollbar-java/1.7.11-SNAPSHOT/maven-metadata.xml
[INFO] Downloading from CodeMC: https://repo.codemc.io/repository/maven-public/com/rollbar/rollbar-java/1.7.11-SNAPSHOT/maven-metadata.xml
[INFO] Downloading from fanciful-repo: https://github.com/mkremins/fanciful/tree/mvn-repo/com/rollbar/rollbar-java/1.7.11-SNAPSHOT/maven-metadata.xml
[INFO] Downloading from Sonatype-public: https://oss.sonatype.org/content/groups/public/com/rollbar/rollbar-java/1.7.11-SNAPSHOT/maven-metadata.xml
[INFO] Downloading from md_5-snapshots: https://repo.md-5.net/content/repositories/snapshots/com/rollbar/rollbar-java/1.7.11-SNAPSHOT/maven-metadata.xml
[INFO] Downloading from md_5-releases: https://repo.md-5.net/content/repositories/releases/com/rollbar/rollbar-java/1.7.11-SNAPSHOT/maven-metadata.xml
[INFO] Downloading from placeholderapi: https://repo.extendedclip.com/content/repositories/placeholderapi/com/rollbar/rollbar-java/1.7.11-SNAPSHOT/maven-metadata.xml
[INFO] Downloaded from Sonatype-public: https://oss.sonatype.org/content/groups/public/com/rollbar/rollbar-java/1.7.11-SNAPSHOT/maven-metadata.xml (2.4 kB at 9.1 kB/s)
[INFO] Downloading from EnderZone: https://ci.ender.zone/plugin/repository/everything/com/rollbar/rollbar-java/1.7.11-SNAPSHOT/maven-metadata.xml
[INFO] Downloading from IntellectualSites: https://mvn.intellectualsites.com/content/groups/public/com/rollbar/rollbar-java/1.7.11-SNAPSHOT/maven-metadata.xml
[INFO] Downloading from jitpack.io: https://jitpack.io/com/rollbar/rollbar-java/1.7.11-SNAPSHOT/maven-metadata.xml
[INFO] Downloading from maven-default-http-blocker: http://0.0.0.0/com/rollbar/rollbar-java/1.7.11-SNAPSHOT/maven-metadata.xml
[INFO] Downloading from sonatype-oss: https://oss.sonatype.org/content/repositories/snapshots/com/rollbar/rollbar-java/1.7.11-SNAPSHOT/maven-metadata.xml
[INFO] Downloading from minebench-repo: https://repo.minebench.de/com/rollbar/rollbar-java/1.7.11-SNAPSHOT/maven-metadata.xml
[INFO] Downloading from songoda-repo: https://repo.songoda.com/repository/public/com/rollbar/rollbar-java/1.7.11-SNAPSHOT/maven-metadata.xml
[INFO] Downloaded from sonatype-oss: https://oss.sonatype.org/content/repositories/snapshots/com/rollbar/rollbar-java/1.7.11-SNAPSHOT/maven-metadata.xml (2.4 kB at 9.5 kB/s)
[INFO] Downloading from papermc: https://papermc.io/repo/repository/maven-public/com/rollbar/rollbar-java/1.7.11-SNAPSHOT/maven-metadata.xml
[INFO] Downloading from bg-repo: https://repo.bg-software.com/repository/api/com/rollbar/rollbar-java/1.7.11-SNAPSHOT/maven-metadata.xml
[INFO] Downloaded from papermc: https://papermc.io/repo/repository/maven-public/com/rollbar/rollbar-java/1.7.11-SNAPSHOT/maven-metadata.xml (2.4 kB at 1.6 kB/s)
[WARNING] Could not transfer metadata com.rollbar:rollbar-java:1.7.11-SNAPSHOT/maven-metadata.xml from/to sk89q-repo (https://maven.sk89q.com/repo/): transfer failed for https://maven.sk89q.com/repo/com/rollbar/rollbar-java/1.7.11-SNAPSHOT/maven-metadata.xml, status: 522
[WARNING] Could not transfer metadata com.rollbar:rollbar-java:1.7.11-SNAPSHOT/maven-metadata.xml from/to IntellectualSites (https://mvn.intellectualsites.com/content/groups/public/): transfer failed for https://mvn.intellectualsites.com/content/groups/public/com/rollbar/rollbar-java/1.7.11-SNAPSHOT/maven-metadata.xml
[WARNING] com.rollbar:rollbar-java:1.7.11-SNAPSHOT/maven-metadata.xmlfailed to transfer from https://maven.sk89q.com/repo/ during a previous attempt. This failure was cached in the local repository and resolution will not be reattempted until the update interval of sk89q-repo has elapsed or updates are forced. Original error: Could not transfer metadata com.rollbar:rollbar-java:1.7.11-SNAPSHOT/maven-metadata.xml from/to sk89q-repo (https://maven.sk89q.com/repo/): transfer failed for https://maven.sk89q.com/repo/com/rollbar/rollbar-java/1.7.11-SNAPSHOT/maven-metadata.xml, status: 522
[WARNING] com.rollbar:rollbar-java:1.7.11-SNAPSHOT/maven-metadata.xmlfailed to transfer from https://mvn.intellectualsites.com/content/groups/public/ during a previous attempt. This failure was cached in the local repository and resolution will not be reattempted until the update interval of IntellectualSites has elapsed or updates are forced. Original error: Could not transfer metadata com.rollbar:rollbar-java:1.7.11-SNAPSHOT/maven-metadata.xml from/to IntellectualSites (https://mvn.intellectualsites.com/content/groups/public/): transfer failed for https://mvn.intellectualsites.com/content/groups/public/com/rollbar/rollbar-java/1.7.11-SNAPSHOT/maven-metadata.xml
[INFO] Downloading from spigot-repo: https://hub.spigotmc.org/nexus/content/repositories/snapshots/com/rollbar/rollbar-api/1.7.11-SNAPSHOT/maven-metadata.xml
[INFO] Downloading from vault-repo: https://jitpack.io/com/rollbar/rollbar-api/1.7.11-SNAPSHOT/maven-metadata.xml
[INFO] Downloading from sk89q-repo: https://maven.sk89q.com/repo/com/rollbar/rollbar-api/1.7.11-SNAPSHOT/maven-metadata.xml
[INFO] Downloading from CodeMC: https://repo.codemc.io/repository/maven-public/com/rollbar/rollbar-api/1.7.11-SNAPSHOT/maven-metadata.xml
[INFO] Downloading from fanciful-repo: https://github.com/mkremins/fanciful/tree/mvn-repo/com/rollbar/rollbar-api/1.7.11-SNAPSHOT/maven-metadata.xml
[INFO] Downloading from Sonatype-public: https://oss.sonatype.org/content/groups/public/com/rollbar/rollbar-api/1.7.11-SNAPSHOT/maven-metadata.xml
[INFO] Downloading from md_5-snapshots: https://repo.md-5.net/content/repositories/snapshots/com/rollbar/rollbar-api/1.7.11-SNAPSHOT/maven-metadata.xml
[INFO] Downloaded from Sonatype-public: https://oss.sonatype.org/content/groups/public/com/rollbar/rollbar-api/1.7.11-SNAPSHOT/maven-metadata.xml (2.4 kB at 7.5 kB/s)
[INFO] Downloading from md_5-releases: https://repo.md-5.net/content/repositories/releases/com/rollbar/rollbar-api/1.7.11-SNAPSHOT/maven-metadata.xml
[INFO] Downloading from placeholderapi: https://repo.extendedclip.com/content/repositories/placeholderapi/com/rollbar/rollbar-api/1.7.11-SNAPSHOT/maven-metadata.xml
[INFO] Downloading from EnderZone: https://ci.ender.zone/plugin/repository/everything/com/rollbar/rollbar-api/1.7.11-SNAPSHOT/maven-metadata.xml
[INFO] Downloading from IntellectualSites: https://mvn.intellectualsites.com/content/groups/public/com/rollbar/rollbar-api/1.7.11-SNAPSHOT/maven-metadata.xml
[INFO] Downloading from jitpack.io: https://jitpack.io/com/rollbar/rollbar-api/1.7.11-SNAPSHOT/maven-metadata.xml
[INFO] Downloading from maven-default-http-blocker: http://0.0.0.0/com/rollbar/rollbar-api/1.7.11-SNAPSHOT/maven-metadata.xml
[INFO] Downloading from sonatype-oss: https://oss.sonatype.org/content/repositories/snapshots/com/rollbar/rollbar-api/1.7.11-SNAPSHOT/maven-metadata.xml
[INFO] Downloading from minebench-repo: https://repo.minebench.de/com/rollbar/rollbar-api/1.7.11-SNAPSHOT/maven-metadata.xml
[INFO] Downloading from songoda-repo: https://repo.songoda.com/repository/public/com/rollbar/rollbar-api/1.7.11-SNAPSHOT/maven-metadata.xml
[INFO] Downloaded from sonatype-oss: https://oss.sonatype.org/content/repositories/snapshots/com/rollbar/rollbar-api/1.7.11-SNAPSHOT/maven-metadata.xml (2.4 kB at 8.9 kB/s)
[INFO] Downloading from papermc: https://papermc.io/repo/repository/maven-public/com/rollbar/rollbar-api/1.7.11-SNAPSHOT/maven-metadata.xml
[INFO] Downloading from bg-repo: https://repo.bg-software.com/repository/api/com/rollbar/rollbar-api/1.7.11-SNAPSHOT/maven-metadata.xml
[INFO] Downloaded from papermc: https://papermc.io/repo/repository/maven-public/com/rollbar/rollbar-api/1.7.11-SNAPSHOT/maven-metadata.xml (2.4 kB at 711 B/s)
[WARNING] Could not transfer metadata com.rollbar:rollbar-api:1.7.11-SNAPSHOT/maven-metadata.xml from/to sk89q-repo (https://maven.sk89q.com/repo/): transfer failed for https://maven.sk89q.com/repo/com/rollbar/rollbar-api/1.7.11-SNAPSHOT/maven-metadata.xml, status: 522
[WARNING] Could not transfer metadata com.rollbar:rollbar-api:1.7.11-SNAPSHOT/maven-metadata.xml from/to IntellectualSites (https://mvn.intellectualsites.com/content/groups/public/): transfer failed for https://mvn.intellectualsites.com/content/groups/public/com/rollbar/rollbar-api/1.7.11-SNAPSHOT/maven-metadata.xml
[WARNING] com.rollbar:rollbar-api:1.7.11-SNAPSHOT/maven-metadata.xmlfailed to transfer from https://maven.sk89q.com/repo/ during a previous attempt. This failure was cached in the local repository and resolution will not be reattempted until the update interval of sk89q-repo has elapsed or updates are forced. Original error: Could not transfer metadata com.rollbar:rollbar-api:1.7.11-SNAPSHOT/maven-metadata.xml from/to sk89q-repo (https://maven.sk89q.com/repo/): transfer failed for https://maven.sk89q.com/repo/com/rollbar/rollbar-api/1.7.11-SNAPSHOT/maven-metadata.xml, status: 522
[WARNING] com.rollbar:rollbar-api:1.7.11-SNAPSHOT/maven-metadata.xmlfailed to transfer from https://mvn.intellectualsites.com/content/groups/public/ during a previous attempt. This failure was cached in the local repository and resolution will not be reattempted until the update interval of IntellectualSites has elapsed or updates are forced. Original error: Could not transfer metadata com.rollbar:rollbar-api:1.7.11-SNAPSHOT/maven-metadata.xml from/to IntellectualSites (https://mvn.intellectualsites.com/content/groups/public/): transfer failed for https://mvn.intellectualsites.com/content/groups/public/com/rollbar/rollbar-api/1.7.11-SNAPSHOT/maven-metadata.xml
[INFO] Downloading from spigot-repo: https://hub.spigotmc.org/nexus/content/repositories/snapshots/com/rollbar/rollbar-java/1.8.1-SNAPSHOT/maven-metadata.xml
[INFO] Downloading from vault-repo: https://jitpack.io/com/rollbar/rollbar-java/1.8.1-SNAPSHOT/maven-metadata.xml
[INFO] Downloading from sk89q-repo: https://maven.sk89q.com/repo/com/rollbar/rollbar-java/1.8.1-SNAPSHOT/maven-metadata.xml
[INFO] Downloading from CodeMC: https://repo.codemc.io/repository/maven-public/com/rollbar/rollbar-java/1.8.1-SNAPSHOT/maven-metadata.xml
[INFO] Downloading from fanciful-repo: https://github.com/mkremins/fanciful/tree/mvn-repo/com/rollbar/rollbar-java/1.8.1-SNAPSHOT/maven-metadata.xml
[INFO] Downloading from Sonatype-public: https://oss.sonatype.org/content/groups/public/com/rollbar/rollbar-java/1.8.1-SNAPSHOT/maven-metadata.xml
[INFO] Downloading from md_5-snapshots: https://repo.md-5.net/content/repositories/snapshots/com/rollbar/rollbar-java/1.8.1-SNAPSHOT/maven-metadata.xml
[INFO] Downloading from md_5-releases: https://repo.md-5.net/content/repositories/releases/com/rollbar/rollbar-java/1.8.1-SNAPSHOT/maven-metadata.xml
[INFO] Downloaded from Sonatype-public: https://oss.sonatype.org/content/groups/public/com/rollbar/rollbar-java/1.8.1-SNAPSHOT/maven-metadata.xml (2.3 kB at 9.2 kB/s)
[INFO] Downloading from placeholderapi: https://repo.extendedclip.com/content/repositories/placeholderapi/com/rollbar/rollbar-java/1.8.1-SNAPSHOT/maven-metadata.xml
[INFO] Downloading from EnderZone: https://ci.ender.zone/plugin/repository/everything/com/rollbar/rollbar-java/1.8.1-SNAPSHOT/maven-metadata.xml
[INFO] Downloading from IntellectualSites: https://mvn.intellectualsites.com/content/groups/public/com/rollbar/rollbar-java/1.8.1-SNAPSHOT/maven-metadata.xml
[INFO] Downloading from jitpack.io: https://jitpack.io/com/rollbar/rollbar-java/1.8.1-SNAPSHOT/maven-metadata.xml
[INFO] Downloading from maven-default-http-blocker: http://0.0.0.0/com/rollbar/rollbar-java/1.8.1-SNAPSHOT/maven-metadata.xml
[INFO] Downloading from sonatype-oss: https://oss.sonatype.org/content/repositories/snapshots/com/rollbar/rollbar-java/1.8.1-SNAPSHOT/maven-metadata.xml
[INFO] Downloading from minebench-repo: https://repo.minebench.de/com/rollbar/rollbar-java/1.8.1-SNAPSHOT/maven-metadata.xml
[INFO] Downloading from songoda-repo: https://repo.songoda.com/repository/public/com/rollbar/rollbar-java/1.8.1-SNAPSHOT/maven-metadata.xml
[INFO] Downloaded from sonatype-oss: https://oss.sonatype.org/content/repositories/snapshots/com/rollbar/rollbar-java/1.8.1-SNAPSHOT/maven-metadata.xml (2.3 kB at 9.6 kB/s)
[INFO] Downloading from papermc: https://papermc.io/repo/repository/maven-public/com/rollbar/rollbar-java/1.8.1-SNAPSHOT/maven-metadata.xml
[INFO] Downloading from bg-repo: https://repo.bg-software.com/repository/api/com/rollbar/rollbar-java/1.8.1-SNAPSHOT/maven-metadata.xml
[INFO] Downloaded from papermc: https://papermc.io/repo/repository/maven-public/com/rollbar/rollbar-java/1.8.1-SNAPSHOT/maven-metadata.xml (2.3 kB at 849 B/s)
[WARNING] Could not transfer metadata com.rollbar:rollbar-java:1.8.1-SNAPSHOT/maven-metadata.xml from/to sk89q-repo (https://maven.sk89q.com/repo/): transfer failed for https://maven.sk89q.com/repo/com/rollbar/rollbar-java/1.8.1-SNAPSHOT/maven-metadata.xml, status: 522
[WARNING] Could not transfer metadata com.rollbar:rollbar-java:1.8.1-SNAPSHOT/maven-metadata.xml from/to IntellectualSites (https://mvn.intellectualsites.com/content/groups/public/): transfer failed for https://mvn.intellectualsites.com/content/groups/public/com/rollbar/rollbar-java/1.8.1-SNAPSHOT/maven-metadata.xml
[WARNING] com.rollbar:rollbar-java:1.8.1-SNAPSHOT/maven-metadata.xmlfailed to transfer from https://maven.sk89q.com/repo/ during a previous attempt. This failure was cached in the local repository and resolution will not be reattempted until the update interval of sk89q-repo has elapsed or updates are forced. Original error: Could not transfer metadata com.rollbar:rollbar-java:1.8.1-SNAPSHOT/maven-metadata.xml from/to sk89q-repo (https://maven.sk89q.com/repo/): transfer failed for https://maven.sk89q.com/repo/com/rollbar/rollbar-java/1.8.1-SNAPSHOT/maven-metadata.xml, status: 522
[WARNING] com.rollbar:rollbar-java:1.8.1-SNAPSHOT/maven-metadata.xmlfailed to transfer from https://mvn.intellectualsites.com/content/groups/public/ during a previous attempt. This failure was cached in the local repository and resolution will not be reattempted until the update interval of IntellectualSites has elapsed or updates are forced. Original error: Could not transfer metadata com.rollbar:rollbar-java:1.8.1-SNAPSHOT/maven-metadata.xml from/to IntellectualSites (https://mvn.intellectualsites.com/content/groups/public/): transfer failed for https://mvn.intellectualsites.com/content/groups/public/com/rollbar/rollbar-java/1.8.1-SNAPSHOT/maven-metadata.xml
[INFO] Downloading from spigot-repo: https://hub.spigotmc.org/nexus/content/repositories/snapshots/com/rollbar/rollbar-api/1.8.1-SNAPSHOT/maven-metadata.xml
[INFO] Downloading from vault-repo: https://jitpack.io/com/rollbar/rollbar-api/1.8.1-SNAPSHOT/maven-metadata.xml
[INFO] Downloading from CodeMC: https://repo.codemc.io/repository/maven-public/com/rollbar/rollbar-api/1.8.1-SNAPSHOT/maven-metadata.xml
[INFO] Downloading from sk89q-repo: https://maven.sk89q.com/repo/com/rollbar/rollbar-api/1.8.1-SNAPSHOT/maven-metadata.xml
[INFO] Downloading from fanciful-repo: https://github.com/mkremins/fanciful/tree/mvn-repo/com/rollbar/rollbar-api/1.8.1-SNAPSHOT/maven-metadata.xml
[INFO] Downloading from Sonatype-public: https://oss.sonatype.org/content/groups/public/com/rollbar/rollbar-api/1.8.1-SNAPSHOT/maven-metadata.xml
[INFO] Downloading from md_5-snapshots: https://repo.md-5.net/content/repositories/snapshots/com/rollbar/rollbar-api/1.8.1-SNAPSHOT/maven-metadata.xml
[INFO] Downloading from md_5-releases: https://repo.md-5.net/content/repositories/releases/com/rollbar/rollbar-api/1.8.1-SNAPSHOT/maven-metadata.xml
[INFO] Downloading from placeholderapi: https://repo.extendedclip.com/content/repositories/placeholderapi/com/rollbar/rollbar-api/1.8.1-SNAPSHOT/maven-metadata.xml
[INFO] Downloaded from Sonatype-public: https://oss.sonatype.org/content/groups/public/com/rollbar/rollbar-api/1.8.1-SNAPSHOT/maven-metadata.xml (2.3 kB at 9.2 kB/s)
[INFO] Downloading from EnderZone: https://ci.ender.zone/plugin/repository/everything/com/rollbar/rollbar-api/1.8.1-SNAPSHOT/maven-metadata.xml
[INFO] Downloading from IntellectualSites: https://mvn.intellectualsites.com/content/groups/public/com/rollbar/rollbar-api/1.8.1-SNAPSHOT/maven-metadata.xml
[INFO] Downloading from jitpack.io: https://jitpack.io/com/rollbar/rollbar-api/1.8.1-SNAPSHOT/maven-metadata.xml
[INFO] Downloading from maven-default-http-blocker: http://0.0.0.0/com/rollbar/rollbar-api/1.8.1-SNAPSHOT/maven-metadata.xml
[INFO] Downloading from sonatype-oss: https://oss.sonatype.org/content/repositories/snapshots/com/rollbar/rollbar-api/1.8.1-SNAPSHOT/maven-metadata.xml
[INFO] Downloading from minebench-repo: https://repo.minebench.de/com/rollbar/rollbar-api/1.8.1-SNAPSHOT/maven-metadata.xml
[INFO] Downloading from songoda-repo: https://repo.songoda.com/repository/public/com/rollbar/rollbar-api/1.8.1-SNAPSHOT/maven-metadata.xml
[INFO] Downloaded from sonatype-oss: https://oss.sonatype.org/content/repositories/snapshots/com/rollbar/rollbar-api/1.8.1-SNAPSHOT/maven-metadata.xml (2.3 kB at 9.5 kB/s)
[INFO] Downloading from papermc: https://papermc.io/repo/repository/maven-public/com/rollbar/rollbar-api/1.8.1-SNAPSHOT/maven-metadata.xml
[INFO] Downloading from bg-repo: https://repo.bg-software.com/repository/api/com/rollbar/rollbar-api/1.8.1-SNAPSHOT/maven-metadata.xml
[INFO] Downloaded from papermc: https://papermc.io/repo/repository/maven-public/com/rollbar/rollbar-api/1.8.1-SNAPSHOT/maven-metadata.xml (2.3 kB at 740 B/s)
[WARNING] Could not transfer metadata com.rollbar:rollbar-api:1.8.1-SNAPSHOT/maven-metadata.xml from/to sk89q-repo (https://maven.sk89q.com/repo/): transfer failed for https://maven.sk89q.com/repo/com/rollbar/rollbar-api/1.8.1-SNAPSHOT/maven-metadata.xml, status: 522
[WARNING] Could not transfer metadata com.rollbar:rollbar-api:1.8.1-SNAPSHOT/maven-metadata.xml from/to IntellectualSites (https://mvn.intellectualsites.com/content/groups/public/): transfer failed for https://mvn.intellectualsites.com/content/groups/public/com/rollbar/rollbar-api/1.8.1-SNAPSHOT/maven-metadata.xml
[WARNING] com.rollbar:rollbar-api:1.8.1-SNAPSHOT/maven-metadata.xmlfailed to transfer from https://maven.sk89q.com/repo/ during a previous attempt. This failure was cached in the local repository and resolution will not be reattempted until the update interval of sk89q-repo has elapsed or updates are forced. Original error: Could not transfer metadata com.rollbar:rollbar-api:1.8.1-SNAPSHOT/maven-metadata.xml from/to sk89q-repo (https://maven.sk89q.com/repo/): transfer failed for https://maven.sk89q.com/repo/com/rollbar/rollbar-api/1.8.1-SNAPSHOT/maven-metadata.xml, status: 522
[WARNING] com.rollbar:rollbar-api:1.8.1-SNAPSHOT/maven-metadata.xmlfailed to transfer from https://mvn.intellectualsites.com/content/groups/public/ during a previous attempt. This failure was cached in the local repository and resolution will not be reattempted until the update interval of IntellectualSites has elapsed or updates are forced. Original error: Could not transfer metadata com.rollbar:rollbar-api:1.8.1-SNAPSHOT/maven-metadata.xml from/to IntellectualSites (https://mvn.intellectualsites.com/content/groups/public/): transfer failed for https://mvn.intellectualsites.com/content/groups/public/com/rollbar/rollbar-api/1.8.1-SNAPSHOT/maven-metadata.xml
[INFO] Downloading from spigot-repo: https://hub.spigotmc.org/nexus/content/repositories/snapshots/com/rollbar/rollbar-java/1.8.2-SNAPSHOT/maven-metadata.xml
[INFO] Downloading from vault-repo: https://jitpack.io/com/rollbar/rollbar-java/1.8.2-SNAPSHOT/maven-metadata.xml
[INFO] Downloading from sk89q-repo: https://maven.sk89q.com/repo/com/rollbar/rollbar-java/1.8.2-SNAPSHOT/maven-metadata.xml
[INFO] Downloading from CodeMC: https://repo.codemc.io/repository/maven-public/com/rollbar/rollbar-java/1.8.2-SNAPSHOT/maven-metadata.xml
[INFO] Downloading from fanciful-repo: https://github.com/mkremins/fanciful/tree/mvn-repo/com/rollbar/rollbar-java/1.8.2-SNAPSHOT/maven-metadata.xml
[INFO] Downloading from Sonatype-public: https://oss.sonatype.org/content/groups/public/com/rollbar/rollbar-java/1.8.2-SNAPSHOT/maven-metadata.xml
[INFO] Downloading from md_5-snapshots: https://repo.md-5.net/content/repositories/snapshots/com/rollbar/rollbar-java/1.8.2-SNAPSHOT/maven-metadata.xml
[INFO] Downloading from md_5-releases: https://repo.md-5.net/content/repositories/releases/com/rollbar/rollbar-java/1.8.2-SNAPSHOT/maven-metadata.xml
[INFO] Downloaded from Sonatype-public: https://oss.sonatype.org/content/groups/public/com/rollbar/rollbar-java/1.8.2-SNAPSHOT/maven-metadata.xml (2.3 kB at 9.2 kB/s)
[INFO] Downloading from placeholderapi: https://repo.extendedclip.com/content/repositories/placeholderapi/com/rollbar/rollbar-java/1.8.2-SNAPSHOT/maven-metadata.xml
[INFO] Downloading from EnderZone: https://ci.ender.zone/plugin/repository/everything/com/rollbar/rollbar-java/1.8.2-SNAPSHOT/maven-metadata.xml
[INFO] Downloading from IntellectualSites: https://mvn.intellectualsites.com/content/groups/public/com/rollbar/rollbar-java/1.8.2-SNAPSHOT/maven-metadata.xml
[INFO] Downloading from jitpack.io: https://jitpack.io/com/rollbar/rollbar-java/1.8.2-SNAPSHOT/maven-metadata.xml
[INFO] Downloading from maven-default-http-blocker: http://0.0.0.0/com/rollbar/rollbar-java/1.8.2-SNAPSHOT/maven-metadata.xml
[INFO] Downloading from sonatype-oss: https://oss.sonatype.org/content/repositories/snapshots/com/rollbar/rollbar-java/1.8.2-SNAPSHOT/maven-metadata.xml
[INFO] Downloading from minebench-repo: https://repo.minebench.de/com/rollbar/rollbar-java/1.8.2-SNAPSHOT/maven-metadata.xml
[INFO] Downloading from songoda-repo: https://repo.songoda.com/repository/public/com/rollbar/rollbar-java/1.8.2-SNAPSHOT/maven-metadata.xml
[INFO] Downloaded from sonatype-oss: https://oss.sonatype.org/content/repositories/snapshots/com/rollbar/rollbar-java/1.8.2-SNAPSHOT/maven-metadata.xml (2.3 kB at 9.7 kB/s)
[INFO] Downloading from papermc: https://papermc.io/repo/repository/maven-public/com/rollbar/rollbar-java/1.8.2-SNAPSHOT/maven-metadata.xml
[INFO] Downloading from bg-repo: https://repo.bg-software.com/repository/api/com/rollbar/rollbar-java/1.8.2-SNAPSHOT/maven-metadata.xml
[INFO] Downloaded from papermc: https://papermc.io/repo/repository/maven-public/com/rollbar/rollbar-java/1.8.2-SNAPSHOT/maven-metadata.xml (2.3 kB at 924 B/s)
[WARNING] Could not transfer metadata com.rollbar:rollbar-java:1.8.2-SNAPSHOT/maven-metadata.xml from/to sk89q-repo (https://maven.sk89q.com/repo/): transfer failed for https://maven.sk89q.com/repo/com/rollbar/rollbar-java/1.8.2-SNAPSHOT/maven-metadata.xml, status: 522
[WARNING] Could not transfer metadata com.rollbar:rollbar-java:1.8.2-SNAPSHOT/maven-metadata.xml from/to IntellectualSites (https://mvn.intellectualsites.com/content/groups/public/): transfer failed for https://mvn.intellectualsites.com/content/groups/public/com/rollbar/rollbar-java/1.8.2-SNAPSHOT/maven-metadata.xml
[WARNING] com.rollbar:rollbar-java:1.8.2-SNAPSHOT/maven-metadata.xmlfailed to transfer from https://maven.sk89q.com/repo/ during a previous attempt. This failure was cached in the local repository and resolution will not be reattempted until the update interval of sk89q-repo has elapsed or updates are forced. Original error: Could not transfer metadata com.rollbar:rollbar-java:1.8.2-SNAPSHOT/maven-metadata.xml from/to sk89q-repo (https://maven.sk89q.com/repo/): transfer failed for https://maven.sk89q.com/repo/com/rollbar/rollbar-java/1.8.2-SNAPSHOT/maven-metadata.xml, status: 522
[WARNING] com.rollbar:rollbar-java:1.8.2-SNAPSHOT/maven-metadata.xmlfailed to transfer from https://mvn.intellectualsites.com/content/groups/public/ during a previous attempt. This failure was cached in the local repository and resolution will not be reattempted until the update interval of IntellectualSites has elapsed or updates are forced. Original error: Could not transfer metadata com.rollbar:rollbar-java:1.8.2-SNAPSHOT/maven-metadata.xml from/to IntellectualSites (https://mvn.intellectualsites.com/content/groups/public/): transfer failed for https://mvn.intellectualsites.com/content/groups/public/com/rollbar/rollbar-java/1.8.2-SNAPSHOT/maven-metadata.xml
[INFO] Downloading from spigot-repo: https://hub.spigotmc.org/nexus/content/repositories/snapshots/com/rollbar/rollbar-api/1.8.2-SNAPSHOT/maven-metadata.xml
[INFO] Downloading from sk89q-repo: https://maven.sk89q.com/repo/com/rollbar/rollbar-api/1.8.2-SNAPSHOT/maven-metadata.xml
[INFO] Downloading from CodeMC: https://repo.codemc.io/repository/maven-public/com/rollbar/rollbar-api/1.8.2-SNAPSHOT/maven-metadata.xml
[INFO] Downloading from vault-repo: https://jitpack.io/com/rollbar/rollbar-api/1.8.2-SNAPSHOT/maven-metadata.xml
[INFO] Downloading from fanciful-repo: https://github.com/mkremins/fanciful/tree/mvn-repo/com/rollbar/rollbar-api/1.8.2-SNAPSHOT/maven-metadata.xml
[INFO] Downloading from Sonatype-public: https://oss.sonatype.org/content/groups/public/com/rollbar/rollbar-api/1.8.2-SNAPSHOT/maven-metadata.xml
[INFO] Downloading from md_5-snapshots: https://repo.md-5.net/content/repositories/snapshots/com/rollbar/rollbar-api/1.8.2-SNAPSHOT/maven-metadata.xml
[INFO] Downloading from md_5-releases: https://repo.md-5.net/content/repositories/releases/com/rollbar/rollbar-api/1.8.2-SNAPSHOT/maven-metadata.xml
[INFO] Downloading from placeholderapi: https://repo.extendedclip.com/content/repositories/placeholderapi/com/rollbar/rollbar-api/1.8.2-SNAPSHOT/maven-metadata.xml
[INFO] Downloaded from Sonatype-public: https://oss.sonatype.org/content/groups/public/com/rollbar/rollbar-api/1.8.2-SNAPSHOT/maven-metadata.xml (2.3 kB at 9.2 kB/s)
[INFO] Downloading from EnderZone: https://ci.ender.zone/plugin/repository/everything/com/rollbar/rollbar-api/1.8.2-SNAPSHOT/maven-metadata.xml
[INFO] Downloading from IntellectualSites: https://mvn.intellectualsites.com/content/groups/public/com/rollbar/rollbar-api/1.8.2-SNAPSHOT/maven-metadata.xml
[INFO] Downloading from jitpack.io: https://jitpack.io/com/rollbar/rollbar-api/1.8.2-SNAPSHOT/maven-metadata.xml
[INFO] Downloading from maven-default-http-blocker: http://0.0.0.0/com/rollbar/rollbar-api/1.8.2-SNAPSHOT/maven-metadata.xml
[INFO] Downloading from sonatype-oss: https://oss.sonatype.org/content/repositories/snapshots/com/rollbar/rollbar-api/1.8.2-SNAPSHOT/maven-metadata.xml
[INFO] Downloading from minebench-repo: https://repo.minebench.de/com/rollbar/rollbar-api/1.8.2-SNAPSHOT/maven-metadata.xml
[INFO] Downloading from songoda-repo: https://repo.songoda.com/repository/public/com/rollbar/rollbar-api/1.8.2-SNAPSHOT/maven-metadata.xml
[INFO] Downloaded from sonatype-oss: https://oss.sonatype.org/content/repositories/snapshots/com/rollbar/rollbar-api/1.8.2-SNAPSHOT/maven-metadata.xml (2.3 kB at 9.7 kB/s)
[INFO] Downloading from papermc: https://papermc.io/repo/repository/maven-public/com/rollbar/rollbar-api/1.8.2-SNAPSHOT/maven-metadata.xml
[INFO] Downloading from bg-repo: https://repo.bg-software.com/repository/api/com/rollbar/rollbar-api/1.8.2-SNAPSHOT/maven-metadata.xml
[INFO] Downloaded from papermc: https://papermc.io/repo/repository/maven-public/com/rollbar/rollbar-api/1.8.2-SNAPSHOT/maven-metadata.xml (2.3 kB at 716 B/s)
[WARNING] Could not transfer metadata com.rollbar:rollbar-api:1.8.2-SNAPSHOT/maven-metadata.xml from/to sk89q-repo (https://maven.sk89q.com/repo/): transfer failed for https://maven.sk89q.com/repo/com/rollbar/rollbar-api/1.8.2-SNAPSHOT/maven-metadata.xml, status: 522
[WARNING] Could not transfer metadata com.rollbar:rollbar-api:1.8.2-SNAPSHOT/maven-metadata.xml from/to IntellectualSites (https://mvn.intellectualsites.com/content/groups/public/): transfer failed for https://mvn.intellectualsites.com/content/groups/public/com/rollbar/rollbar-api/1.8.2-SNAPSHOT/maven-metadata.xml
[WARNING] com.rollbar:rollbar-api:1.8.2-SNAPSHOT/maven-metadata.xmlfailed to transfer from https://maven.sk89q.com/repo/ during a previous attempt. This failure was cached in the local repository and resolution will not be reattempted until the update interval of sk89q-repo has elapsed or updates are forced. Original error: Could not transfer metadata com.rollbar:rollbar-api:1.8.2-SNAPSHOT/maven-metadata.xml from/to sk89q-repo (https://maven.sk89q.com/repo/): transfer failed for https://maven.sk89q.com/repo/com/rollbar/rollbar-api/1.8.2-SNAPSHOT/maven-metadata.xml, status: 522
[WARNING] com.rollbar:rollbar-api:1.8.2-SNAPSHOT/maven-metadata.xmlfailed to transfer from https://mvn.intellectualsites.com/content/groups/public/ during a previous attempt. This failure was cached in the local repository and resolution will not be reattempted until the update interval of IntellectualSites has elapsed or updates are forced. Original error: Could not transfer metadata com.rollbar:rollbar-api:1.8.2-SNAPSHOT/maven-metadata.xml from/to IntellectualSites (https://mvn.intellectualsites.com/content/groups/public/): transfer failed for https://mvn.intellectualsites.com/content/groups/public/com/rollbar/rollbar-api/1.8.2-SNAPSHOT/maven-metadata.xml
[INFO] Downloading from vault-repo: https://jitpack.io/com/rollbar/rollbar-java/1.9.1-SNAPSHOT/maven-metadata.xml
[INFO] Downloading from sk89q-repo: https://maven.sk89q.com/repo/com/rollbar/rollbar-java/1.9.1-SNAPSHOT/maven-metadata.xml
[INFO] Downloading from spigot-repo: https://hub.spigotmc.org/nexus/content/repositories/snapshots/com/rollbar/rollbar-java/1.9.1-SNAPSHOT/maven-metadata.xml
[INFO] Downloading from CodeMC: https://repo.codemc.io/repository/maven-public/com/rollbar/rollbar-java/1.9.1-SNAPSHOT/maven-metadata.xml
[INFO] Downloading from fanciful-repo: https://github.com/mkremins/fanciful/tree/mvn-repo/com/rollbar/rollbar-java/1.9.1-SNAPSHOT/maven-metadata.xml
[INFO] Downloading from Sonatype-public: https://oss.sonatype.org/content/groups/public/com/rollbar/rollbar-java/1.9.1-SNAPSHOT/maven-metadata.xml
[INFO] Downloading from md_5-snapshots: https://repo.md-5.net/content/repositories/snapshots/com/rollbar/rollbar-java/1.9.1-SNAPSHOT/maven-metadata.xml
[INFO] Downloading from md_5-releases: https://repo.md-5.net/content/repositories/releases/com/rollbar/rollbar-java/1.9.1-SNAPSHOT/maven-metadata.xml
[INFO] Downloading from placeholderapi: https://repo.extendedclip.com/content/repositories/placeholderapi/com/rollbar/rollbar-java/1.9.1-SNAPSHOT/maven-metadata.xml
[INFO] Downloaded from Sonatype-public: https://oss.sonatype.org/content/groups/public/com/rollbar/rollbar-java/1.9.1-SNAPSHOT/maven-metadata.xml (2.3 kB at 9.4 kB/s)
[INFO] Downloading from EnderZone: https://ci.ender.zone/plugin/repository/everything/com/rollbar/rollbar-java/1.9.1-SNAPSHOT/maven-metadata.xml
[INFO] Downloading from IntellectualSites: https://mvn.intellectualsites.com/content/groups/public/com/rollbar/rollbar-java/1.9.1-SNAPSHOT/maven-metadata.xml
[INFO] Downloading from jitpack.io: https://jitpack.io/com/rollbar/rollbar-java/1.9.1-SNAPSHOT/maven-metadata.xml
[INFO] Downloading from maven-default-http-blocker: http://0.0.0.0/com/rollbar/rollbar-java/1.9.1-SNAPSHOT/maven-metadata.xml
[INFO] Downloading from sonatype-oss: https://oss.sonatype.org/content/repositories/snapshots/com/rollbar/rollbar-java/1.9.1-SNAPSHOT/maven-metadata.xml
[INFO] Downloading from minebench-repo: https://repo.minebench.de/com/rollbar/rollbar-java/1.9.1-SNAPSHOT/maven-metadata.xml
[INFO] Downloading from songoda-repo: https://repo.songoda.com/repository/public/com/rollbar/rollbar-java/1.9.1-SNAPSHOT/maven-metadata.xml
[INFO] Downloaded from sonatype-oss: https://oss.sonatype.org/content/repositories/snapshots/com/rollbar/rollbar-java/1.9.1-SNAPSHOT/maven-metadata.xml (2.3 kB at 9.7 kB/s)
[INFO] Downloading from papermc: https://papermc.io/repo/repository/maven-public/com/rollbar/rollbar-java/1.9.1-SNAPSHOT/maven-metadata.xml
[INFO] Downloaded from papermc: https://papermc.io/repo/repository/maven-public/com/rollbar/rollbar-java/1.9.1-SNAPSHOT/maven-metadata.xml (2.3 kB at 19 kB/s)
[INFO] Downloading from bg-repo: https://repo.bg-software.com/repository/api/com/rollbar/rollbar-java/1.9.1-SNAPSHOT/maven-metadata.xml
[WARNING] Could not transfer metadata com.rollbar:rollbar-java:1.9.1-SNAPSHOT/maven-metadata.xml from/to sk89q-repo (https://maven.sk89q.com/repo/): transfer failed for https://maven.sk89q.com/repo/com/rollbar/rollbar-java/1.9.1-SNAPSHOT/maven-metadata.xml, status: 522
[WARNING] Could not transfer metadata com.rollbar:rollbar-java:1.9.1-SNAPSHOT/maven-metadata.xml from/to IntellectualSites (https://mvn.intellectualsites.com/content/groups/public/): transfer failed for https://mvn.intellectualsites.com/content/groups/public/com/rollbar/rollbar-java/1.9.1-SNAPSHOT/maven-metadata.xml
[WARNING] com.rollbar:rollbar-java:1.9.1-SNAPSHOT/maven-metadata.xmlfailed to transfer from https://maven.sk89q.com/repo/ during a previous attempt. This failure was cached in the local repository and resolution will not be reattempted until the update interval of sk89q-repo has elapsed or updates are forced. Original error: Could not transfer metadata com.rollbar:rollbar-java:1.9.1-SNAPSHOT/maven-metadata.xml from/to sk89q-repo (https://maven.sk89q.com/repo/): transfer failed for https://maven.sk89q.com/repo/com/rollbar/rollbar-java/1.9.1-SNAPSHOT/maven-metadata.xml, status: 522
[WARNING] com.rollbar:rollbar-java:1.9.1-SNAPSHOT/maven-metadata.xmlfailed to transfer from https://mvn.intellectualsites.com/content/groups/public/ during a previous attempt. This failure was cached in the local repository and resolution will not be reattempted until the update interval of IntellectualSites has elapsed or updates are forced. Original error: Could not transfer metadata com.rollbar:rollbar-java:1.9.1-SNAPSHOT/maven-metadata.xml from/to IntellectualSites (https://mvn.intellectualsites.com/content/groups/public/): transfer failed for https://mvn.intellectualsites.com/content/groups/public/com/rollbar/rollbar-java/1.9.1-SNAPSHOT/maven-metadata.xml
[INFO] Downloading from vault-repo: https://jitpack.io/com/rollbar/rollbar-api/1.9.1-SNAPSHOT/maven-metadata.xml
[INFO] Downloading from CodeMC: https://repo.codemc.io/repository/maven-public/com/rollbar/rollbar-api/1.9.1-SNAPSHOT/maven-metadata.xml
[INFO] Downloading from spigot-repo: https://hub.spigotmc.org/nexus/content/repositories/snapshots/com/rollbar/rollbar-api/1.9.1-SNAPSHOT/maven-metadata.xml
[INFO] Downloading from sk89q-repo: https://maven.sk89q.com/repo/com/rollbar/rollbar-api/1.9.1-SNAPSHOT/maven-metadata.xml
[INFO] Downloading from fanciful-repo: https://github.com/mkremins/fanciful/tree/mvn-repo/com/rollbar/rollbar-api/1.9.1-SNAPSHOT/maven-metadata.xml
[INFO] Downloading from Sonatype-public: https://oss.sonatype.org/content/groups/public/com/rollbar/rollbar-api/1.9.1-SNAPSHOT/maven-metadata.xml
[INFO] Downloading from md_5-snapshots: https://repo.md-5.net/content/repositories/snapshots/com/rollbar/rollbar-api/1.9.1-SNAPSHOT/maven-metadata.xml
[INFO] Downloading from md_5-releases: https://repo.md-5.net/content/repositories/releases/com/rollbar/rollbar-api/1.9.1-SNAPSHOT/maven-metadata.xml
[INFO] Downloading from placeholderapi: https://repo.extendedclip.com/content/repositories/placeholderapi/com/rollbar/rollbar-api/1.9.1-SNAPSHOT/maven-metadata.xml
[INFO] Downloaded from Sonatype-public: https://oss.sonatype.org/content/groups/public/com/rollbar/rollbar-api/1.9.1-SNAPSHOT/maven-metadata.xml (2.3 kB at 9.4 kB/s)
[INFO] Downloading from EnderZone: https://ci.ender.zone/plugin/repository/everything/com/rollbar/rollbar-api/1.9.1-SNAPSHOT/maven-metadata.xml
[INFO] Downloading from IntellectualSites: https://mvn.intellectualsites.com/content/groups/public/com/rollbar/rollbar-api/1.9.1-SNAPSHOT/maven-metadata.xml
[INFO] Downloading from jitpack.io: https://jitpack.io/com/rollbar/rollbar-api/1.9.1-SNAPSHOT/maven-metadata.xml
[INFO] Downloading from maven-default-http-blocker: http://0.0.0.0/com/rollbar/rollbar-api/1.9.1-SNAPSHOT/maven-metadata.xml
[INFO] Downloading from sonatype-oss: https://oss.sonatype.org/content/repositories/snapshots/com/rollbar/rollbar-api/1.9.1-SNAPSHOT/maven-metadata.xml
[INFO] Downloading from minebench-repo: https://repo.minebench.de/com/rollbar/rollbar-api/1.9.1-SNAPSHOT/maven-metadata.xml
[INFO] Downloading from songoda-repo: https://repo.songoda.com/repository/public/com/rollbar/rollbar-api/1.9.1-SNAPSHOT/maven-metadata.xml
[INFO] Downloaded from sonatype-oss: https://oss.sonatype.org/content/repositories/snapshots/com/rollbar/rollbar-api/1.9.1-SNAPSHOT/maven-metadata.xml (2.3 kB at 9.7 kB/s)
[INFO] Downloading from papermc: https://papermc.io/repo/repository/maven-public/com/rollbar/rollbar-api/1.9.1-SNAPSHOT/maven-metadata.xml
[INFO] Downloading from bg-repo: https://repo.bg-software.com/repository/api/com/rollbar/rollbar-api/1.9.1-SNAPSHOT/maven-metadata.xml
[INFO] Downloaded from papermc: https://papermc.io/repo/repository/maven-public/com/rollbar/rollbar-api/1.9.1-SNAPSHOT/maven-metadata.xml (2.3 kB at 1.3 kB/s)
[WARNING] Could not transfer metadata com.rollbar:rollbar-api:1.9.1-SNAPSHOT/maven-metadata.xml from/to sk89q-repo (https://maven.sk89q.com/repo/): transfer failed for https://maven.sk89q.com/repo/com/rollbar/rollbar-api/1.9.1-SNAPSHOT/maven-metadata.xml, status: 522
[WARNING] Could not transfer metadata com.rollbar:rollbar-api:1.9.1-SNAPSHOT/maven-metadata.xml from/to IntellectualSites (https://mvn.intellectualsites.com/content/groups/public/): transfer failed for https://mvn.intellectualsites.com/content/groups/public/com/rollbar/rollbar-api/1.9.1-SNAPSHOT/maven-metadata.xml
[WARNING] com.rollbar:rollbar-api:1.9.1-SNAPSHOT/maven-metadata.xmlfailed to transfer from https://maven.sk89q.com/repo/ during a previous attempt. This failure was cached in the local repository and resolution will not be reattempted until the update interval of sk89q-repo has elapsed or updates are forced. Original error: Could not transfer metadata com.rollbar:rollbar-api:1.9.1-SNAPSHOT/maven-metadata.xml from/to sk89q-repo (https://maven.sk89q.com/repo/): transfer failed for https://maven.sk89q.com/repo/com/rollbar/rollbar-api/1.9.1-SNAPSHOT/maven-metadata.xml, status: 522
[WARNING] com.rollbar:rollbar-api:1.9.1-SNAPSHOT/maven-metadata.xmlfailed to transfer from https://mvn.intellectualsites.com/content/groups/public/ during a previous attempt. This failure was cached in the local repository and resolution will not be reattempted until the update interval of IntellectualSites has elapsed or updates are forced. Original error: Could not transfer metadata com.rollbar:rollbar-api:1.9.1-SNAPSHOT/maven-metadata.xml from/to IntellectualSites (https://mvn.intellectualsites.com/content/groups/public/): transfer failed for https://mvn.intellectualsites.com/content/groups/public/com/rollbar/rollbar-api/1.9.1-SNAPSHOT/maven-metadata.xml
[INFO] Downloading from vault-repo: https://jitpack.io/de/themoep/minedown/1.7.0-SNAPSHOT/maven-metadata.xml
[INFO] Downloading from spigot-repo: https://hub.spigotmc.org/nexus/content/repositories/snapshots/de/themoep/minedown/1.7.0-SNAPSHOT/maven-metadata.xml
[INFO] Downloading from sk89q-repo: https://maven.sk89q.com/repo/de/themoep/minedown/1.7.0-SNAPSHOT/maven-metadata.xml
[INFO] Downloading from CodeMC: https://repo.codemc.io/repository/maven-public/de/themoep/minedown/1.7.0-SNAPSHOT/maven-metadata.xml
[INFO] Downloading from fanciful-repo: https://github.com/mkremins/fanciful/tree/mvn-repo/de/themoep/minedown/1.7.0-SNAPSHOT/maven-metadata.xml
[INFO] Downloading from Sonatype-public: https://oss.sonatype.org/content/groups/public/de/themoep/minedown/1.7.0-SNAPSHOT/maven-metadata.xml
[INFO] Downloading from md_5-snapshots: https://repo.md-5.net/content/repositories/snapshots/de/themoep/minedown/1.7.0-SNAPSHOT/maven-metadata.xml
[INFO] Downloading from md_5-releases: https://repo.md-5.net/content/repositories/releases/de/themoep/minedown/1.7.0-SNAPSHOT/maven-metadata.xml
[INFO] Downloading from placeholderapi: https://repo.extendedclip.com/content/repositories/placeholderapi/de/themoep/minedown/1.7.0-SNAPSHOT/maven-metadata.xml
[INFO] Downloading from EnderZone: https://ci.ender.zone/plugin/repository/everything/de/themoep/minedown/1.7.0-SNAPSHOT/maven-metadata.xml
[INFO] Downloading from IntellectualSites: https://mvn.intellectualsites.com/content/groups/public/de/themoep/minedown/1.7.0-SNAPSHOT/maven-metadata.xml
[INFO] Downloading from jitpack.io: https://jitpack.io/de/themoep/minedown/1.7.0-SNAPSHOT/maven-metadata.xml
[INFO] Downloading from maven-default-http-blocker: http://0.0.0.0/de/themoep/minedown/1.7.0-SNAPSHOT/maven-metadata.xml
[INFO] Downloading from sonatype-oss: https://oss.sonatype.org/content/repositories/snapshots/de/themoep/minedown/1.7.0-SNAPSHOT/maven-metadata.xml
[INFO] Downloading from minebench-repo: https://repo.minebench.de/de/themoep/minedown/1.7.0-SNAPSHOT/maven-metadata.xml
[INFO] Downloading from songoda-repo: https://repo.songoda.com/repository/public/de/themoep/minedown/1.7.0-SNAPSHOT/maven-metadata.xml
[INFO] Downloaded from minebench-repo: https://repo.minebench.de/de/themoep/minedown/1.7.0-SNAPSHOT/maven-metadata.xml (909 B at 3.2 kB/s)
[INFO] Downloading from papermc: https://papermc.io/repo/repository/maven-public/de/themoep/minedown/1.7.0-SNAPSHOT/maven-metadata.xml
[INFO] Downloading from bg-repo: https://repo.bg-software.com/repository/api/de/themoep/minedown/1.7.0-SNAPSHOT/maven-metadata.xml
[WARNING] Could not transfer metadata de.themoep:minedown:1.7.0-SNAPSHOT/maven-metadata.xml from/to sk89q-repo (https://maven.sk89q.com/repo/): transfer failed for https://maven.sk89q.com/repo/de/themoep/minedown/1.7.0-SNAPSHOT/maven-metadata.xml, status: 522
[WARNING] Could not transfer metadata de.themoep:minedown:1.7.0-SNAPSHOT/maven-metadata.xml from/to IntellectualSites (https://mvn.intellectualsites.com/content/groups/public/): transfer failed for https://mvn.intellectualsites.com/content/groups/public/de/themoep/minedown/1.7.0-SNAPSHOT/maven-metadata.xml
[WARNING] de.themoep:minedown:1.7.0-SNAPSHOT/maven-metadata.xmlfailed to transfer from https://maven.sk89q.com/repo/ during a previous attempt. This failure was cached in the local repository and resolution will not be reattempted until the update interval of sk89q-repo has elapsed or updates are forced. Original error: Could not transfer metadata de.themoep:minedown:1.7.0-SNAPSHOT/maven-metadata.xml from/to sk89q-repo (https://maven.sk89q.com/repo/): transfer failed for https://maven.sk89q.com/repo/de/themoep/minedown/1.7.0-SNAPSHOT/maven-metadata.xml, status: 522
[WARNING] de.themoep:minedown:1.7.0-SNAPSHOT/maven-metadata.xmlfailed to transfer from https://mvn.intellectualsites.com/content/groups/public/ during a previous attempt. This failure was cached in the local repository and resolution will not be reattempted until the update interval of IntellectualSites has elapsed or updates are forced. Original error: Could not transfer metadata de.themoep:minedown:1.7.0-SNAPSHOT/maven-metadata.xml from/to IntellectualSites (https://mvn.intellectualsites.com/content/groups/public/): transfer failed for https://mvn.intellectualsites.com/content/groups/public/de/themoep/minedown/1.7.0-SNAPSHOT/maven-metadata.xml
[INFO] Downloading from spigot-repo: https://hub.spigotmc.org/nexus/content/repositories/snapshots/de/themoep/minedown-adventure/1.7.0-SNAPSHOT/maven-metadata.xml
[INFO] Downloading from vault-repo: https://jitpack.io/de/themoep/minedown-adventure/1.7.0-SNAPSHOT/maven-metadata.xml
[INFO] Downloading from CodeMC: https://repo.codemc.io/repository/maven-public/de/themoep/minedown-adventure/1.7.0-SNAPSHOT/maven-metadata.xml
[INFO] Downloading from sk89q-repo: https://maven.sk89q.com/repo/de/themoep/minedown-adventure/1.7.0-SNAPSHOT/maven-metadata.xml
[INFO] Downloading from fanciful-repo: https://github.com/mkremins/fanciful/tree/mvn-repo/de/themoep/minedown-adventure/1.7.0-SNAPSHOT/maven-metadata.xml
[INFO] Downloading from Sonatype-public: https://oss.sonatype.org/content/groups/public/de/themoep/minedown-adventure/1.7.0-SNAPSHOT/maven-metadata.xml
[INFO] Downloading from md_5-snapshots: https://repo.md-5.net/content/repositories/snapshots/de/themoep/minedown-adventure/1.7.0-SNAPSHOT/maven-metadata.xml
[INFO] Downloading from md_5-releases: https://repo.md-5.net/content/repositories/releases/de/themoep/minedown-adventure/1.7.0-SNAPSHOT/maven-metadata.xml
[INFO] Downloading from placeholderapi: https://repo.extendedclip.com/content/repositories/placeholderapi/de/themoep/minedown-adventure/1.7.0-SNAPSHOT/maven-metadata.xml
[INFO] Downloading from EnderZone: https://ci.ender.zone/plugin/repository/everything/de/themoep/minedown-adventure/1.7.0-SNAPSHOT/maven-metadata.xml
[INFO] Downloading from IntellectualSites: https://mvn.intellectualsites.com/content/groups/public/de/themoep/minedown-adventure/1.7.0-SNAPSHOT/maven-metadata.xml
[INFO] Downloading from jitpack.io: https://jitpack.io/de/themoep/minedown-adventure/1.7.0-SNAPSHOT/maven-metadata.xml
[INFO] Downloading from maven-default-http-blocker: http://0.0.0.0/de/themoep/minedown-adventure/1.7.0-SNAPSHOT/maven-metadata.xml
[INFO] Downloading from sonatype-oss: https://oss.sonatype.org/content/repositories/snapshots/de/themoep/minedown-adventure/1.7.0-SNAPSHOT/maven-metadata.xml
[INFO] Downloading from minebench-repo: https://repo.minebench.de/de/themoep/minedown-adventure/1.7.0-SNAPSHOT/maven-metadata.xml
[INFO] Downloading from songoda-repo: https://repo.songoda.com/repository/public/de/themoep/minedown-adventure/1.7.0-SNAPSHOT/maven-metadata.xml
[INFO] Downloaded from minebench-repo: https://repo.minebench.de/de/themoep/minedown-adventure/1.7.0-SNAPSHOT/maven-metadata.xml (919 B at 7.8 kB/s)
[INFO] Downloading from papermc: https://papermc.io/repo/repository/maven-public/de/themoep/minedown-adventure/1.7.0-SNAPSHOT/maven-metadata.xml
[INFO] Downloading from bg-repo: https://repo.bg-software.com/repository/api/de/themoep/minedown-adventure/1.7.0-SNAPSHOT/maven-metadata.xml
[WARNING] Could not transfer metadata de.themoep:minedown-adventure:1.7.0-SNAPSHOT/maven-metadata.xml from/to sk89q-repo (https://maven.sk89q.com/repo/): transfer failed for https://maven.sk89q.com/repo/de/themoep/minedown-adventure/1.7.0-SNAPSHOT/maven-metadata.xml, status: 522
[WARNING] Could not transfer metadata de.themoep:minedown-adventure:1.7.0-SNAPSHOT/maven-metadata.xml from/to IntellectualSites (https://mvn.intellectualsites.com/content/groups/public/): transfer failed for https://mvn.intellectualsites.com/content/groups/public/de/themoep/minedown-adventure/1.7.0-SNAPSHOT/maven-metadata.xml
[WARNING] de.themoep:minedown-adventure:1.7.0-SNAPSHOT/maven-metadata.xmlfailed to transfer from https://maven.sk89q.com/repo/ during a previous attempt. This failure was cached in the local repository and resolution will not be reattempted until the update interval of sk89q-repo has elapsed or updates are forced. Original error: Could not transfer metadata de.themoep:minedown-adventure:1.7.0-SNAPSHOT/maven-metadata.xml from/to sk89q-repo (https://maven.sk89q.com/repo/): transfer failed for https://maven.sk89q.com/repo/de/themoep/minedown-adventure/1.7.0-SNAPSHOT/maven-metadata.xml, status: 522
[WARNING] de.themoep:minedown-adventure:1.7.0-SNAPSHOT/maven-metadata.xmlfailed to transfer from https://mvn.intellectualsites.com/content/groups/public/ during a previous attempt. This failure was cached in the local repository and resolution will not be reattempted until the update interval of IntellectualSites has elapsed or updates are forced. Original error: Could not transfer metadata de.themoep:minedown-adventure:1.7.0-SNAPSHOT/maven-metadata.xml from/to IntellectualSites (https://mvn.intellectualsites.com/content/groups/public/): transfer failed for https://mvn.intellectualsites.com/content/groups/public/de/themoep/minedown-adventure/1.7.0-SNAPSHOT/maven-metadata.xml
[INFO] Downloading from spigot-repo: https://hub.spigotmc.org/nexus/content/repositories/snapshots/com/bgsoftware/SuperiorSkyblockAPI/latest/SuperiorSkyblockAPI-latest.pom
[INFO] Downloading from vault-repo: https://jitpack.io/com/bgsoftware/SuperiorSkyblockAPI/latest/SuperiorSkyblockAPI-latest.pom
[INFO] Downloading from sk89q-repo: https://maven.sk89q.com/repo/com/bgsoftware/SuperiorSkyblockAPI/latest/SuperiorSkyblockAPI-latest.pom
[INFO] Downloading from CodeMC: https://repo.codemc.io/repository/maven-public/com/bgsoftware/SuperiorSkyblockAPI/latest/SuperiorSkyblockAPI-latest.pom
[INFO] Downloading from fanciful-repo: https://github.com/mkremins/fanciful/tree/mvn-repo/com/bgsoftware/SuperiorSkyblockAPI/latest/SuperiorSkyblockAPI-latest.pom
[INFO] Downloading from Sonatype-public: https://oss.sonatype.org/content/groups/public/com/bgsoftware/SuperiorSkyblockAPI/latest/SuperiorSkyblockAPI-latest.pom
[INFO] Downloading from md_5-snapshots: https://repo.md-5.net/content/repositories/snapshots/com/bgsoftware/SuperiorSkyblockAPI/latest/SuperiorSkyblockAPI-latest.pom
[INFO] Downloading from md_5-releases: https://repo.md-5.net/content/repositories/releases/com/bgsoftware/SuperiorSkyblockAPI/latest/SuperiorSkyblockAPI-latest.pom
[INFO] Downloading from placeholderapi: https://repo.extendedclip.com/content/repositories/placeholderapi/com/bgsoftware/SuperiorSkyblockAPI/latest/SuperiorSkyblockAPI-latest.pom
[INFO] Downloading from EnderZone: https://ci.ender.zone/plugin/repository/everything/com/bgsoftware/SuperiorSkyblockAPI/latest/SuperiorSkyblockAPI-latest.pom
[INFO] Downloading from IntellectualSites: https://mvn.intellectualsites.com/content/groups/public/com/bgsoftware/SuperiorSkyblockAPI/latest/SuperiorSkyblockAPI-latest.pom
[INFO] Downloading from sonatype-oss: https://oss.sonatype.org/content/repositories/snapshots/com/bgsoftware/SuperiorSkyblockAPI/latest/SuperiorSkyblockAPI-latest.pom
[INFO] Downloading from minebench-repo: https://repo.minebench.de/com/bgsoftware/SuperiorSkyblockAPI/latest/SuperiorSkyblockAPI-latest.pom
[INFO] Downloading from songoda-repo: https://repo.songoda.com/repository/public/com/bgsoftware/SuperiorSkyblockAPI/latest/SuperiorSkyblockAPI-latest.pom
[INFO] Downloading from papermc: https://papermc.io/repo/repository/maven-public/com/bgsoftware/SuperiorSkyblockAPI/latest/SuperiorSkyblockAPI-latest.pom
[INFO] Downloading from bg-repo: https://repo.bg-software.com/repository/api/com/bgsoftware/SuperiorSkyblockAPI/latest/SuperiorSkyblockAPI-latest.pom
[INFO] Downloading from central: https://repo.maven.apache.org/maven2/com/bgsoftware/SuperiorSkyblockAPI/latest/SuperiorSkyblockAPI-latest.pom
[INFO] ------------------------------------------------------------------------
[INFO] BUILD FAILURE
[INFO] ------------------------------------------------------------------------
[INFO] Total time:  11:46 min
[INFO] Finished at: 2023-01-24T13:12:04Z
[INFO] ------------------------------------------------------------------------
[ERROR] Failed to execute goal on project QuickShop: Could not resolve dependencies for project org.maxgamer:QuickShop:jar:4.0.8.3-SNAPSHOT: Failed to collect dependencies at com.dumptruckman.minecraft:JsonConfiguration:jar:1.1: Failed to read artifact descriptor for com.dumptruckman.minecraft:JsonConfiguration:jar:1.1: Could not transfer artifact com.dumptruckman.minecraft:JsonConfiguration:pom:1.1 from/to sk89q-repo (https://maven.sk89q.com/repo/): transfer failed for https://maven.sk89q.com/repo/com/dumptruckman/minecraft/JsonConfiguration/1.1/JsonConfiguration-1.1.pom, status: 522 -> [Help 1]
[ERROR] 
[ERROR] To see the full stack trace of the errors, re-run Maven with the -e switch.
[ERROR] Re-run Maven using the -X switch to enable full debug logging.
[ERROR] 
[ERROR] For more information about the errors and possible solutions, please read the following articles:
[ERROR] [Help 1] http://cwiki.apache.org/confluence/display/MAVEN/DependencyResolutionException
