[INFO] Scanning for projects...
[ERROR] [ERROR] Some problems were encountered while processing the POMs:
[WARNING] 'parent.relativePath' of POM com.jun.plugin:jun_datasource:1.0 (/home/gabsko/breaking-updates/jun_datasource/pom.xml) points at com.jun.plugin:jun_java_plugin instead of com.jun.plugin:jun_plugin, please verify your project structure @ line 5, column 11
[FATAL] Non-resolvable parent POM for com.jun.plugin:jun_datasource:1.0: com.jun.plugin:jun_plugin:pom:1.0 was not found in https://repo.maven.apache.org/maven2 during a previous attempt. This failure was cached in the local repository and resolution is not reattempted until the update interval of central has elapsed or updates are forced and 'parent.relativePath' points at wrong local POM @ line 5, column 11
[WARNING] 'parent.relativePath' of POM com.jun.plugin:jun_dbutils:0.0.1-SNAPSHOT (/home/gabsko/breaking-updates/jun_dbutil/pom.xml) points at com.jun.plugin:jun_java_plugin instead of com.jun.plugin:jun_plugin, please verify your project structure @ line 5, column 11
[FATAL] Non-resolvable parent POM for com.jun.plugin:jun_dbutils:0.0.1-SNAPSHOT: com.jun.plugin:jun_plugin:pom:1.0 was not found in https://repo.maven.apache.org/maven2 during a previous attempt. This failure was cached in the local repository and resolution is not reattempted until the update interval of central has elapsed or updates are forced and 'parent.relativePath' points at wrong local POM @ line 5, column 11
[WARNING] 'parent.relativePath' of POM com.jun.plugin:jun_demo:1.0 (/home/gabsko/breaking-updates/jun_demo/pom.xml) points at com.jun.plugin:jun_java_plugin instead of com.jun.plugin:jun_plugin, please verify your project structure @ line 3, column 11
[FATAL] Non-resolvable parent POM for com.jun.plugin:jun_demo:1.0: com.jun.plugin:jun_plugin:pom:1.0 was not found in https://repo.maven.apache.org/maven2 during a previous attempt. This failure was cached in the local repository and resolution is not reattempted until the update interval of central has elapsed or updates are forced and 'parent.relativePath' points at wrong local POM @ line 3, column 11
[WARNING] 'parent.relativePath' of POM com.jun.plugin:jun_designpattern:1.0 (/home/gabsko/breaking-updates/jun_designpattern/pom.xml) points at com.jun.plugin:jun_java_plugin instead of com.jun.plugin:jun_plugin, please verify your project structure @ line 5, column 11
[FATAL] Non-resolvable parent POM for com.jun.plugin:jun_designpattern:1.0: com.jun.plugin:jun_plugin:pom:1.0 was not found in https://repo.maven.apache.org/maven2 during a previous attempt. This failure was cached in the local repository and resolution is not reattempted until the update interval of central has elapsed or updates are forced and 'parent.relativePath' points at wrong local POM @ line 5, column 11
[WARNING] 'parent.relativePath' of POM com.jun.plugin:jun_email:1.0 (/home/gabsko/breaking-updates/jun_email/pom.xml) points at com.jun.plugin:jun_java_plugin instead of com.jun.plugin:jun_plugin, please verify your project structure @ line 5, column 11
[FATAL] Non-resolvable parent POM for com.jun.plugin:jun_email:1.0: com.jun.plugin:jun_plugin:pom:1.0 was not found in https://repo.maven.apache.org/maven2 during a previous attempt. This failure was cached in the local repository and resolution is not reattempted until the update interval of central has elapsed or updates are forced and 'parent.relativePath' points at wrong local POM @ line 5, column 11
[WARNING] 'parent.relativePath' of POM com.jun.plugin:jun_excel:0.0.1-SNAPSHOT (/home/gabsko/breaking-updates/jun_excel/pom.xml) points at com.jun.plugin:jun_java_plugin instead of com.jun.plugin:jun_plugin, please verify your project structure @ line 4, column 10
[FATAL] Non-resolvable parent POM for com.jun.plugin:jun_excel:0.0.1-SNAPSHOT: com.jun.plugin:jun_plugin:pom:1.0 was not found in https://repo.maven.apache.org/maven2 during a previous attempt. This failure was cached in the local repository and resolution is not reattempted until the update interval of central has elapsed or updates are forced and 'parent.relativePath' points at wrong local POM @ line 4, column 10
[WARNING] 'parent.relativePath' of POM com.jun.plugin:jun_fileupload:1.0 (/home/gabsko/breaking-updates/jun_fileupload/pom.xml) points at com.jun.plugin:jun_java_plugin instead of com.jun.plugin:jun_plugin, please verify your project structure @ line 5, column 11
[FATAL] Non-resolvable parent POM for com.jun.plugin:jun_fileupload:1.0: com.jun.plugin:jun_plugin:pom:1.0 was not found in https://repo.maven.apache.org/maven2 during a previous attempt. This failure was cached in the local repository and resolution is not reattempted until the update interval of central has elapsed or updates are forced and 'parent.relativePath' points at wrong local POM @ line 5, column 11
[WARNING] 'parent.relativePath' of POM com.jun.plugin:jun_freemarker:0.0.1-SNAPSHOT (/home/gabsko/breaking-updates/jun_freemarker/pom.xml) points at com.jun.plugin:jun_java_plugin instead of com.jun.plugin:jun_plugin, please verify your project structure @ line 5, column 11
[FATAL] Non-resolvable parent POM for com.jun.plugin:jun_freemarker:0.0.1-SNAPSHOT: com.jun.plugin:jun_plugin:pom:1.0 was not found in https://repo.maven.apache.org/maven2 during a previous attempt. This failure was cached in the local repository and resolution is not reattempted until the update interval of central has elapsed or updates are forced and 'parent.relativePath' points at wrong local POM @ line 5, column 11
[WARNING] 'parent.relativePath' of POM com.jun.plugin:jun_httpclient:0.0.1-SNAPSHOT (/home/gabsko/breaking-updates/jun_httpclient/pom.xml) points at com.jun.plugin:jun_java_plugin instead of com.jun.plugin:jun_plugin, please verify your project structure @ line 5, column 11
[FATAL] Non-resolvable parent POM for com.jun.plugin:jun_httpclient:0.0.1-SNAPSHOT: com.jun.plugin:jun_plugin:pom:1.0 was not found in https://repo.maven.apache.org/maven2 during a previous attempt. This failure was cached in the local repository and resolution is not reattempted until the update interval of central has elapsed or updates are forced and 'parent.relativePath' points at wrong local POM @ line 5, column 11
[WARNING] 'parent.relativePath' of POM com.jun.plugin:jun_image:0.0.1-SNAPSHOT (/home/gabsko/breaking-updates/jun_image/pom.xml) points at com.jun.plugin:jun_java_plugin instead of com.jun.plugin:jun_plugin, please verify your project structure @ line 5, column 11
[FATAL] Non-resolvable parent POM for com.jun.plugin:jun_image:0.0.1-SNAPSHOT: com.jun.plugin:jun_plugin:pom:1.0 was not found in https://repo.maven.apache.org/maven2 during a previous attempt. This failure was cached in the local repository and resolution is not reattempted until the update interval of central has elapsed or updates are forced and 'parent.relativePath' points at wrong local POM @ line 5, column 11
[WARNING] 'parent.relativePath' of POM com.jun.plugin:jun_jdk:0.0.1-SNAPSHOT (/home/gabsko/breaking-updates/jun_jdk/pom.xml) points at com.jun.plugin:jun_java_plugin instead of com.jun.plugin:jun_plugin, please verify your project structure @ line 5, column 11
[FATAL] Non-resolvable parent POM for com.jun.plugin:jun_jdk:0.0.1-SNAPSHOT: com.jun.plugin:jun_plugin:pom:1.0 was not found in https://repo.maven.apache.org/maven2 during a previous attempt. This failure was cached in the local repository and resolution is not reattempted until the update interval of central has elapsed or updates are forced and 'parent.relativePath' points at wrong local POM @ line 5, column 11
[WARNING] 'parent.relativePath' of POM com.jun.plugin:jun_qrcode:0.0.1-SNAPSHOT (/home/gabsko/breaking-updates/jun_qrcode/pom.xml) points at com.jun.plugin:jun_java_plugin instead of com.jun.plugin:jun_plugin, please verify your project structure @ line 5, column 11
[FATAL] Non-resolvable parent POM for com.jun.plugin:jun_qrcode:0.0.1-SNAPSHOT: com.jun.plugin:jun_plugin:pom:1.0 was not found in https://repo.maven.apache.org/maven2 during a previous attempt. This failure was cached in the local repository and resolution is not reattempted until the update interval of central has elapsed or updates are forced and 'parent.relativePath' points at wrong local POM @ line 5, column 11
[WARNING] 'parent.relativePath' of POM com.jun.plugin:jun_quartz:0.0.1-SNAPSHOT (/home/gabsko/breaking-updates/jun_quartz/pom.xml) points at com.jun.plugin:jun_java_plugin instead of com.jun.plugin:jun_plugin, please verify your project structure @ line 5, column 11
[FATAL] Non-resolvable parent POM for com.jun.plugin:jun_quartz:0.0.1-SNAPSHOT: com.jun.plugin:jun_plugin:pom:1.0 was not found in https://repo.maven.apache.org/maven2 during a previous attempt. This failure was cached in the local repository and resolution is not reattempted until the update interval of central has elapsed or updates are forced and 'parent.relativePath' points at wrong local POM @ line 5, column 11
[WARNING] 'parent.relativePath' of POM com.jun.plugin:jun_shiro:1.0 (/home/gabsko/breaking-updates/jun_shiro/pom.xml) points at com.jun.plugin:jun_java_plugin instead of com.jun.plugin:jun_plugin, please verify your project structure @ line 3, column 11
[FATAL] Non-resolvable parent POM for com.jun.plugin:jun_shiro:1.0: com.jun.plugin:jun_plugin:pom:1.0 was not found in https://repo.maven.apache.org/maven2 during a previous attempt. This failure was cached in the local repository and resolution is not reattempted until the update interval of central has elapsed or updates are forced and 'parent.relativePath' points at wrong local POM @ line 3, column 11
[WARNING] 'dependencies.dependency.(groupId:artifactId:type:classifier)' must be unique: junit:junit:jar -> version 3.8.1 vs 4.12 @ line 144, column 17
[WARNING] 'dependencies.dependency.(groupId:artifactId:type:classifier)' must be unique: mysql:mysql-connector-java:jar -> version 5.1.40 vs 5.1.46 @ line 221, column 17
[WARNING] 'parent.relativePath' of POM com.jun.plugin:jun_webservice:0.0.1-SNAPSHOT (/home/gabsko/breaking-updates/jun_webservice/pom.xml) points at com.jun.plugin:jun_java_plugin instead of com.jun.plugin:jun_plugin, please verify your project structure @ line 5, column 11
[FATAL] Non-resolvable parent POM for com.jun.plugin:jun_webservice:0.0.1-SNAPSHOT: com.jun.plugin:jun_plugin:pom:1.0 was not found in https://repo.maven.apache.org/maven2 during a previous attempt. This failure was cached in the local repository and resolution is not reattempted until the update interval of central has elapsed or updates are forced and 'parent.relativePath' points at wrong local POM @ line 5, column 11
[WARNING] 'parent.relativePath' of POM com.jun.plugin:jun_webservlet:0.0.1-SNAPSHOT (/home/gabsko/breaking-updates/jun_webservlet/pom.xml) points at com.jun.plugin:jun_java_plugin instead of com.jun.plugin:jun_plugin, please verify your project structure @ line 4, column 11
[FATAL] Non-resolvable parent POM for com.jun.plugin:jun_webservlet:0.0.1-SNAPSHOT: com.jun.plugin:jun_plugin:pom:1.0 was not found in https://repo.maven.apache.org/maven2 during a previous attempt. This failure was cached in the local repository and resolution is not reattempted until the update interval of central has elapsed or updates are forced and 'parent.relativePath' points at wrong local POM @ line 4, column 11
[WARNING] 'dependencies.dependency.(groupId:artifactId:type:classifier)' must be unique: junit:junit:jar -> version 3.8.1 vs 4.12 @ line 144, column 17
[WARNING] 'dependencies.dependency.(groupId:artifactId:type:classifier)' must be unique: mysql:mysql-connector-java:jar -> version 5.1.40 vs 5.1.46 @ line 221, column 17
[WARNING] 'parent.relativePath' of POM com.jun.plugin:jun_websocket:0.0.1-SNAPSHOT (/home/gabsko/breaking-updates/jun_websocket/pom.xml) points at com.jun.plugin:jun_java_plugin instead of com.jun.plugin:jun_plugin, please verify your project structure @ line 5, column 11
[FATAL] Non-resolvable parent POM for com.jun.plugin:jun_websocket:0.0.1-SNAPSHOT: com.jun.plugin:jun_plugin:pom:1.0 was not found in https://repo.maven.apache.org/maven2 during a previous attempt. This failure was cached in the local repository and resolution is not reattempted until the update interval of central has elapsed or updates are forced and 'parent.relativePath' points at wrong local POM @ line 5, column 11
[WARNING] 'dependencies.dependency.version' for org.junit.jupiter:junit-jupiter-api:jar is either LATEST or RELEASE (both of them are being deprecated) @ line 65, column 22
[WARNING] 'dependencies.dependency.version' for org.junit.jupiter:junit-jupiter-api:jar is either LATEST or RELEASE (both of them are being deprecated) @ line 71, column 22
[WARNING] 'dependencies.dependency.(groupId:artifactId:type:classifier)' must be unique: org.junit.jupiter:junit-jupiter-api:jar -> duplicate declaration of version RELEASE @ line 68, column 21
[WARNING] 'parent.relativePath' of POM com.jun.plugin:jun_xml:0.0.1-SNAPSHOT (/home/gabsko/breaking-updates/jun_xml/pom.xml) points at com.jun.plugin:jun_java_plugin instead of com.jun.plugin:jun_plugin, please verify your project structure @ line 5, column 11
[FATAL] Non-resolvable parent POM for com.jun.plugin:jun_xml:0.0.1-SNAPSHOT: com.jun.plugin:jun_plugin:pom:1.0 was not found in https://repo.maven.apache.org/maven2 during a previous attempt. This failure was cached in the local repository and resolution is not reattempted until the update interval of central has elapsed or updates are forced and 'parent.relativePath' points at wrong local POM @ line 5, column 11
[ERROR] Child module /home/gabsko/breaking-updates/jun_activemq of /home/gabsko/breaking-updates/pom.xml does not exist @ 
[ERROR] Child module /home/gabsko/breaking-updates/jun_ajax of /home/gabsko/breaking-updates/pom.xml does not exist @ 
[ERROR] Child module /home/gabsko/breaking-updates/jun_algorithm of /home/gabsko/breaking-updates/pom.xml does not exist @ 
[ERROR] Child module /home/gabsko/breaking-updates/jun_apache_camel of /home/gabsko/breaking-updates/pom.xml does not exist @ 
[ERROR] Child module /home/gabsko/breaking-updates/jun_books of /home/gabsko/breaking-updates/pom.xml does not exist @ 
[ERROR] Child module /home/gabsko/breaking-updates/jun_bootsrtap of /home/gabsko/breaking-updates/pom.xml does not exist @ 
[ERROR] Child module /home/gabsko/breaking-updates/jun_captcha_code of /home/gabsko/breaking-updates/pom.xml does not exist @ 
[ERROR] Child module /home/gabsko/breaking-updates/jun_captcha_slider of /home/gabsko/breaking-updates/pom.xml does not exist @ 
[ERROR] Child module /home/gabsko/breaking-updates/jun_dao of /home/gabsko/breaking-updates/pom.xml does not exist @ 
[ERROR] Child module /home/gabsko/breaking-updates/jun_dbtracer of /home/gabsko/breaking-updates/pom.xml does not exist @ 
[ERROR] Child module /home/gabsko/breaking-updates/jun_distributed_fastdfs of /home/gabsko/breaking-updates/pom.xml does not exist @ 
[ERROR] Child module /home/gabsko/breaking-updates/jun_distributed_lock of /home/gabsko/breaking-updates/pom.xml does not exist @ 
[ERROR] Child module /home/gabsko/breaking-updates/jun_distributed_netty of /home/gabsko/breaking-updates/pom.xml does not exist @ 
[ERROR] Child module /home/gabsko/breaking-updates/jun_distributed_oss_qiniu of /home/gabsko/breaking-updates/pom.xml does not exist @ 
[ERROR] Child module /home/gabsko/breaking-updates/jun_distributed_rpc of /home/gabsko/breaking-updates/pom.xml does not exist @ 
[ERROR] Child module /home/gabsko/breaking-updates/jun_distributed_transaction_tcc of /home/gabsko/breaking-updates/pom.xml does not exist @ 
[ERROR] Child module /home/gabsko/breaking-updates/jun_drools/pom.xml of /home/gabsko/breaking-updates/pom.xml does not exist @ 
[ERROR] Child module /home/gabsko/breaking-updates/jun_elasticsearch_db of /home/gabsko/breaking-updates/pom.xml does not exist @ 
[ERROR] Child module /home/gabsko/breaking-updates/jun_executor of /home/gabsko/breaking-updates/pom.xml does not exist @ 
[ERROR] Child module /home/gabsko/breaking-updates/jun_itext of /home/gabsko/breaking-updates/pom.xml does not exist @ 
[ERROR] Child module /home/gabsko/breaking-updates/jun_jdbc of /home/gabsko/breaking-updates/pom.xml does not exist @ 
[ERROR] Child module /home/gabsko/breaking-updates/jun_json of /home/gabsko/breaking-updates/pom.xml does not exist @ 
[ERROR] Child module /home/gabsko/breaking-updates/jun_jsonp of /home/gabsko/breaking-updates/pom.xml does not exist @ 
[ERROR] Child module /home/gabsko/breaking-updates/jun_jsoup of /home/gabsko/breaking-updates/pom.xml does not exist @ 
[ERROR] Child module /home/gabsko/breaking-updates/jun_kafka of /home/gabsko/breaking-updates/pom.xml does not exist @ 
[ERROR] Child module /home/gabsko/breaking-updates/jun_leetcode of /home/gabsko/breaking-updates/pom.xml does not exist @ 
[ERROR] Child module /home/gabsko/breaking-updates/jun_lucene/pom.xml of /home/gabsko/breaking-updates/pom.xml does not exist @ 
[ERROR] Child module /home/gabsko/breaking-updates/jun_netty of /home/gabsko/breaking-updates/pom.xml does not exist @ 
[ERROR] Child module /home/gabsko/breaking-updates/jun_nutch of /home/gabsko/breaking-updates/pom.xml does not exist @ 
[ERROR] Child module /home/gabsko/breaking-updates/jun_poi of /home/gabsko/breaking-updates/pom.xml does not exist @ 
[ERROR] Child module /home/gabsko/breaking-updates/jun_redis of /home/gabsko/breaking-updates/pom.xml does not exist @ 
[ERROR] Child module /home/gabsko/breaking-updates/jun_rpc of /home/gabsko/breaking-updates/pom.xml does not exist @ 
[ERROR] Child module /home/gabsko/breaking-updates/jun_spider of /home/gabsko/breaking-updates/pom.xml does not exist @ 
[ERROR] Child module /home/gabsko/breaking-updates/jun_sso/pom.xml of /home/gabsko/breaking-updates/pom.xml does not exist @ 
[ERROR] Child module /home/gabsko/breaking-updates/jun_templatespider of /home/gabsko/breaking-updates/pom.xml does not exist @ 
[ERROR] Child module /home/gabsko/breaking-updates/jun_test of /home/gabsko/breaking-updates/pom.xml does not exist @ 
[ERROR] Child module /home/gabsko/breaking-updates/jun_utils of /home/gabsko/breaking-updates/pom.xml does not exist @ 
[ERROR] Child module /home/gabsko/breaking-updates/jun_webmagic of /home/gabsko/breaking-updates/pom.xml does not exist @ 
[ERROR] Child module /home/gabsko/breaking-updates/jun_zxing of /home/gabsko/breaking-updates/pom.xml does not exist @ 
[ERROR] Child module /home/gabsko/breaking-updates/jun_file of /home/gabsko/breaking-updates/pom.xml does not exist @ 
 @ 
[ERROR] The build could not read 19 projects -> [Help 1]
[ERROR]   
[ERROR]   The project com.jun.plugin:jun_datasource:1.0 (/home/gabsko/breaking-updates/jun_datasource/pom.xml) has 1 error
[ERROR]     Non-resolvable parent POM for com.jun.plugin:jun_datasource:1.0: com.jun.plugin:jun_plugin:pom:1.0 was not found in https://repo.maven.apache.org/maven2 during a previous attempt. This failure was cached in the local repository and resolution is not reattempted until the update interval of central has elapsed or updates are forced and 'parent.relativePath' points at wrong local POM @ line 5, column 11 -> [Help 2]
[ERROR]   
[ERROR]   The project com.jun.plugin:jun_dbutils:0.0.1-SNAPSHOT (/home/gabsko/breaking-updates/jun_dbutil/pom.xml) has 1 error
[ERROR]     Non-resolvable parent POM for com.jun.plugin:jun_dbutils:0.0.1-SNAPSHOT: com.jun.plugin:jun_plugin:pom:1.0 was not found in https://repo.maven.apache.org/maven2 during a previous attempt. This failure was cached in the local repository and resolution is not reattempted until the update interval of central has elapsed or updates are forced and 'parent.relativePath' points at wrong local POM @ line 5, column 11 -> [Help 2]
[ERROR]   
[ERROR]   The project com.jun.plugin:jun_demo:1.0 (/home/gabsko/breaking-updates/jun_demo/pom.xml) has 1 error
[ERROR]     Non-resolvable parent POM for com.jun.plugin:jun_demo:1.0: com.jun.plugin:jun_plugin:pom:1.0 was not found in https://repo.maven.apache.org/maven2 during a previous attempt. This failure was cached in the local repository and resolution is not reattempted until the update interval of central has elapsed or updates are forced and 'parent.relativePath' points at wrong local POM @ line 3, column 11 -> [Help 2]
[ERROR]   
[ERROR]   The project com.jun.plugin:jun_designpattern:1.0 (/home/gabsko/breaking-updates/jun_designpattern/pom.xml) has 1 error
[ERROR]     Non-resolvable parent POM for com.jun.plugin:jun_designpattern:1.0: com.jun.plugin:jun_plugin:pom:1.0 was not found in https://repo.maven.apache.org/maven2 during a previous attempt. This failure was cached in the local repository and resolution is not reattempted until the update interval of central has elapsed or updates are forced and 'parent.relativePath' points at wrong local POM @ line 5, column 11 -> [Help 2]
[ERROR]   
[ERROR]   The project com.jun.plugin:jun_email:1.0 (/home/gabsko/breaking-updates/jun_email/pom.xml) has 1 error
[ERROR]     Non-resolvable parent POM for com.jun.plugin:jun_email:1.0: com.jun.plugin:jun_plugin:pom:1.0 was not found in https://repo.maven.apache.org/maven2 during a previous attempt. This failure was cached in the local repository and resolution is not reattempted until the update interval of central has elapsed or updates are forced and 'parent.relativePath' points at wrong local POM @ line 5, column 11 -> [Help 2]
[ERROR]   
[ERROR]   The project com.jun.plugin:jun_excel:0.0.1-SNAPSHOT (/home/gabsko/breaking-updates/jun_excel/pom.xml) has 1 error
[ERROR]     Non-resolvable parent POM for com.jun.plugin:jun_excel:0.0.1-SNAPSHOT: com.jun.plugin:jun_plugin:pom:1.0 was not found in https://repo.maven.apache.org/maven2 during a previous attempt. This failure was cached in the local repository and resolution is not reattempted until the update interval of central has elapsed or updates are forced and 'parent.relativePath' points at wrong local POM @ line 4, column 10 -> [Help 2]
[ERROR]   
[ERROR]   The project com.jun.plugin:jun_fileupload:1.0 (/home/gabsko/breaking-updates/jun_fileupload/pom.xml) has 1 error
[ERROR]     Non-resolvable parent POM for com.jun.plugin:jun_fileupload:1.0: com.jun.plugin:jun_plugin:pom:1.0 was not found in https://repo.maven.apache.org/maven2 during a previous attempt. This failure was cached in the local repository and resolution is not reattempted until the update interval of central has elapsed or updates are forced and 'parent.relativePath' points at wrong local POM @ line 5, column 11 -> [Help 2]
[ERROR]   
[ERROR]   The project com.jun.plugin:jun_freemarker:0.0.1-SNAPSHOT (/home/gabsko/breaking-updates/jun_freemarker/pom.xml) has 1 error
[ERROR]     Non-resolvable parent POM for com.jun.plugin:jun_freemarker:0.0.1-SNAPSHOT: com.jun.plugin:jun_plugin:pom:1.0 was not found in https://repo.maven.apache.org/maven2 during a previous attempt. This failure was cached in the local repository and resolution is not reattempted until the update interval of central has elapsed or updates are forced and 'parent.relativePath' points at wrong local POM @ line 5, column 11 -> [Help 2]
[ERROR]   
[ERROR]   The project com.jun.plugin:jun_httpclient:0.0.1-SNAPSHOT (/home/gabsko/breaking-updates/jun_httpclient/pom.xml) has 1 error
[ERROR]     Non-resolvable parent POM for com.jun.plugin:jun_httpclient:0.0.1-SNAPSHOT: com.jun.plugin:jun_plugin:pom:1.0 was not found in https://repo.maven.apache.org/maven2 during a previous attempt. This failure was cached in the local repository and resolution is not reattempted until the update interval of central has elapsed or updates are forced and 'parent.relativePath' points at wrong local POM @ line 5, column 11 -> [Help 2]
[ERROR]   
[ERROR]   The project com.jun.plugin:jun_image:0.0.1-SNAPSHOT (/home/gabsko/breaking-updates/jun_image/pom.xml) has 1 error
[ERROR]     Non-resolvable parent POM for com.jun.plugin:jun_image:0.0.1-SNAPSHOT: com.jun.plugin:jun_plugin:pom:1.0 was not found in https://repo.maven.apache.org/maven2 during a previous attempt. This failure was cached in the local repository and resolution is not reattempted until the update interval of central has elapsed or updates are forced and 'parent.relativePath' points at wrong local POM @ line 5, column 11 -> [Help 2]
[ERROR]   
[ERROR]   The project com.jun.plugin:jun_jdk:0.0.1-SNAPSHOT (/home/gabsko/breaking-updates/jun_jdk/pom.xml) has 1 error
[ERROR]     Non-resolvable parent POM for com.jun.plugin:jun_jdk:0.0.1-SNAPSHOT: com.jun.plugin:jun_plugin:pom:1.0 was not found in https://repo.maven.apache.org/maven2 during a previous attempt. This failure was cached in the local repository and resolution is not reattempted until the update interval of central has elapsed or updates are forced and 'parent.relativePath' points at wrong local POM @ line 5, column 11 -> [Help 2]
[ERROR]   
[ERROR]   The project com.jun.plugin:jun_qrcode:0.0.1-SNAPSHOT (/home/gabsko/breaking-updates/jun_qrcode/pom.xml) has 1 error
[ERROR]     Non-resolvable parent POM for com.jun.plugin:jun_qrcode:0.0.1-SNAPSHOT: com.jun.plugin:jun_plugin:pom:1.0 was not found in https://repo.maven.apache.org/maven2 during a previous attempt. This failure was cached in the local repository and resolution is not reattempted until the update interval of central has elapsed or updates are forced and 'parent.relativePath' points at wrong local POM @ line 5, column 11 -> [Help 2]
[ERROR]   
[ERROR]   The project com.jun.plugin:jun_quartz:0.0.1-SNAPSHOT (/home/gabsko/breaking-updates/jun_quartz/pom.xml) has 1 error
[ERROR]     Non-resolvable parent POM for com.jun.plugin:jun_quartz:0.0.1-SNAPSHOT: com.jun.plugin:jun_plugin:pom:1.0 was not found in https://repo.maven.apache.org/maven2 during a previous attempt. This failure was cached in the local repository and resolution is not reattempted until the update interval of central has elapsed or updates are forced and 'parent.relativePath' points at wrong local POM @ line 5, column 11 -> [Help 2]
[ERROR]   
[ERROR]   The project com.jun.plugin:jun_shiro:1.0 (/home/gabsko/breaking-updates/jun_shiro/pom.xml) has 1 error
[ERROR]     Non-resolvable parent POM for com.jun.plugin:jun_shiro:1.0: com.jun.plugin:jun_plugin:pom:1.0 was not found in https://repo.maven.apache.org/maven2 during a previous attempt. This failure was cached in the local repository and resolution is not reattempted until the update interval of central has elapsed or updates are forced and 'parent.relativePath' points at wrong local POM @ line 3, column 11 -> [Help 2]
[ERROR]   
[ERROR]   The project com.jun.plugin:jun_webservice:0.0.1-SNAPSHOT (/home/gabsko/breaking-updates/jun_webservice/pom.xml) has 1 error
[ERROR]     Non-resolvable parent POM for com.jun.plugin:jun_webservice:0.0.1-SNAPSHOT: com.jun.plugin:jun_plugin:pom:1.0 was not found in https://repo.maven.apache.org/maven2 during a previous attempt. This failure was cached in the local repository and resolution is not reattempted until the update interval of central has elapsed or updates are forced and 'parent.relativePath' points at wrong local POM @ line 5, column 11 -> [Help 2]
[ERROR]   
[ERROR]   The project com.jun.plugin:jun_webservlet:0.0.1-SNAPSHOT (/home/gabsko/breaking-updates/jun_webservlet/pom.xml) has 1 error
[ERROR]     Non-resolvable parent POM for com.jun.plugin:jun_webservlet:0.0.1-SNAPSHOT: com.jun.plugin:jun_plugin:pom:1.0 was not found in https://repo.maven.apache.org/maven2 during a previous attempt. This failure was cached in the local repository and resolution is not reattempted until the update interval of central has elapsed or updates are forced and 'parent.relativePath' points at wrong local POM @ line 4, column 11 -> [Help 2]
[ERROR]   
[ERROR]   The project com.jun.plugin:jun_websocket:0.0.1-SNAPSHOT (/home/gabsko/breaking-updates/jun_websocket/pom.xml) has 1 error
[ERROR]     Non-resolvable parent POM for com.jun.plugin:jun_websocket:0.0.1-SNAPSHOT: com.jun.plugin:jun_plugin:pom:1.0 was not found in https://repo.maven.apache.org/maven2 during a previous attempt. This failure was cached in the local repository and resolution is not reattempted until the update interval of central has elapsed or updates are forced and 'parent.relativePath' points at wrong local POM @ line 5, column 11 -> [Help 2]
[ERROR]   
[ERROR]   The project com.jun.plugin:jun_xml:0.0.1-SNAPSHOT (/home/gabsko/breaking-updates/jun_xml/pom.xml) has 1 error
[ERROR]     Non-resolvable parent POM for com.jun.plugin:jun_xml:0.0.1-SNAPSHOT: com.jun.plugin:jun_plugin:pom:1.0 was not found in https://repo.maven.apache.org/maven2 during a previous attempt. This failure was cached in the local repository and resolution is not reattempted until the update interval of central has elapsed or updates are forced and 'parent.relativePath' points at wrong local POM @ line 5, column 11 -> [Help 2]
[ERROR]   
[ERROR]   The project com.jun.plugin:jun_java_plugin:1.0 (/home/gabsko/breaking-updates/pom.xml) has 40 errors
[ERROR]     Child module /home/gabsko/breaking-updates/jun_activemq of /home/gabsko/breaking-updates/pom.xml does not exist
[ERROR]     Child module /home/gabsko/breaking-updates/jun_ajax of /home/gabsko/breaking-updates/pom.xml does not exist
[ERROR]     Child module /home/gabsko/breaking-updates/jun_algorithm of /home/gabsko/breaking-updates/pom.xml does not exist
[ERROR]     Child module /home/gabsko/breaking-updates/jun_apache_camel of /home/gabsko/breaking-updates/pom.xml does not exist
[ERROR]     Child module /home/gabsko/breaking-updates/jun_books of /home/gabsko/breaking-updates/pom.xml does not exist
[ERROR]     Child module /home/gabsko/breaking-updates/jun_bootsrtap of /home/gabsko/breaking-updates/pom.xml does not exist
[ERROR]     Child module /home/gabsko/breaking-updates/jun_captcha_code of /home/gabsko/breaking-updates/pom.xml does not exist
[ERROR]     Child module /home/gabsko/breaking-updates/jun_captcha_slider of /home/gabsko/breaking-updates/pom.xml does not exist
[ERROR]     Child module /home/gabsko/breaking-updates/jun_dao of /home/gabsko/breaking-updates/pom.xml does not exist
[ERROR]     Child module /home/gabsko/breaking-updates/jun_dbtracer of /home/gabsko/breaking-updates/pom.xml does not exist
[ERROR]     Child module /home/gabsko/breaking-updates/jun_distributed_fastdfs of /home/gabsko/breaking-updates/pom.xml does not exist
[ERROR]     Child module /home/gabsko/breaking-updates/jun_distributed_lock of /home/gabsko/breaking-updates/pom.xml does not exist
[ERROR]     Child module /home/gabsko/breaking-updates/jun_distributed_netty of /home/gabsko/breaking-updates/pom.xml does not exist
[ERROR]     Child module /home/gabsko/breaking-updates/jun_distributed_oss_qiniu of /home/gabsko/breaking-updates/pom.xml does not exist
[ERROR]     Child module /home/gabsko/breaking-updates/jun_distributed_rpc of /home/gabsko/breaking-updates/pom.xml does not exist
[ERROR]     Child module /home/gabsko/breaking-updates/jun_distributed_transaction_tcc of /home/gabsko/breaking-updates/pom.xml does not exist
[ERROR]     Child module /home/gabsko/breaking-updates/jun_drools/pom.xml of /home/gabsko/breaking-updates/pom.xml does not exist
[ERROR]     Child module /home/gabsko/breaking-updates/jun_elasticsearch_db of /home/gabsko/breaking-updates/pom.xml does not exist
[ERROR]     Child module /home/gabsko/breaking-updates/jun_executor of /home/gabsko/breaking-updates/pom.xml does not exist
[ERROR]     Child module /home/gabsko/breaking-updates/jun_itext of /home/gabsko/breaking-updates/pom.xml does not exist
[ERROR]     Child module /home/gabsko/breaking-updates/jun_jdbc of /home/gabsko/breaking-updates/pom.xml does not exist
[ERROR]     Child module /home/gabsko/breaking-updates/jun_json of /home/gabsko/breaking-updates/pom.xml does not exist
[ERROR]     Child module /home/gabsko/breaking-updates/jun_jsonp of /home/gabsko/breaking-updates/pom.xml does not exist
[ERROR]     Child module /home/gabsko/breaking-updates/jun_jsoup of /home/gabsko/breaking-updates/pom.xml does not exist
[ERROR]     Child module /home/gabsko/breaking-updates/jun_kafka of /home/gabsko/breaking-updates/pom.xml does not exist
[ERROR]     Child module /home/gabsko/breaking-updates/jun_leetcode of /home/gabsko/breaking-updates/pom.xml does not exist
[ERROR]     Child module /home/gabsko/breaking-updates/jun_lucene/pom.xml of /home/gabsko/breaking-updates/pom.xml does not exist
[ERROR]     Child module /home/gabsko/breaking-updates/jun_netty of /home/gabsko/breaking-updates/pom.xml does not exist
[ERROR]     Child module /home/gabsko/breaking-updates/jun_nutch of /home/gabsko/breaking-updates/pom.xml does not exist
[ERROR]     Child module /home/gabsko/breaking-updates/jun_poi of /home/gabsko/breaking-updates/pom.xml does not exist
[ERROR]     Child module /home/gabsko/breaking-updates/jun_redis of /home/gabsko/breaking-updates/pom.xml does not exist
[ERROR]     Child module /home/gabsko/breaking-updates/jun_rpc of /home/gabsko/breaking-updates/pom.xml does not exist
[ERROR]     Child module /home/gabsko/breaking-updates/jun_spider of /home/gabsko/breaking-updates/pom.xml does not exist
[ERROR]     Child module /home/gabsko/breaking-updates/jun_sso/pom.xml of /home/gabsko/breaking-updates/pom.xml does not exist
[ERROR]     Child module /home/gabsko/breaking-updates/jun_templatespider of /home/gabsko/breaking-updates/pom.xml does not exist
[ERROR]     Child module /home/gabsko/breaking-updates/jun_test of /home/gabsko/breaking-updates/pom.xml does not exist
[ERROR]     Child module /home/gabsko/breaking-updates/jun_utils of /home/gabsko/breaking-updates/pom.xml does not exist
[ERROR]     Child module /home/gabsko/breaking-updates/jun_webmagic of /home/gabsko/breaking-updates/pom.xml does not exist
[ERROR]     Child module /home/gabsko/breaking-updates/jun_zxing of /home/gabsko/breaking-updates/pom.xml does not exist
[ERROR]     Child module /home/gabsko/breaking-updates/jun_file of /home/gabsko/breaking-updates/pom.xml does not exist
[ERROR] 
[ERROR] To see the full stack trace of the errors, re-run Maven with the -e switch.
[ERROR] Re-run Maven using the -X switch to enable full debug logging.
[ERROR] 
[ERROR] For more information about the errors and possible solutions, please read the following articles:
[ERROR] [Help 1] http://cwiki.apache.org/confluence/display/MAVEN/ProjectBuildingException
[ERROR] [Help 2] http://cwiki.apache.org/confluence/display/MAVEN/UnresolvableModelException
