[INFO] Scanning for projects...
[INFO] 
[INFO] ------------< de.mirkosertic.desktopsearch:FXDesktopSearch >------------
[INFO] Building FXDesktopSearch 3.4.0
[INFO] --------------------------------[ jar ]---------------------------------
[INFO] Downloading from sonatype-snapshots: https://oss.sonatype.org/content/groups/jetty/org/glassfish/javax.el/maven-metadata.xml
[INFO] Downloading from central: https://repo.maven.apache.org/maven2/org/glassfish/javax.el/maven-metadata.xml
[INFO] Downloading from jvnet-nexus-snapshots: https://maven.java.net/content/repositories/snapshots/org/glassfish/javax.el/maven-metadata.xml
[INFO] Downloading from restlet: https://maven.restlet.talend.com/org/glassfish/javax.el/maven-metadata.xml
[INFO] Downloaded from central: https://repo.maven.apache.org/maven2/org/glassfish/javax.el/maven-metadata.xml (987 B at 4.3 kB/s)
[INFO] Downloaded from jvnet-nexus-snapshots: https://maven.java.net/content/repositories/snapshots/org/glassfish/javax.el/maven-metadata.xml (417 B at 590 B/s)
[INFO] Downloading from restlet: https://maven.restlet.talend.com/org/glassfish/javax.el/3.0.1-b06-SNAPSHOT/maven-metadata.xml
[INFO] Downloading from jvnet-nexus-snapshots: https://maven.java.net/content/repositories/snapshots/org/glassfish/javax.el/3.0.1-b06-SNAPSHOT/maven-metadata.xml
[INFO] Downloading from sonatype-snapshots: https://oss.sonatype.org/content/groups/jetty/org/glassfish/javax.el/3.0.1-b06-SNAPSHOT/maven-metadata.xml
[INFO] Downloading from restlet: https://maven.restlet.talend.com/org/glassfish/javax.el/3.0.1-b06-SNAPSHOT/javax.el-3.0.1-b06-SNAPSHOT.pom
[INFO] Downloading from sonatype-snapshots: https://oss.sonatype.org/content/groups/jetty/org/glassfish/javax.el/3.0.1-b06-SNAPSHOT/javax.el-3.0.1-b06-SNAPSHOT.pom
[INFO] Downloading from jvnet-nexus-snapshots: https://maven.java.net/content/repositories/snapshots/org/glassfish/javax.el/3.0.1-b06-SNAPSHOT/javax.el-3.0.1-b06-SNAPSHOT.pom
[WARNING] The POM for org.glassfish:javax.el:jar:3.0.1-b06-SNAPSHOT is missing, no dependency information available
[INFO] Downloading from sonatype-snapshots: https://oss.sonatype.org/content/groups/jetty/org/glassfish/javax.el/3.0.1-b07-SNAPSHOT/maven-metadata.xml
[INFO] Downloading from restlet: https://maven.restlet.talend.com/org/glassfish/javax.el/3.0.1-b07-SNAPSHOT/maven-metadata.xml
[INFO] Downloading from jvnet-nexus-snapshots: https://maven.java.net/content/repositories/snapshots/org/glassfish/javax.el/3.0.1-b07-SNAPSHOT/maven-metadata.xml
[INFO] Downloading from restlet: https://maven.restlet.talend.com/org/glassfish/javax.el/3.0.1-b07-SNAPSHOT/javax.el-3.0.1-b07-SNAPSHOT.pom
[INFO] Downloading from sonatype-snapshots: https://oss.sonatype.org/content/groups/jetty/org/glassfish/javax.el/3.0.1-b07-SNAPSHOT/javax.el-3.0.1-b07-SNAPSHOT.pom
[INFO] Downloading from jvnet-nexus-snapshots: https://maven.java.net/content/repositories/snapshots/org/glassfish/javax.el/3.0.1-b07-SNAPSHOT/javax.el-3.0.1-b07-SNAPSHOT.pom
[WARNING] The POM for org.glassfish:javax.el:jar:3.0.1-b07-SNAPSHOT is missing, no dependency information available
[INFO] Downloading from sonatype-snapshots: https://oss.sonatype.org/content/groups/jetty/org/glassfish/javax.el/3.0.1-b08-SNAPSHOT/maven-metadata.xml
[INFO] Downloading from restlet: https://maven.restlet.talend.com/org/glassfish/javax.el/3.0.1-b08-SNAPSHOT/maven-metadata.xml
[INFO] Downloading from jvnet-nexus-snapshots: https://maven.java.net/content/repositories/snapshots/org/glassfish/javax.el/3.0.1-b08-SNAPSHOT/maven-metadata.xml
[INFO] Downloading from restlet: https://maven.restlet.talend.com/org/glassfish/javax.el/3.0.1-b08-SNAPSHOT/javax.el-3.0.1-b08-SNAPSHOT.pom
[INFO] Downloading from sonatype-snapshots: https://oss.sonatype.org/content/groups/jetty/org/glassfish/javax.el/3.0.1-b08-SNAPSHOT/javax.el-3.0.1-b08-SNAPSHOT.pom
[INFO] Downloading from jvnet-nexus-snapshots: https://maven.java.net/content/repositories/snapshots/org/glassfish/javax.el/3.0.1-b08-SNAPSHOT/javax.el-3.0.1-b08-SNAPSHOT.pom
[WARNING] The POM for org.glassfish:javax.el:jar:3.0.1-b08-SNAPSHOT is missing, no dependency information available
[INFO] Downloading from sonatype-snapshots: https://oss.sonatype.org/content/groups/jetty/org/glassfish/javax.el/3.0.1-b11-SNAPSHOT/maven-metadata.xml
[INFO] Downloading from restlet: https://maven.restlet.talend.com/org/glassfish/javax.el/3.0.1-b11-SNAPSHOT/maven-metadata.xml
[INFO] Downloading from jvnet-nexus-snapshots: https://maven.java.net/content/repositories/snapshots/org/glassfish/javax.el/3.0.1-b11-SNAPSHOT/maven-metadata.xml
[INFO] Downloading from restlet: https://maven.restlet.talend.com/org/glassfish/javax.el/3.0.1-b11-SNAPSHOT/javax.el-3.0.1-b11-SNAPSHOT.pom
[INFO] Downloading from sonatype-snapshots: https://oss.sonatype.org/content/groups/jetty/org/glassfish/javax.el/3.0.1-b11-SNAPSHOT/javax.el-3.0.1-b11-SNAPSHOT.pom
[INFO] Downloading from jvnet-nexus-snapshots: https://maven.java.net/content/repositories/snapshots/org/glassfish/javax.el/3.0.1-b11-SNAPSHOT/javax.el-3.0.1-b11-SNAPSHOT.pom
[WARNING] The POM for org.glassfish:javax.el:jar:3.0.1-b11-SNAPSHOT is missing, no dependency information available
[INFO] Downloading from restlet: https://maven.restlet.talend.com/org/apache/tika/tika-core/1.28.3/tika-core-1.28.3.pom
[INFO] Downloading from central: https://repo.maven.apache.org/maven2/org/apache/tika/tika-core/1.28.3/tika-core-1.28.3.pom
[INFO] Downloaded from central: https://repo.maven.apache.org/maven2/org/apache/tika/tika-core/1.28.3/tika-core-1.28.3.pom (10 kB at 95 kB/s)
[INFO] Downloading from restlet: https://maven.restlet.talend.com/org/apache/tika/tika-parent/1.28.3/tika-parent-1.28.3.pom
[INFO] Downloading from central: https://repo.maven.apache.org/maven2/org/apache/tika/tika-parent/1.28.3/tika-parent-1.28.3.pom
[INFO] Downloaded from central: https://repo.maven.apache.org/maven2/org/apache/tika/tika-parent/1.28.3/tika-parent-1.28.3.pom (23 kB at 950 kB/s)
[INFO] Downloading from restlet: https://maven.restlet.talend.com/org/apache/tika/tika-xmp/1.28.3/tika-xmp-1.28.3.pom
[INFO] Downloading from central: https://repo.maven.apache.org/maven2/org/apache/tika/tika-xmp/1.28.3/tika-xmp-1.28.3.pom
[INFO] Downloaded from central: https://repo.maven.apache.org/maven2/org/apache/tika/tika-xmp/1.28.3/tika-xmp-1.28.3.pom (3.7 kB at 35 kB/s)
[INFO] Downloading from restlet: https://maven.restlet.talend.com/org/apache/tika/tika-parsers/1.28.3/tika-parsers-1.28.3.pom
[INFO] Downloading from central: https://repo.maven.apache.org/maven2/org/apache/tika/tika-parsers/1.28.3/tika-parsers-1.28.3.pom
[INFO] Downloaded from central: https://repo.maven.apache.org/maven2/org/apache/tika/tika-parsers/1.28.3/tika-parsers-1.28.3.pom (37 kB at 2.0 MB/s)
[INFO] Downloading from restlet: https://maven.restlet.talend.com/org/apache/cxf/cxf-rt-rs-client/3.5.2/cxf-rt-rs-client-3.5.2.pom
[INFO] Downloading from central: https://repo.maven.apache.org/maven2/org/apache/cxf/cxf-rt-rs-client/3.5.2/cxf-rt-rs-client-3.5.2.pom
[INFO] Downloaded from central: https://repo.maven.apache.org/maven2/org/apache/cxf/cxf-rt-rs-client/3.5.2/cxf-rt-rs-client-3.5.2.pom (6.3 kB at 59 kB/s)
[INFO] Downloading from restlet: https://maven.restlet.talend.com/org/apache/cxf/cxf-parent/3.5.2/cxf-parent-3.5.2.pom
[INFO] Downloading from central: https://repo.maven.apache.org/maven2/org/apache/cxf/cxf-parent/3.5.2/cxf-parent-3.5.2.pom
[INFO] Downloaded from central: https://repo.maven.apache.org/maven2/org/apache/cxf/cxf-parent/3.5.2/cxf-parent-3.5.2.pom (116 kB at 5.1 MB/s)
[INFO] Downloading from restlet: https://maven.restlet.talend.com/org/apache/cxf/cxf/3.5.2/cxf-3.5.2.pom
[INFO] Downloading from central: https://repo.maven.apache.org/maven2/org/apache/cxf/cxf/3.5.2/cxf-3.5.2.pom
[INFO] Downloaded from central: https://repo.maven.apache.org/maven2/org/apache/cxf/cxf/3.5.2/cxf-3.5.2.pom (39 kB at 268 kB/s)
[INFO] Downloading from restlet: https://maven.restlet.talend.com/org/apache/cxf/cxf-bom/3.5.2/cxf-bom-3.5.2.pom
[INFO] Downloading from central: https://repo.maven.apache.org/maven2/org/apache/cxf/cxf-bom/3.5.2/cxf-bom-3.5.2.pom
[INFO] Downloaded from central: https://repo.maven.apache.org/maven2/org/apache/cxf/cxf-bom/3.5.2/cxf-bom-3.5.2.pom (27 kB at 1.8 MB/s)
[INFO] Downloading from restlet: https://maven.restlet.talend.com/org/apache/cxf/cxf-rt-transports-http/3.5.2/cxf-rt-transports-http-3.5.2.pom
[INFO] Downloading from central: https://repo.maven.apache.org/maven2/org/apache/cxf/cxf-rt-transports-http/3.5.2/cxf-rt-transports-http-3.5.2.pom
[INFO] Downloaded from central: https://repo.maven.apache.org/maven2/org/apache/cxf/cxf-rt-transports-http/3.5.2/cxf-rt-transports-http-3.5.2.pom (13 kB at 65 kB/s)
[INFO] Downloading from restlet: https://maven.restlet.talend.com/org/apache/cxf/cxf-core/3.5.2/cxf-core-3.5.2.pom
[INFO] Downloading from central: https://repo.maven.apache.org/maven2/org/apache/cxf/cxf-core/3.5.2/cxf-core-3.5.2.pom
[INFO] Downloaded from central: https://repo.maven.apache.org/maven2/org/apache/cxf/cxf-core/3.5.2/cxf-core-3.5.2.pom (20 kB at 957 kB/s)
[INFO] Downloading from restlet: https://maven.restlet.talend.com/org/apache/cxf/cxf-rt-frontend-jaxrs/3.5.2/cxf-rt-frontend-jaxrs-3.5.2.pom
[INFO] Downloading from central: https://repo.maven.apache.org/maven2/org/apache/cxf/cxf-rt-frontend-jaxrs/3.5.2/cxf-rt-frontend-jaxrs-3.5.2.pom
[INFO] Downloaded from central: https://repo.maven.apache.org/maven2/org/apache/cxf/cxf-rt-frontend-jaxrs/3.5.2/cxf-rt-frontend-jaxrs-3.5.2.pom (10 kB at 732 kB/s)
[INFO] Downloading from restlet: https://maven.restlet.talend.com/org/apache/cxf/cxf-rt-security/3.5.2/cxf-rt-security-3.5.2.pom
[INFO] Downloading from central: https://repo.maven.apache.org/maven2/org/apache/cxf/cxf-rt-security/3.5.2/cxf-rt-security-3.5.2.pom
[INFO] Downloaded from central: https://repo.maven.apache.org/maven2/org/apache/cxf/cxf-rt-security/3.5.2/cxf-rt-security-3.5.2.pom (2.2 kB at 167 kB/s)
[INFO] Downloading from restlet: https://maven.restlet.talend.com/org/apache/tika/tika-langdetect/1.28.3/tika-langdetect-1.28.3.pom
[INFO] Downloading from central: https://repo.maven.apache.org/maven2/org/apache/tika/tika-langdetect/1.28.3/tika-langdetect-1.28.3.pom
[INFO] Downloaded from central: https://repo.maven.apache.org/maven2/org/apache/tika/tika-langdetect/1.28.3/tika-langdetect-1.28.3.pom (6.5 kB at 61 kB/s)
[INFO] Downloading from restlet: https://maven.restlet.talend.com/edu/stanford/nlp/stanford-corenlp/4.5.0/stanford-corenlp-4.5.0.pom
[INFO] Downloading from central: https://repo.maven.apache.org/maven2/edu/stanford/nlp/stanford-corenlp/4.5.0/stanford-corenlp-4.5.0.pom
[INFO] Downloaded from central: https://repo.maven.apache.org/maven2/edu/stanford/nlp/stanford-corenlp/4.5.0/stanford-corenlp-4.5.0.pom (6.6 kB at 66 kB/s)
[INFO] Downloading from restlet: https://maven.restlet.talend.com/com/google/guava/guava/maven-metadata.xml
[INFO] Downloading from restlet: https://maven.restlet.talend.com/org/apache/tika/tika-core/1.28.3/tika-core-1.28.3.jar
[INFO] Downloading from restlet: https://maven.restlet.talend.com/org/apache/tika/tika-xmp/1.28.3/tika-xmp-1.28.3.jar
[INFO] Downloading from restlet: https://maven.restlet.talend.com/org/apache/tika/tika-parsers/1.28.3/tika-parsers-1.28.3.jar
[INFO] Downloading from restlet: https://maven.restlet.talend.com/org/apache/cxf/cxf-rt-rs-client/3.5.2/cxf-rt-rs-client-3.5.2.jar
[INFO] Downloading from restlet: https://maven.restlet.talend.com/org/apache/cxf/cxf-rt-transports-http/3.5.2/cxf-rt-transports-http-3.5.2.jar
[INFO] Downloading from restlet: https://maven.restlet.talend.com/org/apache/cxf/cxf-core/3.5.2/cxf-core-3.5.2.jar
[INFO] Downloading from restlet: https://maven.restlet.talend.com/org/apache/cxf/cxf-rt-frontend-jaxrs/3.5.2/cxf-rt-frontend-jaxrs-3.5.2.jar
[INFO] Downloading from restlet: https://maven.restlet.talend.com/org/apache/cxf/cxf-rt-security/3.5.2/cxf-rt-security-3.5.2.jar
[INFO] Downloading from restlet: https://maven.restlet.talend.com/org/apache/tika/tika-langdetect/1.28.3/tika-langdetect-1.28.3.jar
[INFO] Downloading from restlet: https://maven.restlet.talend.com/edu/stanford/nlp/stanford-corenlp/4.5.0/stanford-corenlp-4.5.0.jar
[INFO] Downloading from central: https://repo.maven.apache.org/maven2/org/apache/tika/tika-core/1.28.3/tika-core-1.28.3.jar
[INFO] Downloading from central: https://repo.maven.apache.org/maven2/org/apache/tika/tika-xmp/1.28.3/tika-xmp-1.28.3.jar
[INFO] Downloading from central: https://repo.maven.apache.org/maven2/org/apache/tika/tika-parsers/1.28.3/tika-parsers-1.28.3.jar
[INFO] Downloading from central: https://repo.maven.apache.org/maven2/org/apache/cxf/cxf-rt-rs-client/3.5.2/cxf-rt-rs-client-3.5.2.jar
[INFO] Downloading from central: https://repo.maven.apache.org/maven2/org/apache/cxf/cxf-rt-transports-http/3.5.2/cxf-rt-transports-http-3.5.2.jar
[INFO] Downloaded from central: https://repo.maven.apache.org/maven2/org/apache/cxf/cxf-rt-rs-client/3.5.2/cxf-rt-rs-client-3.5.2.jar (191 kB at 3.0 MB/s)
[INFO] Downloading from central: https://repo.maven.apache.org/maven2/org/apache/cxf/cxf-core/3.5.2/cxf-core-3.5.2.jar
[INFO] Downloaded from central: https://repo.maven.apache.org/maven2/org/apache/tika/tika-parsers/1.28.3/tika-parsers-1.28.3.jar (1.6 MB at 16 MB/s)
[INFO] Downloading from central: https://repo.maven.apache.org/maven2/org/apache/cxf/cxf-rt-frontend-jaxrs/3.5.2/cxf-rt-frontend-jaxrs-3.5.2.jar
[INFO] Downloaded from central: https://repo.maven.apache.org/maven2/org/apache/tika/tika-core/1.28.3/tika-core-1.28.3.jar (736 kB at 7.4 MB/s)
[INFO] Downloading from central: https://repo.maven.apache.org/maven2/org/apache/cxf/cxf-rt-security/3.5.2/cxf-rt-security-3.5.2.jar
[INFO] Downloaded from central: https://repo.maven.apache.org/maven2/org/apache/cxf/cxf-rt-security/3.5.2/cxf-rt-security-3.5.2.jar (42 kB at 371 kB/s)
[INFO] Downloading from central: https://repo.maven.apache.org/maven2/org/apache/tika/tika-langdetect/1.28.3/tika-langdetect-1.28.3.jar
[INFO] Downloaded from central: https://repo.maven.apache.org/maven2/org/apache/cxf/cxf-rt-frontend-jaxrs/3.5.2/cxf-rt-frontend-jaxrs-3.5.2.jar (705 kB at 5.0 MB/s)
[INFO] Downloading from central: https://repo.maven.apache.org/maven2/edu/stanford/nlp/stanford-corenlp/4.5.0/stanford-corenlp-4.5.0.jar
[INFO] Downloaded from central: https://repo.maven.apache.org/maven2/org/apache/cxf/cxf-rt-transports-http/3.5.2/cxf-rt-transports-http-3.5.2.jar (392 kB at 1.9 MB/s)
[INFO] Downloaded from central: https://repo.maven.apache.org/maven2/org/apache/tika/tika-xmp/1.28.3/tika-xmp-1.28.3.jar (35 kB at 167 kB/s)
[INFO] Downloaded from central: https://repo.maven.apache.org/maven2/org/apache/tika/tika-langdetect/1.28.3/tika-langdetect-1.28.3.jar (22 kB at 102 kB/s)
[INFO] Downloaded from central: https://repo.maven.apache.org/maven2/org/apache/cxf/cxf-core/3.5.2/cxf-core-3.5.2.jar (1.4 MB at 6.4 MB/s)
[INFO] Downloaded from central: https://repo.maven.apache.org/maven2/edu/stanford/nlp/stanford-corenlp/4.5.0/stanford-corenlp-4.5.0.jar (8.7 MB at 8.8 MB/s)
[INFO] 
[INFO] --- maven-clean-plugin:2.5:clean (default-clean) @ FXDesktopSearch ---
[INFO] 
[INFO] --- maven-resources-plugin:2.6:resources (default-resources) @ FXDesktopSearch ---
[WARNING] Using platform encoding (UTF-8 actually) to copy filtered resources, i.e. build is platform dependent!
[INFO] Copying 45 resources
[INFO] 
[INFO] --- maven-compiler-plugin:3.10.1:compile (default-compile) @ FXDesktopSearch ---
[INFO] Changes detected - recompiling the module!
[WARNING] File encoding has not been set, using platform encoding UTF-8, i.e. build is platform dependent!
[INFO] Compiling 56 source files to /home/gabsko/breaking-updates/target/classes
[INFO] ------------------------------------------------------------------------
[INFO] BUILD FAILURE
[INFO] ------------------------------------------------------------------------
[INFO] Total time:  17.188 s
[INFO] Finished at: 2023-01-25T05:18:40Z
[INFO] ------------------------------------------------------------------------
[ERROR] Failed to execute goal org.apache.maven.plugins:maven-compiler-plugin:3.10.1:compile (default-compile) on project FXDesktopSearch: Fatal error compiling: error: invalid target release: 12 -> [Help 1]
[ERROR] 
[ERROR] To see the full stack trace of the errors, re-run Maven with the -e switch.
[ERROR] Re-run Maven using the -X switch to enable full debug logging.
[ERROR] 
[ERROR] For more information about the errors and possible solutions, please read the following articles:
[ERROR] [Help 1] http://cwiki.apache.org/confluence/display/MAVEN/MojoExecutionException
