[INFO] Scanning for projects...
[INFO] 
[INFO] ----------------------< io.streamthoughts:jikkou >----------------------
[INFO] Building Jikkou 0.10.0-SNAPSHOT
[INFO] --------------------------------[ jar ]---------------------------------
[INFO] Downloading from central: https://repo.maven.apache.org/maven2/io/vavr/vavr/1.0.0-alpha-3/vavr-1.0.0-alpha-3.pom
[INFO] Downloaded from central: https://repo.maven.apache.org/maven2/io/vavr/vavr/1.0.0-alpha-3/vavr-1.0.0-alpha-3.pom (1.6 kB at 5.6 kB/s)
[INFO] Downloading from central: https://repo.maven.apache.org/maven2/io/vavr/vavr-jackson/1.0.0-alpha-3/vavr-jackson-1.0.0-alpha-3.pom
[INFO] Downloaded from central: https://repo.maven.apache.org/maven2/io/vavr/vavr-jackson/1.0.0-alpha-3/vavr-jackson-1.0.0-alpha-3.pom (3.4 kB at 32 kB/s)
[INFO] Downloading from central: https://repo.maven.apache.org/maven2/com/hubspot/jinjava/jinjava/2.6.0/jinjava-2.6.0.pom
[INFO] Downloaded from central: https://repo.maven.apache.org/maven2/com/hubspot/jinjava/jinjava/2.6.0/jinjava-2.6.0.pom (9.7 kB at 88 kB/s)
[INFO] Downloading from central: https://repo.maven.apache.org/maven2/org/basepom/basepom-oss/25/basepom-oss-25.pom
[INFO] Downloaded from central: https://repo.maven.apache.org/maven2/org/basepom/basepom-oss/25/basepom-oss-25.pom (0 B at 0 B/s)
[INFO] Downloading from central: https://repo.maven.apache.org/maven2/org/basepom/basepom-minimal/25/basepom-minimal-25.pom
[INFO] Downloaded from central: https://repo.maven.apache.org/maven2/org/basepom/basepom-minimal/25/basepom-minimal-25.pom (0 B at 0 B/s)
[INFO] Downloading from central: https://repo.maven.apache.org/maven2/org/basepom/basepom-foundation/25/basepom-foundation-25.pom
[INFO] Downloaded from central: https://repo.maven.apache.org/maven2/org/basepom/basepom-foundation/25/basepom-foundation-25.pom (0 B at 0 B/s)
[INFO] Downloading from central: https://repo.maven.apache.org/maven2/com/fasterxml/jackson/dataformat/jackson-dataformat-yaml/2.7.9/jackson-dataformat-yaml-2.7.9.pom
[INFO] Downloaded from central: https://repo.maven.apache.org/maven2/com/fasterxml/jackson/dataformat/jackson-dataformat-yaml/2.7.9/jackson-dataformat-yaml-2.7.9.pom (7.2 kB at 313 kB/s)
[INFO] Downloading from central: https://repo.maven.apache.org/maven2/ch/obermuhlner/big-math/2.0.0/big-math-2.0.0.pom
[INFO] Downloaded from central: https://repo.maven.apache.org/maven2/ch/obermuhlner/big-math/2.0.0/big-math-2.0.0.pom (0 B at 0 B/s)
[INFO] Downloading from central: https://repo.maven.apache.org/maven2/io/vavr/vavr/1.0.0-alpha-3/vavr-1.0.0-alpha-3.jar
[INFO] Downloading from central: https://repo.maven.apache.org/maven2/io/vavr/vavr-jackson/1.0.0-alpha-3/vavr-jackson-1.0.0-alpha-3.jar
[INFO] Downloading from central: https://repo.maven.apache.org/maven2/com/hubspot/jinjava/jinjava/2.6.0/jinjava-2.6.0.jar
[INFO] Downloading from central: https://repo.maven.apache.org/maven2/ch/obermuhlner/big-math/2.0.0/big-math-2.0.0.jar
[INFO] Downloaded from central: https://repo.maven.apache.org/maven2/ch/obermuhlner/big-math/2.0.0/big-math-2.0.0.jar (0 B at 0 B/s)
[INFO] Downloaded from central: https://repo.maven.apache.org/maven2/io/vavr/vavr-jackson/1.0.0-alpha-3/vavr-jackson-1.0.0-alpha-3.jar (66 kB at 539 kB/s)
[INFO] Downloaded from central: https://repo.maven.apache.org/maven2/com/hubspot/jinjava/jinjava/2.6.0/jinjava-2.6.0.jar (761 kB at 4.1 MB/s)
[INFO] Downloaded from central: https://repo.maven.apache.org/maven2/io/vavr/vavr/1.0.0-alpha-3/vavr-1.0.0-alpha-3.jar (928 kB at 4.7 MB/s)
[INFO] 
[INFO] --- maven-clean-plugin:2.5:clean (default-clean) @ jikkou ---
[INFO] 
[INFO] --- maven-resources-plugin:2.6:resources (default-resources) @ jikkou ---
[INFO] Using 'UTF-8' encoding to copy filtered resources.
[INFO] Copying 1 resource
[INFO] 
[INFO] --- maven-compiler-plugin:3.9.0:compile (default-compile) @ jikkou ---
[INFO] Changes detected - recompiling the module!
[INFO] Compiling 167 source files to /home/gabsko/breaking-updates/target/classes
[INFO] ------------------------------------------------------------------------
[INFO] BUILD FAILURE
[INFO] ------------------------------------------------------------------------
[INFO] Total time:  1.868 s
[INFO] Finished at: 2023-01-25T10:10:43Z
[INFO] ------------------------------------------------------------------------
[ERROR] Failed to execute goal org.apache.maven.plugins:maven-compiler-plugin:3.9.0:compile (default-compile) on project jikkou: Fatal error compiling: error: invalid target release: 17 -> [Help 1]
[ERROR] 
[ERROR] To see the full stack trace of the errors, re-run Maven with the -e switch.
[ERROR] Re-run Maven using the -X switch to enable full debug logging.
[ERROR] 
[ERROR] For more information about the errors and possible solutions, please read the following articles:
[ERROR] [Help 1] http://cwiki.apache.org/confluence/display/MAVEN/MojoExecutionException
