[INFO] Scanning for projects...
[INFO] 
[INFO] ------------------< org.apache.commons:commons-dbcp2 >------------------
[INFO] Building Apache Commons DBCP 2.10.0-SNAPSHOT
[INFO] --------------------------------[ jar ]---------------------------------
[INFO] 
[INFO] --- maven-clean-plugin:3.1.0:clean (default-clean) @ commons-dbcp2 ---
[INFO] Deleting /home/gabsko/breaking-updates/target
[INFO] 
[INFO] --- maven-enforcer-plugin:3.0.0:enforce (enforce-maven-version) @ commons-dbcp2 ---
[INFO] 
[INFO] --- maven-enforcer-plugin:3.0.0:enforce (enforce-java-version) @ commons-dbcp2 ---
[INFO] 
[INFO] --- maven-enforcer-plugin:3.0.0:enforce (enforce-output-timestamp-property) @ commons-dbcp2 ---
[INFO] 
[INFO] --- maven-enforcer-plugin:3.0.0:enforce (enforce-maven-3) @ commons-dbcp2 ---
[INFO] 
[INFO] --- apache-rat-plugin:0.14:check (rat-check) @ commons-dbcp2 ---
[INFO] Enabled default license matchers.
[INFO] Will parse SCM ignores for exclusions...
[INFO] Parsing exclusions from /home/gabsko/breaking-updates/.gitignore
[INFO] Finished adding exclusions from SCM ignore files.
[INFO] 78 implicit excludes.
[INFO] 10 explicit excludes.
[INFO] 193 resources included
[INFO] Rat check: Summary over all files. Unapproved: 0, unknown: 0, generated: 0, approved: 175 licenses.
[INFO] 
[INFO] --- build-helper-maven-plugin:3.2.0:parse-version (parse-version) @ commons-dbcp2 ---
[INFO] 
[INFO] --- maven-antrun-plugin:3.0.0:run (javadoc.resources) @ commons-dbcp2 ---
[INFO] Executing tasks
[INFO]      [copy] Copying 2 files to /home/gabsko/breaking-updates/target/apidocs/META-INF
[INFO] Executed tasks
[INFO] 
[INFO] --- maven-remote-resources-plugin:1.7.0:process (process-resource-bundles) @ commons-dbcp2 ---
[INFO] Skipping remote resources execution.
[INFO] 
[INFO] --- buildnumber-maven-plugin:3.0.0:create (default) @ commons-dbcp2 ---
[INFO] Executing: /bin/sh -c cd '/home/gabsko/breaking-updates' && 'git' 'rev-parse' '--verify' 'HEAD'
[INFO] Working directory: /home/gabsko/breaking-updates
[INFO] Storing buildNumber: null at timestamp: 1674573807644
[INFO] Storing buildScmBranch: branch-apache/commons-dbcp-3b53ed947591bb65b767897d30c860cea635563e
[INFO] 
[INFO] --- maven-resources-plugin:3.2.0:resources (default-resources) @ commons-dbcp2 ---
[INFO] Using 'UTF-8' encoding to copy filtered resources.
[INFO] Using 'UTF-8' encoding to copy filtered properties files.
[INFO] Copying 1 resource
[INFO] Copying 2 resources to META-INF
[INFO] 
[INFO] --- maven-compiler-plugin:3.10.1:compile (default-compile) @ commons-dbcp2 ---
[INFO] Changes detected - recompiling the module!
[INFO] Compiling 67 source files to /home/gabsko/breaking-updates/target/classes
[INFO] /home/gabsko/breaking-updates/src/main/java/org/apache/commons/dbcp2/cpdsadapter/PooledConnectionImpl.java: Some input files use or override a deprecated API.
[INFO] /home/gabsko/breaking-updates/src/main/java/org/apache/commons/dbcp2/cpdsadapter/PooledConnectionImpl.java: Recompile with -Xlint:deprecation for details.
[INFO] 
[INFO] --- maven-bundle-plugin:5.1.4:manifest (bundle-manifest) @ commons-dbcp2 ---
[INFO] Writing manifest: /home/gabsko/breaking-updates/target/osgi/MANIFEST.MF
[INFO] 
[INFO] --- maven-resources-plugin:3.2.0:testResources (default-testResources) @ commons-dbcp2 ---
[INFO] Using 'UTF-8' encoding to copy filtered resources.
[INFO] Using 'UTF-8' encoding to copy filtered properties files.
[INFO] skip non existing resourceDirectory /home/gabsko/breaking-updates/src/test/resources
[INFO] Copying 2 resources to META-INF
[INFO] 
[INFO] --- maven-compiler-plugin:3.10.1:testCompile (default-testCompile) @ commons-dbcp2 ---
[INFO] Changes detected - recompiling the module!
[INFO] Compiling 67 source files to /home/gabsko/breaking-updates/target/test-classes
[WARNING] /home/gabsko/breaking-updates/src/test/java/org/apache/commons/dbcp2/TestPoolableConnection.java:[37,31] com.sun.jmx.mbeanserver.Introspector is internal proprietary API and may be removed in a future release
[WARNING] /home/gabsko/breaking-updates/src/test/java/org/apache/commons/dbcp2/TestBasicDataSourceMXBean.java:[29,31] com.sun.jmx.mbeanserver.Introspector is internal proprietary API and may be removed in a future release
[WARNING] /home/gabsko/breaking-updates/src/test/java/org/apache/commons/dbcp2/TestPoolableConnection.java:[220,11] com.sun.jmx.mbeanserver.Introspector is internal proprietary API and may be removed in a future release
[WARNING] /home/gabsko/breaking-updates/src/test/java/org/apache/commons/dbcp2/TestBasicDataSourceMXBean.java:[260,11] com.sun.jmx.mbeanserver.Introspector is internal proprietary API and may be removed in a future release
[INFO] /home/gabsko/breaking-updates/src/test/java/org/apache/commons/dbcp2/TestBasicDataSource.java: Some input files use or override a deprecated API.
[INFO] /home/gabsko/breaking-updates/src/test/java/org/apache/commons/dbcp2/TestBasicDataSource.java: Recompile with -Xlint:deprecation for details.
[INFO] /home/gabsko/breaking-updates/src/test/java/org/apache/commons/dbcp2/managed/TestTransactionContext.java: /home/gabsko/breaking-updates/src/test/java/org/apache/commons/dbcp2/managed/TestTransactionContext.java uses unchecked or unsafe operations.
[INFO] /home/gabsko/breaking-updates/src/test/java/org/apache/commons/dbcp2/managed/TestTransactionContext.java: Recompile with -Xlint:unchecked for details.
[INFO] 
[INFO] --- animal-sniffer-maven-plugin:1.21:check (checkAPIcompatibility) @ commons-dbcp2 ---
[INFO] Checking unresolved references to org.codehaus.mojo.signature:java18:1.0
[INFO] 
[INFO] --- jacoco-maven-plugin:0.8.8:prepare-agent (prepare-agent) @ commons-dbcp2 ---
[INFO] argLine set to -javaagent:/home/gabsko/.m2/repository/org/jacoco/org.jacoco.agent/0.8.8/org.jacoco.agent-0.8.8-runtime.jar=destfile=/home/gabsko/breaking-updates/target/jacoco.exec
[INFO] 
[INFO] --- maven-surefire-plugin:3.0.0-M7:test (default-test) @ commons-dbcp2 ---
[INFO] Using auto detected provider org.apache.maven.surefire.junitplatform.JUnitPlatformProvider
[INFO] 
[INFO] -------------------------------------------------------
[INFO]  T E S T S
[INFO] -------------------------------------------------------
[INFO] Running org.apache.commons.dbcp2.TestConstants
[INFO] Tests run: 1, Failures: 0, Errors: 0, Skipped: 0, Time elapsed: 0.043 s - in org.apache.commons.dbcp2.TestConstants
[INFO] Running org.apache.commons.dbcp2.datasources.TestPerUserPoolDataSource
[INFO] Tests run: 144, Failures: 0, Errors: 0, Skipped: 0, Time elapsed: 4.427 s - in org.apache.commons.dbcp2.datasources.TestPerUserPoolDataSource
[INFO] Running org.apache.commons.dbcp2.datasources.TestKeyedCPDSConnectionFactory
[INFO] Tests run: 3, Failures: 0, Errors: 0, Skipped: 0, Time elapsed: 0.016 s - in org.apache.commons.dbcp2.datasources.TestKeyedCPDSConnectionFactory
[INFO] Running org.apache.commons.dbcp2.datasources.TestFactory
[INFO] Tests run: 1, Failures: 0, Errors: 0, Skipped: 0, Time elapsed: 0.021 s - in org.apache.commons.dbcp2.datasources.TestFactory
[INFO] Running org.apache.commons.dbcp2.datasources.CharArrayTest
[INFO] Tests run: 5, Failures: 0, Errors: 0, Skipped: 0, Time elapsed: 0.004 s - in org.apache.commons.dbcp2.datasources.CharArrayTest
[INFO] Running org.apache.commons.dbcp2.datasources.TestCPDSConnectionFactory
[INFO] Tests run: 6, Failures: 0, Errors: 0, Skipped: 0, Time elapsed: 0.006 s - in org.apache.commons.dbcp2.datasources.TestCPDSConnectionFactory
[INFO] Running org.apache.commons.dbcp2.datasources.TestPoolKey
[INFO] Tests run: 3, Failures: 0, Errors: 0, Skipped: 0, Time elapsed: 0.002 s - in org.apache.commons.dbcp2.datasources.TestPoolKey
[INFO] Running org.apache.commons.dbcp2.datasources.TestUserPassKey
[INFO] Tests run: 5, Failures: 0, Errors: 0, Skipped: 0, Time elapsed: 0.008 s - in org.apache.commons.dbcp2.datasources.TestUserPassKey
[INFO] Running org.apache.commons.dbcp2.datasources.TestInstanceKeyDataSource
[INFO] Tests run: 33, Failures: 0, Errors: 0, Skipped: 0, Time elapsed: 0.031 s - in org.apache.commons.dbcp2.datasources.TestInstanceKeyDataSource
[INFO] Running org.apache.commons.dbcp2.datasources.TestSharedPoolDataSource
[INFO] Tests run: 36, Failures: 0, Errors: 0, Skipped: 0, Time elapsed: 7.775 s - in org.apache.commons.dbcp2.datasources.TestSharedPoolDataSource
[INFO] Running org.apache.commons.dbcp2.TestDelegatingConnection
[INFO] Tests run: 11, Failures: 0, Errors: 0, Skipped: 0, Time elapsed: 0.009 s - in org.apache.commons.dbcp2.TestDelegatingConnection
[INFO] Running org.apache.commons.dbcp2.TestLifetimeExceededException
[INFO] Tests run: 2, Failures: 0, Errors: 0, Skipped: 0, Time elapsed: 0.001 s - in org.apache.commons.dbcp2.TestLifetimeExceededException
[INFO] Running org.apache.commons.dbcp2.TestDelegatingResultSet
[WARNING] Tests run: 196, Failures: 0, Errors: 0, Skipped: 4, Time elapsed: 0.643 s - in org.apache.commons.dbcp2.TestDelegatingResultSet
[INFO] Running org.apache.commons.dbcp2.TestBasicDataSource
[WARNING] Tests run: 68, Failures: 0, Errors: 0, Skipped: 1, Time elapsed: 15.864 s - in org.apache.commons.dbcp2.TestBasicDataSource
[INFO] Running org.apache.commons.dbcp2.TestPStmtKey
[INFO] Tests run: 10, Failures: 0, Errors: 0, Skipped: 0, Time elapsed: 0.012 s - in org.apache.commons.dbcp2.TestPStmtKey
[INFO] Running org.apache.commons.dbcp2.TestParallelCreationWithNoIdle
[INFO] Tests run: 1, Failures: 0, Errors: 0, Skipped: 0, Time elapsed: 2.118 s - in org.apache.commons.dbcp2.TestParallelCreationWithNoIdle
[INFO] Running org.apache.commons.dbcp2.TestListException
[INFO] Tests run: 2, Failures: 0, Errors: 0, Skipped: 0, Time elapsed: 0.001 s - in org.apache.commons.dbcp2.TestListException
[INFO] Running org.apache.commons.dbcp2.TestPStmtPooling
[INFO] Tests run: 5, Failures: 0, Errors: 0, Skipped: 0, Time elapsed: 0.009 s - in org.apache.commons.dbcp2.TestPStmtPooling
[INFO] Running org.apache.commons.dbcp2.TestAbandonedBasicDataSource
[WARNING] Tests run: 78, Failures: 0, Errors: 0, Skipped: 1, Time elapsed: 16.465 s - in org.apache.commons.dbcp2.TestAbandonedBasicDataSource
[INFO] Running org.apache.commons.dbcp2.TestDelegatingPreparedStatement
[INFO] Tests run: 61, Failures: 0, Errors: 0, Skipped: 0, Time elapsed: 0.102 s - in org.apache.commons.dbcp2.TestDelegatingPreparedStatement
[INFO] Running org.apache.commons.dbcp2.TestPoolingDriver
[INFO] Tests run: 29, Failures: 0, Errors: 0, Skipped: 0, Time elapsed: 2.933 s - in org.apache.commons.dbcp2.TestPoolingDriver
[INFO] Running org.apache.commons.dbcp2.TestSQLExceptionList
[INFO] Tests run: 2, Failures: 0, Errors: 0, Skipped: 0, Time elapsed: 0.002 s - in org.apache.commons.dbcp2.TestSQLExceptionList
[INFO] Running org.apache.commons.dbcp2.TestDataSourceConnectionFactory
[INFO] Tests run: 4, Failures: 0, Errors: 0, Skipped: 0, Time elapsed: 0.002 s - in org.apache.commons.dbcp2.TestDataSourceConnectionFactory
[INFO] Running org.apache.commons.dbcp2.TestBasicDataSourceFactory
[INFO] Tests run: 4, Failures: 0, Errors: 0, Skipped: 0, Time elapsed: 0.017 s - in org.apache.commons.dbcp2.TestBasicDataSourceFactory
[INFO] Running org.apache.commons.dbcp2.TestPStmtPoolingBasicDataSource
[WARNING] Tests run: 75, Failures: 0, Errors: 0, Skipped: 1, Time elapsed: 16.309 s - in org.apache.commons.dbcp2.TestPStmtPoolingBasicDataSource
[INFO] Running org.apache.commons.dbcp2.managed.TestManagedConnectionCachedState
[INFO] Tests run: 1, Failures: 0, Errors: 0, Skipped: 0, Time elapsed: 0.021 s - in org.apache.commons.dbcp2.managed.TestManagedConnectionCachedState
[INFO] Running org.apache.commons.dbcp2.managed.TestTransactionContext
[INFO] Tests run: 1, Failures: 0, Errors: 0, Skipped: 0, Time elapsed: 0.027 s - in org.apache.commons.dbcp2.managed.TestTransactionContext
[INFO] Running org.apache.commons.dbcp2.managed.TestManagedDataSourceInTx
[INFO] Tests run: 43, Failures: 0, Errors: 0, Skipped: 0, Time elapsed: 2.895 s - in org.apache.commons.dbcp2.managed.TestManagedDataSourceInTx
[INFO] Running org.apache.commons.dbcp2.managed.TestDataSourceXAConnectionFactory
[WARNING] Tests run: 69, Failures: 0, Errors: 0, Skipped: 1, Time elapsed: 5.802 s - in org.apache.commons.dbcp2.managed.TestDataSourceXAConnectionFactory
[INFO] Running org.apache.commons.dbcp2.managed.TestSynchronizationOrder
[INFO] Tests run: 2, Failures: 0, Errors: 0, Skipped: 0, Time elapsed: 0.006 s - in org.apache.commons.dbcp2.managed.TestSynchronizationOrder
[INFO] Running org.apache.commons.dbcp2.managed.TestManagedConnection
[INFO] Tests run: 1, Failures: 0, Errors: 0, Skipped: 0, Time elapsed: 0.014 s - in org.apache.commons.dbcp2.managed.TestManagedConnection
[INFO] Running org.apache.commons.dbcp2.managed.TestManagedDataSource
[INFO] Tests run: 37, Failures: 0, Errors: 0, Skipped: 0, Time elapsed: 2.852 s - in org.apache.commons.dbcp2.managed.TestManagedDataSource
[INFO] Running org.apache.commons.dbcp2.managed.TestConnectionWithNarayana
15:24:53,996 INFO  [arjuna] ARJUNA012170: TransactionStatusManager started on port 38275 and host 127.0.0.1 with service com.arjuna.ats.arjuna.recovery.ActionStatusService
15:24:55,002 WARN  [arjuna] ARJUNA012117: TransactionReaper::check processing TX 0:ffff7f000101:9e41:63cff845:0 in state  RUN
15:24:55,004 WARN  [arjuna] ARJUNA012095: Abort of action id 0:ffff7f000101:9e41:63cff845:0 invoked while multiple threads active within it.
15:24:55,005 WARN  [arjuna] ARJUNA012381: Action id 0:ffff7f000101:9e41:63cff845:0 completed with multiple threads - thread main was in progress with java.base@11.0.17/jdk.internal.misc.VM.getNanoTimeAdjustment(Native Method)
java.base@11.0.17/java.time.Clock$SystemClock.instant(Clock.java:529)
java.base@11.0.17/java.time.Instant.now(Instant.java:273)
app//org.apache.commons.dbcp2.AbandonedTrace.setLastUsed(AbandonedTrace.java:199)
app//org.apache.commons.dbcp2.AbandonedTrace.addTrace(AbandonedTrace.java:73)
app//org.apache.commons.dbcp2.AbandonedTrace.init(AbandonedTrace.java:156)
app//org.apache.commons.dbcp2.AbandonedTrace.<init>(AbandonedTrace.java:60)
app//org.apache.commons.dbcp2.DelegatingResultSet.<init>(DelegatingResultSet.java:129)
app//org.apache.commons.dbcp2.DelegatingResultSet.wrapResultSet(DelegatingResultSet.java:86)
app//org.apache.commons.dbcp2.DelegatingPreparedStatement.executeQuery(DelegatingPreparedStatement.java:123)
app//org.apache.commons.dbcp2.managed.TestConnectionWithNarayana.testConnectionInTimeout(TestConnectionWithNarayana.java:153)
java.base@11.0.17/jdk.internal.reflect.NativeMethodAccessorImpl.invoke0(Native Method)
java.base@11.0.17/jdk.internal.reflect.NativeMethodAccessorImpl.invoke(NativeMethodAccessorImpl.java:62)
java.base@11.0.17/jdk.internal.reflect.DelegatingMethodAccessorImpl.invoke(DelegatingMethodAccessorImpl.java:43)
java.base@11.0.17/java.lang.reflect.Method.invoke(Method.java:566)
app//org.junit.platform.commons.util.ReflectionUtils.invokeMethod(ReflectionUtils.java:727)
app//org.junit.jupiter.engine.execution.MethodInvocation.proceed(MethodInvocation.java:60)
app//org.junit.jupiter.engine.execution.InvocationInterceptorChain$ValidatingInvocation.proceed(InvocationInterceptorChain.java:131)
app//org.junit.jupiter.engine.extension.TimeoutExtension.intercept(TimeoutExtension.java:156)
app//org.junit.jupiter.engine.extension.TimeoutExtension.interceptTestableMethod(TimeoutExtension.java:147)
app//org.junit.jupiter.engine.extension.TimeoutExtension.interceptTestMethod(TimeoutExtension.java:86)
app//org.junit.jupiter.engine.descriptor.TestMethodTestDescriptor$$Lambda$179/0x00000008400c6440.apply(Unknown Source)
app//org.junit.jupiter.engine.execution.InterceptingExecutableInvoker$ReflectiveInterceptorCall.lambda$ofVoidMethod$0(InterceptingExecutableInvoker.java:103)
app//org.junit.jupiter.engine.execution.InterceptingExecutableInvoker$ReflectiveInterceptorCall$$Lambda$180/0x00000008400c6840.apply(Unknown Source)
app//org.junit.jupiter.engine.execution.InterceptingExecutableInvoker.lambda$invoke$0(InterceptingExecutableInvoker.java:93)
app//org.junit.jupiter.engine.execution.InterceptingExecutableInvoker$$Lambda$347/0x000000084012ec40.apply(Unknown Source)
app//org.junit.jupiter.engine.execution.InvocationInterceptorChain$InterceptedInvocation.proceed(InvocationInterceptorChain.java:106)
app//org.junit.jupiter.engine.execution.InvocationInterceptorChain.proceed(InvocationInterceptorChain.java:64)
app//org.junit.jupiter.engine.execution.InvocationInterceptorChain.chainAndInvoke(InvocationInterceptorChain.java:45)
app//org.junit.jupiter.engine.execution.InvocationInterceptorChain.invoke(InvocationInterceptorChain.java:37)
app//org.junit.jupiter.engine.execution.InterceptingExecutableInvoker.invoke(InterceptingExecutableInvoker.java:92)
app//org.junit.jupiter.engine.execution.InterceptingExecutableInvoker.invoke(InterceptingExecutableInvoker.java:86)
app//org.junit.jupiter.engine.descriptor.TestMethodTestDescriptor.lambda$invokeTestMethod$7(TestMethodTestDescriptor.java:217)
app//org.junit.jupiter.engine.descriptor.TestMethodTestDescriptor$$Lambda$371/0x0000000840134c40.execute(Unknown Source)
app//org.junit.platform.engine.support.hierarchical.ThrowableCollector.execute(ThrowableCollector.java:73)
app//org.junit.jupiter.engine.descriptor.TestMethodTestDescriptor.invokeTestMethod(TestMethodTestDescriptor.java:213)
app//org.junit.jupiter.engine.descriptor.TestMethodTestDescriptor.execute(TestMethodTestDescriptor.java:138)
app//org.junit.jupiter.engine.descriptor.TestMethodTestDescriptor.execute(TestMethodTestDescriptor.java:68)
app//org.junit.platform.engine.support.hierarchical.NodeTestTask.lambda$executeRecursively$6(NodeTestTask.java:151)
app//org.junit.platform.engine.support.hierarchical.NodeTestTask$$Lambda$285/0x0000000840116440.execute(Unknown Source)
app//org.junit.platform.engine.support.hierarchical.ThrowableCollector.execute(ThrowableCollector.java:73)
app//org.junit.platform.engine.support.hierarchical.NodeTestTask.lambda$executeRecursively$8(NodeTestTask.java:141)
app//org.junit.platform.engine.support.hierarchical.NodeTestTask$$Lambda$284/0x0000000840116040.invoke(Unknown Source)
app//org.junit.platform.engine.support.hierarchical.Node.around(Node.java:137)
app//org.junit.platform.engine.support.hierarchical.NodeTestTask.lambda$executeRecursively$9(NodeTestTask.java:139)
app//org.junit.platform.engine.support.hierarchical.NodeTestTask$$Lambda$283/0x0000000840115c40.execute(Unknown Source)
app//org.junit.platform.engine.support.hierarchical.ThrowableCollector.execute(ThrowableCollector.java:73)
app//org.junit.platform.engine.support.hierarchical.NodeTestTask.executeRecursively(NodeTestTask.java:138)
app//org.junit.platform.engine.support.hierarchical.NodeTestTask.execute(NodeTestTask.java:95)
app//org.junit.platform.engine.support.hierarchical.SameThreadHierarchicalTestExecutorService$$Lambda$289/0x0000000840117440.accept(Unknown Source)
java.base@11.0.17/java.util.ArrayList.forEach(ArrayList.java:1541)
app//org.junit.platform.engine.support.hierarchical.SameThreadHierarchicalTestExecutorService.invokeAll(SameThreadHierarchicalTestExecutorService.java:41)
app//org.junit.platform.engine.support.hierarchical.NodeTestTask.lambda$executeRecursively$6(NodeTestTask.java:155)
app//org.junit.platform.engine.support.hierarchical.NodeTestTask$$Lambda$285/0x0000000840116440.execute(Unknown Source)
app//org.junit.platform.engine.support.hierarchical.ThrowableCollector.execute(ThrowableCollector.java:73)
app//org.junit.platform.engine.support.hierarchical.NodeTestTask.lambda$executeRecursively$8(NodeTestTask.java:141)
app//org.junit.platform.engine.support.hierarchical.NodeTestTask$$Lambda$284/0x0000000840116040.invoke(Unknown Source)
app//org.junit.platform.engine.support.hierarchical.Node.around(Node.java:137)
app//org.junit.platform.engine.support.hierarchical.NodeTestTask.lambda$executeRecursively$9(NodeTestTask.java:139)
app//org.junit.platform.engine.support.hierarchical.NodeTestTask$$Lambda$283/0x0000000840115c40.execute(Unknown Source)
app//org.junit.platform.engine.support.hierarchical.ThrowableCollector.execute(ThrowableCollector.java:73)
app//org.junit.platform.engine.support.hierarchical.NodeTestTask.executeRecursively(NodeTestTask.java:138)
app//org.junit.platform.engine.support.hierarchical.NodeTestTask.execute(NodeTestTask.java:95)
app//org.junit.platform.engine.support.hierarchical.SameThreadHierarchicalTestExecutorService$$Lambda$289/0x0000000840117440.accept(Unknown Source)
java.base@11.0.17/java.util.ArrayList.forEach(ArrayList.java:1541)
app//org.junit.platform.engine.support.hierarchical.SameThreadHierarchicalTestExecutorService.invokeAll(SameThreadHierarchicalTestExecutorService.java:41)
app//org.junit.platform.engine.support.hierarchical.NodeTestTask.lambda$executeRecursively$6(NodeTestTask.java:155)
app//org.junit.platform.engine.support.hierarchical.NodeTestTask$$Lambda$285/0x0000000840116440.execute(Unknown Source)
app//org.junit.platform.engine.support.hierarchical.ThrowableCollector.execute(ThrowableCollector.java:73)
app//org.junit.platform.engine.support.hierarchical.NodeTestTask.lambda$executeRecursively$8(NodeTestTask.java:141)
app//org.junit.platform.engine.support.hierarchical.NodeTestTask$$Lambda$284/0x0000000840116040.invoke(Unknown Source)
app//org.junit.platform.engine.support.hierarchical.Node.around(Node.java:137)
app//org.junit.platform.engine.support.hierarchical.NodeTestTask.lambda$executeRecursively$9(NodeTestTask.java:139)
app//org.junit.platform.engine.support.hierarchical.NodeTestTask$$Lambda$283/0x0000000840115c40.execute(Unknown Source)
app//org.junit.platform.engine.support.hierarchical.ThrowableCollector.execute(ThrowableCollector.java:73)
app//org.junit.platform.engine.support.hierarchical.NodeTestTask.executeRecursively(NodeTestTask.java:138)
app//org.junit.platform.engine.support.hierarchical.NodeTestTask.execute(NodeTestTask.java:95)
app//org.junit.platform.engine.support.hierarchical.SameThreadHierarchicalTestExecutorService.submit(SameThreadHierarchicalTestExecutorService.java:35)
app//org.junit.platform.engine.support.hierarchical.HierarchicalTestExecutor.execute(HierarchicalTestExecutor.java:57)
app//org.junit.platform.engine.support.hierarchical.HierarchicalTestEngine.execute(HierarchicalTestEngine.java:54)
app//org.junit.platform.launcher.core.EngineExecutionOrchestrator.execute(EngineExecutionOrchestrator.java:147)
app//org.junit.platform.launcher.core.EngineExecutionOrchestrator.execute(EngineExecutionOrchestrator.java:127)
app//org.junit.platform.launcher.core.EngineExecutionOrchestrator.execute(EngineExecutionOrchestrator.java:90)
app//org.junit.platform.launcher.core.EngineExecutionOrchestrator.lambda$execute$0(EngineExecutionOrchestrator.java:55)
app//org.junit.platform.launcher.core.EngineExecutionOrchestrator$$Lambda$233/0x00000008400de840.accept(Unknown Source)
app//org.junit.platform.launcher.core.EngineExecutionOrchestrator.withInterceptedStreams(EngineExecutionOrchestrator.java:102)
app//org.junit.platform.launcher.core.EngineExecutionOrchestrator.execute(EngineExecutionOrchestrator.java:54)
app//org.junit.platform.launcher.core.DefaultLauncher.execute(DefaultLauncher.java:114)
app//org.junit.platform.launcher.core.DefaultLauncher.execute(DefaultLauncher.java:86)
app//org.junit.platform.launcher.core.DefaultLauncherSession$DelegatingLauncher.execute(DefaultLauncherSession.java:86)
app//org.apache.maven.surefire.junitplatform.LazyLauncher.execute(LazyLauncher.java:55)
app//org.apache.maven.surefire.junitplatform.JUnitPlatformProvider.execute(JUnitPlatformProvider.java:223)
app//org.apache.maven.surefire.junitplatform.JUnitPlatformProvider.invokeAllTests(JUnitPlatformProvider.java:175)
app//org.apache.maven.surefire.junitplatform.JUnitPlatformProvider.invoke(JUnitPlatformProvider.java:139)
app//org.apache.maven.surefire.booter.ForkedBooter.runSuitesInProcess(ForkedBooter.java:456)
app//org.apache.maven.surefire.booter.ForkedBooter.execute(ForkedBooter.java:169)
app//org.apache.maven.surefire.booter.ForkedBooter.run(ForkedBooter.java:595)
app//org.apache.maven.surefire.booter.ForkedBooter.main(ForkedBooter.java:581)

15:24:55,005 WARN  [arjuna] ARJUNA012108: CheckedAction::check - atomic action 0:ffff7f000101:9e41:63cff845:0 aborting with 1 threads active!
15:24:55,007 WARN  [arjuna] ARJUNA012077: Abort called on already aborted atomic action 0:ffff7f000101:9e41:63cff845:0
15:24:55,109 WARN  [arjuna] ARJUNA012121: TransactionReaper::doCancellations worker Thread[Transaction Reaper Worker 0,5,main] successfully canceled TX 0:ffff7f000101:9e41:63cff845:0
15:24:56,109 WARN  [arjuna] ARJUNA012117: TransactionReaper::check processing TX 0:ffff7f000101:9e41:63cff845:2b31e in state  RUN
15:24:56,110 WARN  [arjuna] ARJUNA012095: Abort of action id 0:ffff7f000101:9e41:63cff845:2b31e invoked while multiple threads active within it.
15:24:56,110 WARN  [arjuna] ARJUNA012381: Action id 0:ffff7f000101:9e41:63cff845:2b31e completed with multiple threads - thread main was in progress with java.base@11.0.17/java.util.TreeMap.put(TreeMap.java:566)
java.base@11.0.17/java.util.TreeSet.add(TreeSet.java:255)
app//com.arjuna.ats.arjuna.coordinator.TwoPhaseCoordinator.addSynchronization(TwoPhaseCoordinator.java:179)
app//com.arjuna.ats.internal.jta.transaction.arjunacore.TransactionImple.registerSynchronizationImple(TransactionImple.java:387)
app//com.arjuna.ats.internal.jta.transaction.arjunacore.TransactionImple.registerSynchronization(TransactionImple.java:376)
app//org.apache.commons.dbcp2.managed.TransactionContext.addTransactionContextListener(TransactionContext.java:103)
app//org.apache.commons.dbcp2.managed.ManagedConnection.updateTransactionStatus(ManagedConnection.java:279)
app//org.apache.commons.dbcp2.managed.ManagedConnection.<init>(ManagedConnection.java:88)
app//org.apache.commons.dbcp2.managed.ManagedDataSource.getConnection(ManagedDataSource.java:63)
app//org.apache.commons.dbcp2.BasicDataSource.getConnection(BasicDataSource.java:711)
app//org.apache.commons.dbcp2.managed.TestConnectionWithNarayana.testConnectionInTimeout(TestConnectionWithNarayana.java:153)
java.base@11.0.17/jdk.internal.reflect.NativeMethodAccessorImpl.invoke0(Native Method)
java.base@11.0.17/jdk.internal.reflect.NativeMethodAccessorImpl.invoke(NativeMethodAccessorImpl.java:62)
java.base@11.0.17/jdk.internal.reflect.DelegatingMethodAccessorImpl.invoke(DelegatingMethodAccessorImpl.java:43)
java.base@11.0.17/java.lang.reflect.Method.invoke(Method.java:566)
app//org.junit.platform.commons.util.ReflectionUtils.invokeMethod(ReflectionUtils.java:727)
app//org.junit.jupiter.engine.execution.MethodInvocation.proceed(MethodInvocation.java:60)
app//org.junit.jupiter.engine.execution.InvocationInterceptorChain$ValidatingInvocation.proceed(InvocationInterceptorChain.java:131)
app//org.junit.jupiter.engine.extension.TimeoutExtension.intercept(TimeoutExtension.java:156)
app//org.junit.jupiter.engine.extension.TimeoutExtension.interceptTestableMethod(TimeoutExtension.java:147)
app//org.junit.jupiter.engine.extension.TimeoutExtension.interceptTestMethod(TimeoutExtension.java:86)
app//org.junit.jupiter.engine.descriptor.TestMethodTestDescriptor$$Lambda$179/0x00000008400c6440.apply(Unknown Source)
app//org.junit.jupiter.engine.execution.InterceptingExecutableInvoker$ReflectiveInterceptorCall.lambda$ofVoidMethod$0(InterceptingExecutableInvoker.java:103)
app//org.junit.jupiter.engine.execution.InterceptingExecutableInvoker$ReflectiveInterceptorCall$$Lambda$180/0x00000008400c6840.apply(Unknown Source)
app//org.junit.jupiter.engine.execution.InterceptingExecutableInvoker.lambda$invoke$0(InterceptingExecutableInvoker.java:93)
app//org.junit.jupiter.engine.execution.InterceptingExecutableInvoker$$Lambda$347/0x000000084012ec40.apply(Unknown Source)
app//org.junit.jupiter.engine.execution.InvocationInterceptorChain$InterceptedInvocation.proceed(InvocationInterceptorChain.java:106)
app//org.junit.jupiter.engine.execution.InvocationInterceptorChain.proceed(InvocationInterceptorChain.java:64)
app//org.junit.jupiter.engine.execution.InvocationInterceptorChain.chainAndInvoke(InvocationInterceptorChain.java:45)
app//org.junit.jupiter.engine.execution.InvocationInterceptorChain.invoke(InvocationInterceptorChain.java:37)
app//org.junit.jupiter.engine.execution.InterceptingExecutableInvoker.invoke(InterceptingExecutableInvoker.java:92)
app//org.junit.jupiter.engine.execution.InterceptingExecutableInvoker.invoke(InterceptingExecutableInvoker.java:86)
app//org.junit.jupiter.engine.descriptor.TestMethodTestDescriptor.lambda$invokeTestMethod$7(TestMethodTestDescriptor.java:217)
app//org.junit.jupiter.engine.descriptor.TestMethodTestDescriptor$$Lambda$371/0x0000000840134c40.execute(Unknown Source)
app//org.junit.platform.engine.support.hierarchical.ThrowableCollector.execute(ThrowableCollector.java:73)
app//org.junit.jupiter.engine.descriptor.TestMethodTestDescriptor.invokeTestMethod(TestMethodTestDescriptor.java:213)
app//org.junit.jupiter.engine.descriptor.TestMethodTestDescriptor.execute(TestMethodTestDescriptor.java:138)
app//org.junit.jupiter.engine.descriptor.TestMethodTestDescriptor.execute(TestMethodTestDescriptor.java:68)
app//org.junit.platform.engine.support.hierarchical.NodeTestTask.lambda$executeRecursively$6(NodeTestTask.java:151)
app//org.junit.platform.engine.support.hierarchical.NodeTestTask$$Lambda$285/0x0000000840116440.execute(Unknown Source)
app//org.junit.platform.engine.support.hierarchical.ThrowableCollector.execute(ThrowableCollector.java:73)
app//org.junit.platform.engine.support.hierarchical.NodeTestTask.lambda$executeRecursively$8(NodeTestTask.java:141)
app//org.junit.platform.engine.support.hierarchical.NodeTestTask$$Lambda$284/0x0000000840116040.invoke(Unknown Source)
app//org.junit.platform.engine.support.hierarchical.Node.around(Node.java:137)
app//org.junit.platform.engine.support.hierarchical.NodeTestTask.lambda$executeRecursively$9(NodeTestTask.java:139)
app//org.junit.platform.engine.support.hierarchical.NodeTestTask$$Lambda$283/0x0000000840115c40.execute(Unknown Source)
app//org.junit.platform.engine.support.hierarchical.ThrowableCollector.execute(ThrowableCollector.java:73)
app//org.junit.platform.engine.support.hierarchical.NodeTestTask.executeRecursively(NodeTestTask.java:138)
app//org.junit.platform.engine.support.hierarchical.NodeTestTask.execute(NodeTestTask.java:95)
app//org.junit.platform.engine.support.hierarchical.SameThreadHierarchicalTestExecutorService$$Lambda$289/0x0000000840117440.accept(Unknown Source)
java.base@11.0.17/java.util.ArrayList.forEach(ArrayList.java:1541)
app//org.junit.platform.engine.support.hierarchical.SameThreadHierarchicalTestExecutorService.invokeAll(SameThreadHierarchicalTestExecutorService.java:41)
app//org.junit.platform.engine.support.hierarchical.NodeTestTask.lambda$executeRecursively$6(NodeTestTask.java:155)
app//org.junit.platform.engine.support.hierarchical.NodeTestTask$$Lambda$285/0x0000000840116440.execute(Unknown Source)
app//org.junit.platform.engine.support.hierarchical.ThrowableCollector.execute(ThrowableCollector.java:73)
app//org.junit.platform.engine.support.hierarchical.NodeTestTask.lambda$executeRecursively$8(NodeTestTask.java:141)
app//org.junit.platform.engine.support.hierarchical.NodeTestTask$$Lambda$284/0x0000000840116040.invoke(Unknown Source)
app//org.junit.platform.engine.support.hierarchical.Node.around(Node.java:137)
app//org.junit.platform.engine.support.hierarchical.NodeTestTask.lambda$executeRecursively$9(NodeTestTask.java:139)
app//org.junit.platform.engine.support.hierarchical.NodeTestTask$$Lambda$283/0x0000000840115c40.execute(Unknown Source)
app//org.junit.platform.engine.support.hierarchical.ThrowableCollector.execute(ThrowableCollector.java:73)
app//org.junit.platform.engine.support.hierarchical.NodeTestTask.executeRecursively(NodeTestTask.java:138)
app//org.junit.platform.engine.support.hierarchical.NodeTestTask.execute(NodeTestTask.java:95)
app//org.junit.platform.engine.support.hierarchical.SameThreadHierarchicalTestExecutorService$$Lambda$289/0x0000000840117440.accept(Unknown Source)
java.base@11.0.17/java.util.ArrayList.forEach(ArrayList.java:1541)
app//org.junit.platform.engine.support.hierarchical.SameThreadHierarchicalTestExecutorService.invokeAll(SameThreadHierarchicalTestExecutorService.java:41)
app//org.junit.platform.engine.support.hierarchical.NodeTestTask.lambda$executeRecursively$6(NodeTestTask.java:155)
app//org.junit.platform.engine.support.hierarchical.NodeTestTask$$Lambda$285/0x0000000840116440.execute(Unknown Source)
app//org.junit.platform.engine.support.hierarchical.ThrowableCollector.execute(ThrowableCollector.java:73)
app//org.junit.platform.engine.support.hierarchical.NodeTestTask.lambda$executeRecursively$8(NodeTestTask.java:141)
app//org.junit.platform.engine.support.hierarchical.NodeTestTask$$Lambda$284/0x0000000840116040.invoke(Unknown Source)
app//org.junit.platform.engine.support.hierarchical.Node.around(Node.java:137)
app//org.junit.platform.engine.support.hierarchical.NodeTestTask.lambda$executeRecursively$9(NodeTestTask.java:139)
app//org.junit.platform.engine.support.hierarchical.NodeTestTask$$Lambda$283/0x0000000840115c40.execute(Unknown Source)
app//org.junit.platform.engine.support.hierarchical.ThrowableCollector.execute(ThrowableCollector.java:73)
app//org.junit.platform.engine.support.hierarchical.NodeTestTask.executeRecursively(NodeTestTask.java:138)
app//org.junit.platform.engine.support.hierarchical.NodeTestTask.execute(NodeTestTask.java:95)
app//org.junit.platform.engine.support.hierarchical.SameThreadHierarchicalTestExecutorService.submit(SameThreadHierarchicalTestExecutorService.java:35)
app//org.junit.platform.engine.support.hierarchical.HierarchicalTestExecutor.execute(HierarchicalTestExecutor.java:57)
app//org.junit.platform.engine.support.hierarchical.HierarchicalTestEngine.execute(HierarchicalTestEngine.java:54)
app//org.junit.platform.launcher.core.EngineExecutionOrchestrator.execute(EngineExecutionOrchestrator.java:147)
app//org.junit.platform.launcher.core.EngineExecutionOrchestrator.execute(EngineExecutionOrchestrator.java:127)
app//org.junit.platform.launcher.core.EngineExecutionOrchestrator.execute(EngineExecutionOrchestrator.java:90)
app//org.junit.platform.launcher.core.EngineExecutionOrchestrator.lambda$execute$0(EngineExecutionOrchestrator.java:55)
app//org.junit.platform.launcher.core.EngineExecutionOrchestrator$$Lambda$233/0x00000008400de840.accept(Unknown Source)
app//org.junit.platform.launcher.core.EngineExecutionOrchestrator.withInterceptedStreams(EngineExecutionOrchestrator.java:102)
app//org.junit.platform.launcher.core.EngineExecutionOrchestrator.execute(EngineExecutionOrchestrator.java:54)
app//org.junit.platform.launcher.core.DefaultLauncher.execute(DefaultLauncher.java:114)
app//org.junit.platform.launcher.core.DefaultLauncher.execute(DefaultLauncher.java:86)
app//org.junit.platform.launcher.core.DefaultLauncherSession$DelegatingLauncher.execute(DefaultLauncherSession.java:86)
app//org.apache.maven.surefire.junitplatform.LazyLauncher.execute(LazyLauncher.java:55)
app//org.apache.maven.surefire.junitplatform.JUnitPlatformProvider.execute(JUnitPlatformProvider.java:223)
app//org.apache.maven.surefire.junitplatform.JUnitPlatformProvider.invokeAllTests(JUnitPlatformProvider.java:175)
app//org.apache.maven.surefire.junitplatform.JUnitPlatformProvider.invoke(JUnitPlatformProvider.java:139)
app//org.apache.maven.surefire.booter.ForkedBooter.runSuitesInProcess(ForkedBooter.java:456)
app//org.apache.maven.surefire.booter.ForkedBooter.execute(ForkedBooter.java:169)
app//org.apache.maven.surefire.booter.ForkedBooter.run(ForkedBooter.java:595)
app//org.apache.maven.surefire.booter.ForkedBooter.main(ForkedBooter.java:581)

15:24:56,110 WARN  [arjuna] ARJUNA012108: CheckedAction::check - atomic action 0:ffff7f000101:9e41:63cff845:2b31e aborting with 1 threads active!
15:24:56,112 WARN  [arjuna] ARJUNA012077: Abort called on already aborted atomic action 0:ffff7f000101:9e41:63cff845:2b31e
15:24:56,173 WARN  [arjuna] ARJUNA012121: TransactionReaper::doCancellations worker Thread[Transaction Reaper Worker 0,5,main] successfully canceled TX 0:ffff7f000101:9e41:63cff845:2b31e
15:24:57,187 WARN  [arjuna] ARJUNA012117: TransactionReaper::check processing TX 0:ffff7f000101:9e41:63cff845:5b899 in state  RUN
15:24:57,188 WARN  [arjuna] ARJUNA012095: Abort of action id 0:ffff7f000101:9e41:63cff845:5b899 invoked while multiple threads active within it.
15:24:57,189 WARN  [arjuna] ARJUNA012381: Action id 0:ffff7f000101:9e41:63cff845:5b899 completed with multiple threads - thread main was in progress with java.base@11.0.17/jdk.internal.misc.VM.getNanoTimeAdjustment(Native Method)
java.base@11.0.17/java.time.Clock$SystemClock.instant(Clock.java:529)
java.base@11.0.17/java.time.Instant.now(Instant.java:273)
app//org.apache.commons.dbcp2.AbandonedTrace.setLastUsed(AbandonedTrace.java:199)
app//org.apache.commons.dbcp2.AbandonedTrace.addTrace(AbandonedTrace.java:73)
app//org.apache.commons.dbcp2.AbandonedTrace.init(AbandonedTrace.java:156)
app//org.apache.commons.dbcp2.AbandonedTrace.<init>(AbandonedTrace.java:60)
app//org.apache.commons.dbcp2.DelegatingResultSet.<init>(DelegatingResultSet.java:129)
app//org.apache.commons.dbcp2.DelegatingResultSet.wrapResultSet(DelegatingResultSet.java:86)
app//org.apache.commons.dbcp2.DelegatingPreparedStatement.executeQuery(DelegatingPreparedStatement.java:123)
app//org.apache.commons.dbcp2.DelegatingPreparedStatement.executeQuery(DelegatingPreparedStatement.java:123)
app//org.apache.commons.dbcp2.managed.TestConnectionWithNarayana.testConnectionInTimeout(TestConnectionWithNarayana.java:153)
java.base@11.0.17/jdk.internal.reflect.NativeMethodAccessorImpl.invoke0(Native Method)
java.base@11.0.17/jdk.internal.reflect.NativeMethodAccessorImpl.invoke(NativeMethodAccessorImpl.java:62)
java.base@11.0.17/jdk.internal.reflect.DelegatingMethodAccessorImpl.invoke(DelegatingMethodAccessorImpl.java:43)
java.base@11.0.17/java.lang.reflect.Method.invoke(Method.java:566)
app//org.junit.platform.commons.util.ReflectionUtils.invokeMethod(ReflectionUtils.java:727)
app//org.junit.jupiter.engine.execution.MethodInvocation.proceed(MethodInvocation.java:60)
app//org.junit.jupiter.engine.execution.InvocationInterceptorChain$ValidatingInvocation.proceed(InvocationInterceptorChain.java:131)
app//org.junit.jupiter.engine.extension.TimeoutExtension.intercept(TimeoutExtension.java:156)
app//org.junit.jupiter.engine.extension.TimeoutExtension.interceptTestableMethod(TimeoutExtension.java:147)
app//org.junit.jupiter.engine.extension.TimeoutExtension.interceptTestMethod(TimeoutExtension.java:86)
app//org.junit.jupiter.engine.descriptor.TestMethodTestDescriptor$$Lambda$179/0x00000008400c6440.apply(Unknown Source)
app//org.junit.jupiter.engine.execution.InterceptingExecutableInvoker$ReflectiveInterceptorCall.lambda$ofVoidMethod$0(InterceptingExecutableInvoker.java:103)
app//org.junit.jupiter.engine.execution.InterceptingExecutableInvoker$ReflectiveInterceptorCall$$Lambda$180/0x00000008400c6840.apply(Unknown Source)
app//org.junit.jupiter.engine.execution.InterceptingExecutableInvoker.lambda$invoke$0(InterceptingExecutableInvoker.java:93)
app//org.junit.jupiter.engine.execution.InterceptingExecutableInvoker$$Lambda$347/0x000000084012ec40.apply(Unknown Source)
app//org.junit.jupiter.engine.execution.InvocationInterceptorChain$InterceptedInvocation.proceed(InvocationInterceptorChain.java:106)
app//org.junit.jupiter.engine.execution.InvocationInterceptorChain.proceed(InvocationInterceptorChain.java:64)
app//org.junit.jupiter.engine.execution.InvocationInterceptorChain.chainAndInvoke(InvocationInterceptorChain.java:45)
app//org.junit.jupiter.engine.execution.InvocationInterceptorChain.invoke(InvocationInterceptorChain.java:37)
app//org.junit.jupiter.engine.execution.InterceptingExecutableInvoker.invoke(InterceptingExecutableInvoker.java:92)
app//org.junit.jupiter.engine.execution.InterceptingExecutableInvoker.invoke(InterceptingExecutableInvoker.java:86)
app//org.junit.jupiter.engine.descriptor.TestMethodTestDescriptor.lambda$invokeTestMethod$7(TestMethodTestDescriptor.java:217)
app//org.junit.jupiter.engine.descriptor.TestMethodTestDescriptor$$Lambda$371/0x0000000840134c40.execute(Unknown Source)
app//org.junit.platform.engine.support.hierarchical.ThrowableCollector.execute(ThrowableCollector.java:73)
app//org.junit.jupiter.engine.descriptor.TestMethodTestDescriptor.invokeTestMethod(TestMethodTestDescriptor.java:213)
app//org.junit.jupiter.engine.descriptor.TestMethodTestDescriptor.execute(TestMethodTestDescriptor.java:138)
app//org.junit.jupiter.engine.descriptor.TestMethodTestDescriptor.execute(TestMethodTestDescriptor.java:68)
app//org.junit.platform.engine.support.hierarchical.NodeTestTask.lambda$executeRecursively$6(NodeTestTask.java:151)
app//org.junit.platform.engine.support.hierarchical.NodeTestTask$$Lambda$285/0x0000000840116440.execute(Unknown Source)
app//org.junit.platform.engine.support.hierarchical.ThrowableCollector.execute(ThrowableCollector.java:73)
app//org.junit.platform.engine.support.hierarchical.NodeTestTask.lambda$executeRecursively$8(NodeTestTask.java:141)
app//org.junit.platform.engine.support.hierarchical.NodeTestTask$$Lambda$284/0x0000000840116040.invoke(Unknown Source)
app//org.junit.platform.engine.support.hierarchical.Node.around(Node.java:137)
app//org.junit.platform.engine.support.hierarchical.NodeTestTask.lambda$executeRecursively$9(NodeTestTask.java:139)
app//org.junit.platform.engine.support.hierarchical.NodeTestTask$$Lambda$283/0x0000000840115c40.execute(Unknown Source)
app//org.junit.platform.engine.support.hierarchical.ThrowableCollector.execute(ThrowableCollector.java:73)
app//org.junit.platform.engine.support.hierarchical.NodeTestTask.executeRecursively(NodeTestTask.java:138)
app//org.junit.platform.engine.support.hierarchical.NodeTestTask.execute(NodeTestTask.java:95)
app//org.junit.platform.engine.support.hierarchical.SameThreadHierarchicalTestExecutorService$$Lambda$289/0x0000000840117440.accept(Unknown Source)
java.base@11.0.17/java.util.ArrayList.forEach(ArrayList.java:1541)
app//org.junit.platform.engine.support.hierarchical.SameThreadHierarchicalTestExecutorService.invokeAll(SameThreadHierarchicalTestExecutorService.java:41)
app//org.junit.platform.engine.support.hierarchical.NodeTestTask.lambda$executeRecursively$6(NodeTestTask.java:155)
app//org.junit.platform.engine.support.hierarchical.NodeTestTask$$Lambda$285/0x0000000840116440.execute(Unknown Source)
app//org.junit.platform.engine.support.hierarchical.ThrowableCollector.execute(ThrowableCollector.java:73)
app//org.junit.platform.engine.support.hierarchical.NodeTestTask.lambda$executeRecursively$8(NodeTestTask.java:141)
app//org.junit.platform.engine.support.hierarchical.NodeTestTask$$Lambda$284/0x0000000840116040.invoke(Unknown Source)
app//org.junit.platform.engine.support.hierarchical.Node.around(Node.java:137)
app//org.junit.platform.engine.support.hierarchical.NodeTestTask.lambda$executeRecursively$9(NodeTestTask.java:139)
app//org.junit.platform.engine.support.hierarchical.NodeTestTask$$Lambda$283/0x0000000840115c40.execute(Unknown Source)
app//org.junit.platform.engine.support.hierarchical.ThrowableCollector.execute(ThrowableCollector.java:73)
app//org.junit.platform.engine.support.hierarchical.NodeTestTask.executeRecursively(NodeTestTask.java:138)
app//org.junit.platform.engine.support.hierarchical.NodeTestTask.execute(NodeTestTask.java:95)
app//org.junit.platform.engine.support.hierarchical.SameThreadHierarchicalTestExecutorService$$Lambda$289/0x0000000840117440.accept(Unknown Source)
java.base@11.0.17/java.util.ArrayList.forEach(ArrayList.java:1541)
app//org.junit.platform.engine.support.hierarchical.SameThreadHierarchicalTestExecutorService.invokeAll(SameThreadHierarchicalTestExecutorService.java:41)
app//org.junit.platform.engine.support.hierarchical.NodeTestTask.lambda$executeRecursively$6(NodeTestTask.java:155)
app//org.junit.platform.engine.support.hierarchical.NodeTestTask$$Lambda$285/0x0000000840116440.execute(Unknown Source)
app//org.junit.platform.engine.support.hierarchical.ThrowableCollector.execute(ThrowableCollector.java:73)
app//org.junit.platform.engine.support.hierarchical.NodeTestTask.lambda$executeRecursively$8(NodeTestTask.java:141)
app//org.junit.platform.engine.support.hierarchical.NodeTestTask$$Lambda$284/0x0000000840116040.invoke(Unknown Source)
app//org.junit.platform.engine.support.hierarchical.Node.around(Node.java:137)
app//org.junit.platform.engine.support.hierarchical.NodeTestTask.lambda$executeRecursively$9(NodeTestTask.java:139)
app//org.junit.platform.engine.support.hierarchical.NodeTestTask$$Lambda$283/0x0000000840115c40.execute(Unknown Source)
app//org.junit.platform.engine.support.hierarchical.ThrowableCollector.execute(ThrowableCollector.java:73)
app//org.junit.platform.engine.support.hierarchical.NodeTestTask.executeRecursively(NodeTestTask.java:138)
app//org.junit.platform.engine.support.hierarchical.NodeTestTask.execute(NodeTestTask.java:95)
app//org.junit.platform.engine.support.hierarchical.SameThreadHierarchicalTestExecutorService.submit(SameThreadHierarchicalTestExecutorService.java:35)
app//org.junit.platform.engine.support.hierarchical.HierarchicalTestExecutor.execute(HierarchicalTestExecutor.java:57)
app//org.junit.platform.engine.support.hierarchical.HierarchicalTestEngine.execute(HierarchicalTestEngine.java:54)
app//org.junit.platform.launcher.core.EngineExecutionOrchestrator.execute(EngineExecutionOrchestrator.java:147)
app//org.junit.platform.launcher.core.EngineExecutionOrchestrator.execute(EngineExecutionOrchestrator.java:127)
app//org.junit.platform.launcher.core.EngineExecutionOrchestrator.execute(EngineExecutionOrchestrator.java:90)
app//org.junit.platform.launcher.core.EngineExecutionOrchestrator.lambda$execute$0(EngineExecutionOrchestrator.java:55)
app//org.junit.platform.launcher.core.EngineExecutionOrchestrator$$Lambda$233/0x00000008400de840.accept(Unknown Source)
app//org.junit.platform.launcher.core.EngineExecutionOrchestrator.withInterceptedStreams(EngineExecutionOrchestrator.java:102)
app//org.junit.platform.launcher.core.EngineExecutionOrchestrator.execute(EngineExecutionOrchestrator.java:54)
app//org.junit.platform.launcher.core.DefaultLauncher.execute(DefaultLauncher.java:114)
app//org.junit.platform.launcher.core.DefaultLauncher.execute(DefaultLauncher.java:86)
app//org.junit.platform.launcher.core.DefaultLauncherSession$DelegatingLauncher.execute(DefaultLauncherSession.java:86)
app//org.apache.maven.surefire.junitplatform.LazyLauncher.execute(LazyLauncher.java:55)
app//org.apache.maven.surefire.junitplatform.JUnitPlatformProvider.execute(JUnitPlatformProvider.java:223)
app//org.apache.maven.surefire.junitplatform.JUnitPlatformProvider.invokeAllTests(JUnitPlatformProvider.java:175)
app//org.apache.maven.surefire.junitplatform.JUnitPlatformProvider.invoke(JUnitPlatformProvider.java:139)
app//org.apache.maven.surefire.booter.ForkedBooter.runSuitesInProcess(ForkedBooter.java:456)
app//org.apache.maven.surefire.booter.ForkedBooter.execute(ForkedBooter.java:169)
app//org.apache.maven.surefire.booter.ForkedBooter.run(ForkedBooter.java:595)
app//org.apache.maven.surefire.booter.ForkedBooter.main(ForkedBooter.java:581)

15:24:57,189 WARN  [arjuna] ARJUNA012108: CheckedAction::check - atomic action 0:ffff7f000101:9e41:63cff845:5b899 aborting with 1 threads active!
15:24:57,208 WARN  [arjuna] ARJUNA012077: Abort called on already aborted atomic action 0:ffff7f000101:9e41:63cff845:5b899
15:24:57,289 WARN  [arjuna] ARJUNA012121: TransactionReaper::doCancellations worker Thread[Transaction Reaper Worker 0,5,main] successfully canceled TX 0:ffff7f000101:9e41:63cff845:5b899
15:24:58,269 WARN  [arjuna] ARJUNA012117: TransactionReaper::check processing TX 0:ffff7f000101:9e41:63cff845:815bb in state  RUN
15:24:58,270 WARN  [arjuna] ARJUNA012095: Abort of action id 0:ffff7f000101:9e41:63cff845:815bb invoked while multiple threads active within it.
15:24:58,271 WARN  [arjuna] ARJUNA012381: Action id 0:ffff7f000101:9e41:63cff845:815bb completed with multiple threads - thread main was in progress with java.base@11.0.17/java.lang.Object.<init>(Object.java:50)
app//org.apache.commons.dbcp2.AbandonedTrace.<init>(AbandonedTrace.java:59)
app//org.apache.commons.dbcp2.DelegatingStatement.<init>(DelegatingStatement.java:58)
app//org.apache.commons.dbcp2.DelegatingPreparedStatement.<init>(DelegatingPreparedStatement.java:65)
app//org.apache.commons.dbcp2.DelegatingConnection.prepareStatement(DelegatingConnection.java:710)
app//org.apache.commons.dbcp2.DelegatingConnection.prepareStatement(DelegatingConnection.java:710)
app//org.apache.commons.dbcp2.managed.TestConnectionWithNarayana.testConnectionInTimeout(TestConnectionWithNarayana.java:153)
java.base@11.0.17/jdk.internal.reflect.NativeMethodAccessorImpl.invoke0(Native Method)
java.base@11.0.17/jdk.internal.reflect.NativeMethodAccessorImpl.invoke(NativeMethodAccessorImpl.java:62)
java.base@11.0.17/jdk.internal.reflect.DelegatingMethodAccessorImpl.invoke(DelegatingMethodAccessorImpl.java:43)
java.base@11.0.17/java.lang.reflect.Method.invoke(Method.java:566)
app//org.junit.platform.commons.util.ReflectionUtils.invokeMethod(ReflectionUtils.java:727)
app//org.junit.jupiter.engine.execution.MethodInvocation.proceed(MethodInvocation.java:60)
app//org.junit.jupiter.engine.execution.InvocationInterceptorChain$ValidatingInvocation.proceed(InvocationInterceptorChain.java:131)
app//org.junit.jupiter.engine.extension.TimeoutExtension.intercept(TimeoutExtension.java:156)
app//org.junit.jupiter.engine.extension.TimeoutExtension.interceptTestableMethod(TimeoutExtension.java:147)
app//org.junit.jupiter.engine.extension.TimeoutExtension.interceptTestMethod(TimeoutExtension.java:86)
app//org.junit.jupiter.engine.descriptor.TestMethodTestDescriptor$$Lambda$179/0x00000008400c6440.apply(Unknown Source)
app//org.junit.jupiter.engine.execution.InterceptingExecutableInvoker$ReflectiveInterceptorCall.lambda$ofVoidMethod$0(InterceptingExecutableInvoker.java:103)
app//org.junit.jupiter.engine.execution.InterceptingExecutableInvoker$ReflectiveInterceptorCall$$Lambda$180/0x00000008400c6840.apply(Unknown Source)
app//org.junit.jupiter.engine.execution.InterceptingExecutableInvoker.lambda$invoke$0(InterceptingExecutableInvoker.java:93)
app//org.junit.jupiter.engine.execution.InterceptingExecutableInvoker$$Lambda$347/0x000000084012ec40.apply(Unknown Source)
app//org.junit.jupiter.engine.execution.InvocationInterceptorChain$InterceptedInvocation.proceed(InvocationInterceptorChain.java:106)
app//org.junit.jupiter.engine.execution.InvocationInterceptorChain.proceed(InvocationInterceptorChain.java:64)
app//org.junit.jupiter.engine.execution.InvocationInterceptorChain.chainAndInvoke(InvocationInterceptorChain.java:45)
app//org.junit.jupiter.engine.execution.InvocationInterceptorChain.invoke(InvocationInterceptorChain.java:37)
app//org.junit.jupiter.engine.execution.InterceptingExecutableInvoker.invoke(InterceptingExecutableInvoker.java:92)
app//org.junit.jupiter.engine.execution.InterceptingExecutableInvoker.invoke(InterceptingExecutableInvoker.java:86)
app//org.junit.jupiter.engine.descriptor.TestMethodTestDescriptor.lambda$invokeTestMethod$7(TestMethodTestDescriptor.java:217)
app//org.junit.jupiter.engine.descriptor.TestMethodTestDescriptor$$Lambda$371/0x0000000840134c40.execute(Unknown Source)
app//org.junit.platform.engine.support.hierarchical.ThrowableCollector.execute(ThrowableCollector.java:73)
app//org.junit.jupiter.engine.descriptor.TestMethodTestDescriptor.invokeTestMethod(TestMethodTestDescriptor.java:213)
app//org.junit.jupiter.engine.descriptor.TestMethodTestDescriptor.execute(TestMethodTestDescriptor.java:138)
app//org.junit.jupiter.engine.descriptor.TestMethodTestDescriptor.execute(TestMethodTestDescriptor.java:68)
app//org.junit.platform.engine.support.hierarchical.NodeTestTask.lambda$executeRecursively$6(NodeTestTask.java:151)
app//org.junit.platform.engine.support.hierarchical.NodeTestTask$$Lambda$285/0x0000000840116440.execute(Unknown Source)
app//org.junit.platform.engine.support.hierarchical.ThrowableCollector.execute(ThrowableCollector.java:73)
app//org.junit.platform.engine.support.hierarchical.NodeTestTask.lambda$executeRecursively$8(NodeTestTask.java:141)
app//org.junit.platform.engine.support.hierarchical.NodeTestTask$$Lambda$284/0x0000000840116040.invoke(Unknown Source)
app//org.junit.platform.engine.support.hierarchical.Node.around(Node.java:137)
app//org.junit.platform.engine.support.hierarchical.NodeTestTask.lambda$executeRecursively$9(NodeTestTask.java:139)
app//org.junit.platform.engine.support.hierarchical.NodeTestTask$$Lambda$283/0x0000000840115c40.execute(Unknown Source)
app//org.junit.platform.engine.support.hierarchical.ThrowableCollector.execute(ThrowableCollector.java:73)
app//org.junit.platform.engine.support.hierarchical.NodeTestTask.executeRecursively(NodeTestTask.java:138)
app//org.junit.platform.engine.support.hierarchical.NodeTestTask.execute(NodeTestTask.java:95)
app//org.junit.platform.engine.support.hierarchical.SameThreadHierarchicalTestExecutorService$$Lambda$289/0x0000000840117440.accept(Unknown Source)
java.base@11.0.17/java.util.ArrayList.forEach(ArrayList.java:1541)
app//org.junit.platform.engine.support.hierarchical.SameThreadHierarchicalTestExecutorService.invokeAll(SameThreadHierarchicalTestExecutorService.java:41)
app//org.junit.platform.engine.support.hierarchical.NodeTestTask.lambda$executeRecursively$6(NodeTestTask.java:155)
app//org.junit.platform.engine.support.hierarchical.NodeTestTask$$Lambda$285/0x0000000840116440.execute(Unknown Source)
app//org.junit.platform.engine.support.hierarchical.ThrowableCollector.execute(ThrowableCollector.java:73)
app//org.junit.platform.engine.support.hierarchical.NodeTestTask.lambda$executeRecursively$8(NodeTestTask.java:141)
app//org.junit.platform.engine.support.hierarchical.NodeTestTask$$Lambda$284/0x0000000840116040.invoke(Unknown Source)
app//org.junit.platform.engine.support.hierarchical.Node.around(Node.java:137)
app//org.junit.platform.engine.support.hierarchical.NodeTestTask.lambda$executeRecursively$9(NodeTestTask.java:139)
app//org.junit.platform.engine.support.hierarchical.NodeTestTask$$Lambda$283/0x0000000840115c40.execute(Unknown Source)
app//org.junit.platform.engine.support.hierarchical.ThrowableCollector.execute(ThrowableCollector.java:73)
app//org.junit.platform.engine.support.hierarchical.NodeTestTask.executeRecursively(NodeTestTask.java:138)
app//org.junit.platform.engine.support.hierarchical.NodeTestTask.execute(NodeTestTask.java:95)
app//org.junit.platform.engine.support.hierarchical.SameThreadHierarchicalTestExecutorService$$Lambda$289/0x0000000840117440.accept(Unknown Source)
java.base@11.0.17/java.util.ArrayList.forEach(ArrayList.java:1541)
app//org.junit.platform.engine.support.hierarchical.SameThreadHierarchicalTestExecutorService.invokeAll(SameThreadHierarchicalTestExecutorService.java:41)
app//org.junit.platform.engine.support.hierarchical.NodeTestTask.lambda$executeRecursively$6(NodeTestTask.java:155)
app//org.junit.platform.engine.support.hierarchical.NodeTestTask$$Lambda$285/0x0000000840116440.execute(Unknown Source)
app//org.junit.platform.engine.support.hierarchical.ThrowableCollector.execute(ThrowableCollector.java:73)
app//org.junit.platform.engine.support.hierarchical.NodeTestTask.lambda$executeRecursively$8(NodeTestTask.java:141)
app//org.junit.platform.engine.support.hierarchical.NodeTestTask$$Lambda$284/0x0000000840116040.invoke(Unknown Source)
app//org.junit.platform.engine.support.hierarchical.Node.around(Node.java:137)
app//org.junit.platform.engine.support.hierarchical.NodeTestTask.lambda$executeRecursively$9(NodeTestTask.java:139)
app//org.junit.platform.engine.support.hierarchical.NodeTestTask$$Lambda$283/0x0000000840115c40.execute(Unknown Source)
app//org.junit.platform.engine.support.hierarchical.ThrowableCollector.execute(ThrowableCollector.java:73)
app//org.junit.platform.engine.support.hierarchical.NodeTestTask.executeRecursively(NodeTestTask.java:138)
app//org.junit.platform.engine.support.hierarchical.NodeTestTask.execute(NodeTestTask.java:95)
app//org.junit.platform.engine.support.hierarchical.SameThreadHierarchicalTestExecutorService.submit(SameThreadHierarchicalTestExecutorService.java:35)
app//org.junit.platform.engine.support.hierarchical.HierarchicalTestExecutor.execute(HierarchicalTestExecutor.java:57)
app//org.junit.platform.engine.support.hierarchical.HierarchicalTestEngine.execute(HierarchicalTestEngine.java:54)
app//org.junit.platform.launcher.core.EngineExecutionOrchestrator.execute(EngineExecutionOrchestrator.java:147)
app//org.junit.platform.launcher.core.EngineExecutionOrchestrator.execute(EngineExecutionOrchestrator.java:127)
app//org.junit.platform.launcher.core.EngineExecutionOrchestrator.execute(EngineExecutionOrchestrator.java:90)
app//org.junit.platform.launcher.core.EngineExecutionOrchestrator.lambda$execute$0(EngineExecutionOrchestrator.java:55)
app//org.junit.platform.launcher.core.EngineExecutionOrchestrator$$Lambda$233/0x00000008400de840.accept(Unknown Source)
app//org.junit.platform.launcher.core.EngineExecutionOrchestrator.withInterceptedStreams(EngineExecutionOrchestrator.java:102)
app//org.junit.platform.launcher.core.EngineExecutionOrchestrator.execute(EngineExecutionOrchestrator.java:54)
app//org.junit.platform.launcher.core.DefaultLauncher.execute(DefaultLauncher.java:114)
app//org.junit.platform.launcher.core.DefaultLauncher.execute(DefaultLauncher.java:86)
app//org.junit.platform.launcher.core.DefaultLauncherSession$DelegatingLauncher.execute(DefaultLauncherSession.java:86)
app//org.apache.maven.surefire.junitplatform.LazyLauncher.execute(LazyLauncher.java:55)
app//org.apache.maven.surefire.junitplatform.JUnitPlatformProvider.execute(JUnitPlatformProvider.java:223)
app//org.apache.maven.surefire.junitplatform.JUnitPlatformProvider.invokeAllTests(JUnitPlatformProvider.java:175)
app//org.apache.maven.surefire.junitplatform.JUnitPlatformProvider.invoke(JUnitPlatformProvider.java:139)
app//org.apache.maven.surefire.booter.ForkedBooter.runSuitesInProcess(ForkedBooter.java:456)
app//org.apache.maven.surefire.booter.ForkedBooter.execute(ForkedBooter.java:169)
app//org.apache.maven.surefire.booter.ForkedBooter.run(ForkedBooter.java:595)
app//org.apache.maven.surefire.booter.ForkedBooter.main(ForkedBooter.java:581)

15:24:58,271 WARN  [arjuna] ARJUNA012108: CheckedAction::check - atomic action 0:ffff7f000101:9e41:63cff845:815bb aborting with 1 threads active!
15:24:58,272 WARN  [arjuna] ARJUNA012077: Abort called on already aborted atomic action 0:ffff7f000101:9e41:63cff845:815bb
15:24:58,313 WARN  [arjuna] ARJUNA012121: TransactionReaper::doCancellations worker Thread[Transaction Reaper Worker 0,5,main] successfully canceled TX 0:ffff7f000101:9e41:63cff845:815bb
15:24:59,392 WARN  [arjuna] ARJUNA012117: TransactionReaper::check processing TX 0:ffff7f000101:9e41:63cff845:ae3a8 in state  RUN
15:24:59,392 WARN  [arjuna] ARJUNA012095: Abort of action id 0:ffff7f000101:9e41:63cff845:ae3a8 invoked while multiple threads active within it.
15:24:59,393 WARN  [arjuna] ARJUNA012381: Action id 0:ffff7f000101:9e41:63cff845:ae3a8 completed with multiple threads - thread main was in progress with app//org.h2.engine.SessionLocal.prepareCommand(SessionLocal.java:554)
app//org.h2.jdbc.JdbcConnection.prepareCommand(JdbcConnection.java:1116)
app//org.h2.jdbc.JdbcPreparedStatement.<init>(JdbcPreparedStatement.java:92)
app//org.h2.jdbc.JdbcConnection.prepareStatement(JdbcConnection.java:288)
app//org.apache.commons.dbcp2.DelegatingConnection.prepareStatement(DelegatingConnection.java:710)
app//org.apache.commons.dbcp2.DelegatingConnection.prepareStatement(DelegatingConnection.java:710)
app//org.apache.commons.dbcp2.managed.TestConnectionWithNarayana.testConnectionInTimeout(TestConnectionWithNarayana.java:153)
java.base@11.0.17/jdk.internal.reflect.NativeMethodAccessorImpl.invoke0(Native Method)
java.base@11.0.17/jdk.internal.reflect.NativeMethodAccessorImpl.invoke(NativeMethodAccessorImpl.java:62)
java.base@11.0.17/jdk.internal.reflect.DelegatingMethodAccessorImpl.invoke(DelegatingMethodAccessorImpl.java:43)
java.base@11.0.17/java.lang.reflect.Method.invoke(Method.java:566)
app//org.junit.platform.commons.util.ReflectionUtils.invokeMethod(ReflectionUtils.java:727)
app//org.junit.jupiter.engine.execution.MethodInvocation.proceed(MethodInvocation.java:60)
app//org.junit.jupiter.engine.execution.InvocationInterceptorChain$ValidatingInvocation.proceed(InvocationInterceptorChain.java:131)
app//org.junit.jupiter.engine.extension.TimeoutExtension.intercept(TimeoutExtension.java:156)
app//org.junit.jupiter.engine.extension.TimeoutExtension.interceptTestableMethod(TimeoutExtension.java:147)
app//org.junit.jupiter.engine.extension.TimeoutExtension.interceptTestMethod(TimeoutExtension.java:86)
app//org.junit.jupiter.engine.descriptor.TestMethodTestDescriptor$$Lambda$179/0x00000008400c6440.apply(Unknown Source)
app//org.junit.jupiter.engine.execution.InterceptingExecutableInvoker$ReflectiveInterceptorCall.lambda$ofVoidMethod$0(InterceptingExecutableInvoker.java:103)
app//org.junit.jupiter.engine.execution.InterceptingExecutableInvoker$ReflectiveInterceptorCall$$Lambda$180/0x00000008400c6840.apply(Unknown Source)
app//org.junit.jupiter.engine.execution.InterceptingExecutableInvoker.lambda$invoke$0(InterceptingExecutableInvoker.java:93)
app//org.junit.jupiter.engine.execution.InterceptingExecutableInvoker$$Lambda$347/0x000000084012ec40.apply(Unknown Source)
app//org.junit.jupiter.engine.execution.InvocationInterceptorChain$InterceptedInvocation.proceed(InvocationInterceptorChain.java:106)
app//org.junit.jupiter.engine.execution.InvocationInterceptorChain.proceed(InvocationInterceptorChain.java:64)
app//org.junit.jupiter.engine.execution.InvocationInterceptorChain.chainAndInvoke(InvocationInterceptorChain.java:45)
app//org.junit.jupiter.engine.execution.InvocationInterceptorChain.invoke(InvocationInterceptorChain.java:37)
app//org.junit.jupiter.engine.execution.InterceptingExecutableInvoker.invoke(InterceptingExecutableInvoker.java:92)
app//org.junit.jupiter.engine.execution.InterceptingExecutableInvoker.invoke(InterceptingExecutableInvoker.java:86)
app//org.junit.jupiter.engine.descriptor.TestMethodTestDescriptor.lambda$invokeTestMethod$7(TestMethodTestDescriptor.java:217)
app//org.junit.jupiter.engine.descriptor.TestMethodTestDescriptor$$Lambda$371/0x0000000840134c40.execute(Unknown Source)
app//org.junit.platform.engine.support.hierarchical.ThrowableCollector.execute(ThrowableCollector.java:73)
app//org.junit.jupiter.engine.descriptor.TestMethodTestDescriptor.invokeTestMethod(TestMethodTestDescriptor.java:213)
app//org.junit.jupiter.engine.descriptor.TestMethodTestDescriptor.execute(TestMethodTestDescriptor.java:138)
app//org.junit.jupiter.engine.descriptor.TestMethodTestDescriptor.execute(TestMethodTestDescriptor.java:68)
app//org.junit.platform.engine.support.hierarchical.NodeTestTask.lambda$executeRecursively$6(NodeTestTask.java:151)
app//org.junit.platform.engine.support.hierarchical.NodeTestTask$$Lambda$285/0x0000000840116440.execute(Unknown Source)
app//org.junit.platform.engine.support.hierarchical.ThrowableCollector.execute(ThrowableCollector.java:73)
app//org.junit.platform.engine.support.hierarchical.NodeTestTask.lambda$executeRecursively$8(NodeTestTask.java:141)
app//org.junit.platform.engine.support.hierarchical.NodeTestTask$$Lambda$284/0x0000000840116040.invoke(Unknown Source)
app//org.junit.platform.engine.support.hierarchical.Node.around(Node.java:137)
app//org.junit.platform.engine.support.hierarchical.NodeTestTask.lambda$executeRecursively$9(NodeTestTask.java:139)
app//org.junit.platform.engine.support.hierarchical.NodeTestTask$$Lambda$283/0x0000000840115c40.execute(Unknown Source)
app//org.junit.platform.engine.support.hierarchical.ThrowableCollector.execute(ThrowableCollector.java:73)
app//org.junit.platform.engine.support.hierarchical.NodeTestTask.executeRecursively(NodeTestTask.java:138)
app//org.junit.platform.engine.support.hierarchical.NodeTestTask.execute(NodeTestTask.java:95)
app//org.junit.platform.engine.support.hierarchical.SameThreadHierarchicalTestExecutorService$$Lambda$289/0x0000000840117440.accept(Unknown Source)
java.base@11.0.17/java.util.ArrayList.forEach(ArrayList.java:1541)
app//org.junit.platform.engine.support.hierarchical.SameThreadHierarchicalTestExecutorService.invokeAll(SameThreadHierarchicalTestExecutorService.java:41)
app//org.junit.platform.engine.support.hierarchical.NodeTestTask.lambda$executeRecursively$6(NodeTestTask.java:155)
app//org.junit.platform.engine.support.hierarchical.NodeTestTask$$Lambda$285/0x0000000840116440.execute(Unknown Source)
app//org.junit.platform.engine.support.hierarchical.ThrowableCollector.execute(ThrowableCollector.java:73)
app//org.junit.platform.engine.support.hierarchical.NodeTestTask.lambda$executeRecursively$8(NodeTestTask.java:141)
app//org.junit.platform.engine.support.hierarchical.NodeTestTask$$Lambda$284/0x0000000840116040.invoke(Unknown Source)
app//org.junit.platform.engine.support.hierarchical.Node.around(Node.java:137)
app//org.junit.platform.engine.support.hierarchical.NodeTestTask.lambda$executeRecursively$9(NodeTestTask.java:139)
app//org.junit.platform.engine.support.hierarchical.NodeTestTask$$Lambda$283/0x0000000840115c40.execute(Unknown Source)
app//org.junit.platform.engine.support.hierarchical.ThrowableCollector.execute(ThrowableCollector.java:73)
app//org.junit.platform.engine.support.hierarchical.NodeTestTask.executeRecursively(NodeTestTask.java:138)
app//org.junit.platform.engine.support.hierarchical.NodeTestTask.execute(NodeTestTask.java:95)
app//org.junit.platform.engine.support.hierarchical.SameThreadHierarchicalTestExecutorService$$Lambda$289/0x0000000840117440.accept(Unknown Source)
java.base@11.0.17/java.util.ArrayList.forEach(ArrayList.java:1541)
app//org.junit.platform.engine.support.hierarchical.SameThreadHierarchicalTestExecutorService.invokeAll(SameThreadHierarchicalTestExecutorService.java:41)
app//org.junit.platform.engine.support.hierarchical.NodeTestTask.lambda$executeRecursively$6(NodeTestTask.java:155)
app//org.junit.platform.engine.support.hierarchical.NodeTestTask$$Lambda$285/0x0000000840116440.execute(Unknown Source)
app//org.junit.platform.engine.support.hierarchical.ThrowableCollector.execute(ThrowableCollector.java:73)
app//org.junit.platform.engine.support.hierarchical.NodeTestTask.lambda$executeRecursively$8(NodeTestTask.java:141)
app//org.junit.platform.engine.support.hierarchical.NodeTestTask$$Lambda$284/0x0000000840116040.invoke(Unknown Source)
app//org.junit.platform.engine.support.hierarchical.Node.around(Node.java:137)
app//org.junit.platform.engine.support.hierarchical.NodeTestTask.lambda$executeRecursively$9(NodeTestTask.java:139)
app//org.junit.platform.engine.support.hierarchical.NodeTestTask$$Lambda$283/0x0000000840115c40.execute(Unknown Source)
app//org.junit.platform.engine.support.hierarchical.ThrowableCollector.execute(ThrowableCollector.java:73)
app//org.junit.platform.engine.support.hierarchical.NodeTestTask.executeRecursively(NodeTestTask.java:138)
app//org.junit.platform.engine.support.hierarchical.NodeTestTask.execute(NodeTestTask.java:95)
app//org.junit.platform.engine.support.hierarchical.SameThreadHierarchicalTestExecutorService.submit(SameThreadHierarchicalTestExecutorService.java:35)
app//org.junit.platform.engine.support.hierarchical.HierarchicalTestExecutor.execute(HierarchicalTestExecutor.java:57)
app//org.junit.platform.engine.support.hierarchical.HierarchicalTestEngine.execute(HierarchicalTestEngine.java:54)
app//org.junit.platform.launcher.core.EngineExecutionOrchestrator.execute(EngineExecutionOrchestrator.java:147)
app//org.junit.platform.launcher.core.EngineExecutionOrchestrator.execute(EngineExecutionOrchestrator.java:127)
app//org.junit.platform.launcher.core.EngineExecutionOrchestrator.execute(EngineExecutionOrchestrator.java:90)
app//org.junit.platform.launcher.core.EngineExecutionOrchestrator.lambda$execute$0(EngineExecutionOrchestrator.java:55)
app//org.junit.platform.launcher.core.EngineExecutionOrchestrator$$Lambda$233/0x00000008400de840.accept(Unknown Source)
app//org.junit.platform.launcher.core.EngineExecutionOrchestrator.withInterceptedStreams(EngineExecutionOrchestrator.java:102)
app//org.junit.platform.launcher.core.EngineExecutionOrchestrator.execute(EngineExecutionOrchestrator.java:54)
app//org.junit.platform.launcher.core.DefaultLauncher.execute(DefaultLauncher.java:114)
app//org.junit.platform.launcher.core.DefaultLauncher.execute(DefaultLauncher.java:86)
app//org.junit.platform.launcher.core.DefaultLauncherSession$DelegatingLauncher.execute(DefaultLauncherSession.java:86)
app//org.apache.maven.surefire.junitplatform.LazyLauncher.execute(LazyLauncher.java:55)
app//org.apache.maven.surefire.junitplatform.JUnitPlatformProvider.execute(JUnitPlatformProvider.java:223)
app//org.apache.maven.surefire.junitplatform.JUnitPlatformProvider.invokeAllTests(JUnitPlatformProvider.java:175)
app//org.apache.maven.surefire.junitplatform.JUnitPlatformProvider.invoke(JUnitPlatformProvider.java:139)
app//org.apache.maven.surefire.booter.ForkedBooter.runSuitesInProcess(ForkedBooter.java:456)
app//org.apache.maven.surefire.booter.ForkedBooter.execute(ForkedBooter.java:169)
app//org.apache.maven.surefire.booter.ForkedBooter.run(ForkedBooter.java:595)
app//org.apache.maven.surefire.booter.ForkedBooter.main(ForkedBooter.java:581)

15:24:59,393 WARN  [arjuna] ARJUNA012108: CheckedAction::check - atomic action 0:ffff7f000101:9e41:63cff845:ae3a8 aborting with 1 threads active!
15:24:59,394 WARN  [arjuna] ARJUNA012077: Abort called on already aborted atomic action 0:ffff7f000101:9e41:63cff845:ae3a8
15:24:59,451 WARN  [arjuna] ARJUNA012121: TransactionReaper::doCancellations worker Thread[Transaction Reaper Worker 0,5,main] successfully canceled TX 0:ffff7f000101:9e41:63cff845:ae3a8
15:25:00,462 WARN  [arjuna] ARJUNA012117: TransactionReaper::check processing TX 0:ffff7f000101:9e41:63cff845:efc11 in state  RUN
15:25:00,463 WARN  [arjuna] ARJUNA012095: Abort of action id 0:ffff7f000101:9e41:63cff845:efc11 invoked while multiple threads active within it.
15:25:00,463 WARN  [arjuna] ARJUNA012381: Action id 0:ffff7f000101:9e41:63cff845:efc11 completed with multiple threads - thread main was in progress with java.base@11.0.17/java.lang.Thread.sleep(Native Method)
app//org.apache.commons.dbcp2.managed.TestConnectionWithNarayana.testConnectionCommitAfterTimeout(TestConnectionWithNarayana.java:113)
java.base@11.0.17/jdk.internal.reflect.NativeMethodAccessorImpl.invoke0(Native Method)
java.base@11.0.17/jdk.internal.reflect.NativeMethodAccessorImpl.invoke(NativeMethodAccessorImpl.java:62)
java.base@11.0.17/jdk.internal.reflect.DelegatingMethodAccessorImpl.invoke(DelegatingMethodAccessorImpl.java:43)
java.base@11.0.17/java.lang.reflect.Method.invoke(Method.java:566)
app//org.junit.platform.commons.util.ReflectionUtils.invokeMethod(ReflectionUtils.java:727)
app//org.junit.jupiter.engine.execution.MethodInvocation.proceed(MethodInvocation.java:60)
app//org.junit.jupiter.engine.execution.InvocationInterceptorChain$ValidatingInvocation.proceed(InvocationInterceptorChain.java:131)
app//org.junit.jupiter.engine.extension.TimeoutExtension.intercept(TimeoutExtension.java:156)
app//org.junit.jupiter.engine.extension.TimeoutExtension.interceptTestableMethod(TimeoutExtension.java:147)
app//org.junit.jupiter.engine.extension.TimeoutExtension.interceptTestMethod(TimeoutExtension.java:86)
app//org.junit.jupiter.engine.descriptor.TestMethodTestDescriptor$$Lambda$179/0x00000008400c6440.apply(Unknown Source)
app//org.junit.jupiter.engine.execution.InterceptingExecutableInvoker$ReflectiveInterceptorCall.lambda$ofVoidMethod$0(InterceptingExecutableInvoker.java:103)
app//org.junit.jupiter.engine.execution.InterceptingExecutableInvoker$ReflectiveInterceptorCall$$Lambda$180/0x00000008400c6840.apply(Unknown Source)
app//org.junit.jupiter.engine.execution.InterceptingExecutableInvoker.lambda$invoke$0(InterceptingExecutableInvoker.java:93)
app//org.junit.jupiter.engine.execution.InterceptingExecutableInvoker$$Lambda$347/0x000000084012ec40.apply(Unknown Source)
app//org.junit.jupiter.engine.execution.InvocationInterceptorChain$InterceptedInvocation.proceed(InvocationInterceptorChain.java:106)
app//org.junit.jupiter.engine.execution.InvocationInterceptorChain.proceed(InvocationInterceptorChain.java:64)
app//org.junit.jupiter.engine.execution.InvocationInterceptorChain.chainAndInvoke(InvocationInterceptorChain.java:45)
app//org.junit.jupiter.engine.execution.InvocationInterceptorChain.invoke(InvocationInterceptorChain.java:37)
app//org.junit.jupiter.engine.execution.InterceptingExecutableInvoker.invoke(InterceptingExecutableInvoker.java:92)
app//org.junit.jupiter.engine.execution.InterceptingExecutableInvoker.invoke(InterceptingExecutableInvoker.java:86)
app//org.junit.jupiter.engine.descriptor.TestMethodTestDescriptor.lambda$invokeTestMethod$7(TestMethodTestDescriptor.java:217)
app//org.junit.jupiter.engine.descriptor.TestMethodTestDescriptor$$Lambda$371/0x0000000840134c40.execute(Unknown Source)
app//org.junit.platform.engine.support.hierarchical.ThrowableCollector.execute(ThrowableCollector.java:73)
app//org.junit.jupiter.engine.descriptor.TestMethodTestDescriptor.invokeTestMethod(TestMethodTestDescriptor.java:213)
app//org.junit.jupiter.engine.descriptor.TestMethodTestDescriptor.execute(TestMethodTestDescriptor.java:138)
app//org.junit.jupiter.engine.descriptor.TestMethodTestDescriptor.execute(TestMethodTestDescriptor.java:68)
app//org.junit.platform.engine.support.hierarchical.NodeTestTask.lambda$executeRecursively$6(NodeTestTask.java:151)
app//org.junit.platform.engine.support.hierarchical.NodeTestTask$$Lambda$285/0x0000000840116440.execute(Unknown Source)
app//org.junit.platform.engine.support.hierarchical.ThrowableCollector.execute(ThrowableCollector.java:73)
app//org.junit.platform.engine.support.hierarchical.NodeTestTask.lambda$executeRecursively$8(NodeTestTask.java:141)
app//org.junit.platform.engine.support.hierarchical.NodeTestTask$$Lambda$284/0x0000000840116040.invoke(Unknown Source)
app//org.junit.platform.engine.support.hierarchical.Node.around(Node.java:137)
app//org.junit.platform.engine.support.hierarchical.NodeTestTask.lambda$executeRecursively$9(NodeTestTask.java:139)
app//org.junit.platform.engine.support.hierarchical.NodeTestTask$$Lambda$283/0x0000000840115c40.execute(Unknown Source)
app//org.junit.platform.engine.support.hierarchical.ThrowableCollector.execute(ThrowableCollector.java:73)
app//org.junit.platform.engine.support.hierarchical.NodeTestTask.executeRecursively(NodeTestTask.java:138)
app//org.junit.platform.engine.support.hierarchical.NodeTestTask.execute(NodeTestTask.java:95)
app//org.junit.platform.engine.support.hierarchical.SameThreadHierarchicalTestExecutorService$$Lambda$289/0x0000000840117440.accept(Unknown Source)
java.base@11.0.17/java.util.ArrayList.forEach(ArrayList.java:1541)
app//org.junit.platform.engine.support.hierarchical.SameThreadHierarchicalTestExecutorService.invokeAll(SameThreadHierarchicalTestExecutorService.java:41)
app//org.junit.platform.engine.support.hierarchical.NodeTestTask.lambda$executeRecursively$6(NodeTestTask.java:155)
app//org.junit.platform.engine.support.hierarchical.NodeTestTask$$Lambda$285/0x0000000840116440.execute(Unknown Source)
app//org.junit.platform.engine.support.hierarchical.ThrowableCollector.execute(ThrowableCollector.java:73)
app//org.junit.platform.engine.support.hierarchical.NodeTestTask.lambda$executeRecursively$8(NodeTestTask.java:141)
app//org.junit.platform.engine.support.hierarchical.NodeTestTask$$Lambda$284/0x0000000840116040.invoke(Unknown Source)
app//org.junit.platform.engine.support.hierarchical.Node.around(Node.java:137)
app//org.junit.platform.engine.support.hierarchical.NodeTestTask.lambda$executeRecursively$9(NodeTestTask.java:139)
app//org.junit.platform.engine.support.hierarchical.NodeTestTask$$Lambda$283/0x0000000840115c40.execute(Unknown Source)
app//org.junit.platform.engine.support.hierarchical.ThrowableCollector.execute(ThrowableCollector.java:73)
app//org.junit.platform.engine.support.hierarchical.NodeTestTask.executeRecursively(NodeTestTask.java:138)
app//org.junit.platform.engine.support.hierarchical.NodeTestTask.execute(NodeTestTask.java:95)
app//org.junit.platform.engine.support.hierarchical.SameThreadHierarchicalTestExecutorService$$Lambda$289/0x0000000840117440.accept(Unknown Source)
java.base@11.0.17/java.util.ArrayList.forEach(ArrayList.java:1541)
app//org.junit.platform.engine.support.hierarchical.SameThreadHierarchicalTestExecutorService.invokeAll(SameThreadHierarchicalTestExecutorService.java:41)
app//org.junit.platform.engine.support.hierarchical.NodeTestTask.lambda$executeRecursively$6(NodeTestTask.java:155)
app//org.junit.platform.engine.support.hierarchical.NodeTestTask$$Lambda$285/0x0000000840116440.execute(Unknown Source)
app//org.junit.platform.engine.support.hierarchical.ThrowableCollector.execute(ThrowableCollector.java:73)
app//org.junit.platform.engine.support.hierarchical.NodeTestTask.lambda$executeRecursively$8(NodeTestTask.java:141)
app//org.junit.platform.engine.support.hierarchical.NodeTestTask$$Lambda$284/0x0000000840116040.invoke(Unknown Source)
app//org.junit.platform.engine.support.hierarchical.Node.around(Node.java:137)
app//org.junit.platform.engine.support.hierarchical.NodeTestTask.lambda$executeRecursively$9(NodeTestTask.java:139)
app//org.junit.platform.engine.support.hierarchical.NodeTestTask$$Lambda$283/0x0000000840115c40.execute(Unknown Source)
app//org.junit.platform.engine.support.hierarchical.ThrowableCollector.execute(ThrowableCollector.java:73)
app//org.junit.platform.engine.support.hierarchical.NodeTestTask.executeRecursively(NodeTestTask.java:138)
app//org.junit.platform.engine.support.hierarchical.NodeTestTask.execute(NodeTestTask.java:95)
app//org.junit.platform.engine.support.hierarchical.SameThreadHierarchicalTestExecutorService.submit(SameThreadHierarchicalTestExecutorService.java:35)
app//org.junit.platform.engine.support.hierarchical.HierarchicalTestExecutor.execute(HierarchicalTestExecutor.java:57)
app//org.junit.platform.engine.support.hierarchical.HierarchicalTestEngine.execute(HierarchicalTestEngine.java:54)
app//org.junit.platform.launcher.core.EngineExecutionOrchestrator.execute(EngineExecutionOrchestrator.java:147)
app//org.junit.platform.launcher.core.EngineExecutionOrchestrator.execute(EngineExecutionOrchestrator.java:127)
app//org.junit.platform.launcher.core.EngineExecutionOrchestrator.execute(EngineExecutionOrchestrator.java:90)
app//org.junit.platform.launcher.core.EngineExecutionOrchestrator.lambda$execute$0(EngineExecutionOrchestrator.java:55)
app//org.junit.platform.launcher.core.EngineExecutionOrchestrator$$Lambda$233/0x00000008400de840.accept(Unknown Source)
app//org.junit.platform.launcher.core.EngineExecutionOrchestrator.withInterceptedStreams(EngineExecutionOrchestrator.java:102)
app//org.junit.platform.launcher.core.EngineExecutionOrchestrator.execute(EngineExecutionOrchestrator.java:54)
app//org.junit.platform.launcher.core.DefaultLauncher.execute(DefaultLauncher.java:114)
app//org.junit.platform.launcher.core.DefaultLauncher.execute(DefaultLauncher.java:86)
app//org.junit.platform.launcher.core.DefaultLauncherSession$DelegatingLauncher.execute(DefaultLauncherSession.java:86)
app//org.apache.maven.surefire.junitplatform.LazyLauncher.execute(LazyLauncher.java:55)
app//org.apache.maven.surefire.junitplatform.JUnitPlatformProvider.execute(JUnitPlatformProvider.java:223)
app//org.apache.maven.surefire.junitplatform.JUnitPlatformProvider.invokeAllTests(JUnitPlatformProvider.java:175)
app//org.apache.maven.surefire.junitplatform.JUnitPlatformProvider.invoke(JUnitPlatformProvider.java:139)
app//org.apache.maven.surefire.booter.ForkedBooter.runSuitesInProcess(ForkedBooter.java:456)
app//org.apache.maven.surefire.booter.ForkedBooter.execute(ForkedBooter.java:169)
app//org.apache.maven.surefire.booter.ForkedBooter.run(ForkedBooter.java:595)
app//org.apache.maven.surefire.booter.ForkedBooter.main(ForkedBooter.java:581)

15:25:00,463 WARN  [arjuna] ARJUNA012108: CheckedAction::check - atomic action 0:ffff7f000101:9e41:63cff845:efc11 aborting with 1 threads active!
15:25:00,464 WARN  [arjuna] ARJUNA012121: TransactionReaper::doCancellations worker Thread[Transaction Reaper Worker 0,5,main] successfully canceled TX 0:ffff7f000101:9e41:63cff845:efc11
15:25:02,462 WARN  [arjuna] ARJUNA012077: Abort called on already aborted atomic action 0:ffff7f000101:9e41:63cff845:efc11
15:25:03,466 WARN  [arjuna] ARJUNA012117: TransactionReaper::check processing TX 0:ffff7f000101:9e41:63cff845:efc14 in state  RUN
15:25:03,467 WARN  [arjuna] ARJUNA012095: Abort of action id 0:ffff7f000101:9e41:63cff845:efc14 invoked while multiple threads active within it.
15:25:03,468 WARN  [arjuna] ARJUNA012381: Action id 0:ffff7f000101:9e41:63cff845:efc14 completed with multiple threads - thread main was in progress with java.base@11.0.17/java.lang.Thread.sleep(Native Method)
app//org.apache.commons.dbcp2.managed.TestConnectionWithNarayana.testRepeatedGetConnectionInTimeout(TestConnectionWithNarayana.java:197)
java.base@11.0.17/jdk.internal.reflect.NativeMethodAccessorImpl.invoke0(Native Method)
java.base@11.0.17/jdk.internal.reflect.NativeMethodAccessorImpl.invoke(NativeMethodAccessorImpl.java:62)
java.base@11.0.17/jdk.internal.reflect.DelegatingMethodAccessorImpl.invoke(DelegatingMethodAccessorImpl.java:43)
java.base@11.0.17/java.lang.reflect.Method.invoke(Method.java:566)
app//org.junit.platform.commons.util.ReflectionUtils.invokeMethod(ReflectionUtils.java:727)
app//org.junit.jupiter.engine.execution.MethodInvocation.proceed(MethodInvocation.java:60)
app//org.junit.jupiter.engine.execution.InvocationInterceptorChain$ValidatingInvocation.proceed(InvocationInterceptorChain.java:131)
app//org.junit.jupiter.engine.extension.TimeoutExtension.intercept(TimeoutExtension.java:156)
app//org.junit.jupiter.engine.extension.TimeoutExtension.interceptTestableMethod(TimeoutExtension.java:147)
app//org.junit.jupiter.engine.extension.TimeoutExtension.interceptTestMethod(TimeoutExtension.java:86)
app//org.junit.jupiter.engine.descriptor.TestMethodTestDescriptor$$Lambda$179/0x00000008400c6440.apply(Unknown Source)
app//org.junit.jupiter.engine.execution.InterceptingExecutableInvoker$ReflectiveInterceptorCall.lambda$ofVoidMethod$0(InterceptingExecutableInvoker.java:103)
app//org.junit.jupiter.engine.execution.InterceptingExecutableInvoker$ReflectiveInterceptorCall$$Lambda$180/0x00000008400c6840.apply(Unknown Source)
app//org.junit.jupiter.engine.execution.InterceptingExecutableInvoker.lambda$invoke$0(InterceptingExecutableInvoker.java:93)
app//org.junit.jupiter.engine.execution.InterceptingExecutableInvoker$$Lambda$347/0x000000084012ec40.apply(Unknown Source)
app//org.junit.jupiter.engine.execution.InvocationInterceptorChain$InterceptedInvocation.proceed(InvocationInterceptorChain.java:106)
app//org.junit.jupiter.engine.execution.InvocationInterceptorChain.proceed(InvocationInterceptorChain.java:64)
app//org.junit.jupiter.engine.execution.InvocationInterceptorChain.chainAndInvoke(InvocationInterceptorChain.java:45)
app//org.junit.jupiter.engine.execution.InvocationInterceptorChain.invoke(InvocationInterceptorChain.java:37)
app//org.junit.jupiter.engine.execution.InterceptingExecutableInvoker.invoke(InterceptingExecutableInvoker.java:92)
app//org.junit.jupiter.engine.execution.InterceptingExecutableInvoker.invoke(InterceptingExecutableInvoker.java:86)
app//org.junit.jupiter.engine.descriptor.TestMethodTestDescriptor.lambda$invokeTestMethod$7(TestMethodTestDescriptor.java:217)
app//org.junit.jupiter.engine.descriptor.TestMethodTestDescriptor$$Lambda$371/0x0000000840134c40.execute(Unknown Source)
app//org.junit.platform.engine.support.hierarchical.ThrowableCollector.execute(ThrowableCollector.java:73)
app//org.junit.jupiter.engine.descriptor.TestMethodTestDescriptor.invokeTestMethod(TestMethodTestDescriptor.java:213)
app//org.junit.jupiter.engine.descriptor.TestMethodTestDescriptor.execute(TestMethodTestDescriptor.java:138)
app//org.junit.jupiter.engine.descriptor.TestMethodTestDescriptor.execute(TestMethodTestDescriptor.java:68)
app//org.junit.platform.engine.support.hierarchical.NodeTestTask.lambda$executeRecursively$6(NodeTestTask.java:151)
app//org.junit.platform.engine.support.hierarchical.NodeTestTask$$Lambda$285/0x0000000840116440.execute(Unknown Source)
app//org.junit.platform.engine.support.hierarchical.ThrowableCollector.execute(ThrowableCollector.java:73)
app//org.junit.platform.engine.support.hierarchical.NodeTestTask.lambda$executeRecursively$8(NodeTestTask.java:141)
app//org.junit.platform.engine.support.hierarchical.NodeTestTask$$Lambda$284/0x0000000840116040.invoke(Unknown Source)
app//org.junit.platform.engine.support.hierarchical.Node.around(Node.java:137)
app//org.junit.platform.engine.support.hierarchical.NodeTestTask.lambda$executeRecursively$9(NodeTestTask.java:139)
app//org.junit.platform.engine.support.hierarchical.NodeTestTask$$Lambda$283/0x0000000840115c40.execute(Unknown Source)
app//org.junit.platform.engine.support.hierarchical.ThrowableCollector.execute(ThrowableCollector.java:73)
app//org.junit.platform.engine.support.hierarchical.NodeTestTask.executeRecursively(NodeTestTask.java:138)
app//org.junit.platform.engine.support.hierarchical.NodeTestTask.execute(NodeTestTask.java:95)
app//org.junit.platform.engine.support.hierarchical.SameThreadHierarchicalTestExecutorService$$Lambda$289/0x0000000840117440.accept(Unknown Source)
java.base@11.0.17/java.util.ArrayList.forEach(ArrayList.java:1541)
app//org.junit.platform.engine.support.hierarchical.SameThreadHierarchicalTestExecutorService.invokeAll(SameThreadHierarchicalTestExecutorService.java:41)
app//org.junit.platform.engine.support.hierarchical.NodeTestTask.lambda$executeRecursively$6(NodeTestTask.java:155)
app//org.junit.platform.engine.support.hierarchical.NodeTestTask$$Lambda$285/0x0000000840116440.execute(Unknown Source)
app//org.junit.platform.engine.support.hierarchical.ThrowableCollector.execute(ThrowableCollector.java:73)
app//org.junit.platform.engine.support.hierarchical.NodeTestTask.lambda$executeRecursively$8(NodeTestTask.java:141)
app//org.junit.platform.engine.support.hierarchical.NodeTestTask$$Lambda$284/0x0000000840116040.invoke(Unknown Source)
app//org.junit.platform.engine.support.hierarchical.Node.around(Node.java:137)
app//org.junit.platform.engine.support.hierarchical.NodeTestTask.lambda$executeRecursively$9(NodeTestTask.java:139)
app//org.junit.platform.engine.support.hierarchical.NodeTestTask$$Lambda$283/0x0000000840115c40.execute(Unknown Source)
app//org.junit.platform.engine.support.hierarchical.ThrowableCollector.execute(ThrowableCollector.java:73)
app//org.junit.platform.engine.support.hierarchical.NodeTestTask.executeRecursively(NodeTestTask.java:138)
app//org.junit.platform.engine.support.hierarchical.NodeTestTask.execute(NodeTestTask.java:95)
app//org.junit.platform.engine.support.hierarchical.SameThreadHierarchicalTestExecutorService$$Lambda$289/0x0000000840117440.accept(Unknown Source)
java.base@11.0.17/java.util.ArrayList.forEach(ArrayList.java:1541)
app//org.junit.platform.engine.support.hierarchical.SameThreadHierarchicalTestExecutorService.invokeAll(SameThreadHierarchicalTestExecutorService.java:41)
app//org.junit.platform.engine.support.hierarchical.NodeTestTask.lambda$executeRecursively$6(NodeTestTask.java:155)
app//org.junit.platform.engine.support.hierarchical.NodeTestTask$$Lambda$285/0x0000000840116440.execute(Unknown Source)
app//org.junit.platform.engine.support.hierarchical.ThrowableCollector.execute(ThrowableCollector.java:73)
app//org.junit.platform.engine.support.hierarchical.NodeTestTask.lambda$executeRecursively$8(NodeTestTask.java:141)
app//org.junit.platform.engine.support.hierarchical.NodeTestTask$$Lambda$284/0x0000000840116040.invoke(Unknown Source)
app//org.junit.platform.engine.support.hierarchical.Node.around(Node.java:137)
app//org.junit.platform.engine.support.hierarchical.NodeTestTask.lambda$executeRecursively$9(NodeTestTask.java:139)
app//org.junit.platform.engine.support.hierarchical.NodeTestTask$$Lambda$283/0x0000000840115c40.execute(Unknown Source)
app//org.junit.platform.engine.support.hierarchical.ThrowableCollector.execute(ThrowableCollector.java:73)
app//org.junit.platform.engine.support.hierarchical.NodeTestTask.executeRecursively(NodeTestTask.java:138)
app//org.junit.platform.engine.support.hierarchical.NodeTestTask.execute(NodeTestTask.java:95)
app//org.junit.platform.engine.support.hierarchical.SameThreadHierarchicalTestExecutorService.submit(SameThreadHierarchicalTestExecutorService.java:35)
app//org.junit.platform.engine.support.hierarchical.HierarchicalTestExecutor.execute(HierarchicalTestExecutor.java:57)
app//org.junit.platform.engine.support.hierarchical.HierarchicalTestEngine.execute(HierarchicalTestEngine.java:54)
app//org.junit.platform.launcher.core.EngineExecutionOrchestrator.execute(EngineExecutionOrchestrator.java:147)
app//org.junit.platform.launcher.core.EngineExecutionOrchestrator.execute(EngineExecutionOrchestrator.java:127)
app//org.junit.platform.launcher.core.EngineExecutionOrchestrator.execute(EngineExecutionOrchestrator.java:90)
app//org.junit.platform.launcher.core.EngineExecutionOrchestrator.lambda$execute$0(EngineExecutionOrchestrator.java:55)
app//org.junit.platform.launcher.core.EngineExecutionOrchestrator$$Lambda$233/0x00000008400de840.accept(Unknown Source)
app//org.junit.platform.launcher.core.EngineExecutionOrchestrator.withInterceptedStreams(EngineExecutionOrchestrator.java:102)
app//org.junit.platform.launcher.core.EngineExecutionOrchestrator.execute(EngineExecutionOrchestrator.java:54)
app//org.junit.platform.launcher.core.DefaultLauncher.execute(DefaultLauncher.java:114)
app//org.junit.platform.launcher.core.DefaultLauncher.execute(DefaultLauncher.java:86)
app//org.junit.platform.launcher.core.DefaultLauncherSession$DelegatingLauncher.execute(DefaultLauncherSession.java:86)
app//org.apache.maven.surefire.junitplatform.LazyLauncher.execute(LazyLauncher.java:55)
app//org.apache.maven.surefire.junitplatform.JUnitPlatformProvider.execute(JUnitPlatformProvider.java:223)
app//org.apache.maven.surefire.junitplatform.JUnitPlatformProvider.invokeAllTests(JUnitPlatformProvider.java:175)
app//org.apache.maven.surefire.junitplatform.JUnitPlatformProvider.invoke(JUnitPlatformProvider.java:139)
app//org.apache.maven.surefire.booter.ForkedBooter.runSuitesInProcess(ForkedBooter.java:456)
app//org.apache.maven.surefire.booter.ForkedBooter.execute(ForkedBooter.java:169)
app//org.apache.maven.surefire.booter.ForkedBooter.run(ForkedBooter.java:595)
app//org.apache.maven.surefire.booter.ForkedBooter.main(ForkedBooter.java:581)

15:25:03,468 WARN  [arjuna] ARJUNA012108: CheckedAction::check - atomic action 0:ffff7f000101:9e41:63cff845:efc14 aborting with 1 threads active!
15:25:03,468 WARN  [arjuna] ARJUNA012121: TransactionReaper::doCancellations worker Thread[Transaction Reaper Worker 0,5,main] successfully canceled TX 0:ffff7f000101:9e41:63cff845:efc14
15:25:05,467 WARN  [arjuna] ARJUNA012077: Abort called on already aborted atomic action 0:ffff7f000101:9e41:63cff845:efc14
[INFO] Tests run: 3, Failures: 0, Errors: 0, Skipped: 0, Time elapsed: 11.801 s - in org.apache.commons.dbcp2.managed.TestConnectionWithNarayana
[INFO] Running org.apache.commons.dbcp2.managed.TestLocalXaResource
[INFO] Tests run: 25, Failures: 0, Errors: 0, Skipped: 0, Time elapsed: 0.01 s - in org.apache.commons.dbcp2.managed.TestLocalXaResource
[INFO] Running org.apache.commons.dbcp2.managed.TestBasicManagedDataSource
[WARNING] Tests run: 80, Failures: 0, Errors: 0, Skipped: 1, Time elapsed: 5.788 s - in org.apache.commons.dbcp2.managed.TestBasicManagedDataSource
[INFO] Running org.apache.commons.dbcp2.managed.TestPoolableManagedConnection
[INFO] Tests run: 3, Failures: 0, Errors: 0, Skipped: 0, Time elapsed: 0.014 s - in org.apache.commons.dbcp2.managed.TestPoolableManagedConnection
[INFO] Running org.apache.commons.dbcp2.TestDriverConnectionFactory
[INFO] Tests run: 2, Failures: 0, Errors: 0, Skipped: 0, Time elapsed: 0.001 s - in org.apache.commons.dbcp2.TestDriverConnectionFactory
[INFO] Running org.apache.commons.dbcp2.TestDelegatingCallableStatement
[INFO] Tests run: 124, Failures: 0, Errors: 0, Skipped: 0, Time elapsed: 0.174 s - in org.apache.commons.dbcp2.TestDelegatingCallableStatement
[INFO] Running org.apache.commons.dbcp2.TestPoolingDataSource
[INFO] Tests run: 32, Failures: 0, Errors: 0, Skipped: 0, Time elapsed: 2.932 s - in org.apache.commons.dbcp2.TestPoolingDataSource
[INFO] Running org.apache.commons.dbcp2.TestDriverManagerConnectionFactory
[INFO] Tests run: 7, Failures: 0, Errors: 0, Skipped: 0, Time elapsed: 0.22 s - in org.apache.commons.dbcp2.TestDriverManagerConnectionFactory
[INFO] Running org.apache.commons.dbcp2.TestDelegatingDatabaseMetaData
[INFO] Tests run: 179, Failures: 0, Errors: 0, Skipped: 0, Time elapsed: 0.16 s - in org.apache.commons.dbcp2.TestDelegatingDatabaseMetaData
[INFO] Running org.apache.commons.dbcp2.TestPoolingConnection
[INFO] Tests run: 9, Failures: 0, Errors: 0, Skipped: 0, Time elapsed: 0.007 s - in org.apache.commons.dbcp2.TestPoolingConnection
[INFO] Running org.apache.commons.dbcp2.TestBasicDataSourceMXBean
[INFO] Tests run: 2, Failures: 0, Errors: 0, Skipped: 0, Time elapsed: 0.001 s - in org.apache.commons.dbcp2.TestBasicDataSourceMXBean
[INFO] Running org.apache.commons.dbcp2.TestJndi
[INFO] Tests run: 3, Failures: 0, Errors: 0, Skipped: 0, Time elapsed: 0.013 s - in org.apache.commons.dbcp2.TestJndi
[INFO] Running org.apache.commons.dbcp2.TestAbandonedTrace
[INFO] Tests run: 1, Failures: 0, Errors: 0, Skipped: 0, Time elapsed: 0 s - in org.apache.commons.dbcp2.TestAbandonedTrace
[INFO] Running org.apache.commons.dbcp2.cpdsadapter.TestDriverAdapterCPDS
[INFO] Tests run: 22, Failures: 0, Errors: 0, Skipped: 0, Time elapsed: 3.087 s - in org.apache.commons.dbcp2.cpdsadapter.TestDriverAdapterCPDS
[INFO] Running org.apache.commons.dbcp2.TestUtils
[INFO] Tests run: 1, Failures: 0, Errors: 0, Skipped: 0, Time elapsed: 0.001 s - in org.apache.commons.dbcp2.TestUtils
[INFO] Running org.apache.commons.dbcp2.TestPoolableConnection
[INFO] Tests run: 7, Failures: 0, Errors: 0, Skipped: 0, Time elapsed: 0.646 s - in org.apache.commons.dbcp2.TestPoolableConnection
[INFO] Running org.apache.commons.dbcp2.TestDelegatingStatement
[INFO] Tests run: 57, Failures: 0, Errors: 0, Skipped: 0, Time elapsed: 0.045 s - in org.apache.commons.dbcp2.TestDelegatingStatement
[INFO] 
[INFO] Results:
[INFO] 
[WARNING] Tests run: 1496, Failures: 0, Errors: 0, Skipped: 9
[INFO] 
[INFO] ------------------------------------------------------------------------
[INFO] BUILD SUCCESS
[INFO] ------------------------------------------------------------------------
[INFO] Total time:  01:53 min
[INFO] Finished at: 2023-01-24T15:25:18Z
[INFO] ------------------------------------------------------------------------
