[INFO] Scanning for projects...
[INFO] 
[INFO] --------------------< dev.majek.hexnicks:HexNicks >---------------------
[INFO] Building HexNicks 2.3.0-SNAPSHOT
[INFO] --------------------------------[ jar ]---------------------------------
[INFO] Downloading from sonatype: https://oss.sonatype.org/content/groups/public/com/destroystokyo/paper/paper-api/1.16.5-R0.1-SNAPSHOT/maven-metadata.xml
[INFO] Downloading from jitpack.io: https://jitpack.io/com/destroystokyo/paper/paper-api/1.16.5-R0.1-SNAPSHOT/maven-metadata.xml
[INFO] Downloading from placeholderapi: https://repo.extendedclip.com/content/repositories/placeholderapi/com/destroystokyo/paper/paper-api/1.16.5-R0.1-SNAPSHOT/maven-metadata.xml
[INFO] Downloading from papermc-repo: https://papermc.io/repo/repository/maven-public/com/destroystokyo/paper/paper-api/1.16.5-R0.1-SNAPSHOT/maven-metadata.xml
[INFO] Downloading from essentials-releases: https://repo.essentialsx.net/releases/com/destroystokyo/paper/paper-api/1.16.5-R0.1-SNAPSHOT/maven-metadata.xml
[INFO] Downloaded from papermc-repo: https://papermc.io/repo/repository/maven-public/com/destroystokyo/paper/paper-api/1.16.5-R0.1-SNAPSHOT/maven-metadata.xml (1.5 kB at 3.1 kB/s)
[INFO] Downloaded from essentials-releases: https://repo.essentialsx.net/releases/com/destroystokyo/paper/paper-api/1.16.5-R0.1-SNAPSHOT/maven-metadata.xml (1.5 kB at 3.6 kB/s)
[INFO] Downloading from papermc-repo: https://papermc.io/repo/repository/maven-public/com/destroystokyo/paper/paper-api/1.16.5-R0.1-SNAPSHOT/paper-api-1.16.5-R0.1-20211218.082619-371.pom
[INFO] Downloaded from papermc-repo: https://papermc.io/repo/repository/maven-public/com/destroystokyo/paper/paper-api/1.16.5-R0.1-SNAPSHOT/paper-api-1.16.5-R0.1-20211218.082619-371.pom (0 B at 0 B/s)
[INFO] Downloading from sonatype: https://oss.sonatype.org/content/groups/public/com/destroystokyo/paper/paper-parent/dev-SNAPSHOT/maven-metadata.xml
[INFO] Downloading from papermc-repo: https://papermc.io/repo/repository/maven-public/com/destroystokyo/paper/paper-parent/dev-SNAPSHOT/maven-metadata.xml
[INFO] Downloading from placeholderapi: https://repo.extendedclip.com/content/repositories/placeholderapi/com/destroystokyo/paper/paper-parent/dev-SNAPSHOT/maven-metadata.xml
[INFO] Downloading from jitpack.io: https://jitpack.io/com/destroystokyo/paper/paper-parent/dev-SNAPSHOT/maven-metadata.xml
[INFO] Downloaded from papermc-repo: https://papermc.io/repo/repository/maven-public/com/destroystokyo/paper/paper-parent/dev-SNAPSHOT/maven-metadata.xml (610 B at 5.5 kB/s)
[INFO] Downloading from essentials-releases: https://repo.essentialsx.net/releases/com/destroystokyo/paper/paper-parent/dev-SNAPSHOT/maven-metadata.xml
[INFO] Downloaded from essentials-releases: https://repo.essentialsx.net/releases/com/destroystokyo/paper/paper-parent/dev-SNAPSHOT/maven-metadata.xml (610 B at 2.7 kB/s)
[INFO] Downloading from papermc-repo: https://papermc.io/repo/repository/maven-public/net/kyori/adventure-bom/4.7.0/adventure-bom-4.7.0.pom
[INFO] Downloaded from papermc-repo: https://papermc.io/repo/repository/maven-public/net/kyori/adventure-bom/4.7.0/adventure-bom-4.7.0.pom (0 B at 0 B/s)
[INFO] Downloading from papermc-repo: https://papermc.io/repo/repository/maven-public/net/kyori/adventure-platform-bukkit/4.0.1/adventure-platform-bukkit-4.0.1.pom
[INFO] Downloaded from papermc-repo: https://papermc.io/repo/repository/maven-public/net/kyori/adventure-platform-bukkit/4.0.1/adventure-platform-bukkit-4.0.1.pom (4.1 kB at 38 kB/s)
[INFO] Downloading from papermc-repo: https://papermc.io/repo/repository/maven-public/net/kyori/adventure-platform-api/4.0.1/adventure-platform-api-4.0.1.pom
[INFO] Downloaded from papermc-repo: https://papermc.io/repo/repository/maven-public/net/kyori/adventure-platform-api/4.0.1/adventure-platform-api-4.0.1.pom (2.4 kB at 22 kB/s)
[INFO] Downloading from papermc-repo: https://papermc.io/repo/repository/maven-public/net/kyori/adventure-api/4.9.1/adventure-api-4.9.1.pom
[INFO] Downloaded from papermc-repo: https://papermc.io/repo/repository/maven-public/net/kyori/adventure-api/4.9.1/adventure-api-4.9.1.pom (3.2 kB at 29 kB/s)
[INFO] Downloading from papermc-repo: https://papermc.io/repo/repository/maven-public/net/kyori/adventure-bom/4.9.1/adventure-bom-4.9.1.pom
[INFO] Downloaded from papermc-repo: https://papermc.io/repo/repository/maven-public/net/kyori/adventure-bom/4.9.1/adventure-bom-4.9.1.pom (4.0 kB at 37 kB/s)
[INFO] Downloading from papermc-repo: https://papermc.io/repo/repository/maven-public/net/kyori/adventure-key/4.9.1/adventure-key-4.9.1.pom
[INFO] Downloaded from papermc-repo: https://papermc.io/repo/repository/maven-public/net/kyori/adventure-key/4.9.1/adventure-key-4.9.1.pom (3.0 kB at 29 kB/s)
[INFO] Downloading from papermc-repo: https://papermc.io/repo/repository/maven-public/net/kyori/adventure-text-serializer-bungeecord/4.0.1/adventure-text-serializer-bungeecord-4.0.1.pom
[INFO] Downloaded from papermc-repo: https://papermc.io/repo/repository/maven-public/net/kyori/adventure-text-serializer-bungeecord/4.0.1/adventure-text-serializer-bungeecord-4.0.1.pom (3.0 kB at 27 kB/s)
[INFO] Downloading from papermc-repo: https://papermc.io/repo/repository/maven-public/net/kyori/adventure-text-serializer-legacy/4.9.1/adventure-text-serializer-legacy-4.9.1.pom
[INFO] Downloaded from papermc-repo: https://papermc.io/repo/repository/maven-public/net/kyori/adventure-text-serializer-legacy/4.9.1/adventure-text-serializer-legacy-4.9.1.pom (2.7 kB at 23 kB/s)
[INFO] Downloading from papermc-repo: https://papermc.io/repo/repository/maven-public/net/kyori/adventure-text-serializer-gson/4.9.1/adventure-text-serializer-gson-4.9.1.pom
[INFO] Downloaded from papermc-repo: https://papermc.io/repo/repository/maven-public/net/kyori/adventure-text-serializer-gson/4.9.1/adventure-text-serializer-gson-4.9.1.pom (2.9 kB at 25 kB/s)
[INFO] Downloading from papermc-repo: https://papermc.io/repo/repository/maven-public/net/kyori/adventure-nbt/4.9.1/adventure-nbt-4.9.1.pom
[INFO] Downloaded from papermc-repo: https://papermc.io/repo/repository/maven-public/net/kyori/adventure-nbt/4.9.1/adventure-nbt-4.9.1.pom (3.0 kB at 29 kB/s)
[INFO] Downloading from papermc-repo: https://papermc.io/repo/repository/maven-public/net/kyori/adventure-text-serializer-gson-legacy-impl/4.9.1/adventure-text-serializer-gson-legacy-impl-4.9.1.pom
[INFO] Downloaded from papermc-repo: https://papermc.io/repo/repository/maven-public/net/kyori/adventure-text-serializer-gson-legacy-impl/4.9.1/adventure-text-serializer-gson-legacy-impl-4.9.1.pom (3.1 kB at 30 kB/s)
[INFO] Downloading from papermc-repo: https://papermc.io/repo/repository/maven-public/net/kyori/adventure-platform-facet/4.0.1/adventure-platform-facet-4.0.1.pom
[INFO] Downloaded from papermc-repo: https://papermc.io/repo/repository/maven-public/net/kyori/adventure-platform-facet/4.0.1/adventure-platform-facet-4.0.1.pom (2.6 kB at 24 kB/s)
[INFO] Downloading from papermc-repo: https://papermc.io/repo/repository/maven-public/net/kyori/adventure-platform-viaversion/4.0.1/adventure-platform-viaversion-4.0.1.pom
[INFO] Downloaded from papermc-repo: https://papermc.io/repo/repository/maven-public/net/kyori/adventure-platform-viaversion/4.0.1/adventure-platform-viaversion-4.0.1.pom (3.0 kB at 25 kB/s)
[INFO] Downloading from papermc-repo: https://papermc.io/repo/repository/maven-public/net/kyori/adventure-text-minimessage/4.10.0-SNAPSHOT/adventure-text-minimessage-4.10.0-20220207.012501-47.pom
[INFO] Downloading from sonatype: https://oss.sonatype.org/content/groups/public/net/kyori/adventure-text-minimessage/4.10.0-SNAPSHOT/adventure-text-minimessage-4.10.0-20220207.012501-47.pom
[INFO] Downloading from placeholderapi: https://repo.extendedclip.com/content/repositories/placeholderapi/net/kyori/adventure-text-minimessage/4.10.0-SNAPSHOT/adventure-text-minimessage-4.10.0-20220207.012501-47.pom
[INFO] Downloading from jitpack.io: https://jitpack.io/net/kyori/adventure-text-minimessage/4.10.0-SNAPSHOT/adventure-text-minimessage-4.10.0-20220207.012501-47.pom
[INFO] Downloading from essentials-releases: https://repo.essentialsx.net/releases/net/kyori/adventure-text-minimessage/4.10.0-SNAPSHOT/adventure-text-minimessage-4.10.0-20220207.012501-47.pom
[WARNING] The POM for net.kyori:adventure-text-minimessage:jar:4.10.0-20220207.012501-47 is missing, no dependency information available
[INFO] Downloading from papermc-repo: https://papermc.io/repo/repository/maven-public/net/kyori/adventure-text-serializer-plain/4.10.0/adventure-text-serializer-plain-4.10.0.pom
[INFO] Downloaded from papermc-repo: https://papermc.io/repo/repository/maven-public/net/kyori/adventure-text-serializer-plain/4.10.0/adventure-text-serializer-plain-4.10.0.pom (0 B at 0 B/s)
[INFO] Downloading from papermc-repo: https://papermc.io/repo/repository/maven-public/me/clip/placeholderapi/2.11.1/placeholderapi-2.11.1.pom
[INFO] Downloading from sonatype: https://oss.sonatype.org/content/groups/public/me/clip/placeholderapi/2.11.1/placeholderapi-2.11.1.pom
[INFO] Downloading from placeholderapi: https://repo.extendedclip.com/content/repositories/placeholderapi/me/clip/placeholderapi/2.11.1/placeholderapi-2.11.1.pom
[INFO] Downloaded from placeholderapi: https://repo.extendedclip.com/content/repositories/placeholderapi/me/clip/placeholderapi/2.11.1/placeholderapi-2.11.1.pom (962 B at 3.7 kB/s)
[INFO] Downloading from papermc-repo: https://papermc.io/repo/repository/maven-public/com/github/MilkBowl/VaultAPI/1.7.1/VaultAPI-1.7.1.pom
[INFO] Downloading from sonatype: https://oss.sonatype.org/content/groups/public/com/github/MilkBowl/VaultAPI/1.7.1/VaultAPI-1.7.1.pom
[INFO] Downloading from placeholderapi: https://repo.extendedclip.com/content/repositories/placeholderapi/com/github/MilkBowl/VaultAPI/1.7.1/VaultAPI-1.7.1.pom
[INFO] Downloading from jitpack.io: https://jitpack.io/com/github/MilkBowl/VaultAPI/1.7.1/VaultAPI-1.7.1.pom
[INFO] Downloaded from jitpack.io: https://jitpack.io/com/github/MilkBowl/VaultAPI/1.7.1/VaultAPI-1.7.1.pom (0 B at 0 B/s)
[INFO] Downloading from papermc-repo: https://papermc.io/repo/repository/maven-public/com/tchristofferson/ConfigUpdater/2.0-SNAPSHOT/maven-metadata.xml
[INFO] Downloading from sonatype: https://oss.sonatype.org/content/groups/public/com/tchristofferson/ConfigUpdater/2.0-SNAPSHOT/maven-metadata.xml
[INFO] Downloading from placeholderapi: https://repo.extendedclip.com/content/repositories/placeholderapi/com/tchristofferson/ConfigUpdater/2.0-SNAPSHOT/maven-metadata.xml
[INFO] Downloading from jitpack.io: https://jitpack.io/com/tchristofferson/ConfigUpdater/2.0-SNAPSHOT/maven-metadata.xml
[INFO] Downloading from essentials-releases: https://repo.essentialsx.net/releases/com/tchristofferson/ConfigUpdater/2.0-SNAPSHOT/maven-metadata.xml
[INFO] Downloaded from sonatype: https://oss.sonatype.org/content/groups/public/com/tchristofferson/ConfigUpdater/2.0-SNAPSHOT/maven-metadata.xml (776 B at 3.0 kB/s)
[INFO] Downloaded from papermc-repo: https://papermc.io/repo/repository/maven-public/com/tchristofferson/ConfigUpdater/2.0-SNAPSHOT/maven-metadata.xml (776 B at 354 B/s)
[INFO] Downloaded from essentials-releases: https://repo.essentialsx.net/releases/com/tchristofferson/ConfigUpdater/2.0-SNAPSHOT/maven-metadata.xml (776 B at 374 B/s)
[INFO] Downloading from papermc-repo: https://papermc.io/repo/repository/maven-public/com/tchristofferson/ConfigUpdater/2.0-SNAPSHOT/ConfigUpdater-2.0-20220311.222416-7.pom
[INFO] Downloaded from papermc-repo: https://papermc.io/repo/repository/maven-public/com/tchristofferson/ConfigUpdater/2.0-SNAPSHOT/ConfigUpdater-2.0-20220311.222416-7.pom (1.9 kB at 10 kB/s)
[INFO] Downloading from papermc-repo: https://papermc.io/repo/repository/maven-public/net/essentialsx/EssentialsX/2.19.2/EssentialsX-2.19.2.pom
[INFO] Downloading from sonatype: https://oss.sonatype.org/content/groups/public/net/essentialsx/EssentialsX/2.19.2/EssentialsX-2.19.2.pom
[INFO] Downloading from placeholderapi: https://repo.extendedclip.com/content/repositories/placeholderapi/net/essentialsx/EssentialsX/2.19.2/EssentialsX-2.19.2.pom
[INFO] Downloading from jitpack.io: https://jitpack.io/net/essentialsx/EssentialsX/2.19.2/EssentialsX-2.19.2.pom
[INFO] Downloading from essentials-releases: https://repo.essentialsx.net/releases/net/essentialsx/EssentialsX/2.19.2/EssentialsX-2.19.2.pom
[INFO] Downloaded from essentials-releases: https://repo.essentialsx.net/releases/net/essentialsx/EssentialsX/2.19.2/EssentialsX-2.19.2.pom (4.4 kB at 37 kB/s)
[INFO] Downloading from papermc-repo: https://papermc.io/repo/repository/maven-public/io/papermc/paperlib/1.0.6/paperlib-1.0.6.pom
[INFO] Downloaded from papermc-repo: https://papermc.io/repo/repository/maven-public/io/papermc/paperlib/1.0.6/paperlib-1.0.6.pom (0 B at 0 B/s)
[INFO] Downloading from papermc-repo: https://papermc.io/repo/repository/maven-public/net/essentialsx/BaseProviders/2.19.2/BaseProviders-2.19.2.pom
[INFO] Downloading from sonatype: https://oss.sonatype.org/content/groups/public/net/essentialsx/BaseProviders/2.19.2/BaseProviders-2.19.2.pom
[INFO] Downloading from placeholderapi: https://repo.extendedclip.com/content/repositories/placeholderapi/net/essentialsx/BaseProviders/2.19.2/BaseProviders-2.19.2.pom
[INFO] Downloading from jitpack.io: https://jitpack.io/net/essentialsx/BaseProviders/2.19.2/BaseProviders-2.19.2.pom
[INFO] Downloading from essentials-releases: https://repo.essentialsx.net/releases/net/essentialsx/BaseProviders/2.19.2/BaseProviders-2.19.2.pom
[INFO] Downloaded from essentials-releases: https://repo.essentialsx.net/releases/net/essentialsx/BaseProviders/2.19.2/BaseProviders-2.19.2.pom (2.3 kB at 23 kB/s)
[INFO] Downloading from papermc-repo: https://papermc.io/repo/repository/maven-public/org/spigotmc/spigot-api/1.18.1-R0.1-SNAPSHOT/maven-metadata.xml
[INFO] Downloading from sonatype: https://oss.sonatype.org/content/groups/public/org/spigotmc/spigot-api/1.18.1-R0.1-SNAPSHOT/maven-metadata.xml
[INFO] Downloading from placeholderapi: https://repo.extendedclip.com/content/repositories/placeholderapi/org/spigotmc/spigot-api/1.18.1-R0.1-SNAPSHOT/maven-metadata.xml
[INFO] Downloading from jitpack.io: https://jitpack.io/org/spigotmc/spigot-api/1.18.1-R0.1-SNAPSHOT/maven-metadata.xml
[INFO] Downloaded from papermc-repo: https://papermc.io/repo/repository/maven-public/org/spigotmc/spigot-api/1.18.1-R0.1-SNAPSHOT/maven-metadata.xml (1.5 kB at 14 kB/s)
[INFO] Downloading from essentials-releases: https://repo.essentialsx.net/releases/org/spigotmc/spigot-api/1.18.1-R0.1-SNAPSHOT/maven-metadata.xml
[INFO] Downloaded from essentials-releases: https://repo.essentialsx.net/releases/org/spigotmc/spigot-api/1.18.1-R0.1-SNAPSHOT/maven-metadata.xml (1.5 kB at 5.1 kB/s)
[INFO] Downloading from papermc-repo: https://papermc.io/repo/repository/maven-public/org/spigotmc/spigot-api/1.18.1-R0.1-SNAPSHOT/spigot-api-1.18.1-R0.1-20220228.150432-81.pom
[INFO] Downloaded from papermc-repo: https://papermc.io/repo/repository/maven-public/org/spigotmc/spigot-api/1.18.1-R0.1-SNAPSHOT/spigot-api-1.18.1-R0.1-20220228.150432-81.pom (0 B at 0 B/s)
[INFO] Downloading from papermc-repo: https://papermc.io/repo/repository/maven-public/net/essentialsx/PaperProvider/2.19.2/PaperProvider-2.19.2.pom
[INFO] Downloading from sonatype: https://oss.sonatype.org/content/groups/public/net/essentialsx/PaperProvider/2.19.2/PaperProvider-2.19.2.pom
[INFO] Downloading from placeholderapi: https://repo.extendedclip.com/content/repositories/placeholderapi/net/essentialsx/PaperProvider/2.19.2/PaperProvider-2.19.2.pom
[INFO] Downloading from jitpack.io: https://jitpack.io/net/essentialsx/PaperProvider/2.19.2/PaperProvider-2.19.2.pom
[INFO] Downloading from essentials-releases: https://repo.essentialsx.net/releases/net/essentialsx/PaperProvider/2.19.2/PaperProvider-2.19.2.pom
[INFO] Downloaded from essentials-releases: https://repo.essentialsx.net/releases/net/essentialsx/PaperProvider/2.19.2/PaperProvider-2.19.2.pom (2.3 kB at 22 kB/s)
[INFO] Downloading from papermc-repo: https://papermc.io/repo/repository/maven-public/net/essentialsx/NMSReflectionProvider/2.19.2/NMSReflectionProvider-2.19.2.pom
[INFO] Downloading from sonatype: https://oss.sonatype.org/content/groups/public/net/essentialsx/NMSReflectionProvider/2.19.2/NMSReflectionProvider-2.19.2.pom
[INFO] Downloading from placeholderapi: https://repo.extendedclip.com/content/repositories/placeholderapi/net/essentialsx/NMSReflectionProvider/2.19.2/NMSReflectionProvider-2.19.2.pom
[INFO] Downloading from jitpack.io: https://jitpack.io/net/essentialsx/NMSReflectionProvider/2.19.2/NMSReflectionProvider-2.19.2.pom
[INFO] Downloading from essentials-releases: https://repo.essentialsx.net/releases/net/essentialsx/NMSReflectionProvider/2.19.2/NMSReflectionProvider-2.19.2.pom
[INFO] Downloaded from essentials-releases: https://repo.essentialsx.net/releases/net/essentialsx/NMSReflectionProvider/2.19.2/NMSReflectionProvider-2.19.2.pom (2.5 kB at 25 kB/s)
[INFO] Downloading from papermc-repo: https://papermc.io/repo/repository/maven-public/net/essentialsx/1_8Provider/2.19.2/1_8Provider-2.19.2.pom
[INFO] Downloading from sonatype: https://oss.sonatype.org/content/groups/public/net/essentialsx/1_8Provider/2.19.2/1_8Provider-2.19.2.pom
[INFO] Downloading from placeholderapi: https://repo.extendedclip.com/content/repositories/placeholderapi/net/essentialsx/1_8Provider/2.19.2/1_8Provider-2.19.2.pom
[INFO] Downloading from jitpack.io: https://jitpack.io/net/essentialsx/1_8Provider/2.19.2/1_8Provider-2.19.2.pom
[INFO] Downloading from essentials-releases: https://repo.essentialsx.net/releases/net/essentialsx/1_8Provider/2.19.2/1_8Provider-2.19.2.pom
[INFO] Downloaded from essentials-releases: https://repo.essentialsx.net/releases/net/essentialsx/1_8Provider/2.19.2/1_8Provider-2.19.2.pom (2.7 kB at 25 kB/s)
[INFO] Downloading from papermc-repo: https://papermc.io/repo/repository/maven-public/org/spigotmc/spigot-api/1.8.8-R0.1-SNAPSHOT/maven-metadata.xml
[INFO] Downloading from sonatype: https://oss.sonatype.org/content/groups/public/org/spigotmc/spigot-api/1.8.8-R0.1-SNAPSHOT/maven-metadata.xml
[INFO] Downloading from jitpack.io: https://jitpack.io/org/spigotmc/spigot-api/1.8.8-R0.1-SNAPSHOT/maven-metadata.xml
[INFO] Downloading from placeholderapi: https://repo.extendedclip.com/content/repositories/placeholderapi/org/spigotmc/spigot-api/1.8.8-R0.1-SNAPSHOT/maven-metadata.xml
[INFO] Downloaded from papermc-repo: https://papermc.io/repo/repository/maven-public/org/spigotmc/spigot-api/1.8.8-R0.1-SNAPSHOT/maven-metadata.xml (1.4 kB at 14 kB/s)
[INFO] Downloading from essentials-releases: https://repo.essentialsx.net/releases/org/spigotmc/spigot-api/1.8.8-R0.1-SNAPSHOT/maven-metadata.xml
[INFO] Downloaded from essentials-releases: https://repo.essentialsx.net/releases/org/spigotmc/spigot-api/1.8.8-R0.1-SNAPSHOT/maven-metadata.xml (1.4 kB at 3.5 kB/s)
[INFO] Downloading from papermc-repo: https://papermc.io/repo/repository/maven-public/org/spigotmc/spigot-api/1.8.8-R0.1-SNAPSHOT/spigot-api-1.8.8-R0.1-20160221.082514-43.pom
[INFO] Downloaded from papermc-repo: https://papermc.io/repo/repository/maven-public/org/spigotmc/spigot-api/1.8.8-R0.1-SNAPSHOT/spigot-api-1.8.8-R0.1-20160221.082514-43.pom (0 B at 0 B/s)
[INFO] Downloading from papermc-repo: https://papermc.io/repo/repository/maven-public/net/md-5/bungeecord-chat/1.8-SNAPSHOT/maven-metadata.xml
[INFO] Downloading from sonatype: https://oss.sonatype.org/content/groups/public/net/md-5/bungeecord-chat/1.8-SNAPSHOT/maven-metadata.xml
[INFO] Downloading from placeholderapi: https://repo.extendedclip.com/content/repositories/placeholderapi/net/md-5/bungeecord-chat/1.8-SNAPSHOT/maven-metadata.xml
[INFO] Downloading from jitpack.io: https://jitpack.io/net/md-5/bungeecord-chat/1.8-SNAPSHOT/maven-metadata.xml
[INFO] Downloaded from papermc-repo: https://papermc.io/repo/repository/maven-public/net/md-5/bungeecord-chat/1.8-SNAPSHOT/maven-metadata.xml (1.2 kB at 11 kB/s)
[INFO] Downloading from essentials-releases: https://repo.essentialsx.net/releases/net/md-5/bungeecord-chat/1.8-SNAPSHOT/maven-metadata.xml
[INFO] Downloading from sonatype-nexus-snapshots: https://oss.sonatype.org/content/repositories/snapshots/net/md-5/bungeecord-chat/1.8-SNAPSHOT/maven-metadata.xml
[INFO] Downloaded from sonatype: https://oss.sonatype.org/content/groups/public/net/md-5/bungeecord-chat/1.8-SNAPSHOT/maven-metadata.xml (1.2 kB at 5.0 kB/s)
[INFO] Downloaded from essentials-releases: https://repo.essentialsx.net/releases/net/md-5/bungeecord-chat/1.8-SNAPSHOT/maven-metadata.xml (1.2 kB at 5.5 kB/s)
[INFO] Downloaded from sonatype-nexus-snapshots: https://oss.sonatype.org/content/repositories/snapshots/net/md-5/bungeecord-chat/1.8-SNAPSHOT/maven-metadata.xml (1.2 kB at 2.0 kB/s)
[INFO] Downloading from papermc-repo: https://papermc.io/repo/repository/maven-public/net/md-5/bungeecord-parent/1.8-SNAPSHOT/maven-metadata.xml
[INFO] Downloading from placeholderapi: https://repo.extendedclip.com/content/repositories/placeholderapi/net/md-5/bungeecord-parent/1.8-SNAPSHOT/maven-metadata.xml
[INFO] Downloading from sonatype: https://oss.sonatype.org/content/groups/public/net/md-5/bungeecord-parent/1.8-SNAPSHOT/maven-metadata.xml
[INFO] Downloading from jitpack.io: https://jitpack.io/net/md-5/bungeecord-parent/1.8-SNAPSHOT/maven-metadata.xml
[INFO] Downloaded from papermc-repo: https://papermc.io/repo/repository/maven-public/net/md-5/bungeecord-parent/1.8-SNAPSHOT/maven-metadata.xml (602 B at 5.5 kB/s)
[INFO] Downloading from essentials-releases: https://repo.essentialsx.net/releases/net/md-5/bungeecord-parent/1.8-SNAPSHOT/maven-metadata.xml
[INFO] Downloading from sonatype-nexus-snapshots: https://oss.sonatype.org/content/repositories/snapshots/net/md-5/bungeecord-parent/1.8-SNAPSHOT/maven-metadata.xml
[INFO] Downloaded from sonatype: https://oss.sonatype.org/content/groups/public/net/md-5/bungeecord-parent/1.8-SNAPSHOT/maven-metadata.xml (602 B at 2.4 kB/s)
[INFO] Downloaded from essentials-releases: https://repo.essentialsx.net/releases/net/md-5/bungeecord-parent/1.8-SNAPSHOT/maven-metadata.xml (602 B at 2.8 kB/s)
[INFO] Downloaded from sonatype-nexus-snapshots: https://oss.sonatype.org/content/repositories/snapshots/net/md-5/bungeecord-parent/1.8-SNAPSHOT/maven-metadata.xml (602 B at 2.5 kB/s)
[INFO] Downloading from papermc-repo: https://papermc.io/repo/repository/maven-public/net/md-5/bungeecord-parent/1.8-SNAPSHOT/bungeecord-parent-1.8-20160221.214544-128.pom
[INFO] Downloaded from papermc-repo: https://papermc.io/repo/repository/maven-public/net/md-5/bungeecord-parent/1.8-SNAPSHOT/bungeecord-parent-1.8-20160221.214544-128.pom (0 B at 0 B/s)
[INFO] Downloading from papermc-repo: https://papermc.io/repo/repository/maven-public/net/essentialsx/1_12Provider/2.19.2/1_12Provider-2.19.2.pom
[INFO] Downloading from sonatype: https://oss.sonatype.org/content/groups/public/net/essentialsx/1_12Provider/2.19.2/1_12Provider-2.19.2.pom
[INFO] Downloading from placeholderapi: https://repo.extendedclip.com/content/repositories/placeholderapi/net/essentialsx/1_12Provider/2.19.2/1_12Provider-2.19.2.pom
[INFO] Downloading from jitpack.io: https://jitpack.io/net/essentialsx/1_12Provider/2.19.2/1_12Provider-2.19.2.pom
[INFO] Downloading from essentials-releases: https://repo.essentialsx.net/releases/net/essentialsx/1_12Provider/2.19.2/1_12Provider-2.19.2.pom
[INFO] Downloaded from essentials-releases: https://repo.essentialsx.net/releases/net/essentialsx/1_12Provider/2.19.2/1_12Provider-2.19.2.pom (2.3 kB at 22 kB/s)
[INFO] Downloading from papermc-repo: https://papermc.io/repo/repository/maven-public/org/spongepowered/configurate-yaml/4.1.2/configurate-yaml-4.1.2.pom
[INFO] Downloaded from papermc-repo: https://papermc.io/repo/repository/maven-public/org/spongepowered/configurate-yaml/4.1.2/configurate-yaml-4.1.2.pom (0 B at 0 B/s)
[INFO] Downloading from papermc-repo: https://papermc.io/repo/repository/maven-public/org/spongepowered/configurate-core/4.1.2/configurate-core-4.1.2.pom
[INFO] Downloaded from papermc-repo: https://papermc.io/repo/repository/maven-public/org/spongepowered/configurate-core/4.1.2/configurate-core-4.1.2.pom (0 B at 0 B/s)
[INFO] Downloading from papermc-repo: https://papermc.io/repo/repository/maven-public/com/destroystokyo/paper/paper-api/1.16.5-R0.1-SNAPSHOT/paper-api-1.16.5-R0.1-20211218.082619-371.jar
[INFO] Downloading from papermc-repo: https://papermc.io/repo/repository/maven-public/net/kyori/adventure-api/4.10.0/adventure-api-4.10.0.jar
[INFO] Downloading from papermc-repo: https://papermc.io/repo/repository/maven-public/net/kyori/adventure-key/4.10.0/adventure-key-4.10.0.jar
[INFO] Downloading from papermc-repo: https://papermc.io/repo/repository/maven-public/net/kyori/adventure-platform-bukkit/4.0.1/adventure-platform-bukkit-4.0.1.jar
[INFO] Downloading from papermc-repo: https://papermc.io/repo/repository/maven-public/net/kyori/adventure-platform-api/4.0.1/adventure-platform-api-4.0.1.jar
[INFO] Downloaded from papermc-repo: https://papermc.io/repo/repository/maven-public/com/destroystokyo/paper/paper-api/1.16.5-R0.1-SNAPSHOT/paper-api-1.16.5-R0.1-20211218.082619-371.jar (0 B at 0 B/s)
[INFO] Downloading from papermc-repo: https://papermc.io/repo/repository/maven-public/net/kyori/adventure-text-serializer-bungeecord/4.0.1/adventure-text-serializer-bungeecord-4.0.1.jar
[INFO] Downloaded from papermc-repo: https://papermc.io/repo/repository/maven-public/net/kyori/adventure-key/4.10.0/adventure-key-4.10.0.jar (8.5 kB at 26 kB/s)
[INFO] Downloading from papermc-repo: https://papermc.io/repo/repository/maven-public/net/kyori/adventure-nbt/4.9.1/adventure-nbt-4.9.1.jar
[INFO] Downloaded from papermc-repo: https://papermc.io/repo/repository/maven-public/net/kyori/adventure-platform-api/4.0.1/adventure-platform-api-4.0.1.jar (2.5 kB at 6.3 kB/s)
[INFO] Downloading from papermc-repo: https://papermc.io/repo/repository/maven-public/net/kyori/adventure-text-minimessage/4.10.0-SNAPSHOT/adventure-text-minimessage-4.10.0-20220207.012501-47.jar
[INFO] Downloaded from papermc-repo: https://papermc.io/repo/repository/maven-public/net/kyori/adventure-platform-bukkit/4.0.1/adventure-platform-bukkit-4.0.1.jar (110 kB at 256 kB/s)
[INFO] Downloading from papermc-repo: https://papermc.io/repo/repository/maven-public/net/kyori/adventure-text-serializer-plain/4.10.0/adventure-text-serializer-plain-4.10.0.jar
[INFO] Downloaded from papermc-repo: https://papermc.io/repo/repository/maven-public/net/kyori/adventure-api/4.10.0/adventure-api-4.10.0.jar (309 kB at 648 kB/s)
[INFO] Downloading from papermc-repo: https://papermc.io/repo/repository/maven-public/me/clip/placeholderapi/2.11.1/placeholderapi-2.11.1.jar
[INFO] Downloaded from papermc-repo: https://papermc.io/repo/repository/maven-public/net/kyori/adventure-text-serializer-bungeecord/4.0.1/adventure-text-serializer-bungeecord-4.0.1.jar (9.6 kB at 18 kB/s)
[INFO] Downloading from papermc-repo: https://papermc.io/repo/repository/maven-public/com/github/MilkBowl/VaultAPI/1.7.1/VaultAPI-1.7.1.jar
[INFO] Downloaded from papermc-repo: https://papermc.io/repo/repository/maven-public/net/kyori/adventure-nbt/4.9.1/adventure-nbt-4.9.1.jar (93 kB at 134 kB/s)
[INFO] Downloading from papermc-repo: https://papermc.io/repo/repository/maven-public/com/tchristofferson/ConfigUpdater/2.0-SNAPSHOT/ConfigUpdater-2.0-20220311.222416-7.jar
[INFO] Downloading from papermc-repo: https://papermc.io/repo/repository/maven-public/net/essentialsx/EssentialsX/2.19.2/EssentialsX-2.19.2.jar
[INFO] Downloading from papermc-repo: https://papermc.io/repo/repository/maven-public/io/papermc/paperlib/1.0.6/paperlib-1.0.6.jar
[INFO] Downloaded from papermc-repo: https://papermc.io/repo/repository/maven-public/net/kyori/adventure-text-serializer-plain/4.10.0/adventure-text-serializer-plain-4.10.0.jar (13 kB at 16 kB/s)
[INFO] Downloading from papermc-repo: https://papermc.io/repo/repository/maven-public/net/essentialsx/BaseProviders/2.19.2/BaseProviders-2.19.2.jar
[INFO] Downloaded from papermc-repo: https://papermc.io/repo/repository/maven-public/io/papermc/paperlib/1.0.6/paperlib-1.0.6.jar (0 B at 0 B/s)
[INFO] Downloading from papermc-repo: https://papermc.io/repo/repository/maven-public/net/essentialsx/PaperProvider/2.19.2/PaperProvider-2.19.2.jar
[INFO] Downloaded from papermc-repo: https://papermc.io/repo/repository/maven-public/com/tchristofferson/ConfigUpdater/2.0-SNAPSHOT/ConfigUpdater-2.0-20220311.222416-7.jar (8.9 kB at 8.9 kB/s)
[INFO] Downloading from papermc-repo: https://papermc.io/repo/repository/maven-public/net/essentialsx/NMSReflectionProvider/2.19.2/NMSReflectionProvider-2.19.2.jar
[INFO] Downloading from papermc-repo: https://papermc.io/repo/repository/maven-public/net/essentialsx/1_8Provider/2.19.2/1_8Provider-2.19.2.jar
[INFO] Downloading from papermc-repo: https://papermc.io/repo/repository/maven-public/net/essentialsx/1_12Provider/2.19.2/1_12Provider-2.19.2.jar
[INFO] Downloading from papermc-repo: https://papermc.io/repo/repository/maven-public/org/spigotmc/spigot-api/1.18.1-R0.1-SNAPSHOT/spigot-api-1.18.1-R0.1-20220228.150432-81.jar
[INFO] Downloading from papermc-repo: https://papermc.io/repo/repository/maven-public/org/spongepowered/configurate-yaml/4.1.2/configurate-yaml-4.1.2.jar
[INFO] Downloaded from papermc-repo: https://papermc.io/repo/repository/maven-public/org/spigotmc/spigot-api/1.18.1-R0.1-SNAPSHOT/spigot-api-1.18.1-R0.1-20220228.150432-81.jar (0 B at 0 B/s)
[INFO] Downloading from papermc-repo: https://papermc.io/repo/repository/maven-public/org/spongepowered/configurate-core/4.1.2/configurate-core-4.1.2.jar
[INFO] Downloaded from papermc-repo: https://papermc.io/repo/repository/maven-public/org/spongepowered/configurate-core/4.1.2/configurate-core-4.1.2.jar (0 B at 0 B/s)
[INFO] Downloaded from papermc-repo: https://papermc.io/repo/repository/maven-public/org/spongepowered/configurate-yaml/4.1.2/configurate-yaml-4.1.2.jar (27 kB at 9.8 kB/s)
[INFO] Downloading from sonatype: https://oss.sonatype.org/content/groups/public/net/kyori/adventure-text-minimessage/4.10.0-SNAPSHOT/adventure-text-minimessage-4.10.0-20220207.012501-47.jar
[INFO] Downloading from sonatype: https://oss.sonatype.org/content/groups/public/me/clip/placeholderapi/2.11.1/placeholderapi-2.11.1.jar
[INFO] Downloading from sonatype: https://oss.sonatype.org/content/groups/public/com/github/MilkBowl/VaultAPI/1.7.1/VaultAPI-1.7.1.jar
[INFO] Downloading from sonatype: https://oss.sonatype.org/content/groups/public/net/essentialsx/EssentialsX/2.19.2/EssentialsX-2.19.2.jar
[INFO] Downloading from sonatype: https://oss.sonatype.org/content/groups/public/net/essentialsx/BaseProviders/2.19.2/BaseProviders-2.19.2.jar
[INFO] Downloading from sonatype: https://oss.sonatype.org/content/groups/public/net/essentialsx/PaperProvider/2.19.2/PaperProvider-2.19.2.jar
[INFO] Downloading from sonatype: https://oss.sonatype.org/content/groups/public/net/essentialsx/NMSReflectionProvider/2.19.2/NMSReflectionProvider-2.19.2.jar
[INFO] Downloading from sonatype: https://oss.sonatype.org/content/groups/public/net/essentialsx/1_8Provider/2.19.2/1_8Provider-2.19.2.jar
[INFO] Downloading from sonatype: https://oss.sonatype.org/content/groups/public/net/essentialsx/1_12Provider/2.19.2/1_12Provider-2.19.2.jar
[INFO] Downloading from placeholderapi: https://repo.extendedclip.com/content/repositories/placeholderapi/net/kyori/adventure-text-minimessage/4.10.0-SNAPSHOT/adventure-text-minimessage-4.10.0-20220207.012501-47.jar
[INFO] Downloading from placeholderapi: https://repo.extendedclip.com/content/repositories/placeholderapi/me/clip/placeholderapi/2.11.1/placeholderapi-2.11.1.jar
[INFO] Downloading from placeholderapi: https://repo.extendedclip.com/content/repositories/placeholderapi/com/github/MilkBowl/VaultAPI/1.7.1/VaultAPI-1.7.1.jar
[INFO] Downloading from placeholderapi: https://repo.extendedclip.com/content/repositories/placeholderapi/net/essentialsx/EssentialsX/2.19.2/EssentialsX-2.19.2.jar
[INFO] Downloading from placeholderapi: https://repo.extendedclip.com/content/repositories/placeholderapi/net/essentialsx/BaseProviders/2.19.2/BaseProviders-2.19.2.jar
[INFO] Downloading from placeholderapi: https://repo.extendedclip.com/content/repositories/placeholderapi/net/essentialsx/PaperProvider/2.19.2/PaperProvider-2.19.2.jar
[INFO] Downloading from placeholderapi: https://repo.extendedclip.com/content/repositories/placeholderapi/net/essentialsx/NMSReflectionProvider/2.19.2/NMSReflectionProvider-2.19.2.jar
[INFO] Downloading from placeholderapi: https://repo.extendedclip.com/content/repositories/placeholderapi/net/essentialsx/1_8Provider/2.19.2/1_8Provider-2.19.2.jar
[INFO] Downloading from placeholderapi: https://repo.extendedclip.com/content/repositories/placeholderapi/net/essentialsx/1_12Provider/2.19.2/1_12Provider-2.19.2.jar
[INFO] Downloaded from placeholderapi: https://repo.extendedclip.com/content/repositories/placeholderapi/me/clip/placeholderapi/2.11.1/placeholderapi-2.11.1.jar (853 kB at 485 kB/s)
[INFO] Downloading from jitpack.io: https://jitpack.io/net/kyori/adventure-text-minimessage/4.10.0-SNAPSHOT/adventure-text-minimessage-4.10.0-20220207.012501-47.jar
[INFO] Downloading from jitpack.io: https://jitpack.io/com/github/MilkBowl/VaultAPI/1.7.1/VaultAPI-1.7.1.jar
[INFO] Downloading from jitpack.io: https://jitpack.io/net/essentialsx/EssentialsX/2.19.2/EssentialsX-2.19.2.jar
[INFO] Downloading from jitpack.io: https://jitpack.io/net/essentialsx/BaseProviders/2.19.2/BaseProviders-2.19.2.jar
[INFO] Downloading from jitpack.io: https://jitpack.io/net/essentialsx/PaperProvider/2.19.2/PaperProvider-2.19.2.jar
[INFO] Downloading from jitpack.io: https://jitpack.io/net/essentialsx/NMSReflectionProvider/2.19.2/NMSReflectionProvider-2.19.2.jar
[INFO] Downloading from jitpack.io: https://jitpack.io/net/essentialsx/1_8Provider/2.19.2/1_8Provider-2.19.2.jar
[INFO] Downloading from jitpack.io: https://jitpack.io/net/essentialsx/1_12Provider/2.19.2/1_12Provider-2.19.2.jar
[INFO] Downloaded from jitpack.io: https://jitpack.io/com/github/MilkBowl/VaultAPI/1.7.1/VaultAPI-1.7.1.jar (13 kB at 17 kB/s)
[INFO] Downloading from essentials-releases: https://repo.essentialsx.net/releases/net/kyori/adventure-text-minimessage/4.10.0-SNAPSHOT/adventure-text-minimessage-4.10.0-20220207.012501-47.jar
[INFO] Downloading from essentials-releases: https://repo.essentialsx.net/releases/net/essentialsx/EssentialsX/2.19.2/EssentialsX-2.19.2.jar
[INFO] Downloading from essentials-releases: https://repo.essentialsx.net/releases/net/essentialsx/BaseProviders/2.19.2/BaseProviders-2.19.2.jar
[INFO] Downloading from essentials-releases: https://repo.essentialsx.net/releases/net/essentialsx/PaperProvider/2.19.2/PaperProvider-2.19.2.jar
[INFO] Downloading from essentials-releases: https://repo.essentialsx.net/releases/net/essentialsx/NMSReflectionProvider/2.19.2/NMSReflectionProvider-2.19.2.jar
[INFO] Downloaded from essentials-releases: https://repo.essentialsx.net/releases/net/essentialsx/NMSReflectionProvider/2.19.2/NMSReflectionProvider-2.19.2.jar (29 kB at 152 kB/s)
[INFO] Downloading from essentials-releases: https://repo.essentialsx.net/releases/net/essentialsx/1_8Provider/2.19.2/1_8Provider-2.19.2.jar
[INFO] Downloaded from essentials-releases: https://repo.essentialsx.net/releases/net/essentialsx/PaperProvider/2.19.2/PaperProvider-2.19.2.jar (9.3 kB at 34 kB/s)
[INFO] Downloading from essentials-releases: https://repo.essentialsx.net/releases/net/essentialsx/1_12Provider/2.19.2/1_12Provider-2.19.2.jar
[INFO] Downloaded from essentials-releases: https://repo.essentialsx.net/releases/net/essentialsx/BaseProviders/2.19.2/BaseProviders-2.19.2.jar (26 kB at 83 kB/s)
[INFO] Downloaded from essentials-releases: https://repo.essentialsx.net/releases/net/essentialsx/1_8Provider/2.19.2/1_8Provider-2.19.2.jar (1.4 kB at 4.1 kB/s)
[INFO] Downloaded from essentials-releases: https://repo.essentialsx.net/releases/net/essentialsx/EssentialsX/2.19.2/EssentialsX-2.19.2.jar (3.1 MB at 7.8 MB/s)
[INFO] Downloaded from essentials-releases: https://repo.essentialsx.net/releases/net/essentialsx/1_12Provider/2.19.2/1_12Provider-2.19.2.jar (31 kB at 71 kB/s)
[INFO] ------------------------------------------------------------------------
[INFO] BUILD FAILURE
[INFO] ------------------------------------------------------------------------
[INFO] Total time:  33.830 s
[INFO] Finished at: 2023-01-24T13:25:10Z
[INFO] ------------------------------------------------------------------------
[ERROR] Failed to execute goal on project HexNicks: Could not resolve dependencies for project dev.majek.hexnicks:HexNicks:jar:2.3.0-SNAPSHOT: Could not find artifact net.kyori:adventure-text-minimessage:jar:4.10.0-20220207.012501-47 in papermc-repo (https://papermc.io/repo/repository/maven-public/) -> [Help 1]
[ERROR] 
[ERROR] To see the full stack trace of the errors, re-run Maven with the -e switch.
[ERROR] Re-run Maven using the -X switch to enable full debug logging.
[ERROR] 
[ERROR] For more information about the errors and possible solutions, please read the following articles:
[ERROR] [Help 1] http://cwiki.apache.org/confluence/display/MAVEN/DependencyResolutionException
