[INFO] Scanning for projects...
[INFO] Downloading from spring-snapshots: https://repo.spring.io/libs-snapshot-local/org/springframework/cloud/spring-cloud-build/4.0.0-SNAPSHOT/maven-metadata.xml
[INFO] Downloaded from spring-snapshots: https://repo.spring.io/libs-snapshot-local/org/springframework/cloud/spring-cloud-build/4.0.0-SNAPSHOT/maven-metadata.xml (624 B at 822 B/s)
[INFO] Downloading from spring-snapshots: https://repo.spring.io/libs-snapshot-local/org/springframework/cloud/spring-cloud-commons-dependencies/4.0.0-SNAPSHOT/maven-metadata.xml
[INFO] Downloaded from spring-snapshots: https://repo.spring.io/libs-snapshot-local/org/springframework/cloud/spring-cloud-commons-dependencies/4.0.0-SNAPSHOT/maven-metadata.xml (639 B at 2.6 kB/s)
[INFO] Downloading from spring-snapshots: https://repo.spring.io/libs-snapshot-local/org/springframework/cloud/spring-cloud-dependencies-parent/4.0.0-SNAPSHOT/maven-metadata.xml
[INFO] Downloaded from spring-snapshots: https://repo.spring.io/libs-snapshot-local/org/springframework/cloud/spring-cloud-dependencies-parent/4.0.0-SNAPSHOT/maven-metadata.xml (638 B at 2.6 kB/s)
[INFO] Downloading from spring-snapshots: https://repo.spring.io/libs-snapshot-local/org/springframework/cloud/spring-cloud-build-dependencies/4.0.0-SNAPSHOT/maven-metadata.xml
[INFO] Downloaded from spring-snapshots: https://repo.spring.io/libs-snapshot-local/org/springframework/cloud/spring-cloud-build-dependencies/4.0.0-SNAPSHOT/maven-metadata.xml (637 B at 2.5 kB/s)
[INFO] Downloading from spring-milestones: https://repo.spring.io/libs-milestone-local/org/springframework/boot/spring-boot-dependencies/3.0.0/spring-boot-dependencies-3.0.0.pom
[INFO] Downloading from spring-releases: https://repo.spring.io/release/org/springframework/boot/spring-boot-dependencies/3.0.0/spring-boot-dependencies-3.0.0.pom
[INFO] Downloaded from spring-releases: https://repo.spring.io/release/org/springframework/boot/spring-boot-dependencies/3.0.0/spring-boot-dependencies-3.0.0.pom (0 B at 0 B/s)
[ERROR] [ERROR] Some problems were encountered while processing the POMs:
[WARNING] 'build.plugins.plugin.version' for org.codehaus.mojo:flatten-maven-plugin is missing. @ org.springframework.cloud:spring-cloud-openfeign:4.0.0-SNAPSHOT, /home/gabsko/breaking-updates/pom.xml, line 43, column 12
[ERROR] 'dependencies.dependency.version' for io.reactivex:rxjava-reactive-streams:jar is missing. @ line 64, column 15
[ERROR] 'dependencies.dependency.version' for io.reactivex:rxjava:jar is missing. @ line 128, column 15
[WARNING] 'build.plugins.plugin.version' for org.codehaus.mojo:flatten-maven-plugin is missing. @ org.springframework.cloud:spring-cloud-openfeign:4.0.0-SNAPSHOT, /home/gabsko/breaking-updates/pom.xml, line 43, column 12
[WARNING] 'build.plugins.plugin.version' for org.codehaus.mojo:flatten-maven-plugin is missing. @ org.springframework.cloud:spring-cloud-openfeign:4.0.0-SNAPSHOT, /home/gabsko/breaking-updates/pom.xml, line 43, column 12
[WARNING] 'build.plugins.plugin.version' for org.codehaus.mojo:flatten-maven-plugin is missing. @ line 43, column 12
 @ 
[ERROR] The build could not read 1 project -> [Help 1]
[ERROR]   
[ERROR]   The project org.springframework.cloud:spring-cloud-openfeign-core:4.0.0-SNAPSHOT (/home/gabsko/breaking-updates/spring-cloud-openfeign-core/pom.xml) has 2 errors
[ERROR]     'dependencies.dependency.version' for io.reactivex:rxjava-reactive-streams:jar is missing. @ line 64, column 15
[ERROR]     'dependencies.dependency.version' for io.reactivex:rxjava:jar is missing. @ line 128, column 15
[ERROR] 
[ERROR] To see the full stack trace of the errors, re-run Maven with the -e switch.
[ERROR] Re-run Maven using the -X switch to enable full debug logging.
[ERROR] 
[ERROR] For more information about the errors and possible solutions, please read the following articles:
[ERROR] [Help 1] http://cwiki.apache.org/confluence/display/MAVEN/ProjectBuildingException
