[INFO] Scanning for projects...
[INFO] 
[INFO] --------------------< cn.taketoday:today-framework >--------------------
[INFO] Building TODAY Framework 4.0.0-Draft.1
[INFO] --------------------------------[ jar ]---------------------------------
[INFO] Downloading from central: https://repo.maven.apache.org/maven2/io/netty/netty-transport-native-kqueue/4.1.71.Final/netty-transport-native-kqueue-4.1.71.Final.pom
[INFO] Downloaded from central: https://repo.maven.apache.org/maven2/io/netty/netty-transport-native-kqueue/4.1.71.Final/netty-transport-native-kqueue-4.1.71.Final.pom (24 kB at 85 kB/s)
[INFO] Downloading from central: https://repo.maven.apache.org/maven2/io/netty/netty-transport-native-unix-common/4.1.71.Final/netty-transport-native-unix-common-4.1.71.Final.pom
[INFO] Downloaded from central: https://repo.maven.apache.org/maven2/io/netty/netty-transport-native-unix-common/4.1.71.Final/netty-transport-native-unix-common-4.1.71.Final.pom (26 kB at 1.7 MB/s)
[INFO] Downloading from central: https://repo.maven.apache.org/maven2/io/netty/netty-transport-classes-kqueue/4.1.71.Final/netty-transport-classes-kqueue-4.1.71.Final.pom
[INFO] Downloaded from central: https://repo.maven.apache.org/maven2/io/netty/netty-transport-classes-kqueue/4.1.71.Final/netty-transport-classes-kqueue-4.1.71.Final.pom (2.1 kB at 237 kB/s)
[INFO] Downloading from central: https://repo.maven.apache.org/maven2/org/hibernate/hibernate-core-jakarta/5.6.0.Final/hibernate-core-jakarta-5.6.0.Final.pom
[INFO] Downloaded from central: https://repo.maven.apache.org/maven2/org/hibernate/hibernate-core-jakarta/5.6.0.Final/hibernate-core-jakarta-5.6.0.Final.pom (5.9 kB at 37 kB/s)
[INFO] Downloading from central: https://repo.maven.apache.org/maven2/jakarta/servlet/jsp/jakarta.servlet.jsp-api/3.0.0/jakarta.servlet.jsp-api-3.0.0.pom
[INFO] Downloaded from central: https://repo.maven.apache.org/maven2/jakarta/servlet/jsp/jakarta.servlet.jsp-api/3.0.0/jakarta.servlet.jsp-api-3.0.0.pom (12 kB at 1.4 MB/s)
[INFO] Downloading from central: https://repo.maven.apache.org/maven2/jakarta/websocket/jakarta.websocket-api/2.0.0/jakarta.websocket-api-2.0.0.pom
[INFO] Downloaded from central: https://repo.maven.apache.org/maven2/jakarta/websocket/jakarta.websocket-api/2.0.0/jakarta.websocket-api-2.0.0.pom (6.5 kB at 726 kB/s)
[INFO] Downloading from central: https://repo.maven.apache.org/maven2/jakarta/websocket/jakarta.websocket-all/2.0.0/jakarta.websocket-all-2.0.0.pom
[INFO] Downloaded from central: https://repo.maven.apache.org/maven2/jakarta/websocket/jakarta.websocket-all/2.0.0/jakarta.websocket-all-2.0.0.pom (11 kB at 1.1 MB/s)
[INFO] Downloading from central: https://repo.maven.apache.org/maven2/jakarta/enterprise/concurrent/jakarta.enterprise.concurrent-api/2.0.0/jakarta.enterprise.concurrent-api-2.0.0.pom
[INFO] Downloaded from central: https://repo.maven.apache.org/maven2/jakarta/enterprise/concurrent/jakarta.enterprise.concurrent-api/2.0.0/jakarta.enterprise.concurrent-api-2.0.0.pom (15 kB at 1.7 MB/s)
[INFO] Downloading from central: https://repo.maven.apache.org/maven2/com/alibaba/fastjson/1.2.78/fastjson-1.2.78.pom
[INFO] Downloaded from central: https://repo.maven.apache.org/maven2/com/alibaba/fastjson/1.2.78/fastjson-1.2.78.pom (11 kB at 107 kB/s)
[INFO] Downloading from central: https://repo.maven.apache.org/maven2/org/apache/tomcat/embed/tomcat-embed-core/10.0.12/tomcat-embed-core-10.0.12.pom
[INFO] Downloaded from central: https://repo.maven.apache.org/maven2/org/apache/tomcat/embed/tomcat-embed-core/10.0.12/tomcat-embed-core-10.0.12.pom (1.8 kB at 222 kB/s)
[INFO] Downloading from central: https://repo.maven.apache.org/maven2/org/eclipse/jetty/jetty-webapp/11.0.7/jetty-webapp-11.0.7.pom
[INFO] Downloaded from central: https://repo.maven.apache.org/maven2/org/eclipse/jetty/jetty-webapp/11.0.7/jetty-webapp-11.0.7.pom (3.6 kB at 449 kB/s)
[INFO] Downloading from central: https://repo.maven.apache.org/maven2/org/eclipse/jetty/jetty-xml/11.0.7/jetty-xml-11.0.7.pom
[INFO] Downloaded from central: https://repo.maven.apache.org/maven2/org/eclipse/jetty/jetty-xml/11.0.7/jetty-xml-11.0.7.pom (1.9 kB at 270 kB/s)
[INFO] Downloading from central: https://repo.maven.apache.org/maven2/io/undertow/undertow-servlet-jakartaee9/2.2.12.Final/undertow-servlet-jakartaee9-2.2.12.Final.pom
[INFO] Downloaded from central: https://repo.maven.apache.org/maven2/io/undertow/undertow-servlet-jakartaee9/2.2.12.Final/undertow-servlet-jakartaee9-2.2.12.Final.pom (19 kB at 191 kB/s)
[INFO] Downloading from central: https://repo.maven.apache.org/maven2/org/redisson/redisson/3.16.4/redisson-3.16.4.pom
[INFO] Downloaded from central: https://repo.maven.apache.org/maven2/org/redisson/redisson/3.16.4/redisson-3.16.4.pom (22 kB at 198 kB/s)
[INFO] Downloading from central: https://repo.maven.apache.org/maven2/org/redisson/redisson-parent/3.16.4/redisson-parent-3.16.4.pom
[INFO] Downloaded from central: https://repo.maven.apache.org/maven2/org/redisson/redisson-parent/3.16.4/redisson-parent-3.16.4.pom (14 kB at 141 kB/s)
[INFO] Downloading from central: https://repo.maven.apache.org/maven2/com/jamonapi/jamon/2.82/jamon-2.82.pom
[INFO] Downloaded from central: https://repo.maven.apache.org/maven2/com/jamonapi/jamon/2.82/jamon-2.82.pom (2.6 kB at 319 kB/s)
[INFO] Downloading from central: https://repo.maven.apache.org/maven2/com/jamonapi/jamon-parent/2.82/jamon-parent-2.82.pom
[INFO] Downloaded from central: https://repo.maven.apache.org/maven2/com/jamonapi/jamon-parent/2.82/jamon-parent-2.82.pom (7.5 kB at 684 kB/s)
[INFO] Downloading from central: https://repo.maven.apache.org/maven2/com/hazelcast/hazelcast-all/3.12.6/hazelcast-all-3.12.6.pom
[INFO] Downloaded from central: https://repo.maven.apache.org/maven2/com/hazelcast/hazelcast-all/3.12.6/hazelcast-all-3.12.6.pom (4.9 kB at 540 kB/s)
[INFO] Downloading from central: https://repo.maven.apache.org/maven2/com/hazelcast/hazelcast-root/3.12.6/hazelcast-root-3.12.6.pom
[INFO] Downloaded from central: https://repo.maven.apache.org/maven2/com/hazelcast/hazelcast-root/3.12.6/hazelcast-root-3.12.6.pom (61 kB at 1.4 MB/s)
[INFO] Downloading from central: https://repo.maven.apache.org/maven2/org/apache/tomcat/embed/tomcat-embed-websocket/10.0.12/tomcat-embed-websocket-10.0.12.pom
[INFO] Downloaded from central: https://repo.maven.apache.org/maven2/org/apache/tomcat/embed/tomcat-embed-websocket/10.0.12/tomcat-embed-websocket-10.0.12.pom (1.8 kB at 18 kB/s)
[INFO] Downloading from central: https://repo.maven.apache.org/maven2/io/undertow/undertow-websockets-jsr-jakartaee9/2.2.12.Final/undertow-websockets-jsr-jakartaee9-2.2.12.Final.pom
[INFO] Downloaded from central: https://repo.maven.apache.org/maven2/io/undertow/undertow-websockets-jsr-jakartaee9/2.2.12.Final/undertow-websockets-jsr-jakartaee9-2.2.12.Final.pom (9.7 kB at 24 kB/s)
[WARNING] The POM for io.undertow:undertow-websockets-jsr-jakartaee9:jar:2.2.12.Final is invalid, transitive dependencies (if any) will not be available, enable debug logging for more details
[INFO] Downloading from central: https://repo.maven.apache.org/maven2/org/eclipse/jetty/websocket/websocket-jetty-server/11.0.7/websocket-jetty-server-11.0.7.pom
[INFO] Downloaded from central: https://repo.maven.apache.org/maven2/org/eclipse/jetty/websocket/websocket-jetty-server/11.0.7/websocket-jetty-server-11.0.7.pom (2.7 kB at 271 kB/s)
[INFO] Downloading from central: https://repo.maven.apache.org/maven2/org/eclipse/jetty/websocket/websocket-parent/11.0.7/websocket-parent-11.0.7.pom
[INFO] Downloaded from central: https://repo.maven.apache.org/maven2/org/eclipse/jetty/websocket/websocket-parent/11.0.7/websocket-parent-11.0.7.pom (1.9 kB at 270 kB/s)
[INFO] Downloading from central: https://repo.maven.apache.org/maven2/org/eclipse/jetty/websocket/websocket-jetty-api/11.0.7/websocket-jetty-api-11.0.7.pom
[INFO] Downloaded from central: https://repo.maven.apache.org/maven2/org/eclipse/jetty/websocket/websocket-jetty-api/11.0.7/websocket-jetty-api-11.0.7.pom (664 B at 51 kB/s)
[INFO] Downloading from central: https://repo.maven.apache.org/maven2/org/eclipse/jetty/websocket/websocket-jetty-common/11.0.7/websocket-jetty-common-11.0.7.pom
[INFO] Downloaded from central: https://repo.maven.apache.org/maven2/org/eclipse/jetty/websocket/websocket-jetty-common/11.0.7/websocket-jetty-common-11.0.7.pom (2.1 kB at 260 kB/s)
[INFO] Downloading from central: https://repo.maven.apache.org/maven2/org/eclipse/jetty/websocket/websocket-core-common/11.0.7/websocket-core-common-11.0.7.pom
[INFO] Downloaded from central: https://repo.maven.apache.org/maven2/org/eclipse/jetty/websocket/websocket-core-common/11.0.7/websocket-core-common-11.0.7.pom (2.0 kB at 252 kB/s)
[INFO] Downloading from central: https://repo.maven.apache.org/maven2/org/eclipse/jetty/websocket/websocket-servlet/11.0.7/websocket-servlet-11.0.7.pom
[INFO] Downloaded from central: https://repo.maven.apache.org/maven2/org/eclipse/jetty/websocket/websocket-servlet/11.0.7/websocket-servlet-11.0.7.pom (1.4 kB at 97 kB/s)
[INFO] Downloading from central: https://repo.maven.apache.org/maven2/org/eclipse/jetty/websocket/websocket-core-server/11.0.7/websocket-core-server-11.0.7.pom
[INFO] Downloaded from central: https://repo.maven.apache.org/maven2/org/eclipse/jetty/websocket/websocket-core-server/11.0.7/websocket-core-server-11.0.7.pom (953 B at 136 kB/s)
[INFO] Downloading from central: https://repo.maven.apache.org/maven2/org/eclipse/jetty/jetty-annotations/11.0.7/jetty-annotations-11.0.7.pom
[INFO] Downloaded from central: https://repo.maven.apache.org/maven2/org/eclipse/jetty/jetty-annotations/11.0.7/jetty-annotations-11.0.7.pom (3.6 kB at 599 kB/s)
[INFO] Downloading from central: https://repo.maven.apache.org/maven2/org/eclipse/jetty/jetty-plus/11.0.7/jetty-plus-11.0.7.pom
[INFO] Downloaded from central: https://repo.maven.apache.org/maven2/org/eclipse/jetty/jetty-plus/11.0.7/jetty-plus-11.0.7.pom (2.3 kB at 325 kB/s)
[INFO] Downloading from central: https://repo.maven.apache.org/maven2/org/eclipse/jetty/jetty-jndi/11.0.7/jetty-jndi-11.0.7.pom
[INFO] Downloaded from central: https://repo.maven.apache.org/maven2/org/eclipse/jetty/jetty-jndi/11.0.7/jetty-jndi-11.0.7.pom (2.3 kB at 390 kB/s)
[INFO] Downloading from central: https://repo.maven.apache.org/maven2/org/eclipse/jetty/websocket/websocket-jetty-client/11.0.7/websocket-jetty-client-11.0.7.pom
[INFO] Downloaded from central: https://repo.maven.apache.org/maven2/org/eclipse/jetty/websocket/websocket-jetty-client/11.0.7/websocket-jetty-client-11.0.7.pom (2.3 kB at 287 kB/s)
[INFO] Downloading from central: https://repo.maven.apache.org/maven2/org/eclipse/jetty/websocket/websocket-core-client/11.0.7/websocket-core-client-11.0.7.pom
[INFO] Downloaded from central: https://repo.maven.apache.org/maven2/org/eclipse/jetty/websocket/websocket-core-client/11.0.7/websocket-core-client-11.0.7.pom (1.7 kB at 218 kB/s)
[INFO] Downloading from central: https://repo.maven.apache.org/maven2/org/apache/httpcomponents/core5/httpcore5-reactive/5.1.2/httpcore5-reactive-5.1.2.pom
[INFO] Downloaded from central: https://repo.maven.apache.org/maven2/org/apache/httpcomponents/core5/httpcore5-reactive/5.1.2/httpcore5-reactive-5.1.2.pom (3.1 kB at 31 kB/s)
[INFO] Downloading from central: https://repo.maven.apache.org/maven2/org/eclipse/jetty/jetty-reactive-httpclient/3.0.4/jetty-reactive-httpclient-3.0.4.pom
[INFO] Downloaded from central: https://repo.maven.apache.org/maven2/org/eclipse/jetty/jetty-reactive-httpclient/3.0.4/jetty-reactive-httpclient-3.0.4.pom (11 kB at 60 kB/s)
[INFO] Downloading from central: https://repo.maven.apache.org/maven2/org/eclipse/jetty/jetty-client/11.0.6/jetty-client-11.0.6.pom
[INFO] Downloaded from central: https://repo.maven.apache.org/maven2/org/eclipse/jetty/jetty-client/11.0.6/jetty-client-11.0.6.pom (5.7 kB at 570 kB/s)
[INFO] Downloading from central: https://repo.maven.apache.org/maven2/org/eclipse/jetty/jetty-project/11.0.6/jetty-project-11.0.6.pom
[INFO] Downloaded from central: https://repo.maven.apache.org/maven2/org/eclipse/jetty/jetty-project/11.0.6/jetty-project-11.0.6.pom (69 kB at 4.9 MB/s)
[INFO] Downloading from central: https://repo.maven.apache.org/maven2/org/eclipse/jetty/jetty-http/11.0.6/jetty-http-11.0.6.pom
[INFO] Downloaded from central: https://repo.maven.apache.org/maven2/org/eclipse/jetty/jetty-http/11.0.6/jetty-http-11.0.6.pom (3.8 kB at 547 kB/s)
[INFO] Downloading from central: https://repo.maven.apache.org/maven2/org/eclipse/jetty/jetty-util/11.0.6/jetty-util-11.0.6.pom
[INFO] Downloaded from central: https://repo.maven.apache.org/maven2/org/eclipse/jetty/jetty-util/11.0.6/jetty-util-11.0.6.pom (3.0 kB at 423 kB/s)
[INFO] Downloading from central: https://repo.maven.apache.org/maven2/org/eclipse/jetty/jetty-io/11.0.6/jetty-io-11.0.6.pom
[INFO] Downloaded from central: https://repo.maven.apache.org/maven2/org/eclipse/jetty/jetty-io/11.0.6/jetty-io-11.0.6.pom (1.5 kB at 136 kB/s)
[INFO] Downloading from central: https://repo.maven.apache.org/maven2/org/eclipse/jetty/jetty-alpn-client/11.0.6/jetty-alpn-client-11.0.6.pom
[INFO] Downloaded from central: https://repo.maven.apache.org/maven2/org/eclipse/jetty/jetty-alpn-client/11.0.6/jetty-alpn-client-11.0.6.pom (2.4 kB at 25 kB/s)
[INFO] Downloading from central: https://repo.maven.apache.org/maven2/org/eclipse/jetty/jetty-alpn-parent/11.0.6/jetty-alpn-parent-11.0.6.pom
[INFO] Downloaded from central: https://repo.maven.apache.org/maven2/org/eclipse/jetty/jetty-alpn-parent/11.0.6/jetty-alpn-parent-11.0.6.pom (791 B at 99 kB/s)
[INFO] Downloading from central: https://repo.maven.apache.org/maven2/org/aspectj/aspectjrt/1.9.8.RC3/aspectjrt-1.9.8.RC3.pom
[INFO] Downloaded from central: https://repo.maven.apache.org/maven2/org/aspectj/aspectjrt/1.9.8.RC3/aspectjrt-1.9.8.RC3.pom (2.1 kB at 21 kB/s)
[INFO] Downloading from central: https://repo.maven.apache.org/maven2/org/aspectj/aspectjweaver/1.9.8.RC3/aspectjweaver-1.9.8.RC3.pom
[INFO] Downloaded from central: https://repo.maven.apache.org/maven2/org/aspectj/aspectjweaver/1.9.8.RC3/aspectjweaver-1.9.8.RC3.pom (2.1 kB at 20 kB/s)
[INFO] Downloading from central: https://repo.maven.apache.org/maven2/org/aspectj/aspectjtools/1.9.8.RC3/aspectjtools-1.9.8.RC3.pom
[INFO] Downloaded from central: https://repo.maven.apache.org/maven2/org/aspectj/aspectjtools/1.9.8.RC3/aspectjtools-1.9.8.RC3.pom (2.3 kB at 23 kB/s)
[INFO] Downloading from central: https://repo.maven.apache.org/maven2/org/jooq/jooq/3.3.0/jooq-3.3.0.pom
[INFO] Downloaded from central: https://repo.maven.apache.org/maven2/org/jooq/jooq/3.3.0/jooq-3.3.0.pom (9.2 kB at 91 kB/s)
[INFO] Downloading from central: https://repo.maven.apache.org/maven2/org/jooq/jooq-parent/3.3.0/jooq-parent-3.3.0.pom
[INFO] Downloaded from central: https://repo.maven.apache.org/maven2/org/jooq/jooq-parent/3.3.0/jooq-parent-3.3.0.pom (16 kB at 154 kB/s)
[INFO] Downloading from central: https://repo.maven.apache.org/maven2/org/teasoft/bee/1.9.5/bee-1.9.5.pom
[INFO] Downloaded from central: https://repo.maven.apache.org/maven2/org/teasoft/bee/1.9.5/bee-1.9.5.pom (3.4 kB at 34 kB/s)
[INFO] Downloading from central: https://repo.maven.apache.org/maven2/org/teasoft/honey/1.9.5/honey-1.9.5.pom
[INFO] Downloaded from central: https://repo.maven.apache.org/maven2/org/teasoft/honey/1.9.5/honey-1.9.5.pom (4.1 kB at 21 kB/s)
[INFO] Downloading from central: https://repo.maven.apache.org/maven2/org/zapodot/embedded-db-junit/1.0.0/embedded-db-junit-1.0.0.pom
[INFO] Downloaded from central: https://repo.maven.apache.org/maven2/org/zapodot/embedded-db-junit/1.0.0/embedded-db-junit-1.0.0.pom (3.1 kB at 25 kB/s)
[INFO] Downloading from central: https://repo.maven.apache.org/maven2/org/zapodot/embedded-db-junit-parent/1.0.0/embedded-db-junit-parent-1.0.0.pom
[INFO] Downloaded from central: https://repo.maven.apache.org/maven2/org/zapodot/embedded-db-junit-parent/1.0.0/embedded-db-junit-parent-1.0.0.pom (11 kB at 86 kB/s)
[INFO] Downloading from central: https://repo.maven.apache.org/maven2/org/sql2o/sql2o/1.6.0/sql2o-1.6.0.pom
[INFO] Downloaded from central: https://repo.maven.apache.org/maven2/org/sql2o/sql2o/1.6.0/sql2o-1.6.0.pom (5.6 kB at 507 kB/s)
[INFO] Downloading from central: https://repo.maven.apache.org/maven2/org/sql2o/sql2o-parent/1.6.0/sql2o-parent-1.6.0.pom
[INFO] Downloaded from central: https://repo.maven.apache.org/maven2/org/sql2o/sql2o-parent/1.6.0/sql2o-parent-1.6.0.pom (7.8 kB at 80 kB/s)
[INFO] Downloading from central: https://repo.maven.apache.org/maven2/io/projectreactor/reactor-test/3.4.12/reactor-test-3.4.12.pom
[INFO] Downloaded from central: https://repo.maven.apache.org/maven2/io/projectreactor/reactor-test/3.4.12/reactor-test-3.4.12.pom (2.1 kB at 21 kB/s)
[INFO] Downloading from central: https://repo.maven.apache.org/maven2/org/eclipse/yasson/2.0.2/yasson-2.0.2.pom
[INFO] Downloaded from central: https://repo.maven.apache.org/maven2/org/eclipse/yasson/2.0.2/yasson-2.0.2.pom (27 kB at 1.8 MB/s)
[INFO] Downloading from central: https://repo.maven.apache.org/maven2/io/netty/netty-transport-native-kqueue/4.1.71.Final/netty-transport-native-kqueue-4.1.71.Final.jar
[INFO] Downloading from central: https://repo.maven.apache.org/maven2/io/netty/netty-transport-native-unix-common/4.1.71.Final/netty-transport-native-unix-common-4.1.71.Final.jar
[INFO] Downloading from central: https://repo.maven.apache.org/maven2/io/netty/netty-transport-classes-kqueue/4.1.71.Final/netty-transport-classes-kqueue-4.1.71.Final.jar
[INFO] Downloading from central: https://repo.maven.apache.org/maven2/org/hibernate/hibernate-core-jakarta/5.6.0.Final/hibernate-core-jakarta-5.6.0.Final.jar
[INFO] Downloading from central: https://repo.maven.apache.org/maven2/jakarta/servlet/jsp/jakarta.servlet.jsp-api/3.0.0/jakarta.servlet.jsp-api-3.0.0.jar
[INFO] Downloaded from central: https://repo.maven.apache.org/maven2/io/netty/netty-transport-native-unix-common/4.1.71.Final/netty-transport-native-unix-common-4.1.71.Final.jar (40 kB at 1.1 MB/s)
[INFO] Downloading from central: https://repo.maven.apache.org/maven2/jakarta/websocket/jakarta.websocket-api/2.0.0/jakarta.websocket-api-2.0.0.jar
[INFO] Downloaded from central: https://repo.maven.apache.org/maven2/jakarta/servlet/jsp/jakarta.servlet.jsp-api/3.0.0/jakarta.servlet.jsp-api-3.0.0.jar (67 kB at 1.9 MB/s)
[INFO] Downloading from central: https://repo.maven.apache.org/maven2/jakarta/enterprise/concurrent/jakarta.enterprise.concurrent-api/2.0.0/jakarta.enterprise.concurrent-api-2.0.0.jar
[INFO] Downloaded from central: https://repo.maven.apache.org/maven2/io/netty/netty-transport-classes-kqueue/4.1.71.Final/netty-transport-classes-kqueue-4.1.71.Final.jar (107 kB at 2.7 MB/s)
[INFO] Downloading from central: https://repo.maven.apache.org/maven2/com/alibaba/fastjson/1.2.78/fastjson-1.2.78.jar
[INFO] Downloaded from central: https://repo.maven.apache.org/maven2/jakarta/enterprise/concurrent/jakarta.enterprise.concurrent-api/2.0.0/jakarta.enterprise.concurrent-api-2.0.0.jar (27 kB at 633 kB/s)
[INFO] Downloading from central: https://repo.maven.apache.org/maven2/org/apache/tomcat/embed/tomcat-embed-core/10.0.12/tomcat-embed-core-10.0.12.jar
[INFO] Downloaded from central: https://repo.maven.apache.org/maven2/jakarta/websocket/jakarta.websocket-api/2.0.0/jakarta.websocket-api-2.0.0.jar (49 kB at 1.1 MB/s)
[INFO] Downloading from central: https://repo.maven.apache.org/maven2/org/eclipse/jetty/jetty-webapp/11.0.7/jetty-webapp-11.0.7.jar
[INFO] Downloaded from central: https://repo.maven.apache.org/maven2/org/eclipse/jetty/jetty-webapp/11.0.7/jetty-webapp-11.0.7.jar (159 kB at 2.1 MB/s)
[INFO] Downloading from central: https://repo.maven.apache.org/maven2/org/eclipse/jetty/jetty-servlet/11.0.7/jetty-servlet-11.0.7.jar
[INFO] Downloaded from central: https://repo.maven.apache.org/maven2/org/eclipse/jetty/jetty-servlet/11.0.7/jetty-servlet-11.0.7.jar (165 kB at 1.8 MB/s)
[INFO] Downloading from central: https://repo.maven.apache.org/maven2/org/eclipse/jetty/jetty-security/11.0.7/jetty-security-11.0.7.jar
[INFO] Downloaded from central: https://repo.maven.apache.org/maven2/io/netty/netty-transport-native-kqueue/4.1.71.Final/netty-transport-native-kqueue-4.1.71.Final.jar (5.4 kB at 53 kB/s)
[INFO] Downloading from central: https://repo.maven.apache.org/maven2/org/eclipse/jetty/jetty-xml/11.0.7/jetty-xml-11.0.7.jar
[INFO] Downloaded from central: https://repo.maven.apache.org/maven2/org/eclipse/jetty/jetty-security/11.0.7/jetty-security-11.0.7.jar (121 kB at 1.2 MB/s)
[INFO] Downloading from central: https://repo.maven.apache.org/maven2/io/undertow/undertow-servlet-jakartaee9/2.2.12.Final/undertow-servlet-jakartaee9-2.2.12.Final.jar
[INFO] Downloaded from central: https://repo.maven.apache.org/maven2/org/eclipse/jetty/jetty-xml/11.0.7/jetty-xml-11.0.7.jar (72 kB at 644 kB/s)
[INFO] Downloading from central: https://repo.maven.apache.org/maven2/org/redisson/redisson/3.16.4/redisson-3.16.4.jar
[INFO] Downloaded from central: https://repo.maven.apache.org/maven2/com/alibaba/fastjson/1.2.78/fastjson-1.2.78.jar (662 kB at 3.7 MB/s)
[INFO] Downloading from central: https://repo.maven.apache.org/maven2/com/jamonapi/jamon/2.82/jamon-2.82.jar
[INFO] Downloaded from central: https://repo.maven.apache.org/maven2/com/jamonapi/jamon/2.82/jamon-2.82.jar (228 kB at 1.1 MB/s)
[INFO] Downloading from central: https://repo.maven.apache.org/maven2/com/hazelcast/hazelcast-all/3.12.6/hazelcast-all-3.12.6.jar
[INFO] Downloaded from central: https://repo.maven.apache.org/maven2/io/undertow/undertow-servlet-jakartaee9/2.2.12.Final/undertow-servlet-jakartaee9-2.2.12.Final.jar (544 kB at 2.1 MB/s)
[INFO] Downloading from central: https://repo.maven.apache.org/maven2/org/apache/tomcat/embed/tomcat-embed-websocket/10.0.12/tomcat-embed-websocket-10.0.12.jar
[INFO] Downloaded from central: https://repo.maven.apache.org/maven2/org/apache/tomcat/embed/tomcat-embed-websocket/10.0.12/tomcat-embed-websocket-10.0.12.jar (277 kB at 768 kB/s)
[INFO] Downloading from central: https://repo.maven.apache.org/maven2/io/undertow/undertow-websockets-jsr-jakartaee9/2.2.12.Final/undertow-websockets-jsr-jakartaee9-2.2.12.Final.jar
[INFO] Downloaded from central: https://repo.maven.apache.org/maven2/org/redisson/redisson/3.16.4/redisson-3.16.4.jar (2.1 MB at 5.3 MB/s)
[INFO] Downloading from central: https://repo.maven.apache.org/maven2/org/eclipse/jetty/websocket/websocket-jetty-server/11.0.7/websocket-jetty-server-11.0.7.jar
[INFO] Downloaded from central: https://repo.maven.apache.org/maven2/org/eclipse/jetty/websocket/websocket-jetty-server/11.0.7/websocket-jetty-server-11.0.7.jar (37 kB at 86 kB/s)
[INFO] Downloading from central: https://repo.maven.apache.org/maven2/org/eclipse/jetty/websocket/websocket-jetty-api/11.0.7/websocket-jetty-api-11.0.7.jar
[INFO] Downloaded from central: https://repo.maven.apache.org/maven2/org/eclipse/jetty/websocket/websocket-jetty-api/11.0.7/websocket-jetty-api-11.0.7.jar (40 kB at 91 kB/s)
[INFO] Downloading from central: https://repo.maven.apache.org/maven2/org/eclipse/jetty/websocket/websocket-jetty-common/11.0.7/websocket-jetty-common-11.0.7.jar
[INFO] Downloaded from central: https://repo.maven.apache.org/maven2/org/eclipse/jetty/websocket/websocket-jetty-common/11.0.7/websocket-jetty-common-11.0.7.jar (44 kB at 97 kB/s)
[INFO] Downloading from central: https://repo.maven.apache.org/maven2/org/eclipse/jetty/websocket/websocket-core-common/11.0.7/websocket-core-common-11.0.7.jar
[INFO] Downloaded from central: https://repo.maven.apache.org/maven2/org/eclipse/jetty/websocket/websocket-core-common/11.0.7/websocket-core-common-11.0.7.jar (187 kB at 395 kB/s)
[INFO] Downloading from central: https://repo.maven.apache.org/maven2/org/eclipse/jetty/websocket/websocket-servlet/11.0.7/websocket-servlet-11.0.7.jar
[INFO] Downloaded from central: https://repo.maven.apache.org/maven2/org/hibernate/hibernate-core-jakarta/5.6.0.Final/hibernate-core-jakarta-5.6.0.Final.jar (7.5 MB at 16 MB/s)
[INFO] Downloading from central: https://repo.maven.apache.org/maven2/org/eclipse/jetty/websocket/websocket-core-server/11.0.7/websocket-core-server-11.0.7.jar
[INFO] Downloaded from central: https://repo.maven.apache.org/maven2/org/eclipse/jetty/websocket/websocket-servlet/11.0.7/websocket-servlet-11.0.7.jar (18 kB at 36 kB/s)
[INFO] Downloading from central: https://repo.maven.apache.org/maven2/org/eclipse/jetty/jetty-annotations/11.0.7/jetty-annotations-11.0.7.jar
[INFO] Downloaded from central: https://repo.maven.apache.org/maven2/io/undertow/undertow-websockets-jsr-jakartaee9/2.2.12.Final/undertow-websockets-jsr-jakartaee9-2.2.12.Final.jar (177 kB at 365 kB/s)
[INFO] Downloading from central: https://repo.maven.apache.org/maven2/org/eclipse/jetty/jetty-plus/11.0.7/jetty-plus-11.0.7.jar
[INFO] Downloaded from central: https://repo.maven.apache.org/maven2/org/eclipse/jetty/websocket/websocket-core-server/11.0.7/websocket-core-server-11.0.7.jar (65 kB at 133 kB/s)
[INFO] Downloading from central: https://repo.maven.apache.org/maven2/org/eclipse/jetty/jetty-jndi/11.0.7/jetty-jndi-11.0.7.jar
[INFO] Downloaded from central: https://repo.maven.apache.org/maven2/org/eclipse/jetty/jetty-annotations/11.0.7/jetty-annotations-11.0.7.jar (95 kB at 194 kB/s)
[INFO] Downloading from central: https://repo.maven.apache.org/maven2/org/eclipse/jetty/websocket/websocket-jetty-client/11.0.7/websocket-jetty-client-11.0.7.jar
[INFO] Downloaded from central: https://repo.maven.apache.org/maven2/org/eclipse/jetty/jetty-plus/11.0.7/jetty-plus-11.0.7.jar (69 kB at 140 kB/s)
[INFO] Downloading from central: https://repo.maven.apache.org/maven2/org/eclipse/jetty/websocket/websocket-core-client/11.0.7/websocket-core-client-11.0.7.jar
[INFO] Downloaded from central: https://repo.maven.apache.org/maven2/org/apache/tomcat/embed/tomcat-embed-core/10.0.12/tomcat-embed-core-10.0.12.jar (3.4 MB at 7.0 MB/s)
[INFO] Downloading from central: https://repo.maven.apache.org/maven2/org/apache/httpcomponents/core5/httpcore5-reactive/5.1.2/httpcore5-reactive-5.1.2.jar
[INFO] Downloaded from central: https://repo.maven.apache.org/maven2/org/eclipse/jetty/jetty-jndi/11.0.7/jetty-jndi-11.0.7.jar (48 kB at 97 kB/s)
[INFO] Downloading from central: https://repo.maven.apache.org/maven2/org/eclipse/jetty/jetty-client/11.0.7/jetty-client-11.0.7.jar
[INFO] Downloaded from central: https://repo.maven.apache.org/maven2/org/eclipse/jetty/websocket/websocket-jetty-client/11.0.7/websocket-jetty-client-11.0.7.jar (33 kB at 66 kB/s)
[INFO] Downloading from central: https://repo.maven.apache.org/maven2/org/eclipse/jetty/jetty-alpn-client/11.0.7/jetty-alpn-client-11.0.7.jar
[INFO] Downloaded from central: https://repo.maven.apache.org/maven2/org/eclipse/jetty/websocket/websocket-core-client/11.0.7/websocket-core-client-11.0.7.jar (34 kB at 67 kB/s)
[INFO] Downloading from central: https://repo.maven.apache.org/maven2/io/projectreactor/netty/reactor-netty-http/1.0.13/reactor-netty-http-1.0.13.jar
[INFO] Downloaded from central: https://repo.maven.apache.org/maven2/org/eclipse/jetty/jetty-alpn-client/11.0.7/jetty-alpn-client-11.0.7.jar (17 kB at 33 kB/s)
[INFO] Downloading from central: https://repo.maven.apache.org/maven2/io/netty/netty-codec-http2/4.1.70.Final/netty-codec-http2-4.1.70.Final.jar
[INFO] Downloaded from central: https://repo.maven.apache.org/maven2/org/eclipse/jetty/jetty-client/11.0.7/jetty-client-11.0.7.jar (387 kB at 759 kB/s)
[INFO] Downloading from central: https://repo.maven.apache.org/maven2/io/netty/netty-resolver-dns-native-macos/4.1.70.Final/netty-resolver-dns-native-macos-4.1.70.Final-osx-x86_64.jar
[INFO] Downloaded from central: https://repo.maven.apache.org/maven2/io/projectreactor/netty/reactor-netty-http/1.0.13/reactor-netty-http-1.0.13.jar (308 kB at 604 kB/s)
[INFO] Downloading from central: https://repo.maven.apache.org/maven2/io/netty/netty-resolver-dns-classes-macos/4.1.70.Final/netty-resolver-dns-classes-macos-4.1.70.Final.jar
[INFO] Downloaded from central: https://repo.maven.apache.org/maven2/io/netty/netty-resolver-dns-native-macos/4.1.70.Final/netty-resolver-dns-native-macos-4.1.70.Final-osx-x86_64.jar (0 B at 0 B/s)
[INFO] Downloading from central: https://repo.maven.apache.org/maven2/io/netty/netty-transport-native-epoll/4.1.70.Final/netty-transport-native-epoll-4.1.70.Final-linux-x86_64.jar
[INFO] Downloaded from central: https://repo.maven.apache.org/maven2/io/netty/netty-resolver-dns-classes-macos/4.1.70.Final/netty-resolver-dns-classes-macos-4.1.70.Final.jar (0 B at 0 B/s)
[INFO] Downloading from central: https://repo.maven.apache.org/maven2/io/projectreactor/netty/reactor-netty-core/1.0.13/reactor-netty-core-1.0.13.jar
[INFO] Downloaded from central: https://repo.maven.apache.org/maven2/io/netty/netty-codec-http2/4.1.70.Final/netty-codec-http2-4.1.70.Final.jar (0 B at 0 B/s)
[INFO] Downloading from central: https://repo.maven.apache.org/maven2/io/netty/netty-handler-proxy/4.1.70.Final/netty-handler-proxy-4.1.70.Final.jar
[INFO] Downloaded from central: https://repo.maven.apache.org/maven2/io/netty/netty-transport-native-epoll/4.1.70.Final/netty-transport-native-epoll-4.1.70.Final-linux-x86_64.jar (0 B at 0 B/s)
[INFO] Downloading from central: https://repo.maven.apache.org/maven2/io/netty/netty-codec-socks/4.1.70.Final/netty-codec-socks-4.1.70.Final.jar
[INFO] Downloaded from central: https://repo.maven.apache.org/maven2/io/netty/netty-handler-proxy/4.1.70.Final/netty-handler-proxy-4.1.70.Final.jar (0 B at 0 B/s)
[INFO] Downloading from central: https://repo.maven.apache.org/maven2/org/eclipse/jetty/jetty-reactive-httpclient/3.0.4/jetty-reactive-httpclient-3.0.4.jar
[INFO] Downloaded from central: https://repo.maven.apache.org/maven2/io/netty/netty-codec-socks/4.1.70.Final/netty-codec-socks-4.1.70.Final.jar (0 B at 0 B/s)
[INFO] Downloading from central: https://repo.maven.apache.org/maven2/org/aspectj/aspectjrt/1.9.8.RC3/aspectjrt-1.9.8.RC3.jar
[INFO] Downloaded from central: https://repo.maven.apache.org/maven2/org/aspectj/aspectjrt/1.9.8.RC3/aspectjrt-1.9.8.RC3.jar (123 kB at 234 kB/s)
[INFO] Downloading from central: https://repo.maven.apache.org/maven2/org/aspectj/aspectjweaver/1.9.8.RC3/aspectjweaver-1.9.8.RC3.jar
[INFO] Downloaded from central: https://repo.maven.apache.org/maven2/io/projectreactor/netty/reactor-netty-core/1.0.13/reactor-netty-core-1.0.13.jar (385 kB at 731 kB/s)
[INFO] Downloading from central: https://repo.maven.apache.org/maven2/org/aspectj/aspectjtools/1.9.8.RC3/aspectjtools-1.9.8.RC3.jar
[INFO] Downloaded from central: https://repo.maven.apache.org/maven2/org/aspectj/aspectjweaver/1.9.8.RC3/aspectjweaver-1.9.8.RC3.jar (2.1 MB at 3.6 MB/s)
[INFO] Downloaded from central: https://repo.maven.apache.org/maven2/org/apache/httpcomponents/core5/httpcore5-reactive/5.1.2/httpcore5-reactive-5.1.2.jar (21 kB at 36 kB/s)
[INFO] Downloaded from central: https://repo.maven.apache.org/maven2/org/eclipse/jetty/jetty-reactive-httpclient/3.0.4/jetty-reactive-httpclient-3.0.4.jar (42 kB at 69 kB/s)
[INFO] Downloaded from central: https://repo.maven.apache.org/maven2/com/hazelcast/hazelcast-all/3.12.6/hazelcast-all-3.12.6.jar (13 MB at 18 MB/s)
[INFO] Downloaded from central: https://repo.maven.apache.org/maven2/org/aspectj/aspectjtools/1.9.8.RC3/aspectjtools-1.9.8.RC3.jar (14 MB at 14 MB/s)
[INFO] 
[INFO] --- maven-clean-plugin:2.5:clean (default-clean) @ today-framework ---
[INFO] 
[INFO] --- maven-resources-plugin:3.2.0:resources (default-resources) @ today-framework ---
[INFO] Using 'UTF-8' encoding to copy filtered resources.
[INFO] Using 'UTF-8' encoding to copy filtered properties files.
[INFO] Copying 12 resources
[INFO] 
[INFO] --- maven-compiler-plugin:3.8.1:compile (default-compile) @ today-framework ---
[INFO] Changes detected - recompiling the module!
[INFO] Compiling 2703 source files to /home/gabsko/breaking-updates/target/classes
[INFO] ------------------------------------------------------------------------
[INFO] BUILD FAILURE
[INFO] ------------------------------------------------------------------------
[INFO] Total time:  6.311 s
[INFO] Finished at: 2023-01-26T10:37:15Z
[INFO] ------------------------------------------------------------------------
[ERROR] Failed to execute goal org.apache.maven.plugins:maven-compiler-plugin:3.8.1:compile (default-compile) on project today-framework: Fatal error compiling: error: release version 17 not supported -> [Help 1]
[ERROR] 
[ERROR] To see the full stack trace of the errors, re-run Maven with the -e switch.
[ERROR] Re-run Maven using the -X switch to enable full debug logging.
[ERROR] 
[ERROR] For more information about the errors and possible solutions, please read the following articles:
[ERROR] [Help 1] http://cwiki.apache.org/confluence/display/MAVEN/MojoExecutionException
