[INFO] Scanning for projects...
[WARNING] 
[WARNING] Some problems were encountered while building the effective model for org.openelisglobal:openelisglobal:war:2.7.0.9
[WARNING] 'version' contains an expression but should be a constant. @ org.openelisglobal:openelisglobal:${major.version}.${minor.version}.${state.version}.${fix.version}, /home/gabsko/breaking-updates/pom.xml, line 9, column 11
[WARNING] 
[WARNING] It is highly recommended to fix these problems because they threaten the stability of your build.
[WARNING] 
[WARNING] For this reason, future Maven versions might no longer support building such malformed projects.
[WARNING] 
[INFO] 
[INFO] -----------------< org.openelisglobal:openelisglobal >------------------
[INFO] Building openelisglobal 2.7.0.9
[INFO] --------------------------------[ war ]---------------------------------
[INFO] Downloading from jaspersoft-third-party: https://jaspersoft.jfrog.io/jaspersoft/third-party-ce-artifacts/org/jsmpp/jsmpp/2.3.5/jsmpp-2.3.5.pom
[INFO] Downloading from central: https://repo.maven.apache.org/maven2/org/jsmpp/jsmpp/2.3.5/jsmpp-2.3.5.pom
[INFO] Downloaded from central: https://repo.maven.apache.org/maven2/org/jsmpp/jsmpp/2.3.5/jsmpp-2.3.5.pom (2.6 kB at 21 kB/s)
[INFO] Downloading from jaspersoft-third-party: https://jaspersoft.jfrog.io/jaspersoft/third-party-ce-artifacts/org/jsmpp/jsmpp-pom/2.3.5/jsmpp-pom-2.3.5.pom
[INFO] Downloading from central: https://repo.maven.apache.org/maven2/org/jsmpp/jsmpp-pom/2.3.5/jsmpp-pom-2.3.5.pom
[INFO] Downloaded from central: https://repo.maven.apache.org/maven2/org/jsmpp/jsmpp-pom/2.3.5/jsmpp-pom-2.3.5.pom (10 kB at 568 kB/s)
[INFO] Downloading from jaspersoft-third-party: https://jaspersoft.jfrog.io/jaspersoft/third-party-ce-artifacts/org/itech/dataexport-api/0.0.0.6/dataexport-api-0.0.0.6.pom
[INFO] Downloading from central: https://repo.maven.apache.org/maven2/org/itech/dataexport-api/0.0.0.6/dataexport-api-0.0.0.6.pom
[WARNING] The POM for org.itech:dataexport-api:jar:0.0.0.6 is missing, no dependency information available
[INFO] Downloading from jaspersoft-third-party: https://jaspersoft.jfrog.io/jaspersoft/third-party-ce-artifacts/ca/uhn/hapi/fhir/hapi-fhir-structures-r4/5.0.2/hapi-fhir-structures-r4-5.0.2.pom
[INFO] Downloading from central: https://repo.maven.apache.org/maven2/ca/uhn/hapi/fhir/hapi-fhir-structures-r4/5.0.2/hapi-fhir-structures-r4-5.0.2.pom
[INFO] Downloaded from central: https://repo.maven.apache.org/maven2/ca/uhn/hapi/fhir/hapi-fhir-structures-r4/5.0.2/hapi-fhir-structures-r4-5.0.2.pom (10 kB at 93 kB/s)
[INFO] Downloading from jaspersoft-third-party: https://jaspersoft.jfrog.io/jaspersoft/third-party-ce-artifacts/ca/uhn/hapi/fhir/hapi-deployable-pom/5.0.2/hapi-deployable-pom-5.0.2.pom
[INFO] Downloading from central: https://repo.maven.apache.org/maven2/ca/uhn/hapi/fhir/hapi-deployable-pom/5.0.2/hapi-deployable-pom-5.0.2.pom
[INFO] Downloaded from central: https://repo.maven.apache.org/maven2/ca/uhn/hapi/fhir/hapi-deployable-pom/5.0.2/hapi-deployable-pom-5.0.2.pom (8.6 kB at 81 kB/s)
[INFO] Downloading from jaspersoft-third-party: https://jaspersoft.jfrog.io/jaspersoft/third-party-ce-artifacts/ca/uhn/hapi/fhir/hapi-fhir/5.0.2/hapi-fhir-5.0.2.pom
[INFO] Downloading from central: https://repo.maven.apache.org/maven2/ca/uhn/hapi/fhir/hapi-fhir/5.0.2/hapi-fhir-5.0.2.pom
[INFO] Downloaded from central: https://repo.maven.apache.org/maven2/ca/uhn/hapi/fhir/hapi-fhir/5.0.2/hapi-fhir-5.0.2.pom (82 kB at 662 kB/s)
[INFO] Downloading from jaspersoft-third-party: https://jaspersoft.jfrog.io/jaspersoft/third-party-ce-artifacts/ca/uhn/hapi/fhir/hapi-fhir-base/5.0.2/hapi-fhir-base-5.0.2.pom
[INFO] Downloading from central: https://repo.maven.apache.org/maven2/ca/uhn/hapi/fhir/hapi-fhir-base/5.0.2/hapi-fhir-base-5.0.2.pom
[INFO] Downloaded from central: https://repo.maven.apache.org/maven2/ca/uhn/hapi/fhir/hapi-fhir-base/5.0.2/hapi-fhir-base-5.0.2.pom (5.7 kB at 49 kB/s)
[INFO] Downloading from jaspersoft-third-party: https://jaspersoft.jfrog.io/jaspersoft/third-party-ce-artifacts/ca/uhn/hapi/fhir/org.hl7.fhir.utilities/5.0.0/org.hl7.fhir.utilities-5.0.0.pom
[INFO] Downloading from central: https://repo.maven.apache.org/maven2/ca/uhn/hapi/fhir/org.hl7.fhir.utilities/5.0.0/org.hl7.fhir.utilities-5.0.0.pom
[INFO] Downloaded from central: https://repo.maven.apache.org/maven2/ca/uhn/hapi/fhir/org.hl7.fhir.utilities/5.0.0/org.hl7.fhir.utilities-5.0.0.pom (5.9 kB at 57 kB/s)
[INFO] Downloading from jaspersoft-third-party: https://jaspersoft.jfrog.io/jaspersoft/third-party-ce-artifacts/ca/uhn/hapi/fhir/org.hl7.fhir.core/5.0.0/org.hl7.fhir.core-5.0.0.pom
[INFO] Downloading from central: https://repo.maven.apache.org/maven2/ca/uhn/hapi/fhir/org.hl7.fhir.core/5.0.0/org.hl7.fhir.core-5.0.0.pom
[INFO] Downloaded from central: https://repo.maven.apache.org/maven2/ca/uhn/hapi/fhir/org.hl7.fhir.core/5.0.0/org.hl7.fhir.core-5.0.0.pom (14 kB at 118 kB/s)
[INFO] Downloading from jaspersoft-third-party: https://jaspersoft.jfrog.io/jaspersoft/third-party-ce-artifacts/ca/uhn/hapi/fhir/hapi-fhir-base/5.0.0/hapi-fhir-base-5.0.0.pom
[INFO] Downloading from central: https://repo.maven.apache.org/maven2/ca/uhn/hapi/fhir/hapi-fhir-base/5.0.0/hapi-fhir-base-5.0.0.pom
[INFO] Downloaded from central: https://repo.maven.apache.org/maven2/ca/uhn/hapi/fhir/hapi-fhir-base/5.0.0/hapi-fhir-base-5.0.0.pom (5.7 kB at 58 kB/s)
[INFO] Downloading from jaspersoft-third-party: https://jaspersoft.jfrog.io/jaspersoft/third-party-ce-artifacts/ca/uhn/hapi/fhir/hapi-deployable-pom/5.0.0/hapi-deployable-pom-5.0.0.pom
[INFO] Downloading from central: https://repo.maven.apache.org/maven2/ca/uhn/hapi/fhir/hapi-deployable-pom/5.0.0/hapi-deployable-pom-5.0.0.pom
[INFO] Downloaded from central: https://repo.maven.apache.org/maven2/ca/uhn/hapi/fhir/hapi-deployable-pom/5.0.0/hapi-deployable-pom-5.0.0.pom (8.6 kB at 87 kB/s)
[INFO] Downloading from jaspersoft-third-party: https://jaspersoft.jfrog.io/jaspersoft/third-party-ce-artifacts/ca/uhn/hapi/fhir/hapi-fhir/5.0.0/hapi-fhir-5.0.0.pom
[INFO] Downloading from central: https://repo.maven.apache.org/maven2/ca/uhn/hapi/fhir/hapi-fhir/5.0.0/hapi-fhir-5.0.0.pom
[INFO] Downloaded from central: https://repo.maven.apache.org/maven2/ca/uhn/hapi/fhir/hapi-fhir/5.0.0/hapi-fhir-5.0.0.pom (82 kB at 760 kB/s)
[INFO] Downloading from jaspersoft-third-party: https://jaspersoft.jfrog.io/jaspersoft/third-party-ce-artifacts/ca/uhn/hapi/fhir/org.hl7.fhir.r4/5.0.0/org.hl7.fhir.r4-5.0.0.pom
[INFO] Downloading from central: https://repo.maven.apache.org/maven2/ca/uhn/hapi/fhir/org.hl7.fhir.r4/5.0.0/org.hl7.fhir.r4-5.0.0.pom
[INFO] Downloaded from central: https://repo.maven.apache.org/maven2/ca/uhn/hapi/fhir/org.hl7.fhir.r4/5.0.0/org.hl7.fhir.r4-5.0.0.pom (3.5 kB at 18 kB/s)
[INFO] Downloading from jaspersoft-third-party: https://jaspersoft.jfrog.io/jaspersoft/third-party-ce-artifacts/org/fhir/ucum/1.0.2/ucum-1.0.2.pom
[INFO] Downloading from central: https://repo.maven.apache.org/maven2/org/fhir/ucum/1.0.2/ucum-1.0.2.pom
[INFO] Downloaded from central: https://repo.maven.apache.org/maven2/org/fhir/ucum/1.0.2/ucum-1.0.2.pom (6.9 kB at 69 kB/s)
[INFO] Downloading from jaspersoft-third-party: https://jaspersoft.jfrog.io/jaspersoft/third-party-ce-artifacts/xpp3/xpp3_xpath/1.1.4c/xpp3_xpath-1.1.4c.pom
[INFO] Downloading from central: https://repo.maven.apache.org/maven2/xpp3/xpp3_xpath/1.1.4c/xpp3_xpath-1.1.4c.pom
[INFO] Downloaded from central: https://repo.maven.apache.org/maven2/xpp3/xpp3_xpath/1.1.4c/xpp3_xpath-1.1.4c.pom (1.1 kB at 124 kB/s)
[INFO] Downloading from jaspersoft-third-party: https://jaspersoft.jfrog.io/jaspersoft/third-party-ce-artifacts/ca/uhn/hapi/fhir/hapi-fhir-client/5.0.2/hapi-fhir-client-5.0.2.pom
[INFO] Downloading from central: https://repo.maven.apache.org/maven2/ca/uhn/hapi/fhir/hapi-fhir-client/5.0.2/hapi-fhir-client-5.0.2.pom
[INFO] Downloaded from central: https://repo.maven.apache.org/maven2/ca/uhn/hapi/fhir/hapi-fhir-client/5.0.2/hapi-fhir-client-5.0.2.pom (2.1 kB at 11 kB/s)
[INFO] Downloading from jaspersoft-third-party: https://jaspersoft.jfrog.io/jaspersoft/third-party-ce-artifacts/org/apache/tiles/tiles-core/3.0.8/tiles-core-3.0.8.pom
[INFO] Downloading from central: https://repo.maven.apache.org/maven2/org/apache/tiles/tiles-core/3.0.8/tiles-core-3.0.8.pom
[INFO] Downloaded from central: https://repo.maven.apache.org/maven2/org/apache/tiles/tiles-core/3.0.8/tiles-core-3.0.8.pom (3.6 kB at 331 kB/s)
[INFO] Downloading from jaspersoft-third-party: https://jaspersoft.jfrog.io/jaspersoft/third-party-ce-artifacts/org/apache/tiles/tiles-parent/3.0.8/tiles-parent-3.0.8.pom
[INFO] Downloading from central: https://repo.maven.apache.org/maven2/org/apache/tiles/tiles-parent/3.0.8/tiles-parent-3.0.8.pom
[INFO] Downloaded from central: https://repo.maven.apache.org/maven2/org/apache/tiles/tiles-parent/3.0.8/tiles-parent-3.0.8.pom (16 kB at 1.8 MB/s)
[INFO] Downloading from jaspersoft-third-party: https://jaspersoft.jfrog.io/jaspersoft/third-party-ce-artifacts/org/apache/tiles/tiles-master/6/tiles-master-6.pom
[INFO] Downloading from central: https://repo.maven.apache.org/maven2/org/apache/tiles/tiles-master/6/tiles-master-6.pom
[INFO] Downloaded from central: https://repo.maven.apache.org/maven2/org/apache/tiles/tiles-master/6/tiles-master-6.pom (11 kB at 816 kB/s)
[INFO] Downloading from jaspersoft-third-party: https://jaspersoft.jfrog.io/jaspersoft/third-party-ce-artifacts/org/apache/tiles/tiles-api/3.0.8/tiles-api-3.0.8.pom
[INFO] Downloading from central: https://repo.maven.apache.org/maven2/org/apache/tiles/tiles-api/3.0.8/tiles-api-3.0.8.pom
[INFO] Downloaded from central: https://repo.maven.apache.org/maven2/org/apache/tiles/tiles-api/3.0.8/tiles-api-3.0.8.pom (3.1 kB at 280 kB/s)
[INFO] Downloading from jaspersoft-third-party: https://jaspersoft.jfrog.io/jaspersoft/third-party-ce-artifacts/org/apache/tiles/tiles-request-api/1.0.7/tiles-request-api-1.0.7.pom
[INFO] Downloading from central: https://repo.maven.apache.org/maven2/org/apache/tiles/tiles-request-api/1.0.7/tiles-request-api-1.0.7.pom
[INFO] Downloaded from central: https://repo.maven.apache.org/maven2/org/apache/tiles/tiles-request-api/1.0.7/tiles-request-api-1.0.7.pom (3.7 kB at 410 kB/s)
[INFO] Downloading from jaspersoft-third-party: https://jaspersoft.jfrog.io/jaspersoft/third-party-ce-artifacts/org/apache/tiles/tiles-request/1.0.7/tiles-request-1.0.7.pom
[INFO] Downloading from central: https://repo.maven.apache.org/maven2/org/apache/tiles/tiles-request/1.0.7/tiles-request-1.0.7.pom
[INFO] Downloaded from central: https://repo.maven.apache.org/maven2/org/apache/tiles/tiles-request/1.0.7/tiles-request-1.0.7.pom (16 kB at 540 kB/s)
[INFO] Downloading from jaspersoft-third-party: https://jaspersoft.jfrog.io/jaspersoft/third-party-ce-artifacts/org/apache/tiles/tiles-servlet/3.0.8/tiles-servlet-3.0.8.pom
[INFO] Downloading from central: https://repo.maven.apache.org/maven2/org/apache/tiles/tiles-servlet/3.0.8/tiles-servlet-3.0.8.pom
[INFO] Downloaded from central: https://repo.maven.apache.org/maven2/org/apache/tiles/tiles-servlet/3.0.8/tiles-servlet-3.0.8.pom (3.7 kB at 371 kB/s)
[INFO] Downloading from jaspersoft-third-party: https://jaspersoft.jfrog.io/jaspersoft/third-party-ce-artifacts/org/apache/tiles/tiles-request-servlet/1.0.7/tiles-request-servlet-1.0.7.pom
[INFO] Downloading from central: https://repo.maven.apache.org/maven2/org/apache/tiles/tiles-request-servlet/1.0.7/tiles-request-servlet-1.0.7.pom
[INFO] Downloaded from central: https://repo.maven.apache.org/maven2/org/apache/tiles/tiles-request-servlet/1.0.7/tiles-request-servlet-1.0.7.pom (2.3 kB at 286 kB/s)
[INFO] Downloading from jaspersoft-third-party: https://jaspersoft.jfrog.io/jaspersoft/third-party-ce-artifacts/org/apache/tiles/tiles-jsp/3.0.8/tiles-jsp-3.0.8.pom
[INFO] Downloading from central: https://repo.maven.apache.org/maven2/org/apache/tiles/tiles-jsp/3.0.8/tiles-jsp-3.0.8.pom
[INFO] Downloaded from central: https://repo.maven.apache.org/maven2/org/apache/tiles/tiles-jsp/3.0.8/tiles-jsp-3.0.8.pom (5.3 kB at 662 kB/s)
[INFO] Downloading from jaspersoft-third-party: https://jaspersoft.jfrog.io/jaspersoft/third-party-ce-artifacts/org/apache/tiles/tiles-template/3.0.8/tiles-template-3.0.8.pom
[INFO] Downloading from central: https://repo.maven.apache.org/maven2/org/apache/tiles/tiles-template/3.0.8/tiles-template-3.0.8.pom
[INFO] Downloaded from central: https://repo.maven.apache.org/maven2/org/apache/tiles/tiles-template/3.0.8/tiles-template-3.0.8.pom (3.0 kB at 188 kB/s)
[INFO] Downloading from jaspersoft-third-party: https://jaspersoft.jfrog.io/jaspersoft/third-party-ce-artifacts/org/apache/tiles/tiles-autotag-core-runtime/1.2/tiles-autotag-core-runtime-1.2.pom
[INFO] Downloading from central: https://repo.maven.apache.org/maven2/org/apache/tiles/tiles-autotag-core-runtime/1.2/tiles-autotag-core-runtime-1.2.pom
[INFO] Downloaded from central: https://repo.maven.apache.org/maven2/org/apache/tiles/tiles-autotag-core-runtime/1.2/tiles-autotag-core-runtime-1.2.pom (5.7 kB at 709 kB/s)
[INFO] Downloading from jaspersoft-third-party: https://jaspersoft.jfrog.io/jaspersoft/third-party-ce-artifacts/org/apache/tiles/tiles-autotag/1.2/tiles-autotag-1.2.pom
[INFO] Downloading from central: https://repo.maven.apache.org/maven2/org/apache/tiles/tiles-autotag/1.2/tiles-autotag-1.2.pom
[INFO] Downloaded from central: https://repo.maven.apache.org/maven2/org/apache/tiles/tiles-autotag/1.2/tiles-autotag-1.2.pom (7.6 kB at 844 kB/s)
[INFO] Downloading from jaspersoft-third-party: https://jaspersoft.jfrog.io/jaspersoft/third-party-ce-artifacts/org/apache/tiles/tiles-request-jsp/1.0.7/tiles-request-jsp-1.0.7.pom
[INFO] Downloading from central: https://repo.maven.apache.org/maven2/org/apache/tiles/tiles-request-jsp/1.0.7/tiles-request-jsp-1.0.7.pom
[INFO] Downloaded from central: https://repo.maven.apache.org/maven2/org/apache/tiles/tiles-request-jsp/1.0.7/tiles-request-jsp-1.0.7.pom (2.7 kB at 343 kB/s)
[INFO] Downloading from jaspersoft-third-party: https://jaspersoft.jfrog.io/jaspersoft/third-party-ce-artifacts/org/codehaus/castor/castor-xml-schema/1.4.1/castor-xml-schema-1.4.1.pom
[INFO] Downloading from central: https://repo.maven.apache.org/maven2/org/codehaus/castor/castor-xml-schema/1.4.1/castor-xml-schema-1.4.1.pom
[INFO] Downloaded from central: https://repo.maven.apache.org/maven2/org/codehaus/castor/castor-xml-schema/1.4.1/castor-xml-schema-1.4.1.pom (3.1 kB at 29 kB/s)
[INFO] Downloading from jaspersoft-third-party: https://jaspersoft.jfrog.io/jaspersoft/third-party-ce-artifacts/ca/uhn/hapi/hapi-hl7overhttp/2.3/hapi-hl7overhttp-2.3.pom
[INFO] Downloading from central: https://repo.maven.apache.org/maven2/ca/uhn/hapi/hapi-hl7overhttp/2.3/hapi-hl7overhttp-2.3.pom
[INFO] Downloaded from central: https://repo.maven.apache.org/maven2/ca/uhn/hapi/hapi-hl7overhttp/2.3/hapi-hl7overhttp-2.3.pom (15 kB at 151 kB/s)
[INFO] Downloading from jaspersoft-third-party: https://jaspersoft.jfrog.io/jaspersoft/third-party-ce-artifacts/org/hibernate/hibernate-c3p0/5.6.12.Final/hibernate-c3p0-5.6.12.Final.pom
[INFO] Downloading from central: https://repo.maven.apache.org/maven2/org/hibernate/hibernate-c3p0/5.6.12.Final/hibernate-c3p0-5.6.12.Final.pom
[INFO] Downloaded from central: https://repo.maven.apache.org/maven2/org/hibernate/hibernate-c3p0/5.6.12.Final/hibernate-c3p0-5.6.12.Final.pom (2.7 kB at 272 kB/s)
[INFO] Downloading from jaspersoft-third-party: https://jaspersoft.jfrog.io/jaspersoft/third-party-ce-artifacts/org/apache/logging/log4j/log4j-liquibase/2.17.1/log4j-liquibase-2.17.1.pom
[INFO] Downloading from central: https://repo.maven.apache.org/maven2/org/apache/logging/log4j/log4j-liquibase/2.17.1/log4j-liquibase-2.17.1.pom
[INFO] Downloaded from central: https://repo.maven.apache.org/maven2/org/apache/logging/log4j/log4j-liquibase/2.17.1/log4j-liquibase-2.17.1.pom (9.5 kB at 1.1 MB/s)
[INFO] Downloading from jaspersoft-third-party: https://jaspersoft.jfrog.io/jaspersoft/third-party-ce-artifacts/org/liquibase/liquibase-core/3.5.5/liquibase-core-3.5.5.pom
[INFO] Downloading from central: https://repo.maven.apache.org/maven2/org/liquibase/liquibase-core/3.5.5/liquibase-core-3.5.5.pom
[INFO] Downloaded from central: https://repo.maven.apache.org/maven2/org/liquibase/liquibase-core/3.5.5/liquibase-core-3.5.5.pom (15 kB at 2.2 MB/s)
[INFO] Downloading from jaspersoft-third-party: https://jaspersoft.jfrog.io/jaspersoft/third-party-ce-artifacts/org/liquibase/liquibase-parent/3.5.5/liquibase-parent-3.5.5.pom
[INFO] Downloading from central: https://repo.maven.apache.org/maven2/org/liquibase/liquibase-parent/3.5.5/liquibase-parent-3.5.5.pom
[INFO] Downloaded from central: https://repo.maven.apache.org/maven2/org/liquibase/liquibase-parent/3.5.5/liquibase-parent-3.5.5.pom (19 kB at 2.4 MB/s)
[INFO] Downloading from jaspersoft-third-party: https://jaspersoft.jfrog.io/jaspersoft/third-party-ce-artifacts/org/springframework/security/spring-security-saml2-service-provider/5.7.2/spring-security-saml2-service-provider-5.7.2.pom
[INFO] Downloading from central: https://repo.maven.apache.org/maven2/org/springframework/security/spring-security-saml2-service-provider/5.7.2/spring-security-saml2-service-provider-5.7.2.pom
[INFO] Downloaded from central: https://repo.maven.apache.org/maven2/org/springframework/security/spring-security-saml2-service-provider/5.7.2/spring-security-saml2-service-provider-5.7.2.pom (2.7 kB at 335 kB/s)
[INFO] Downloading from jaspersoft-third-party: https://jaspersoft.jfrog.io/jaspersoft/third-party-ce-artifacts/net/minidev/json-smart/maven-metadata.xml
[INFO] Downloading from shibboleth-repo: https://build.shibboleth.net/nexus/content/repositories/releases/net/minidev/json-smart/maven-metadata.xml
[INFO] Downloading from jaspersoft-third-party: https://jaspersoft.jfrog.io/jaspersoft/third-party-ce-artifacts/org/ajaxtags/ajaxtags/1.2-beta3/ajaxtags-1.2-beta3.pom
[INFO] Downloading from central: https://repo.maven.apache.org/maven2/org/ajaxtags/ajaxtags/1.2-beta3/ajaxtags-1.2-beta3.pom
[INFO] Downloaded from central: https://repo.maven.apache.org/maven2/org/ajaxtags/ajaxtags/1.2-beta3/ajaxtags-1.2-beta3.pom (6.9 kB at 69 kB/s)
[INFO] Downloading from jaspersoft-third-party: https://jaspersoft.jfrog.io/jaspersoft/third-party-ce-artifacts/javax/servlet/jstl/1.0.6/jstl-1.0.6.pom
[INFO] Downloading from central: https://repo.maven.apache.org/maven2/javax/servlet/jstl/1.0.6/jstl-1.0.6.pom
[INFO] Downloaded from central: https://repo.maven.apache.org/maven2/javax/servlet/jstl/1.0.6/jstl-1.0.6.pom (362 B at 60 kB/s)
[INFO] Downloading from jaspersoft-third-party: https://jaspersoft.jfrog.io/jaspersoft/third-party-ce-artifacts/taglibs/standard/1.0.6/standard-1.0.6.pom
[INFO] Downloading from central: https://repo.maven.apache.org/maven2/taglibs/standard/1.0.6/standard-1.0.6.pom
[INFO] Downloaded from central: https://repo.maven.apache.org/maven2/taglibs/standard/1.0.6/standard-1.0.6.pom (149 B at 25 kB/s)
[INFO] Downloading from jaspersoft-third-party: https://jaspersoft.jfrog.io/jaspersoft/third-party-ce-artifacts/net/htmlparser/jericho-html/2.1/jericho-html-2.1.pom
[INFO] Downloading from central: https://repo.maven.apache.org/maven2/net/htmlparser/jericho-html/2.1/jericho-html-2.1.pom
[INFO] Downloaded from central: https://repo.maven.apache.org/maven2/net/htmlparser/jericho-html/2.1/jericho-html-2.1.pom (1.1 kB at 5.9 kB/s)
[INFO] Downloading from jaspersoft-third-party: https://jaspersoft.jfrog.io/jaspersoft/third-party-ce-artifacts/org/aspectj/aspectjweaver/1.8.10/aspectjweaver-1.8.10.pom
[INFO] Downloading from central: https://repo.maven.apache.org/maven2/org/aspectj/aspectjweaver/1.8.10/aspectjweaver-1.8.10.pom
[INFO] Downloaded from central: https://repo.maven.apache.org/maven2/org/aspectj/aspectjweaver/1.8.10/aspectjweaver-1.8.10.pom (1.0 kB at 131 kB/s)
[INFO] Downloading from jaspersoft-third-party: https://jaspersoft.jfrog.io/jaspersoft/third-party-ce-artifacts/com/itextpdf/itextpdf/5.5.13/itextpdf-5.5.13.pom
[INFO] Downloading from central: https://repo.maven.apache.org/maven2/com/itextpdf/itextpdf/5.5.13/itextpdf-5.5.13.pom
[INFO] Downloaded from central: https://repo.maven.apache.org/maven2/com/itextpdf/itextpdf/5.5.13/itextpdf-5.5.13.pom (11 kB at 1.1 MB/s)
[INFO] Downloading from jaspersoft-third-party: https://jaspersoft.jfrog.io/jaspersoft/third-party-ce-artifacts/com/lowagie/itext/2.1.7.js8/itext-2.1.7.js8.pom
[INFO] Downloaded from jaspersoft-third-party: https://jaspersoft.jfrog.io/jaspersoft/third-party-ce-artifacts/com/lowagie/itext/2.1.7.js8/itext-2.1.7.js8.pom (0 B at 0 B/s)
[INFO] Downloading from jaspersoft-third-party: https://jaspersoft.jfrog.io/jaspersoft/third-party-ce-artifacts/org/jsmpp/jsmpp/2.3.5/jsmpp-2.3.5.jar
[INFO] Downloading from jaspersoft-third-party: https://jaspersoft.jfrog.io/jaspersoft/third-party-ce-artifacts/org/itech/dataexport-api/0.0.0.6/dataexport-api-0.0.0.6.jar
[INFO] Downloading from jaspersoft-third-party: https://jaspersoft.jfrog.io/jaspersoft/third-party-ce-artifacts/ca/uhn/hapi/fhir/hapi-fhir-structures-r4/5.0.2/hapi-fhir-structures-r4-5.0.2.jar
[INFO] Downloading from jaspersoft-third-party: https://jaspersoft.jfrog.io/jaspersoft/third-party-ce-artifacts/ca/uhn/hapi/fhir/hapi-fhir-base/5.0.2/hapi-fhir-base-5.0.2.jar
[INFO] Downloading from jaspersoft-third-party: https://jaspersoft.jfrog.io/jaspersoft/third-party-ce-artifacts/ca/uhn/hapi/fhir/org.hl7.fhir.utilities/5.0.0/org.hl7.fhir.utilities-5.0.0.jar
[INFO] Downloading from jaspersoft-third-party: https://jaspersoft.jfrog.io/jaspersoft/third-party-ce-artifacts/ca/uhn/hapi/fhir/org.hl7.fhir.r4/5.0.0/org.hl7.fhir.r4-5.0.0.jar
[INFO] Downloading from jaspersoft-third-party: https://jaspersoft.jfrog.io/jaspersoft/third-party-ce-artifacts/org/fhir/ucum/1.0.2/ucum-1.0.2.jar
[INFO] Downloading from jaspersoft-third-party: https://jaspersoft.jfrog.io/jaspersoft/third-party-ce-artifacts/xpp3/xpp3_xpath/1.1.4c/xpp3_xpath-1.1.4c.jar
[INFO] Downloading from jaspersoft-third-party: https://jaspersoft.jfrog.io/jaspersoft/third-party-ce-artifacts/ca/uhn/hapi/fhir/hapi-fhir-client/5.0.2/hapi-fhir-client-5.0.2.jar
[INFO] Downloading from jaspersoft-third-party: https://jaspersoft.jfrog.io/jaspersoft/third-party-ce-artifacts/org/apache/tiles/tiles-core/3.0.8/tiles-core-3.0.8.jar
[INFO] Downloading from jaspersoft-third-party: https://jaspersoft.jfrog.io/jaspersoft/third-party-ce-artifacts/org/apache/tiles/tiles-api/3.0.8/tiles-api-3.0.8.jar
[INFO] Downloading from jaspersoft-third-party: https://jaspersoft.jfrog.io/jaspersoft/third-party-ce-artifacts/org/apache/tiles/tiles-request-api/1.0.7/tiles-request-api-1.0.7.jar
[INFO] Downloading from jaspersoft-third-party: https://jaspersoft.jfrog.io/jaspersoft/third-party-ce-artifacts/org/apache/tiles/tiles-servlet/3.0.8/tiles-servlet-3.0.8.jar
[INFO] Downloading from jaspersoft-third-party: https://jaspersoft.jfrog.io/jaspersoft/third-party-ce-artifacts/org/apache/tiles/tiles-request-servlet/1.0.7/tiles-request-servlet-1.0.7.jar
[INFO] Downloading from jaspersoft-third-party: https://jaspersoft.jfrog.io/jaspersoft/third-party-ce-artifacts/org/apache/tiles/tiles-jsp/3.0.8/tiles-jsp-3.0.8.jar
[INFO] Downloading from jaspersoft-third-party: https://jaspersoft.jfrog.io/jaspersoft/third-party-ce-artifacts/org/apache/tiles/tiles-template/3.0.8/tiles-template-3.0.8.jar
[INFO] Downloading from jaspersoft-third-party: https://jaspersoft.jfrog.io/jaspersoft/third-party-ce-artifacts/org/apache/tiles/tiles-autotag-core-runtime/1.2/tiles-autotag-core-runtime-1.2.jar
[INFO] Downloading from jaspersoft-third-party: https://jaspersoft.jfrog.io/jaspersoft/third-party-ce-artifacts/org/apache/tiles/tiles-request-jsp/1.0.7/tiles-request-jsp-1.0.7.jar
[INFO] Downloading from jaspersoft-third-party: https://jaspersoft.jfrog.io/jaspersoft/third-party-ce-artifacts/org/codehaus/castor/castor-xml-schema/1.4.1/castor-xml-schema-1.4.1.jar
[INFO] Downloading from jaspersoft-third-party: https://jaspersoft.jfrog.io/jaspersoft/third-party-ce-artifacts/ca/uhn/hapi/hapi-hl7overhttp/2.3/hapi-hl7overhttp-2.3.jar
[INFO] Downloading from jaspersoft-third-party: https://jaspersoft.jfrog.io/jaspersoft/third-party-ce-artifacts/org/hibernate/hibernate-c3p0/5.6.12.Final/hibernate-c3p0-5.6.12.Final.jar
[INFO] Downloading from jaspersoft-third-party: https://jaspersoft.jfrog.io/jaspersoft/third-party-ce-artifacts/org/apache/logging/log4j/log4j-liquibase/2.17.1/log4j-liquibase-2.17.1.jar
[INFO] Downloading from jaspersoft-third-party: https://jaspersoft.jfrog.io/jaspersoft/third-party-ce-artifacts/org/springframework/security/spring-security-saml2-service-provider/5.7.2/spring-security-saml2-service-provider-5.7.2.jar
[INFO] Downloading from jaspersoft-third-party: https://jaspersoft.jfrog.io/jaspersoft/third-party-ce-artifacts/org/opensaml/opensaml-messaging-api/3.4.6/opensaml-messaging-api-3.4.6.jar
[INFO] Downloading from jaspersoft-third-party: https://jaspersoft.jfrog.io/jaspersoft/third-party-ce-artifacts/org/opensaml/opensaml-storage-api/3.4.6/opensaml-storage-api-3.4.6.jar
[INFO] Downloading from jaspersoft-third-party: https://jaspersoft.jfrog.io/jaspersoft/third-party-ce-artifacts/org/apache/santuario/xmlsec/2.0.10/xmlsec-2.0.10.jar
[INFO] Downloading from jaspersoft-third-party: https://jaspersoft.jfrog.io/jaspersoft/third-party-ce-artifacts/org/cryptacular/cryptacular/1.1.4/cryptacular-1.1.4.jar
[INFO] Downloading from jaspersoft-third-party: https://jaspersoft.jfrog.io/jaspersoft/third-party-ce-artifacts/org/opensaml/opensaml-soap-impl/3.4.6/opensaml-soap-impl-3.4.6.jar
[INFO] Downloading from jaspersoft-third-party: https://jaspersoft.jfrog.io/jaspersoft/third-party-ce-artifacts/org/ajaxtags/ajaxtags/1.2-beta3/ajaxtags-1.2-beta3.jar
[INFO] Downloading from jaspersoft-third-party: https://jaspersoft.jfrog.io/jaspersoft/third-party-ce-artifacts/taglibs/standard/1.0.6/standard-1.0.6.jar
[INFO] Downloading from jaspersoft-third-party: https://jaspersoft.jfrog.io/jaspersoft/third-party-ce-artifacts/net/htmlparser/jericho-html/2.1/jericho-html-2.1.jar
[INFO] Downloading from jaspersoft-third-party: https://jaspersoft.jfrog.io/jaspersoft/third-party-ce-artifacts/org/aspectj/aspectjweaver/1.8.10/aspectjweaver-1.8.10.jar
[INFO] Downloading from jaspersoft-third-party: https://jaspersoft.jfrog.io/jaspersoft/third-party-ce-artifacts/com/itextpdf/itextpdf/5.5.13/itextpdf-5.5.13.jar
[INFO] Downloading from jaspersoft-third-party: https://jaspersoft.jfrog.io/jaspersoft/third-party-ce-artifacts/com/lowagie/itext/2.1.7.js8/itext-2.1.7.js8.jar
[INFO] Downloading from jaspersoft-third-party: https://jaspersoft.jfrog.io/jaspersoft/third-party-ce-artifacts/com/sun/xml/messaging/saaj/saaj-impl/1.4.0/saaj-impl-1.4.0.jar
[INFO] Downloaded from jaspersoft-third-party: https://jaspersoft.jfrog.io/jaspersoft/third-party-ce-artifacts/com/lowagie/itext/2.1.7.js8/itext-2.1.7.js8.jar (0 B at 0 B/s)
[INFO] Downloading from central: https://repo.maven.apache.org/maven2/org/jsmpp/jsmpp/2.3.5/jsmpp-2.3.5.jar
[INFO] Downloading from central: https://repo.maven.apache.org/maven2/org/itech/dataexport-api/0.0.0.6/dataexport-api-0.0.0.6.jar
[INFO] Downloading from central: https://repo.maven.apache.org/maven2/ca/uhn/hapi/fhir/hapi-fhir-structures-r4/5.0.2/hapi-fhir-structures-r4-5.0.2.jar
[INFO] Downloading from central: https://repo.maven.apache.org/maven2/ca/uhn/hapi/fhir/hapi-fhir-base/5.0.2/hapi-fhir-base-5.0.2.jar
[INFO] Downloading from central: https://repo.maven.apache.org/maven2/ca/uhn/hapi/fhir/org.hl7.fhir.utilities/5.0.0/org.hl7.fhir.utilities-5.0.0.jar
[INFO] Downloaded from central: https://repo.maven.apache.org/maven2/org/jsmpp/jsmpp/2.3.5/jsmpp-2.3.5.jar (385 kB at 10 MB/s)
[INFO] Downloading from central: https://repo.maven.apache.org/maven2/ca/uhn/hapi/fhir/org.hl7.fhir.r4/5.0.0/org.hl7.fhir.r4-5.0.0.jar
[INFO] Downloading from central: https://repo.maven.apache.org/maven2/org/fhir/ucum/1.0.2/ucum-1.0.2.jar
[INFO] Downloaded from central: https://repo.maven.apache.org/maven2/ca/uhn/hapi/fhir/hapi-fhir-structures-r4/5.0.2/hapi-fhir-structures-r4-5.0.2.jar (40 kB at 358 kB/s)
[INFO] Downloading from central: https://repo.maven.apache.org/maven2/xpp3/xpp3_xpath/1.1.4c/xpp3_xpath-1.1.4c.jar
[INFO] Downloaded from central: https://repo.maven.apache.org/maven2/org/fhir/ucum/1.0.2/ucum-1.0.2.jar (66 kB at 609 kB/s)
[INFO] Downloading from central: https://repo.maven.apache.org/maven2/ca/uhn/hapi/fhir/hapi-fhir-client/5.0.2/hapi-fhir-client-5.0.2.jar
[INFO] Downloaded from central: https://repo.maven.apache.org/maven2/xpp3/xpp3_xpath/1.1.4c/xpp3_xpath-1.1.4c.jar (199 kB at 1.7 MB/s)
[INFO] Downloading from central: https://repo.maven.apache.org/maven2/org/apache/tiles/tiles-core/3.0.8/tiles-core-3.0.8.jar
[INFO] Downloaded from central: https://repo.maven.apache.org/maven2/org/apache/tiles/tiles-core/3.0.8/tiles-core-3.0.8.jar (82 kB at 637 kB/s)
[INFO] Downloading from central: https://repo.maven.apache.org/maven2/org/apache/tiles/tiles-api/3.0.8/tiles-api-3.0.8.jar
[INFO] Downloaded from central: https://repo.maven.apache.org/maven2/org/apache/tiles/tiles-api/3.0.8/tiles-api-3.0.8.jar (30 kB at 220 kB/s)
[INFO] Downloading from central: https://repo.maven.apache.org/maven2/org/apache/tiles/tiles-request-api/1.0.7/tiles-request-api-1.0.7.jar
[INFO] Downloaded from central: https://repo.maven.apache.org/maven2/org/apache/tiles/tiles-request-api/1.0.7/tiles-request-api-1.0.7.jar (74 kB at 499 kB/s)
[INFO] Downloading from central: https://repo.maven.apache.org/maven2/org/apache/tiles/tiles-servlet/3.0.8/tiles-servlet-3.0.8.jar
[INFO] Downloaded from central: https://repo.maven.apache.org/maven2/ca/uhn/hapi/fhir/hapi-fhir-base/5.0.2/hapi-fhir-base-5.0.2.jar (910 kB at 5.5 MB/s)
[INFO] Downloading from central: https://repo.maven.apache.org/maven2/org/apache/tiles/tiles-request-servlet/1.0.7/tiles-request-servlet-1.0.7.jar
[INFO] Downloaded from central: https://repo.maven.apache.org/maven2/org/apache/tiles/tiles-servlet/3.0.8/tiles-servlet-3.0.8.jar (25 kB at 163 kB/s)
[INFO] Downloading from central: https://repo.maven.apache.org/maven2/org/apache/tiles/tiles-jsp/3.0.8/tiles-jsp-3.0.8.jar
[INFO] Downloaded from central: https://repo.maven.apache.org/maven2/org/apache/tiles/tiles-request-servlet/1.0.7/tiles-request-servlet-1.0.7.jar (20 kB at 125 kB/s)
[INFO] Downloading from central: https://repo.maven.apache.org/maven2/org/apache/tiles/tiles-template/3.0.8/tiles-template-3.0.8.jar
[INFO] Downloaded from central: https://repo.maven.apache.org/maven2/org/apache/tiles/tiles-jsp/3.0.8/tiles-jsp-3.0.8.jar (35 kB at 217 kB/s)
[INFO] Downloading from central: https://repo.maven.apache.org/maven2/org/apache/tiles/tiles-autotag-core-runtime/1.2/tiles-autotag-core-runtime-1.2.jar
[INFO] Downloaded from central: https://repo.maven.apache.org/maven2/org/apache/tiles/tiles-autotag-core-runtime/1.2/tiles-autotag-core-runtime-1.2.jar (12 kB at 71 kB/s)
[INFO] Downloading from central: https://repo.maven.apache.org/maven2/org/apache/tiles/tiles-request-jsp/1.0.7/tiles-request-jsp-1.0.7.jar
[INFO] Downloaded from central: https://repo.maven.apache.org/maven2/org/apache/tiles/tiles-template/3.0.8/tiles-template-3.0.8.jar (32 kB at 181 kB/s)
[INFO] Downloading from central: https://repo.maven.apache.org/maven2/org/codehaus/castor/castor-xml-schema/1.4.1/castor-xml-schema-1.4.1.jar
[INFO] Downloaded from central: https://repo.maven.apache.org/maven2/org/apache/tiles/tiles-request-jsp/1.0.7/tiles-request-jsp-1.0.7.jar (17 kB at 96 kB/s)
[INFO] Downloading from central: https://repo.maven.apache.org/maven2/ca/uhn/hapi/hapi-hl7overhttp/2.3/hapi-hl7overhttp-2.3.jar
[INFO] Downloaded from central: https://repo.maven.apache.org/maven2/org/codehaus/castor/castor-xml-schema/1.4.1/castor-xml-schema-1.4.1.jar (381 kB at 1.9 MB/s)
[INFO] Downloading from central: https://repo.maven.apache.org/maven2/org/hibernate/hibernate-c3p0/5.6.12.Final/hibernate-c3p0-5.6.12.Final.jar
[INFO] Downloaded from central: https://repo.maven.apache.org/maven2/org/hibernate/hibernate-c3p0/5.6.12.Final/hibernate-c3p0-5.6.12.Final.jar (12 kB at 59 kB/s)
[INFO] Downloading from central: https://repo.maven.apache.org/maven2/org/apache/logging/log4j/log4j-liquibase/2.17.1/log4j-liquibase-2.17.1.jar
[INFO] Downloaded from central: https://repo.maven.apache.org/maven2/ca/uhn/hapi/fhir/hapi-fhir-client/5.0.2/hapi-fhir-client-5.0.2.jar (246 kB at 1.1 MB/s)
[INFO] Downloading from central: https://repo.maven.apache.org/maven2/org/springframework/security/spring-security-saml2-service-provider/5.7.2/spring-security-saml2-service-provider-5.7.2.jar
[INFO] Downloaded from central: https://repo.maven.apache.org/maven2/ca/uhn/hapi/hapi-hl7overhttp/2.3/hapi-hl7overhttp-2.3.jar (140 kB at 496 kB/s)
[INFO] Downloading from central: https://repo.maven.apache.org/maven2/org/opensaml/opensaml-messaging-api/3.4.6/opensaml-messaging-api-3.4.6.jar
[INFO] Downloaded from central: https://repo.maven.apache.org/maven2/org/opensaml/opensaml-messaging-api/3.4.6/opensaml-messaging-api-3.4.6.jar (56 kB at 194 kB/s)
[INFO] Downloading from central: https://repo.maven.apache.org/maven2/org/opensaml/opensaml-storage-api/3.4.6/opensaml-storage-api-3.4.6.jar
[INFO] Downloaded from central: https://repo.maven.apache.org/maven2/org/opensaml/opensaml-storage-api/3.4.6/opensaml-storage-api-3.4.6.jar (24 kB at 80 kB/s)
[INFO] Downloading from central: https://repo.maven.apache.org/maven2/org/apache/santuario/xmlsec/2.0.10/xmlsec-2.0.10.jar
[INFO] Downloaded from central: https://repo.maven.apache.org/maven2/org/apache/logging/log4j/log4j-liquibase/2.17.1/log4j-liquibase-2.17.1.jar (11 kB at 35 kB/s)
[INFO] Downloading from central: https://repo.maven.apache.org/maven2/org/cryptacular/cryptacular/1.1.4/cryptacular-1.1.4.jar
[INFO] Downloaded from central: https://repo.maven.apache.org/maven2/org/cryptacular/cryptacular/1.1.4/cryptacular-1.1.4.jar (163 kB at 517 kB/s)
[INFO] Downloading from central: https://repo.maven.apache.org/maven2/org/opensaml/opensaml-soap-impl/3.4.6/opensaml-soap-impl-3.4.6.jar
[INFO] Downloaded from central: https://repo.maven.apache.org/maven2/ca/uhn/hapi/fhir/org.hl7.fhir.utilities/5.0.0/org.hl7.fhir.utilities-5.0.0.jar (365 kB at 1.1 MB/s)
[INFO] Downloading from central: https://repo.maven.apache.org/maven2/org/ajaxtags/ajaxtags/1.2-beta3/ajaxtags-1.2-beta3.jar
[INFO] Downloaded from central: https://repo.maven.apache.org/maven2/org/opensaml/opensaml-soap-impl/3.4.6/opensaml-soap-impl-3.4.6.jar (401 kB at 1.2 MB/s)
[INFO] Downloading from central: https://repo.maven.apache.org/maven2/taglibs/standard/1.0.6/standard-1.0.6.jar
[INFO] Downloaded from central: https://repo.maven.apache.org/maven2/org/apache/santuario/xmlsec/2.0.10/xmlsec-2.0.10.jar (1.1 MB at 3.3 MB/s)
[INFO] Downloading from central: https://repo.maven.apache.org/maven2/net/htmlparser/jericho-html/2.1/jericho-html-2.1.jar
[INFO] Downloaded from central: https://repo.maven.apache.org/maven2/org/springframework/security/spring-security-saml2-service-provider/5.7.2/spring-security-saml2-service-provider-5.7.2.jar (290 kB at 831 kB/s)
[INFO] Downloading from central: https://repo.maven.apache.org/maven2/org/aspectj/aspectjweaver/1.8.10/aspectjweaver-1.8.10.jar
[INFO] Downloaded from central: https://repo.maven.apache.org/maven2/taglibs/standard/1.0.6/standard-1.0.6.jar (509 kB at 1.3 MB/s)
[INFO] Downloading from central: https://repo.maven.apache.org/maven2/com/itextpdf/itextpdf/5.5.13/itextpdf-5.5.13.jar
[INFO] Downloaded from central: https://repo.maven.apache.org/maven2/org/aspectj/aspectjweaver/1.8.10/aspectjweaver-1.8.10.jar (1.9 MB at 4.5 MB/s)
[INFO] Downloading from central: https://repo.maven.apache.org/maven2/com/sun/xml/messaging/saaj/saaj-impl/1.4.0/saaj-impl-1.4.0.jar
[INFO] Downloaded from central: https://repo.maven.apache.org/maven2/com/sun/xml/messaging/saaj/saaj-impl/1.4.0/saaj-impl-1.4.0.jar (0 B at 0 B/s)
[INFO] Downloaded from central: https://repo.maven.apache.org/maven2/net/htmlparser/jericho-html/2.1/jericho-html-2.1.jar (145 kB at 315 kB/s)
[INFO] Downloaded from central: https://repo.maven.apache.org/maven2/com/itextpdf/itextpdf/5.5.13/itextpdf-5.5.13.jar (2.3 MB at 4.9 MB/s)
[INFO] Downloaded from central: https://repo.maven.apache.org/maven2/org/ajaxtags/ajaxtags/1.2-beta3/ajaxtags-1.2-beta3.jar (48 kB at 92 kB/s)
[INFO] Downloaded from central: https://repo.maven.apache.org/maven2/ca/uhn/hapi/fhir/org.hl7.fhir.r4/5.0.0/org.hl7.fhir.r4-5.0.0.jar (12 MB at 22 MB/s)
[INFO] ------------------------------------------------------------------------
[INFO] BUILD FAILURE
[INFO] ------------------------------------------------------------------------
[INFO] Total time:  11.966 s
[INFO] Finished at: 2023-01-26T09:27:34Z
[INFO] ------------------------------------------------------------------------
[ERROR] Failed to execute goal on project openelisglobal: Could not resolve dependencies for project org.openelisglobal:openelisglobal:war:2.7.0.9: Could not find artifact org.itech:dataexport-api:jar:0.0.0.6 in jaspersoft-third-party (https://jaspersoft.jfrog.io/jaspersoft/third-party-ce-artifacts/) -> [Help 1]
[ERROR] 
[ERROR] To see the full stack trace of the errors, re-run Maven with the -e switch.
[ERROR] Re-run Maven using the -X switch to enable full debug logging.
[ERROR] 
[ERROR] For more information about the errors and possible solutions, please read the following articles:
[ERROR] [Help 1] http://cwiki.apache.org/confluence/display/MAVEN/DependencyResolutionException
