[INFO] Scanning for projects...
[INFO] Inspecting build with total of 1 modules...
[INFO] Installing Nexus Staging features:
[INFO]   ... total of 1 executions of maven-deploy-plugin replaced with nexus-staging-maven-plugin
[INFO] 
[INFO] -----------< org.simplify4u.plugins:pgpverify-maven-plugin >------------
[INFO] Building Verify PGP signatures plugin 1.16.1-SNAPSHOT
[INFO] ----------------------------[ maven-plugin ]----------------------------
[INFO] 
[INFO] --- maven-clean-plugin:3.2.0:clean (default-clean) @ pgpverify-maven-plugin ---
[INFO] Deleting /home/gabsko/breaking-updates/target
[INFO] 
[INFO] --- maven-enforcer-plugin:3.0.0-M3:enforce (enforcer) @ pgpverify-maven-plugin ---
[INFO] 
[INFO] --- maven-plugin-plugin:3.6.4:helpmojo (generated-helpmojo) @ pgpverify-maven-plugin ---
[INFO] Using 'UTF-8' encoding to read mojo source files.
[INFO] java-javadoc mojo extractor found 0 mojo descriptor.
[INFO] bsh mojo extractor found 0 mojo descriptor.
[INFO] ant mojo extractor found 0 mojo descriptor.
[INFO] java-annotations mojo extractor found 0 mojo descriptor.
[INFO] 
[INFO] --- maven-resources-plugin:3.2.0:resources (default-resources) @ pgpverify-maven-plugin ---
[INFO] Using 'UTF-8' encoding to copy filtered resources.
[INFO] Using 'UTF-8' encoding to copy filtered properties files.
[INFO] Copying 1 resource
[INFO] 
[INFO] --- maven-compiler-plugin:3.10.1:compile (default-compile) @ pgpverify-maven-plugin ---
[INFO] Changes detected - recompiling the module!
[INFO] Compiling 52 source files to /home/gabsko/breaking-updates/target/classes
[INFO] 
[INFO] --- maven-plugin-plugin:3.6.4:descriptor (default-descriptor) @ pgpverify-maven-plugin ---
[INFO] Using 'UTF-8' encoding to read mojo source files.
[INFO] java-javadoc mojo extractor found 0 mojo descriptor.
[INFO] bsh mojo extractor found 0 mojo descriptor.
[INFO] ant mojo extractor found 0 mojo descriptor.
[INFO] java-annotations mojo extractor found 4 mojo descriptors.
[INFO] 
[INFO] --- maven-resources-plugin:3.2.0:testResources (default-testResources) @ pgpverify-maven-plugin ---
[INFO] Using 'UTF-8' encoding to copy filtered resources.
[INFO] Using 'UTF-8' encoding to copy filtered properties files.
[INFO] Copying 18 resources
[INFO] 
[INFO] --- maven-compiler-plugin:3.10.1:testCompile (default-testCompile) @ pgpverify-maven-plugin ---
[INFO] Changes detected - recompiling the module!
[INFO] Compiling 31 source files to /home/gabsko/breaking-updates/target/test-classes
[INFO] 
[INFO] --- maven-surefire-plugin:3.0.0-M6:test (default-test) @ pgpverify-maven-plugin ---
[INFO] Using auto detected provider org.apache.maven.surefire.testng.TestNGProvider
[INFO] 
[INFO] -------------------------------------------------------
[INFO]  T E S T S
[INFO] -------------------------------------------------------
[INFO] Running TestSuite
OpenJDK 64-Bit Server VM warning: Sharing is only supported for boot loader classes because bootstrap classpath has been appended
[main] INFO org.simplify4u.plugins.keyserver.PGPKeysCache - Key server(s) - keysServerClient
[main] INFO org.simplify4u.plugins.keyserver.PGPKeysCache - Receive key: https://key.get.example.com/?keyId=0xEFE8086F9E93774E
	to /tmp/cache-path-test3429267986828536573/EF/E8/EFE8086F9E93774E.asc
[main] INFO org.simplify4u.plugins.keyserver.PGPKeysCache - Key server(s) - keysServerClient
[main] INFO org.simplify4u.plugins.keyserver.PGPKeysCache - Create cache directory for PGP keys: /tmp/cache-path-test12418258205581695052/empty
[main] INFO org.simplify4u.plugins.keyserver.PGPKeysCache - Key server(s) - keysServerClient
[main] INFO org.simplify4u.plugins.keyserver.PGPKeysCache - Key server(s) - keysServerClient
[main] INFO org.simplify4u.plugins.keyserver.PGPKeysCache - Receive key: https://key.get.example.com/?keyId=0xEFE8086F9E93774E
	to /tmp/cache-path-test11347386401103302208/EF/E8/EFE8086F9E93774E.asc
[main] INFO org.simplify4u.plugins.keyserver.PGPKeysCache - Key server(s) - keysServerClient
[main] INFO org.simplify4u.plugins.keyserver.PGPKeysCache - Receive key: https://key.get.example.com/?keyId=0x0000001234567890
	to /tmp/cache-path-test18141328082577095813/00/00/0000001234567890.asc
[main] INFO org.simplify4u.plugins.keyserver.PGPKeysCache - Key server(s) - keysServerClient
[main] WARN org.simplify4u.plugins.keyserver.PGPKeysCache - Read cache file: /tmp/cache-path-test11761363770106636673/00/00/0000001234567890.asc.404
java.lang.NumberFormatException: For input string: ""
	at java.base/java.lang.NumberFormatException.forInputString(NumberFormatException.java:65)
	at java.base/java.lang.Long.parseLong(Long.java:702)
	at java.base/java.lang.Long.parseLong(Long.java:817)
	at org.simplify4u.plugins.keyserver.PGPKeysCache.lambda$checkNotFoundCache$969792f5$1(PGPKeysCache.java:207)
	at io.vavr.control.Try.of(Try.java:75)
	at org.simplify4u.plugins.keyserver.PGPKeysCache.checkNotFoundCache(PGPKeysCache.java:205)
	at org.simplify4u.plugins.keyserver.PGPKeysCache.getKeyRing(PGPKeysCache.java:170)
	at org.simplify4u.plugins.keyserver.PGPKeysCacheTest.lambda$notFoundCacheEmptyFileShouldNotBreakProcessing$9(PGPKeysCacheTest.java:281)
	at org.assertj.core.api.ThrowableAssert.catchThrowable(ThrowableAssert.java:63)
	at org.assertj.core.api.AssertionsForClassTypes.catchThrowable(AssertionsForClassTypes.java:892)
	at org.assertj.core.api.AssertionsForClassTypes.assertThatCode(AssertionsForClassTypes.java:863)
	at org.assertj.core.api.Assertions.assertThatCode(Assertions.java:1287)
	at org.simplify4u.plugins.keyserver.PGPKeysCacheTest.notFoundCacheEmptyFileShouldNotBreakProcessing(PGPKeysCacheTest.java:281)
	at java.base/jdk.internal.reflect.NativeMethodAccessorImpl.invoke0(Native Method)
	at java.base/jdk.internal.reflect.NativeMethodAccessorImpl.invoke(NativeMethodAccessorImpl.java:62)
	at java.base/jdk.internal.reflect.DelegatingMethodAccessorImpl.invoke(DelegatingMethodAccessorImpl.java:43)
	at java.base/java.lang.reflect.Method.invoke(Method.java:566)
	at org.testng.internal.invokers.MethodInvocationHelper.invokeMethod(MethodInvocationHelper.java:139)
	at org.testng.internal.invokers.TestInvoker.invokeMethod(TestInvoker.java:677)
	at org.testng.internal.invokers.TestInvoker.invokeTestMethod(TestInvoker.java:221)
	at org.testng.internal.invokers.MethodRunner.runInSequence(MethodRunner.java:50)
	at org.testng.internal.invokers.TestInvoker$MethodInvocationAgent.invoke(TestInvoker.java:962)
	at org.testng.internal.invokers.TestInvoker.invokeTestMethods(TestInvoker.java:194)
	at org.testng.internal.invokers.TestMethodWorker.invokeTestMethods(TestMethodWorker.java:148)
	at org.testng.internal.invokers.TestMethodWorker.run(TestMethodWorker.java:128)
	at java.base/java.util.ArrayList.forEach(ArrayList.java:1541)
	at org.testng.TestRunner.privateRun(TestRunner.java:806)
	at org.testng.TestRunner.run(TestRunner.java:601)
	at org.testng.SuiteRunner.runTest(SuiteRunner.java:433)
	at org.testng.SuiteRunner.runSequentially(SuiteRunner.java:427)
	at org.testng.SuiteRunner.privateRun(SuiteRunner.java:387)
	at org.testng.SuiteRunner.run(SuiteRunner.java:330)
	at org.testng.SuiteRunnerWorker.runSuite(SuiteRunnerWorker.java:52)
	at org.testng.SuiteRunnerWorker.run(SuiteRunnerWorker.java:95)
	at org.testng.TestNG.runSuitesSequentially(TestNG.java:1256)
	at org.testng.TestNG.runSuitesLocally(TestNG.java:1176)
	at org.testng.TestNG.runSuites(TestNG.java:1099)
	at org.testng.TestNG.run(TestNG.java:1067)
	at org.apache.maven.surefire.testng.TestNGExecutor.run(TestNGExecutor.java:151)
	at org.apache.maven.surefire.testng.TestNGDirectoryTestSuite.executeMulti(TestNGDirectoryTestSuite.java:192)
	at org.apache.maven.surefire.testng.TestNGDirectoryTestSuite.execute(TestNGDirectoryTestSuite.java:93)
	at org.apache.maven.surefire.testng.TestNGProvider.invoke(TestNGProvider.java:155)
	at org.apache.maven.surefire.booter.ForkedBooter.runSuitesInProcess(ForkedBooter.java:456)
	at org.apache.maven.surefire.booter.ForkedBooter.execute(ForkedBooter.java:169)
	at org.apache.maven.surefire.booter.ForkedBooter.run(ForkedBooter.java:595)
	at org.apache.maven.surefire.booter.ForkedBooter.main(ForkedBooter.java:581)
[main] DEBUG org.simplify4u.plugins.keyserver.PGPKeysCache - KeyNotFound remove cache /tmp/cache-path-test11761363770106636673/00/00/0000001234567890.asc.404 - mark time: 0 elapsed: PT465305H46M1.263S
[main] INFO org.simplify4u.plugins.keyserver.PGPKeysCache - Key server(s) - keysServerClient
[main] DEBUG org.simplify4u.plugins.keyserver.PGPKeysCache - KeyNotFound remove cache /tmp/cache-path-test17445957089013608450/00/00/0000001234567890.asc.404 - mark time: 1675093561268 elapsed: PT2H
[main] INFO org.simplify4u.plugins.keyserver.PGPKeysCache - Key server(s) - keysServerClient
[main] DEBUG org.simplify4u.plugins.keyserver.PGPKeysCache - KeyNotFound from cache /tmp/cache-path-test5058350417413781789/00/00/0000001234567890.asc.404 - mark time: 1675100761273 elapsed: PT0S
[main] WARN org.simplify4u.plugins.keyserver.PGPKeysCache - Mock for PGPKeysServerClient, hashCode: 545672401 throw exception: Fallback test1 - fallback try next client
[main] WARN org.simplify4u.plugins.keyserver.PGPKeysCache - Mock for PGPKeysServerClient, hashCode: 1552127607 throw exception: Fallback test2 - fallback try next client
[main] ERROR org.simplify4u.plugins.keyserver.PGPKeysCache - All servers from list was failed
[main] WARN org.simplify4u.plugins.keyserver.PGPKeysCache - Mock for PGPKeysServerClient, hashCode: 1991443937 throw exception: Fallback test1 - load balance try next client
[main] WARN org.simplify4u.plugins.keyserver.PGPKeysCache - Mock for PGPKeysServerClient, hashCode: 1810327249 throw exception: Fallback test2 - load balance try next client
[main] ERROR org.simplify4u.plugins.keyserver.PGPKeysCache - All servers from list was failed
[main] WARN org.simplify4u.plugins.keyserver.PGPKeysCache - Mock for PGPKeysServerClient, hashCode: 251546027 throw exception: null - fallback try next client
[main] WARN org.simplify4u.plugins.keyserver.PGPKeysCache - Mock for PGPKeysServerClient, hashCode: 1842314090 throw exception: null - fallback try next client
[main] ERROR org.simplify4u.plugins.keyserver.PGPKeysCache - All servers from list was failed
[main] WARN org.simplify4u.plugins.keyserver.PGPKeysCache - Mock for PGPKeysServerClient, hashCode: 2123309997 throw exception: null - load balance try next client
[main] WARN org.simplify4u.plugins.keyserver.PGPKeysCache - Mock for PGPKeysServerClient, hashCode: 1949551129 throw exception: null - load balance try next client
[main] ERROR org.simplify4u.plugins.keyserver.PGPKeysCache - All servers from list was failed
[main] WARN org.simplify4u.plugins.keyserver.PGPKeysCache - Mock for PGPKeysServerClient, hashCode: 768856989 throw exception: null - fallback try next client
[main] WARN org.simplify4u.plugins.keyserver.PGPKeysCache - Mock for PGPKeysServerClient, hashCode: 182698304 throw exception: null - fallback try next client
[main] ERROR org.simplify4u.plugins.keyserver.PGPKeysCache - All servers from list was failed
[main] WARN org.simplify4u.plugins.keyserver.PGPKeysCache - Mock for PGPKeysServerClient, hashCode: 46087876 throw exception: null - load balance try next client
[main] WARN org.simplify4u.plugins.keyserver.PGPKeysCache - Mock for PGPKeysServerClient, hashCode: 995991728 throw exception: null - load balance try next client
[main] ERROR org.simplify4u.plugins.keyserver.PGPKeysCache - All servers from list was failed
[main] WARN org.simplify4u.plugins.keyserver.PGPKeysCache - Mock for PGPKeysServerClient, hashCode: 677115308 throw exception: Fallback test - fallback try next client
[main] WARN org.simplify4u.plugins.keyserver.PGPKeysCache - Mock for PGPKeysServerClient, hashCode: 677115308 throw exception: Fallback test - fallback try next client
[main] WARN org.simplify4u.plugins.keyserver.PGPKeysCache - Mock for PGPKeysServerClient, hashCode: 95055266 throw exception: Fallback test - load balance try next client
[main] WARN org.simplify4u.plugins.keyserver.PGPKeysCache - Mock for PGPKeysServerClient, hashCode: 95055266 throw exception: Fallback test - load balance try next client
[INFO] Tests run: 300, Failures: 0, Errors: 0, Skipped: 0, Time elapsed: 9.252 s - in TestSuite
[INFO] 
[INFO] Results:
[INFO] 
[INFO] Tests run: 300, Failures: 0, Errors: 0, Skipped: 0
[INFO] 
[INFO] ------------------------------------------------------------------------
[INFO] BUILD SUCCESS
[INFO] ------------------------------------------------------------------------
[INFO] Total time:  16.610 s
[INFO] Finished at: 2023-01-30T17:46:06Z
[INFO] ------------------------------------------------------------------------
