[INFO] Scanning for projects...
[INFO] 
[INFO] ------------------< org.apache.commons:commons-email >------------------
[INFO] Building Apache Commons Email 1.6-SNAPSHOT
[INFO] --------------------------------[ jar ]---------------------------------
[INFO] 
[INFO] --- maven-clean-plugin:3.1.0:clean (default-clean) @ commons-email ---
[INFO] Deleting /home/gabsko/breaking-updates/target
[INFO] 
[INFO] --- maven-enforcer-plugin:3.0.0:enforce (enforce-maven-version) @ commons-email ---
[INFO] 
[INFO] --- maven-enforcer-plugin:3.0.0:enforce (enforce-java-version) @ commons-email ---
[INFO] 
[INFO] --- maven-enforcer-plugin:3.0.0:enforce (enforce-output-timestamp-property) @ commons-email ---
[INFO] 
[INFO] --- maven-enforcer-plugin:3.0.0:enforce (enforce-maven-3) @ commons-email ---
[INFO] 
[INFO] --- apache-rat-plugin:0.13:check (rat-check) @ commons-email ---
[INFO] Enabled default license matchers.
[INFO] Will parse SCM ignores for exclusions...
[INFO] Parsing exclusions from /home/gabsko/breaking-updates/.gitignore
[INFO] Finished adding exclusions from SCM ignore files.
[INFO] 67 implicit excludes (use -debug for more details).
[INFO] 11 explicit excludes (use -debug for more details).
[INFO] 94 resources included (use -debug for more details)
[INFO] Rat check: Summary over all files. Unapproved: 0, unknown: 0, generated: 0, approved: 83 licenses.
[INFO] 
[INFO] --- build-helper-maven-plugin:3.2.0:parse-version (parse-version) @ commons-email ---
[INFO] 
[INFO] --- maven-antrun-plugin:3.0.0:run (javadoc.resources) @ commons-email ---
[INFO] Executing tasks
[INFO]      [copy] Copying 2 files to /home/gabsko/breaking-updates/target/apidocs/META-INF
[INFO] Executed tasks
[INFO] 
[INFO] --- maven-remote-resources-plugin:1.7.0:process (process-resource-bundles) @ commons-email ---
[INFO] Skipping remote resources execution.
[INFO] 
[INFO] --- buildnumber-maven-plugin:3.0.0:create (default) @ commons-email ---
[INFO] Executing: /bin/sh -c cd '/home/gabsko/breaking-updates' && 'git' 'rev-parse' '--verify' 'HEAD'
[INFO] Working directory: /home/gabsko/breaking-updates
[INFO] Storing buildNumber: null at timestamp: 1675259813847
[INFO] Storing buildScmBranch: branch-apache/commons-email-5192a53a85928f2783ac11ce75a9ca8176ce8a48
[INFO] 
[INFO] --- maven-resources-plugin:3.2.0:resources (default-resources) @ commons-email ---
[INFO] Using 'UTF-8' encoding to copy filtered resources.
[INFO] Using 'UTF-8' encoding to copy filtered properties files.
[INFO] Copying 1 resource
[INFO] Copying 2 resources to META-INF
[INFO] 
[INFO] --- maven-compiler-plugin:3.10.1:compile (default-compile) @ commons-email ---
[INFO] Changes detected - recompiling the module!
[INFO] Compiling 23 source files to /home/gabsko/breaking-updates/target/classes
[INFO] 
[INFO] --- maven-bundle-plugin:5.1.4:manifest (bundle-manifest) @ commons-email ---
[INFO] Writing manifest: /home/gabsko/breaking-updates/target/osgi/MANIFEST.MF
[INFO] 
[INFO] --- maven-resources-plugin:3.2.0:testResources (default-testResources) @ commons-email ---
[INFO] Using 'UTF-8' encoding to copy filtered resources.
[INFO] Using 'UTF-8' encoding to copy filtered properties files.
[INFO] Copying 20 resources
[INFO] Copying 2 resources to META-INF
[INFO] 
[INFO] --- maven-compiler-plugin:3.10.1:testCompile (default-testCompile) @ commons-email ---
[INFO] Changes detected - recompiling the module!
[INFO] Compiling 26 source files to /home/gabsko/breaking-updates/target/test-classes
[INFO] /home/gabsko/breaking-updates/src/test/java/org/apache/commons/mail/AbstractEmailTest.java: Some input files use or override a deprecated API.
[INFO] /home/gabsko/breaking-updates/src/test/java/org/apache/commons/mail/AbstractEmailTest.java: Recompile with -Xlint:deprecation for details.
[INFO] 
[INFO] --- animal-sniffer-maven-plugin:1.21:check (checkAPIcompatibility) @ commons-email ---
[INFO] Checking unresolved references to org.codehaus.mojo.signature:java18:1.0
[INFO] 
[INFO] --- jacoco-maven-plugin:0.8.8:prepare-agent (prepare-agent) @ commons-email ---
[INFO] argLine set to -javaagent:/home/gabsko/.m2/repository/org/jacoco/org.jacoco.agent/0.8.8/org.jacoco.agent-0.8.8-runtime.jar=destfile=/home/gabsko/breaking-updates/target/jacoco.exec
[INFO] 
[INFO] --- maven-surefire-plugin:2.22.2:test (default-test) @ commons-email ---
[INFO] 
[INFO] -------------------------------------------------------
[INFO]  T E S T S
[INFO] -------------------------------------------------------
[INFO] Running org.apache.commons.mail.EmailUtilsTest
[INFO] Tests run: 2, Failures: 0, Errors: 0, Skipped: 0, Time elapsed: 0.061 s - in org.apache.commons.mail.EmailUtilsTest
[INFO] Running org.apache.commons.mail.resolver.DataSourceCompositeResolverTest
[INFO] Tests run: 3, Failures: 0, Errors: 0, Skipped: 0, Time elapsed: 0.378 s - in org.apache.commons.mail.resolver.DataSourceCompositeResolverTest
[INFO] Running org.apache.commons.mail.resolver.DataSourceClassPathResolverTest
[INFO] Tests run: 2, Failures: 0, Errors: 0, Skipped: 0, Time elapsed: 0.001 s - in org.apache.commons.mail.resolver.DataSourceClassPathResolverTest
[INFO] Running org.apache.commons.mail.resolver.DataSourceFileResolverTest
[INFO] Tests run: 2, Failures: 0, Errors: 0, Skipped: 0, Time elapsed: 0.001 s - in org.apache.commons.mail.resolver.DataSourceFileResolverTest
[INFO] Running org.apache.commons.mail.resolver.DataSourceUrlResolverTest
[INFO] Tests run: 4, Failures: 0, Errors: 0, Skipped: 0, Time elapsed: 0.079 s - in org.apache.commons.mail.resolver.DataSourceUrlResolverTest
[INFO] Running org.apache.commons.mail.MultiPartEmailTest
Feb 01, 2023 1:56:58 PM org.subethamail.smtp.server.SMTPServer start
INFO: SMTP server *:2501 starting
Feb 01, 2023 1:56:58 PM org.subethamail.smtp.server.ServerThread run
INFO: SMTP server *:2501 started
Feb 01, 2023 1:56:59 PM org.subethamail.smtp.server.SMTPServer stop
INFO: SMTP server *:2501 stopping
Feb 01, 2023 1:56:59 PM org.subethamail.smtp.server.ServerThread run
INFO: SMTP server *:2501 stopped
Feb 01, 2023 1:56:59 PM org.subethamail.smtp.server.SMTPServer start
INFO: SMTP server *:2502 starting
Feb 01, 2023 1:56:59 PM org.subethamail.smtp.server.SMTPServer stop
INFO: SMTP server *:2502 stopping
Feb 01, 2023 1:56:59 PM org.subethamail.smtp.server.ServerThread run
INFO: SMTP server *:2502 started
Feb 01, 2023 1:56:59 PM org.subethamail.smtp.server.ServerThread run
INFO: SMTP server *:2502 stopped
[INFO] Tests run: 11, Failures: 0, Errors: 0, Skipped: 0, Time elapsed: 1.811 s - in org.apache.commons.mail.MultiPartEmailTest
[INFO] Running org.apache.commons.mail.ImageHtmlEmailTest
Feb 01, 2023 1:57:00 PM org.subethamail.smtp.server.SMTPServer start
INFO: SMTP server *:2501 starting
Feb 01, 2023 1:57:00 PM org.subethamail.smtp.server.ServerThread run
INFO: SMTP server *:2501 started
Feb 01, 2023 1:57:00 PM org.subethamail.smtp.server.SMTPServer stop
INFO: SMTP server *:2501 stopping
Feb 01, 2023 1:57:00 PM org.subethamail.smtp.server.ServerThread run
INFO: SMTP server *:2501 stopped
Feb 01, 2023 1:57:00 PM org.subethamail.smtp.server.SMTPServer start
INFO: SMTP server *:2502 starting
Feb 01, 2023 1:57:00 PM org.subethamail.smtp.server.ServerThread run
INFO: SMTP server *:2502 started
Feb 01, 2023 1:57:00 PM org.subethamail.smtp.server.SMTPServer stop
INFO: SMTP server *:2502 stopping
Feb 01, 2023 1:57:00 PM org.subethamail.smtp.server.ServerThread run
INFO: SMTP server *:2502 stopped
Feb 01, 2023 1:57:00 PM org.subethamail.smtp.server.SMTPServer start
INFO: SMTP server *:2503 starting
Feb 01, 2023 1:57:00 PM org.subethamail.smtp.server.ServerThread run
INFO: SMTP server *:2503 started
Feb 01, 2023 1:57:00 PM org.subethamail.smtp.server.SMTPServer stop
INFO: SMTP server *:2503 stopping
Feb 01, 2023 1:57:00 PM org.subethamail.smtp.server.ServerThread run
INFO: SMTP server *:2503 stopped
Feb 01, 2023 1:57:00 PM org.subethamail.smtp.server.SMTPServer start
INFO: SMTP server *:2504 starting
Feb 01, 2023 1:57:00 PM org.subethamail.smtp.server.ServerThread run
INFO: SMTP server *:2504 started
Feb 01, 2023 1:57:00 PM org.subethamail.smtp.server.SMTPServer stop
INFO: SMTP server *:2504 stopping
Feb 01, 2023 1:57:00 PM org.subethamail.smtp.server.ServerThread run
INFO: SMTP server *:2504 stopped
Feb 01, 2023 1:57:00 PM org.subethamail.smtp.server.SMTPServer start
INFO: SMTP server *:2505 starting
Feb 01, 2023 1:57:00 PM org.subethamail.smtp.server.ServerThread run
INFO: SMTP server *:2505 started
Feb 01, 2023 1:57:00 PM org.subethamail.smtp.server.SMTPServer stop
INFO: SMTP server *:2505 stopping
Feb 01, 2023 1:57:00 PM org.subethamail.smtp.server.ServerThread run
INFO: SMTP server *:2505 stopped
Feb 01, 2023 1:57:00 PM org.subethamail.smtp.server.SMTPServer start
INFO: SMTP server *:2506 starting
Feb 01, 2023 1:57:00 PM org.subethamail.smtp.server.ServerThread run
INFO: SMTP server *:2506 started
Feb 01, 2023 1:57:00 PM org.subethamail.smtp.server.SMTPServer stop
INFO: SMTP server *:2506 stopping
Feb 01, 2023 1:57:00 PM org.subethamail.smtp.server.ServerThread run
INFO: SMTP server *:2506 stopped
Feb 01, 2023 1:57:00 PM org.subethamail.smtp.server.SMTPServer start
INFO: SMTP server *:2507 starting
Feb 01, 2023 1:57:00 PM org.subethamail.smtp.server.ServerThread run
INFO: SMTP server *:2507 started
Feb 01, 2023 1:57:00 PM org.subethamail.smtp.server.SMTPServer stop
INFO: SMTP server *:2507 stopping
Feb 01, 2023 1:57:00 PM org.subethamail.smtp.server.ServerThread run
INFO: SMTP server *:2507 stopped
Feb 01, 2023 1:57:00 PM org.subethamail.smtp.server.SMTPServer start
INFO: SMTP server *:2508 starting
Feb 01, 2023 1:57:00 PM org.subethamail.smtp.server.ServerThread run
INFO: SMTP server *:2508 started
Feb 01, 2023 1:57:00 PM org.subethamail.smtp.server.SMTPServer stop
INFO: SMTP server *:2508 stopping
Feb 01, 2023 1:57:00 PM org.subethamail.smtp.server.ServerThread run
INFO: SMTP server *:2508 stopped
Feb 01, 2023 1:57:00 PM org.subethamail.smtp.server.SMTPServer start
INFO: SMTP server *:2509 starting
Feb 01, 2023 1:57:00 PM org.subethamail.smtp.server.ServerThread run
INFO: SMTP server *:2509 started
Feb 01, 2023 1:57:00 PM org.subethamail.smtp.server.SMTPServer stop
INFO: SMTP server *:2509 stopping
Feb 01, 2023 1:57:00 PM org.subethamail.smtp.server.ServerThread run
INFO: SMTP server *:2509 stopped
Feb 01, 2023 1:57:00 PM org.subethamail.smtp.server.SMTPServer start
INFO: SMTP server *:2510 starting
Feb 01, 2023 1:57:00 PM org.subethamail.smtp.server.ServerThread run
INFO: SMTP server *:2510 started
Feb 01, 2023 1:57:00 PM org.subethamail.smtp.server.SMTPServer stop
INFO: SMTP server *:2510 stopping
Feb 01, 2023 1:57:00 PM org.subethamail.smtp.server.ServerThread run
INFO: SMTP server *:2510 stopped
Feb 01, 2023 1:57:01 PM org.subethamail.smtp.server.SMTPServer start
INFO: SMTP server *:2511 starting
Feb 01, 2023 1:57:01 PM org.subethamail.smtp.server.ServerThread run
INFO: SMTP server *:2511 started
Feb 01, 2023 1:57:01 PM org.subethamail.smtp.server.SMTPServer stop
INFO: SMTP server *:2511 stopping
Feb 01, 2023 1:57:01 PM org.subethamail.smtp.server.ServerThread run
INFO: SMTP server *:2511 stopped
Feb 01, 2023 1:57:01 PM org.subethamail.smtp.server.SMTPServer start
INFO: SMTP server *:2512 starting
Feb 01, 2023 1:57:01 PM org.subethamail.smtp.server.ServerThread run
INFO: SMTP server *:2512 started
Feb 01, 2023 1:57:01 PM org.subethamail.smtp.server.SMTPServer stop
INFO: SMTP server *:2512 stopping
Feb 01, 2023 1:57:01 PM org.subethamail.smtp.server.ServerThread run
INFO: SMTP server *:2512 stopped
Feb 01, 2023 1:57:01 PM org.subethamail.smtp.server.SMTPServer start
INFO: SMTP server *:2513 starting
Feb 01, 2023 1:57:01 PM org.subethamail.smtp.server.ServerThread run
INFO: SMTP server *:2513 started
Feb 01, 2023 1:57:01 PM org.subethamail.smtp.server.SMTPServer stop
INFO: SMTP server *:2513 stopping
Feb 01, 2023 1:57:01 PM org.subethamail.smtp.server.ServerThread run
INFO: SMTP server *:2513 stopped
Feb 01, 2023 1:57:01 PM org.subethamail.smtp.server.SMTPServer start
INFO: SMTP server *:2514 starting
Feb 01, 2023 1:57:01 PM org.subethamail.smtp.server.ServerThread run
INFO: SMTP server *:2514 started
Feb 01, 2023 1:57:01 PM org.subethamail.smtp.server.SMTPServer stop
INFO: SMTP server *:2514 stopping
Feb 01, 2023 1:57:01 PM org.subethamail.smtp.server.ServerThread run
INFO: SMTP server *:2514 stopped
[WARNING] Tests run: 26, Failures: 0, Errors: 0, Skipped: 1, Time elapsed: 1.768 s - in org.apache.commons.mail.ImageHtmlEmailTest
[INFO] Running org.apache.commons.mail.EmailTest
Feb 01, 2023 1:57:01 PM org.subethamail.smtp.server.SMTPServer start
INFO: SMTP server *:2501 starting
Feb 01, 2023 1:57:01 PM org.subethamail.smtp.server.ServerThread run
INFO: SMTP server *:2501 started
Feb 01, 2023 1:57:01 PM org.subethamail.smtp.server.SMTPServer stop
INFO: SMTP server *:2501 stopping
Feb 01, 2023 1:57:01 PM org.subethamail.smtp.server.ServerThread run
INFO: SMTP server *:2501 stopped
Feb 01, 2023 1:57:01 PM org.subethamail.smtp.server.SMTPServer start
INFO: SMTP server *:2502 starting
Feb 01, 2023 1:57:01 PM org.subethamail.smtp.server.ServerThread run
INFO: SMTP server *:2502 started
Feb 01, 2023 1:57:01 PM org.subethamail.smtp.server.SMTPServer stop
INFO: SMTP server *:2502 stopping
Feb 01, 2023 1:57:01 PM org.subethamail.smtp.server.ServerThread run
INFO: SMTP server *:2502 stopped
Feb 01, 2023 1:57:01 PM org.subethamail.smtp.server.SMTPServer start
INFO: SMTP server *:2503 starting
Feb 01, 2023 1:57:01 PM org.subethamail.smtp.server.ServerThread run
INFO: SMTP server *:2503 started
Feb 01, 2023 1:57:01 PM org.subethamail.smtp.server.SMTPServer stop
INFO: SMTP server *:2503 stopping
Feb 01, 2023 1:57:01 PM org.subethamail.smtp.server.ServerThread run
INFO: SMTP server *:2503 stopped
Feb 01, 2023 1:57:01 PM org.subethamail.smtp.server.SMTPServer start
INFO: SMTP server *:2504 starting
Feb 01, 2023 1:57:01 PM org.subethamail.smtp.server.ServerThread run
INFO: SMTP server *:2504 started
Feb 01, 2023 1:57:01 PM org.subethamail.smtp.server.SMTPServer stop
INFO: SMTP server *:2504 stopping
Feb 01, 2023 1:57:01 PM org.subethamail.smtp.server.ServerThread run
INFO: SMTP server *:2504 stopped
Feb 01, 2023 1:57:01 PM org.subethamail.smtp.server.SMTPServer start
INFO: SMTP server *:2505 starting
Feb 01, 2023 1:57:01 PM org.subethamail.smtp.server.ServerThread run
INFO: SMTP server *:2505 started
Feb 01, 2023 1:57:01 PM org.subethamail.smtp.server.SMTPServer stop
INFO: SMTP server *:2505 stopping
Feb 01, 2023 1:57:01 PM org.subethamail.smtp.server.ServerThread run
INFO: SMTP server *:2505 stopped
Feb 01, 2023 1:57:01 PM org.subethamail.smtp.server.SMTPServer start
INFO: SMTP server *:2506 starting
Feb 01, 2023 1:57:01 PM org.subethamail.smtp.server.ServerThread run
INFO: SMTP server *:2506 started
Feb 01, 2023 1:57:01 PM org.subethamail.smtp.server.SMTPServer stop
INFO: SMTP server *:2506 stopping
Feb 01, 2023 1:57:01 PM org.subethamail.smtp.server.ServerThread run
INFO: SMTP server *:2506 stopped
Feb 01, 2023 1:57:01 PM org.subethamail.smtp.server.SMTPServer start
INFO: SMTP server *:2507 starting
Feb 01, 2023 1:57:01 PM org.subethamail.smtp.server.ServerThread run
INFO: SMTP server *:2507 started
Feb 01, 2023 1:57:01 PM org.subethamail.smtp.server.SMTPServer stop
INFO: SMTP server *:2507 stopping
Feb 01, 2023 1:57:01 PM org.subethamail.smtp.server.ServerThread run
INFO: SMTP server *:2507 stopped
[INFO] Tests run: 79, Failures: 0, Errors: 0, Skipped: 0, Time elapsed: 0.137 s - in org.apache.commons.mail.EmailTest
[INFO] Running org.apache.commons.mail.HtmlEmailTest
Feb 01, 2023 1:57:01 PM org.subethamail.smtp.server.SMTPServer start
INFO: SMTP server *:2501 starting
Feb 01, 2023 1:57:01 PM org.subethamail.smtp.server.ServerThread run
INFO: SMTP server *:2501 started
Feb 01, 2023 1:57:01 PM org.subethamail.smtp.server.SMTPServer stop
INFO: SMTP server *:2501 stopping
Feb 01, 2023 1:57:01 PM org.subethamail.smtp.server.ServerThread run
INFO: SMTP server *:2501 stopped
Feb 01, 2023 1:57:01 PM org.subethamail.smtp.server.SMTPServer start
INFO: SMTP server *:2502 starting
Feb 01, 2023 1:57:01 PM org.subethamail.smtp.server.ServerThread run
INFO: SMTP server *:2502 started
Feb 01, 2023 1:57:01 PM org.subethamail.smtp.server.SMTPServer stop
INFO: SMTP server *:2502 stopping
Feb 01, 2023 1:57:01 PM org.subethamail.smtp.server.ServerThread run
INFO: SMTP server *:2502 stopped
Feb 01, 2023 1:57:02 PM org.subethamail.smtp.server.SMTPServer start
INFO: SMTP server *:2503 starting
Feb 01, 2023 1:57:02 PM org.subethamail.smtp.server.ServerThread run
INFO: SMTP server *:2503 started
Feb 01, 2023 1:57:02 PM org.subethamail.smtp.server.SMTPServer stop
INFO: SMTP server *:2503 stopping
Feb 01, 2023 1:57:02 PM org.subethamail.smtp.server.ServerThread run
INFO: SMTP server *:2503 stopped
Feb 01, 2023 1:57:02 PM org.subethamail.smtp.server.SMTPServer start
INFO: SMTP server *:2504 starting
Feb 01, 2023 1:57:02 PM org.subethamail.smtp.server.ServerThread run
INFO: SMTP server *:2504 started
Feb 01, 2023 1:57:02 PM org.subethamail.smtp.server.SMTPServer stop
INFO: SMTP server *:2504 stopping
Feb 01, 2023 1:57:02 PM org.subethamail.smtp.server.ServerThread run
INFO: SMTP server *:2504 stopped
Feb 01, 2023 1:57:02 PM org.subethamail.smtp.server.SMTPServer start
INFO: SMTP server *:2505 starting
Feb 01, 2023 1:57:02 PM org.subethamail.smtp.server.ServerThread run
INFO: SMTP server *:2505 started
Feb 01, 2023 1:57:02 PM org.subethamail.smtp.server.SMTPServer stop
INFO: SMTP server *:2505 stopping
Feb 01, 2023 1:57:02 PM org.subethamail.smtp.server.ServerThread run
INFO: SMTP server *:2505 stopped
Feb 01, 2023 1:57:02 PM org.subethamail.smtp.server.SMTPServer start
INFO: SMTP server *:2506 starting
Feb 01, 2023 1:57:02 PM org.subethamail.smtp.server.ServerThread run
INFO: SMTP server *:2506 started
Feb 01, 2023 1:57:02 PM org.subethamail.smtp.server.SMTPServer stop
INFO: SMTP server *:2506 stopping
Feb 01, 2023 1:57:02 PM org.subethamail.smtp.server.ServerThread run
INFO: SMTP server *:2506 stopped
[WARNING] Tests run: 15, Failures: 0, Errors: 0, Skipped: 1, Time elapsed: 1.057 s - in org.apache.commons.mail.HtmlEmailTest
[INFO] Running org.apache.commons.mail.util.MimeMessageParserTest
[INFO] Tests run: 14, Failures: 0, Errors: 0, Skipped: 0, Time elapsed: 0.038 s - in org.apache.commons.mail.util.MimeMessageParserTest
[INFO] Running org.apache.commons.mail.util.IDNEmailAddressConverterTest
[INFO] Tests run: 6, Failures: 0, Errors: 0, Skipped: 0, Time elapsed: 0 s - in org.apache.commons.mail.util.IDNEmailAddressConverterTest
[INFO] Running org.apache.commons.mail.DefaultAuthenticatorTest
[INFO] Tests run: 1, Failures: 0, Errors: 0, Skipped: 0, Time elapsed: 0 s - in org.apache.commons.mail.DefaultAuthenticatorTest
[INFO] Running org.apache.commons.mail.SendWithAttachmentsTest
Feb 01, 2023 1:57:02 PM org.subethamail.smtp.server.SMTPServer start
INFO: SMTP server *:2508 starting
Feb 01, 2023 1:57:02 PM org.subethamail.smtp.server.ServerThread run
INFO: SMTP server *:2508 started
Feb 01, 2023 1:57:02 PM org.subethamail.smtp.server.SMTPServer stop
INFO: SMTP server *:2508 stopping
Feb 01, 2023 1:57:02 PM org.subethamail.smtp.server.ServerThread run
INFO: SMTP server *:2508 stopped
Feb 01, 2023 1:57:02 PM org.subethamail.smtp.server.SMTPServer start
INFO: SMTP server *:2509 starting
Feb 01, 2023 1:57:02 PM org.subethamail.smtp.server.ServerThread run
INFO: SMTP server *:2509 started
Feb 01, 2023 1:57:02 PM org.subethamail.smtp.server.SMTPServer stop
INFO: SMTP server *:2509 stopping
Feb 01, 2023 1:57:02 PM org.subethamail.smtp.server.ServerThread run
INFO: SMTP server *:2509 stopped
[INFO] Tests run: 2, Failures: 0, Errors: 0, Skipped: 0, Time elapsed: 0.02 s - in org.apache.commons.mail.SendWithAttachmentsTest
[INFO] Running org.apache.commons.mail.EmailLiveTest
[INFO] Tests run: 9, Failures: 0, Errors: 0, Skipped: 0, Time elapsed: 0.036 s - in org.apache.commons.mail.EmailLiveTest
[INFO] Running org.apache.commons.mail.EmailAttachmentTest
[INFO] Tests run: 5, Failures: 0, Errors: 0, Skipped: 0, Time elapsed: 0 s - in org.apache.commons.mail.EmailAttachmentTest
[INFO] Running org.apache.commons.mail.InvalidInternetAddressTest
[INFO] Tests run: 3, Failures: 0, Errors: 0, Skipped: 0, Time elapsed: 0.001 s - in org.apache.commons.mail.InvalidInternetAddressTest
[INFO] Running org.apache.commons.mail.InvalidAddressTest
[INFO] Tests run: 4, Failures: 0, Errors: 0, Skipped: 0, Time elapsed: 0.002 s - in org.apache.commons.mail.InvalidAddressTest
[INFO] Running org.apache.commons.mail.SimpleEmailTest
Feb 01, 2023 1:57:02 PM org.subethamail.smtp.server.SMTPServer start
INFO: SMTP server *:2510 starting
Feb 01, 2023 1:57:02 PM org.subethamail.smtp.server.ServerThread run
INFO: SMTP server *:2510 started
Feb 01, 2023 1:57:02 PM org.subethamail.smtp.server.SMTPServer stop
INFO: SMTP server *:2510 stopping
Feb 01, 2023 1:57:02 PM org.subethamail.smtp.server.ServerThread run
INFO: SMTP server *:2510 stopped
[WARNING] Tests run: 3, Failures: 0, Errors: 0, Skipped: 1, Time elapsed: 0.008 s - in org.apache.commons.mail.SimpleEmailTest
[INFO] 
[INFO] Results:
[INFO] 
[WARNING] Tests run: 191, Failures: 0, Errors: 0, Skipped: 3
[INFO] 
[INFO] ------------------------------------------------------------------------
[INFO] BUILD SUCCESS
[INFO] ------------------------------------------------------------------------
[INFO] Total time:  10.886 s
[INFO] Finished at: 2023-02-01T13:57:03Z
[INFO] ------------------------------------------------------------------------
