[INFO] Scanning for projects...
[INFO] --- tiles-maven-plugin: Injecting 1 tiles as intermediary parent artifacts for me.scolastico:s.Status...
[INFO] Mixed 'me.scolastico:s.Status:dev-snapshot' with tile 'io.ebean.tile:enhancement:12.9.3' as its new parent.
[INFO] Mixed 'io.ebean.tile:enhancement:12.9.3' with original parent '(no parent)' as its new top level parent.
[INFO] 
[INFO] 
[INFO] -----------------------< me.scolastico:s.Status >-----------------------
[INFO] Building s.Status dev-snapshot
[INFO] --------------------------------[ jar ]---------------------------------
[INFO] 
[INFO] --- maven-clean-plugin:2.5:clean (default-clean) @ s.Status ---
[INFO] 
[INFO] --- maven-resources-plugin:2.6:resources (default-resources) @ s.Status ---
[INFO] Using 'UTF-8' encoding to copy filtered resources.
[INFO] Copying 29 resources
[INFO] 
[INFO] --- maven-compiler-plugin:3.8.1:compile (default-compile) @ s.Status ---
[INFO] Changes detected - recompiling the module!
[INFO] Compiling 48 source files to /home/gabsko/breaking-updates/target/classes
[INFO] ------------------------------------------------------------------------
[INFO] BUILD FAILURE
[INFO] ------------------------------------------------------------------------
[INFO] Total time:  2.233 s
[INFO] Finished at: 2023-02-02T01:04:28Z
[INFO] ------------------------------------------------------------------------
[ERROR] Failed to execute goal org.apache.maven.plugins:maven-compiler-plugin:3.8.1:compile (default-compile) on project s.Status: Fatal error compiling: error: invalid target release: 12 -> [Help 1]
[ERROR] 
[ERROR] To see the full stack trace of the errors, re-run Maven with the -e switch.
[ERROR] Re-run Maven using the -X switch to enable full debug logging.
[ERROR] 
[ERROR] For more information about the errors and possible solutions, please read the following articles:
[ERROR] [Help 1] http://cwiki.apache.org/confluence/display/MAVEN/MojoExecutionException
