[INFO] Scanning for projects...
[INFO] Downloading from central: https://repo.maven.apache.org/maven2/io/quarkus/quarkus-maven-plugin/2.7.1.Final/quarkus-maven-plugin-2.7.1.Final.pom
[INFO] Downloaded from central: https://repo.maven.apache.org/maven2/io/quarkus/quarkus-maven-plugin/2.7.1.Final/quarkus-maven-plugin-2.7.1.Final.pom (7.5 kB at 31 kB/s)
[INFO] Downloading from central: https://repo.maven.apache.org/maven2/io/quarkus/quarkus-build-parent/2.7.1.Final/quarkus-build-parent-2.7.1.Final.pom
[INFO] Downloaded from central: https://repo.maven.apache.org/maven2/io/quarkus/quarkus-build-parent/2.7.1.Final/quarkus-build-parent-2.7.1.Final.pom (68 kB at 2.3 MB/s)
[INFO] Downloading from central: https://repo.maven.apache.org/maven2/io/quarkus/quarkus-parent/2.7.1.Final/quarkus-parent-2.7.1.Final.pom
[INFO] Downloaded from central: https://repo.maven.apache.org/maven2/io/quarkus/quarkus-parent/2.7.1.Final/quarkus-parent-2.7.1.Final.pom (14 kB at 296 kB/s)
[INFO] Downloading from central: https://repo.maven.apache.org/maven2/io/quarkus/quarkus-bootstrap-core/2.7.1.Final/quarkus-bootstrap-core-2.7.1.Final.pom
[INFO] Downloaded from central: https://repo.maven.apache.org/maven2/io/quarkus/quarkus-bootstrap-core/2.7.1.Final/quarkus-bootstrap-core-2.7.1.Final.pom (3.9 kB at 354 kB/s)
[INFO] Downloading from central: https://repo.maven.apache.org/maven2/io/quarkus/quarkus-bootstrap-parent/2.7.1.Final/quarkus-bootstrap-parent-2.7.1.Final.pom
[INFO] Downloaded from central: https://repo.maven.apache.org/maven2/io/quarkus/quarkus-bootstrap-parent/2.7.1.Final/quarkus-bootstrap-parent-2.7.1.Final.pom (22 kB at 1.9 MB/s)
[INFO] Downloading from central: https://repo.maven.apache.org/maven2/io/quarkus/quarkus-bootstrap-bom/2.7.1.Final/quarkus-bootstrap-bom-2.7.1.Final.pom
[INFO] Downloaded from central: https://repo.maven.apache.org/maven2/io/quarkus/quarkus-bootstrap-bom/2.7.1.Final/quarkus-bootstrap-bom-2.7.1.Final.pom (15 kB at 1.4 MB/s)
[INFO] Downloading from central: https://repo.maven.apache.org/maven2/io/quarkus/quarkus-bootstrap-bom-test/2.7.1.Final/quarkus-bootstrap-bom-test-2.7.1.Final.pom
[INFO] Downloaded from central: https://repo.maven.apache.org/maven2/io/quarkus/quarkus-bootstrap-bom-test/2.7.1.Final/quarkus-bootstrap-bom-test-2.7.1.Final.pom (1.9 kB at 85 kB/s)
[INFO] Downloading from central: https://repo.maven.apache.org/maven2/io/quarkus/quarkus-bootstrap-app-model/2.7.1.Final/quarkus-bootstrap-app-model-2.7.1.Final.pom
[INFO] Downloaded from central: https://repo.maven.apache.org/maven2/io/quarkus/quarkus-bootstrap-app-model/2.7.1.Final/quarkus-bootstrap-app-model-2.7.1.Final.pom (2.9 kB at 171 kB/s)
[INFO] Downloading from central: https://repo.maven.apache.org/maven2/io/quarkus/quarkus-bootstrap-maven-resolver/2.7.1.Final/quarkus-bootstrap-maven-resolver-2.7.1.Final.pom
[INFO] Downloaded from central: https://repo.maven.apache.org/maven2/io/quarkus/quarkus-bootstrap-maven-resolver/2.7.1.Final/quarkus-bootstrap-maven-resolver-2.7.1.Final.pom (6.8 kB at 754 kB/s)
[INFO] Downloading from central: https://repo.maven.apache.org/maven2/io/quarkus/quarkus-bootstrap-gradle-resolver/2.7.1.Final/quarkus-bootstrap-gradle-resolver-2.7.1.Final.pom
[INFO] Downloaded from central: https://repo.maven.apache.org/maven2/io/quarkus/quarkus-bootstrap-gradle-resolver/2.7.1.Final/quarkus-bootstrap-gradle-resolver-2.7.1.Final.pom (4.4 kB at 438 kB/s)
[INFO] Downloading from central: https://repo.maven.apache.org/maven2/io/quarkus/quarkus-core-deployment/2.7.1.Final/quarkus-core-deployment-2.7.1.Final.pom
[INFO] Downloaded from central: https://repo.maven.apache.org/maven2/io/quarkus/quarkus-core-deployment/2.7.1.Final/quarkus-core-deployment-2.7.1.Final.pom (5.7 kB at 712 kB/s)
[INFO] Downloading from central: https://repo.maven.apache.org/maven2/io/quarkus/quarkus-core-parent/2.7.1.Final/quarkus-core-parent-2.7.1.Final.pom
[INFO] Downloaded from central: https://repo.maven.apache.org/maven2/io/quarkus/quarkus-core-parent/2.7.1.Final/quarkus-core-parent-2.7.1.Final.pom (1.0 kB at 28 kB/s)
[INFO] Downloading from central: https://repo.maven.apache.org/maven2/io/quarkus/quarkus-development-mode-spi/2.7.1.Final/quarkus-development-mode-spi-2.7.1.Final.pom
[INFO] Downloaded from central: https://repo.maven.apache.org/maven2/io/quarkus/quarkus-development-mode-spi/2.7.1.Final/quarkus-development-mode-spi-2.7.1.Final.pom (758 B at 63 kB/s)
[INFO] Downloading from central: https://repo.maven.apache.org/maven2/io/quarkus/quarkus-class-change-agent/2.7.1.Final/quarkus-class-change-agent-2.7.1.Final.pom
[INFO] Downloaded from central: https://repo.maven.apache.org/maven2/io/quarkus/quarkus-class-change-agent/2.7.1.Final/quarkus-class-change-agent-2.7.1.Final.pom (1.6 kB at 158 kB/s)
[INFO] Downloading from central: https://repo.maven.apache.org/maven2/io/quarkus/quarkus-devtools-utilities/2.7.1.Final/quarkus-devtools-utilities-2.7.1.Final.pom
[INFO] Downloaded from central: https://repo.maven.apache.org/maven2/io/quarkus/quarkus-devtools-utilities/2.7.1.Final/quarkus-devtools-utilities-2.7.1.Final.pom (583 B at 73 kB/s)
[INFO] Downloading from central: https://repo.maven.apache.org/maven2/io/quarkus/quarkus-tools-parent/2.7.1.Final/quarkus-tools-parent-2.7.1.Final.pom
[INFO] Downloaded from central: https://repo.maven.apache.org/maven2/io/quarkus/quarkus-tools-parent/2.7.1.Final/quarkus-tools-parent-2.7.1.Final.pom (27 kB at 2.7 MB/s)
[INFO] Downloading from central: https://repo.maven.apache.org/maven2/io/quarkus/quarkus-core/2.7.1.Final/quarkus-core-2.7.1.Final.pom
[INFO] Downloaded from central: https://repo.maven.apache.org/maven2/io/quarkus/quarkus-core/2.7.1.Final/quarkus-core-2.7.1.Final.pom (15 kB at 1.3 MB/s)
[INFO] Downloading from central: https://repo.maven.apache.org/maven2/io/quarkus/quarkus-bootstrap-runner/2.7.1.Final/quarkus-bootstrap-runner-2.7.1.Final.pom
[INFO] Downloaded from central: https://repo.maven.apache.org/maven2/io/quarkus/quarkus-bootstrap-runner/2.7.1.Final/quarkus-bootstrap-runner-2.7.1.Final.pom (3.3 kB at 369 kB/s)
[INFO] Downloading from central: https://repo.maven.apache.org/maven2/io/quarkus/quarkus-builder/2.7.1.Final/quarkus-builder-2.7.1.Final.pom
[INFO] Downloaded from central: https://repo.maven.apache.org/maven2/io/quarkus/quarkus-builder/2.7.1.Final/quarkus-builder-2.7.1.Final.pom (2.2 kB at 106 kB/s)
[INFO] Downloading from central: https://repo.maven.apache.org/maven2/io/quarkus/quarkus-project-core-extension-codestarts/2.7.1.Final/quarkus-project-core-extension-codestarts-2.7.1.Final.pom
[INFO] Downloaded from central: https://repo.maven.apache.org/maven2/io/quarkus/quarkus-project-core-extension-codestarts/2.7.1.Final/quarkus-project-core-extension-codestarts-2.7.1.Final.pom (3.1 kB at 255 kB/s)
[INFO] Downloading from central: https://repo.maven.apache.org/maven2/io/quarkus/quarkus-devtools-all/2.7.1.Final/quarkus-devtools-all-2.7.1.Final.pom
[INFO] Downloaded from central: https://repo.maven.apache.org/maven2/io/quarkus/quarkus-devtools-all/2.7.1.Final/quarkus-devtools-all-2.7.1.Final.pom (1.1 kB at 9.5 kB/s)
[INFO] Downloading from central: https://repo.maven.apache.org/maven2/io/quarkus/quarkus-devtools-common/2.7.1.Final/quarkus-devtools-common-2.7.1.Final.pom
[INFO] Downloaded from central: https://repo.maven.apache.org/maven2/io/quarkus/quarkus-devtools-common/2.7.1.Final/quarkus-devtools-common-2.7.1.Final.pom (4.4 kB at 370 kB/s)
[INFO] Downloading from central: https://repo.maven.apache.org/maven2/io/quarkus/quarkus-devtools-registry-client/2.7.1.Final/quarkus-devtools-registry-client-2.7.1.Final.pom
[INFO] Downloaded from central: https://repo.maven.apache.org/maven2/io/quarkus/quarkus-devtools-registry-client/2.7.1.Final/quarkus-devtools-registry-client-2.7.1.Final.pom (2.3 kB at 233 kB/s)
[INFO] Downloading from central: https://repo.maven.apache.org/maven2/io/quarkus/quarkus-devtools-artifact-api/2.7.1.Final/quarkus-devtools-artifact-api-2.7.1.Final.pom
[INFO] Downloaded from central: https://repo.maven.apache.org/maven2/io/quarkus/quarkus-devtools-artifact-api/2.7.1.Final/quarkus-devtools-artifact-api-2.7.1.Final.pom (1.3 kB at 11 kB/s)
[INFO] Downloading from central: https://repo.maven.apache.org/maven2/io/quarkus/quarkus-devtools-message-writer/2.7.1.Final/quarkus-devtools-message-writer-2.7.1.Final.pom
[INFO] Downloaded from central: https://repo.maven.apache.org/maven2/io/quarkus/quarkus-devtools-message-writer/2.7.1.Final/quarkus-devtools-message-writer-2.7.1.Final.pom (776 B at 86 kB/s)
[INFO] Downloading from central: https://repo.maven.apache.org/maven2/io/quarkus/quarkus-devtools-base-codestarts/2.7.1.Final/quarkus-devtools-base-codestarts-2.7.1.Final.pom
[INFO] Downloaded from central: https://repo.maven.apache.org/maven2/io/quarkus/quarkus-devtools-base-codestarts/2.7.1.Final/quarkus-devtools-base-codestarts-2.7.1.Final.pom (910 B at 83 kB/s)
[INFO] Downloading from central: https://repo.maven.apache.org/maven2/io/quarkus/quarkus-devtools-codestarts/2.7.1.Final/quarkus-devtools-codestarts-2.7.1.Final.pom
[INFO] Downloaded from central: https://repo.maven.apache.org/maven2/io/quarkus/quarkus-devtools-codestarts/2.7.1.Final/quarkus-devtools-codestarts-2.7.1.Final.pom (2.2 kB at 271 kB/s)
[INFO] Downloading from central: https://repo.maven.apache.org/maven2/io/quarkus/qute/qute-core/2.7.1.Final/qute-core-2.7.1.Final.pom
[INFO] Downloaded from central: https://repo.maven.apache.org/maven2/io/quarkus/qute/qute-core/2.7.1.Final/qute-core-2.7.1.Final.pom (1.2 kB at 131 kB/s)
[INFO] Downloading from central: https://repo.maven.apache.org/maven2/io/quarkus/qute/qute-parent/2.7.1.Final/qute-parent-2.7.1.Final.pom
[INFO] Downloaded from central: https://repo.maven.apache.org/maven2/io/quarkus/qute/qute-parent/2.7.1.Final/qute-parent-2.7.1.Final.pom (22 kB at 1.1 MB/s)
[INFO] Downloading from central: https://repo.maven.apache.org/maven2/io/quarkus/quarkus-maven-plugin/2.7.1.Final/quarkus-maven-plugin-2.7.1.Final.jar
[INFO] Downloading from central: https://repo.maven.apache.org/maven2/io/quarkus/quarkus-bootstrap-app-model/2.7.1.Final/quarkus-bootstrap-app-model-2.7.1.Final.jar
[INFO] Downloading from central: https://repo.maven.apache.org/maven2/io/quarkus/quarkus-bootstrap-core/2.7.1.Final/quarkus-bootstrap-core-2.7.1.Final.jar
[INFO] Downloading from central: https://repo.maven.apache.org/maven2/io/quarkus/quarkus-bootstrap-maven-resolver/2.7.1.Final/quarkus-bootstrap-maven-resolver-2.7.1.Final.jar
[INFO] Downloading from central: https://repo.maven.apache.org/maven2/io/quarkus/quarkus-bootstrap-gradle-resolver/2.7.1.Final/quarkus-bootstrap-gradle-resolver-2.7.1.Final.jar
[INFO] Downloaded from central: https://repo.maven.apache.org/maven2/io/quarkus/quarkus-bootstrap-core/2.7.1.Final/quarkus-bootstrap-core-2.7.1.Final.jar (135 kB at 3.6 MB/s)
[INFO] Downloading from central: https://repo.maven.apache.org/maven2/io/quarkus/quarkus-core-deployment/2.7.1.Final/quarkus-core-deployment-2.7.1.Final.jar
[INFO] Downloaded from central: https://repo.maven.apache.org/maven2/io/quarkus/quarkus-maven-plugin/2.7.1.Final/quarkus-maven-plugin-2.7.1.Final.jar (464 kB at 11 MB/s)
[INFO] Downloading from central: https://repo.maven.apache.org/maven2/io/quarkus/quarkus-development-mode-spi/2.7.1.Final/quarkus-development-mode-spi-2.7.1.Final.jar
[INFO] Downloaded from central: https://repo.maven.apache.org/maven2/io/quarkus/quarkus-development-mode-spi/2.7.1.Final/quarkus-development-mode-spi-2.7.1.Final.jar (43 kB at 710 kB/s)
[INFO] Downloading from central: https://repo.maven.apache.org/maven2/io/quarkus/quarkus-class-change-agent/2.7.1.Final/quarkus-class-change-agent-2.7.1.Final.jar
[INFO] Downloaded from central: https://repo.maven.apache.org/maven2/io/quarkus/quarkus-core-deployment/2.7.1.Final/quarkus-core-deployment-2.7.1.Final.jar (1.2 MB at 11 MB/s)
[INFO] Downloading from central: https://repo.maven.apache.org/maven2/io/quarkus/quarkus-devtools-utilities/2.7.1.Final/quarkus-devtools-utilities-2.7.1.Final.jar
[INFO] Downloaded from central: https://repo.maven.apache.org/maven2/io/quarkus/quarkus-devtools-utilities/2.7.1.Final/quarkus-devtools-utilities-2.7.1.Final.jar (5.4 kB at 47 kB/s)
[INFO] Downloading from central: https://repo.maven.apache.org/maven2/io/quarkus/quarkus-core/2.7.1.Final/quarkus-core-2.7.1.Final.jar
[INFO] Downloaded from central: https://repo.maven.apache.org/maven2/io/quarkus/quarkus-bootstrap-maven-resolver/2.7.1.Final/quarkus-bootstrap-maven-resolver-2.7.1.Final.jar (136 kB at 1.1 MB/s)
[INFO] Downloading from central: https://repo.maven.apache.org/maven2/io/quarkus/quarkus-bootstrap-runner/2.7.1.Final/quarkus-bootstrap-runner-2.7.1.Final.jar
[INFO] Downloaded from central: https://repo.maven.apache.org/maven2/io/quarkus/quarkus-bootstrap-runner/2.7.1.Final/quarkus-bootstrap-runner-2.7.1.Final.jar (40 kB at 285 kB/s)
[INFO] Downloading from central: https://repo.maven.apache.org/maven2/io/quarkus/quarkus-builder/2.7.1.Final/quarkus-builder-2.7.1.Final.jar
[INFO] Downloaded from central: https://repo.maven.apache.org/maven2/io/quarkus/quarkus-core/2.7.1.Final/quarkus-core-2.7.1.Final.jar (260 kB at 1.8 MB/s)
[INFO] Downloading from central: https://repo.maven.apache.org/maven2/io/quarkus/quarkus-project-core-extension-codestarts/2.7.1.Final/quarkus-project-core-extension-codestarts-2.7.1.Final.jar
[INFO] Downloaded from central: https://repo.maven.apache.org/maven2/io/quarkus/quarkus-builder/2.7.1.Final/quarkus-builder-2.7.1.Final.jar (51 kB at 330 kB/s)
[INFO] Downloading from central: https://repo.maven.apache.org/maven2/io/quarkus/quarkus-devtools-common/2.7.1.Final/quarkus-devtools-common-2.7.1.Final.jar
[INFO] Downloaded from central: https://repo.maven.apache.org/maven2/io/quarkus/quarkus-class-change-agent/2.7.1.Final/quarkus-class-change-agent-2.7.1.Final.jar (3.2 kB at 20 kB/s)
[INFO] Downloading from central: https://repo.maven.apache.org/maven2/io/quarkus/quarkus-devtools-registry-client/2.7.1.Final/quarkus-devtools-registry-client-2.7.1.Final.jar
[INFO] Downloaded from central: https://repo.maven.apache.org/maven2/io/quarkus/quarkus-bootstrap-app-model/2.7.1.Final/quarkus-bootstrap-app-model-2.7.1.Final.jar (138 kB at 833 kB/s)
[INFO] Downloading from central: https://repo.maven.apache.org/maven2/io/quarkus/quarkus-devtools-artifact-api/2.7.1.Final/quarkus-devtools-artifact-api-2.7.1.Final.jar
[INFO] Downloaded from central: https://repo.maven.apache.org/maven2/io/quarkus/quarkus-devtools-artifact-api/2.7.1.Final/quarkus-devtools-artifact-api-2.7.1.Final.jar (8.0 kB at 43 kB/s)
[INFO] Downloading from central: https://repo.maven.apache.org/maven2/io/quarkus/quarkus-devtools-message-writer/2.7.1.Final/quarkus-devtools-message-writer-2.7.1.Final.jar
[INFO] Downloaded from central: https://repo.maven.apache.org/maven2/io/quarkus/quarkus-devtools-common/2.7.1.Final/quarkus-devtools-common-2.7.1.Final.jar (266 kB at 1.4 MB/s)
[INFO] Downloading from central: https://repo.maven.apache.org/maven2/io/quarkus/quarkus-devtools-base-codestarts/2.7.1.Final/quarkus-devtools-base-codestarts-2.7.1.Final.jar
[INFO] Downloaded from central: https://repo.maven.apache.org/maven2/io/quarkus/quarkus-bootstrap-gradle-resolver/2.7.1.Final/quarkus-bootstrap-gradle-resolver-2.7.1.Final.jar (2.4 MB at 12 MB/s)
[INFO] Downloading from central: https://repo.maven.apache.org/maven2/io/quarkus/quarkus-devtools-codestarts/2.7.1.Final/quarkus-devtools-codestarts-2.7.1.Final.jar
[INFO] Downloaded from central: https://repo.maven.apache.org/maven2/io/quarkus/quarkus-devtools-registry-client/2.7.1.Final/quarkus-devtools-registry-client-2.7.1.Final.jar (214 kB at 1.1 MB/s)
[INFO] Downloading from central: https://repo.maven.apache.org/maven2/io/quarkus/qute/qute-core/2.7.1.Final/qute-core-2.7.1.Final.jar
[INFO] Downloaded from central: https://repo.maven.apache.org/maven2/io/quarkus/quarkus-devtools-message-writer/2.7.1.Final/quarkus-devtools-message-writer-2.7.1.Final.jar (6.3 kB at 31 kB/s)
[INFO] Downloaded from central: https://repo.maven.apache.org/maven2/io/quarkus/qute/qute-core/2.7.1.Final/qute-core-2.7.1.Final.jar (255 kB at 1.2 MB/s)
[INFO] Downloaded from central: https://repo.maven.apache.org/maven2/io/quarkus/quarkus-devtools-codestarts/2.7.1.Final/quarkus-devtools-codestarts-2.7.1.Final.jar (81 kB at 356 kB/s)
[INFO] Downloaded from central: https://repo.maven.apache.org/maven2/io/quarkus/quarkus-project-core-extension-codestarts/2.7.1.Final/quarkus-project-core-extension-codestarts-2.7.1.Final.jar (194 kB at 771 kB/s)
[INFO] Downloaded from central: https://repo.maven.apache.org/maven2/io/quarkus/quarkus-devtools-base-codestarts/2.7.1.Final/quarkus-devtools-base-codestarts-2.7.1.Final.jar (417 kB at 674 kB/s)
[INFO] Downloading from central: https://repo.maven.apache.org/maven2/io/quarkus/quarkus-universe-bom/2.7.1.Final/quarkus-universe-bom-2.7.1.Final.pom
[INFO] Downloaded from central: https://repo.maven.apache.org/maven2/io/quarkus/quarkus-universe-bom/2.7.1.Final/quarkus-universe-bom-2.7.1.Final.pom (819 kB at 11 MB/s)
[INFO] ------------------------------------------------------------------------
[INFO] Detecting the operating system and CPU architecture
[INFO] ------------------------------------------------------------------------
[INFO] os.detected.name: linux
[INFO] os.detected.arch: x86_64
[INFO] os.detected.bitness: 64
[INFO] os.detected.version: 5.4
[INFO] os.detected.version.major: 5
[INFO] os.detected.version.minor: 4
[INFO] os.detected.release: ubuntu
[INFO] os.detected.release.version: 18.04
[INFO] os.detected.release.like.ubuntu: true
[INFO] os.detected.release.like.debian: true
[INFO] os.detected.classifier: linux-x86_64
[INFO] 
[INFO] --------------------------< org.kcctl:kcctl >---------------------------
[INFO] Building kcctl 1.0.0-SNAPSHOT
[INFO] --------------------------------[ jar ]---------------------------------
[INFO] Downloading from central: https://repo.maven.apache.org/maven2/io/quarkus/quarkus-picocli/2.7.1.Final/quarkus-picocli-2.7.1.Final.pom
[INFO] Downloaded from central: https://repo.maven.apache.org/maven2/io/quarkus/quarkus-picocli/2.7.1.Final/quarkus-picocli-2.7.1.Final.pom (2.3 kB at 9.7 kB/s)
[INFO] Downloading from central: https://repo.maven.apache.org/maven2/io/quarkus/quarkus-picocli-parent/2.7.1.Final/quarkus-picocli-parent-2.7.1.Final.pom
[INFO] Downloaded from central: https://repo.maven.apache.org/maven2/io/quarkus/quarkus-picocli-parent/2.7.1.Final/quarkus-picocli-parent-2.7.1.Final.pom (741 B at 3.7 kB/s)
[INFO] Downloading from central: https://repo.maven.apache.org/maven2/io/quarkus/quarkus-extensions-parent/2.7.1.Final/quarkus-extensions-parent-2.7.1.Final.pom
[INFO] Downloaded from central: https://repo.maven.apache.org/maven2/io/quarkus/quarkus-extensions-parent/2.7.1.Final/quarkus-extensions-parent-2.7.1.Final.pom (8.2 kB at 430 kB/s)
[INFO] Downloading from central: https://repo.maven.apache.org/maven2/io/quarkus/quarkus-ide-launcher/2.7.1.Final/quarkus-ide-launcher-2.7.1.Final.pom
[INFO] Downloaded from central: https://repo.maven.apache.org/maven2/io/quarkus/quarkus-ide-launcher/2.7.1.Final/quarkus-ide-launcher-2.7.1.Final.pom (2.4 kB at 204 kB/s)
[INFO] Downloading from central: https://repo.maven.apache.org/maven2/io/quarkus/quarkus-arc/2.7.1.Final/quarkus-arc-2.7.1.Final.pom
[INFO] Downloaded from central: https://repo.maven.apache.org/maven2/io/quarkus/quarkus-arc/2.7.1.Final/quarkus-arc-2.7.1.Final.pom (1.8 kB at 126 kB/s)
[INFO] Downloading from central: https://repo.maven.apache.org/maven2/io/quarkus/quarkus-arc-parent/2.7.1.Final/quarkus-arc-parent-2.7.1.Final.pom
[INFO] Downloaded from central: https://repo.maven.apache.org/maven2/io/quarkus/quarkus-arc-parent/2.7.1.Final/quarkus-arc-parent-2.7.1.Final.pom (734 B at 73 kB/s)
[INFO] Downloading from central: https://repo.maven.apache.org/maven2/io/quarkus/arc/arc/2.7.1.Final/arc-2.7.1.Final.pom
[INFO] Downloaded from central: https://repo.maven.apache.org/maven2/io/quarkus/arc/arc/2.7.1.Final/arc-2.7.1.Final.pom (1.4 kB at 135 kB/s)
[INFO] Downloading from central: https://repo.maven.apache.org/maven2/io/quarkus/arc/arc-parent/2.7.1.Final/arc-parent-2.7.1.Final.pom
[INFO] Downloaded from central: https://repo.maven.apache.org/maven2/io/quarkus/arc/arc-parent/2.7.1.Final/arc-parent-2.7.1.Final.pom (24 kB at 1.8 MB/s)
[INFO] Downloading from central: https://repo.maven.apache.org/maven2/io/quarkus/quarkus-rest-client-jackson/2.7.1.Final/quarkus-rest-client-jackson-2.7.1.Final.pom
[INFO] Downloaded from central: https://repo.maven.apache.org/maven2/io/quarkus/quarkus-rest-client-jackson/2.7.1.Final/quarkus-rest-client-jackson-2.7.1.Final.pom (2.9 kB at 28 kB/s)
[INFO] Downloading from central: https://repo.maven.apache.org/maven2/io/quarkus/quarkus-rest-client-jackson-parent/2.7.1.Final/quarkus-rest-client-jackson-parent-2.7.1.Final.pom
[INFO] Downloaded from central: https://repo.maven.apache.org/maven2/io/quarkus/quarkus-rest-client-jackson-parent/2.7.1.Final/quarkus-rest-client-jackson-parent-2.7.1.Final.pom (776 B at 7.2 kB/s)
[INFO] Downloading from central: https://repo.maven.apache.org/maven2/io/quarkus/quarkus-resteasy-parent-aggregator/2.7.1.Final/quarkus-resteasy-parent-aggregator-2.7.1.Final.pom
[INFO] Downloaded from central: https://repo.maven.apache.org/maven2/io/quarkus/quarkus-resteasy-parent-aggregator/2.7.1.Final/quarkus-resteasy-parent-aggregator-2.7.1.Final.pom (1.4 kB at 71 kB/s)
[INFO] Downloading from central: https://repo.maven.apache.org/maven2/io/quarkus/quarkus-rest-client/2.7.1.Final/quarkus-rest-client-2.7.1.Final.pom
[INFO] Downloaded from central: https://repo.maven.apache.org/maven2/io/quarkus/quarkus-rest-client/2.7.1.Final/quarkus-rest-client-2.7.1.Final.pom (4.5 kB at 226 kB/s)
[INFO] Downloading from central: https://repo.maven.apache.org/maven2/io/quarkus/quarkus-rest-client-parent/2.7.1.Final/quarkus-rest-client-parent-2.7.1.Final.pom
[INFO] Downloaded from central: https://repo.maven.apache.org/maven2/io/quarkus/quarkus-rest-client-parent/2.7.1.Final/quarkus-rest-client-parent-2.7.1.Final.pom (758 B at 4.0 kB/s)
[INFO] Downloading from central: https://repo.maven.apache.org/maven2/io/quarkus/quarkus-resteasy-common/2.7.1.Final/quarkus-resteasy-common-2.7.1.Final.pom
[INFO] Downloaded from central: https://repo.maven.apache.org/maven2/io/quarkus/quarkus-resteasy-common/2.7.1.Final/quarkus-resteasy-common-2.7.1.Final.pom (4.6 kB at 45 kB/s)
[INFO] Downloading from central: https://repo.maven.apache.org/maven2/io/quarkus/quarkus-resteasy-common-parent/2.7.1.Final/quarkus-resteasy-common-parent-2.7.1.Final.pom
[INFO] Downloaded from central: https://repo.maven.apache.org/maven2/io/quarkus/quarkus-resteasy-common-parent/2.7.1.Final/quarkus-resteasy-common-parent-2.7.1.Final.pom (798 B at 32 kB/s)
[INFO] Downloading from central: https://repo.maven.apache.org/maven2/io/quarkus/quarkus-apache-httpclient/2.7.1.Final/quarkus-apache-httpclient-2.7.1.Final.pom
[INFO] Downloaded from central: https://repo.maven.apache.org/maven2/io/quarkus/quarkus-apache-httpclient/2.7.1.Final/quarkus-apache-httpclient-2.7.1.Final.pom (2.1 kB at 20 kB/s)
[INFO] Downloading from central: https://repo.maven.apache.org/maven2/io/quarkus/quarkus-apache-httpclient-parent/2.7.1.Final/quarkus-apache-httpclient-parent-2.7.1.Final.pom
[INFO] Downloaded from central: https://repo.maven.apache.org/maven2/io/quarkus/quarkus-apache-httpclient-parent/2.7.1.Final/quarkus-apache-httpclient-parent-2.7.1.Final.pom (715 B at 89 kB/s)
[INFO] Downloading from central: https://repo.maven.apache.org/maven2/io/quarkus/quarkus-rest-client-config/2.7.1.Final/quarkus-rest-client-config-2.7.1.Final.pom
[INFO] Downloaded from central: https://repo.maven.apache.org/maven2/io/quarkus/quarkus-rest-client-config/2.7.1.Final/quarkus-rest-client-config-2.7.1.Final.pom (2.5 kB at 79 kB/s)
[INFO] Downloading from central: https://repo.maven.apache.org/maven2/io/quarkus/quarkus-rest-client-config-parent/2.7.1.Final/quarkus-rest-client-config-parent-2.7.1.Final.pom
[INFO] Downloaded from central: https://repo.maven.apache.org/maven2/io/quarkus/quarkus-rest-client-config-parent/2.7.1.Final/quarkus-rest-client-config-parent-2.7.1.Final.pom (770 B at 6.0 kB/s)
[INFO] Downloading from central: https://repo.maven.apache.org/maven2/io/quarkus/quarkus-jackson/2.7.1.Final/quarkus-jackson-2.7.1.Final.pom
[INFO] Downloaded from central: https://repo.maven.apache.org/maven2/io/quarkus/quarkus-jackson/2.7.1.Final/quarkus-jackson-2.7.1.Final.pom (2.4 kB at 160 kB/s)
[INFO] Downloading from central: https://repo.maven.apache.org/maven2/io/quarkus/quarkus-jackson-parent/2.7.1.Final/quarkus-jackson-parent-2.7.1.Final.pom
[INFO] Downloaded from central: https://repo.maven.apache.org/maven2/io/quarkus/quarkus-jackson-parent/2.7.1.Final/quarkus-jackson-parent-2.7.1.Final.pom (771 B at 77 kB/s)
[INFO] Downloading from central: https://repo.maven.apache.org/maven2/io/quarkus/quarkus-junit5/2.7.1.Final/quarkus-junit5-2.7.1.Final.pom
[INFO] Downloaded from central: https://repo.maven.apache.org/maven2/io/quarkus/quarkus-junit5/2.7.1.Final/quarkus-junit5-2.7.1.Final.pom (2.4 kB at 25 kB/s)
[INFO] Downloading from central: https://repo.maven.apache.org/maven2/io/quarkus/quarkus-test-framework/2.7.1.Final/quarkus-test-framework-2.7.1.Final.pom
[INFO] Downloaded from central: https://repo.maven.apache.org/maven2/io/quarkus/quarkus-test-framework/2.7.1.Final/quarkus-test-framework-2.7.1.Final.pom (1.7 kB at 15 kB/s)
[INFO] Downloading from central: https://repo.maven.apache.org/maven2/io/quarkus/quarkus-test-common/2.7.1.Final/quarkus-test-common-2.7.1.Final.pom
[INFO] Downloaded from central: https://repo.maven.apache.org/maven2/io/quarkus/quarkus-test-common/2.7.1.Final/quarkus-test-common-2.7.1.Final.pom (1.6 kB at 197 kB/s)
[INFO] Downloading from central: https://repo.maven.apache.org/maven2/io/quarkus/quarkus-jsonp-deployment/2.7.1.Final/quarkus-jsonp-deployment-2.7.1.Final.pom
[INFO] Downloaded from central: https://repo.maven.apache.org/maven2/io/quarkus/quarkus-jsonp-deployment/2.7.1.Final/quarkus-jsonp-deployment-2.7.1.Final.pom (1.5 kB at 187 kB/s)
[INFO] Downloading from central: https://repo.maven.apache.org/maven2/io/quarkus/quarkus-jsonp-parent/2.7.1.Final/quarkus-jsonp-parent-2.7.1.Final.pom
[INFO] Downloaded from central: https://repo.maven.apache.org/maven2/io/quarkus/quarkus-jsonp-parent/2.7.1.Final/quarkus-jsonp-parent-2.7.1.Final.pom (738 B at 67 kB/s)
[INFO] Downloading from central: https://repo.maven.apache.org/maven2/io/quarkus/quarkus-jsonp/2.7.1.Final/quarkus-jsonp-2.7.1.Final.pom
[INFO] Downloaded from central: https://repo.maven.apache.org/maven2/io/quarkus/quarkus-jsonp/2.7.1.Final/quarkus-jsonp-2.7.1.Final.pom (2.3 kB at 207 kB/s)
[INFO] Downloading from central: https://repo.maven.apache.org/maven2/io/quarkus/quarkus-junit5-properties/2.7.1.Final/quarkus-junit5-properties-2.7.1.Final.pom
[INFO] Downloaded from central: https://repo.maven.apache.org/maven2/io/quarkus/quarkus-junit5-properties/2.7.1.Final/quarkus-junit5-properties-2.7.1.Final.pom (946 B at 4.5 kB/s)
[INFO] Downloading from central: https://repo.maven.apache.org/maven2/net/javacrumbs/json-unit/json-unit-assertj/2.31.0/json-unit-assertj-2.31.0.pom
[INFO] Downloaded from central: https://repo.maven.apache.org/maven2/net/javacrumbs/json-unit/json-unit-assertj/2.31.0/json-unit-assertj-2.31.0.pom (5.8 kB at 58 kB/s)
[INFO] Downloading from central: https://repo.maven.apache.org/maven2/net/javacrumbs/json-unit/json-unit-json-path/2.31.0/json-unit-json-path-2.31.0.pom
[INFO] Downloaded from central: https://repo.maven.apache.org/maven2/net/javacrumbs/json-unit/json-unit-json-path/2.31.0/json-unit-json-path-2.31.0.pom (2.6 kB at 14 kB/s)
[INFO] Downloading from central: https://repo.maven.apache.org/maven2/io/debezium/debezium-testing-testcontainers/1.8.1.Final/debezium-testing-testcontainers-1.8.1.Final.pom
[INFO] Downloaded from central: https://repo.maven.apache.org/maven2/io/debezium/debezium-testing-testcontainers/1.8.1.Final/debezium-testing-testcontainers-1.8.1.Final.pom (3.1 kB at 31 kB/s)
[INFO] Downloading from central: https://repo.maven.apache.org/maven2/io/debezium/debezium-testing/1.8.1.Final/debezium-testing-1.8.1.Final.pom
[INFO] Downloaded from central: https://repo.maven.apache.org/maven2/io/debezium/debezium-testing/1.8.1.Final/debezium-testing-1.8.1.Final.pom (701 B at 2.1 kB/s)
[INFO] Downloading from central: https://repo.maven.apache.org/maven2/io/quarkus/quarkus-picocli/2.7.1.Final/quarkus-picocli-2.7.1.Final.jar
[INFO] Downloading from central: https://repo.maven.apache.org/maven2/io/quarkus/quarkus-ide-launcher/2.7.1.Final/quarkus-ide-launcher-2.7.1.Final.jar
[INFO] Downloading from central: https://repo.maven.apache.org/maven2/io/quarkus/quarkus-arc/2.7.1.Final/quarkus-arc-2.7.1.Final.jar
[INFO] Downloading from central: https://repo.maven.apache.org/maven2/io/quarkus/arc/arc/2.7.1.Final/arc-2.7.1.Final.jar
[INFO] Downloading from central: https://repo.maven.apache.org/maven2/io/quarkus/quarkus-rest-client-jackson/2.7.1.Final/quarkus-rest-client-jackson-2.7.1.Final.jar
[INFO] Downloaded from central: https://repo.maven.apache.org/maven2/io/quarkus/quarkus-arc/2.7.1.Final/quarkus-arc-2.7.1.Final.jar (66 kB at 1.4 MB/s)
[INFO] Downloading from central: https://repo.maven.apache.org/maven2/io/quarkus/quarkus-jackson/2.7.1.Final/quarkus-jackson-2.7.1.Final.jar
[INFO] Downloaded from central: https://repo.maven.apache.org/maven2/io/quarkus/arc/arc/2.7.1.Final/arc-2.7.1.Final.jar (189 kB at 4.0 MB/s)
[INFO] Downloading from central: https://repo.maven.apache.org/maven2/io/quarkus/quarkus-rest-client/2.7.1.Final/quarkus-rest-client-2.7.1.Final.jar
[INFO] Downloaded from central: https://repo.maven.apache.org/maven2/io/quarkus/quarkus-jackson/2.7.1.Final/quarkus-jackson-2.7.1.Final.jar (7.8 kB at 181 kB/s)
[INFO] Downloading from central: https://repo.maven.apache.org/maven2/io/quarkus/quarkus-resteasy-common/2.7.1.Final/quarkus-resteasy-common-2.7.1.Final.jar
[INFO] Downloaded from central: https://repo.maven.apache.org/maven2/io/quarkus/quarkus-picocli/2.7.1.Final/quarkus-picocli-2.7.1.Final.jar (13 kB at 116 kB/s)
[INFO] Downloading from central: https://repo.maven.apache.org/maven2/io/quarkus/quarkus-apache-httpclient/2.7.1.Final/quarkus-apache-httpclient-2.7.1.Final.jar
[INFO] Downloaded from central: https://repo.maven.apache.org/maven2/io/quarkus/quarkus-rest-client-jackson/2.7.1.Final/quarkus-rest-client-jackson-2.7.1.Final.jar (3.2 kB at 28 kB/s)
[INFO] Downloading from central: https://repo.maven.apache.org/maven2/io/quarkus/quarkus-rest-client-config/2.7.1.Final/quarkus-rest-client-config-2.7.1.Final.jar
[INFO] Downloaded from central: https://repo.maven.apache.org/maven2/io/quarkus/quarkus-apache-httpclient/2.7.1.Final/quarkus-apache-httpclient-2.7.1.Final.jar (3.0 kB at 27 kB/s)
[INFO] Downloaded from central: https://repo.maven.apache.org/maven2/io/quarkus/quarkus-rest-client-config/2.7.1.Final/quarkus-rest-client-config-2.7.1.Final.jar (19 kB at 162 kB/s)
[INFO] Downloaded from central: https://repo.maven.apache.org/maven2/io/quarkus/quarkus-resteasy-common/2.7.1.Final/quarkus-resteasy-common-2.7.1.Final.jar (25 kB at 161 kB/s)
[INFO] Downloaded from central: https://repo.maven.apache.org/maven2/io/quarkus/quarkus-rest-client/2.7.1.Final/quarkus-rest-client-2.7.1.Final.jar (34 kB at 204 kB/s)
[INFO] Downloaded from central: https://repo.maven.apache.org/maven2/io/quarkus/quarkus-ide-launcher/2.7.1.Final/quarkus-ide-launcher-2.7.1.Final.jar (14 MB at 52 MB/s)
[INFO] 
[INFO] --- maven-clean-plugin:3.1.0:clean (default-clean) @ kcctl ---
[INFO] 
[INFO] --- maven-enforcer-plugin:3.0.0-M3:enforce (enforce-plugin-versions) @ kcctl ---
[WARNING] Rule 0: org.apache.maven.plugins.enforcer.RequireJavaVersion failed with message:
Detected JDK Version: 11.0.17 is not in the allowed range [17,).
[INFO] ------------------------------------------------------------------------
[INFO] BUILD FAILURE
[INFO] ------------------------------------------------------------------------
[INFO] Total time:  6.472 s
[INFO] Finished at: 2023-02-01T21:06:20Z
[INFO] ------------------------------------------------------------------------
[ERROR] Failed to execute goal org.apache.maven.plugins:maven-enforcer-plugin:3.0.0-M3:enforce (enforce-plugin-versions) on project kcctl: Some Enforcer rules have failed. Look above for specific messages explaining why the rule failed. -> [Help 1]
[ERROR] 
[ERROR] To see the full stack trace of the errors, re-run Maven with the -e switch.
[ERROR] Re-run Maven using the -X switch to enable full debug logging.
[ERROR] 
[ERROR] For more information about the errors and possible solutions, please read the following articles:
[ERROR] [Help 1] http://cwiki.apache.org/confluence/display/MAVEN/MojoExecutionException
