[INFO] Scanning for projects...
[INFO] Downloading from central: https://repo.maven.apache.org/maven2/com/github/veithen/maven/p2-maven-connector/0.5.0/p2-maven-connector-0.5.0.pom
[INFO] Downloaded from central: https://repo.maven.apache.org/maven2/com/github/veithen/maven/p2-maven-connector/0.5.0/p2-maven-connector-0.5.0.pom (16 kB at 43 kB/s)
[INFO] Downloading from central: https://repo.maven.apache.org/maven2/com/github/veithen/parent/26/parent-26.pom
[INFO] Downloaded from central: https://repo.maven.apache.org/maven2/com/github/veithen/parent/26/parent-26.pom (36 kB at 248 kB/s)
[INFO] Downloading from central: https://repo.maven.apache.org/maven2/com/github/veithen/cosmos/cosmos-equinox/0.4.1/cosmos-equinox-0.4.1.pom
[INFO] Downloaded from central: https://repo.maven.apache.org/maven2/com/github/veithen/cosmos/cosmos-equinox/0.4.1/cosmos-equinox-0.4.1.pom (4.0 kB at 22 kB/s)
[INFO] Downloading from central: https://repo.maven.apache.org/maven2/com/github/veithen/cosmos/cosmos/0.4.1/cosmos-0.4.1.pom
[INFO] Downloaded from central: https://repo.maven.apache.org/maven2/com/github/veithen/cosmos/cosmos/0.4.1/cosmos-0.4.1.pom (10 kB at 47 kB/s)
[INFO] Downloading from central: https://repo.maven.apache.org/maven2/com/github/veithen/cosmos/cosmos-osgi-runtime/0.4.1/cosmos-osgi-runtime-0.4.1.pom
[INFO] Downloaded from central: https://repo.maven.apache.org/maven2/com/github/veithen/cosmos/cosmos-osgi-runtime/0.4.1/cosmos-osgi-runtime-0.4.1.pom (2.8 kB at 16 kB/s)
[INFO] Downloading from central: https://repo.maven.apache.org/maven2/org/osgi/org.osgi.util.xml/1.0.1/org.osgi.util.xml-1.0.1.pom
[INFO] Downloaded from central: https://repo.maven.apache.org/maven2/org/osgi/org.osgi.util.xml/1.0.1/org.osgi.util.xml-1.0.1.pom (1.3 kB at 98 kB/s)
[INFO] Downloading from central: https://repo.maven.apache.org/maven2/org/osgi/org.osgi.service.packageadmin/1.2.1/org.osgi.service.packageadmin-1.2.1.pom
[INFO] Downloaded from central: https://repo.maven.apache.org/maven2/org/osgi/org.osgi.service.packageadmin/1.2.1/org.osgi.service.packageadmin-1.2.1.pom (1.8 kB at 15 kB/s)
[INFO] Downloading from central: https://repo.maven.apache.org/maven2/com/github/veithen/cosmos/cosmos-log-service/0.4.1/cosmos-log-service-0.4.1.pom
[INFO] Downloaded from central: https://repo.maven.apache.org/maven2/com/github/veithen/cosmos/cosmos-log-service/0.4.1/cosmos-log-service-0.4.1.pom (2.8 kB at 7.5 kB/s)
[INFO] Downloading from central: https://repo.maven.apache.org/maven2/org/apache/maven/resolver/maven-resolver-spi/1.6.1/maven-resolver-spi-1.6.1.pom
[INFO] Downloaded from central: https://repo.maven.apache.org/maven2/org/apache/maven/resolver/maven-resolver-spi/1.6.1/maven-resolver-spi-1.6.1.pom (2.7 kB at 295 kB/s)
[INFO] Downloading from central: https://repo.maven.apache.org/maven2/org/eclipse/platform/org.eclipse.core.net/1.3.1000/org.eclipse.core.net-1.3.1000.pom
[INFO] Downloaded from central: https://repo.maven.apache.org/maven2/org/eclipse/platform/org.eclipse.core.net/1.3.1000/org.eclipse.core.net-1.3.1000.pom (2.7 kB at 14 kB/s)
[INFO] Downloading from central: https://repo.maven.apache.org/maven2/org/eclipse/ecf/org.eclipse.ecf.identity/3.9.401/org.eclipse.ecf.identity-3.9.401.pom
[INFO] Downloaded from central: https://repo.maven.apache.org/maven2/org/eclipse/ecf/org.eclipse.ecf.identity/3.9.401/org.eclipse.ecf.identity-3.9.401.pom (628 B at 6.2 kB/s)
[INFO] Downloading from central: https://repo.maven.apache.org/maven2/org/eclipse/ecf/org.eclipse.ecf.provider.filetransfer.httpclient45/1.0.301/org.eclipse.ecf.provider.filetransfer.httpclient45-1.0.301.pom
[INFO] Downloaded from central: https://repo.maven.apache.org/maven2/org/eclipse/ecf/org.eclipse.ecf.provider.filetransfer.httpclient45/1.0.301/org.eclipse.ecf.provider.filetransfer.httpclient45-1.0.301.pom (1.8 kB at 18 kB/s)
[INFO] Downloading from central: https://repo.maven.apache.org/maven2/org/eclipse/platform/org.eclipse.equinox.p2.jarprocessor/1.1.700/org.eclipse.equinox.p2.jarprocessor-1.1.700.pom
[INFO] Downloaded from central: https://repo.maven.apache.org/maven2/org/eclipse/platform/org.eclipse.equinox.p2.jarprocessor/1.1.700/org.eclipse.equinox.p2.jarprocessor-1.1.700.pom (2.0 kB at 10 kB/s)
[INFO] Downloading from central: https://repo.maven.apache.org/maven2/org/eclipse/platform/org.eclipse.equinox.p2.publisher/1.5.400/org.eclipse.equinox.p2.publisher-1.5.400.pom
[INFO] Downloaded from central: https://repo.maven.apache.org/maven2/org/eclipse/platform/org.eclipse.equinox.p2.publisher/1.5.400/org.eclipse.equinox.p2.publisher-1.5.400.pom (2.1 kB at 10 kB/s)
[INFO] Downloading from central: https://repo.maven.apache.org/maven2/org/eclipse/platform/org.eclipse.equinox.p2.transport.ecf/1.2.400/org.eclipse.equinox.p2.transport.ecf-1.2.400.pom
[INFO] Downloaded from central: https://repo.maven.apache.org/maven2/org/eclipse/platform/org.eclipse.equinox.p2.transport.ecf/1.2.400/org.eclipse.equinox.p2.transport.ecf-1.2.400.pom (3.0 kB at 16 kB/s)
[INFO] Downloading from central: https://repo.maven.apache.org/maven2/org/eclipse/platform/org.eclipse.osgi.compatibility.state/1.2.200/org.eclipse.osgi.compatibility.state-1.2.200.pom
[INFO] Downloaded from central: https://repo.maven.apache.org/maven2/org/eclipse/platform/org.eclipse.osgi.compatibility.state/1.2.200/org.eclipse.osgi.compatibility.state-1.2.200.pom (2.0 kB at 200 kB/s)
[INFO] Downloading from central: https://repo.maven.apache.org/maven2/com/github/veithen/maven/p2-maven-connector/0.5.0/p2-maven-connector-0.5.0.jar
[INFO] Downloading from central: https://repo.maven.apache.org/maven2/com/github/veithen/cosmos/cosmos-equinox/0.4.1/cosmos-equinox-0.4.1.jar
[INFO] Downloading from central: https://repo.maven.apache.org/maven2/com/github/veithen/cosmos/cosmos-osgi-runtime/0.4.1/cosmos-osgi-runtime-0.4.1.jar
[INFO] Downloading from central: https://repo.maven.apache.org/maven2/org/osgi/org.osgi.util.xml/1.0.1/org.osgi.util.xml-1.0.1.jar
[INFO] Downloading from central: https://repo.maven.apache.org/maven2/org/osgi/org.osgi.service.packageadmin/1.2.1/org.osgi.service.packageadmin-1.2.1.jar
[INFO] Downloaded from central: https://repo.maven.apache.org/maven2/org/osgi/org.osgi.util.xml/1.0.1/org.osgi.util.xml-1.0.1.jar (18 kB at 170 kB/s)
[INFO] Downloading from central: https://repo.maven.apache.org/maven2/com/github/veithen/cosmos/cosmos-log-service/0.4.1/cosmos-log-service-0.4.1.jar
[INFO] Downloaded from central: https://repo.maven.apache.org/maven2/org/osgi/org.osgi.service.packageadmin/1.2.1/org.osgi.service.packageadmin-1.2.1.jar (18 kB at 144 kB/s)
[INFO] Downloading from central: https://repo.maven.apache.org/maven2/org/apache/felix/org.apache.felix.scr/2.1.24/org.apache.felix.scr-2.1.24.jar
[INFO] Downloaded from central: https://repo.maven.apache.org/maven2/org/apache/felix/org.apache.felix.scr/2.1.24/org.apache.felix.scr-2.1.24.jar (407 kB at 2.5 MB/s)
[INFO] Downloading from central: https://repo.maven.apache.org/maven2/org/apache/maven/resolver/maven-resolver-spi/1.6.1/maven-resolver-spi-1.6.1.jar
[INFO] Downloaded from central: https://repo.maven.apache.org/maven2/org/apache/maven/resolver/maven-resolver-spi/1.6.1/maven-resolver-spi-1.6.1.jar (38 kB at 217 kB/s)
[INFO] Downloading from central: https://repo.maven.apache.org/maven2/org/eclipse/platform/org.eclipse.core.net/1.3.1000/org.eclipse.core.net-1.3.1000.jar
[INFO] Downloaded from central: https://repo.maven.apache.org/maven2/com/github/veithen/cosmos/cosmos-equinox/0.4.1/cosmos-equinox-0.4.1.jar (35 kB at 170 kB/s)
[INFO] Downloading from central: https://repo.maven.apache.org/maven2/org/eclipse/platform/org.eclipse.equinox.security/1.3.500/org.eclipse.equinox.security-1.3.500.jar
[INFO] Downloaded from central: https://repo.maven.apache.org/maven2/com/github/veithen/cosmos/cosmos-osgi-runtime/0.4.1/cosmos-osgi-runtime-0.4.1.jar (62 kB at 299 kB/s)
[INFO] Downloading from central: https://repo.maven.apache.org/maven2/org/eclipse/ecf/org.eclipse.ecf.identity/3.9.401/org.eclipse.ecf.identity-3.9.401.jar
[INFO] Downloaded from central: https://repo.maven.apache.org/maven2/com/github/veithen/maven/p2-maven-connector/0.5.0/p2-maven-connector-0.5.0.jar (33 kB at 155 kB/s)
[INFO] Downloading from central: https://repo.maven.apache.org/maven2/org/eclipse/ecf/org.eclipse.ecf.provider.filetransfer.httpclient45/1.0.301/org.eclipse.ecf.provider.filetransfer.httpclient45-1.0.301.jar
[INFO] Downloaded from central: https://repo.maven.apache.org/maven2/com/github/veithen/cosmos/cosmos-log-service/0.4.1/cosmos-log-service-0.4.1.jar (16 kB at 50 kB/s)
[INFO] Downloading from central: https://repo.maven.apache.org/maven2/org/eclipse/platform/org.eclipse.equinox.p2.artifact.repository/1.3.500/org.eclipse.equinox.p2.artifact.repository-1.3.500.jar
[INFO] Downloaded from central: https://repo.maven.apache.org/maven2/org/eclipse/platform/org.eclipse.core.net/1.3.1000/org.eclipse.core.net-1.3.1000.jar (71 kB at 185 kB/s)
[INFO] Downloading from central: https://repo.maven.apache.org/maven2/org/eclipse/platform/org.eclipse.equinox.p2.metadata/2.5.100/org.eclipse.equinox.p2.metadata-2.5.100.jar
[INFO] Downloaded from central: https://repo.maven.apache.org/maven2/org/eclipse/platform/org.eclipse.equinox.security/1.3.500/org.eclipse.equinox.security-1.3.500.jar (113 kB at 280 kB/s)
[INFO] Downloading from central: https://repo.maven.apache.org/maven2/org/eclipse/platform/org.eclipse.equinox.p2.jarprocessor/1.1.700/org.eclipse.equinox.p2.jarprocessor-1.1.700.jar
[INFO] Downloaded from central: https://repo.maven.apache.org/maven2/org/eclipse/ecf/org.eclipse.ecf.provider.filetransfer.httpclient45/1.0.301/org.eclipse.ecf.provider.filetransfer.httpclient45-1.0.301.jar (75 kB at 179 kB/s)
[INFO] Downloading from central: https://repo.maven.apache.org/maven2/org/eclipse/platform/org.eclipse.equinox.p2.metadata.repository/1.3.400/org.eclipse.equinox.p2.metadata.repository-1.3.400.jar
[INFO] Downloaded from central: https://repo.maven.apache.org/maven2/org/eclipse/platform/org.eclipse.equinox.p2.artifact.repository/1.3.500/org.eclipse.equinox.p2.artifact.repository-1.3.500.jar (157 kB at 299 kB/s)
[INFO] Downloading from central: https://repo.maven.apache.org/maven2/org/eclipse/platform/org.eclipse.equinox.p2.publisher/1.5.400/org.eclipse.equinox.p2.publisher-1.5.400.jar
[INFO] Downloaded from central: https://repo.maven.apache.org/maven2/org/eclipse/ecf/org.eclipse.ecf.identity/3.9.401/org.eclipse.ecf.identity-3.9.401.jar (56 kB at 100 kB/s)
[INFO] Downloading from central: https://repo.maven.apache.org/maven2/org/eclipse/platform/org.eclipse.equinox.p2.transport.ecf/1.2.400/org.eclipse.equinox.p2.transport.ecf-1.2.400.jar
[INFO] Downloaded from central: https://repo.maven.apache.org/maven2/org/eclipse/platform/org.eclipse.equinox.p2.metadata/2.5.100/org.eclipse.equinox.p2.metadata-2.5.100.jar (361 kB at 603 kB/s)
[INFO] Downloading from central: https://repo.maven.apache.org/maven2/org/eclipse/ecf/org.eclipse.ecf/3.9.101/org.eclipse.ecf-3.9.101.jar
[INFO] Downloaded from central: https://repo.maven.apache.org/maven2/org/eclipse/platform/org.eclipse.equinox.p2.jarprocessor/1.1.700/org.eclipse.equinox.p2.jarprocessor-1.1.700.jar (74 kB at 121 kB/s)
[INFO] Downloading from central: https://repo.maven.apache.org/maven2/org/eclipse/ecf/org.eclipse.ecf.filetransfer/5.1.101/org.eclipse.ecf.filetransfer-5.1.101.jar
[INFO] Downloaded from central: https://repo.maven.apache.org/maven2/org/eclipse/platform/org.eclipse.equinox.p2.metadata.repository/1.3.400/org.eclipse.equinox.p2.metadata.repository-1.3.400.jar (133 kB at 199 kB/s)
[INFO] Downloading from central: https://repo.maven.apache.org/maven2/org/eclipse/ecf/org.eclipse.ecf.provider.filetransfer/3.2.601/org.eclipse.ecf.provider.filetransfer-3.2.601.jar
[INFO] Downloaded from central: https://repo.maven.apache.org/maven2/org/eclipse/platform/org.eclipse.equinox.p2.transport.ecf/1.2.400/org.eclipse.equinox.p2.transport.ecf-1.2.400.jar (44 kB at 59 kB/s)
[INFO] Downloading from central: https://repo.maven.apache.org/maven2/org/eclipse/platform/org.eclipse.equinox.p2.core/2.6.300/org.eclipse.equinox.p2.core-2.6.300.jar
[INFO] Downloaded from central: https://repo.maven.apache.org/maven2/org/eclipse/ecf/org.eclipse.ecf.filetransfer/5.1.101/org.eclipse.ecf.filetransfer-5.1.101.jar (41 kB at 50 kB/s)
[INFO] Downloading from central: https://repo.maven.apache.org/maven2/org/eclipse/platform/org.eclipse.equinox.p2.repository/2.4.800/org.eclipse.equinox.p2.repository-2.4.800.jar
[INFO] Downloaded from central: https://repo.maven.apache.org/maven2/org/eclipse/ecf/org.eclipse.ecf/3.9.101/org.eclipse.ecf-3.9.101.jar (110 kB at 135 kB/s)
[INFO] Downloading from central: https://repo.maven.apache.org/maven2/org/eclipse/platform/org.eclipse.osgi.compatibility.state/1.2.200/org.eclipse.osgi.compatibility.state-1.2.200.jar
[INFO] Downloaded from central: https://repo.maven.apache.org/maven2/org/eclipse/ecf/org.eclipse.ecf.provider.filetransfer/3.2.601/org.eclipse.ecf.provider.filetransfer-3.2.601.jar (118 kB at 137 kB/s)
[INFO] Downloaded from central: https://repo.maven.apache.org/maven2/org/eclipse/platform/org.eclipse.osgi.compatibility.state/1.2.200/org.eclipse.osgi.compatibility.state-1.2.200.jar (248 kB at 267 kB/s)
[INFO] Downloaded from central: https://repo.maven.apache.org/maven2/org/eclipse/platform/org.eclipse.equinox.p2.core/2.6.300/org.eclipse.equinox.p2.core-2.6.300.jar (77 kB at 81 kB/s)
[INFO] Downloaded from central: https://repo.maven.apache.org/maven2/org/eclipse/platform/org.eclipse.equinox.p2.publisher/1.5.400/org.eclipse.equinox.p2.publisher-1.5.400.jar (100 kB at 97 kB/s)
[INFO] Downloaded from central: https://repo.maven.apache.org/maven2/org/eclipse/platform/org.eclipse.equinox.p2.repository/2.4.800/org.eclipse.equinox.p2.repository-2.4.800.jar (142 kB at 116 kB/s)
[INFO] Downloading from central: https://repo.maven.apache.org/maven2/org/apache/axis2/axis2-mar-maven-plugin/1.7.6/axis2-mar-maven-plugin-1.7.6.pom
[INFO] Downloaded from central: https://repo.maven.apache.org/maven2/org/apache/axis2/axis2-mar-maven-plugin/1.7.6/axis2-mar-maven-plugin-1.7.6.pom (4.9 kB at 49 kB/s)
[INFO] Downloading from central: https://repo.maven.apache.org/maven2/org/apache/axis2/axis2/1.7.6/axis2-1.7.6.pom
[INFO] Downloaded from central: https://repo.maven.apache.org/maven2/org/apache/axis2/axis2/1.7.6/axis2-1.7.6.pom (61 kB at 4.7 MB/s)
[INFO] Downloading from central: https://repo.maven.apache.org/maven2/org/apache/maven/maven-archiver/3.0.2/maven-archiver-3.0.2.pom
[INFO] Downloaded from central: https://repo.maven.apache.org/maven2/org/apache/maven/maven-archiver/3.0.2/maven-archiver-3.0.2.pom (4.1 kB at 460 kB/s)
[INFO] Downloading from central: https://repo.maven.apache.org/maven2/org/codehaus/plexus/plexus-archiver/3.1.1/plexus-archiver-3.1.1.pom
[INFO] Downloaded from central: https://repo.maven.apache.org/maven2/org/codehaus/plexus/plexus-archiver/3.1.1/plexus-archiver-3.1.1.pom (5.0 kB at 622 kB/s)
[INFO] Downloading from central: https://repo.maven.apache.org/maven2/org/apache/axis2/axis2-mar-maven-plugin/1.7.6/axis2-mar-maven-plugin-1.7.6.jar
[INFO] Downloading from central: https://repo.maven.apache.org/maven2/org/apache/maven/maven-archiver/3.0.2/maven-archiver-3.0.2.jar
[INFO] Downloading from central: https://repo.maven.apache.org/maven2/org/codehaus/plexus/plexus-archiver/3.1.1/plexus-archiver-3.1.1.jar
[INFO] Downloaded from central: https://repo.maven.apache.org/maven2/org/codehaus/plexus/plexus-archiver/3.1.1/plexus-archiver-3.1.1.jar (178 kB at 9.9 MB/s)
[INFO] Downloaded from central: https://repo.maven.apache.org/maven2/org/apache/maven/maven-archiver/3.0.2/maven-archiver-3.0.2.jar (23 kB at 630 kB/s)
[INFO] Downloaded from central: https://repo.maven.apache.org/maven2/org/apache/axis2/axis2-mar-maven-plugin/1.7.6/axis2-mar-maven-plugin-1.7.6.jar (20 kB at 202 kB/s)
[INFO] Downloading from central: https://repo.maven.apache.org/maven2/org/apache/axis2/axis2-aar-maven-plugin/1.7.6/axis2-aar-maven-plugin-1.7.6.pom
[INFO] Downloaded from central: https://repo.maven.apache.org/maven2/org/apache/axis2/axis2-aar-maven-plugin/1.7.6/axis2-aar-maven-plugin-1.7.6.pom (5.4 kB at 29 kB/s)
[INFO] Downloading from central: https://repo.maven.apache.org/maven2/org/apache/axis2/axis2-aar-maven-plugin/1.7.6/axis2-aar-maven-plugin-1.7.6.jar
[INFO] Downloaded from central: https://repo.maven.apache.org/maven2/org/apache/axis2/axis2-aar-maven-plugin/1.7.6/axis2-aar-maven-plugin-1.7.6.jar (23 kB at 218 kB/s)
[INFO] ------------------------------------------------------------------------
[INFO] Reactor Build Order:
[INFO] 
[INFO] Apache Axis2 - Root                                                [pom]
[INFO] Apache Axis2 - Resource bundle                                     [jar]
[INFO] Apache Axis2 - Kernel                                              [jar]
[INFO] Apache Axis2 - Data Binding                                        [jar]
[INFO] Apache Axis2 - Transport - Local                                [bundle]
[INFO] Apache Axis2 - Addressing                                          [mar]
[INFO] Apache Axis2 - Transport - Base                                 [bundle]
[INFO] Apache Axis2 - Ping                                                [mar]
[INFO] Apache Axis2 - MEX                                                 [mar]
[INFO] axis2-repo-maven-plugin                                   [maven-plugin]
[INFO] Apache Axis2 - Transport - testkit                                 [jar]
[INFO] Apache Axis2 - Transport - HTTP                                    [jar]
[INFO] Apache Axis2 - Code Generation                                     [jar]
[INFO] Apache Axis2 - ADB Codegen                                         [jar]
[INFO] Apache Axis2 - Clustering                                          [jar]
[INFO] Apache Axis2 - SAAJ                                                [jar]
[INFO] Apache Axis2 - Metadata                                            [jar]
[INFO] Apache Axis2 - CORBA                                               [jar]
[INFO] Apache Axis2 - Java2WSDL                                           [jar]
[INFO] Apache Axis2 - Fast Infoset                                        [jar]
[INFO] Apache Axis2 - JAXB-RI Data Binding                                [jar]
[INFO] Apache Axis2 - JAXWS                                               [jar]
[INFO] Apache Axis2 - JAXWS (mar)                                         [mar]
[INFO] Apache Axis2 - JiBX Codegen                                        [jar]
[INFO] Apache Axis2 - Test Utilities                                      [jar]
[INFO] systests                                                           [pom]
[INFO] echo                                                               [aar]
[INFO] Apache Axis2 - Schema Validation Module                            [mar]
[INFO] Apache Axis2 - JiBX Data Binding                                   [jar]
[INFO] Apache Axis2 - JSON                                                [jar]
[INFO] Apache Axis2 - MTOM Policy                                         [jar]
[INFO] Apache Axis2 - MTOM Policy module                                  [mar]
[INFO] Apache Axis2 - OSGi Integration                                 [bundle]
[INFO] Apache Axis2 - Scripting                                           [mar]
[INFO] Apache Axis2 - SOAP Monitor Servlet                                [jar]
[INFO] Apache Axis2 - SOAP Monitor Module                                 [mar]
[INFO] Apache Axis2 - spring                                              [jar]
[INFO] Apache Axis2 - XMLBeans Codegen                                    [jar]
[INFO] Apache Axis2 - XMLBeans Data Binding                               [jar]
[INFO] Apache Axis2 - Version Service                                     [aar]
[INFO] Apache Axis2 - Transport - HTTP - Commons HttpClient 3.x           [jar]
[INFO] Apache Axis2 - Transport - JMS                                  [bundle]
[INFO] Apache Axis2 - Transport - Mail                                 [bundle]
[INFO] Apache Axis2 - Transport - TCP                                  [bundle]
[INFO] Apache Axis2 - Transport - UDP                                  [bundle]
[INFO] Apache Axis2 - Transport - XMPP                                 [bundle]
[INFO] Apache Axis2 - Web Application module                              [war]
[INFO] Apache Axis2 - tool - AAR Maven Plugin                    [maven-plugin]
[INFO] Apache Axis2 - tool - Ant Plugin                                   [jar]
[INFO] Apache Axis2 - tool - Eclipse Codegen Plugin                    [bundle]
[INFO] Apache Axis2 - tool - Eclipse service Plugin                    [bundle]
[INFO] Apache Axis2 - tool - Intellij IDEA Plugin                         [jar]
[INFO] Apache Axis2 - tool - Java2WSDL Maven Plugin              [maven-plugin]
[INFO] Apache Axis2 - tool - MAR Maven Plugin                    [maven-plugin]
[INFO] maven-shared                                                       [jar]
[INFO] Apache Axis2 - tool - WSDL2Code Maven Plugin              [maven-plugin]
[INFO] axis2-xsd2java-maven-plugin                               [maven-plugin]
[INFO] Apache Axis2 Simple HTTP server Maven Plugin              [maven-plugin]
[INFO] Javadoc                                                            [pom]
[INFO] Apache Axis2 - ADB Tests                                           [jar]
[INFO] SOAP12TestModuleB                                                  [mar]
[INFO] SOAP12TestModuleC                                                  [mar]
[INFO] SOAP12TestServiceB                                                 [aar]
[INFO] SOAP12TestServiceC                                                 [aar]
[INFO] Apache Axis2 - Integration                                         [jar]
[INFO] Axis2 quickstart archetype                             [maven-archetype]
[INFO] Axis2 quickstart-web archetype                         [maven-archetype]
[INFO] Apache Axis2 - JAXWS Integration Tests                             [jar]
[INFO] Apache Axis2 - OSGi Tests                                          [jar]
[INFO] Apache Axis2 - Distribution                                        [pom]
[INFO] Samples parent POM                                                 [pom]
[INFO] JAXWS - Starting from Java Example                                 [war]
[INFO] JAXWS Addressbook Service                                          [jar]
[INFO] JAXWS Calculator Service                                           [jar]
[INFO] JAXWS Interop Sample                                               [jar]
[INFO] JAXWS Samples - Echo, Ping, MTOM                                   [war]
[INFO] Apache Axis2 -JAXWS Version Service                                [jar]
[INFO] Apache Axis2 Transport-HTTPS sample                                [pom]
[INFO] httpsService                                                       [war]
[INFO] httpsClient                                                        [jar]
[INFO] Apache Axis2 Transport-JMS sample                                  [pom]
[INFO] jmsService                                                         [jar]
[INFO] databinding-tests                                                  [pom]
[INFO] jaxbri-tests                                                       [jar]
[INFO] webapp-tests                                                       [jar]
[INFO] 
[INFO] -----------------------< org.apache.axis2:axis2 >-----------------------
[INFO] Building Apache Axis2 - Root 1.8.0-SNAPSHOT                       [1/85]
[INFO] --------------------------------[ pom ]---------------------------------
[INFO] Downloading from central: https://repo.maven.apache.org/maven2/com/github/veithen/maven/hermetic-maven-plugin/0.5.3/hermetic-maven-plugin-0.5.3.pom
[INFO] Downloaded from central: https://repo.maven.apache.org/maven2/com/github/veithen/maven/hermetic-maven-plugin/0.5.3/hermetic-maven-plugin-0.5.3.pom (7.1 kB at 31 kB/s)
[INFO] Downloading from central: https://repo.maven.apache.org/maven2/com/github/veithen/maven/hermetic-maven-plugin/0.5.3/hermetic-maven-plugin-0.5.3.jar
[INFO] Downloaded from central: https://repo.maven.apache.org/maven2/com/github/veithen/maven/hermetic-maven-plugin/0.5.3/hermetic-maven-plugin-0.5.3.jar (18 kB at 105 kB/s)
[INFO] Downloading from central: https://repo.maven.apache.org/maven2/com/github/veithen/maven/jacoco-report-maven-plugin/0.2.0/jacoco-report-maven-plugin-0.2.0.pom
[INFO] Downloaded from central: https://repo.maven.apache.org/maven2/com/github/veithen/maven/jacoco-report-maven-plugin/0.2.0/jacoco-report-maven-plugin-0.2.0.pom (13 kB at 82 kB/s)
[INFO] Downloading from central: https://repo.maven.apache.org/maven2/com/github/veithen/parent/21/parent-21.pom
[INFO] Downloaded from central: https://repo.maven.apache.org/maven2/com/github/veithen/parent/21/parent-21.pom (35 kB at 218 kB/s)
[INFO] Downloading from central: https://repo.maven.apache.org/maven2/com/github/veithen/maven/jacoco-report-maven-plugin/0.2.0/jacoco-report-maven-plugin-0.2.0.jar
[INFO] Downloaded from central: https://repo.maven.apache.org/maven2/com/github/veithen/maven/jacoco-report-maven-plugin/0.2.0/jacoco-report-maven-plugin-0.2.0.jar (41 kB at 174 kB/s)
[INFO] Downloading from central: https://repo.maven.apache.org/maven2/com/github/veithen/maven/eclipse-settings-maven-plugin/0.2.0/eclipse-settings-maven-plugin-0.2.0.pom
[INFO] Downloaded from central: https://repo.maven.apache.org/maven2/com/github/veithen/maven/eclipse-settings-maven-plugin/0.2.0/eclipse-settings-maven-plugin-0.2.0.pom (4.1 kB at 41 kB/s)
[INFO] Downloading from central: https://repo.maven.apache.org/maven2/com/github/veithen/parent/22/parent-22.pom
[INFO] Downloaded from central: https://repo.maven.apache.org/maven2/com/github/veithen/parent/22/parent-22.pom (34 kB at 175 kB/s)
[INFO] Downloading from central: https://repo.maven.apache.org/maven2/com/github/veithen/maven/eclipse-settings-maven-plugin/0.2.0/eclipse-settings-maven-plugin-0.2.0.jar
[INFO] Downloaded from central: https://repo.maven.apache.org/maven2/com/github/veithen/maven/eclipse-settings-maven-plugin/0.2.0/eclipse-settings-maven-plugin-0.2.0.jar (14 kB at 143 kB/s)
[INFO] 
[INFO] --- maven-clean-plugin:3.1.0:clean (default-clean) @ axis2 ---
[INFO] 
[INFO] --- maven-enforcer-plugin:3.0.0-M3:enforce (enforce-maven-version) @ axis2 ---
[INFO] 
[INFO] --- maven-enforcer-plugin:3.0.0-M3:enforce (default) @ axis2 ---
[INFO] 
[INFO] --- jacoco-maven-plugin:0.8.6:prepare-agent (prepare-agent) @ axis2 ---
[INFO] argLine set to -javaagent:/home/gabsko/.m2/repository/org/jacoco/org.jacoco.agent/0.8.6/org.jacoco.agent-0.8.6-runtime.jar=destfile=/home/gabsko/breaking-updates/target/jacoco.exec,includes=org.apache.axis2.*
[INFO] 
[INFO] --- gmavenplus-plugin:1.12.1:execute (create-tmp-directory) @ axis2 ---
[INFO] Using plugin classloader, includes GMavenPlus and project classpath.
[INFO] Using Groovy 3.0.7 to perform execute.
[INFO] 
[INFO] --- eclipse-settings-maven-plugin:0.2.0:apply (default) @ axis2 ---
[INFO] Applying settings for bundle org.eclipse.jdt.core
[INFO] Applying settings for bundle org.eclipse.jdt.ui
[INFO] 
[INFO] --- maven-remote-resources-plugin:1.7.0:process (process-resource-bundles) @ axis2 ---
[INFO] Preparing remote bundle org.apache:apache-jar-resource-bundle:1.4
[INFO] Copying 3 resources from 1 bundle.
[INFO] 
[INFO] ---------------< org.apache.axis2:axis2-resource-bundle >---------------
[INFO] Building Apache Axis2 - Resource bundle 1.8.0-SNAPSHOT            [2/85]
[INFO] --------------------------------[ jar ]---------------------------------
[INFO] 
[INFO] --- maven-clean-plugin:3.1.0:clean (default-clean) @ axis2-resource-bundle ---
[INFO] 
[INFO] --- maven-enforcer-plugin:3.0.0-M3:enforce (enforce-maven-version) @ axis2-resource-bundle ---
[INFO] 
[INFO] --- maven-enforcer-plugin:3.0.0-M3:enforce (default) @ axis2-resource-bundle ---
[INFO] 
[INFO] --- jacoco-maven-plugin:0.8.6:prepare-agent (prepare-agent) @ axis2-resource-bundle ---
[INFO] argLine set to -javaagent:/home/gabsko/.m2/repository/org/jacoco/org.jacoco.agent/0.8.6/org.jacoco.agent-0.8.6-runtime.jar=destfile=/home/gabsko/breaking-updates/modules/resource-bundle/target/jacoco.exec,includes=org.apache.axis2.*
[INFO] 
[INFO] --- gmavenplus-plugin:1.12.1:execute (create-tmp-directory) @ axis2-resource-bundle ---
[INFO] Using plugin classloader, includes GMavenPlus and project classpath.
[INFO] Using Groovy 3.0.7 to perform execute.
[INFO] 
[INFO] --- eclipse-settings-maven-plugin:0.2.0:apply (default) @ axis2-resource-bundle ---
[INFO] Applying settings for bundle org.eclipse.jdt.core
[INFO] Applying settings for bundle org.eclipse.jdt.ui
[INFO] 
[INFO] --- maven-remote-resources-plugin:1.7.0:process (process-resource-bundles) @ axis2-resource-bundle ---
[INFO] Preparing remote bundle org.apache:apache-jar-resource-bundle:1.4
[INFO] Copying 3 resources from 1 bundle.
[INFO] 
[INFO] --- maven-remote-resources-plugin:1.7.0:bundle (default) @ axis2-resource-bundle ---
[INFO] Writing META-INF/maven/remote-resources.xml descriptor with 2 entries
[INFO] 
[INFO] --- maven-resources-plugin:3.2.0:resources (default-resources) @ axis2-resource-bundle ---
[INFO] Using 'UTF-8' encoding to copy filtered resources.
[INFO] Using 'UTF-8' encoding to copy filtered properties files.
[INFO] Copying 2 resources
[INFO] Copying 3 resources
[INFO] 
[INFO] --- maven-compiler-plugin:3.8.1:compile (default-compile) @ axis2-resource-bundle ---
[INFO] No sources to compile
[INFO] 
[INFO] -------------------< org.apache.axis2:axis2-kernel >--------------------
[INFO] Building Apache Axis2 - Kernel 1.8.0-SNAPSHOT                     [3/85]
[INFO] --------------------------------[ jar ]---------------------------------
[INFO] Downloading from apache.snapshots: https://repository.apache.org/snapshots/org/apache/ws/commons/axiom/axiom-api/1.3.0-SNAPSHOT/maven-metadata.xml
[INFO] Downloading from apache.snapshots: https://repository.apache.org/snapshots/org/apache/ws/commons/axiom/axiom-api/1.3.0-SNAPSHOT/axiom-api-1.3.0-SNAPSHOT.pom
[WARNING] The POM for org.apache.ws.commons.axiom:axiom-api:jar:1.3.0-SNAPSHOT is missing, no dependency information available
[INFO] Downloading from apache.snapshots: https://repository.apache.org/snapshots/org/apache/ws/commons/axiom/axiom-impl/1.3.0-SNAPSHOT/maven-metadata.xml
[INFO] Downloading from apache.snapshots: https://repository.apache.org/snapshots/org/apache/ws/commons/axiom/axiom-impl/1.3.0-SNAPSHOT/axiom-impl-1.3.0-SNAPSHOT.pom
[WARNING] The POM for org.apache.ws.commons.axiom:axiom-impl:jar:1.3.0-SNAPSHOT is missing, no dependency information available
[INFO] Downloading from apache.snapshots: https://repository.apache.org/snapshots/org/apache/neethi/neethi/3.1.2-SNAPSHOT/maven-metadata.xml
[INFO] Downloaded from apache.snapshots: https://repository.apache.org/snapshots/org/apache/neethi/neethi/3.1.2-SNAPSHOT/maven-metadata.xml (1.6 kB at 17 kB/s)
[INFO] Downloading from apache.snapshots: https://repository.apache.org/snapshots/org/apache/neethi/neethi/3.1.2-SNAPSHOT/neethi-3.1.2-20191106.171610-12.pom
[INFO] Downloaded from apache.snapshots: https://repository.apache.org/snapshots/org/apache/neethi/neethi/3.1.2-SNAPSHOT/neethi-3.1.2-20191106.171610-12.pom (13 kB at 185 kB/s)
[INFO] Downloading from apache.snapshots: https://repository.apache.org/snapshots/org/apache/woden/woden-core/1.0M11-SNAPSHOT/maven-metadata.xml
[INFO] Downloaded from apache.snapshots: https://repository.apache.org/snapshots/org/apache/woden/woden-core/1.0M11-SNAPSHOT/maven-metadata.xml (1.2 kB at 3.3 kB/s)
[INFO] Downloading from apache.snapshots: https://repository.apache.org/snapshots/org/apache/woden/woden-core/1.0M11-SNAPSHOT/woden-core-1.0M11-20191101.173850-102.pom
[INFO] Downloaded from apache.snapshots: https://repository.apache.org/snapshots/org/apache/woden/woden-core/1.0M11-SNAPSHOT/woden-core-1.0M11-20191101.173850-102.pom (4.4 kB at 28 kB/s)
[INFO] Downloading from apache.snapshots: https://repository.apache.org/snapshots/org/apache/woden/woden/1.0M11-SNAPSHOT/maven-metadata.xml
[INFO] Downloaded from apache.snapshots: https://repository.apache.org/snapshots/org/apache/woden/woden/1.0M11-SNAPSHOT/maven-metadata.xml (818 B at 2.6 kB/s)
[INFO] Downloading from apache.snapshots: https://repository.apache.org/snapshots/org/apache/woden/woden/1.0M11-SNAPSHOT/woden-1.0M11-20191101.173723-104.pom
[INFO] Downloaded from apache.snapshots: https://repository.apache.org/snapshots/org/apache/woden/woden/1.0M11-SNAPSHOT/woden-1.0M11-20191101.173723-104.pom (11 kB at 89 kB/s)
[INFO] Downloading from central: https://repo.maven.apache.org/maven2/org/apache/ws/ws-parent/1/ws-parent-1.pom
[INFO] Downloaded from central: https://repo.maven.apache.org/maven2/org/apache/ws/ws-parent/1/ws-parent-1.pom (4.5 kB at 502 kB/s)
[INFO] Downloading from apache.snapshots: https://repository.apache.org/snapshots/org/apache/ws/commons/axiom/axiom-truth/1.3.0-SNAPSHOT/maven-metadata.xml
[INFO] Downloading from apache.snapshots: https://repository.apache.org/snapshots/org/apache/ws/commons/axiom/axiom-truth/1.3.0-SNAPSHOT/axiom-truth-1.3.0-SNAPSHOT.pom
[WARNING] The POM for org.apache.ws.commons.axiom:axiom-truth:jar:1.3.0-SNAPSHOT is missing, no dependency information available
[INFO] Downloading from apache.snapshots: https://repository.apache.org/snapshots/org/apache/ws/commons/axiom/axiom-api/1.3.0-SNAPSHOT/axiom-api-1.3.0-SNAPSHOT.jar
[INFO] Downloading from apache.snapshots: https://repository.apache.org/snapshots/org/apache/ws/commons/axiom/axiom-impl/1.3.0-SNAPSHOT/axiom-impl-1.3.0-SNAPSHOT.jar
[INFO] Downloading from apache.snapshots: https://repository.apache.org/snapshots/org/apache/neethi/neethi/3.1.2-SNAPSHOT/neethi-3.1.2-20191106.171610-12.jar
[INFO] Downloading from apache.snapshots: https://repository.apache.org/snapshots/org/apache/woden/woden-core/1.0M11-SNAPSHOT/woden-core-1.0M11-20191101.173850-102.jar
[INFO] Downloading from apache.snapshots: https://repository.apache.org/snapshots/org/apache/ws/commons/axiom/axiom-truth/1.3.0-SNAPSHOT/axiom-truth-1.3.0-SNAPSHOT.jar
[INFO] Downloaded from apache.snapshots: https://repository.apache.org/snapshots/org/apache/neethi/neethi/3.1.2-SNAPSHOT/neethi-3.1.2-20191106.171610-12.jar (75 kB at 270 kB/s)
[INFO] Downloaded from apache.snapshots: https://repository.apache.org/snapshots/org/apache/woden/woden-core/1.0M11-SNAPSHOT/woden-core-1.0M11-20191101.173850-102.jar (375 kB at 1.1 MB/s)
[INFO] ------------------------------------------------------------------------
[INFO] Reactor Summary for Apache Axis2 - Root 1.8.0-SNAPSHOT:
[INFO] 
[INFO] Apache Axis2 - Root ................................ SUCCESS [  2.925 s]
[INFO] Apache Axis2 - Resource bundle ..................... SUCCESS [  0.289 s]
[INFO] Apache Axis2 - Kernel .............................. FAILURE [  1.936 s]
[INFO] Apache Axis2 - Data Binding ........................ SKIPPED
[INFO] Apache Axis2 - Transport - Local ................... SKIPPED
[INFO] Apache Axis2 - Addressing .......................... SKIPPED
[INFO] Apache Axis2 - Transport - Base .................... SKIPPED
[INFO] Apache Axis2 - Ping ................................ SKIPPED
[INFO] Apache Axis2 - MEX ................................. SKIPPED
[INFO] axis2-repo-maven-plugin ............................ SKIPPED
[INFO] Apache Axis2 - Transport - testkit ................. SKIPPED
[INFO] Apache Axis2 - Transport - HTTP .................... SKIPPED
[INFO] Apache Axis2 - Code Generation ..................... SKIPPED
[INFO] Apache Axis2 - ADB Codegen ......................... SKIPPED
[INFO] Apache Axis2 - Clustering .......................... SKIPPED
[INFO] Apache Axis2 - SAAJ ................................ SKIPPED
[INFO] Apache Axis2 - Metadata ............................ SKIPPED
[INFO] Apache Axis2 - CORBA ............................... SKIPPED
[INFO] Apache Axis2 - Java2WSDL ........................... SKIPPED
[INFO] Apache Axis2 - Fast Infoset ........................ SKIPPED
[INFO] Apache Axis2 - JAXB-RI Data Binding ................ SKIPPED
[INFO] Apache Axis2 - JAXWS ............................... SKIPPED
[INFO] Apache Axis2 - JAXWS (mar) ......................... SKIPPED
[INFO] Apache Axis2 - JiBX Codegen ........................ SKIPPED
[INFO] Apache Axis2 - Test Utilities ...................... SKIPPED
[INFO] systests ........................................... SKIPPED
[INFO] echo ............................................... SKIPPED
[INFO] Apache Axis2 - Schema Validation Module ............ SKIPPED
[INFO] Apache Axis2 - JiBX Data Binding ................... SKIPPED
[INFO] Apache Axis2 - JSON ................................ SKIPPED
[INFO] Apache Axis2 - MTOM Policy ......................... SKIPPED
[INFO] Apache Axis2 - MTOM Policy module .................. SKIPPED
[INFO] Apache Axis2 - OSGi Integration .................... SKIPPED
[INFO] Apache Axis2 - Scripting ........................... SKIPPED
[INFO] Apache Axis2 - SOAP Monitor Servlet ................ SKIPPED
[INFO] Apache Axis2 - SOAP Monitor Module ................. SKIPPED
[INFO] Apache Axis2 - spring .............................. SKIPPED
[INFO] Apache Axis2 - XMLBeans Codegen .................... SKIPPED
[INFO] Apache Axis2 - XMLBeans Data Binding ............... SKIPPED
[INFO] Apache Axis2 - Version Service ..................... SKIPPED
[INFO] Apache Axis2 - Transport - HTTP - Commons HttpClient 3.x SKIPPED
[INFO] Apache Axis2 - Transport - JMS ..................... SKIPPED
[INFO] Apache Axis2 - Transport - Mail .................... SKIPPED
[INFO] Apache Axis2 - Transport - TCP ..................... SKIPPED
[INFO] Apache Axis2 - Transport - UDP ..................... SKIPPED
[INFO] Apache Axis2 - Transport - XMPP .................... SKIPPED
[INFO] Apache Axis2 - Web Application module .............. SKIPPED
[INFO] Apache Axis2 - tool - AAR Maven Plugin ............. SKIPPED
[INFO] Apache Axis2 - tool - Ant Plugin ................... SKIPPED
[INFO] Apache Axis2 - tool - Eclipse Codegen Plugin ....... SKIPPED
[INFO] Apache Axis2 - tool - Eclipse service Plugin ....... SKIPPED
[INFO] Apache Axis2 - tool - Intellij IDEA Plugin ......... SKIPPED
[INFO] Apache Axis2 - tool - Java2WSDL Maven Plugin ....... SKIPPED
[INFO] Apache Axis2 - tool - MAR Maven Plugin ............. SKIPPED
[INFO] maven-shared ....................................... SKIPPED
[INFO] Apache Axis2 - tool - WSDL2Code Maven Plugin ....... SKIPPED
[INFO] axis2-xsd2java-maven-plugin ........................ SKIPPED
[INFO] Apache Axis2 Simple HTTP server Maven Plugin ....... SKIPPED
[INFO] Javadoc ............................................ SKIPPED
[INFO] Apache Axis2 - ADB Tests ........................... SKIPPED
[INFO] SOAP12TestModuleB .................................. SKIPPED
[INFO] SOAP12TestModuleC .................................. SKIPPED
[INFO] SOAP12TestServiceB ................................. SKIPPED
[INFO] SOAP12TestServiceC ................................. SKIPPED
[INFO] Apache Axis2 - Integration ......................... SKIPPED
[INFO] Axis2 quickstart archetype ......................... SKIPPED
[INFO] Axis2 quickstart-web archetype ..................... SKIPPED
[INFO] Apache Axis2 - JAXWS Integration Tests ............. SKIPPED
[INFO] Apache Axis2 - OSGi Tests .......................... SKIPPED
[INFO] Apache Axis2 - Distribution ........................ SKIPPED
[INFO] Samples parent POM ................................. SKIPPED
[INFO] JAXWS - Starting from Java Example ................. SKIPPED
[INFO] JAXWS Addressbook Service .......................... SKIPPED
[INFO] JAXWS Calculator Service ........................... SKIPPED
[INFO] JAXWS Interop Sample ............................... SKIPPED
[INFO] JAXWS Samples - Echo, Ping, MTOM ................... SKIPPED
[INFO] Apache Axis2 -JAXWS Version Service ................ SKIPPED
[INFO] Apache Axis2 Transport-HTTPS sample ................ SKIPPED
[INFO] httpsService ....................................... SKIPPED
[INFO] httpsClient ........................................ SKIPPED
[INFO] Apache Axis2 Transport-JMS sample .................. SKIPPED
[INFO] jmsService ......................................... SKIPPED
[INFO] databinding-tests .................................. SKIPPED
[INFO] jaxbri-tests ....................................... SKIPPED
[INFO] webapp-tests ....................................... SKIPPED
[INFO] ------------------------------------------------------------------------
[INFO] BUILD FAILURE
[INFO] ------------------------------------------------------------------------
[INFO] Total time:  11.185 s
[INFO] Finished at: 2023-02-01T11:37:32Z
[INFO] ------------------------------------------------------------------------
[ERROR] Failed to execute goal on project axis2-kernel: Could not resolve dependencies for project org.apache.axis2:axis2-kernel:jar:1.8.0-SNAPSHOT: The following artifacts could not be resolved: org.apache.ws.commons.axiom:axiom-api:jar:1.3.0-SNAPSHOT, org.apache.ws.commons.axiom:axiom-impl:jar:1.3.0-SNAPSHOT, org.apache.ws.commons.axiom:axiom-truth:jar:1.3.0-SNAPSHOT: Could not find artifact org.apache.ws.commons.axiom:axiom-api:jar:1.3.0-SNAPSHOT in apache.snapshots (https://repository.apache.org/snapshots) -> [Help 1]
[ERROR] 
[ERROR] To see the full stack trace of the errors, re-run Maven with the -e switch.
[ERROR] Re-run Maven using the -X switch to enable full debug logging.
[ERROR] 
[ERROR] For more information about the errors and possible solutions, please read the following articles:
[ERROR] [Help 1] http://cwiki.apache.org/confluence/display/MAVEN/DependencyResolutionException
[ERROR] 
[ERROR] After correcting the problems, you can resume the build with the command
[ERROR]   mvn <args> -rf :axis2-kernel
