[INFO] Scanning for projects...
[INFO] Downloading from dgc-github: https://maven.pkg.github.com/eu-digital-green-certificates/*/com/sap/cloud/sdk/sdk-bom/3.57.0/sdk-bom-3.57.0.pom
[INFO] Downloading from ehd-github: https://maven.pkg.github.com/ehn-dcc-development/*/com/sap/cloud/sdk/sdk-bom/3.57.0/sdk-bom-3.57.0.pom
[INFO] Downloading from central: https://repo.maven.apache.org/maven2/com/sap/cloud/sdk/sdk-bom/3.57.0/sdk-bom-3.57.0.pom
[INFO] Downloaded from central: https://repo.maven.apache.org/maven2/com/sap/cloud/sdk/sdk-bom/3.57.0/sdk-bom-3.57.0.pom (52 kB at 253 kB/s)
[INFO] Downloading from dgc-github: https://maven.pkg.github.com/eu-digital-green-certificates/*/com/sap/cloud/sdk/sdk-modules-bom/3.57.0/sdk-modules-bom-3.57.0.pom
[INFO] Downloading from ehd-github: https://maven.pkg.github.com/ehn-dcc-development/*/com/sap/cloud/sdk/sdk-modules-bom/3.57.0/sdk-modules-bom-3.57.0.pom
[INFO] Downloading from central: https://repo.maven.apache.org/maven2/com/sap/cloud/sdk/sdk-modules-bom/3.57.0/sdk-modules-bom-3.57.0.pom
[INFO] Downloaded from central: https://repo.maven.apache.org/maven2/com/sap/cloud/sdk/sdk-modules-bom/3.57.0/sdk-modules-bom-3.57.0.pom (25 kB at 131 kB/s)
[INFO] 
[INFO] --------------< eu.europa.ec.dgc:dgca-validation-service >--------------
[INFO] Building dgca-validation-service 0.0.1-SNAPSHOT
[INFO] --------------------------------[ jar ]---------------------------------
[INFO] Downloading from dgc-github: https://maven.pkg.github.com/eu-digital-green-certificates/*/eu/europa/ec/dgc/dgc-lib/1.1.7/dgc-lib-1.1.7.pom
[INFO] Downloading from ehd-github: https://maven.pkg.github.com/ehn-dcc-development/*/eu/europa/ec/dgc/dgc-lib/1.1.7/dgc-lib-1.1.7.pom
[INFO] Downloading from central: https://repo.maven.apache.org/maven2/eu/europa/ec/dgc/dgc-lib/1.1.7/dgc-lib-1.1.7.pom
[INFO] Downloading from dgc-github: https://maven.pkg.github.com/eu-digital-green-certificates/*/net/javacrumbs/shedlock/shedlock-provider-jdbc-template/4.30.0/shedlock-provider-jdbc-template-4.30.0.pom
[INFO] Downloading from ehd-github: https://maven.pkg.github.com/ehn-dcc-development/*/net/javacrumbs/shedlock/shedlock-provider-jdbc-template/4.30.0/shedlock-provider-jdbc-template-4.30.0.pom
[INFO] Downloading from central: https://repo.maven.apache.org/maven2/net/javacrumbs/shedlock/shedlock-provider-jdbc-template/4.30.0/shedlock-provider-jdbc-template-4.30.0.pom
[INFO] Downloaded from central: https://repo.maven.apache.org/maven2/net/javacrumbs/shedlock/shedlock-provider-jdbc-template/4.30.0/shedlock-provider-jdbc-template-4.30.0.pom (2.1 kB at 259 kB/s)
[INFO] Downloading from dgc-github: https://maven.pkg.github.com/eu-digital-green-certificates/*/net/javacrumbs/shedlock/shedlock-parent/4.30.0/shedlock-parent-4.30.0.pom
[INFO] Downloading from ehd-github: https://maven.pkg.github.com/ehn-dcc-development/*/net/javacrumbs/shedlock/shedlock-parent/4.30.0/shedlock-parent-4.30.0.pom
[INFO] Downloading from central: https://repo.maven.apache.org/maven2/net/javacrumbs/shedlock/shedlock-parent/4.30.0/shedlock-parent-4.30.0.pom
[INFO] Downloaded from central: https://repo.maven.apache.org/maven2/net/javacrumbs/shedlock/shedlock-parent/4.30.0/shedlock-parent-4.30.0.pom (12 kB at 1.5 MB/s)
[INFO] Downloading from dgc-github: https://maven.pkg.github.com/eu-digital-green-certificates/*/net/javacrumbs/shedlock/shedlock-core/4.30.0/shedlock-core-4.30.0.pom
[INFO] Downloading from ehd-github: https://maven.pkg.github.com/ehn-dcc-development/*/net/javacrumbs/shedlock/shedlock-core/4.30.0/shedlock-core-4.30.0.pom
[INFO] Downloading from central: https://repo.maven.apache.org/maven2/net/javacrumbs/shedlock/shedlock-core/4.30.0/shedlock-core-4.30.0.pom
[INFO] Downloaded from central: https://repo.maven.apache.org/maven2/net/javacrumbs/shedlock/shedlock-core/4.30.0/shedlock-core-4.30.0.pom (1.7 kB at 139 kB/s)
[INFO] Downloading from dgc-github: https://maven.pkg.github.com/eu-digital-green-certificates/*/net/javacrumbs/shedlock/shedlock-spring/4.30.0/shedlock-spring-4.30.0.pom
[INFO] Downloading from ehd-github: https://maven.pkg.github.com/ehn-dcc-development/*/net/javacrumbs/shedlock/shedlock-spring/4.30.0/shedlock-spring-4.30.0.pom
[INFO] Downloading from central: https://repo.maven.apache.org/maven2/net/javacrumbs/shedlock/shedlock-spring/4.30.0/shedlock-spring-4.30.0.pom
[INFO] Downloaded from central: https://repo.maven.apache.org/maven2/net/javacrumbs/shedlock/shedlock-spring/4.30.0/shedlock-spring-4.30.0.pom (2.2 kB at 278 kB/s)
[INFO] Downloading from dgc-github: https://maven.pkg.github.com/eu-digital-green-certificates/*/eu/europa/ec/dgc/dgc-certlogic/0.0.0-3834d93/dgc-certlogic-0.0.0-3834d93.pom
[INFO] Downloading from ehd-github: https://maven.pkg.github.com/ehn-dcc-development/*/eu/europa/ec/dgc/dgc-certlogic/0.0.0-3834d93/dgc-certlogic-0.0.0-3834d93.pom
[INFO] Downloading from central: https://repo.maven.apache.org/maven2/eu/europa/ec/dgc/dgc-certlogic/0.0.0-3834d93/dgc-certlogic-0.0.0-3834d93.pom
[INFO] Downloading from dgc-github: https://maven.pkg.github.com/eu-digital-green-certificates/*/eu/europa/ec/dgc/dgc-decoder/0.1/dgc-decoder-0.1.pom
[INFO] Downloading from ehd-github: https://maven.pkg.github.com/ehn-dcc-development/*/eu/europa/ec/dgc/dgc-decoder/0.1/dgc-decoder-0.1.pom
[INFO] Downloading from central: https://repo.maven.apache.org/maven2/eu/europa/ec/dgc/dgc-decoder/0.1/dgc-decoder-0.1.pom
[INFO] Downloading from dgc-github: https://maven.pkg.github.com/eu-digital-green-certificates/*/com/sap/cloud/sdk/cloudplatform/scp-cf/3.57.0/scp-cf-3.57.0.pom
[INFO] Downloading from ehd-github: https://maven.pkg.github.com/ehn-dcc-development/*/com/sap/cloud/sdk/cloudplatform/scp-cf/3.57.0/scp-cf-3.57.0.pom
[INFO] Downloading from central: https://repo.maven.apache.org/maven2/com/sap/cloud/sdk/cloudplatform/scp-cf/3.57.0/scp-cf-3.57.0.pom
[INFO] Downloaded from central: https://repo.maven.apache.org/maven2/com/sap/cloud/sdk/cloudplatform/scp-cf/3.57.0/scp-cf-3.57.0.pom (4.0 kB at 37 kB/s)
[INFO] Downloading from dgc-github: https://maven.pkg.github.com/eu-digital-green-certificates/*/com/sap/cloud/sdk/cloudplatform/cloudplatform-parent/3.57.0/cloudplatform-parent-3.57.0.pom
[INFO] Downloading from ehd-github: https://maven.pkg.github.com/ehn-dcc-development/*/com/sap/cloud/sdk/cloudplatform/cloudplatform-parent/3.57.0/cloudplatform-parent-3.57.0.pom
[INFO] Downloading from central: https://repo.maven.apache.org/maven2/com/sap/cloud/sdk/cloudplatform/cloudplatform-parent/3.57.0/cloudplatform-parent-3.57.0.pom
[INFO] Downloaded from central: https://repo.maven.apache.org/maven2/com/sap/cloud/sdk/cloudplatform/cloudplatform-parent/3.57.0/cloudplatform-parent-3.57.0.pom (2.9 kB at 15 kB/s)
[INFO] Downloading from dgc-github: https://maven.pkg.github.com/eu-digital-green-certificates/*/com/sap/cloud/sdk/sdk-parent/3.57.0/sdk-parent-3.57.0.pom
[INFO] Downloading from ehd-github: https://maven.pkg.github.com/ehn-dcc-development/*/com/sap/cloud/sdk/sdk-parent/3.57.0/sdk-parent-3.57.0.pom
[INFO] Downloading from central: https://repo.maven.apache.org/maven2/com/sap/cloud/sdk/sdk-parent/3.57.0/sdk-parent-3.57.0.pom
[INFO] Downloaded from central: https://repo.maven.apache.org/maven2/com/sap/cloud/sdk/sdk-parent/3.57.0/sdk-parent-3.57.0.pom (51 kB at 194 kB/s)
[INFO] Downloading from dgc-github: https://maven.pkg.github.com/eu-digital-green-certificates/*/com/sap/cloud/sdk/cloudplatform/auditlog-scp-cf/3.57.0/auditlog-scp-cf-3.57.0.pom
[INFO] Downloading from ehd-github: https://maven.pkg.github.com/ehn-dcc-development/*/com/sap/cloud/sdk/cloudplatform/auditlog-scp-cf/3.57.0/auditlog-scp-cf-3.57.0.pom
[INFO] Downloading from central: https://repo.maven.apache.org/maven2/com/sap/cloud/sdk/cloudplatform/auditlog-scp-cf/3.57.0/auditlog-scp-cf-3.57.0.pom
[INFO] Downloaded from central: https://repo.maven.apache.org/maven2/com/sap/cloud/sdk/cloudplatform/auditlog-scp-cf/3.57.0/auditlog-scp-cf-3.57.0.pom (6.0 kB at 59 kB/s)
[INFO] Downloading from dgc-github: https://maven.pkg.github.com/eu-digital-green-certificates/*/com/sap/cloud/sdk/cloudplatform/cloudplatform-core/3.57.0/cloudplatform-core-3.57.0.pom
[INFO] Downloading from ehd-github: https://maven.pkg.github.com/ehn-dcc-development/*/com/sap/cloud/sdk/cloudplatform/cloudplatform-core/3.57.0/cloudplatform-core-3.57.0.pom
[INFO] Downloading from central: https://repo.maven.apache.org/maven2/com/sap/cloud/sdk/cloudplatform/cloudplatform-core/3.57.0/cloudplatform-core-3.57.0.pom
[INFO] Downloaded from central: https://repo.maven.apache.org/maven2/com/sap/cloud/sdk/cloudplatform/cloudplatform-core/3.57.0/cloudplatform-core-3.57.0.pom (4.0 kB at 39 kB/s)
[INFO] Downloading from dgc-github: https://maven.pkg.github.com/eu-digital-green-certificates/*/com/sap/cloud/sdk/cloudplatform/auditlog/3.57.0/auditlog-3.57.0.pom
[INFO] Downloading from ehd-github: https://maven.pkg.github.com/ehn-dcc-development/*/com/sap/cloud/sdk/cloudplatform/auditlog/3.57.0/auditlog-3.57.0.pom
[INFO] Downloading from central: https://repo.maven.apache.org/maven2/com/sap/cloud/sdk/cloudplatform/auditlog/3.57.0/auditlog-3.57.0.pom
[INFO] Downloaded from central: https://repo.maven.apache.org/maven2/com/sap/cloud/sdk/cloudplatform/auditlog/3.57.0/auditlog-3.57.0.pom (4.5 kB at 24 kB/s)
[INFO] Downloading from dgc-github: https://maven.pkg.github.com/eu-digital-green-certificates/*/com/sap/cloud/sdk/cloudplatform/servlet/3.57.0/servlet-3.57.0.pom
[INFO] Downloading from ehd-github: https://maven.pkg.github.com/ehn-dcc-development/*/com/sap/cloud/sdk/cloudplatform/servlet/3.57.0/servlet-3.57.0.pom
[INFO] Downloading from central: https://repo.maven.apache.org/maven2/com/sap/cloud/sdk/cloudplatform/servlet/3.57.0/servlet-3.57.0.pom
[INFO] Downloaded from central: https://repo.maven.apache.org/maven2/com/sap/cloud/sdk/cloudplatform/servlet/3.57.0/servlet-3.57.0.pom (4.5 kB at 46 kB/s)
[INFO] Downloading from dgc-github: https://maven.pkg.github.com/eu-digital-green-certificates/*/com/sap/cloud/sdk/cloudplatform/tenant/3.57.0/tenant-3.57.0.pom
[INFO] Downloading from ehd-github: https://maven.pkg.github.com/ehn-dcc-development/*/com/sap/cloud/sdk/cloudplatform/tenant/3.57.0/tenant-3.57.0.pom
[INFO] Downloading from central: https://repo.maven.apache.org/maven2/com/sap/cloud/sdk/cloudplatform/tenant/3.57.0/tenant-3.57.0.pom
[INFO] Downloaded from central: https://repo.maven.apache.org/maven2/com/sap/cloud/sdk/cloudplatform/tenant/3.57.0/tenant-3.57.0.pom (2.1 kB at 20 kB/s)
[INFO] Downloading from dgc-github: https://maven.pkg.github.com/eu-digital-green-certificates/*/com/sap/cloud/sdk/cloudplatform/security/3.57.0/security-3.57.0.pom
[INFO] Downloading from ehd-github: https://maven.pkg.github.com/ehn-dcc-development/*/com/sap/cloud/sdk/cloudplatform/security/3.57.0/security-3.57.0.pom
[INFO] Downloading from central: https://repo.maven.apache.org/maven2/com/sap/cloud/sdk/cloudplatform/security/3.57.0/security-3.57.0.pom
[INFO] Downloaded from central: https://repo.maven.apache.org/maven2/com/sap/cloud/sdk/cloudplatform/security/3.57.0/security-3.57.0.pom (3.8 kB at 20 kB/s)
[INFO] Downloading from dgc-github: https://maven.pkg.github.com/eu-digital-green-certificates/*/com/sap/cloud/sdk/cloudplatform/caching/3.57.0/caching-3.57.0.pom
[INFO] Downloading from ehd-github: https://maven.pkg.github.com/ehn-dcc-development/*/com/sap/cloud/sdk/cloudplatform/caching/3.57.0/caching-3.57.0.pom
[INFO] Downloading from central: https://repo.maven.apache.org/maven2/com/sap/cloud/sdk/cloudplatform/caching/3.57.0/caching-3.57.0.pom
[INFO] Downloaded from central: https://repo.maven.apache.org/maven2/com/sap/cloud/sdk/cloudplatform/caching/3.57.0/caching-3.57.0.pom (4.3 kB at 23 kB/s)
[INFO] Downloading from dgc-github: https://maven.pkg.github.com/eu-digital-green-certificates/*/com/sap/cloud/sdk/cloudplatform/cloudplatform-core-scp-cf/3.57.0/cloudplatform-core-scp-cf-3.57.0.pom
[INFO] Downloading from ehd-github: https://maven.pkg.github.com/ehn-dcc-development/*/com/sap/cloud/sdk/cloudplatform/cloudplatform-core-scp-cf/3.57.0/cloudplatform-core-scp-cf-3.57.0.pom
[INFO] Downloading from central: https://repo.maven.apache.org/maven2/com/sap/cloud/sdk/cloudplatform/cloudplatform-core-scp-cf/3.57.0/cloudplatform-core-scp-cf-3.57.0.pom
[INFO] Downloaded from central: https://repo.maven.apache.org/maven2/com/sap/cloud/sdk/cloudplatform/cloudplatform-core-scp-cf/3.57.0/cloudplatform-core-scp-cf-3.57.0.pom (4.4 kB at 21 kB/s)
[INFO] Downloading from dgc-github: https://maven.pkg.github.com/eu-digital-green-certificates/*/com/sap/cloud/sdk/cloudplatform/cloudplatform-connectivity-scp-cf/3.57.0/cloudplatform-connectivity-scp-cf-3.57.0.pom
[INFO] Downloading from ehd-github: https://maven.pkg.github.com/ehn-dcc-development/*/com/sap/cloud/sdk/cloudplatform/cloudplatform-connectivity-scp-cf/3.57.0/cloudplatform-connectivity-scp-cf-3.57.0.pom
[INFO] Downloading from central: https://repo.maven.apache.org/maven2/com/sap/cloud/sdk/cloudplatform/cloudplatform-connectivity-scp-cf/3.57.0/cloudplatform-connectivity-scp-cf-3.57.0.pom
[INFO] Downloaded from central: https://repo.maven.apache.org/maven2/com/sap/cloud/sdk/cloudplatform/cloudplatform-connectivity-scp-cf/3.57.0/cloudplatform-connectivity-scp-cf-3.57.0.pom (10 kB at 99 kB/s)
[INFO] Downloading from dgc-github: https://maven.pkg.github.com/eu-digital-green-certificates/*/com/sap/cloud/sdk/cloudplatform/cloudplatform-connectivity/3.57.0/cloudplatform-connectivity-3.57.0.pom
[INFO] Downloading from ehd-github: https://maven.pkg.github.com/ehn-dcc-development/*/com/sap/cloud/sdk/cloudplatform/cloudplatform-connectivity/3.57.0/cloudplatform-connectivity-3.57.0.pom
[INFO] Downloading from central: https://repo.maven.apache.org/maven2/com/sap/cloud/sdk/cloudplatform/cloudplatform-connectivity/3.57.0/cloudplatform-connectivity-3.57.0.pom
[INFO] Downloaded from central: https://repo.maven.apache.org/maven2/com/sap/cloud/sdk/cloudplatform/cloudplatform-connectivity/3.57.0/cloudplatform-connectivity-3.57.0.pom (7.0 kB at 37 kB/s)
[INFO] Downloading from dgc-github: https://maven.pkg.github.com/eu-digital-green-certificates/*/com/sap/cloud/sdk/quality/common/3.57.0/common-3.57.0.pom
[INFO] Downloading from ehd-github: https://maven.pkg.github.com/ehn-dcc-development/*/com/sap/cloud/sdk/quality/common/3.57.0/common-3.57.0.pom
[INFO] Downloading from central: https://repo.maven.apache.org/maven2/com/sap/cloud/sdk/quality/common/3.57.0/common-3.57.0.pom
[INFO] Downloaded from central: https://repo.maven.apache.org/maven2/com/sap/cloud/sdk/quality/common/3.57.0/common-3.57.0.pom (1.7 kB at 8.6 kB/s)
[INFO] Downloading from dgc-github: https://maven.pkg.github.com/eu-digital-green-certificates/*/com/sap/cloud/sdk/quality/quality-parent/3.57.0/quality-parent-3.57.0.pom
[INFO] Downloading from ehd-github: https://maven.pkg.github.com/ehn-dcc-development/*/com/sap/cloud/sdk/quality/quality-parent/3.57.0/quality-parent-3.57.0.pom
[INFO] Downloading from central: https://repo.maven.apache.org/maven2/com/sap/cloud/sdk/quality/quality-parent/3.57.0/quality-parent-3.57.0.pom
[INFO] Downloaded from central: https://repo.maven.apache.org/maven2/com/sap/cloud/sdk/quality/quality-parent/3.57.0/quality-parent-3.57.0.pom (1.7 kB at 8.6 kB/s)
[INFO] Downloading from dgc-github: https://maven.pkg.github.com/eu-digital-green-certificates/*/com/sap/cloud/sdk/cloudplatform/cloudplatform-connectivity-scp/3.57.0/cloudplatform-connectivity-scp-3.57.0.pom
[INFO] Downloading from ehd-github: https://maven.pkg.github.com/ehn-dcc-development/*/com/sap/cloud/sdk/cloudplatform/cloudplatform-connectivity-scp/3.57.0/cloudplatform-connectivity-scp-3.57.0.pom
[INFO] Downloading from central: https://repo.maven.apache.org/maven2/com/sap/cloud/sdk/cloudplatform/cloudplatform-connectivity-scp/3.57.0/cloudplatform-connectivity-scp-3.57.0.pom
[INFO] Downloaded from central: https://repo.maven.apache.org/maven2/com/sap/cloud/sdk/cloudplatform/cloudplatform-connectivity-scp/3.57.0/cloudplatform-connectivity-scp-3.57.0.pom (2.0 kB at 21 kB/s)
[INFO] Downloading from dgc-github: https://maven.pkg.github.com/eu-digital-green-certificates/*/com/sap/cloud/sdk/cloudplatform/resilience/3.57.0/resilience-3.57.0.pom
[INFO] Downloading from ehd-github: https://maven.pkg.github.com/ehn-dcc-development/*/com/sap/cloud/sdk/cloudplatform/resilience/3.57.0/resilience-3.57.0.pom
[INFO] Downloading from central: https://repo.maven.apache.org/maven2/com/sap/cloud/sdk/cloudplatform/resilience/3.57.0/resilience-3.57.0.pom
[INFO] Downloaded from central: https://repo.maven.apache.org/maven2/com/sap/cloud/sdk/cloudplatform/resilience/3.57.0/resilience-3.57.0.pom (4.3 kB at 22 kB/s)
[INFO] Downloading from dgc-github: https://maven.pkg.github.com/eu-digital-green-certificates/*/com/sap/cloud/sdk/frameworks/resilience4j/3.57.0/resilience4j-3.57.0.pom
[INFO] Downloading from ehd-github: https://maven.pkg.github.com/ehn-dcc-development/*/com/sap/cloud/sdk/frameworks/resilience4j/3.57.0/resilience4j-3.57.0.pom
[INFO] Downloading from central: https://repo.maven.apache.org/maven2/com/sap/cloud/sdk/frameworks/resilience4j/3.57.0/resilience4j-3.57.0.pom
[INFO] Downloaded from central: https://repo.maven.apache.org/maven2/com/sap/cloud/sdk/frameworks/resilience4j/3.57.0/resilience4j-3.57.0.pom (6.1 kB at 55 kB/s)
[INFO] Downloading from dgc-github: https://maven.pkg.github.com/eu-digital-green-certificates/*/com/sap/cloud/sdk/frameworks/frameworks-parent/3.57.0/frameworks-parent-3.57.0.pom
[INFO] Downloading from ehd-github: https://maven.pkg.github.com/ehn-dcc-development/*/com/sap/cloud/sdk/frameworks/frameworks-parent/3.57.0/frameworks-parent-3.57.0.pom
[INFO] Downloading from central: https://repo.maven.apache.org/maven2/com/sap/cloud/sdk/frameworks/frameworks-parent/3.57.0/frameworks-parent-3.57.0.pom
[INFO] Downloaded from central: https://repo.maven.apache.org/maven2/com/sap/cloud/sdk/frameworks/frameworks-parent/3.57.0/frameworks-parent-3.57.0.pom (2.1 kB at 11 kB/s)
[INFO] Downloading from dgc-github: https://maven.pkg.github.com/eu-digital-green-certificates/*/io/github/resilience4j/resilience4j-timelimiter/1.7.0/resilience4j-timelimiter-1.7.0.pom
[INFO] Downloading from ehd-github: https://maven.pkg.github.com/ehn-dcc-development/*/io/github/resilience4j/resilience4j-timelimiter/1.7.0/resilience4j-timelimiter-1.7.0.pom
[INFO] Downloading from central: https://repo.maven.apache.org/maven2/io/github/resilience4j/resilience4j-timelimiter/1.7.0/resilience4j-timelimiter-1.7.0.pom
[INFO] Downloaded from central: https://repo.maven.apache.org/maven2/io/github/resilience4j/resilience4j-timelimiter/1.7.0/resilience4j-timelimiter-1.7.0.pom (0 B at 0 B/s)
[INFO] Downloading from dgc-github: https://maven.pkg.github.com/eu-digital-green-certificates/*/io/github/resilience4j/resilience4j-cache/1.7.0/resilience4j-cache-1.7.0.pom
[INFO] Downloading from ehd-github: https://maven.pkg.github.com/ehn-dcc-development/*/io/github/resilience4j/resilience4j-cache/1.7.0/resilience4j-cache-1.7.0.pom
[INFO] Downloading from central: https://repo.maven.apache.org/maven2/io/github/resilience4j/resilience4j-cache/1.7.0/resilience4j-cache-1.7.0.pom
[INFO] Downloaded from central: https://repo.maven.apache.org/maven2/io/github/resilience4j/resilience4j-cache/1.7.0/resilience4j-cache-1.7.0.pom (0 B at 0 B/s)
[INFO] Downloading from dgc-github: https://maven.pkg.github.com/eu-digital-green-certificates/*/com/sap/cloud/sdk/cloudplatform/security-scp-cf/3.57.0/security-scp-cf-3.57.0.pom
[INFO] Downloading from ehd-github: https://maven.pkg.github.com/ehn-dcc-development/*/com/sap/cloud/sdk/cloudplatform/security-scp-cf/3.57.0/security-scp-cf-3.57.0.pom
[INFO] Downloading from central: https://repo.maven.apache.org/maven2/com/sap/cloud/sdk/cloudplatform/security-scp-cf/3.57.0/security-scp-cf-3.57.0.pom
[INFO] Downloaded from central: https://repo.maven.apache.org/maven2/com/sap/cloud/sdk/cloudplatform/security-scp-cf/3.57.0/security-scp-cf-3.57.0.pom (7.5 kB at 70 kB/s)
[INFO] Downloading from dgc-github: https://maven.pkg.github.com/eu-digital-green-certificates/*/com/sap/cloud/security/java-security/2.11.0/java-security-2.11.0.pom
[INFO] Downloading from ehd-github: https://maven.pkg.github.com/ehn-dcc-development/*/com/sap/cloud/security/java-security/2.11.0/java-security-2.11.0.pom
[INFO] Downloading from central: https://repo.maven.apache.org/maven2/com/sap/cloud/security/java-security/2.11.0/java-security-2.11.0.pom
[INFO] Downloaded from central: https://repo.maven.apache.org/maven2/com/sap/cloud/security/java-security/2.11.0/java-security-2.11.0.pom (5.5 kB at 29 kB/s)
[INFO] Downloading from dgc-github: https://maven.pkg.github.com/eu-digital-green-certificates/*/com/sap/cloud/security/xsuaa/parent/2.11.0/parent-2.11.0.pom
[INFO] Downloading from ehd-github: https://maven.pkg.github.com/ehn-dcc-development/*/com/sap/cloud/security/xsuaa/parent/2.11.0/parent-2.11.0.pom
[INFO] Downloading from central: https://repo.maven.apache.org/maven2/com/sap/cloud/security/xsuaa/parent/2.11.0/parent-2.11.0.pom
[INFO] Downloaded from central: https://repo.maven.apache.org/maven2/com/sap/cloud/security/xsuaa/parent/2.11.0/parent-2.11.0.pom (17 kB at 88 kB/s)
[INFO] Downloading from dgc-github: https://maven.pkg.github.com/eu-digital-green-certificates/*/com/sap/cloud/security/java-api/2.11.0/java-api-2.11.0.pom
[INFO] Downloading from ehd-github: https://maven.pkg.github.com/ehn-dcc-development/*/com/sap/cloud/security/java-api/2.11.0/java-api-2.11.0.pom
[INFO] Downloading from central: https://repo.maven.apache.org/maven2/com/sap/cloud/security/java-api/2.11.0/java-api-2.11.0.pom
[INFO] Downloaded from central: https://repo.maven.apache.org/maven2/com/sap/cloud/security/java-api/2.11.0/java-api-2.11.0.pom (3.4 kB at 18 kB/s)
[INFO] Downloading from dgc-github: https://maven.pkg.github.com/eu-digital-green-certificates/*/com/sap/cloud/security/env/2.11.0/env-2.11.0.pom
[INFO] Downloading from ehd-github: https://maven.pkg.github.com/ehn-dcc-development/*/com/sap/cloud/security/env/2.11.0/env-2.11.0.pom
[INFO] Downloading from central: https://repo.maven.apache.org/maven2/com/sap/cloud/security/env/2.11.0/env-2.11.0.pom
[INFO] Downloaded from central: https://repo.maven.apache.org/maven2/com/sap/cloud/security/env/2.11.0/env-2.11.0.pom (5.3 kB at 28 kB/s)
[INFO] Downloading from dgc-github: https://maven.pkg.github.com/eu-digital-green-certificates/*/com/sap/cloud/security/xsuaa/token-client/2.11.0/token-client-2.11.0.pom
[INFO] Downloading from ehd-github: https://maven.pkg.github.com/ehn-dcc-development/*/com/sap/cloud/security/xsuaa/token-client/2.11.0/token-client-2.11.0.pom
[INFO] Downloading from central: https://repo.maven.apache.org/maven2/com/sap/cloud/security/xsuaa/token-client/2.11.0/token-client-2.11.0.pom
[INFO] Downloaded from central: https://repo.maven.apache.org/maven2/com/sap/cloud/security/xsuaa/token-client/2.11.0/token-client-2.11.0.pom (4.3 kB at 23 kB/s)
[INFO] Downloading from dgc-github: https://maven.pkg.github.com/eu-digital-green-certificates/*/com/sap/cloud/security/xsuaa/api/2.11.0/api-2.11.0.pom
[INFO] Downloading from ehd-github: https://maven.pkg.github.com/ehn-dcc-development/*/com/sap/cloud/security/xsuaa/api/2.11.0/api-2.11.0.pom
[INFO] Downloading from central: https://repo.maven.apache.org/maven2/com/sap/cloud/security/xsuaa/api/2.11.0/api-2.11.0.pom
[INFO] Downloaded from central: https://repo.maven.apache.org/maven2/com/sap/cloud/security/xsuaa/api/2.11.0/api-2.11.0.pom (1.2 kB at 11 kB/s)
[INFO] Downloading from dgc-github: https://maven.pkg.github.com/eu-digital-green-certificates/*/com/sap/cloud/sdk/cloudplatform/tenant-scp-cf/3.57.0/tenant-scp-cf-3.57.0.pom
[INFO] Downloading from ehd-github: https://maven.pkg.github.com/ehn-dcc-development/*/com/sap/cloud/sdk/cloudplatform/tenant-scp-cf/3.57.0/tenant-scp-cf-3.57.0.pom
[INFO] Downloading from central: https://repo.maven.apache.org/maven2/com/sap/cloud/sdk/cloudplatform/tenant-scp-cf/3.57.0/tenant-scp-cf-3.57.0.pom
[INFO] Downloaded from central: https://repo.maven.apache.org/maven2/com/sap/cloud/sdk/cloudplatform/tenant-scp-cf/3.57.0/tenant-scp-cf-3.57.0.pom (5.4 kB at 28 kB/s)
[INFO] Downloading from dgc-github: https://maven.pkg.github.com/eu-digital-green-certificates/*/com/sap/cloud/sdk/cloudplatform/metering/3.57.0/metering-3.57.0.pom
[INFO] Downloading from ehd-github: https://maven.pkg.github.com/ehn-dcc-development/*/com/sap/cloud/sdk/cloudplatform/metering/3.57.0/metering-3.57.0.pom
[INFO] Downloading from central: https://repo.maven.apache.org/maven2/com/sap/cloud/sdk/cloudplatform/metering/3.57.0/metering-3.57.0.pom
[INFO] Downloaded from central: https://repo.maven.apache.org/maven2/com/sap/cloud/sdk/cloudplatform/metering/3.57.0/metering-3.57.0.pom (1.4 kB at 7.3 kB/s)
[INFO] Downloading from dgc-github: https://maven.pkg.github.com/eu-digital-green-certificates/*/com/sap/hcp/cf/logging/cf-java-logging-support-logback/3.5.2/cf-java-logging-support-logback-3.5.2.pom
[INFO] Downloading from ehd-github: https://maven.pkg.github.com/ehn-dcc-development/*/com/sap/hcp/cf/logging/cf-java-logging-support-logback/3.5.2/cf-java-logging-support-logback-3.5.2.pom
[INFO] Downloading from central: https://repo.maven.apache.org/maven2/com/sap/hcp/cf/logging/cf-java-logging-support-logback/3.5.2/cf-java-logging-support-logback-3.5.2.pom
[INFO] Downloaded from central: https://repo.maven.apache.org/maven2/com/sap/hcp/cf/logging/cf-java-logging-support-logback/3.5.2/cf-java-logging-support-logback-3.5.2.pom (1.4 kB at 7.1 kB/s)
[INFO] Downloading from dgc-github: https://maven.pkg.github.com/eu-digital-green-certificates/*/com/sap/hcp/cf/logging/cf-java-logging-support-parent/3.5.2/cf-java-logging-support-parent-3.5.2.pom
[INFO] Downloading from ehd-github: https://maven.pkg.github.com/ehn-dcc-development/*/com/sap/hcp/cf/logging/cf-java-logging-support-parent/3.5.2/cf-java-logging-support-parent-3.5.2.pom
[INFO] Downloading from central: https://repo.maven.apache.org/maven2/com/sap/hcp/cf/logging/cf-java-logging-support-parent/3.5.2/cf-java-logging-support-parent-3.5.2.pom
[INFO] Downloaded from central: https://repo.maven.apache.org/maven2/com/sap/hcp/cf/logging/cf-java-logging-support-parent/3.5.2/cf-java-logging-support-parent-3.5.2.pom (14 kB at 139 kB/s)
[INFO] Downloading from dgc-github: https://maven.pkg.github.com/eu-digital-green-certificates/*/com/sap/hcp/cf/logging/cf-java-logging-support-core/3.5.2/cf-java-logging-support-core-3.5.2.pom
[INFO] Downloading from ehd-github: https://maven.pkg.github.com/ehn-dcc-development/*/com/sap/hcp/cf/logging/cf-java-logging-support-core/3.5.2/cf-java-logging-support-core-3.5.2.pom
[INFO] Downloading from central: https://repo.maven.apache.org/maven2/com/sap/hcp/cf/logging/cf-java-logging-support-core/3.5.2/cf-java-logging-support-core-3.5.2.pom
[INFO] Downloaded from central: https://repo.maven.apache.org/maven2/com/sap/hcp/cf/logging/cf-java-logging-support-core/3.5.2/cf-java-logging-support-core-3.5.2.pom (6.9 kB at 35 kB/s)
[INFO] Downloading from dgc-github: https://maven.pkg.github.com/eu-digital-green-certificates/*/com/fasterxml/jackson/jr/jackson-jr-objects/2.13.0/jackson-jr-objects-2.13.0.pom
[INFO] Downloading from ehd-github: https://maven.pkg.github.com/ehn-dcc-development/*/com/fasterxml/jackson/jr/jackson-jr-objects/2.13.0/jackson-jr-objects-2.13.0.pom
[INFO] Downloading from central: https://repo.maven.apache.org/maven2/com/fasterxml/jackson/jr/jackson-jr-objects/2.13.0/jackson-jr-objects-2.13.0.pom
[INFO] Downloaded from central: https://repo.maven.apache.org/maven2/com/fasterxml/jackson/jr/jackson-jr-objects/2.13.0/jackson-jr-objects-2.13.0.pom (4.3 kB at 217 kB/s)
[INFO] Downloading from dgc-github: https://maven.pkg.github.com/eu-digital-green-certificates/*/com/fasterxml/jackson/jr/jackson-jr-parent/2.13.0/jackson-jr-parent-2.13.0.pom
[INFO] Downloading from ehd-github: https://maven.pkg.github.com/ehn-dcc-development/*/com/fasterxml/jackson/jr/jackson-jr-parent/2.13.0/jackson-jr-parent-2.13.0.pom
[INFO] Downloading from central: https://repo.maven.apache.org/maven2/com/fasterxml/jackson/jr/jackson-jr-parent/2.13.0/jackson-jr-parent-2.13.0.pom
[INFO] Downloaded from central: https://repo.maven.apache.org/maven2/com/fasterxml/jackson/jr/jackson-jr-parent/2.13.0/jackson-jr-parent-2.13.0.pom (3.1 kB at 27 kB/s)
[INFO] ------------------------------------------------------------------------
[INFO] BUILD FAILURE
[INFO] ------------------------------------------------------------------------
[INFO] Total time:  19.378 s
[INFO] Finished at: 2023-02-01T18:32:33Z
[INFO] ------------------------------------------------------------------------
[ERROR] Failed to execute goal on project dgca-validation-service: Could not resolve dependencies for project eu.europa.ec.dgc:dgca-validation-service:jar:0.0.1-SNAPSHOT: Failed to collect dependencies at eu.europa.ec.dgc:dgc-lib:jar:1.1.7: Failed to read artifact descriptor for eu.europa.ec.dgc:dgc-lib:jar:1.1.7: Could not transfer artifact eu.europa.ec.dgc:dgc-lib:pom:1.1.7 from/to dgc-github (https://maven.pkg.github.com/eu-digital-green-certificates/*): authentication failed for https://maven.pkg.github.com/eu-digital-green-certificates/*/eu/europa/ec/dgc/dgc-lib/1.1.7/dgc-lib-1.1.7.pom, status: 401 Unauthorized -> [Help 1]
[ERROR] 
[ERROR] To see the full stack trace of the errors, re-run Maven with the -e switch.
[ERROR] Re-run Maven using the -X switch to enable full debug logging.
[ERROR] 
[ERROR] For more information about the errors and possible solutions, please read the following articles:
[ERROR] [Help 1] http://cwiki.apache.org/confluence/display/MAVEN/DependencyResolutionException
