[INFO] Scanning for projects...
[INFO] 
[INFO] --------------------------< org.isf:OH-core >---------------------------
[INFO] Building OpenHospital-core 1.10
[INFO] --------------------------------[ jar ]---------------------------------
[INFO] Downloading from lib: file:/home/gabsko/breaking-updates/repo/com/lowagie/itext/2.1.7.js8/itext-2.1.7.js8.pom
[INFO] Downloading from JFrog: https://packages.atlassian.com/maven-3rdparty-legacy-local/com/lowagie/itext/2.1.7.js8/itext-2.1.7.js8.pom
[INFO] Downloading from central: https://repo.maven.apache.org/maven2/com/lowagie/itext/2.1.7.js8/itext-2.1.7.js8.pom
[INFO] ------------------------------------------------------------------------
[INFO] BUILD FAILURE
[INFO] ------------------------------------------------------------------------
[INFO] Total time:  0.923 s
[INFO] Finished at: 2023-02-01T20:02:27Z
[INFO] ------------------------------------------------------------------------
[ERROR] Failed to execute goal on project OH-core: Could not resolve dependencies for project org.isf:OH-core:jar:1.10: Failed to collect dependencies at net.sf.jasperreports:jasperreports:jar:6.14.0 -> com.lowagie:itext:jar:2.1.7.js8: Failed to read artifact descriptor for com.lowagie:itext:jar:2.1.7.js8: Could not transfer artifact com.lowagie:itext:pom:2.1.7.js8 from/to maven-default-http-blocker (http://0.0.0.0/): Blocked mirror for repositories: [dcm4che (http://www.dcm4che.org/maven2/, default, releases), jaspersoft-third-party (http://jaspersoft.jfrog.io/jaspersoft/third-party-ce-artifacts/, default, releases+snapshots), jr-ce-releases (http://jaspersoft.jfrog.io/jaspersoft/jr-ce-releases, default, releases+snapshots)] -> [Help 1]
[ERROR] 
[ERROR] To see the full stack trace of the errors, re-run Maven with the -e switch.
[ERROR] Re-run Maven using the -X switch to enable full debug logging.
[ERROR] 
[ERROR] For more information about the errors and possible solutions, please read the following articles:
[ERROR] [Help 1] http://cwiki.apache.org/confluence/display/MAVEN/DependencyResolutionException
