[INFO] Scanning for projects...
[INFO] Inspecting build with total of 1 modules...
[INFO] Installing Nexus Staging features:
[INFO]   ... total of 1 executions of maven-deploy-plugin replaced with nexus-staging-maven-plugin
[INFO] 
[INFO] ------------------< io.github.classgraph:classgraph >-------------------
[INFO] Building ClassGraph 4.8.129-SNAPSHOT
[INFO] --------------------------------[ jar ]---------------------------------
[INFO] 
[INFO] --- maven-clean-plugin:3.1.0:clean (default-clean) @ classgraph ---
[INFO] Deleting /home/gabsko/breaking-updates/target
[INFO] 
[INFO] --- maven-enforcer-plugin:3.0.0:enforce (enforce-versions) @ classgraph ---
[INFO] 
[INFO] --- maven-resources-plugin:3.2.0:resources (default-resources) @ classgraph ---
[INFO] Using 'UTF-8' encoding to copy filtered resources.
[INFO] Using 'UTF-8' encoding to copy filtered properties files.
[INFO] skip non existing resourceDirectory /home/gabsko/breaking-updates/src/main/resources
[INFO] 
[INFO] --- maven-resources-plugin:3.2.0:copy-resources (copy-license-to-target) @ classgraph ---
[INFO] Using 'UTF-8' encoding to copy filtered resources.
[INFO] Using 'UTF-8' encoding to copy filtered properties files.
[INFO] Copying 1 resource
[INFO] 
[INFO] --- maven-resources-plugin:3.2.0:copy-resources (copy-license-to-javadocs) @ classgraph ---
[INFO] Using 'UTF-8' encoding to copy filtered resources.
[INFO] Using 'UTF-8' encoding to copy filtered properties files.
[INFO] Copying 1 resource
[INFO] 
[INFO] --- maven-compiler-plugin:3.8.1:compile (default-compile) @ classgraph ---
[INFO] Compiling 138 source files to /home/gabsko/breaking-updates/target/classes
[INFO] 
[INFO] --- maven-enforcer-plugin:3.0.0:enforce (check-signatures) @ classgraph ---
[INFO] Checking unresolved references to org.codehaus.mojo.signature:java17:1.0
[INFO] 
[INFO] --- build-helper-maven-plugin:3.2.0:add-test-source (add-test-source) @ classgraph ---
[INFO] Test Source directory: /home/gabsko/breaking-updates/src/test/perf added.
[INFO] 
[INFO] --- maven-resources-plugin:3.2.0:testResources (default-testResources) @ classgraph ---
[INFO] Using 'UTF-8' encoding to copy filtered resources.
[INFO] Using 'UTF-8' encoding to copy filtered properties files.
[INFO] Copying 33 resources
[INFO] 
[INFO] --- maven-compiler-plugin:3.8.1:testCompile (default-testCompile) @ classgraph ---
[INFO] Compiling 179 source files to /home/gabsko/breaking-updates/target/test-classes
[INFO] 
[INFO] --- maven-surefire-plugin:3.0.0-M5:test (default-test) @ classgraph ---
[INFO] 
[INFO] -------------------------------------------------------
[INFO]  T E S T S
[INFO] -------------------------------------------------------
[INFO] Running nonapi.io.github.classgraph.json.JSONParserTest
[INFO] Tests run: 2, Failures: 0, Errors: 0, Skipped: 0, Time elapsed: 0.034 s - in nonapi.io.github.classgraph.json.JSONParserTest
[INFO] Running DisableRecursiveScanningTest
[INFO] Tests run: 2, Failures: 0, Errors: 0, Skipped: 0, Time elapsed: 0.433 s - in DisableRecursiveScanningTest
[INFO] Running com.xyz.MetaAnnotationTest
[INFO] Tests run: 8, Failures: 0, Errors: 0, Skipped: 0, Time elapsed: 0.089 s - in com.xyz.MetaAnnotationTest
[INFO] Running DefaultPackageTest
[INFO] Tests run: 2, Failures: 0, Errors: 0, Skipped: 0, Time elapsed: 0.184 s - in DefaultPackageTest
[INFO] Running io.github.classgraph.json.JSONSerializationTest
[INFO] Tests run: 2, Failures: 0, Errors: 0, Skipped: 0, Time elapsed: 0.14 s - in io.github.classgraph.json.JSONSerializationTest
[INFO] Running io.github.classgraph.features.AnnotationEqualityTest
[INFO] Tests run: 1, Failures: 0, Errors: 0, Skipped: 0, Time elapsed: 0.05 s - in io.github.classgraph.features.AnnotationEqualityTest
[INFO] Running io.github.classgraph.features.DeclaredVsNonDeclaredTest
[INFO] Tests run: 4, Failures: 0, Errors: 0, Skipped: 0, Time elapsed: 0.228 s - in io.github.classgraph.features.DeclaredVsNonDeclaredTest
[INFO] Running io.github.classgraph.features.RecordTest
[INFO] Tests run: 1, Failures: 0, Errors: 0, Skipped: 0, Time elapsed: 0.024 s - in io.github.classgraph.features.RecordTest
[INFO] Running io.github.classgraph.features.EncapsulationCircumventionTest
[INFO] Tests run: 2, Failures: 0, Errors: 0, Skipped: 0, Time elapsed: 0.309 s - in io.github.classgraph.features.EncapsulationCircumventionTest
[INFO] Running io.github.classgraph.features.MethodParameterAnnotationsTest
[INFO] Tests run: 1, Failures: 0, Errors: 0, Skipped: 0, Time elapsed: 0.052 s - in io.github.classgraph.features.MethodParameterAnnotationsTest
[INFO] Running io.github.classgraph.features.MultiReleaseJarTest
[INFO] Tests run: 2, Failures: 0, Errors: 0, Skipped: 0, Time elapsed: 0.58 s - in io.github.classgraph.features.MultiReleaseJarTest
[INFO] Running io.github.classgraph.features.AnnotationParamWithPrimitiveTypedArrayTest
[INFO] Tests run: 1, Failures: 0, Errors: 0, Skipped: 0, Time elapsed: 0.043 s - in io.github.classgraph.features.AnnotationParamWithPrimitiveTypedArrayTest
[INFO] Running io.github.classgraph.test.methodannotation.MethodAnnotationTest
[INFO] Tests run: 2, Failures: 0, Errors: 0, Skipped: 0, Time elapsed: 0.081 s - in io.github.classgraph.test.methodannotation.MethodAnnotationTest
[INFO] Running io.github.classgraph.test.classrefannotation.AnnotationClassRefTest
[INFO] Tests run: 1, Failures: 0, Errors: 0, Skipped: 0, Time elapsed: 0.054 s - in io.github.classgraph.test.classrefannotation.AnnotationClassRefTest
[INFO] Running io.github.classgraph.test.utils.LogNodeTest
[INFO] Tests run: 1, Failures: 0, Errors: 0, Skipped: 0, Time elapsed: 0.087 s - in io.github.classgraph.test.utils.LogNodeTest
[INFO] Running io.github.classgraph.test.parameterannotation.RetentionPolicyForFunctionParameterAnnotationsTest
[INFO] Tests run: 5, Failures: 0, Errors: 0, Skipped: 0, Time elapsed: 0.052 s - in io.github.classgraph.test.parameterannotation.RetentionPolicyForFunctionParameterAnnotationsTest
[INFO] Running io.github.classgraph.test.fieldinfo.FieldInfoTest
[INFO] Tests run: 3, Failures: 0, Errors: 0, Skipped: 0, Time elapsed: 0.1 s - in io.github.classgraph.test.fieldinfo.FieldInfoTest
[INFO] Running io.github.classgraph.test.ClassGraphTest
[INFO] Tests run: 19, Failures: 0, Errors: 0, Skipped: 0, Time elapsed: 1.077 s - in io.github.classgraph.test.ClassGraphTest
[INFO] Running io.github.classgraph.test.fieldannotation.FieldAndMethodAnnotationTest
[INFO] Tests run: 3, Failures: 0, Errors: 0, Skipped: 0, Time elapsed: 0.09 s - in io.github.classgraph.test.fieldannotation.FieldAndMethodAnnotationTest
[INFO] Running io.github.classgraph.test.ClassInfoTest
[INFO] Tests run: 7, Failures: 0, Errors: 0, Skipped: 0, Time elapsed: 0.044 s - in io.github.classgraph.test.ClassInfoTest
[INFO] Running io.github.classgraph.test.methodinfo.MethodInfoTest
[INFO] Tests run: 5, Failures: 0, Errors: 0, Skipped: 0, Time elapsed: 0.163 s - in io.github.classgraph.test.methodinfo.MethodInfoTest
[INFO] Running io.github.classgraph.test.methodannotation2.TestMethodMetaAnnotation
[INFO] Tests run: 3, Failures: 0, Errors: 0, Skipped: 0, Time elapsed: 0.084 s - in io.github.classgraph.test.methodannotation2.TestMethodMetaAnnotation
[INFO] Running io.github.classgraph.test.internal.InternalExternalTest
[INFO] Tests run: 4, Failures: 0, Errors: 0, Skipped: 0, Time elapsed: 0.108 s - in io.github.classgraph.test.internal.InternalExternalTest
[INFO] Running io.github.classgraph.issues.issue387.Issue387Test
[INFO] Tests run: 1, Failures: 0, Errors: 0, Skipped: 0, Time elapsed: 0.029 s - in io.github.classgraph.issues.issue387.Issue387Test
[INFO] Running io.github.classgraph.issues.issue261.Issue261Test
[INFO] Tests run: 1, Failures: 0, Errors: 0, Skipped: 0, Time elapsed: 0.03 s - in io.github.classgraph.issues.issue261.Issue261Test
[INFO] Running io.github.classgraph.issues.issue148.Issue148Test
[INFO] Tests run: 1, Failures: 0, Errors: 0, Skipped: 0, Time elapsed: 0.033 s - in io.github.classgraph.issues.issue148.Issue148Test
[INFO] Running io.github.classgraph.issues.issue38.Issue38Test
[INFO] Tests run: 1, Failures: 0, Errors: 0, Skipped: 0, Time elapsed: 0.044 s - in io.github.classgraph.issues.issue38.Issue38Test
[INFO] Running io.github.classgraph.issues.issue209.Issue209Test
[INFO] Tests run: 1, Failures: 0, Errors: 0, Skipped: 0, Time elapsed: 0.082 s - in io.github.classgraph.issues.issue209.Issue209Test
[INFO] Running io.github.classgraph.issues.issue245.Issue245Test
[INFO] Tests run: 1, Failures: 0, Errors: 0, Skipped: 0, Time elapsed: 0.018 s - in io.github.classgraph.issues.issue245.Issue245Test
[INFO] Running io.github.classgraph.issues.issue431.Issue431Test
[INFO] Tests run: 1, Failures: 0, Errors: 0, Skipped: 0, Time elapsed: 0.065 s - in io.github.classgraph.issues.issue431.Issue431Test
[INFO] Running io.github.classgraph.issues.issue303.Issue303Test
[INFO] Tests run: 1, Failures: 0, Errors: 0, Skipped: 0, Time elapsed: 0.073 s - in io.github.classgraph.issues.issue303.Issue303Test
[INFO] Running io.github.classgraph.issues.issue193.Issue193Test
[INFO] Tests run: 1, Failures: 0, Errors: 0, Skipped: 0, Time elapsed: 0.307 s - in io.github.classgraph.issues.issue193.Issue193Test
[INFO] Running io.github.classgraph.issues.issue216.Issue216Test
[INFO] Tests run: 1, Failures: 0, Errors: 0, Skipped: 0, Time elapsed: 0.044 s - in io.github.classgraph.issues.issue216.Issue216Test
[INFO] Running io.github.classgraph.issues.issue267.ClassLoadingWorksWithParentLastLoadersStubTest
[INFO] Tests run: 1, Failures: 0, Errors: 0, Skipped: 0, Time elapsed: 0.112 s - in io.github.classgraph.issues.issue267.ClassLoadingWorksWithParentLastLoadersStubTest
[INFO] Running io.github.classgraph.issues.issue495.Issue495Test
[INFO] Tests run: 1, Failures: 0, Errors: 0, Skipped: 0, Time elapsed: 0.026 s - in io.github.classgraph.issues.issue495.Issue495Test
[INFO] Running io.github.classgraph.issues.issue166.Issue166Test
[INFO] Tests run: 3, Failures: 0, Errors: 0, Skipped: 0, Time elapsed: 0.063 s - in io.github.classgraph.issues.issue166.Issue166Test
[INFO] Running io.github.classgraph.issues.issue260.Issue260Test
[INFO] Tests run: 1, Failures: 0, Errors: 0, Skipped: 0, Time elapsed: 0.065 s - in io.github.classgraph.issues.issue260.Issue260Test
[INFO] Running io.github.classgraph.issues.DeclaredVsNonDeclaredTest
[INFO] Tests run: 2, Failures: 0, Errors: 0, Skipped: 0, Time elapsed: 0.164 s - in io.github.classgraph.issues.DeclaredVsNonDeclaredTest
[INFO] Running io.github.classgraph.issues.ResolveTypeVariableTest
[INFO] Tests run: 1, Failures: 0, Errors: 0, Skipped: 0, Time elapsed: 0.043 s - in io.github.classgraph.issues.ResolveTypeVariableTest
[INFO] Running io.github.classgraph.issues.issue286.Issue286Test
[INFO] Tests run: 1, Failures: 0, Errors: 0, Skipped: 0, Time elapsed: 0.018 s - in io.github.classgraph.issues.issue286.Issue286Test
[INFO] Running io.github.classgraph.issues.issue407.Issue407Test
[INFO] Tests run: 1, Failures: 0, Errors: 0, Skipped: 0, Time elapsed: 0.021 s - in io.github.classgraph.issues.issue407.Issue407Test
[INFO] Running io.github.classgraph.issues.issue277.Issue227Test
[INFO] Tests run: 2, Failures: 0, Errors: 0, Skipped: 0, Time elapsed: 0.002 s - in io.github.classgraph.issues.issue277.Issue227Test
[INFO] Running io.github.classgraph.issues.issue175.Issue175Test
[INFO] Tests run: 9, Failures: 0, Errors: 0, Skipped: 0, Time elapsed: 0.214 s - in io.github.classgraph.issues.issue175.Issue175Test
[INFO] Running io.github.classgraph.issues.issue246.Issue246Test
[INFO] Tests run: 1, Failures: 0, Errors: 0, Skipped: 0, Time elapsed: 0.045 s - in io.github.classgraph.issues.issue246.Issue246Test
[INFO] Running io.github.classgraph.issues.issue146.Issue146Test
[INFO] Tests run: 1, Failures: 0, Errors: 0, Skipped: 0, Time elapsed: 0.04 s - in io.github.classgraph.issues.issue146.Issue146Test
[INFO] Running io.github.classgraph.issues.issue74.Issue74Test
[INFO] Tests run: 1, Failures: 0, Errors: 0, Skipped: 0, Time elapsed: 0.03 s - in io.github.classgraph.issues.issue74.Issue74Test
[INFO] Running io.github.classgraph.issues.issue364.Issue364Test
[INFO] Tests run: 2, Failures: 0, Errors: 0, Skipped: 0, Time elapsed: 0.048 s - in io.github.classgraph.issues.issue364.Issue364Test
[INFO] Running io.github.classgraph.issues.issue46.Issue46Test
[INFO] Tests run: 1, Failures: 0, Errors: 0, Skipped: 0, Time elapsed: 0.034 s - in io.github.classgraph.issues.issue46.Issue46Test
[INFO] Running io.github.classgraph.issues.issue153.Issue153Test
[INFO] Tests run: 1, Failures: 0, Errors: 0, Skipped: 0, Time elapsed: 0.029 s - in io.github.classgraph.issues.issue153.Issue153Test
[INFO] Running io.github.classgraph.issues.issue468.Issue468Test
[INFO] Tests run: 2, Failures: 0, Errors: 0, Skipped: 0, Time elapsed: 0.058 s - in io.github.classgraph.issues.issue468.Issue468Test
[INFO] Running io.github.classgraph.issues.issue99.Issue99Test
[INFO] Tests run: 2, Failures: 0, Errors: 0, Skipped: 0, Time elapsed: 0.042 s - in io.github.classgraph.issues.issue99.Issue99Test
[INFO] Running io.github.classgraph.issues.issue152.Issue152Test
[INFO] Tests run: 1, Failures: 0, Errors: 0, Skipped: 0, Time elapsed: 0.037 s - in io.github.classgraph.issues.issue152.Issue152Test
[INFO] Running io.github.classgraph.issues.issue140.Issue140Test
[INFO] Tests run: 1, Failures: 0, Errors: 0, Skipped: 0, Time elapsed: 0.02 s - in io.github.classgraph.issues.issue140.Issue140Test
[INFO] Running io.github.classgraph.issues.issue101.Issue101Test
[INFO] Tests run: 3, Failures: 0, Errors: 0, Skipped: 0, Time elapsed: 0.415 s - in io.github.classgraph.issues.issue101.Issue101Test
[INFO] Running io.github.classgraph.issues.issue151.Issue151Test
[INFO] Tests run: 1, Failures: 0, Errors: 0, Skipped: 0, Time elapsed: 0.042 s - in io.github.classgraph.issues.issue151.Issue151Test
[INFO] Running io.github.classgraph.issues.issue238.Issue238Test
[INFO] Tests run: 1, Failures: 0, Errors: 0, Skipped: 0, Time elapsed: 0.032 s - in io.github.classgraph.issues.issue238.Issue238Test
[INFO] Running io.github.classgraph.issues.TestGetUniqueClasspathElements
[INFO] Tests run: 1, Failures: 0, Errors: 0, Skipped: 0, Time elapsed: 0.025 s - in io.github.classgraph.issues.TestGetUniqueClasspathElements
[INFO] Running io.github.classgraph.issues.issue223.Issue223Test
[INFO] Tests run: 1, Failures: 0, Errors: 0, Skipped: 0, Time elapsed: 0.034 s - in io.github.classgraph.issues.issue223.Issue223Test
[INFO] Running io.github.classgraph.issues.issue78.Issue78Test
[INFO] Tests run: 1, Failures: 0, Errors: 0, Skipped: 0, Time elapsed: 0.041 s - in io.github.classgraph.issues.issue78.Issue78Test
[INFO] Running io.github.classgraph.issues.issue171.Issue171Test
[INFO] Tests run: 1, Failures: 0, Errors: 0, Skipped: 0, Time elapsed: 0.028 s - in io.github.classgraph.issues.issue171.Issue171Test
[INFO] Running io.github.classgraph.issues.issue370.Issue370Test
[INFO] Tests run: 1, Failures: 0, Errors: 0, Skipped: 0, Time elapsed: 0.026 s - in io.github.classgraph.issues.issue370.Issue370Test
[INFO] Running io.github.classgraph.issues.issue368.Issue368Test
[INFO] Tests run: 1, Failures: 0, Errors: 0, Skipped: 0, Time elapsed: 0.045 s - in io.github.classgraph.issues.issue368.Issue368Test
[INFO] Running io.github.classgraph.issues.issue167.Issue167Test
[INFO] Tests run: 2, Failures: 0, Errors: 0, Skipped: 0, Time elapsed: 0.048 s - in io.github.classgraph.issues.issue167.Issue167Test
[INFO] Running io.github.classgraph.issues.issue128.Issue128Test
[INFO] Tests run: 1, Failures: 0, Errors: 0, Skipped: 0, Time elapsed: 0.191 s - in io.github.classgraph.issues.issue128.Issue128Test
[INFO] Running io.github.classgraph.issues.issue83.Issue83Test
[INFO] Tests run: 2, Failures: 0, Errors: 0, Skipped: 0, Time elapsed: 0.05 s - in io.github.classgraph.issues.issue83.Issue83Test
[INFO] Running io.github.classgraph.issues.issue420.Issue420Test
[INFO] Tests run: 3, Failures: 0, Errors: 0, Skipped: 0, Time elapsed: 0.138 s - in io.github.classgraph.issues.issue420.Issue420Test
[INFO] Running io.github.classgraph.issues.issue100.Issue100Test
[INFO] Tests run: 1, Failures: 0, Errors: 0, Skipped: 0, Time elapsed: 0.052 s - in io.github.classgraph.issues.issue100.Issue100Test
[INFO] Running io.github.classgraph.issues.issue80.Issue80Test
[INFO] Tests run: 1, Failures: 0, Errors: 0, Skipped: 0, Time elapsed: 0.648 s - in io.github.classgraph.issues.issue80.Issue80Test
[INFO] Running io.github.classgraph.issues.IssuesTest
[INFO] Tests run: 6, Failures: 0, Errors: 0, Skipped: 0, Time elapsed: 0.153 s - in io.github.classgraph.issues.IssuesTest
[INFO] Running io.github.classgraph.issues.issue107.Issue107Test
[INFO] Tests run: 1, Failures: 0, Errors: 0, Skipped: 0, Time elapsed: 0.041 s - in io.github.classgraph.issues.issue107.Issue107Test
[INFO] Running io.github.classgraph.issues.issue37.Issue37Test
[INFO] Tests run: 1, Failures: 0, Errors: 0, Skipped: 0, Time elapsed: 0.021 s - in io.github.classgraph.issues.issue37.Issue37Test
[INFO] Running io.github.classgraph.issues.issue384.Issue384Test
[INFO] Tests run: 1, Failures: 0, Errors: 0, Skipped: 0, Time elapsed: 0.013 s - in io.github.classgraph.issues.issue384.Issue384Test
[INFO] Running io.github.classgraph.issues.issue255.Issue255Test
[INFO] Tests run: 1, Failures: 0, Errors: 0, Skipped: 0, Time elapsed: 0.017 s - in io.github.classgraph.issues.issue255.Issue255Test
[INFO] Running io.github.classgraph.issues.issue402.TypeAnnotationTest
[INFO] Tests run: 1, Failures: 0, Errors: 0, Skipped: 0, Time elapsed: 0.029 s - in io.github.classgraph.issues.issue402.TypeAnnotationTest
[INFO] 
[INFO] Results:
[INFO] 
[INFO] Tests run: 158, Failures: 0, Errors: 0, Skipped: 0
[INFO] 
[INFO] ------------------------------------------------------------------------
[INFO] BUILD SUCCESS
[INFO] ------------------------------------------------------------------------
[INFO] Total time:  14.770 s
[INFO] Finished at: 2023-02-01T16:24:10Z
[INFO] ------------------------------------------------------------------------
