[INFO] Scanning for projects...
[INFO] 
[INFO] -------------------------< fr.icdc.ebad:ebad >--------------------------
[INFO] Building Ebad 2.11.0-SNAPSHOT
[INFO] --------------------------------[ jar ]---------------------------------
[INFO] Downloading from central: https://repo.maven.apache.org/maven2/javax/transaction/jta/maven-metadata.xml
[INFO] Downloaded from central: https://repo.maven.apache.org/maven2/javax/transaction/jta/maven-metadata.xml (374 B at 2.0 kB/s)
[INFO] Downloading from central: https://repo.maven.apache.org/maven2/org/springdoc/springdoc-openapi-data-rest/1.6.8/springdoc-openapi-data-rest-1.6.8.pom
[INFO] Downloaded from central: https://repo.maven.apache.org/maven2/org/springdoc/springdoc-openapi-data-rest/1.6.8/springdoc-openapi-data-rest-1.6.8.pom (2.1 kB at 150 kB/s)
[INFO] Downloading from central: https://repo.maven.apache.org/maven2/org/springdoc/springdoc-openapi-hateoas/1.6.8/springdoc-openapi-hateoas-1.6.8.pom
[INFO] Downloaded from central: https://repo.maven.apache.org/maven2/org/springdoc/springdoc-openapi-hateoas/1.6.8/springdoc-openapi-hateoas-1.6.8.pom (2.1 kB at 232 kB/s)
[INFO] Downloading from central: https://repo.maven.apache.org/maven2/fr/icdc/ebad/ebad-plugin/1.1.1/ebad-plugin-1.1.1.pom
[WARNING] The POM for fr.icdc.ebad:ebad-plugin:jar:1.1.1 is missing, no dependency information available
[INFO] Downloading from central: https://repo.maven.apache.org/maven2/org/springdoc/springdoc-openapi-data-rest/1.6.8/springdoc-openapi-data-rest-1.6.8.jar
[INFO] Downloading from central: https://repo.maven.apache.org/maven2/org/springdoc/springdoc-openapi-hateoas/1.6.8/springdoc-openapi-hateoas-1.6.8.jar
[INFO] Downloading from central: https://repo.maven.apache.org/maven2/org/pf4j/pf4j/3.6.0/pf4j-3.6.0.jar
[INFO] Downloading from central: https://repo.maven.apache.org/maven2/fr/icdc/ebad/ebad-plugin/1.1.1/ebad-plugin-1.1.1.jar
[INFO] Downloaded from central: https://repo.maven.apache.org/maven2/org/springdoc/springdoc-openapi-hateoas/1.6.8/springdoc-openapi-hateoas-1.6.8.jar (8.9 kB at 371 kB/s)
[INFO] Downloaded from central: https://repo.maven.apache.org/maven2/org/springdoc/springdoc-openapi-data-rest/1.6.8/springdoc-openapi-data-rest-1.6.8.jar (59 kB at 2.0 MB/s)
[INFO] Downloaded from central: https://repo.maven.apache.org/maven2/org/pf4j/pf4j/3.6.0/pf4j-3.6.0.jar (125 kB at 3.5 MB/s)
[INFO] ------------------------------------------------------------------------
[INFO] BUILD FAILURE
[INFO] ------------------------------------------------------------------------
[INFO] Total time:  1.725 s
[INFO] Finished at: 2023-02-05T05:17:41Z
[INFO] ------------------------------------------------------------------------
[ERROR] Failed to execute goal on project ebad: Could not resolve dependencies for project fr.icdc.ebad:ebad:jar:2.11.0-SNAPSHOT: Could not find artifact fr.icdc.ebad:ebad-plugin:jar:1.1.1 in central (https://repo.maven.apache.org/maven2) -> [Help 1]
[ERROR] 
[ERROR] To see the full stack trace of the errors, re-run Maven with the -e switch.
[ERROR] Re-run Maven using the -X switch to enable full debug logging.
[ERROR] 
[ERROR] For more information about the errors and possible solutions, please read the following articles:
[ERROR] [Help 1] http://cwiki.apache.org/confluence/display/MAVEN/DependencyResolutionException
