[INFO] Scanning for projects...
[INFO] 
[INFO] ---------------------------< de.presti:Ree6 >---------------------------
[INFO] Building Ree6 1.7.18
[INFO] --------------------------------[ jar ]---------------------------------
[INFO] Downloading from jitpack.io: https://jitpack.io/com/github/DV8FromTheWorld/JDA/62ec3b0d378fade393a52c8cde6a0c3c1b906659/JDA-62ec3b0d378fade393a52c8cde6a0c3c1b906659.pom
[INFO] Downloading from central: https://jcenter.bintray.com/com/github/DV8FromTheWorld/JDA/62ec3b0d378fade393a52c8cde6a0c3c1b906659/JDA-62ec3b0d378fade393a52c8cde6a0c3c1b906659.pom
[INFO] Downloading from twitter4j.org: https://twitter4j.org/maven2/com/github/DV8FromTheWorld/JDA/62ec3b0d378fade393a52c8cde6a0c3c1b906659/JDA-62ec3b0d378fade393a52c8cde6a0c3c1b906659.pom
[INFO] Downloading from maven_central: https://repo.maven.apache.org/maven2/com/github/DV8FromTheWorld/JDA/62ec3b0d378fade393a52c8cde6a0c3c1b906659/JDA-62ec3b0d378fade393a52c8cde6a0c3c1b906659.pom
[INFO] Downloading from dv8tion: https://m2.dv8tion.net/releases/com/github/DV8FromTheWorld/JDA/62ec3b0d378fade393a52c8cde6a0c3c1b906659/JDA-62ec3b0d378fade393a52c8cde6a0c3c1b906659.pom
[INFO] Downloading from dv8tion: https://m2.dv8tion.net/releases/com/fasterxml/jackson/core/jackson-databind/maven-metadata.xml
[INFO] Downloading from twitter4j.org: https://twitter4j.org/maven2/com/fasterxml/jackson/core/jackson-databind/maven-metadata.xml
[INFO] Downloading from maven_central: https://repo.maven.apache.org/maven2/com/fasterxml/jackson/core/jackson-databind/maven-metadata.xml
[INFO] Downloading from jitpack.io: https://jitpack.io/com/fasterxml/jackson/core/jackson-databind/maven-metadata.xml
[INFO] Downloaded from maven_central: https://repo.maven.apache.org/maven2/com/fasterxml/jackson/core/jackson-databind/maven-metadata.xml (6.1 kB at 166 kB/s)
[WARNING] Could not transfer metadata com.fasterxml.jackson.core:jackson-databind/maven-metadata.xml from/to twitter4j.org (https://twitter4j.org/maven2): authorization failed for https://twitter4j.org/maven2/com/fasterxml/jackson/core/jackson-databind/maven-metadata.xml, status: 403 Forbidden
[INFO] Downloading from twitter4j.org: https://twitter4j.org/maven2/com/fasterxml/jackson/datatype/jackson-datatype-jsr310/maven-metadata.xml
[INFO] Downloading from jitpack.io: https://jitpack.io/com/fasterxml/jackson/datatype/jackson-datatype-jsr310/maven-metadata.xml
[INFO] Downloading from maven_central: https://repo.maven.apache.org/maven2/com/fasterxml/jackson/datatype/jackson-datatype-jsr310/maven-metadata.xml
[INFO] Downloading from central: https://jcenter.bintray.com/com/fasterxml/jackson/datatype/jackson-datatype-jsr310/maven-metadata.xml
[INFO] Downloaded from maven_central: https://repo.maven.apache.org/maven2/com/fasterxml/jackson/datatype/jackson-datatype-jsr310/maven-metadata.xml (4.3 kB at 285 kB/s)
[INFO] Downloading from dv8tion: https://m2.dv8tion.net/releases/com/fasterxml/jackson/datatype/jackson-datatype-jsr310/maven-metadata.xml
[INFO] Downloaded from central: https://jcenter.bintray.com/com/fasterxml/jackson/datatype/jackson-datatype-jsr310/maven-metadata.xml (4.4 kB at 13 kB/s)
[WARNING] Could not transfer metadata com.fasterxml.jackson.datatype:jackson-datatype-jsr310/maven-metadata.xml from/to twitter4j.org (https://twitter4j.org/maven2): authorization failed for https://twitter4j.org/maven2/com/fasterxml/jackson/datatype/jackson-datatype-jsr310/maven-metadata.xml, status: 403 Forbidden
[INFO] Downloading from jitpack.io: https://jitpack.io/com/fasterxml/jackson/datatype/jackson-datatype-jsr310/2.14.2/jackson-datatype-jsr310-2.14.2.pom
[INFO] Downloading from central: https://jcenter.bintray.com/com/fasterxml/jackson/datatype/jackson-datatype-jsr310/2.14.2/jackson-datatype-jsr310-2.14.2.pom
[INFO] Downloaded from central: https://jcenter.bintray.com/com/fasterxml/jackson/datatype/jackson-datatype-jsr310/2.14.2/jackson-datatype-jsr310-2.14.2.pom (4.9 kB at 14 kB/s)
[INFO] Downloading from jitpack.io: https://jitpack.io/com/fasterxml/jackson/module/jackson-modules-java8/2.14.2/jackson-modules-java8-2.14.2.pom
[INFO] Downloading from central: https://jcenter.bintray.com/com/fasterxml/jackson/module/jackson-modules-java8/2.14.2/jackson-modules-java8-2.14.2.pom
[INFO] Downloaded from central: https://jcenter.bintray.com/com/fasterxml/jackson/module/jackson-modules-java8/2.14.2/jackson-modules-java8-2.14.2.pom (3.1 kB at 19 kB/s)
[WARNING] The POM for com.github.Ree6-Applications.lavaplayer:lavaplayer-ext-format-xm:jar:1.3.83 is invalid, transitive dependencies (if any) will not be available, enable debug logging for more details
[INFO] Downloading from jitpack.io: https://jitpack.io/com/github/sedmelluq/lavaplayer-natives/-SNAPSHOT/maven-metadata.xml
[INFO] Downloading from twitter4j.org: https://twitter4j.org/maven2/com/github/sedmelluq/lavaplayer-natives/-SNAPSHOT/maven-metadata.xml
[INFO] Downloading from maven_central: https://repo.maven.apache.org/maven2/com/github/sedmelluq/lavaplayer-natives/-SNAPSHOT/maven-metadata.xml
[INFO] Downloading from central: https://jcenter.bintray.com/com/github/sedmelluq/lavaplayer-natives/-SNAPSHOT/maven-metadata.xml
[INFO] Downloading from dv8tion: https://m2.dv8tion.net/releases/com/github/sedmelluq/lavaplayer-natives/-SNAPSHOT/maven-metadata.xml
[INFO] Downloaded from jitpack.io: https://jitpack.io/com/github/sedmelluq/lavaplayer-natives/-SNAPSHOT/maven-metadata.xml (390 B at 666 B/s)
[WARNING] Could not transfer metadata com.github.sedmelluq:lavaplayer-natives:-SNAPSHOT/maven-metadata.xml from/to twitter4j.org (https://twitter4j.org/maven2): authorization failed for https://twitter4j.org/maven2/com/github/sedmelluq/lavaplayer-natives/-SNAPSHOT/maven-metadata.xml, status: 403 Forbidden
[WARNING] com.github.sedmelluq:lavaplayer-natives:-SNAPSHOT/maven-metadata.xmlfailed to transfer from https://twitter4j.org/maven2 during a previous attempt. This failure was cached in the local repository and resolution will not be reattempted until the update interval of twitter4j.org has elapsed or updates are forced. Original error: Could not transfer metadata com.github.sedmelluq:lavaplayer-natives:-SNAPSHOT/maven-metadata.xml from/to twitter4j.org (https://twitter4j.org/maven2): authorization failed for https://twitter4j.org/maven2/com/github/sedmelluq/lavaplayer-natives/-SNAPSHOT/maven-metadata.xml, status: 403 Forbidden
[INFO] Downloading from jitpack.io: https://jitpack.io/com/github/Ree6-Applications/JLyrics/master-SNAPSHOT/maven-metadata.xml
[INFO] Downloading from central: https://jcenter.bintray.com/com/github/Ree6-Applications/JLyrics/master-SNAPSHOT/maven-metadata.xml
[INFO] Downloading from maven_central: https://repo.maven.apache.org/maven2/com/github/Ree6-Applications/JLyrics/master-SNAPSHOT/maven-metadata.xml
[INFO] Downloading from twitter4j.org: https://twitter4j.org/maven2/com/github/Ree6-Applications/JLyrics/master-SNAPSHOT/maven-metadata.xml
[INFO] Downloading from dv8tion: https://m2.dv8tion.net/releases/com/github/Ree6-Applications/JLyrics/master-SNAPSHOT/maven-metadata.xml
[INFO] Downloaded from jitpack.io: https://jitpack.io/com/github/Ree6-Applications/JLyrics/master-SNAPSHOT/maven-metadata.xml (393 B at 977 B/s)
[WARNING] Could not transfer metadata com.github.Ree6-Applications:JLyrics:master-SNAPSHOT/maven-metadata.xml from/to twitter4j.org (https://twitter4j.org/maven2): authorization failed for https://twitter4j.org/maven2/com/github/Ree6-Applications/JLyrics/master-SNAPSHOT/maven-metadata.xml, status: 403 Forbidden
[WARNING] com.github.Ree6-Applications:JLyrics:master-SNAPSHOT/maven-metadata.xmlfailed to transfer from https://twitter4j.org/maven2 during a previous attempt. This failure was cached in the local repository and resolution will not be reattempted until the update interval of twitter4j.org has elapsed or updates are forced. Original error: Could not transfer metadata com.github.Ree6-Applications:JLyrics:master-SNAPSHOT/maven-metadata.xml from/to twitter4j.org (https://twitter4j.org/maven2): authorization failed for https://twitter4j.org/maven2/com/github/Ree6-Applications/JLyrics/master-SNAPSHOT/maven-metadata.xml, status: 403 Forbidden
[INFO] ------------------------------------------------------------------------
[INFO] BUILD FAILURE
[INFO] ------------------------------------------------------------------------
[INFO] Total time:  9.497 s
[INFO] Finished at: 2023-02-04T21:00:36Z
[INFO] ------------------------------------------------------------------------
[ERROR] Failed to execute goal on project Ree6: Could not resolve dependencies for project de.presti:Ree6:jar:1.7.18: Failed to collect dependencies at com.github.DV8FromTheWorld:JDA:jar:62ec3b0d378fade393a52c8cde6a0c3c1b906659: Failed to read artifact descriptor for com.github.DV8FromTheWorld:JDA:jar:62ec3b0d378fade393a52c8cde6a0c3c1b906659: Could not transfer artifact com.github.DV8FromTheWorld:JDA:pom:62ec3b0d378fade393a52c8cde6a0c3c1b906659 from/to twitter4j.org (https://twitter4j.org/maven2): authorization failed for https://twitter4j.org/maven2/com/github/DV8FromTheWorld/JDA/62ec3b0d378fade393a52c8cde6a0c3c1b906659/JDA-62ec3b0d378fade393a52c8cde6a0c3c1b906659.pom, status: 403 Forbidden -> [Help 1]
[ERROR] 
[ERROR] To see the full stack trace of the errors, re-run Maven with the -e switch.
[ERROR] Re-run Maven using the -X switch to enable full debug logging.
[ERROR] 
[ERROR] For more information about the errors and possible solutions, please read the following articles:
[ERROR] [Help 1] http://cwiki.apache.org/confluence/display/MAVEN/DependencyResolutionException
