[INFO] Scanning for projects...
[INFO] 
[INFO] -------------------< io.qameta.allure:allure-maven >--------------------
[INFO] Building Allure Maven 2.11-SNAPSHOT
[INFO] ----------------------------[ maven-plugin ]----------------------------
[INFO] 
[INFO] --- maven-clean-plugin:2.5:clean (default-clean) @ allure-maven ---
[INFO] Deleting /home/gabsko/breaking-updates/target
[INFO] 
[INFO] --- maven-plugin-plugin:3.6.0:helpmojo (generated-helpmojo) @ allure-maven ---
[INFO] Using 'UTF-8' encoding to read mojo source files.
[INFO] java-javadoc mojo extractor found 0 mojo descriptor.
[INFO] java-annotations mojo extractor found 0 mojo descriptor.
[INFO] 
[INFO] --- maven-resources-plugin:2.6:resources (default-resources) @ allure-maven ---
[INFO] Using 'UTF-8' encoding to copy filtered resources.
[INFO] Copying 1 resource
[INFO] 
[INFO] --- maven-compiler-plugin:3.8.1:compile (default-compile) @ allure-maven ---
[INFO] Changes detected - recompiling the module!
[INFO] Compiling 11 source files to /home/gabsko/breaking-updates/target/classes
[INFO] /home/gabsko/breaking-updates/src/main/java/io/qameta/allure/maven/AllureGenerateMojo.java: /home/gabsko/breaking-updates/src/main/java/io/qameta/allure/maven/AllureGenerateMojo.java uses or overrides a deprecated API.
[INFO] /home/gabsko/breaking-updates/src/main/java/io/qameta/allure/maven/AllureGenerateMojo.java: Recompile with -Xlint:deprecation for details.
[INFO] 
[INFO] --- maven-plugin-plugin:3.6.0:descriptor (default-descriptor) @ allure-maven ---
[INFO] Using 'UTF-8' encoding to read mojo source files.
[INFO] java-javadoc mojo extractor found 0 mojo descriptor.
[WARNING] Deprecated @Component annotation for 'pluginDescriptor' field in io.qameta.allure.maven.AlureAggregateMojo: replace with @Parameter( defaultValue = "${plugin}", readonly = true )
[WARNING] Deprecated @Component annotation for 'pluginDescriptor' field in io.qameta.allure.maven.AllureReportMojo: replace with @Parameter( defaultValue = "${plugin}", readonly = true )
[WARNING] Deprecated @Component annotation for 'pluginDescriptor' field in io.qameta.allure.maven.AllureBulkMojo: replace with @Parameter( defaultValue = "${plugin}", readonly = true )
[WARNING] Deprecated @Component annotation for 'pluginDescriptor' field in io.qameta.allure.maven.AllureServeMojo: replace with @Parameter( defaultValue = "${plugin}", readonly = true )
[INFO] java-annotations mojo extractor found 6 mojo descriptors.
[INFO] 
[INFO] --- maven-plugin-plugin:3.6.0:descriptor (mojo-descriptor) @ allure-maven ---
[INFO] Using 'UTF-8' encoding to read mojo source files.
[INFO] java-javadoc mojo extractor found 0 mojo descriptor.
[WARNING] Deprecated @Component annotation for 'pluginDescriptor' field in io.qameta.allure.maven.AlureAggregateMojo: replace with @Parameter( defaultValue = "${plugin}", readonly = true )
[WARNING] Deprecated @Component annotation for 'pluginDescriptor' field in io.qameta.allure.maven.AllureReportMojo: replace with @Parameter( defaultValue = "${plugin}", readonly = true )
[WARNING] Deprecated @Component annotation for 'pluginDescriptor' field in io.qameta.allure.maven.AllureBulkMojo: replace with @Parameter( defaultValue = "${plugin}", readonly = true )
[WARNING] Deprecated @Component annotation for 'pluginDescriptor' field in io.qameta.allure.maven.AllureServeMojo: replace with @Parameter( defaultValue = "${plugin}", readonly = true )
[INFO] java-annotations mojo extractor found 6 mojo descriptors.
[INFO] 
[INFO] --- maven-resources-plugin:2.6:testResources (default-testResources) @ allure-maven ---
[INFO] Using 'UTF-8' encoding to copy filtered resources.
[INFO] skip non existing resourceDirectory /home/gabsko/breaking-updates/src/test/resources
[INFO] 
[INFO] --- maven-compiler-plugin:3.8.1:testCompile (default-testCompile) @ allure-maven ---
[INFO] Changes detected - recompiling the module!
[INFO] Compiling 1 source file to /home/gabsko/breaking-updates/target/test-classes
[INFO] /home/gabsko/breaking-updates/src/test/java/io/qameta/allure/maven/TestHelper.java: /home/gabsko/breaking-updates/src/test/java/io/qameta/allure/maven/TestHelper.java uses or overrides a deprecated API.
[INFO] /home/gabsko/breaking-updates/src/test/java/io/qameta/allure/maven/TestHelper.java: Recompile with -Xlint:deprecation for details.
[INFO] 
[INFO] --- maven-surefire-plugin:2.12.4:test (default-test) @ allure-maven ---
[INFO] Surefire report directory: /home/gabsko/breaking-updates/target/surefire-reports

-------------------------------------------------------
 T E S T S
-------------------------------------------------------

Results :

Tests run: 0, Failures: 0, Errors: 0, Skipped: 0

[INFO] ------------------------------------------------------------------------
[INFO] BUILD SUCCESS
[INFO] ------------------------------------------------------------------------
[INFO] Total time:  5.183 s
[INFO] Finished at: 2023-02-04T21:08:53Z
[INFO] ------------------------------------------------------------------------
