[INFO] Scanning for projects...
[WARNING] 
[WARNING] Some problems were encountered while building the effective model for com.zerocracy:farm:jar:0.30.7
[WARNING] 'dependencies.dependency.(groupId:artifactId:type:classifier)' must be unique: org.glassfish.tyrus.bundles:tyrus-standalone-client:jar -> duplicate declaration of version 1.13.1 @ line 361, column 17
[WARNING] 
[WARNING] It is highly recommended to fix these problems because they threaten the stability of your build.
[WARNING] 
[WARNING] For this reason, future Maven versions might no longer support building such malformed projects.
[WARNING] 
[INFO] 
[INFO] -------------------------< com.zerocracy:farm >-------------------------
[INFO] Building farm 0.30.7
[INFO] --------------------------------[ jar ]---------------------------------
[INFO] Downloading from oss.sonatype.org: https://oss.sonatype.org/content/groups/public/org/codehaus/gmavenplus/gmavenplus-plugin/1.5/gmavenplus-plugin-1.5.pom
[INFO] Downloaded from oss.sonatype.org: https://oss.sonatype.org/content/groups/public/org/codehaus/gmavenplus/gmavenplus-plugin/1.5/gmavenplus-plugin-1.5.pom (21 kB at 19 kB/s)
[INFO] Downloading from oss.sonatype.org: https://oss.sonatype.org/content/groups/public/org/codehaus/gmavenplus/gmavenplus-plugin/1.5/gmavenplus-plugin-1.5.jar
[INFO] Downloaded from oss.sonatype.org: https://oss.sonatype.org/content/groups/public/org/codehaus/gmavenplus/gmavenplus-plugin/1.5/gmavenplus-plugin-1.5.jar (90 kB at 195 kB/s)
[INFO] Downloading from oss.sonatype.org: https://oss.sonatype.org/content/groups/public/com/jcabi/jcabi-maven-plugin/0.14.1/jcabi-maven-plugin-0.14.1.pom
[INFO] Downloaded from oss.sonatype.org: https://oss.sonatype.org/content/groups/public/com/jcabi/jcabi-maven-plugin/0.14.1/jcabi-maven-plugin-0.14.1.pom (12 kB at 22 kB/s)
[INFO] Downloading from oss.sonatype.org: https://oss.sonatype.org/content/groups/public/com/jcabi/jcabi-maven-plugin/0.14.1/jcabi-maven-plugin-0.14.1.jar
[INFO] Downloaded from oss.sonatype.org: https://oss.sonatype.org/content/groups/public/com/jcabi/jcabi-maven-plugin/0.14.1/jcabi-maven-plugin-0.14.1.jar (32 kB at 56 kB/s)
[INFO] Downloading from oss.sonatype.org: https://oss.sonatype.org/content/groups/public/org/apache/maven/plugins/maven-failsafe-plugin/2.20.1/maven-failsafe-plugin-2.20.1.pom
[INFO] Downloaded from oss.sonatype.org: https://oss.sonatype.org/content/groups/public/org/apache/maven/plugins/maven-failsafe-plugin/2.20.1/maven-failsafe-plugin-2.20.1.pom (11 kB at 23 kB/s)
[INFO] Downloading from oss.sonatype.org: https://oss.sonatype.org/content/groups/public/org/apache/maven/plugins/maven-failsafe-plugin/2.20.1/maven-failsafe-plugin-2.20.1.jar
[INFO] Downloaded from oss.sonatype.org: https://oss.sonatype.org/content/groups/public/org/apache/maven/plugins/maven-failsafe-plugin/2.20.1/maven-failsafe-plugin-2.20.1.jar (293 kB at 632 kB/s)
[INFO] Downloading from oss.sonatype.org: https://oss.sonatype.org/content/groups/public/com/samaxes/maven/minify-maven-plugin/1.7.2/minify-maven-plugin-1.7.2.pom
[INFO] Downloaded from oss.sonatype.org: https://oss.sonatype.org/content/groups/public/com/samaxes/maven/minify-maven-plugin/1.7.2/minify-maven-plugin-1.7.2.pom (12 kB at 22 kB/s)
[INFO] Downloading from oss.sonatype.org: https://oss.sonatype.org/content/groups/public/com/samaxes/maven/minify-maven-plugin/1.7.2/minify-maven-plugin-1.7.2.jar
[INFO] Downloaded from oss.sonatype.org: https://oss.sonatype.org/content/groups/public/com/samaxes/maven/minify-maven-plugin/1.7.2/minify-maven-plugin-1.7.2.jar (32 kB at 71 kB/s)
[INFO] Downloading from oss.sonatype.org: https://oss.sonatype.org/content/groups/public/com/jcabi/jcabi-dynamodb-maven-plugin/0.9.1/jcabi-dynamodb-maven-plugin-0.9.1.pom
[INFO] Downloaded from oss.sonatype.org: https://oss.sonatype.org/content/groups/public/com/jcabi/jcabi-dynamodb-maven-plugin/0.9.1/jcabi-dynamodb-maven-plugin-0.9.1.pom (11 kB at 18 kB/s)
[INFO] Downloading from oss.sonatype.org: https://oss.sonatype.org/content/groups/public/com/jcabi/jcabi-dynamodb-maven-plugin/0.9.1/jcabi-dynamodb-maven-plugin-0.9.1.jar
[INFO] Downloaded from oss.sonatype.org: https://oss.sonatype.org/content/groups/public/com/jcabi/jcabi-dynamodb-maven-plugin/0.9.1/jcabi-dynamodb-maven-plugin-0.9.1.jar (28 kB at 50 kB/s)
[INFO] Downloading from oss.sonatype.org: https://oss.sonatype.org/content/groups/public/nl/geodienstencentrum/maven/sass-maven-plugin/2.25/sass-maven-plugin-2.25.pom
[INFO] Downloaded from oss.sonatype.org: https://oss.sonatype.org/content/groups/public/nl/geodienstencentrum/maven/sass-maven-plugin/2.25/sass-maven-plugin-2.25.pom (30 kB at 66 kB/s)
[INFO] Downloading from oss.sonatype.org: https://oss.sonatype.org/content/groups/public/nl/geodienstencentrum/maven/sass-maven-plugin/2.25/sass-maven-plugin-2.25.jar
[INFO] Downloaded from oss.sonatype.org: https://oss.sonatype.org/content/groups/public/nl/geodienstencentrum/maven/sass-maven-plugin/2.25/sass-maven-plugin-2.25.jar (1.1 MB at 367 kB/s)
[INFO] Downloading from oss.sonatype.org: https://oss.sonatype.org/content/groups/public/org/apache/maven/plugins/maven-resources-plugin/3.0.1/maven-resources-plugin-3.0.1.pom
[INFO] Downloaded from oss.sonatype.org: https://oss.sonatype.org/content/groups/public/org/apache/maven/plugins/maven-resources-plugin/3.0.1/maven-resources-plugin-3.0.1.pom (7.2 kB at 17 kB/s)
[INFO] Downloading from oss.sonatype.org: https://oss.sonatype.org/content/groups/public/org/apache/maven/plugins/maven-resources-plugin/3.0.1/maven-resources-plugin-3.0.1.jar
[INFO] Downloaded from oss.sonatype.org: https://oss.sonatype.org/content/groups/public/org/apache/maven/plugins/maven-resources-plugin/3.0.1/maven-resources-plugin-3.0.1.jar (31 kB at 71 kB/s)
[INFO] Downloading from bintray-g4s8-maven: https://dl.bintray.com/g4s8/mvn/org/cactoos/cactoos/0.29/cactoos-0.29.pom
[INFO] Downloading from central: https://repo.maven.apache.org/maven2/org/cactoos/cactoos/0.29/cactoos-0.29.pom
[INFO] Downloaded from central: https://repo.maven.apache.org/maven2/org/cactoos/cactoos/0.29/cactoos-0.29.pom (8.0 kB at 23 kB/s)
[INFO] Downloading from bintray-g4s8-maven: https://dl.bintray.com/g4s8/mvn/io/sentry/sentry/1.5.5/sentry-1.5.5.pom
[INFO] Downloading from central: https://repo.maven.apache.org/maven2/io/sentry/sentry/1.5.5/sentry-1.5.5.pom
[INFO] Downloaded from central: https://repo.maven.apache.org/maven2/io/sentry/sentry/1.5.5/sentry-1.5.5.pom (7.0 kB at 69 kB/s)
[INFO] Downloading from bintray-g4s8-maven: https://dl.bintray.com/g4s8/mvn/io/sentry/sentry-all/1.5.5/sentry-all-1.5.5.pom
[INFO] Downloading from central: https://repo.maven.apache.org/maven2/io/sentry/sentry-all/1.5.5/sentry-all-1.5.5.pom
[INFO] Downloaded from central: https://repo.maven.apache.org/maven2/io/sentry/sentry-all/1.5.5/sentry-all-1.5.5.pom (20 kB at 100 kB/s)
[INFO] Downloading from bintray-g4s8-maven: https://dl.bintray.com/g4s8/mvn/org/slf4j/slf4j-api/1.7.24/slf4j-api-1.7.24.pom
[INFO] Downloading from central: https://repo.maven.apache.org/maven2/org/slf4j/slf4j-api/1.7.24/slf4j-api-1.7.24.pom
[INFO] Downloaded from central: https://repo.maven.apache.org/maven2/org/slf4j/slf4j-api/1.7.24/slf4j-api-1.7.24.pom (3.8 kB at 479 kB/s)
[INFO] Downloading from bintray-g4s8-maven: https://dl.bintray.com/g4s8/mvn/org/slf4j/slf4j-parent/1.7.24/slf4j-parent-1.7.24.pom
[INFO] Downloading from central: https://repo.maven.apache.org/maven2/org/slf4j/slf4j-parent/1.7.24/slf4j-parent-1.7.24.pom
[INFO] Downloaded from central: https://repo.maven.apache.org/maven2/org/slf4j/slf4j-parent/1.7.24/slf4j-parent-1.7.24.pom (14 kB at 1.0 MB/s)
[INFO] Downloading from bintray-g4s8-maven: https://dl.bintray.com/g4s8/mvn/com/fasterxml/jackson/core/jackson-core/2.8.7/jackson-core-2.8.7.pom
[INFO] Downloading from central: https://repo.maven.apache.org/maven2/com/fasterxml/jackson/core/jackson-core/2.8.7/jackson-core-2.8.7.pom
[INFO] Downloaded from central: https://repo.maven.apache.org/maven2/com/fasterxml/jackson/core/jackson-core/2.8.7/jackson-core-2.8.7.pom (5.4 kB at 126 kB/s)
[INFO] Downloading from bintray-g4s8-maven: https://dl.bintray.com/g4s8/mvn/io/sentry/sentry-log4j/1.5.5/sentry-log4j-1.5.5.pom
[INFO] Downloading from central: https://repo.maven.apache.org/maven2/io/sentry/sentry-log4j/1.5.5/sentry-log4j-1.5.5.pom
[INFO] Downloaded from central: https://repo.maven.apache.org/maven2/io/sentry/sentry-log4j/1.5.5/sentry-log4j-1.5.5.pom (5.5 kB at 55 kB/s)
[INFO] Downloading from bintray-g4s8-maven: https://dl.bintray.com/g4s8/mvn/com/yoti/yoti-sdk-api/2.0.0/yoti-sdk-api-2.0.0.pom
[INFO] Downloading from central: https://repo.maven.apache.org/maven2/com/yoti/yoti-sdk-api/2.0.0/yoti-sdk-api-2.0.0.pom
[INFO] Downloaded from central: https://repo.maven.apache.org/maven2/com/yoti/yoti-sdk-api/2.0.0/yoti-sdk-api-2.0.0.pom (2.6 kB at 14 kB/s)
[INFO] Downloading from bintray-g4s8-maven: https://dl.bintray.com/g4s8/mvn/com/yoti/yoti-sdk-parent/2.0.0/yoti-sdk-parent-2.0.0.pom
[INFO] Downloading from central: https://repo.maven.apache.org/maven2/com/yoti/yoti-sdk-parent/2.0.0/yoti-sdk-parent-2.0.0.pom
[INFO] Downloaded from central: https://repo.maven.apache.org/maven2/com/yoti/yoti-sdk-parent/2.0.0/yoti-sdk-parent-2.0.0.pom (15 kB at 147 kB/s)
[INFO] Downloading from bintray-g4s8-maven: https://dl.bintray.com/g4s8/mvn/com/yoti/yoti-sdk-impl/2.0.0/yoti-sdk-impl-2.0.0.pom
[INFO] Downloading from central: https://repo.maven.apache.org/maven2/com/yoti/yoti-sdk-impl/2.0.0/yoti-sdk-impl-2.0.0.pom
[INFO] Downloaded from central: https://repo.maven.apache.org/maven2/com/yoti/yoti-sdk-impl/2.0.0/yoti-sdk-impl-2.0.0.pom (3.4 kB at 34 kB/s)
[INFO] Downloading from bintray-g4s8-maven: https://dl.bintray.com/g4s8/mvn/org/bouncycastle/bcpkix-jdk15on/1.59/bcpkix-jdk15on-1.59.pom
[INFO] Downloading from central: https://repo.maven.apache.org/maven2/org/bouncycastle/bcpkix-jdk15on/1.59/bcpkix-jdk15on-1.59.pom
[INFO] Downloaded from central: https://repo.maven.apache.org/maven2/org/bouncycastle/bcpkix-jdk15on/1.59/bcpkix-jdk15on-1.59.pom (1.5 kB at 183 kB/s)
[INFO] Downloading from bintray-g4s8-maven: https://dl.bintray.com/g4s8/mvn/org/bouncycastle/bcprov-jdk15on/1.59/bcprov-jdk15on-1.59.pom
[INFO] Downloading from central: https://repo.maven.apache.org/maven2/org/bouncycastle/bcprov-jdk15on/1.59/bcprov-jdk15on-1.59.pom
[INFO] Downloaded from central: https://repo.maven.apache.org/maven2/org/bouncycastle/bcprov-jdk15on/1.59/bcprov-jdk15on-1.59.pom (1.1 kB at 163 kB/s)
[INFO] Downloading from bintray-g4s8-maven: https://dl.bintray.com/g4s8/mvn/com/fasterxml/jackson/core/jackson-databind/2.9.5/jackson-databind-2.9.5.pom
[INFO] Downloading from central: https://repo.maven.apache.org/maven2/com/fasterxml/jackson/core/jackson-databind/2.9.5/jackson-databind-2.9.5.pom
[INFO] Downloaded from central: https://repo.maven.apache.org/maven2/com/fasterxml/jackson/core/jackson-databind/2.9.5/jackson-databind-2.9.5.pom (5.9 kB at 652 kB/s)
[INFO] Downloading from bintray-g4s8-maven: https://dl.bintray.com/g4s8/mvn/com/fasterxml/jackson/jackson-base/2.9.5/jackson-base-2.9.5.pom
[INFO] Downloading from central: https://repo.maven.apache.org/maven2/com/fasterxml/jackson/jackson-base/2.9.5/jackson-base-2.9.5.pom
[INFO] Downloaded from central: https://repo.maven.apache.org/maven2/com/fasterxml/jackson/jackson-base/2.9.5/jackson-base-2.9.5.pom (5.6 kB at 700 kB/s)
[INFO] Downloading from bintray-g4s8-maven: https://dl.bintray.com/g4s8/mvn/com/fasterxml/jackson/core/jackson-core/2.9.5/jackson-core-2.9.5.pom
[INFO] Downloading from central: https://repo.maven.apache.org/maven2/com/fasterxml/jackson/core/jackson-core/2.9.5/jackson-core-2.9.5.pom
[INFO] Downloaded from central: https://repo.maven.apache.org/maven2/com/fasterxml/jackson/core/jackson-core/2.9.5/jackson-core-2.9.5.pom (3.4 kB at 378 kB/s)
[INFO] Downloading from bintray-g4s8-maven: https://dl.bintray.com/g4s8/mvn/com/stripe/stripe-java/5.27.0/stripe-java-5.27.0.pom
[INFO] Downloading from central: https://repo.maven.apache.org/maven2/com/stripe/stripe-java/5.27.0/stripe-java-5.27.0.pom
[INFO] Downloaded from central: https://repo.maven.apache.org/maven2/com/stripe/stripe-java/5.27.0/stripe-java-5.27.0.pom (1.9 kB at 16 kB/s)
[INFO] Downloading from bintray-g4s8-maven: https://dl.bintray.com/g4s8/mvn/com/ullink/slack/simpleslackapi/1.2.0/simpleslackapi-1.2.0.pom
[INFO] Downloading from central: https://repo.maven.apache.org/maven2/com/ullink/slack/simpleslackapi/1.2.0/simpleslackapi-1.2.0.pom
[INFO] Downloaded from central: https://repo.maven.apache.org/maven2/com/ullink/slack/simpleslackapi/1.2.0/simpleslackapi-1.2.0.pom (4.5 kB at 45 kB/s)
[INFO] Downloading from bintray-g4s8-maven: https://dl.bintray.com/g4s8/mvn/org/threeten/threetenbp/1.3.1/threetenbp-1.3.1.pom
[INFO] Downloading from central: https://repo.maven.apache.org/maven2/org/threeten/threetenbp/1.3.1/threetenbp-1.3.1.pom
[INFO] Downloaded from central: https://repo.maven.apache.org/maven2/org/threeten/threetenbp/1.3.1/threetenbp-1.3.1.pom (27 kB at 1.8 MB/s)
[INFO] Downloading from bintray-g4s8-maven: https://dl.bintray.com/g4s8/mvn/org/glassfish/tyrus/bundles/tyrus-standalone-client/1.13.1/tyrus-standalone-client-1.13.1.pom
[INFO] Downloading from central: https://repo.maven.apache.org/maven2/org/glassfish/tyrus/bundles/tyrus-standalone-client/1.13.1/tyrus-standalone-client-1.13.1.pom
[INFO] Downloaded from central: https://repo.maven.apache.org/maven2/org/glassfish/tyrus/bundles/tyrus-standalone-client/1.13.1/tyrus-standalone-client-1.13.1.pom (6.4 kB at 214 kB/s)
[INFO] Downloading from bintray-g4s8-maven: https://dl.bintray.com/g4s8/mvn/org/glassfish/tyrus/bundles/tyrus-bundles/1.13.1/tyrus-bundles-1.13.1.pom
[INFO] Downloading from central: https://repo.maven.apache.org/maven2/org/glassfish/tyrus/bundles/tyrus-bundles/1.13.1/tyrus-bundles-1.13.1.pom
[INFO] Downloaded from central: https://repo.maven.apache.org/maven2/org/glassfish/tyrus/bundles/tyrus-bundles/1.13.1/tyrus-bundles-1.13.1.pom (3.2 kB at 32 kB/s)
[INFO] Downloading from bintray-g4s8-maven: https://dl.bintray.com/g4s8/mvn/org/glassfish/tyrus/tyrus-project/1.13.1/tyrus-project-1.13.1.pom
[INFO] Downloading from central: https://repo.maven.apache.org/maven2/org/glassfish/tyrus/tyrus-project/1.13.1/tyrus-project-1.13.1.pom
[INFO] Downloaded from central: https://repo.maven.apache.org/maven2/org/glassfish/tyrus/tyrus-project/1.13.1/tyrus-project-1.13.1.pom (29 kB at 751 kB/s)
[INFO] Downloading from bintray-g4s8-maven: https://dl.bintray.com/g4s8/mvn/javax/websocket/javax.websocket-api/1.1/javax.websocket-api-1.1.pom
[INFO] Downloading from central: https://repo.maven.apache.org/maven2/javax/websocket/javax.websocket-api/1.1/javax.websocket-api-1.1.pom
[INFO] Downloaded from central: https://repo.maven.apache.org/maven2/javax/websocket/javax.websocket-api/1.1/javax.websocket-api-1.1.pom (0 B at 0 B/s)
[INFO] Downloading from bintray-g4s8-maven: https://dl.bintray.com/g4s8/mvn/javax/websocket/javax.websocket-all/1.1/javax.websocket-all-1.1.pom
[INFO] Downloading from central: https://repo.maven.apache.org/maven2/javax/websocket/javax.websocket-all/1.1/javax.websocket-all-1.1.pom
[INFO] Downloaded from central: https://repo.maven.apache.org/maven2/javax/websocket/javax.websocket-all/1.1/javax.websocket-all-1.1.pom (0 B at 0 B/s)
[INFO] Downloading from bintray-g4s8-maven: https://dl.bintray.com/g4s8/mvn/org/quartz-scheduler/quartz/2.2.1/quartz-2.2.1.pom
[INFO] Downloading from central: https://repo.maven.apache.org/maven2/org/quartz-scheduler/quartz/2.2.1/quartz-2.2.1.pom
[INFO] Downloaded from central: https://repo.maven.apache.org/maven2/org/quartz-scheduler/quartz/2.2.1/quartz-2.2.1.pom (9.6 kB at 737 kB/s)
[INFO] Downloading from bintray-g4s8-maven: https://dl.bintray.com/g4s8/mvn/org/quartz-scheduler/quartz-parent/2.2.1/quartz-parent-2.2.1.pom
[INFO] Downloading from central: https://repo.maven.apache.org/maven2/org/quartz-scheduler/quartz-parent/2.2.1/quartz-parent-2.2.1.pom
[INFO] Downloaded from central: https://repo.maven.apache.org/maven2/org/quartz-scheduler/quartz-parent/2.2.1/quartz-parent-2.2.1.pom (14 kB at 738 kB/s)
[INFO] Downloading from bintray-g4s8-maven: https://dl.bintray.com/g4s8/mvn/c3p0/c3p0/0.9.1.1/c3p0-0.9.1.1.pom
[INFO] Downloading from central: https://repo.maven.apache.org/maven2/c3p0/c3p0/0.9.1.1/c3p0-0.9.1.1.pom
[INFO] Downloaded from central: https://repo.maven.apache.org/maven2/c3p0/c3p0/0.9.1.1/c3p0-0.9.1.1.pom (0 B at 0 B/s)
[INFO] Downloading from bintray-g4s8-maven: https://dl.bintray.com/g4s8/mvn/org/mongodb/mongodb-driver/3.8.0/mongodb-driver-3.8.0.pom
[INFO] Downloading from central: https://repo.maven.apache.org/maven2/org/mongodb/mongodb-driver/3.8.0/mongodb-driver-3.8.0.pom
[INFO] Downloaded from central: https://repo.maven.apache.org/maven2/org/mongodb/mongodb-driver/3.8.0/mongodb-driver-3.8.0.pom (1.8 kB at 18 kB/s)
[INFO] Downloading from bintray-g4s8-maven: https://dl.bintray.com/g4s8/mvn/org/mongodb/bson/3.8.0/bson-3.8.0.pom
[INFO] Downloading from central: https://repo.maven.apache.org/maven2/org/mongodb/bson/3.8.0/bson-3.8.0.pom
[INFO] Downloaded from central: https://repo.maven.apache.org/maven2/org/mongodb/bson/3.8.0/bson-3.8.0.pom (1.3 kB at 167 kB/s)
[INFO] Downloading from bintray-g4s8-maven: https://dl.bintray.com/g4s8/mvn/org/mongodb/mongodb-driver-core/3.8.0/mongodb-driver-core-3.8.0.pom
[INFO] Downloading from central: https://repo.maven.apache.org/maven2/org/mongodb/mongodb-driver-core/3.8.0/mongodb-driver-core-3.8.0.pom
[INFO] Downloaded from central: https://repo.maven.apache.org/maven2/org/mongodb/mongodb-driver-core/3.8.0/mongodb-driver-core-3.8.0.pom (2.8 kB at 15 kB/s)
[INFO] Downloading from bintray-g4s8-maven: https://dl.bintray.com/g4s8/mvn/de/flapdoodle/embed/de.flapdoodle.embed.mongo/2.0.3/de.flapdoodle.embed.mongo-2.0.3.pom
[INFO] Downloading from central: https://repo.maven.apache.org/maven2/de/flapdoodle/embed/de.flapdoodle.embed.mongo/2.0.3/de.flapdoodle.embed.mongo-2.0.3.pom
[INFO] Downloaded from central: https://repo.maven.apache.org/maven2/de/flapdoodle/embed/de.flapdoodle.embed.mongo/2.0.3/de.flapdoodle.embed.mongo-2.0.3.pom (11 kB at 1.1 MB/s)
[INFO] Downloading from bintray-g4s8-maven: https://dl.bintray.com/g4s8/mvn/de/flapdoodle/embed/de.flapdoodle.embed.process/2.0.2/de.flapdoodle.embed.process-2.0.2.pom
[INFO] Downloading from central: https://repo.maven.apache.org/maven2/de/flapdoodle/embed/de.flapdoodle.embed.process/2.0.2/de.flapdoodle.embed.process-2.0.2.pom
[INFO] Downloaded from central: https://repo.maven.apache.org/maven2/de/flapdoodle/embed/de.flapdoodle.embed.process/2.0.2/de.flapdoodle.embed.process-2.0.2.pom (13 kB at 1.1 MB/s)
[INFO] Downloading from bintray-g4s8-maven: https://dl.bintray.com/g4s8/mvn/org/apache/commons/commons-lang3/3.6/commons-lang3-3.6.pom
[INFO] Downloading from central: https://repo.maven.apache.org/maven2/org/apache/commons/commons-lang3/3.6/commons-lang3-3.6.pom
[INFO] Downloaded from central: https://repo.maven.apache.org/maven2/org/apache/commons/commons-lang3/3.6/commons-lang3-3.6.pom (27 kB at 2.3 MB/s)
[INFO] Downloading from bintray-g4s8-maven: https://dl.bintray.com/g4s8/mvn/net/java/dev/jna/jna-platform/4.0.0/jna-platform-4.0.0.pom
[INFO] Downloading from central: https://repo.maven.apache.org/maven2/net/java/dev/jna/jna-platform/4.0.0/jna-platform-4.0.0.pom
[INFO] Downloaded from central: https://repo.maven.apache.org/maven2/net/java/dev/jna/jna-platform/4.0.0/jna-platform-4.0.0.pom (1.5 kB at 166 kB/s)
[INFO] Downloading from bintray-g4s8-maven: https://dl.bintray.com/g4s8/mvn/org/apache/commons/commons-compress/1.10/commons-compress-1.10.pom
[INFO] Downloading from central: https://repo.maven.apache.org/maven2/org/apache/commons/commons-compress/1.10/commons-compress-1.10.pom
[INFO] Downloaded from central: https://repo.maven.apache.org/maven2/org/apache/commons/commons-compress/1.10/commons-compress-1.10.pom (13 kB at 1.4 MB/s)
[INFO] Downloading from bintray-g4s8-maven: https://dl.bintray.com/g4s8/mvn/org/projectlombok/lombok/1.16.18/lombok-1.16.18.pom
[INFO] Downloading from central: https://repo.maven.apache.org/maven2/org/projectlombok/lombok/1.16.18/lombok-1.16.18.pom
[INFO] Downloaded from central: https://repo.maven.apache.org/maven2/org/projectlombok/lombok/1.16.18/lombok-1.16.18.pom (1.6 kB at 121 kB/s)
[INFO] Downloading from bintray-g4s8-maven: https://dl.bintray.com/g4s8/mvn/org/twitter4j/twitter4j-core/4.0.6/twitter4j-core-4.0.6.pom
[INFO] Downloading from central: https://repo.maven.apache.org/maven2/org/twitter4j/twitter4j-core/4.0.6/twitter4j-core-4.0.6.pom
[INFO] Downloaded from central: https://repo.maven.apache.org/maven2/org/twitter4j/twitter4j-core/4.0.6/twitter4j-core-4.0.6.pom (9.1 kB at 829 kB/s)
[INFO] Downloading from bintray-g4s8-maven: https://dl.bintray.com/g4s8/mvn/org/codehaus/groovy/groovy-all/2.4.15/groovy-all-2.4.15.pom
[INFO] Downloading from central: https://repo.maven.apache.org/maven2/org/codehaus/groovy/groovy-all/2.4.15/groovy-all-2.4.15.pom
[INFO] Downloaded from central: https://repo.maven.apache.org/maven2/org/codehaus/groovy/groovy-all/2.4.15/groovy-all-2.4.15.pom (22 kB at 2.2 MB/s)
[INFO] Downloading from bintray-g4s8-maven: https://dl.bintray.com/g4s8/mvn/org/takes/takes/1.11.2/takes-1.11.2.pom
[INFO] Downloading from central: https://repo.maven.apache.org/maven2/org/takes/takes/1.11.2/takes-1.11.2.pom
[INFO] Downloaded from central: https://repo.maven.apache.org/maven2/org/takes/takes/1.11.2/takes-1.11.2.pom (13 kB at 122 kB/s)
[INFO] Downloading from bintray-g4s8-maven: https://dl.bintray.com/g4s8/mvn/com/github/mongobee/mongobee/0.13/mongobee-0.13.pom
[INFO] Downloading from central: https://repo.maven.apache.org/maven2/com/github/mongobee/mongobee/0.13/mongobee-0.13.pom
[INFO] Downloaded from central: https://repo.maven.apache.org/maven2/com/github/mongobee/mongobee/0.13/mongobee-0.13.pom (7.6 kB at 37 kB/s)
[INFO] Downloading from bintray-g4s8-maven: https://dl.bintray.com/g4s8/mvn/org/springframework/spring-beans/4.0.6.RELEASE/spring-beans-4.0.6.RELEASE.pom
[INFO] Downloading from central: https://repo.maven.apache.org/maven2/org/springframework/spring-beans/4.0.6.RELEASE/spring-beans-4.0.6.RELEASE.pom
[INFO] Downloaded from central: https://repo.maven.apache.org/maven2/org/springframework/spring-beans/4.0.6.RELEASE/spring-beans-4.0.6.RELEASE.pom (2.3 kB at 288 kB/s)
[INFO] Downloading from bintray-g4s8-maven: https://dl.bintray.com/g4s8/mvn/org/springframework/spring-core/4.0.6.RELEASE/spring-core-4.0.6.RELEASE.pom
[INFO] Downloading from central: https://repo.maven.apache.org/maven2/org/springframework/spring-core/4.0.6.RELEASE/spring-core-4.0.6.RELEASE.pom
[INFO] Downloaded from central: https://repo.maven.apache.org/maven2/org/springframework/spring-core/4.0.6.RELEASE/spring-core-4.0.6.RELEASE.pom (2.3 kB at 286 kB/s)
[INFO] Downloading from bintray-g4s8-maven: https://dl.bintray.com/g4s8/mvn/org/springframework/spring-context/4.0.6.RELEASE/spring-context-4.0.6.RELEASE.pom
[INFO] Downloading from central: https://repo.maven.apache.org/maven2/org/springframework/spring-context/4.0.6.RELEASE/spring-context-4.0.6.RELEASE.pom
[INFO] Downloaded from central: https://repo.maven.apache.org/maven2/org/springframework/spring-context/4.0.6.RELEASE/spring-context-4.0.6.RELEASE.pom (4.8 kB at 284 kB/s)
[INFO] Downloading from bintray-g4s8-maven: https://dl.bintray.com/g4s8/mvn/org/springframework/spring-aop/4.0.6.RELEASE/spring-aop-4.0.6.RELEASE.pom
[INFO] Downloading from central: https://repo.maven.apache.org/maven2/org/springframework/spring-aop/4.0.6.RELEASE/spring-aop-4.0.6.RELEASE.pom
[INFO] Downloaded from central: https://repo.maven.apache.org/maven2/org/springframework/spring-aop/4.0.6.RELEASE/spring-aop-4.0.6.RELEASE.pom (2.7 kB at 177 kB/s)
[INFO] Downloading from bintray-g4s8-maven: https://dl.bintray.com/g4s8/mvn/org/springframework/spring-expression/4.0.6.RELEASE/spring-expression-4.0.6.RELEASE.pom
[INFO] Downloading from central: https://repo.maven.apache.org/maven2/org/springframework/spring-expression/4.0.6.RELEASE/spring-expression-4.0.6.RELEASE.pom
[INFO] Downloaded from central: https://repo.maven.apache.org/maven2/org/springframework/spring-expression/4.0.6.RELEASE/spring-expression-4.0.6.RELEASE.pom (1.7 kB at 216 kB/s)
[INFO] Downloading from bintray-g4s8-maven: https://dl.bintray.com/g4s8/mvn/org/reflections/reflections/0.9.9/reflections-0.9.9.pom
[INFO] Downloading from central: https://repo.maven.apache.org/maven2/org/reflections/reflections/0.9.9/reflections-0.9.9.pom
[INFO] Downloaded from central: https://repo.maven.apache.org/maven2/org/reflections/reflections/0.9.9/reflections-0.9.9.pom (9.1 kB at 1.0 MB/s)
[INFO] Downloading from bintray-g4s8-maven: https://dl.bintray.com/g4s8/mvn/org/javassist/javassist/3.18.2-GA/javassist-3.18.2-GA.pom
[INFO] Downloading from central: https://repo.maven.apache.org/maven2/org/javassist/javassist/3.18.2-GA/javassist-3.18.2-GA.pom
[INFO] Downloaded from central: https://repo.maven.apache.org/maven2/org/javassist/javassist/3.18.2-GA/javassist-3.18.2-GA.pom (9.5 kB at 732 kB/s)
[INFO] Downloading from bintray-g4s8-maven: https://dl.bintray.com/g4s8/mvn/com/google/code/findbugs/annotations/2.0.1/annotations-2.0.1.pom
[INFO] Downloading from central: https://repo.maven.apache.org/maven2/com/google/code/findbugs/annotations/2.0.1/annotations-2.0.1.pom
[INFO] Downloaded from central: https://repo.maven.apache.org/maven2/com/google/code/findbugs/annotations/2.0.1/annotations-2.0.1.pom (764 B at 109 kB/s)
[INFO] Downloading from bintray-g4s8-maven: https://dl.bintray.com/g4s8/mvn/org/jongo/jongo/1.3.0/jongo-1.3.0.pom
[INFO] Downloading from central: https://repo.maven.apache.org/maven2/org/jongo/jongo/1.3.0/jongo-1.3.0.pom
[INFO] Downloaded from central: https://repo.maven.apache.org/maven2/org/jongo/jongo/1.3.0/jongo-1.3.0.pom (18 kB at 1.5 MB/s)
[INFO] Downloading from bintray-g4s8-maven: https://dl.bintray.com/g4s8/mvn/com/fasterxml/jackson/core/jackson-core/2.7.3/jackson-core-2.7.3.pom
[INFO] Downloading from central: https://repo.maven.apache.org/maven2/com/fasterxml/jackson/core/jackson-core/2.7.3/jackson-core-2.7.3.pom
[INFO] Downloaded from central: https://repo.maven.apache.org/maven2/com/fasterxml/jackson/core/jackson-core/2.7.3/jackson-core-2.7.3.pom (5.1 kB at 633 kB/s)
[INFO] Downloading from bintray-g4s8-maven: https://dl.bintray.com/g4s8/mvn/com/fasterxml/jackson/core/jackson-databind/2.7.3/jackson-databind-2.7.3.pom
[INFO] Downloading from central: https://repo.maven.apache.org/maven2/com/fasterxml/jackson/core/jackson-databind/2.7.3/jackson-databind-2.7.3.pom
[INFO] Downloaded from central: https://repo.maven.apache.org/maven2/com/fasterxml/jackson/core/jackson-databind/2.7.3/jackson-databind-2.7.3.pom (5.2 kB at 433 kB/s)
[INFO] Downloading from bintray-g4s8-maven: https://dl.bintray.com/g4s8/mvn/com/fasterxml/jackson/core/jackson-annotations/2.7.3/jackson-annotations-2.7.3.pom
[INFO] Downloading from central: https://repo.maven.apache.org/maven2/com/fasterxml/jackson/core/jackson-annotations/2.7.3/jackson-annotations-2.7.3.pom
[INFO] Downloaded from central: https://repo.maven.apache.org/maven2/com/fasterxml/jackson/core/jackson-annotations/2.7.3/jackson-annotations-2.7.3.pom (1.5 kB at 162 kB/s)
[INFO] Downloading from bintray-g4s8-maven: https://dl.bintray.com/g4s8/mvn/de/undercouch/bson4jackson/2.7.0/bson4jackson-2.7.0.pom
[INFO] Downloading from central: https://repo.maven.apache.org/maven2/de/undercouch/bson4jackson/2.7.0/bson4jackson-2.7.0.pom
[INFO] Downloaded from central: https://repo.maven.apache.org/maven2/de/undercouch/bson4jackson/2.7.0/bson4jackson-2.7.0.pom (1.9 kB at 211 kB/s)
[INFO] Downloading from bintray-g4s8-maven: https://dl.bintray.com/g4s8/mvn/org/springframework/data/spring-data-mongodb/1.6.1.RELEASE/spring-data-mongodb-1.6.1.RELEASE.pom
[INFO] Downloading from central: https://repo.maven.apache.org/maven2/org/springframework/data/spring-data-mongodb/1.6.1.RELEASE/spring-data-mongodb-1.6.1.RELEASE.pom
[INFO] Downloaded from central: https://repo.maven.apache.org/maven2/org/springframework/data/spring-data-mongodb/1.6.1.RELEASE/spring-data-mongodb-1.6.1.RELEASE.pom (5.3 kB at 27 kB/s)
[INFO] Downloading from bintray-g4s8-maven: https://dl.bintray.com/g4s8/mvn/org/springframework/data/spring-data-mongodb-parent/1.6.1.RELEASE/spring-data-mongodb-parent-1.6.1.RELEASE.pom
[INFO] Downloading from central: https://repo.maven.apache.org/maven2/org/springframework/data/spring-data-mongodb-parent/1.6.1.RELEASE/spring-data-mongodb-parent-1.6.1.RELEASE.pom
[INFO] Downloaded from central: https://repo.maven.apache.org/maven2/org/springframework/data/spring-data-mongodb-parent/1.6.1.RELEASE/spring-data-mongodb-parent-1.6.1.RELEASE.pom (4.2 kB at 17 kB/s)
[INFO] Downloading from bintray-g4s8-maven: https://dl.bintray.com/g4s8/mvn/org/springframework/data/build/spring-data-parent/1.5.1.RELEASE/spring-data-parent-1.5.1.RELEASE.pom
[INFO] Downloading from central: https://repo.maven.apache.org/maven2/org/springframework/data/build/spring-data-parent/1.5.1.RELEASE/spring-data-parent-1.5.1.RELEASE.pom
[INFO] Downloaded from central: https://repo.maven.apache.org/maven2/org/springframework/data/build/spring-data-parent/1.5.1.RELEASE/spring-data-parent-1.5.1.RELEASE.pom (21 kB at 2.1 MB/s)
[INFO] Downloading from bintray-g4s8-maven: https://dl.bintray.com/g4s8/mvn/org/springframework/data/build/spring-data-build/1.5.1.RELEASE/spring-data-build-1.5.1.RELEASE.pom
[INFO] Downloading from central: https://repo.maven.apache.org/maven2/org/springframework/data/build/spring-data-build/1.5.1.RELEASE/spring-data-build-1.5.1.RELEASE.pom
[INFO] Downloaded from central: https://repo.maven.apache.org/maven2/org/springframework/data/build/spring-data-build/1.5.1.RELEASE/spring-data-build-1.5.1.RELEASE.pom (2.4 kB at 267 kB/s)
[INFO] Downloading from bintray-g4s8-maven: https://dl.bintray.com/g4s8/mvn/org/springframework/spring-framework-bom/4.0.7.RELEASE/spring-framework-bom-4.0.7.RELEASE.pom
[INFO] Downloading from central: https://repo.maven.apache.org/maven2/org/springframework/spring-framework-bom/4.0.7.RELEASE/spring-framework-bom-4.0.7.RELEASE.pom
[INFO] Downloaded from central: https://repo.maven.apache.org/maven2/org/springframework/spring-framework-bom/4.0.7.RELEASE/spring-framework-bom-4.0.7.RELEASE.pom (5.1 kB at 427 kB/s)
[INFO] Downloading from bintray-g4s8-maven: https://dl.bintray.com/g4s8/mvn/org/springframework/spring-tx/4.0.7.RELEASE/spring-tx-4.0.7.RELEASE.pom
[INFO] Downloading from central: https://repo.maven.apache.org/maven2/org/springframework/spring-tx/4.0.7.RELEASE/spring-tx-4.0.7.RELEASE.pom
[INFO] Downloaded from central: https://repo.maven.apache.org/maven2/org/springframework/spring-tx/4.0.7.RELEASE/spring-tx-4.0.7.RELEASE.pom (3.4 kB at 241 kB/s)
[INFO] Downloading from bintray-g4s8-maven: https://dl.bintray.com/g4s8/mvn/org/springframework/spring-beans/4.0.7.RELEASE/spring-beans-4.0.7.RELEASE.pom
[INFO] Downloading from central: https://repo.maven.apache.org/maven2/org/springframework/spring-beans/4.0.7.RELEASE/spring-beans-4.0.7.RELEASE.pom
[INFO] Downloaded from central: https://repo.maven.apache.org/maven2/org/springframework/spring-beans/4.0.7.RELEASE/spring-beans-4.0.7.RELEASE.pom (2.3 kB at 256 kB/s)
[INFO] Downloading from bintray-g4s8-maven: https://dl.bintray.com/g4s8/mvn/org/springframework/spring-core/4.0.7.RELEASE/spring-core-4.0.7.RELEASE.pom
[INFO] Downloading from central: https://repo.maven.apache.org/maven2/org/springframework/spring-core/4.0.7.RELEASE/spring-core-4.0.7.RELEASE.pom
[INFO] Downloaded from central: https://repo.maven.apache.org/maven2/org/springframework/spring-core/4.0.7.RELEASE/spring-core-4.0.7.RELEASE.pom (2.3 kB at 326 kB/s)
[INFO] Downloading from bintray-g4s8-maven: https://dl.bintray.com/g4s8/mvn/org/springframework/spring-context/4.0.7.RELEASE/spring-context-4.0.7.RELEASE.pom
[INFO] Downloading from central: https://repo.maven.apache.org/maven2/org/springframework/spring-context/4.0.7.RELEASE/spring-context-4.0.7.RELEASE.pom
[INFO] Downloaded from central: https://repo.maven.apache.org/maven2/org/springframework/spring-context/4.0.7.RELEASE/spring-context-4.0.7.RELEASE.pom (4.8 kB at 604 kB/s)
[INFO] Downloading from bintray-g4s8-maven: https://dl.bintray.com/g4s8/mvn/org/springframework/spring-aop/4.0.7.RELEASE/spring-aop-4.0.7.RELEASE.pom
[INFO] Downloading from central: https://repo.maven.apache.org/maven2/org/springframework/spring-aop/4.0.7.RELEASE/spring-aop-4.0.7.RELEASE.pom
[INFO] Downloaded from central: https://repo.maven.apache.org/maven2/org/springframework/spring-aop/4.0.7.RELEASE/spring-aop-4.0.7.RELEASE.pom (2.7 kB at 332 kB/s)
[INFO] Downloading from bintray-g4s8-maven: https://dl.bintray.com/g4s8/mvn/org/springframework/spring-expression/4.0.7.RELEASE/spring-expression-4.0.7.RELEASE.pom
[INFO] Downloading from central: https://repo.maven.apache.org/maven2/org/springframework/spring-expression/4.0.7.RELEASE/spring-expression-4.0.7.RELEASE.pom
[INFO] Downloaded from central: https://repo.maven.apache.org/maven2/org/springframework/spring-expression/4.0.7.RELEASE/spring-expression-4.0.7.RELEASE.pom (1.7 kB at 216 kB/s)
[INFO] Downloading from bintray-g4s8-maven: https://dl.bintray.com/g4s8/mvn/org/springframework/data/spring-data-commons/1.9.1.RELEASE/spring-data-commons-1.9.1.RELEASE.pom
[INFO] Downloading from central: https://repo.maven.apache.org/maven2/org/springframework/data/spring-data-commons/1.9.1.RELEASE/spring-data-commons-1.9.1.RELEASE.pom
[INFO] Downloaded from central: https://repo.maven.apache.org/maven2/org/springframework/data/spring-data-commons/1.9.1.RELEASE/spring-data-commons-1.9.1.RELEASE.pom (6.4 kB at 714 kB/s)
[INFO] Downloading from bintray-g4s8-maven: https://dl.bintray.com/g4s8/mvn/com/amazonaws/aws-java-sdk-core/1.11.211/aws-java-sdk-core-1.11.211.pom
[INFO] Downloading from central: https://repo.maven.apache.org/maven2/com/amazonaws/aws-java-sdk-core/1.11.211/aws-java-sdk-core-1.11.211.pom
[INFO] Downloaded from central: https://repo.maven.apache.org/maven2/com/amazonaws/aws-java-sdk-core/1.11.211/aws-java-sdk-core-1.11.211.pom (4.3 kB at 127 kB/s)
[INFO] Downloading from bintray-g4s8-maven: https://dl.bintray.com/g4s8/mvn/com/amazonaws/aws-java-sdk-pom/1.11.211/aws-java-sdk-pom-1.11.211.pom
[INFO] Downloading from central: https://repo.maven.apache.org/maven2/com/amazonaws/aws-java-sdk-pom/1.11.211/aws-java-sdk-pom-1.11.211.pom
[INFO] Downloaded from central: https://repo.maven.apache.org/maven2/com/amazonaws/aws-java-sdk-pom/1.11.211/aws-java-sdk-pom-1.11.211.pom (11 kB at 1.6 MB/s)
[INFO] Downloading from bintray-g4s8-maven: https://dl.bintray.com/g4s8/mvn/com/amazonaws/aws-java-sdk-s3/1.11.211/aws-java-sdk-s3-1.11.211.pom
[INFO] Downloading from central: https://repo.maven.apache.org/maven2/com/amazonaws/aws-java-sdk-s3/1.11.211/aws-java-sdk-s3-1.11.211.pom
[INFO] Downloaded from central: https://repo.maven.apache.org/maven2/com/amazonaws/aws-java-sdk-s3/1.11.211/aws-java-sdk-s3-1.11.211.pom (3.8 kB at 418 kB/s)
[INFO] Downloading from bintray-g4s8-maven: https://dl.bintray.com/g4s8/mvn/com/amazonaws/aws-java-sdk-kms/1.11.211/aws-java-sdk-kms-1.11.211.pom
[INFO] Downloading from central: https://repo.maven.apache.org/maven2/com/amazonaws/aws-java-sdk-kms/1.11.211/aws-java-sdk-kms-1.11.211.pom
[INFO] Downloaded from central: https://repo.maven.apache.org/maven2/com/amazonaws/aws-java-sdk-kms/1.11.211/aws-java-sdk-kms-1.11.211.pom (3.5 kB at 98 kB/s)
[INFO] Downloading from bintray-g4s8-maven: https://dl.bintray.com/g4s8/mvn/com/amazonaws/jmespath-java/1.11.211/jmespath-java-1.11.211.pom
[INFO] Downloading from central: https://repo.maven.apache.org/maven2/com/amazonaws/jmespath-java/1.11.211/jmespath-java-1.11.211.pom
[INFO] Downloaded from central: https://repo.maven.apache.org/maven2/com/amazonaws/jmespath-java/1.11.211/jmespath-java-1.11.211.pom (3.4 kB at 34 kB/s)
[INFO] Downloading from bintray-g4s8-maven: https://dl.bintray.com/g4s8/mvn/com/amazonaws/aws-java-sdk-dynamodb/1.11.211/aws-java-sdk-dynamodb-1.11.211.pom
[INFO] Downloading from central: https://repo.maven.apache.org/maven2/com/amazonaws/aws-java-sdk-dynamodb/1.11.211/aws-java-sdk-dynamodb-1.11.211.pom
[INFO] Downloaded from central: https://repo.maven.apache.org/maven2/com/amazonaws/aws-java-sdk-dynamodb/1.11.211/aws-java-sdk-dynamodb-1.11.211.pom (4.4 kB at 44 kB/s)
[INFO] Downloading from bintray-g4s8-maven: https://dl.bintray.com/g4s8/mvn/com/amazonaws/aws-java-sdk-sqs/1.11.211/aws-java-sdk-sqs-1.11.211.pom
[INFO] Downloading from central: https://repo.maven.apache.org/maven2/com/amazonaws/aws-java-sdk-sqs/1.11.211/aws-java-sdk-sqs-1.11.211.pom
[INFO] Downloaded from central: https://repo.maven.apache.org/maven2/com/amazonaws/aws-java-sdk-sqs/1.11.211/aws-java-sdk-sqs-1.11.211.pom (3.5 kB at 35 kB/s)
[INFO] Downloading from bintray-g4s8-maven: https://dl.bintray.com/g4s8/mvn/com/amazonaws/aws-java-sdk-cloudwatch/1.11.211/aws-java-sdk-cloudwatch-1.11.211.pom
[INFO] Downloading from central: https://repo.maven.apache.org/maven2/com/amazonaws/aws-java-sdk-cloudwatch/1.11.211/aws-java-sdk-cloudwatch-1.11.211.pom
[INFO] Downloaded from central: https://repo.maven.apache.org/maven2/com/amazonaws/aws-java-sdk-cloudwatch/1.11.211/aws-java-sdk-cloudwatch-1.11.211.pom (3.6 kB at 36 kB/s)
[INFO] Downloading from bintray-g4s8-maven: https://dl.bintray.com/g4s8/mvn/org/slf4j/slf4j-log4j12/1.8.0-alpha2/slf4j-log4j12-1.8.0-alpha2.pom
[INFO] Downloading from central: https://repo.maven.apache.org/maven2/org/slf4j/slf4j-log4j12/1.8.0-alpha2/slf4j-log4j12-1.8.0-alpha2.pom
[INFO] Downloaded from central: https://repo.maven.apache.org/maven2/org/slf4j/slf4j-log4j12/1.8.0-alpha2/slf4j-log4j12-1.8.0-alpha2.pom (2.0 kB at 197 kB/s)
[INFO] Downloading from bintray-g4s8-maven: https://dl.bintray.com/g4s8/mvn/org/slf4j/slf4j-parent/1.8.0-alpha2/slf4j-parent-1.8.0-alpha2.pom
[INFO] Downloading from central: https://repo.maven.apache.org/maven2/org/slf4j/slf4j-parent/1.8.0-alpha2/slf4j-parent-1.8.0-alpha2.pom
[INFO] Downloaded from central: https://repo.maven.apache.org/maven2/org/slf4j/slf4j-parent/1.8.0-alpha2/slf4j-parent-1.8.0-alpha2.pom (15 kB at 1.7 MB/s)
[INFO] Downloading from bintray-g4s8-maven: https://dl.bintray.com/g4s8/mvn/org/slf4j/slf4j-api/1.8.0-alpha2/slf4j-api-1.8.0-alpha2.pom
[INFO] Downloading from central: https://repo.maven.apache.org/maven2/org/slf4j/slf4j-api/1.8.0-alpha2/slf4j-api-1.8.0-alpha2.pom
[INFO] Downloaded from central: https://repo.maven.apache.org/maven2/org/slf4j/slf4j-api/1.8.0-alpha2/slf4j-api-1.8.0-alpha2.pom (1.6 kB at 105 kB/s)
[INFO] Downloading from bintray-g4s8-maven: https://dl.bintray.com/g4s8/mvn/com/jcabi/jcabi-s3/0.18/jcabi-s3-0.18.pom
[INFO] Downloading from central: https://repo.maven.apache.org/maven2/com/jcabi/jcabi-s3/0.18/jcabi-s3-0.18.pom
[INFO] Downloaded from central: https://repo.maven.apache.org/maven2/com/jcabi/jcabi-s3/0.18/jcabi-s3-0.18.pom (5.3 kB at 28 kB/s)
[INFO] Downloading from bintray-g4s8-maven: https://dl.bintray.com/g4s8/mvn/com/jcabi/jcabi-aspects/0.22.6/jcabi-aspects-0.22.6.pom
[INFO] Downloading from central: https://repo.maven.apache.org/maven2/com/jcabi/jcabi-aspects/0.22.6/jcabi-aspects-0.22.6.pom
[INFO] Downloaded from central: https://repo.maven.apache.org/maven2/com/jcabi/jcabi-aspects/0.22.6/jcabi-aspects-0.22.6.pom (11 kB at 1.1 MB/s)
[INFO] Downloading from bintray-g4s8-maven: https://dl.bintray.com/g4s8/mvn/com/jcabi/jcabi-log/0.17.2/jcabi-log-0.17.2.pom
[INFO] Downloading from central: https://repo.maven.apache.org/maven2/com/jcabi/jcabi-log/0.17.2/jcabi-log-0.17.2.pom
[INFO] Downloaded from central: https://repo.maven.apache.org/maven2/com/jcabi/jcabi-log/0.17.2/jcabi-log-0.17.2.pom (6.6 kB at 827 kB/s)
[INFO] Downloading from bintray-g4s8-maven: https://dl.bintray.com/g4s8/mvn/com/jcabi/jcabi/1.20.1/jcabi-1.20.1.pom
[INFO] Downloading from central: https://repo.maven.apache.org/maven2/com/jcabi/jcabi/1.20.1/jcabi-1.20.1.pom
[INFO] Downloaded from central: https://repo.maven.apache.org/maven2/com/jcabi/jcabi/1.20.1/jcabi-1.20.1.pom (0 B at 0 B/s)
[INFO] Downloading from bintray-g4s8-maven: https://dl.bintray.com/g4s8/mvn/org/aspectj/aspectjrt/1.8.11/aspectjrt-1.8.11.pom
[INFO] Downloading from central: https://repo.maven.apache.org/maven2/org/aspectj/aspectjrt/1.8.11/aspectjrt-1.8.11.pom
[INFO] Downloaded from central: https://repo.maven.apache.org/maven2/org/aspectj/aspectjrt/1.8.11/aspectjrt-1.8.11.pom (1.0 kB at 52 kB/s)
[INFO] Downloading from bintray-g4s8-maven: https://dl.bintray.com/g4s8/mvn/javax/validation/validation-api/2.0.0.Final/validation-api-2.0.0.Final.pom
[INFO] Downloading from central: https://repo.maven.apache.org/maven2/javax/validation/validation-api/2.0.0.Final/validation-api-2.0.0.Final.pom
[INFO] Downloaded from central: https://repo.maven.apache.org/maven2/javax/validation/validation-api/2.0.0.Final/validation-api-2.0.0.Final.pom (12 kB at 1.3 MB/s)
[INFO] Downloading from bintray-g4s8-maven: https://dl.bintray.com/g4s8/mvn/com/jcabi/jcabi-dynamo/0.21.4/jcabi-dynamo-0.21.4.pom
[INFO] Downloading from central: https://repo.maven.apache.org/maven2/com/jcabi/jcabi-dynamo/0.21.4/jcabi-dynamo-0.21.4.pom
[INFO] Downloaded from central: https://repo.maven.apache.org/maven2/com/jcabi/jcabi-dynamo/0.21.4/jcabi-dynamo-0.21.4.pom (11 kB at 53 kB/s)
[INFO] Downloading from bintray-g4s8-maven: https://dl.bintray.com/g4s8/mvn/com/jcabi/jcabi/1.22/jcabi-1.22.pom
[INFO] Downloading from central: https://repo.maven.apache.org/maven2/com/jcabi/jcabi/1.22/jcabi-1.22.pom
[INFO] Downloaded from central: https://repo.maven.apache.org/maven2/com/jcabi/jcabi/1.22/jcabi-1.22.pom (6.5 kB at 66 kB/s)
[INFO] Downloading from bintray-g4s8-maven: https://dl.bintray.com/g4s8/mvn/com/jcabi/parent/0.41/parent-0.41.pom
[INFO] Downloading from central: https://repo.maven.apache.org/maven2/com/jcabi/parent/0.41/parent-0.41.pom
[INFO] Downloaded from central: https://repo.maven.apache.org/maven2/com/jcabi/parent/0.41/parent-0.41.pom (75 kB at 698 kB/s)
[INFO] Downloading from bintray-g4s8-maven: https://dl.bintray.com/g4s8/mvn/com/jcabi/jcabi-xml/0.21.4/jcabi-xml-0.21.4.pom
[INFO] Downloading from central: https://repo.maven.apache.org/maven2/com/jcabi/jcabi-xml/0.21.4/jcabi-xml-0.21.4.pom
[INFO] Downloaded from central: https://repo.maven.apache.org/maven2/com/jcabi/jcabi-xml/0.21.4/jcabi-xml-0.21.4.pom (8.2 kB at 85 kB/s)
[INFO] Downloading from bintray-g4s8-maven: https://dl.bintray.com/g4s8/mvn/org/cactoos/cactoos/0.20/cactoos-0.20.pom
[INFO] Downloading from central: https://repo.maven.apache.org/maven2/org/cactoos/cactoos/0.20/cactoos-0.20.pom
[INFO] Downloaded from central: https://repo.maven.apache.org/maven2/org/cactoos/cactoos/0.20/cactoos-0.20.pom (8.8 kB at 80 kB/s)
[INFO] Downloading from bintray-g4s8-maven: https://dl.bintray.com/g4s8/mvn/com/jcabi/parent/0.48.6/parent-0.48.6.pom
[INFO] Downloading from central: https://repo.maven.apache.org/maven2/com/jcabi/parent/0.48.6/parent-0.48.6.pom
[INFO] Downloaded from central: https://repo.maven.apache.org/maven2/com/jcabi/parent/0.48.6/parent-0.48.6.pom (74 kB at 635 kB/s)
[INFO] Downloading from bintray-g4s8-maven: https://dl.bintray.com/g4s8/mvn/com/jcabi/incubator/xembly/0.22.1/xembly-0.22.1.pom
[INFO] Downloading from central: https://repo.maven.apache.org/maven2/com/jcabi/incubator/xembly/0.22.1/xembly-0.22.1.pom
[INFO] Downloaded from central: https://repo.maven.apache.org/maven2/com/jcabi/incubator/xembly/0.22.1/xembly-0.22.1.pom (12 kB at 61 kB/s)
[INFO] Downloading from bintray-g4s8-maven: https://dl.bintray.com/g4s8/mvn/org/apache/commons/commons-text/1.1/commons-text-1.1.pom
[INFO] Downloading from central: https://repo.maven.apache.org/maven2/org/apache/commons/commons-text/1.1/commons-text-1.1.pom
[INFO] Downloaded from central: https://repo.maven.apache.org/maven2/org/apache/commons/commons-text/1.1/commons-text-1.1.pom (15 kB at 590 kB/s)
[INFO] Downloading from bintray-g4s8-maven: https://dl.bintray.com/g4s8/mvn/com/jcabi/jcabi-log/0.17.3/jcabi-log-0.17.3.pom
[INFO] Downloading from central: https://repo.maven.apache.org/maven2/com/jcabi/jcabi-log/0.17.3/jcabi-log-0.17.3.pom
[INFO] Downloaded from central: https://repo.maven.apache.org/maven2/com/jcabi/jcabi-log/0.17.3/jcabi-log-0.17.3.pom (5.2 kB at 53 kB/s)
[INFO] Downloading from bintray-g4s8-maven: https://dl.bintray.com/g4s8/mvn/com/jcabi/jcabi-matchers/1.4/jcabi-matchers-1.4.pom
[INFO] Downloading from central: https://repo.maven.apache.org/maven2/com/jcabi/jcabi-matchers/1.4/jcabi-matchers-1.4.pom
[INFO] Downloaded from central: https://repo.maven.apache.org/maven2/com/jcabi/jcabi-matchers/1.4/jcabi-matchers-1.4.pom (7.5 kB at 419 kB/s)
[INFO] Downloading from bintray-g4s8-maven: https://dl.bintray.com/g4s8/mvn/com/jcabi/jcabi/1.23/jcabi-1.23.pom
[INFO] Downloading from central: https://repo.maven.apache.org/maven2/com/jcabi/jcabi/1.23/jcabi-1.23.pom
[INFO] Downloaded from central: https://repo.maven.apache.org/maven2/com/jcabi/jcabi/1.23/jcabi-1.23.pom (6.1 kB at 31 kB/s)
[INFO] Downloading from bintray-g4s8-maven: https://dl.bintray.com/g4s8/mvn/com/jcabi/parent/0.48.3/parent-0.48.3.pom
[INFO] Downloading from central: https://repo.maven.apache.org/maven2/com/jcabi/parent/0.48.3/parent-0.48.3.pom
[INFO] Downloaded from central: https://repo.maven.apache.org/maven2/com/jcabi/parent/0.48.3/parent-0.48.3.pom (76 kB at 3.8 MB/s)
[WARNING] The POM for org.glassfish.jaxb:jaxb-runtime:jar:2.2.11 is invalid, transitive dependencies (if any) will not be available, enable debug logging for more details
[INFO] Downloading from bintray-g4s8-maven: https://dl.bintray.com/g4s8/mvn/com/jcabi/jcabi-github/0.41/jcabi-github-0.41.pom
[INFO] Downloading from central: https://repo.maven.apache.org/maven2/com/jcabi/jcabi-github/0.41/jcabi-github-0.41.pom
[INFO] Downloaded from central: https://repo.maven.apache.org/maven2/com/jcabi/jcabi-github/0.41/jcabi-github-0.41.pom (9.1 kB at 86 kB/s)
[INFO] Downloading from bintray-g4s8-maven: https://dl.bintray.com/g4s8/mvn/com/jcabi/jcabi-xml/0.20.1/jcabi-xml-0.20.1.pom
[INFO] Downloading from central: https://repo.maven.apache.org/maven2/com/jcabi/jcabi-xml/0.20.1/jcabi-xml-0.20.1.pom
[INFO] Downloaded from central: https://repo.maven.apache.org/maven2/com/jcabi/jcabi-xml/0.20.1/jcabi-xml-0.20.1.pom (8.0 kB at 82 kB/s)
[INFO] Downloading from bintray-g4s8-maven: https://dl.bintray.com/g4s8/mvn/org/cactoos/cactoos/0.16/cactoos-0.16.pom
[INFO] Downloading from central: https://repo.maven.apache.org/maven2/org/cactoos/cactoos/0.16/cactoos-0.16.pom
[INFO] Downloaded from central: https://repo.maven.apache.org/maven2/org/cactoos/cactoos/0.16/cactoos-0.16.pom (8.8 kB at 981 kB/s)
[INFO] Downloading from bintray-g4s8-maven: https://dl.bintray.com/g4s8/mvn/com/jcabi/jcabi-http/1.17.1/jcabi-http-1.17.1.pom
[INFO] Downloading from central: https://repo.maven.apache.org/maven2/com/jcabi/jcabi-http/1.17.1/jcabi-http-1.17.1.pom
[INFO] Downloaded from central: https://repo.maven.apache.org/maven2/com/jcabi/jcabi-http/1.17.1/jcabi-http-1.17.1.pom (13 kB at 109 kB/s)
[INFO] Downloading from bintray-g4s8-maven: https://dl.bintray.com/g4s8/mvn/org/glassfish/javax.json/1.1/javax.json-1.1.pom
[INFO] Downloading from central: https://repo.maven.apache.org/maven2/org/glassfish/javax.json/1.1/javax.json-1.1.pom
[INFO] Downloaded from central: https://repo.maven.apache.org/maven2/org/glassfish/javax.json/1.1/javax.json-1.1.pom (9.8 kB at 1.2 MB/s)
[INFO] Downloading from bintray-g4s8-maven: https://dl.bintray.com/g4s8/mvn/org/glassfish/json/1.1/json-1.1.pom
[INFO] Downloading from central: https://repo.maven.apache.org/maven2/org/glassfish/json/1.1/json-1.1.pom
[INFO] Downloaded from central: https://repo.maven.apache.org/maven2/org/glassfish/json/1.1/json-1.1.pom (18 kB at 2.2 MB/s)
[INFO] Downloading from bintray-g4s8-maven: https://dl.bintray.com/g4s8/mvn/javax/json/javax.json-api/1.1/javax.json-api-1.1.pom
[INFO] Downloading from central: https://repo.maven.apache.org/maven2/javax/json/javax.json-api/1.1/javax.json-api-1.1.pom
[INFO] Downloaded from central: https://repo.maven.apache.org/maven2/javax/json/javax.json-api/1.1/javax.json-api-1.1.pom (6.5 kB at 261 kB/s)
[INFO] Downloading from bintray-g4s8-maven: https://dl.bintray.com/g4s8/mvn/org/hibernate/hibernate-validator/6.0.2.Final/hibernate-validator-6.0.2.Final.pom
[INFO] Downloading from central: https://repo.maven.apache.org/maven2/org/hibernate/hibernate-validator/6.0.2.Final/hibernate-validator-6.0.2.Final.pom
[INFO] Downloaded from central: https://repo.maven.apache.org/maven2/org/hibernate/hibernate-validator/6.0.2.Final/hibernate-validator-6.0.2.Final.pom (1.0 kB at 9.5 kB/s)
[INFO] Downloading from bintray-g4s8-maven: https://dl.bintray.com/g4s8/mvn/org/hibernate/validator/hibernate-validator-relocation/6.0.2.Final/hibernate-validator-relocation-6.0.2.Final.pom
[INFO] Downloading from central: https://repo.maven.apache.org/maven2/org/hibernate/validator/hibernate-validator-relocation/6.0.2.Final/hibernate-validator-relocation-6.0.2.Final.pom
[INFO] Downloaded from central: https://repo.maven.apache.org/maven2/org/hibernate/validator/hibernate-validator-relocation/6.0.2.Final/hibernate-validator-relocation-6.0.2.Final.pom (1.0 kB at 10 kB/s)
[INFO] Downloading from bintray-g4s8-maven: https://dl.bintray.com/g4s8/mvn/org/hibernate/validator/hibernate-validator-parent/6.0.2.Final/hibernate-validator-parent-6.0.2.Final.pom
[INFO] Downloading from central: https://repo.maven.apache.org/maven2/org/hibernate/validator/hibernate-validator-parent/6.0.2.Final/hibernate-validator-parent-6.0.2.Final.pom
[INFO] Downloaded from central: https://repo.maven.apache.org/maven2/org/hibernate/validator/hibernate-validator-parent/6.0.2.Final/hibernate-validator-parent-6.0.2.Final.pom (57 kB at 3.0 MB/s)
[INFO] Downloading from bintray-g4s8-maven: https://dl.bintray.com/g4s8/mvn/org/hibernate/validator/hibernate-validator/6.0.2.Final/hibernate-validator-6.0.2.Final.pom
[INFO] Downloading from central: https://repo.maven.apache.org/maven2/org/hibernate/validator/hibernate-validator/6.0.2.Final/hibernate-validator-6.0.2.Final.pom
[INFO] Downloaded from central: https://repo.maven.apache.org/maven2/org/hibernate/validator/hibernate-validator/6.0.2.Final/hibernate-validator-6.0.2.Final.pom (20 kB at 2.2 MB/s)
[INFO] Downloading from bintray-g4s8-maven: https://dl.bintray.com/g4s8/mvn/net/sf/saxon/Saxon-HE/9.8.0-5/Saxon-HE-9.8.0-5.pom
[INFO] Downloading from central: https://repo.maven.apache.org/maven2/net/sf/saxon/Saxon-HE/9.8.0-5/Saxon-HE-9.8.0-5.pom
[INFO] Downloaded from central: https://repo.maven.apache.org/maven2/net/sf/saxon/Saxon-HE/9.8.0-5/Saxon-HE-9.8.0-5.pom (3.4 kB at 240 kB/s)
[INFO] Downloading from bintray-g4s8-maven: https://dl.bintray.com/g4s8/mvn/org/glassfish/web/el-impl/2.2.1-b05/el-impl-2.2.1-b05.pom
[INFO] Downloading from central: https://repo.maven.apache.org/maven2/org/glassfish/web/el-impl/2.2.1-b05/el-impl-2.2.1-b05.pom
[INFO] Downloaded from central: https://repo.maven.apache.org/maven2/org/glassfish/web/el-impl/2.2.1-b05/el-impl-2.2.1-b05.pom (6.2 kB at 57 kB/s)
[INFO] Downloading from bintray-g4s8-maven: https://dl.bintray.com/g4s8/mvn/org/glassfish/web/el/2.2.1-b03/el-2.2.1-b03.pom
[INFO] Downloading from central: https://repo.maven.apache.org/maven2/org/glassfish/web/el/2.2.1-b03/el-2.2.1-b03.pom
[INFO] Downloaded from central: https://repo.maven.apache.org/maven2/org/glassfish/web/el/2.2.1-b03/el-2.2.1-b03.pom (6.2 kB at 213 kB/s)
[INFO] Downloading from bintray-g4s8-maven: https://dl.bintray.com/g4s8/mvn/javax/el/el-api/2.2.1-b04/el-api-2.2.1-b04.pom
[INFO] Downloading from central: https://repo.maven.apache.org/maven2/javax/el/el-api/2.2.1-b04/el-api-2.2.1-b04.pom
[INFO] Downloaded from central: https://repo.maven.apache.org/maven2/javax/el/el-api/2.2.1-b04/el-api-2.2.1-b04.pom (4.7 kB at 311 kB/s)
[INFO] Downloading from bintray-g4s8-maven: https://dl.bintray.com/g4s8/mvn/com/icegreen/greenmail/1.5.5/greenmail-1.5.5.pom
[INFO] Downloading from central: https://repo.maven.apache.org/maven2/com/icegreen/greenmail/1.5.5/greenmail-1.5.5.pom
[INFO] Downloaded from central: https://repo.maven.apache.org/maven2/com/icegreen/greenmail/1.5.5/greenmail-1.5.5.pom (2.7 kB at 27 kB/s)
[INFO] Downloading from bintray-g4s8-maven: https://dl.bintray.com/g4s8/mvn/com/icegreen/greenmail-parent/1.5.5/greenmail-parent-1.5.5.pom
[INFO] Downloading from central: https://repo.maven.apache.org/maven2/com/icegreen/greenmail-parent/1.5.5/greenmail-parent-1.5.5.pom
[INFO] Downloaded from central: https://repo.maven.apache.org/maven2/com/icegreen/greenmail-parent/1.5.5/greenmail-parent-1.5.5.pom (20 kB at 1.5 MB/s)
[INFO] Downloading from bintray-g4s8-maven: https://dl.bintray.com/g4s8/mvn/org/telegram/telegrambots/3.6/telegrambots-3.6.pom
[INFO] Downloading from central: https://repo.maven.apache.org/maven2/org/telegram/telegrambots/3.6/telegrambots-3.6.pom
[INFO] Downloaded from central: https://repo.maven.apache.org/maven2/org/telegram/telegrambots/3.6/telegrambots-3.6.pom (13 kB at 130 kB/s)
[INFO] Downloading from bintray-g4s8-maven: https://dl.bintray.com/g4s8/mvn/org/telegram/telegrambots-meta/3.6/telegrambots-meta-3.6.pom
[INFO] Downloading from central: https://repo.maven.apache.org/maven2/org/telegram/telegrambots-meta/3.6/telegrambots-meta-3.6.pom
[INFO] Downloaded from central: https://repo.maven.apache.org/maven2/org/telegram/telegrambots-meta/3.6/telegrambots-meta-3.6.pom (9.7 kB at 99 kB/s)
[INFO] Downloading from bintray-g4s8-maven: https://dl.bintray.com/g4s8/mvn/com/google/inject/guice/4.1.0/guice-4.1.0.pom
[INFO] Downloading from central: https://repo.maven.apache.org/maven2/com/google/inject/guice/4.1.0/guice-4.1.0.pom
[INFO] Downloaded from central: https://repo.maven.apache.org/maven2/com/google/inject/guice/4.1.0/guice-4.1.0.pom (11 kB at 886 kB/s)
[INFO] Downloading from bintray-g4s8-maven: https://dl.bintray.com/g4s8/mvn/com/google/inject/guice-parent/4.1.0/guice-parent-4.1.0.pom
[INFO] Downloading from central: https://repo.maven.apache.org/maven2/com/google/inject/guice-parent/4.1.0/guice-parent-4.1.0.pom
[INFO] Downloaded from central: https://repo.maven.apache.org/maven2/com/google/inject/guice-parent/4.1.0/guice-parent-4.1.0.pom (16 kB at 2.0 MB/s)
[INFO] Downloading from bintray-g4s8-maven: https://dl.bintray.com/g4s8/mvn/com/fasterxml/jackson/core/jackson-databind/2.8.7/jackson-databind-2.8.7.pom
[INFO] Downloading from central: https://repo.maven.apache.org/maven2/com/fasterxml/jackson/core/jackson-databind/2.8.7/jackson-databind-2.8.7.pom
[INFO] Downloaded from central: https://repo.maven.apache.org/maven2/com/fasterxml/jackson/core/jackson-databind/2.8.7/jackson-databind-2.8.7.pom (5.4 kB at 603 kB/s)
[INFO] Downloading from bintray-g4s8-maven: https://dl.bintray.com/g4s8/mvn/org/json/json/20160810/json-20160810.pom
[INFO] Downloading from central: https://repo.maven.apache.org/maven2/org/json/json/20160810/json-20160810.pom
[INFO] Downloaded from central: https://repo.maven.apache.org/maven2/org/json/json/20160810/json-20160810.pom (5.7 kB at 945 kB/s)
[INFO] Downloading from bintray-g4s8-maven: https://dl.bintray.com/g4s8/mvn/com/fasterxml/jackson/jaxrs/jackson-jaxrs-json-provider/2.8.7/jackson-jaxrs-json-provider-2.8.7.pom
[INFO] Downloading from central: https://repo.maven.apache.org/maven2/com/fasterxml/jackson/jaxrs/jackson-jaxrs-json-provider/2.8.7/jackson-jaxrs-json-provider-2.8.7.pom
[INFO] Downloaded from central: https://repo.maven.apache.org/maven2/com/fasterxml/jackson/jaxrs/jackson-jaxrs-json-provider/2.8.7/jackson-jaxrs-json-provider-2.8.7.pom (4.1 kB at 586 kB/s)
[INFO] Downloading from bintray-g4s8-maven: https://dl.bintray.com/g4s8/mvn/com/fasterxml/jackson/jaxrs/jackson-jaxrs-providers/2.8.7/jackson-jaxrs-providers-2.8.7.pom
[INFO] Downloading from central: https://repo.maven.apache.org/maven2/com/fasterxml/jackson/jaxrs/jackson-jaxrs-providers/2.8.7/jackson-jaxrs-providers-2.8.7.pom
[INFO] Downloaded from central: https://repo.maven.apache.org/maven2/com/fasterxml/jackson/jaxrs/jackson-jaxrs-providers/2.8.7/jackson-jaxrs-providers-2.8.7.pom (4.7 kB at 587 kB/s)
[INFO] Downloading from bintray-g4s8-maven: https://dl.bintray.com/g4s8/mvn/com/fasterxml/jackson/jaxrs/jackson-jaxrs-base/2.8.7/jackson-jaxrs-base-2.8.7.pom
[INFO] Downloading from central: https://repo.maven.apache.org/maven2/com/fasterxml/jackson/jaxrs/jackson-jaxrs-base/2.8.7/jackson-jaxrs-base-2.8.7.pom
[INFO] Downloaded from central: https://repo.maven.apache.org/maven2/com/fasterxml/jackson/jaxrs/jackson-jaxrs-base/2.8.7/jackson-jaxrs-base-2.8.7.pom (1.6 kB at 162 kB/s)
[INFO] Downloading from bintray-g4s8-maven: https://dl.bintray.com/g4s8/mvn/com/fasterxml/jackson/module/jackson-module-jaxb-annotations/2.8.7/jackson-module-jaxb-annotations-2.8.7.pom
[INFO] Downloading from central: https://repo.maven.apache.org/maven2/com/fasterxml/jackson/module/jackson-module-jaxb-annotations/2.8.7/jackson-module-jaxb-annotations-2.8.7.pom
[INFO] Downloaded from central: https://repo.maven.apache.org/maven2/com/fasterxml/jackson/module/jackson-module-jaxb-annotations/2.8.7/jackson-module-jaxb-annotations-2.8.7.pom (3.5 kB at 145 kB/s)
[INFO] Downloading from bintray-g4s8-maven: https://dl.bintray.com/g4s8/mvn/com/fasterxml/jackson/jackson-bom/2.8.7/jackson-bom-2.8.7.pom
[INFO] Downloading from central: https://repo.maven.apache.org/maven2/com/fasterxml/jackson/jackson-bom/2.8.7/jackson-bom-2.8.7.pom
[INFO] Downloaded from central: https://repo.maven.apache.org/maven2/com/fasterxml/jackson/jackson-bom/2.8.7/jackson-bom-2.8.7.pom (10 kB at 1.3 MB/s)
[INFO] Downloading from bintray-g4s8-maven: https://dl.bintray.com/g4s8/mvn/org/glassfish/jersey/media/jersey-media-json-jackson/2.25.1/jersey-media-json-jackson-2.25.1.pom
[INFO] Downloading from central: https://repo.maven.apache.org/maven2/org/glassfish/jersey/media/jersey-media-json-jackson/2.25.1/jersey-media-json-jackson-2.25.1.pom
[INFO] Downloaded from central: https://repo.maven.apache.org/maven2/org/glassfish/jersey/media/jersey-media-json-jackson/2.25.1/jersey-media-json-jackson-2.25.1.pom (4.8 kB at 478 kB/s)
[INFO] Downloading from bintray-g4s8-maven: https://dl.bintray.com/g4s8/mvn/org/glassfish/jersey/ext/jersey-entity-filtering/2.25.1/jersey-entity-filtering-2.25.1.pom
[INFO] Downloading from central: https://repo.maven.apache.org/maven2/org/glassfish/jersey/ext/jersey-entity-filtering/2.25.1/jersey-entity-filtering-2.25.1.pom
[INFO] Downloaded from central: https://repo.maven.apache.org/maven2/org/glassfish/jersey/ext/jersey-entity-filtering/2.25.1/jersey-entity-filtering-2.25.1.pom (4.6 kB at 380 kB/s)
[INFO] Downloading from bintray-g4s8-maven: https://dl.bintray.com/g4s8/mvn/com/jcabi/jcabi-jdbc/0.16/jcabi-jdbc-0.16.pom
[INFO] Downloading from central: https://repo.maven.apache.org/maven2/com/jcabi/jcabi-jdbc/0.16/jcabi-jdbc-0.16.pom
[INFO] Downloaded from central: https://repo.maven.apache.org/maven2/com/jcabi/jcabi-jdbc/0.16/jcabi-jdbc-0.16.pom (19 kB at 96 kB/s)
[INFO] Downloading from bintray-g4s8-maven: https://dl.bintray.com/g4s8/mvn/com/h2database/h2/1.4.193/h2-1.4.193.pom
[INFO] Downloading from central: https://repo.maven.apache.org/maven2/com/h2database/h2/1.4.193/h2-1.4.193.pom
[INFO] Downloaded from central: https://repo.maven.apache.org/maven2/com/h2database/h2/1.4.193/h2-1.4.193.pom (960 B at 27 kB/s)
[INFO] Downloading from bintray-g4s8-maven: https://dl.bintray.com/g4s8/mvn/org/postgresql/postgresql/42.2.2/postgresql-42.2.2.pom
[INFO] Downloading from central: https://repo.maven.apache.org/maven2/org/postgresql/postgresql/42.2.2/postgresql-42.2.2.pom
[INFO] Downloaded from central: https://repo.maven.apache.org/maven2/org/postgresql/postgresql/42.2.2/postgresql-42.2.2.pom (12 kB at 375 kB/s)
[INFO] Downloading from bintray-g4s8-maven: https://dl.bintray.com/g4s8/mvn/org/postgresql/pgjdbc-core-parent/1.1.3/pgjdbc-core-parent-1.1.3.pom
[INFO] Downloading from central: https://repo.maven.apache.org/maven2/org/postgresql/pgjdbc-core-parent/1.1.3/pgjdbc-core-parent-1.1.3.pom
[INFO] Downloaded from central: https://repo.maven.apache.org/maven2/org/postgresql/pgjdbc-core-parent/1.1.3/pgjdbc-core-parent-1.1.3.pom (18 kB at 1.8 MB/s)
[INFO] Downloading from bintray-g4s8-maven: https://dl.bintray.com/g4s8/mvn/org/postgresql/pgjdbc-versions/1.1.3/pgjdbc-versions-1.1.3.pom
[INFO] Downloading from central: https://repo.maven.apache.org/maven2/org/postgresql/pgjdbc-versions/1.1.3/pgjdbc-versions-1.1.3.pom
[INFO] Downloaded from central: https://repo.maven.apache.org/maven2/org/postgresql/pgjdbc-versions/1.1.3/pgjdbc-versions-1.1.3.pom (23 kB at 1.4 MB/s)
[INFO] Downloading from bintray-g4s8-maven: https://dl.bintray.com/g4s8/mvn/com/g4s8/cactoos-cache/0.1.3/cactoos-cache-0.1.3.pom
[INFO] Downloading from central: https://repo.maven.apache.org/maven2/com/g4s8/cactoos-cache/0.1.3/cactoos-cache-0.1.3.pom
[WARNING] The POM for com.g4s8:cactoos-cache:jar:0.1.3 is missing, no dependency information available
[INFO] Downloading from bintray-g4s8-maven: https://dl.bintray.com/g4s8/mvn/com/sun/grizzly/grizzly-servlet-webserver/1.9.65/grizzly-servlet-webserver-1.9.65.pom
[INFO] Downloading from central: https://repo.maven.apache.org/maven2/com/sun/grizzly/grizzly-servlet-webserver/1.9.65/grizzly-servlet-webserver-1.9.65.pom
[INFO] Downloaded from central: https://repo.maven.apache.org/maven2/com/sun/grizzly/grizzly-servlet-webserver/1.9.65/grizzly-servlet-webserver-1.9.65.pom (6.7 kB at 68 kB/s)
[INFO] Downloading from bintray-g4s8-maven: https://dl.bintray.com/g4s8/mvn/com/sun/grizzly/grizzly-project/1.9.65/grizzly-project-1.9.65.pom
[INFO] Downloading from central: https://repo.maven.apache.org/maven2/com/sun/grizzly/grizzly-project/1.9.65/grizzly-project-1.9.65.pom
[INFO] Downloaded from central: https://repo.maven.apache.org/maven2/com/sun/grizzly/grizzly-project/1.9.65/grizzly-project-1.9.65.pom (22 kB at 116 kB/s)
[INFO] Downloading from bintray-g4s8-maven: https://dl.bintray.com/g4s8/mvn/com/sun/grizzly/grizzly-http/1.9.65/grizzly-http-1.9.65.pom
[INFO] Downloading from central: https://repo.maven.apache.org/maven2/com/sun/grizzly/grizzly-http/1.9.65/grizzly-http-1.9.65.pom
[INFO] Downloaded from central: https://repo.maven.apache.org/maven2/com/sun/grizzly/grizzly-http/1.9.65/grizzly-http-1.9.65.pom (5.0 kB at 45 kB/s)
[INFO] Downloading from bintray-g4s8-maven: https://dl.bintray.com/g4s8/mvn/com/sun/grizzly/grizzly-framework/1.9.65/grizzly-framework-1.9.65.pom
[INFO] Downloading from central: https://repo.maven.apache.org/maven2/com/sun/grizzly/grizzly-framework/1.9.65/grizzly-framework-1.9.65.pom
[INFO] Downloaded from central: https://repo.maven.apache.org/maven2/com/sun/grizzly/grizzly-framework/1.9.65/grizzly-framework-1.9.65.pom (5.1 kB at 53 kB/s)
[INFO] Downloading from bintray-g4s8-maven: https://dl.bintray.com/g4s8/mvn/com/sun/grizzly/grizzly-utils/1.9.65/grizzly-utils-1.9.65.pom
[INFO] Downloading from central: https://repo.maven.apache.org/maven2/com/sun/grizzly/grizzly-utils/1.9.65/grizzly-utils-1.9.65.pom
[INFO] Downloaded from central: https://repo.maven.apache.org/maven2/com/sun/grizzly/grizzly-utils/1.9.65/grizzly-utils-1.9.65.pom (6.8 kB at 33 kB/s)
[INFO] Downloading from bintray-g4s8-maven: https://dl.bintray.com/g4s8/mvn/com/sun/grizzly/grizzly-lzma/1.9.65/grizzly-lzma-1.9.65.pom
[INFO] Downloading from central: https://repo.maven.apache.org/maven2/com/sun/grizzly/grizzly-lzma/1.9.65/grizzly-lzma-1.9.65.pom
[INFO] Downloaded from central: https://repo.maven.apache.org/maven2/com/sun/grizzly/grizzly-lzma/1.9.65/grizzly-lzma-1.9.65.pom (4.3 kB at 44 kB/s)
[INFO] Downloading from bintray-g4s8-maven: https://dl.bintray.com/g4s8/mvn/com/sun/grizzly/grizzly-extra/1.9.65/grizzly-extra-1.9.65.pom
[INFO] Downloading from central: https://repo.maven.apache.org/maven2/com/sun/grizzly/grizzly-extra/1.9.65/grizzly-extra-1.9.65.pom
[INFO] Downloaded from central: https://repo.maven.apache.org/maven2/com/sun/grizzly/grizzly-extra/1.9.65/grizzly-extra-1.9.65.pom (3.0 kB at 15 kB/s)
[INFO] Downloading from bintray-g4s8-maven: https://dl.bintray.com/g4s8/mvn/com/sun/grizzly/grizzly-rcm/1.9.65/grizzly-rcm-1.9.65.pom
[INFO] Downloading from central: https://repo.maven.apache.org/maven2/com/sun/grizzly/grizzly-rcm/1.9.65/grizzly-rcm-1.9.65.pom
[INFO] Downloaded from central: https://repo.maven.apache.org/maven2/com/sun/grizzly/grizzly-rcm/1.9.65/grizzly-rcm-1.9.65.pom (4.3 kB at 16 kB/s)
[INFO] Downloading from bintray-g4s8-maven: https://dl.bintray.com/g4s8/mvn/com/sun/grizzly/grizzly-portunif/1.9.65/grizzly-portunif-1.9.65.pom
[INFO] Downloading from central: https://repo.maven.apache.org/maven2/com/sun/grizzly/grizzly-portunif/1.9.65/grizzly-portunif-1.9.65.pom
[INFO] Downloaded from central: https://repo.maven.apache.org/maven2/com/sun/grizzly/grizzly-portunif/1.9.65/grizzly-portunif-1.9.65.pom (4.1 kB at 22 kB/s)
[INFO] Downloading from bintray-g4s8-maven: https://dl.bintray.com/g4s8/mvn/com/sun/grizzly/grizzly-http-servlet/1.9.65/grizzly-http-servlet-1.9.65.pom
[INFO] Downloading from central: https://repo.maven.apache.org/maven2/com/sun/grizzly/grizzly-http-servlet/1.9.65/grizzly-http-servlet-1.9.65.pom
[INFO] Downloaded from central: https://repo.maven.apache.org/maven2/com/sun/grizzly/grizzly-http-servlet/1.9.65/grizzly-http-servlet-1.9.65.pom (5.7 kB at 59 kB/s)
[INFO] Downloading from bintray-g4s8-maven: https://dl.bintray.com/g4s8/mvn/wtf/g4s8/matchers-json/1.0.3/matchers-json-1.0.3.pom
[INFO] Downloading from central: https://repo.maven.apache.org/maven2/wtf/g4s8/matchers-json/1.0.3/matchers-json-1.0.3.pom
[INFO] Downloaded from central: https://repo.maven.apache.org/maven2/wtf/g4s8/matchers-json/1.0.3/matchers-json-1.0.3.pom (7.4 kB at 58 kB/s)
[INFO] Downloading from bintray-g4s8-maven: https://dl.bintray.com/g4s8/mvn/org/mockito/mockito-core/2.10.0/mockito-core-2.10.0.pom
[INFO] Downloading from central: https://repo.maven.apache.org/maven2/org/mockito/mockito-core/2.10.0/mockito-core-2.10.0.pom
[INFO] Downloaded from central: https://repo.maven.apache.org/maven2/org/mockito/mockito-core/2.10.0/mockito-core-2.10.0.pom (15 kB at 2.1 MB/s)
[INFO] Downloading from bintray-g4s8-maven: https://dl.bintray.com/g4s8/mvn/net/bytebuddy/byte-buddy/1.7.4/byte-buddy-1.7.4.pom
[INFO] Downloading from central: https://repo.maven.apache.org/maven2/net/bytebuddy/byte-buddy/1.7.4/byte-buddy-1.7.4.pom
[INFO] Downloaded from central: https://repo.maven.apache.org/maven2/net/bytebuddy/byte-buddy/1.7.4/byte-buddy-1.7.4.pom (12 kB at 611 kB/s)
[INFO] Downloading from bintray-g4s8-maven: https://dl.bintray.com/g4s8/mvn/net/bytebuddy/byte-buddy-parent/1.7.4/byte-buddy-parent-1.7.4.pom
[INFO] Downloading from central: https://repo.maven.apache.org/maven2/net/bytebuddy/byte-buddy-parent/1.7.4/byte-buddy-parent-1.7.4.pom
[INFO] Downloaded from central: https://repo.maven.apache.org/maven2/net/bytebuddy/byte-buddy-parent/1.7.4/byte-buddy-parent-1.7.4.pom (25 kB at 3.2 MB/s)
[INFO] Downloading from bintray-g4s8-maven: https://dl.bintray.com/g4s8/mvn/net/bytebuddy/byte-buddy-agent/1.7.4/byte-buddy-agent-1.7.4.pom
[INFO] Downloading from central: https://repo.maven.apache.org/maven2/net/bytebuddy/byte-buddy-agent/1.7.4/byte-buddy-agent-1.7.4.pom
[INFO] Downloaded from central: https://repo.maven.apache.org/maven2/net/bytebuddy/byte-buddy-agent/1.7.4/byte-buddy-agent-1.7.4.pom (4.9 kB at 328 kB/s)
[WARNING] The artifact org.hibernate:hibernate-validator:jar:6.0.2.Final has been relocated to org.hibernate.validator:hibernate-validator:jar:6.0.2.Final
[INFO] Downloading from bintray-g4s8-maven: https://dl.bintray.com/g4s8/mvn/org/cactoos/cactoos/0.29/cactoos-0.29.jar
[INFO] Downloading from bintray-g4s8-maven: https://dl.bintray.com/g4s8/mvn/io/sentry/sentry/1.5.5/sentry-1.5.5.jar
[INFO] Downloading from bintray-g4s8-maven: https://dl.bintray.com/g4s8/mvn/com/fasterxml/jackson/core/jackson-core/2.8.7/jackson-core-2.8.7.jar
[INFO] Downloading from bintray-g4s8-maven: https://dl.bintray.com/g4s8/mvn/com/yoti/yoti-sdk-api/2.0.0/yoti-sdk-api-2.0.0.jar
[INFO] Downloading from bintray-g4s8-maven: https://dl.bintray.com/g4s8/mvn/com/stripe/stripe-java/5.27.0/stripe-java-5.27.0.jar
[INFO] Downloading from bintray-g4s8-maven: https://dl.bintray.com/g4s8/mvn/com/ullink/slack/simpleslackapi/1.2.0/simpleslackapi-1.2.0.jar
[INFO] Downloading from bintray-g4s8-maven: https://dl.bintray.com/g4s8/mvn/org/threeten/threetenbp/1.3.1/threetenbp-1.3.1.jar
[INFO] Downloading from bintray-g4s8-maven: https://dl.bintray.com/g4s8/mvn/org/glassfish/tyrus/bundles/tyrus-standalone-client/1.13.1/tyrus-standalone-client-1.13.1.jar
[INFO] Downloading from bintray-g4s8-maven: https://dl.bintray.com/g4s8/mvn/org/quartz-scheduler/quartz/2.2.1/quartz-2.2.1.jar
[INFO] Downloading from bintray-g4s8-maven: https://dl.bintray.com/g4s8/mvn/c3p0/c3p0/0.9.1.1/c3p0-0.9.1.1.jar
[INFO] Downloading from bintray-g4s8-maven: https://dl.bintray.com/g4s8/mvn/org/mongodb/mongodb-driver/3.8.0/mongodb-driver-3.8.0.jar
[INFO] Downloading from bintray-g4s8-maven: https://dl.bintray.com/g4s8/mvn/org/mongodb/mongodb-driver-core/3.8.0/mongodb-driver-core-3.8.0.jar
[INFO] Downloading from bintray-g4s8-maven: https://dl.bintray.com/g4s8/mvn/org/mongodb/bson/3.8.0/bson-3.8.0.jar
[INFO] Downloading from bintray-g4s8-maven: https://dl.bintray.com/g4s8/mvn/de/flapdoodle/embed/de.flapdoodle.embed.mongo/2.0.3/de.flapdoodle.embed.mongo-2.0.3.jar
[INFO] Downloading from bintray-g4s8-maven: https://dl.bintray.com/g4s8/mvn/de/flapdoodle/embed/de.flapdoodle.embed.process/2.0.2/de.flapdoodle.embed.process-2.0.2.jar
[INFO] Downloading from bintray-g4s8-maven: https://dl.bintray.com/g4s8/mvn/net/java/dev/jna/jna-platform/4.0.0/jna-platform-4.0.0.jar
[INFO] Downloading from bintray-g4s8-maven: https://dl.bintray.com/g4s8/mvn/org/apache/commons/commons-compress/1.10/commons-compress-1.10.jar
[INFO] Downloading from bintray-g4s8-maven: https://dl.bintray.com/g4s8/mvn/org/projectlombok/lombok/1.16.18/lombok-1.16.18.jar
[INFO] Downloading from bintray-g4s8-maven: https://dl.bintray.com/g4s8/mvn/org/twitter4j/twitter4j-core/4.0.6/twitter4j-core-4.0.6.jar
[INFO] Downloading from bintray-g4s8-maven: https://dl.bintray.com/g4s8/mvn/org/codehaus/groovy/groovy-all/2.4.15/groovy-all-2.4.15.jar
[INFO] Downloading from bintray-g4s8-maven: https://dl.bintray.com/g4s8/mvn/org/takes/takes/1.11.2/takes-1.11.2.jar
[INFO] Downloading from bintray-g4s8-maven: https://dl.bintray.com/g4s8/mvn/com/github/mongobee/mongobee/0.13/mongobee-0.13.jar
[INFO] Downloading from bintray-g4s8-maven: https://dl.bintray.com/g4s8/mvn/org/springframework/spring-beans/4.0.6.RELEASE/spring-beans-4.0.6.RELEASE.jar
[INFO] Downloading from bintray-g4s8-maven: https://dl.bintray.com/g4s8/mvn/org/springframework/spring-core/4.0.6.RELEASE/spring-core-4.0.6.RELEASE.jar
[INFO] Downloading from bintray-g4s8-maven: https://dl.bintray.com/g4s8/mvn/org/springframework/spring-context/4.0.6.RELEASE/spring-context-4.0.6.RELEASE.jar
[INFO] Downloading from bintray-g4s8-maven: https://dl.bintray.com/g4s8/mvn/org/springframework/spring-aop/4.0.6.RELEASE/spring-aop-4.0.6.RELEASE.jar
[INFO] Downloading from bintray-g4s8-maven: https://dl.bintray.com/g4s8/mvn/org/springframework/spring-expression/4.0.6.RELEASE/spring-expression-4.0.6.RELEASE.jar
[INFO] Downloading from bintray-g4s8-maven: https://dl.bintray.com/g4s8/mvn/org/jongo/jongo/1.3.0/jongo-1.3.0.jar
[INFO] Downloading from bintray-g4s8-maven: https://dl.bintray.com/g4s8/mvn/de/undercouch/bson4jackson/2.7.0/bson4jackson-2.7.0.jar
[INFO] Downloading from bintray-g4s8-maven: https://dl.bintray.com/g4s8/mvn/org/springframework/data/spring-data-mongodb/1.6.1.RELEASE/spring-data-mongodb-1.6.1.RELEASE.jar
[INFO] Downloading from bintray-g4s8-maven: https://dl.bintray.com/g4s8/mvn/org/springframework/spring-tx/4.0.7.RELEASE/spring-tx-4.0.7.RELEASE.jar
[INFO] Downloading from bintray-g4s8-maven: https://dl.bintray.com/g4s8/mvn/org/springframework/data/spring-data-commons/1.9.1.RELEASE/spring-data-commons-1.9.1.RELEASE.jar
[INFO] Downloading from bintray-g4s8-maven: https://dl.bintray.com/g4s8/mvn/com/amazonaws/aws-java-sdk-core/1.11.211/aws-java-sdk-core-1.11.211.jar
[INFO] Downloading from bintray-g4s8-maven: https://dl.bintray.com/g4s8/mvn/com/amazonaws/aws-java-sdk-s3/1.11.211/aws-java-sdk-s3-1.11.211.jar
[INFO] Downloading from bintray-g4s8-maven: https://dl.bintray.com/g4s8/mvn/com/amazonaws/aws-java-sdk-kms/1.11.211/aws-java-sdk-kms-1.11.211.jar
[INFO] Downloading from bintray-g4s8-maven: https://dl.bintray.com/g4s8/mvn/com/amazonaws/jmespath-java/1.11.211/jmespath-java-1.11.211.jar
[INFO] Downloading from bintray-g4s8-maven: https://dl.bintray.com/g4s8/mvn/com/amazonaws/aws-java-sdk-dynamodb/1.11.211/aws-java-sdk-dynamodb-1.11.211.jar
[INFO] Downloading from bintray-g4s8-maven: https://dl.bintray.com/g4s8/mvn/com/amazonaws/aws-java-sdk-sqs/1.11.211/aws-java-sdk-sqs-1.11.211.jar
[INFO] Downloading from bintray-g4s8-maven: https://dl.bintray.com/g4s8/mvn/com/amazonaws/aws-java-sdk-cloudwatch/1.11.211/aws-java-sdk-cloudwatch-1.11.211.jar
[INFO] Downloading from bintray-g4s8-maven: https://dl.bintray.com/g4s8/mvn/com/jcabi/jcabi-s3/0.18/jcabi-s3-0.18.jar
[INFO] Downloading from bintray-g4s8-maven: https://dl.bintray.com/g4s8/mvn/org/aspectj/aspectjrt/1.8.11/aspectjrt-1.8.11.jar
[INFO] Downloading from bintray-g4s8-maven: https://dl.bintray.com/g4s8/mvn/com/jcabi/jcabi-dynamo/0.21.4/jcabi-dynamo-0.21.4.jar
[INFO] Downloading from bintray-g4s8-maven: https://dl.bintray.com/g4s8/mvn/com/jcabi/jcabi-xml/0.21.4/jcabi-xml-0.21.4.jar
[INFO] Downloading from bintray-g4s8-maven: https://dl.bintray.com/g4s8/mvn/com/jcabi/incubator/xembly/0.22.1/xembly-0.22.1.jar
[INFO] Downloading from bintray-g4s8-maven: https://dl.bintray.com/g4s8/mvn/org/apache/commons/commons-lang3/3.6/commons-lang3-3.6.jar
[INFO] Downloading from bintray-g4s8-maven: https://dl.bintray.com/g4s8/mvn/org/apache/commons/commons-text/1.1/commons-text-1.1.jar
[INFO] Downloading from bintray-g4s8-maven: https://dl.bintray.com/g4s8/mvn/com/jcabi/jcabi-log/0.17.3/jcabi-log-0.17.3.jar
[INFO] Downloading from bintray-g4s8-maven: https://dl.bintray.com/g4s8/mvn/com/jcabi/jcabi-matchers/1.4/jcabi-matchers-1.4.jar
[INFO] Downloading from bintray-g4s8-maven: https://dl.bintray.com/g4s8/mvn/com/jcabi/jcabi-github/0.41/jcabi-github-0.41.jar
[INFO] Downloading from bintray-g4s8-maven: https://dl.bintray.com/g4s8/mvn/com/jcabi/jcabi-http/1.17.1/jcabi-http-1.17.1.jar
[INFO] Downloading from bintray-g4s8-maven: https://dl.bintray.com/g4s8/mvn/javax/json/javax.json-api/1.1/javax.json-api-1.1.jar
[INFO] Downloading from bintray-g4s8-maven: https://dl.bintray.com/g4s8/mvn/com/google/code/findbugs/findbugs-annotations/3.0.1/findbugs-annotations-3.0.1.jar
[INFO] Downloading from bintray-g4s8-maven: https://dl.bintray.com/g4s8/mvn/com/jcabi/jcabi-aspects/0.22.6/jcabi-aspects-0.22.6.jar
[INFO] Downloading from bintray-g4s8-maven: https://dl.bintray.com/g4s8/mvn/org/telegram/telegrambots/3.6/telegrambots-3.6.jar
[INFO] Downloading from bintray-g4s8-maven: https://dl.bintray.com/g4s8/mvn/com/fasterxml/jackson/jaxrs/jackson-jaxrs-json-provider/2.8.7/jackson-jaxrs-json-provider-2.8.7.jar
[INFO] Downloading from bintray-g4s8-maven: https://dl.bintray.com/g4s8/mvn/com/fasterxml/jackson/jaxrs/jackson-jaxrs-base/2.8.7/jackson-jaxrs-base-2.8.7.jar
[INFO] Downloading from bintray-g4s8-maven: https://dl.bintray.com/g4s8/mvn/com/fasterxml/jackson/module/jackson-module-jaxb-annotations/2.8.7/jackson-module-jaxb-annotations-2.8.7.jar
[INFO] Downloading from bintray-g4s8-maven: https://dl.bintray.com/g4s8/mvn/org/glassfish/jersey/media/jersey-media-json-jackson/2.25.1/jersey-media-json-jackson-2.25.1.jar
[INFO] Downloading from bintray-g4s8-maven: https://dl.bintray.com/g4s8/mvn/org/glassfish/jersey/ext/jersey-entity-filtering/2.25.1/jersey-entity-filtering-2.25.1.jar
[INFO] Downloading from bintray-g4s8-maven: https://dl.bintray.com/g4s8/mvn/org/json/json/20160810/json-20160810.jar
[INFO] Downloading from bintray-g4s8-maven: https://dl.bintray.com/g4s8/mvn/com/jcabi/jcabi-jdbc/0.16/jcabi-jdbc-0.16.jar
[INFO] Downloading from bintray-g4s8-maven: https://dl.bintray.com/g4s8/mvn/org/telegram/telegrambots-meta/3.6/telegrambots-meta-3.6.jar
[INFO] Downloading from bintray-g4s8-maven: https://dl.bintray.com/g4s8/mvn/com/google/inject/guice/4.1.0/guice-4.1.0.jar
[INFO] Downloading from bintray-g4s8-maven: https://dl.bintray.com/g4s8/mvn/com/google/guava/guava/23.1-jre/guava-23.1-jre.jar
[INFO] Downloading from bintray-g4s8-maven: https://dl.bintray.com/g4s8/mvn/com/g4s8/cactoos-cache/0.1.3/cactoos-cache-0.1.3.jar
[INFO] Downloading from bintray-g4s8-maven: https://dl.bintray.com/g4s8/mvn/wtf/g4s8/matchers-json/1.0.3/matchers-json-1.0.3.jar
[INFO] Downloading from central: https://repo.maven.apache.org/maven2/org/cactoos/cactoos/0.29/cactoos-0.29.jar
[INFO] Downloading from central: https://repo.maven.apache.org/maven2/io/sentry/sentry/1.5.5/sentry-1.5.5.jar
[INFO] Downloading from central: https://repo.maven.apache.org/maven2/com/fasterxml/jackson/core/jackson-core/2.8.7/jackson-core-2.8.7.jar
[INFO] Downloading from central: https://repo.maven.apache.org/maven2/com/yoti/yoti-sdk-api/2.0.0/yoti-sdk-api-2.0.0.jar
[INFO] Downloading from central: https://repo.maven.apache.org/maven2/com/stripe/stripe-java/5.27.0/stripe-java-5.27.0.jar
[INFO] Downloaded from central: https://repo.maven.apache.org/maven2/com/fasterxml/jackson/core/jackson-core/2.8.7/jackson-core-2.8.7.jar (282 kB at 10 MB/s)
[INFO] Downloading from central: https://repo.maven.apache.org/maven2/com/ullink/slack/simpleslackapi/1.2.0/simpleslackapi-1.2.0.jar
[INFO] Downloaded from central: https://repo.maven.apache.org/maven2/io/sentry/sentry/1.5.5/sentry-1.5.5.jar (150 kB at 5.0 MB/s)
[INFO] Downloading from central: https://repo.maven.apache.org/maven2/org/threeten/threetenbp/1.3.1/threetenbp-1.3.1.jar
[INFO] Downloaded from central: https://repo.maven.apache.org/maven2/com/ullink/slack/simpleslackapi/1.2.0/simpleslackapi-1.2.0.jar (159 kB at 3.3 MB/s)
[INFO] Downloading from central: https://repo.maven.apache.org/maven2/org/glassfish/tyrus/bundles/tyrus-standalone-client/1.13.1/tyrus-standalone-client-1.13.1.jar
[INFO] Downloaded from central: https://repo.maven.apache.org/maven2/org/threeten/threetenbp/1.3.1/threetenbp-1.3.1.jar (507 kB at 8.9 MB/s)
[INFO] Downloading from central: https://repo.maven.apache.org/maven2/org/quartz-scheduler/quartz/2.2.1/quartz-2.2.1.jar
[INFO] Downloaded from central: https://repo.maven.apache.org/maven2/org/quartz-scheduler/quartz/2.2.1/quartz-2.2.1.jar (660 kB at 7.2 MB/s)
[INFO] Downloading from central: https://repo.maven.apache.org/maven2/c3p0/c3p0/0.9.1.1/c3p0-0.9.1.1.jar
[INFO] Downloaded from central: https://repo.maven.apache.org/maven2/c3p0/c3p0/0.9.1.1/c3p0-0.9.1.1.jar (0 B at 0 B/s)
[INFO] Downloading from central: https://repo.maven.apache.org/maven2/org/mongodb/mongodb-driver/3.8.0/mongodb-driver-3.8.0.jar
[INFO] Downloaded from central: https://repo.maven.apache.org/maven2/org/glassfish/tyrus/bundles/tyrus-standalone-client/1.13.1/tyrus-standalone-client-1.13.1.jar (2.1 MB at 20 MB/s)
[INFO] Downloading from central: https://repo.maven.apache.org/maven2/org/mongodb/mongodb-driver-core/3.8.0/mongodb-driver-core-3.8.0.jar
[INFO] Downloaded from central: https://repo.maven.apache.org/maven2/com/yoti/yoti-sdk-api/2.0.0/yoti-sdk-api-2.0.0.jar (23 kB at 213 kB/s)
[INFO] Downloading from central: https://repo.maven.apache.org/maven2/org/mongodb/bson/3.8.0/bson-3.8.0.jar
[INFO] Downloaded from central: https://repo.maven.apache.org/maven2/org/cactoos/cactoos/0.29/cactoos-0.29.jar (261 kB at 2.2 MB/s)
[INFO] Downloading from central: https://repo.maven.apache.org/maven2/de/flapdoodle/embed/de.flapdoodle.embed.mongo/2.0.3/de.flapdoodle.embed.mongo-2.0.3.jar
[INFO] Downloaded from central: https://repo.maven.apache.org/maven2/org/mongodb/bson/3.8.0/bson-3.8.0.jar (479 kB at 3.8 MB/s)
[INFO] Downloading from central: https://repo.maven.apache.org/maven2/de/flapdoodle/embed/de.flapdoodle.embed.process/2.0.2/de.flapdoodle.embed.process-2.0.2.jar
[INFO] Downloaded from central: https://repo.maven.apache.org/maven2/com/stripe/stripe-java/5.27.0/stripe-java-5.27.0.jar (250 kB at 1.8 MB/s)
[INFO] Downloading from central: https://repo.maven.apache.org/maven2/net/java/dev/jna/jna-platform/4.0.0/jna-platform-4.0.0.jar
[INFO] Downloaded from central: https://repo.maven.apache.org/maven2/de/flapdoodle/embed/de.flapdoodle.embed.process/2.0.2/de.flapdoodle.embed.process-2.0.2.jar (159 kB at 1.2 MB/s)
[INFO] Downloading from central: https://repo.maven.apache.org/maven2/org/apache/commons/commons-compress/1.10/commons-compress-1.10.jar
[INFO] Downloaded from central: https://repo.maven.apache.org/maven2/org/apache/commons/commons-compress/1.10/commons-compress-1.10.jar (409 kB at 2.7 MB/s)
[INFO] Downloading from central: https://repo.maven.apache.org/maven2/org/projectlombok/lombok/1.16.18/lombok-1.16.18.jar
[INFO] Downloaded from central: https://repo.maven.apache.org/maven2/net/java/dev/jna/jna-platform/4.0.0/jna-platform-4.0.0.jar (1.2 MB at 7.3 MB/s)
[INFO] Downloading from central: https://repo.maven.apache.org/maven2/org/twitter4j/twitter4j-core/4.0.6/twitter4j-core-4.0.6.jar
[INFO] Downloaded from central: https://repo.maven.apache.org/maven2/org/twitter4j/twitter4j-core/4.0.6/twitter4j-core-4.0.6.jar (305 kB at 1.7 MB/s)
[INFO] Downloading from central: https://repo.maven.apache.org/maven2/org/codehaus/groovy/groovy-all/2.4.15/groovy-all-2.4.15.jar
[INFO] Downloaded from central: https://repo.maven.apache.org/maven2/org/projectlombok/lombok/1.16.18/lombok-1.16.18.jar (1.4 MB at 7.6 MB/s)
[INFO] Downloading from central: https://repo.maven.apache.org/maven2/org/takes/takes/1.11.2/takes-1.11.2.jar
[INFO] Downloaded from central: https://repo.maven.apache.org/maven2/de/flapdoodle/embed/de.flapdoodle.embed.mongo/2.0.3/de.flapdoodle.embed.mongo-2.0.3.jar (116 kB at 510 kB/s)
[INFO] Downloading from central: https://repo.maven.apache.org/maven2/com/github/mongobee/mongobee/0.13/mongobee-0.13.jar
[INFO] Downloaded from central: https://repo.maven.apache.org/maven2/com/github/mongobee/mongobee/0.13/mongobee-0.13.jar (23 kB at 97 kB/s)
[INFO] Downloading from central: https://repo.maven.apache.org/maven2/org/springframework/spring-beans/4.0.6.RELEASE/spring-beans-4.0.6.RELEASE.jar
[INFO] Downloaded from central: https://repo.maven.apache.org/maven2/org/mongodb/mongodb-driver-core/3.8.0/mongodb-driver-core-3.8.0.jar (1.2 MB at 4.8 MB/s)
[INFO] Downloading from central: https://repo.maven.apache.org/maven2/org/springframework/spring-core/4.0.6.RELEASE/spring-core-4.0.6.RELEASE.jar
[INFO] Downloaded from central: https://repo.maven.apache.org/maven2/org/springframework/spring-beans/4.0.6.RELEASE/spring-beans-4.0.6.RELEASE.jar (670 kB at 2.5 MB/s)
[INFO] Downloading from central: https://repo.maven.apache.org/maven2/org/springframework/spring-context/4.0.6.RELEASE/spring-context-4.0.6.RELEASE.jar
[INFO] Downloaded from central: https://repo.maven.apache.org/maven2/org/springframework/spring-core/4.0.6.RELEASE/spring-core-4.0.6.RELEASE.jar (977 kB at 3.3 MB/s)
[INFO] Downloading from central: https://repo.maven.apache.org/maven2/org/springframework/spring-aop/4.0.6.RELEASE/spring-aop-4.0.6.RELEASE.jar
[INFO] Downloaded from central: https://repo.maven.apache.org/maven2/org/codehaus/groovy/groovy-all/2.4.15/groovy-all-2.4.15.jar (7.2 MB at 24 MB/s)
[INFO] Downloading from central: https://repo.maven.apache.org/maven2/org/springframework/spring-expression/4.0.6.RELEASE/spring-expression-4.0.6.RELEASE.jar
[INFO] Downloaded from central: https://repo.maven.apache.org/maven2/org/springframework/spring-context/4.0.6.RELEASE/spring-context-4.0.6.RELEASE.jar (978 kB at 3.1 MB/s)
[INFO] Downloading from central: https://repo.maven.apache.org/maven2/org/jongo/jongo/1.3.0/jongo-1.3.0.jar
[INFO] Downloaded from central: https://repo.maven.apache.org/maven2/org/jongo/jongo/1.3.0/jongo-1.3.0.jar (98 kB at 302 kB/s)
[INFO] Downloading from central: https://repo.maven.apache.org/maven2/de/undercouch/bson4jackson/2.7.0/bson4jackson-2.7.0.jar
[INFO] Downloaded from central: https://repo.maven.apache.org/maven2/de/undercouch/bson4jackson/2.7.0/bson4jackson-2.7.0.jar (63 kB at 181 kB/s)
[INFO] Downloading from central: https://repo.maven.apache.org/maven2/org/springframework/data/spring-data-mongodb/1.6.1.RELEASE/spring-data-mongodb-1.6.1.RELEASE.jar
[INFO] Downloaded from central: https://repo.maven.apache.org/maven2/org/mongodb/mongodb-driver/3.8.0/mongodb-driver-3.8.0.jar (320 kB at 900 kB/s)
[INFO] Downloading from central: https://repo.maven.apache.org/maven2/org/springframework/spring-tx/4.0.7.RELEASE/spring-tx-4.0.7.RELEASE.jar
[INFO] Downloaded from central: https://repo.maven.apache.org/maven2/org/springframework/spring-tx/4.0.7.RELEASE/spring-tx-4.0.7.RELEASE.jar (248 kB at 677 kB/s)
[INFO] Downloading from central: https://repo.maven.apache.org/maven2/org/springframework/data/spring-data-commons/1.9.1.RELEASE/spring-data-commons-1.9.1.RELEASE.jar
[INFO] Downloaded from central: https://repo.maven.apache.org/maven2/org/springframework/spring-expression/4.0.6.RELEASE/spring-expression-4.0.6.RELEASE.jar (205 kB at 469 kB/s)
[INFO] Downloading from central: https://repo.maven.apache.org/maven2/com/amazonaws/aws-java-sdk-core/1.11.211/aws-java-sdk-core-1.11.211.jar
[INFO] Downloaded from central: https://repo.maven.apache.org/maven2/org/springframework/data/spring-data-mongodb/1.6.1.RELEASE/spring-data-mongodb-1.6.1.RELEASE.jar (542 kB at 1.2 MB/s)
[INFO] Downloading from central: https://repo.maven.apache.org/maven2/com/amazonaws/aws-java-sdk-s3/1.11.211/aws-java-sdk-s3-1.11.211.jar
[INFO] Downloaded from central: https://repo.maven.apache.org/maven2/org/springframework/spring-aop/4.0.6.RELEASE/spring-aop-4.0.6.RELEASE.jar (353 kB at 744 kB/s)
[INFO] Downloading from central: https://repo.maven.apache.org/maven2/com/amazonaws/aws-java-sdk-kms/1.11.211/aws-java-sdk-kms-1.11.211.jar
[INFO] Downloaded from central: https://repo.maven.apache.org/maven2/com/amazonaws/aws-java-sdk-core/1.11.211/aws-java-sdk-core-1.11.211.jar (858 kB at 1.5 MB/s)
[INFO] Downloading from central: https://repo.maven.apache.org/maven2/com/amazonaws/jmespath-java/1.11.211/jmespath-java-1.11.211.jar
[INFO] Downloaded from central: https://repo.maven.apache.org/maven2/org/springframework/data/spring-data-commons/1.9.1.RELEASE/spring-data-commons-1.9.1.RELEASE.jar (497 kB at 873 kB/s)
[INFO] Downloading from central: https://repo.maven.apache.org/maven2/com/amazonaws/aws-java-sdk-dynamodb/1.11.211/aws-java-sdk-dynamodb-1.11.211.jar
[INFO] Downloaded from central: https://repo.maven.apache.org/maven2/org/takes/takes/1.11.2/takes-1.11.2.jar (466 kB at 815 kB/s)
[INFO] Downloading from central: https://repo.maven.apache.org/maven2/com/amazonaws/aws-java-sdk-sqs/1.11.211/aws-java-sdk-sqs-1.11.211.jar
[INFO] Downloaded from central: https://repo.maven.apache.org/maven2/com/amazonaws/aws-java-sdk-kms/1.11.211/aws-java-sdk-kms-1.11.211.jar (404 kB at 628 kB/s)
[INFO] Downloading from central: https://repo.maven.apache.org/maven2/com/amazonaws/aws-java-sdk-cloudwatch/1.11.211/aws-java-sdk-cloudwatch-1.11.211.jar
[INFO] Downloaded from central: https://repo.maven.apache.org/maven2/com/amazonaws/aws-java-sdk-s3/1.11.211/aws-java-sdk-s3-1.11.211.jar (774 kB at 1.2 MB/s)
[INFO] Downloading from central: https://repo.maven.apache.org/maven2/com/jcabi/jcabi-s3/0.18/jcabi-s3-0.18.jar
[INFO] Downloaded from central: https://repo.maven.apache.org/maven2/com/amazonaws/jmespath-java/1.11.211/jmespath-java-1.11.211.jar (27 kB at 39 kB/s)
[INFO] Downloading from central: https://repo.maven.apache.org/maven2/org/aspectj/aspectjrt/1.8.11/aspectjrt-1.8.11.jar
[INFO] Downloaded from central: https://repo.maven.apache.org/maven2/org/aspectj/aspectjrt/1.8.11/aspectjrt-1.8.11.jar (119 kB at 168 kB/s)
[INFO] Downloading from central: https://repo.maven.apache.org/maven2/com/jcabi/jcabi-dynamo/0.21.4/jcabi-dynamo-0.21.4.jar
[INFO] Downloaded from central: https://repo.maven.apache.org/maven2/com/amazonaws/aws-java-sdk-dynamodb/1.11.211/aws-java-sdk-dynamodb-1.11.211.jar (1.2 MB at 1.7 MB/s)
[INFO] Downloading from central: https://repo.maven.apache.org/maven2/com/jcabi/jcabi-xml/0.21.4/jcabi-xml-0.21.4.jar
[INFO] Downloaded from central: https://repo.maven.apache.org/maven2/com/jcabi/jcabi-xml/0.21.4/jcabi-xml-0.21.4.jar (42 kB at 59 kB/s)
[INFO] Downloading from central: https://repo.maven.apache.org/maven2/com/jcabi/incubator/xembly/0.22.1/xembly-0.22.1.jar
[INFO] Downloaded from central: https://repo.maven.apache.org/maven2/com/amazonaws/aws-java-sdk-cloudwatch/1.11.211/aws-java-sdk-cloudwatch-1.11.211.jar (214 kB at 285 kB/s)
[INFO] Downloading from central: https://repo.maven.apache.org/maven2/org/apache/commons/commons-lang3/3.6/commons-lang3-3.6.jar
[INFO] Downloaded from central: https://repo.maven.apache.org/maven2/com/amazonaws/aws-java-sdk-sqs/1.11.211/aws-java-sdk-sqs-1.11.211.jar (281 kB at 374 kB/s)
[INFO] Downloading from central: https://repo.maven.apache.org/maven2/org/apache/commons/commons-text/1.1/commons-text-1.1.jar
[INFO] Downloaded from central: https://repo.maven.apache.org/maven2/org/apache/commons/commons-text/1.1/commons-text-1.1.jar (129 kB at 169 kB/s)
[INFO] Downloading from central: https://repo.maven.apache.org/maven2/com/jcabi/jcabi-log/0.17.3/jcabi-log-0.17.3.jar
[INFO] Downloaded from central: https://repo.maven.apache.org/maven2/org/apache/commons/commons-lang3/3.6/commons-lang3-3.6.jar (495 kB at 643 kB/s)
[INFO] Downloading from central: https://repo.maven.apache.org/maven2/com/jcabi/jcabi-matchers/1.4/jcabi-matchers-1.4.jar
[INFO] Downloaded from central: https://repo.maven.apache.org/maven2/com/jcabi/jcabi-matchers/1.4/jcabi-matchers-1.4.jar (22 kB at 28 kB/s)
[INFO] Downloading from central: https://repo.maven.apache.org/maven2/com/jcabi/jcabi-github/0.41/jcabi-github-0.41.jar
[INFO] Downloaded from central: https://repo.maven.apache.org/maven2/com/jcabi/jcabi-s3/0.18/jcabi-s3-0.18.jar (136 kB at 172 kB/s)
[INFO] Downloading from central: https://repo.maven.apache.org/maven2/com/jcabi/jcabi-http/1.17.1/jcabi-http-1.17.1.jar
[INFO] Downloaded from central: https://repo.maven.apache.org/maven2/com/jcabi/jcabi-dynamo/0.21.4/jcabi-dynamo-0.21.4.jar (267 kB at 327 kB/s)
[INFO] Downloading from central: https://repo.maven.apache.org/maven2/javax/json/javax.json-api/1.1/javax.json-api-1.1.jar
[INFO] Downloaded from central: https://repo.maven.apache.org/maven2/javax/json/javax.json-api/1.1/javax.json-api-1.1.jar (29 kB at 35 kB/s)
[INFO] Downloading from central: https://repo.maven.apache.org/maven2/com/google/code/findbugs/findbugs-annotations/3.0.1/findbugs-annotations-3.0.1.jar
[INFO] Downloaded from central: https://repo.maven.apache.org/maven2/com/google/code/findbugs/findbugs-annotations/3.0.1/findbugs-annotations-3.0.1.jar (18 kB at 22 kB/s)
[INFO] Downloading from central: https://repo.maven.apache.org/maven2/com/jcabi/jcabi-aspects/0.22.6/jcabi-aspects-0.22.6.jar
[INFO] Downloaded from central: https://repo.maven.apache.org/maven2/com/jcabi/incubator/xembly/0.22.1/xembly-0.22.1.jar (52 kB at 62 kB/s)
[INFO] Downloading from central: https://repo.maven.apache.org/maven2/org/telegram/telegrambots/3.6/telegrambots-3.6.jar
[INFO] Downloaded from central: https://repo.maven.apache.org/maven2/com/jcabi/jcabi-aspects/0.22.6/jcabi-aspects-0.22.6.jar (84 kB at 100 kB/s)
[INFO] Downloading from central: https://repo.maven.apache.org/maven2/com/fasterxml/jackson/jaxrs/jackson-jaxrs-json-provider/2.8.7/jackson-jaxrs-json-provider-2.8.7.jar
[INFO] Downloaded from central: https://repo.maven.apache.org/maven2/com/fasterxml/jackson/jaxrs/jackson-jaxrs-json-provider/2.8.7/jackson-jaxrs-json-provider-2.8.7.jar (16 kB at 19 kB/s)
[INFO] Downloading from central: https://repo.maven.apache.org/maven2/com/fasterxml/jackson/jaxrs/jackson-jaxrs-base/2.8.7/jackson-jaxrs-base-2.8.7.jar
[INFO] Downloaded from central: https://repo.maven.apache.org/maven2/com/fasterxml/jackson/jaxrs/jackson-jaxrs-base/2.8.7/jackson-jaxrs-base-2.8.7.jar (33 kB at 38 kB/s)
[INFO] Downloading from central: https://repo.maven.apache.org/maven2/com/fasterxml/jackson/module/jackson-module-jaxb-annotations/2.8.7/jackson-module-jaxb-annotations-2.8.7.jar
[INFO] Downloaded from central: https://repo.maven.apache.org/maven2/com/jcabi/jcabi-log/0.17.3/jcabi-log-0.17.3.jar (58 kB at 67 kB/s)
[INFO] Downloading from central: https://repo.maven.apache.org/maven2/org/glassfish/jersey/media/jersey-media-json-jackson/2.25.1/jersey-media-json-jackson-2.25.1.jar
[INFO] Downloaded from central: https://repo.maven.apache.org/maven2/com/fasterxml/jackson/module/jackson-module-jaxb-annotations/2.8.7/jackson-module-jaxb-annotations-2.8.7.jar (35 kB at 40 kB/s)
[INFO] Downloading from central: https://repo.maven.apache.org/maven2/org/glassfish/jersey/ext/jersey-entity-filtering/2.25.1/jersey-entity-filtering-2.25.1.jar
[INFO] Downloaded from central: https://repo.maven.apache.org/maven2/org/glassfish/jersey/media/jersey-media-json-jackson/2.25.1/jersey-media-json-jackson-2.25.1.jar (22 kB at 25 kB/s)
[INFO] Downloading from central: https://repo.maven.apache.org/maven2/org/json/json/20160810/json-20160810.jar
[INFO] Downloaded from central: https://repo.maven.apache.org/maven2/org/glassfish/jersey/ext/jersey-entity-filtering/2.25.1/jersey-entity-filtering-2.25.1.jar (70 kB at 80 kB/s)
[INFO] Downloading from central: https://repo.maven.apache.org/maven2/com/jcabi/jcabi-jdbc/0.16/jcabi-jdbc-0.16.jar
[INFO] Downloaded from central: https://repo.maven.apache.org/maven2/com/jcabi/jcabi-http/1.17.1/jcabi-http-1.17.1.jar (112 kB at 126 kB/s)
[INFO] Downloading from central: https://repo.maven.apache.org/maven2/org/telegram/telegrambots-meta/3.6/telegrambots-meta-3.6.jar
[INFO] Downloaded from central: https://repo.maven.apache.org/maven2/org/json/json/20160810/json-20160810.jar (54 kB at 61 kB/s)
[INFO] Downloading from central: https://repo.maven.apache.org/maven2/com/google/inject/guice/4.1.0/guice-4.1.0.jar
[INFO] Downloaded from central: https://repo.maven.apache.org/maven2/com/jcabi/jcabi-github/0.41/jcabi-github-0.41.jar (1.6 MB at 1.8 MB/s)
[INFO] Downloading from central: https://repo.maven.apache.org/maven2/com/google/guava/guava/23.1-jre/guava-23.1-jre.jar
[INFO] Downloaded from central: https://repo.maven.apache.org/maven2/com/google/inject/guice/4.1.0/guice-4.1.0.jar (674 kB at 733 kB/s)
[INFO] Downloading from central: https://repo.maven.apache.org/maven2/com/g4s8/cactoos-cache/0.1.3/cactoos-cache-0.1.3.jar
[INFO] Downloaded from central: https://repo.maven.apache.org/maven2/org/telegram/telegrambots/3.6/telegrambots-3.6.jar (39 kB at 42 kB/s)
[INFO] Downloading from central: https://repo.maven.apache.org/maven2/wtf/g4s8/matchers-json/1.0.3/matchers-json-1.0.3.jar
[INFO] Downloaded from central: https://repo.maven.apache.org/maven2/com/jcabi/jcabi-jdbc/0.16/jcabi-jdbc-0.16.jar (52 kB at 54 kB/s)
[INFO] Downloaded from central: https://repo.maven.apache.org/maven2/org/telegram/telegrambots-meta/3.6/telegrambots-meta-3.6.jar (329 kB at 323 kB/s)
[INFO] Downloaded from central: https://repo.maven.apache.org/maven2/wtf/g4s8/matchers-json/1.0.3/matchers-json-1.0.3.jar (11 kB at 11 kB/s)
[INFO] Downloaded from central: https://repo.maven.apache.org/maven2/com/google/guava/guava/23.1-jre/guava-23.1-jre.jar (2.6 MB at 2.5 MB/s)
[INFO] ------------------------------------------------------------------------
[INFO] BUILD FAILURE
[INFO] ------------------------------------------------------------------------
[INFO] Total time:  41.089 s
[INFO] Finished at: 2023-02-07T16:05:47Z
[INFO] ------------------------------------------------------------------------
[ERROR] Failed to execute goal on project farm: Could not resolve dependencies for project com.zerocracy:farm:jar:0.30.7: Could not find artifact com.g4s8:cactoos-cache:jar:0.1.3 in bintray-g4s8-maven (https://dl.bintray.com/g4s8/mvn) -> [Help 1]
[ERROR] 
[ERROR] To see the full stack trace of the errors, re-run Maven with the -e switch.
[ERROR] Re-run Maven using the -X switch to enable full debug logging.
[ERROR] 
[ERROR] For more information about the errors and possible solutions, please read the following articles:
[ERROR] [Help 1] http://cwiki.apache.org/confluence/display/MAVEN/DependencyResolutionException
