[INFO] Scanning for projects...
[INFO] Inspecting build with total of 1 modules...
[INFO] Installing Nexus Staging features:
[INFO]   ... total of 1 executions of maven-deploy-plugin replaced with nexus-staging-maven-plugin
[INFO] 
[INFO] -----------------< com.google.cloud:google-cloud-bom >------------------
[INFO] Building Google Cloud Java BOM 0.146.0
[INFO] --------------------------------[ pom ]---------------------------------
[INFO] 
[INFO] --- maven-clean-plugin:2.5:clean (default-clean) @ google-cloud-bom ---
[INFO] 
[INFO] --- jacoco-maven-plugin:0.8.6:prepare-agent (default) @ google-cloud-bom ---
[INFO] argLine set to -javaagent:/home/gabsko/.m2/repository/org/jacoco/org.jacoco.agent/0.8.6/org.jacoco.agent-0.8.6-runtime.jar=destfile=/home/gabsko/breaking-updates/target/jacoco.exec
[INFO] 
[INFO] --- jacoco-maven-plugin:0.8.6:report (report) @ google-cloud-bom ---
[INFO] Skipping JaCoCo execution due to missing execution data file.
[INFO] ------------------------------------------------------------------------
[INFO] BUILD SUCCESS
[INFO] ------------------------------------------------------------------------
[INFO] Total time:  0.903 s
[INFO] Finished at: 2023-02-05T04:31:01Z
[INFO] ------------------------------------------------------------------------
