[INFO] Scanning for projects...
[INFO] 
[INFO] --------------------------< com.artipie:asto >--------------------------
[INFO] Building asto 1.0-SNAPSHOT
[INFO] --------------------------------[ jar ]---------------------------------
[INFO] Downloading from OSS sonnatype: https://oss.sonatype.org/content/repositories/snapshots/com/adobe/testing/s3mock/2.4.7/s3mock-2.4.7.jar
[INFO] Downloading from central: https://repo.maven.apache.org/maven2/com/adobe/testing/s3mock/2.4.7/s3mock-2.4.7.jar
[INFO] Downloaded from central: https://repo.maven.apache.org/maven2/com/adobe/testing/s3mock/2.4.7/s3mock-2.4.7.jar (90 kB at 549 kB/s)
[INFO] 
[INFO] --- maven-clean-plugin:3.1.0:clean (default-clean) @ asto ---
[INFO] Deleting /home/gabsko/breaking-updates/target
[INFO] 
[INFO] --- maven-enforcer-plugin:3.0.0-M3:enforce (enforce-maven) @ asto ---
[INFO] 
[INFO] --- buildnumber-maven-plugin:1.4:create (jcabi-build-number) @ asto ---
[INFO] ShortRevision tag detected. The value is '7'.
[INFO] Executing: /bin/sh -c cd '/home/gabsko/breaking-updates' && 'git' 'rev-parse' '--verify' '--short=7' 'HEAD'
[INFO] Working directory: /home/gabsko/breaking-updates
[INFO] Storing buildNumber: 69d2e7b6 at timestamp: 2023-02-05T00:29:42
[INFO] Storing buildScmBranch: branch-artipie/asto-69d2e7b67d711faa5808d02b062fa358f28ceea2
[INFO] 
[INFO] --- buildnumber-maven-plugin:1.4:create-timestamp (jcabi-build-number) @ asto ---
[INFO] 
[INFO] --- maven-resources-plugin:3.0.2:resources (default-resources) @ asto ---
[INFO] Using 'UTF-8' encoding to copy filtered resources.
[INFO] skip non existing resourceDirectory /home/gabsko/breaking-updates/src/main/resources
[INFO] 
[INFO] --- maven-compiler-plugin:3.8.0:compile (default-compile) @ asto ---
[INFO] Compiling 86 source files to /home/gabsko/breaking-updates/target/classes
[INFO] 
[INFO] --- maven-resources-plugin:3.0.2:testResources (default-testResources) @ asto ---
[INFO] Using 'UTF-8' encoding to copy filtered resources.
[INFO] Copying 4 resources
[INFO] 
[INFO] --- maven-compiler-plugin:3.8.0:testCompile (default-testCompile) @ asto ---
[INFO] Compiling 61 source files to /home/gabsko/breaking-updates/target/test-classes
[INFO] 
[INFO] --- maven-surefire-plugin:3.0.0-M3:test (default-test) @ asto ---
[INFO] 
[INFO] -------------------------------------------------------
[INFO]  T E S T S
[INFO] -------------------------------------------------------
[INFO] Running TestSuite
[WARNING] Tests run: 38, Failures: 0, Errors: 0, Skipped: 31, Time elapsed: 0.739 s - in TestSuite
[INFO] 
[INFO] Results:
[INFO] 
[WARNING] Tests run: 38, Failures: 0, Errors: 0, Skipped: 31
[INFO] 
[INFO] ------------------------------------------------------------------------
[INFO] BUILD SUCCESS
[INFO] ------------------------------------------------------------------------
[INFO] Total time:  7.090 s
[INFO] Finished at: 2023-02-05T00:29:47Z
[INFO] ------------------------------------------------------------------------
