[INFO] Scanning for projects...
[INFO] Downloading from central: https://repo1.maven.org/maven2/org/sakaiproject/oss-parent/1/oss-parent-1.pom
[INFO] Downloaded from central: https://repo1.maven.org/maven2/org/sakaiproject/oss-parent/1/oss-parent-1.pom (9.8 kB at 39 kB/s)
[INFO] Downloading from central: https://repo1.maven.org/maven2/org/apache/maven/wagon/wagon-ssh-external/3.3.4/wagon-ssh-external-3.3.4.pom
[INFO] Downloaded from central: https://repo1.maven.org/maven2/org/apache/maven/wagon/wagon-ssh-external/3.3.4/wagon-ssh-external-3.3.4.pom (3.9 kB at 40 kB/s)
[INFO] Downloading from central: https://repo1.maven.org/maven2/org/apache/maven/wagon/wagon-ssh-common/3.3.4/wagon-ssh-common-3.3.4.pom
[INFO] Downloaded from central: https://repo1.maven.org/maven2/org/apache/maven/wagon/wagon-ssh-common/3.3.4/wagon-ssh-common-3.3.4.pom (0 B at 0 B/s)
[INFO] Downloading from central: https://repo1.maven.org/maven2/org/apache/maven/wagon/wagon-ssh-external/3.3.4/wagon-ssh-external-3.3.4.jar
[INFO] Downloading from central: https://repo1.maven.org/maven2/org/apache/maven/wagon/wagon-ssh-common/3.3.4/wagon-ssh-common-3.3.4.jar
[INFO] Downloaded from central: https://repo1.maven.org/maven2/org/apache/maven/wagon/wagon-ssh-external/3.3.4/wagon-ssh-external-3.3.4.jar (15 kB at 1.1 MB/s)
[INFO] Downloaded from central: https://repo1.maven.org/maven2/org/apache/maven/wagon/wagon-ssh-common/3.3.4/wagon-ssh-common-3.3.4.jar (0 B at 0 B/s)
[INFO] Downloading from central: https://repo1.maven.org/maven2/org/sakaiproject/maven/plugins/sakai/1.4.5/sakai-1.4.5.pom
[INFO] Downloaded from central: https://repo1.maven.org/maven2/org/sakaiproject/maven/plugins/sakai/1.4.5/sakai-1.4.5.pom (3.2 kB at 17 kB/s)
[INFO] Downloading from central: https://repo1.maven.org/maven2/org/sakaiproject/maven/plugins/1.4.5/plugins-1.4.5.pom
[INFO] Downloaded from central: https://repo1.maven.org/maven2/org/sakaiproject/maven/plugins/1.4.5/plugins-1.4.5.pom (7.0 kB at 67 kB/s)
[INFO] Downloading from central: https://repo1.maven.org/maven2/org/apache/maven/maven-archiver/3.1.1/maven-archiver-3.1.1.pom
[INFO] Downloaded from central: https://repo1.maven.org/maven2/org/apache/maven/maven-archiver/3.1.1/maven-archiver-3.1.1.pom (4.3 kB at 724 kB/s)
[INFO] Downloading from central: https://repo1.maven.org/maven2/org/apache/maven/shared/maven-shared-utils/3.0.1/maven-shared-utils-3.0.1.pom
[INFO] Downloaded from central: https://repo1.maven.org/maven2/org/apache/maven/shared/maven-shared-utils/3.0.1/maven-shared-utils-3.0.1.pom (4.6 kB at 764 kB/s)
[INFO] Downloading from central: https://repo1.maven.org/maven2/org/apache/maven/maven-compat/3.2.5/maven-compat-3.2.5.jar
[INFO] Downloading from central: https://repo1.maven.org/maven2/org/sakaiproject/maven/plugins/sakai/1.4.5/sakai-1.4.5.jar
[INFO] Downloading from central: https://repo1.maven.org/maven2/org/apache/maven/wagon/wagon-provider-api/2.8/wagon-provider-api-2.8.jar
[INFO] Downloading from central: https://repo1.maven.org/maven2/org/apache/maven/maven-archiver/3.1.1/maven-archiver-3.1.1.jar
[INFO] Downloading from central: https://repo1.maven.org/maven2/org/apache/maven/shared/maven-shared-utils/3.0.1/maven-shared-utils-3.0.1.jar
[INFO] Downloaded from central: https://repo1.maven.org/maven2/org/apache/maven/maven-compat/3.2.5/maven-compat-3.2.5.jar (287 kB at 14 MB/s)
[INFO] Downloading from central: https://repo1.maven.org/maven2/org/apache/commons/commons-compress/1.11/commons-compress-1.11.jar
[INFO] Downloaded from central: https://repo1.maven.org/maven2/org/apache/maven/wagon/wagon-provider-api/2.8/wagon-provider-api-2.8.jar (53 kB at 1.8 MB/s)
[INFO] Downloaded from central: https://repo1.maven.org/maven2/org/apache/maven/maven-archiver/3.1.1/maven-archiver-3.1.1.jar (24 kB at 763 kB/s)
[INFO] Downloaded from central: https://repo1.maven.org/maven2/org/apache/maven/shared/maven-shared-utils/3.0.1/maven-shared-utils-3.0.1.jar (154 kB at 4.4 MB/s)
[INFO] Downloaded from central: https://repo1.maven.org/maven2/org/apache/commons/commons-compress/1.11/commons-compress-1.11.jar (426 kB at 9.7 MB/s)
[INFO] Downloaded from central: https://repo1.maven.org/maven2/org/sakaiproject/maven/plugins/sakai/1.4.5/sakai-1.4.5.jar (42 kB at 190 kB/s)
[INFO] ------------------------------------------------------------------------
[INFO] Reactor Build Order:
[INFO] 
[INFO] Sakai Master                                                       [pom]
[INFO] Sakai Kernel                                                       [pom]
[INFO] Sakai Component Manager                                            [jar]
[INFO] Sakai Kernel API                                                   [jar]
[INFO] Sakai Kernel Util                                                  [jar]
[INFO] Sakai Common Project                                               [pom]
[INFO] archive-api                                                        [jar]
[INFO] sakai-velocity base pom                                            [pom]
[INFO] sakai-velocity-tool-api                                            [jar]
[INFO] Sakai Userauditservice Base POM (userauditservice)                 [pom]
[INFO] Sakai Userauditservice API (userauditservice-api)                  [jar]
[INFO] Sakai educational Services Project                                 [pom]
[INFO] Sakai Course Management Project                                    [pom]
[INFO] coursemanagement-api                                               [jar]
[INFO] sakai-message base pom                                             [pom]
[INFO] sakai-message-api                                                  [jar]
[INFO] sakai-announcement base pom                                        [pom]
[INFO] sakai-announcement-api                                             [jar]
[INFO] sakai-taggable base pom                                            [pom]
[INFO] sakai-taggable-api                                                 [jar]
[INFO] Sakai Kernel Private Package                                       [jar]
[INFO] Sakai Job Scheduler Project (base pom)                             [pom]
[INFO] Sakai Job Scheduler API (scheduler-api)                            [jar]
[INFO] Content Review                                                     [pom]
[INFO] Content Review API                                                 [jar]
[INFO] sakai-assignment base pom                                          [pom]
[INFO] sakai-assignment-api                                               [jar]
[INFO] Sakai Common API                                                   [jar]
[INFO] Sakai Entity Broker                                                [pom]
[INFO] Sakai Entity Broker API                                            [jar]
[INFO] Profile2                                                           [pom]
[INFO] Profile2 API                                                       [jar]
[INFO] COMMONS                                                            [pom]
[INFO] COMMONS API                                                        [jar]
[INFO] sakai-portal base (neo)                                            [pom]
[INFO] sakai-portal-api                                                   [jar]
[INFO] sakai-portal-util                                                  [jar]
[INFO] sakai-velocity-util                                                [jar]
[INFO] sakai-velocity-tool                                                [jar]
[INFO] Reset Password and Account Validator                               [pom]
[INFO] Sakai AccountValidator API                                         [jar]
[INFO] admin-tools                                                        [war]
[INFO] Sakai JSF 2 Base POM (jsf2)                                        [pom]
[INFO] Sakai JSF 2 Tool Servlet (jsf2-tool)                               [jar]
[INFO] Sakai JSF 2 Extensions (jsf2-app)                                  [jar]
[INFO] Sakai JSF 2 Widgets - Sun RI (jsf2-widgets-sun)                    [jar]
[INFO] Sakai JSF 2 Widgets (jsf2-widgets)                                 [jar]
[INFO] Sakai JSF 2 widget dependencies for Sun's RI (sakai-depend-jsf2-widgets-sun) [pom]
[INFO] admin-tool-su                                                      [war]
[INFO] Sakai Access Project                                               [pom]
[INFO] sakai-access-impl                                                  [jar]
[INFO] OAuth Base                                                         [pom]
[INFO] OAuth API                                                          [jar]
[INFO] access                                                             [war]
[INFO] web                                                                [war]
[INFO] Sakai Kernel Storage Util                                          [jar]
[INFO] sakai-message-util                                                 [jar]
[INFO] sakai-site base pom                                                [pom]
[INFO] sakai-mergedlist-util                                              [jar]
[INFO] sakai-announcement-impl                                [sakai-component]
[INFO] Sakai Entity Broker Utilities                                      [jar]
[INFO] sakai-announcement-tool                                            [war]
[INFO] Sakai Import Implementation                                        [jar]
[INFO] Sakai Archive Project                                              [pom]
[INFO] Sakai Announcement Import Handlers                                 [jar]
[INFO] Sakai Sections Project                                             [pom]
[INFO] Sakai Sections API                                                 [jar]
[INFO] gradebook-service-api                                              [jar]
[INFO] sakai-calendar base pom                                            [pom]
[INFO] sakai-calendar-api                                                 [jar]
[INFO] Sakai Rubrics - Base                                               [pom]
[INFO] Sakai Rubrics - API                                                [jar]
[INFO] Sakai Search Project                                               [pom]
[INFO] sakai-search-api                                                   [jar]
[INFO] Sakai Job Scheduler Events Model                                   [jar]
[INFO] Sakai Emailtemplateservice Base POM (emailtemplateservice)         [pom]
[INFO] Sakai Emailtemplateservice API (emailtemplateservice-api)          [jar]
[INFO] Sakai Job Scheduler Component (scheduler-component-shared)         [jar]
[INFO] ElasticSearch Base                                                 [pom]
[INFO] Sakai search - ElasticSearch API                                   [jar]
[INFO] BasicLTI base pom (basiclti)                                       [pom]
[INFO] BasicLTI API (basiclti-api)                                        [jar]
[INFO] Tsugi LTI Utilities (basiclti-util variant)                        [jar]
[INFO] Sakai Privacy API                                                  [jar]
[INFO] BasicLTI Common (basiclti-common)                                  [jar]
[INFO] sakai-assignment-impl                                  [sakai-component]
[INFO] sakai-calendar-util                                                [jar]
[INFO] Sakai Scoring Service                                              [pom]
[INFO] scoring-service-api                                                [jar]
[INFO] sakai-assignment-tool                                              [war]
[INFO] BasicLTI Docs (basiclti-docs)                                      [pom]
[INFO] Portlet utilities (portlet-util)                                   [jar]
[INFO] BasicLTI Implementation (basiclti-impl)                [sakai-component]
[INFO] BasicLTI Portlet (imsblti)                                         [war]
[INFO] BasicLIS Implementation (imsblis)                                  [war]
[INFO] LTI OIDC Servlet (imsoidc)                                         [war]
[INFO] Basic LTI Admin Tool (basiclti-tool)                               [war]
[INFO] sakai-web-portlet-basiclti                                         [war]
[INFO] sakai-calendar-bundles                                             [jar]
[INFO] Sakai Calendar Hibernate                                           [jar]
[INFO] Sakai Core Kernel Implementation                       [sakai-component]
[INFO] sakai-calendar-impl                                    [sakai-component]
[INFO] sakai-calendar-summary-tool                                        [war]
[INFO] sakai-calendar-tool                                                [war]
[INFO] Sakai Chat Project                                                 [pom]
[INFO] sakai-chat-api                                                     [jar]
[INFO] sakai-presence base pom                                            [pom]
[INFO] sakai-presence-api                                                 [jar]
[INFO] sakai-chat-impl                                        [sakai-component]
[INFO] sakai-chat-tool                                                    [war]
[INFO] Citations Project                                                  [pom]
[INFO] sakai-citations-api                                                [jar]
[INFO] sakai-citations-util                                               [jar]
[INFO] savecite                                                           [war]
[INFO] sakai-citations-tool                                               [war]
[INFO] sakai-citations-web2bridge                                         [jar]
[INFO] sakai-citations-xserver                                            [jar]
[INFO] sakai-citations-impl                                   [sakai-component]
[INFO] Sakai Common API Composite Component Data                          [jar]
[INFO] Sakai Common API Composite Component                   [sakai-component]
[INFO] Sakai Privacy HBM                                                  [jar]
[INFO] Sakai Privacy Component Impl                           [sakai-component]
[INFO] archive-impl2                                          [sakai-component]
[INFO] sakai-lessonbuildertool base pom                                   [pom]
[INFO] sakai-lessonbuildertool-api                                        [jar]
[INFO] Sakai Content Import Handlers                                      [jar]
[INFO] Sakai Import Common Cartridge                                      [jar]
[INFO] Sakai Import Blackboard 5.5                                        [jar]
[INFO] Sakai Import Blackboard 6.x                                        [jar]
[INFO] Sakai Samigo Project (samigo)                                      [pom]
[INFO] Sakai Samigo API (samigo-api)                                      [jar]
[INFO] Sakai Samigo Hibernate POJO (samigo-hibernate)                     [jar]
[INFO] Sakai Tag Service                                                  [pom]
[INFO] tags-api                                                           [jar]
[INFO] Sakai Samigo Services (samigo-services)                            [jar]
[INFO] Sakai Samigo QTI Services (samigo-qti)                             [jar]
[INFO] Sakai Samigo Import Handlers (samigo-import)                       [jar]
[INFO] Sakai Archive Import                                               [jar]
[INFO] Sakai Import Components Package                        [sakai-component]
[INFO] Sakai Content Util                                                 [jar]
[INFO] Sakai Import Blackboard 6.x                                        [jar]
[INFO] Sakai Hierarchy                                                    [pom]
[INFO] Sakai Hierarchy API                                                [jar]
[INFO] Delegated Access - Base                                            [pom]
[INFO] Delegated Access - API                                             [jar]
[INFO] COMMONS IMPL                                           [sakai-component]
[INFO] COMMONS TOOL                                                       [war]
[INFO] Sakai Config Project                                               [pom]
[INFO] configuration-bundles                                              [jar]
[INFO] localization-bundles                                   [sakai-component]
[INFO] shared-i18n-bundles                                    [sakai-component]
[INFO] Sakai Cloud Content Providers                                      [pom]
[INFO] Sakai Cloud Resources Providers (impl)                 [sakai-component]
[INFO] Cloud Storage Implementation                                       [pom]
[INFO] Sakai OneDrive Integration - BASE                                  [pom]
[INFO] Sakai OneDrive Integration - API                                   [jar]
[INFO] Sakai OneDrive Integration - IMPL                      [sakai-component]
[INFO] Sakai OneDrive Integration - TOOL                                  [war]
[INFO] Sakai GoogleDrive Integration - BASE                               [pom]
[INFO] Sakai GoogleDrive Integration - API                                [jar]
[INFO] Sakai GoogleDrive Integration - IMPL                   [sakai-component]
[INFO] Sakai GoogleDrive Integration - TOOL                               [war]
[INFO] Sakai Content Project                                              [pom]
[INFO] content-cleanup                                                    [pom]
[INFO] content-cleanup-impl                                   [sakai-component]
[INFO] sakai-content-copyright-api                                        [jar]
[INFO] sakai-content-copyright-impl                           [sakai-component]
[INFO] content-providers-impl                                 [sakai-component]
[INFO] content-metadata-api                                               [jar]
[INFO] content-metadata-impl                                  [sakai-component]
[INFO] content-bundle                                                     [jar]
[INFO] content-tool                                                       [war]
[INFO] content-types                                          [sakai-component]
[INFO] Content Review Implementation                                      [pom]
[INFO] Content Review DAO Implementation                                  [jar]
[INFO] Content Review Service Implementation                              [jar]
[INFO] Content Review Turnitin Implementation                             [jar]
[INFO] Content Review Turnitin OC Implementation                          [jar]
[INFO] Content Review VeriCite Implementation                             [jar]
[INFO] Content Review Compilatio Implementation                           [jar]
[INFO] Content Review Urkund Implementation                               [jar]
[INFO] Content Review Pack                                    [sakai-component]
[INFO] Content Review Tool                                                [war]
[INFO] sakai-dashboard-base                                               [pom]
[INFO] sakai-dashboard-tool                                               [war]
[INFO] Sakai DAV Project                                                  [pom]
[INFO] sakai-dav-common                                                   [jar]
[INFO] dav                                                                [war]
[INFO] sakai-dav-server                                                   [jar]
[INFO] Delegated Access - Tool                                            [war]
[INFO] Delegated Access - Implementation                      [sakai-component]
[INFO] Sakai Deploy                                                       [pom]
[INFO] gradebook-service-hibernate                                        [jar]
[INFO] gradebook-service-impl                                             [jar]
[INFO] gradebook-service-pack                                 [sakai-component]
[INFO] sakai-gradebook-service                                            [pom]
[INFO] coursemanagement-hibernate-model                                   [jar]
[INFO] coursemanagement-hibernate-impl                                    [jar]
[INFO] coursemanagement-hibernate-pack                        [sakai-component]
[INFO] sakai-sections-model                                               [jar]
[INFO] sakai-sections-impl                                    [sakai-component]
[INFO] scoring-service-impl                                   [sakai-component]
[INFO] Sakai Emailtemplateservice Implementation (emailtemplateservice-impl) [sakai-component]
[INFO] sakai-rsf                                                          [pom]
[INFO] sakai-rsf-core                                                     [jar]
[INFO] sakai-rsf-web                                                      [pom]
[INFO] sakai-rsf-web-evolvers                                             [jar]
[INFO] sakai-rsf-web-templates                                            [war]
[INFO] Sakai Emailtemplateservice Tool (emailtemplateservice-tool)        [war]
[INFO] Sakai Endorsed Project                                             [pom]
[INFO] Sakai Endorsed I18n                                                [jar]
[INFO] Sakai Entity Broker Mock Objects                                   [jar]
[INFO] Sakai Entity Broker Implementation                                 [jar]
[INFO] Sakai Entity Broker REST Implementation                            [jar]
[INFO] Sakai Entity Broker Tool (Direct Servlet)                          [war]
[INFO] Sakai Entity Broker Components Pack                    [sakai-component]
[INFO] Sakai Entity Broker Core Providers                                 [war]
[INFO] External Calendaring Service                                       [pom]
[INFO] External Calendaring Service :: API                                [jar]
[INFO] External Calendaring Service :: Implementation         [sakai-component]
[INFO] Sakai Feedback Tool                                                [war]
[INFO] GradebookNG                                                        [pom]
[INFO] GradebookNG :: Bundle                                              [jar]
[INFO] Sakai Wicket Base POM                                              [pom]
[INFO] Sakai Wicket 6 Tool                                                [jar]
[INFO] GradebookNG :: Tool                                                [war]
[INFO] Sakai Help Project                                                 [pom]
[INFO] sakai-help-api                                                     [jar]
[INFO] sakai-comp-shared-help                                             [jar]
[INFO] sakai-help-content                                                 [jar]
[INFO] sakai-comp-help                                        [sakai-component]
[INFO] Sakai JSF Base POM (jsf)                                           [pom]
[INFO] Sakai JSF Tool Servlet (jsf-tool)                                  [jar]
[INFO] Sakai JSF Extensions (jsf-app)                                     [jar]
[INFO] Sakai JSF Widgets - Sun RI (jsf-widgets-sun)                       [jar]
[INFO] Sakai JSF Widgets - MyFaces RI (jsf-widgets-myfaces)               [jar]
[INFO] Sakai JSF Widgets (jsf-widgets)                                    [jar]
[INFO] Sakai JSF widget dependencies for Sun's RI (sakai-depend-jsf-widgets-sun) [pom]
[INFO] Sakai JSF Tool using Sun's RI (jsf-sun-ri-tool)                    [pom]
[INFO] sakai-help-tool                                                    [war]
[INFO] Sakai Hierarchy Implementation                         [sakai-component]
[INFO] Sakai Job Scheduler Utils                                          [jar]
[INFO] Sakai Job Scheduler Component (scheduler-component)    [sakai-component]
[INFO] Sakai Job Scheduler Tool (scheduler-tool)                          [war]
[INFO] Sakai Job Scheduler Test Component (scheduler-test-component) [sakai-component]
[INFO] Sakai Job Scheduler Test Component Shared Library (scheduler-test-component-shared) [jar]
[INFO] Sakai JSF widgets resources (jsf-resource)                         [war]
[INFO] Sakai JSF Spreadsheet Support (jsf-spreadsheet)                    [jar]
[INFO] Sakai JSF Widgets Dependencies for MyFaces (sakai-depend-jsf-widgets-myfaces) [pom]
[INFO] Sakai JSF Tool Using Sun's RI (jsf-myfaces-tool)                   [pom]
[INFO] Sakai JSF 2 Spreadsheet Support (jsf2-spreadsheet)                 [jar]
[INFO] Sakai JSF 2 Tool using Sun's RI (jsf2-sun-ri-tool)                 [pom]
[INFO] Kernel Common                                                      [jar]
[INFO] sakai-lessonbuildertool-tool-hbm                                   [jar]
[INFO] sakai-search-util                                                  [jar]
[INFO] sakai-lessonbuildertool-tool-components                [sakai-component]
[INFO] Sakai Message Center Base POM                                      [pom]
[INFO] Sakai Message Forums API                                           [jar]
[INFO] Sakai Message Forums Hibernate Module                              [jar]
[INFO] sakai-lessonbuildertool-tool                                       [war]
[INFO] Sakai TextArea Project                                             [pom]
[INFO] sakai-fck-connector                                                [war]
[INFO] Sakai Library                                                      [war]
[INFO] Sakai Login Project                                                [pom]
[INFO] sakai-login-api                                                    [jar]
[INFO] authn                                                              [war]
[INFO] sakai-login-impl                                       [sakai-component]
[INFO] login-render-engine-impl                                           [war]
[INFO] sakai-login-tool                                                   [war]
[INFO] Sakai Mail Archive Project                                         [pom]
[INFO] sakai-mailarchive-api                                              [jar]
[INFO] sakai-mailarchive-impl                                 [sakai-component]
[INFO] sakai-mailarchive-subetha                              [sakai-component]
[INFO] sakai-mailarchive-tool                                             [war]
[INFO] Sakai Mail Sender Project                                          [pom]
[INFO] Sakai Mail Sender API                                              [jar]
[INFO] Sakai Mail Sender Impl                                 [sakai-component]
[INFO] Sakai Mail Sender Tool                                             [war]
[INFO] sakai-message-tool                                                 [war]
[INFO] message-search-adapters-impl                           [sakai-component]
[INFO] Sakai Message Forums Tool                                          [war]
[INFO] Sakai Message Forums Component Implementation          [sakai-component]
[INFO] My Calendar                                                        [war]
[INFO] My Connections                                                     [war]
[INFO] OAuth Implementation                                   [sakai-component]
[INFO] OAuth Hibernate DAO                                                [jar]
[INFO] OAuth Tool                                                         [war]
[INFO] Sakai Public Address System                                        [pom]
[INFO] pasystem-api                                                       [jar]
[INFO] pasystem-impl                                          [sakai-component]
[INFO] pasystem-tool                                                      [war]
[INFO] Sakai Podcast Project                                              [pom]
[INFO] sakai-podcasts-api                                                 [jar]
[INFO] podcasts                                                           [war]
[INFO] sakai-podcasts                                                     [war]
[INFO] sakai-podcasts-impl                                    [sakai-component]
[INFO] Sakai Polls Project base pom (polls)                               [pom]
[INFO] Sakai Polls API Module (polls-api)                                 [jar]
[INFO] Sakai Polls Implementation Module (polls-impl)         [sakai-component]
[INFO] Sakai Polls Tool Module (polls-tool)                               [war]
[INFO] sakai-editor                                                       [war]
[INFO] sakai-portal-render-api                                            [jar]
[INFO] sakai-portal-impl                                                  [jar]
[INFO] sakai-portal (charon)                                              [war]
[INFO] sakai-portal chat                                                  [war]
[INFO] sakai-portal-render-impl                               [sakai-component]
[INFO] sakai-portal-render-engine-impl                                    [war]
[INFO] sakai-portal-service-impl                              [sakai-component]
[INFO] sakai-portal tool                                                  [war]
[INFO] Sakai Postem Project                                               [pom]
[INFO] sakai-postem-api                                                   [jar]
[INFO] Sakai Postem Tool                                                  [war]
[INFO] sakai-postem-hbm                                                   [jar]
[INFO] sakai-postem-impl                                      [sakai-component]
[INFO] sakai-presence-impl                                    [sakai-component]
[INFO] sakai-presence-util                                                [jar]
[INFO] sakai-presence-tool                                                [war]
[INFO] Profile2 UTIL                                                      [jar]
[INFO] Profile2 IMPL                                          [sakai-component]
[INFO] Profile2 Bundle                                                    [jar]
[INFO] Profile2 TOOL                                                      [war]
[INFO] Sakai Providers Project                                            [pom]
[INFO] sakai-allhands-provider                                            [jar]
[INFO] sakai-coursemanagement-authz-provider-impl                         [jar]
[INFO] sakai-userdetail-provider                                          [jar]
[INFO] sakai-sample-provider                                              [jar]
[INFO] sakai-unboundid-provider                                           [jar]
[INFO] sakai-kerberos-provider                                            [jar]
[INFO] sakai-imsent-provider                                              [jar]
[INFO] sakai-federating-provider                                          [jar]
[INFO] sakai-provider-pack                                    [sakai-component]
[INFO] sakai-openldap-provider                                            [jar]
[INFO] Reset pass                                                         [war]
[INFO] Sakai Account Validator Implementation                 [sakai-component]
[INFO] Sakai Account Validator Tool                                       [war]
[INFO] Sakai SiteStats                                                    [pom]
[INFO] Sakai SiteStats API                                                [jar]
[INFO] ROSTER2 BASE                                                       [pom]
[INFO] ROSTER2 TOOL                                                       [war]
[INFO] ROSTER2 BUNDLE                                                     [jar]
[INFO] sakai-rsf-web-test                                                 [war]
[INFO] Sakai Rubrics - Implementation                         [sakai-component]
[INFO] Sakai Rubrics - Manager Tool                                       [war]
[INFO] Sakai RWiki Project                                                [pom]
[INFO] sakai-rwiki-api                                                    [jar]
[INFO] sakai-radeox                                                       [jar]
[INFO] sakai-rwiki-model                                                  [jar]
[INFO] sakai-rwiki-util                                                   [jar]
[INFO] sakai-rwiki-impl                                       [sakai-component]
[INFO] sakai-rwiki-diff                                                   [jar]
[INFO] sakai-rwiki-tool                                                   [war]
[INFO] wiki                                                               [war]
[INFO] tags-impl                                              [sakai-component]
[INFO] tags-tool                                                          [war]
[INFO] Sakai Samigo Content Packaging (samigo-cp)                         [jar]
[INFO] Sakai Samigo Tool (samigo-app)                                     [war]
[INFO] Sakai search - ElasticSearch UTIL                                  [jar]
[INFO] Samigo Impl                                                        [jar]
[INFO] Sakai Samigo Lite Service Implementaiton (samlite-impl)            [jar]
[INFO] Sakai Samigo Component Package (samigo-pack)           [sakai-component]
[INFO] search-test-1.7                                                    [jar]
[INFO] Sakai Search Project                                               [pom]
[INFO] search-impl                                            [sakai-component]
[INFO] search-model                                                       [jar]
[INFO] sakai-search-tool                                                  [war]
[INFO] Sakai search - ElasticSearch impl                      [sakai-component]
[INFO] Sakai Sections Project                                             [pom]
[INFO] sakai-sections-tool                                                [war]
[INFO] Sakai Shortened URL Service                                        [pom]
[INFO] Sakai Shortened URL Service API                                    [jar]
[INFO] Sakai Shortened URL Service Implementations            [sakai-component]
[INFO] Sakai Shortened URL Service Resolver Servlet                       [war]
[INFO] Sakai Signup Module                                                [pom]
[INFO] Sakai Signup API                                                   [jar]
[INFO] Sakai Signup Implementation                            [sakai-component]
[INFO] Sakai Signup Tool                                                  [war]
[INFO] RSS portlet for Sakai                                              [war]
[INFO] Sakai AdminSitePerms                                               [war]
[INFO] sakai-acadtermmanage - Base                                        [pom]
[INFO] sakai-acadtermmanage- API                                          [jar]
[INFO] Sakai Wicket 8 Tool                                                [jar]
[INFO] sakai-acadtermmanage - Tool                                        [war]
[INFO] sakai-acadtermmanage - Implementation                  [sakai-component]
[INFO] sakai-message-bundle-manager-tool                                  [war]
[INFO] sakai-site-manage base pom                                         [pom]
[INFO] sakai-datemanager base pom                                         [pom]
[INFO] sakai-site-datemanager-api                                         [jar]
[INFO] sakai-site-datemanager-impl                            [sakai-component]
[INFO] sakai-site-datemanager-helper                                      [war]
[INFO] sakai-site-manage-api                                              [jar]
[INFO] sakai-site-manage-util                                             [jar]
[INFO] sakai-site-pageorder-helper                                        [war]
[INFO] sakai-site-manage-hbm                                              [jar]
[INFO] Sakai Userauditservice Util (userauditservice-util)                [jar]
[INFO] sakai-site-manage-impl                                 [sakai-component]
[INFO] sakai-site-manage-tool                                             [war]
[INFO] sakai-site-manage-participant-helper                               [war]
[INFO] sakai-site-manage-link-helper                                      [war]
[INFO] sakai-site-group-manager                                           [war]
[INFO] Sakai SiteStats Bundle                                             [jar]
[INFO] Sakai SiteStats Hibernate                                          [jar]
[INFO] Sakai SiteStats Implementation                         [sakai-component]
[INFO] Sakai SiteStats Tool                                               [war]
[INFO] Sakai Syllabus Project                                             [pom]
[INFO] Sakai Syllabus API                                                 [jar]
[INFO] sakai-syllabus-tool                                                [war]
[INFO] sakai-syllabus-impl                                    [sakai-component]
[INFO] sakai-taggable-hbm                                                 [jar]
[INFO] sakai-taggable-impl                                    [sakai-component]
[INFO] sakai-calendar-connector                                           [war]
[INFO] elfinder-connector                                                 [war]
[INFO] Sakai User Project                                                 [pom]
[INFO] sakai-user-tool-admin-prefs                                        [war]
[INFO] sakai-user-tool-prefs                                              [war]
[INFO] user-util                                                          [jar]
[INFO] Sakai Userauditservice Implementation (userauditservice-impl) [sakai-component]
[INFO] Sakai Userauditservice Tool (userauditservice-tool)                [war]
[INFO] Sakai User Membership  Project                                     [pom]
[INFO] sakai-usermembership-api                                           [jar]
[INFO] sakai-usermembership-impl                              [sakai-component]
[INFO] sakai-usermembership-tool                                          [war]
[INFO] Sakai Web Project                                                  [pom]
[INFO] sakai-web-api                                                      [jar]
[INFO] sakai-web-impl                                         [sakai-component]
[INFO] sakai-web-tool                                                     [war]
[INFO] sakai-web-portlet                                                  [war]
[INFO] sakai-webapi                                                       [war]
[INFO] Sakai Web Components                                               [pom]
[INFO] Sakai Web Components Bundle                                        [jar]
[INFO] Sakai Web Components Tool                                          [war]
[INFO] Sakai WebJars Project                                              [pom]
[INFO] Sakai WebServices Project                                          [pom]
[INFO] Sakai Soap (CXF)                                                   [war]
[INFO] Sakai base pom                                                     [pom]
[INFO] 
[INFO] ----------------------< org.sakaiproject:master >-----------------------
[INFO] Building Sakai Master 22-SNAPSHOT                                [1/434]
[INFO] --------------------------------[ pom ]---------------------------------
[INFO] Downloading from opencast: https://nexus.opencast.org/nexus/content/groups/public/org/apache/maven/plugins/maven-surefire-report-plugin/maven-metadata.xml
[INFO] Downloading from central: https://repo1.maven.org/maven2/org/apache/maven/plugins/maven-surefire-report-plugin/maven-metadata.xml
[INFO] Downloaded from central: https://repo1.maven.org/maven2/org/apache/maven/plugins/maven-surefire-report-plugin/maven-metadata.xml (1.8 kB at 161 kB/s)
[WARNING] Could not transfer metadata org.apache.maven.plugins:maven-surefire-report-plugin/maven-metadata.xml from/to opencast (https://nexus.opencast.org/nexus/content/groups/public): transfer failed for https://nexus.opencast.org/nexus/content/groups/public/org/apache/maven/plugins/maven-surefire-report-plugin/maven-metadata.xml
[INFO] Downloading from central: https://repo1.maven.org/maven2/org/apache/maven/plugins/maven-surefire-report-plugin/3.0.0-M8/maven-surefire-report-plugin-3.0.0-M8.pom
[INFO] Downloaded from central: https://repo1.maven.org/maven2/org/apache/maven/plugins/maven-surefire-report-plugin/3.0.0-M8/maven-surefire-report-plugin-3.0.0-M8.pom (9.2 kB at 1.0 MB/s)
[INFO] Downloading from central: https://repo1.maven.org/maven2/org/apache/maven/surefire/surefire/3.0.0-M8/surefire-3.0.0-M8.pom
[INFO] Downloaded from central: https://repo1.maven.org/maven2/org/apache/maven/surefire/surefire/3.0.0-M8/surefire-3.0.0-M8.pom (22 kB at 2.7 MB/s)
[INFO] Downloading from central: https://repo1.maven.org/maven2/org/apache/maven/plugins/maven-surefire-report-plugin/3.0.0-M8/maven-surefire-report-plugin-3.0.0-M8.jar
[INFO] Downloaded from central: https://repo1.maven.org/maven2/org/apache/maven/plugins/maven-surefire-report-plugin/3.0.0-M8/maven-surefire-report-plugin-3.0.0-M8.jar (45 kB at 4.5 MB/s)
[INFO] 
[INFO] --- maven-clean-plugin:3.1.0:clean (default-clean) @ master ---
[INFO] 
[INFO] --- maven-enforcer-plugin:3.0.0-M3:enforce (enforce-maven) @ master ---
[INFO] 
[INFO] --- maven-enforcer-plugin:3.0.0-M3:enforce (enforce-versions) @ master ---
[INFO] 
[INFO] ----------------------< org.sakaiproject:kernel >-----------------------
[INFO] Building Sakai Kernel 22-SNAPSHOT                                [2/434]
[INFO] --------------------------------[ pom ]---------------------------------
[INFO] 
[INFO] --- maven-clean-plugin:3.1.0:clean (default-clean) @ kernel ---
[INFO] 
[INFO] --- maven-enforcer-plugin:3.0.0-M3:enforce (enforce-maven) @ kernel ---
[INFO] 
[INFO] --- maven-enforcer-plugin:3.0.0-M3:enforce (enforce-versions) @ kernel ---
[INFO] 
[INFO] ----------< org.sakaiproject.kernel:sakai-component-manager >-----------
[INFO] Building Sakai Component Manager 22-SNAPSHOT                     [3/434]
[INFO] --------------------------------[ jar ]---------------------------------
[INFO] Downloading from central: https://repo1.maven.org/maven2/org/springframework/spring-core/5.2.9.RELEASE/spring-core-5.2.9.RELEASE.jar
[INFO] Downloading from central: https://repo1.maven.org/maven2/org/springframework/spring-jcl/5.2.9.RELEASE/spring-jcl-5.2.9.RELEASE.jar
[INFO] Downloading from central: https://repo1.maven.org/maven2/org/springframework/spring-beans/5.2.9.RELEASE/spring-beans-5.2.9.RELEASE.jar
[INFO] Downloading from central: https://repo1.maven.org/maven2/org/springframework/spring-context/5.2.9.RELEASE/spring-context-5.2.9.RELEASE.jar
[INFO] Downloading from central: https://repo1.maven.org/maven2/org/springframework/spring-aop/5.2.9.RELEASE/spring-aop-5.2.9.RELEASE.jar
[INFO] Downloaded from central: https://repo1.maven.org/maven2/org/springframework/spring-core/5.2.9.RELEASE/spring-core-5.2.9.RELEASE.jar (0 B at 0 B/s)
[INFO] Downloading from central: https://repo1.maven.org/maven2/org/springframework/spring-expression/5.2.9.RELEASE/spring-expression-5.2.9.RELEASE.jar
[INFO] Downloaded from central: https://repo1.maven.org/maven2/org/springframework/spring-beans/5.2.9.RELEASE/spring-beans-5.2.9.RELEASE.jar (0 B at 0 B/s)
[INFO] Downloading from central: https://repo1.maven.org/maven2/org/springframework/spring-web/5.2.9.RELEASE/spring-web-5.2.9.RELEASE.jar
[INFO] Downloaded from central: https://repo1.maven.org/maven2/org/springframework/spring-aop/5.2.9.RELEASE/spring-aop-5.2.9.RELEASE.jar (0 B at 0 B/s)
[INFO] Downloaded from central: https://repo1.maven.org/maven2/org/springframework/spring-context/5.2.9.RELEASE/spring-context-5.2.9.RELEASE.jar (0 B at 0 B/s)
[INFO] Downloaded from central: https://repo1.maven.org/maven2/org/springframework/spring-expression/5.2.9.RELEASE/spring-expression-5.2.9.RELEASE.jar (0 B at 0 B/s)
[INFO] Downloaded from central: https://repo1.maven.org/maven2/org/springframework/spring-jcl/5.2.9.RELEASE/spring-jcl-5.2.9.RELEASE.jar (24 kB at 1.7 MB/s)
[INFO] Downloaded from central: https://repo1.maven.org/maven2/org/springframework/spring-web/5.2.9.RELEASE/spring-web-5.2.9.RELEASE.jar (0 B at 0 B/s)
[INFO] 
[INFO] --- maven-clean-plugin:3.1.0:clean (default-clean) @ sakai-component-manager ---
[INFO] 
[INFO] --- maven-enforcer-plugin:3.0.0-M3:enforce (enforce-maven) @ sakai-component-manager ---
[INFO] 
[INFO] --- maven-enforcer-plugin:3.0.0-M3:enforce (enforce-versions) @ sakai-component-manager ---
[INFO] 
[INFO] --- maven-resources-plugin:3.2.0:resources (default-resources) @ sakai-component-manager ---
[INFO] Using 'UTF-8' encoding to copy filtered resources.
[INFO] Using 'UTF-8' encoding to copy filtered properties files.
[INFO] Copying 0 resource
[INFO] Copying 3 resources
[INFO] skip non existing resourceDirectory /home/gabsko/breaking-updates/kernel/component-manager/src/main/resources
[INFO] skip non existing resourceDirectory /home/gabsko/breaking-updates/kernel/component-manager/src/main/sql
[INFO] skip non existing resourceDirectory /home/gabsko/breaking-updates/kernel/component-manager/src/main/config
[INFO] 
[INFO] --- maven-compiler-plugin:3.8.1:compile (default-compile) @ sakai-component-manager ---
[INFO] Changes detected - recompiling the module!
[INFO] Compiling 21 source files to /home/gabsko/breaking-updates/kernel/component-manager/target/classes
[INFO] /home/gabsko/breaking-updates/kernel/component-manager/src/main/java/org/sakaiproject/util/SakaiProperties.java: Some input files use or override a deprecated API.
[INFO] /home/gabsko/breaking-updates/kernel/component-manager/src/main/java/org/sakaiproject/util/SakaiProperties.java: Recompile with -Xlint:deprecation for details.
[INFO] /home/gabsko/breaking-updates/kernel/component-manager/src/main/java/org/sakaiproject/util/ComponentsLoader.java: Some input files use unchecked or unsafe operations.
[INFO] /home/gabsko/breaking-updates/kernel/component-manager/src/main/java/org/sakaiproject/util/ComponentsLoader.java: Recompile with -Xlint:unchecked for details.
[INFO] 
[INFO] --------------< org.sakaiproject.kernel:sakai-kernel-api >--------------
[INFO] Building Sakai Kernel API 22-SNAPSHOT                            [4/434]
[INFO] --------------------------------[ jar ]---------------------------------
[INFO] Downloading from central: https://repo1.maven.org/maven2/commons-dbcp/commons-dbcp/1.4/commons-dbcp-1.4.pom
[INFO] Downloaded from central: https://repo1.maven.org/maven2/commons-dbcp/commons-dbcp/1.4/commons-dbcp-1.4.pom (11 kB at 1.9 MB/s)
[INFO] Downloading from central: https://repo1.maven.org/maven2/org/apache/tomcat/tomcat-jdbc/9.0.46/tomcat-jdbc-9.0.46.pom
[INFO] Downloaded from central: https://repo1.maven.org/maven2/org/apache/tomcat/tomcat-jdbc/9.0.46/tomcat-jdbc-9.0.46.pom (1.8 kB at 76 kB/s)
[INFO] Downloading from central: https://repo1.maven.org/maven2/org/apache/tomcat/tomcat-juli/9.0.46/tomcat-juli-9.0.46.pom
[INFO] Downloaded from central: https://repo1.maven.org/maven2/org/apache/tomcat/tomcat-juli/9.0.46/tomcat-juli-9.0.46.pom (1.5 kB at 219 kB/s)
[INFO] Downloading from central: https://repo1.maven.org/maven2/com/zaxxer/HikariCP/3.4.2/HikariCP-3.4.2.pom
[INFO] Downloaded from central: https://repo1.maven.org/maven2/com/zaxxer/HikariCP/3.4.2/HikariCP-3.4.2.pom (21 kB at 2.4 MB/s)
[INFO] Downloading from central: https://repo1.maven.org/maven2/org/springframework/data/spring-data-jpa/2.3.4.RELEASE/spring-data-jpa-2.3.4.RELEASE.pom
[INFO] Downloaded from central: https://repo1.maven.org/maven2/org/springframework/data/spring-data-jpa/2.3.4.RELEASE/spring-data-jpa-2.3.4.RELEASE.pom (12 kB at 120 kB/s)
[INFO] Downloading from central: https://repo1.maven.org/maven2/org/springframework/data/build/spring-data-parent/2.3.4.RELEASE/spring-data-parent-2.3.4.RELEASE.pom
[INFO] Downloaded from central: https://repo1.maven.org/maven2/org/springframework/data/build/spring-data-parent/2.3.4.RELEASE/spring-data-parent-2.3.4.RELEASE.pom (39 kB at 3.9 MB/s)
[INFO] Downloading from central: https://repo1.maven.org/maven2/org/springframework/data/build/spring-data-build/2.3.4.RELEASE/spring-data-build-2.3.4.RELEASE.pom
[INFO] Downloaded from central: https://repo1.maven.org/maven2/org/springframework/data/build/spring-data-build/2.3.4.RELEASE/spring-data-build-2.3.4.RELEASE.pom (7.1 kB at 1.0 MB/s)
[INFO] Downloading from central: https://repo1.maven.org/maven2/org/jetbrains/kotlinx/kotlinx-coroutines-bom/1.3.9/kotlinx-coroutines-bom-1.3.9.pom
[INFO] Downloaded from central: https://repo1.maven.org/maven2/org/jetbrains/kotlinx/kotlinx-coroutines-bom/1.3.9/kotlinx-coroutines-bom-1.3.9.pom (4.1 kB at 228 kB/s)
[INFO] Downloading from central: https://repo1.maven.org/maven2/org/springframework/data/spring-data-commons/2.3.4.RELEASE/spring-data-commons-2.3.4.RELEASE.pom
[INFO] Downloaded from central: https://repo1.maven.org/maven2/org/springframework/data/spring-data-commons/2.3.4.RELEASE/spring-data-commons-2.3.4.RELEASE.pom (9.7 kB at 692 kB/s)
[INFO] Downloading from central: https://repo1.maven.org/maven2/org/springframework/spring-orm/5.2.9.RELEASE/spring-orm-5.2.9.RELEASE.pom
[INFO] Downloaded from central: https://repo1.maven.org/maven2/org/springframework/spring-orm/5.2.9.RELEASE/spring-orm-5.2.9.RELEASE.pom (2.3 kB at 163 kB/s)
[INFO] Downloading from central: https://repo1.maven.org/maven2/org/springframework/spring-jdbc/5.2.9.RELEASE/spring-jdbc-5.2.9.RELEASE.pom
[INFO] Downloaded from central: https://repo1.maven.org/maven2/org/springframework/spring-jdbc/5.2.9.RELEASE/spring-jdbc-5.2.9.RELEASE.pom (2.1 kB at 158 kB/s)
[INFO] Downloading from central: https://repo1.maven.org/maven2/org/hibernate/hibernate-core/5.3.18.Final/hibernate-core-5.3.18.Final.pom
[INFO] Downloaded from central: https://repo1.maven.org/maven2/org/hibernate/hibernate-core/5.3.18.Final/hibernate-core-5.3.18.Final.pom (6.1 kB at 877 kB/s)
[INFO] Downloading from central: https://repo1.maven.org/maven2/org/jboss/logging/jboss-logging/3.4.0.Final/jboss-logging-3.4.0.Final.pom
[INFO] Downloaded from central: https://repo1.maven.org/maven2/org/jboss/logging/jboss-logging/3.4.0.Final/jboss-logging-3.4.0.Final.pom (0 B at 0 B/s)
[INFO] Downloading from central: https://repo1.maven.org/maven2/net/bytebuddy/byte-buddy/1.10.2/byte-buddy-1.10.2.pom
[INFO] Downloaded from central: https://repo1.maven.org/maven2/net/bytebuddy/byte-buddy/1.10.2/byte-buddy-1.10.2.pom (11 kB at 913 kB/s)
[INFO] Downloading from central: https://repo1.maven.org/maven2/net/bytebuddy/byte-buddy-parent/1.10.2/byte-buddy-parent-1.10.2.pom
[INFO] Downloaded from central: https://repo1.maven.org/maven2/net/bytebuddy/byte-buddy-parent/1.10.2/byte-buddy-parent-1.10.2.pom (39 kB at 2.4 MB/s)
[INFO] Downloading from central: https://repo1.maven.org/maven2/org/jboss/jandex/2.1.1.Final/jandex-2.1.1.Final.pom
[INFO] Downloaded from central: https://repo1.maven.org/maven2/org/jboss/jandex/2.1.1.Final/jandex-2.1.1.Final.pom (5.7 kB at 817 kB/s)
[INFO] Downloading from central: https://repo1.maven.org/maven2/org/hibernate/common/hibernate-commons-annotations/5.0.4.Final/hibernate-commons-annotations-5.0.4.Final.pom
[INFO] Downloaded from central: https://repo1.maven.org/maven2/org/hibernate/common/hibernate-commons-annotations/5.0.4.Final/hibernate-commons-annotations-5.0.4.Final.pom (1.9 kB at 274 kB/s)
[INFO] Downloading from central: https://repo1.maven.org/maven2/commons-dbcp/commons-dbcp/1.4/commons-dbcp-1.4.jar
[INFO] Downloading from central: https://repo1.maven.org/maven2/org/apache/tomcat/tomcat-jdbc/9.0.46/tomcat-jdbc-9.0.46.jar
[INFO] Downloading from central: https://repo1.maven.org/maven2/org/apache/tomcat/tomcat-juli/9.0.46/tomcat-juli-9.0.46.jar
[INFO] Downloading from central: https://repo1.maven.org/maven2/com/zaxxer/HikariCP/3.4.2/HikariCP-3.4.2.jar
[INFO] Downloading from central: https://repo1.maven.org/maven2/org/springframework/data/spring-data-jpa/2.3.4.RELEASE/spring-data-jpa-2.3.4.RELEASE.jar
[INFO] Downloaded from central: https://repo1.maven.org/maven2/commons-dbcp/commons-dbcp/1.4/commons-dbcp-1.4.jar (161 kB at 13 MB/s)
[INFO] Downloading from central: https://repo1.maven.org/maven2/org/springframework/data/spring-data-commons/2.3.4.RELEASE/spring-data-commons-2.3.4.RELEASE.jar
[INFO] Downloaded from central: https://repo1.maven.org/maven2/com/zaxxer/HikariCP/3.4.2/HikariCP-3.4.2.jar (153 kB at 12 MB/s)
[INFO] Downloading from central: https://repo1.maven.org/maven2/org/springframework/spring-orm/5.2.9.RELEASE/spring-orm-5.2.9.RELEASE.jar
[INFO] Downloaded from central: https://repo1.maven.org/maven2/org/apache/tomcat/tomcat-juli/9.0.46/tomcat-juli-9.0.46.jar (47 kB at 3.1 MB/s)
[INFO] Downloading from central: https://repo1.maven.org/maven2/org/springframework/spring-jdbc/5.2.9.RELEASE/spring-jdbc-5.2.9.RELEASE.jar
[INFO] Downloaded from central: https://repo1.maven.org/maven2/org/apache/tomcat/tomcat-jdbc/9.0.46/tomcat-jdbc-9.0.46.jar (150 kB at 6.2 MB/s)
[INFO] Downloading from central: https://repo1.maven.org/maven2/org/springframework/spring-tx/5.2.9.RELEASE/spring-tx-5.2.9.RELEASE.jar
[INFO] Downloaded from central: https://repo1.maven.org/maven2/org/springframework/spring-orm/5.2.9.RELEASE/spring-orm-5.2.9.RELEASE.jar (201 kB at 6.7 MB/s)
[INFO] Downloading from central: https://repo1.maven.org/maven2/org/hibernate/hibernate-core/5.3.18.Final/hibernate-core-5.3.18.Final.jar
[INFO] Downloaded from central: https://repo1.maven.org/maven2/org/springframework/data/spring-data-jpa/2.3.4.RELEASE/spring-data-jpa-2.3.4.RELEASE.jar (368 kB at 11 MB/s)
[INFO] Downloading from central: https://repo1.maven.org/maven2/org/jboss/logging/jboss-logging/3.4.0.Final/jboss-logging-3.4.0.Final.jar
[INFO] Downloaded from central: https://repo1.maven.org/maven2/org/jboss/logging/jboss-logging/3.4.0.Final/jboss-logging-3.4.0.Final.jar (60 kB at 1.3 MB/s)
[INFO] Downloading from central: https://repo1.maven.org/maven2/net/bytebuddy/byte-buddy/1.10.2/byte-buddy-1.10.2.jar
[INFO] Downloaded from central: https://repo1.maven.org/maven2/org/springframework/spring-jdbc/5.2.9.RELEASE/spring-jdbc-5.2.9.RELEASE.jar (409 kB at 8.9 MB/s)
[INFO] Downloading from central: https://repo1.maven.org/maven2/org/jboss/jandex/2.1.1.Final/jandex-2.1.1.Final.jar
[INFO] Downloaded from central: https://repo1.maven.org/maven2/org/springframework/data/spring-data-commons/2.3.4.RELEASE/spring-data-commons-2.3.4.RELEASE.jar (1.2 MB at 23 MB/s)
[INFO] Downloading from central: https://repo1.maven.org/maven2/org/hibernate/common/hibernate-commons-annotations/5.0.4.Final/hibernate-commons-annotations-5.0.4.Final.jar
[INFO] Downloaded from central: https://repo1.maven.org/maven2/org/springframework/spring-tx/5.2.9.RELEASE/spring-tx-5.2.9.RELEASE.jar (315 kB at 5.8 MB/s)
[INFO] Downloaded from central: https://repo1.maven.org/maven2/org/jboss/jandex/2.1.1.Final/jandex-2.1.1.Final.jar (195 kB at 3.3 MB/s)
[INFO] Downloaded from central: https://repo1.maven.org/maven2/org/hibernate/common/hibernate-commons-annotations/5.0.4.Final/hibernate-commons-annotations-5.0.4.Final.jar (76 kB at 1.2 MB/s)
[INFO] Downloaded from central: https://repo1.maven.org/maven2/net/bytebuddy/byte-buddy/1.10.2/byte-buddy-1.10.2.jar (3.3 MB at 19 MB/s)
[INFO] Downloaded from central: https://repo1.maven.org/maven2/org/hibernate/hibernate-core/5.3.18.Final/hibernate-core-5.3.18.Final.jar (7.0 MB at 5.9 MB/s)
[INFO] 
[INFO] --- maven-clean-plugin:3.1.0:clean (default-clean) @ sakai-kernel-api ---
[INFO] 
[INFO] --- maven-enforcer-plugin:3.0.0-M3:enforce (enforce-maven) @ sakai-kernel-api ---
[INFO] 
[INFO] --- maven-enforcer-plugin:3.0.0-M3:enforce (enforce-versions) @ sakai-kernel-api ---
[INFO] 
[INFO] --- maven-resources-plugin:3.2.0:resources (default-resources) @ sakai-kernel-api ---
[INFO] Using 'UTF-8' encoding to copy filtered resources.
[INFO] Using 'UTF-8' encoding to copy filtered properties files.
[INFO] Copying 4 resources
[INFO] skip non existing resourceDirectory /home/gabsko/breaking-updates/kernel/api/src/main/bundle
[INFO] skip non existing resourceDirectory /home/gabsko/breaking-updates/kernel/api/src/main/resources
[INFO] skip non existing resourceDirectory /home/gabsko/breaking-updates/kernel/api/src/main/sql
[INFO] skip non existing resourceDirectory /home/gabsko/breaking-updates/kernel/api/src/main/config
[INFO] 
[INFO] --- maven-compiler-plugin:3.8.1:compile (default-compile) @ sakai-kernel-api ---
[INFO] Changes detected - recompiling the module!
[INFO] Compiling 343 source files to /home/gabsko/breaking-updates/kernel/api/target/classes
[INFO] /home/gabsko/breaking-updates/kernel/api/src/main/java/org/sakaiproject/entity/api/ResourceProperties.java: Some input files use or override a deprecated API.
[INFO] /home/gabsko/breaking-updates/kernel/api/src/main/java/org/sakaiproject/entity/api/ResourceProperties.java: Recompile with -Xlint:deprecation for details.
[INFO] -------------------------------------------------------------
[ERROR] COMPILATION ERROR : 
[INFO] -------------------------------------------------------------
[ERROR] /home/gabsko/breaking-updates/kernel/api/src/main/java/org/sakaiproject/messaging/api/bullhornhandlers/AbstractBullhornHandler.java:[20,24] package javax.annotation does not exist
[ERROR] /home/gabsko/breaking-updates/kernel/api/src/main/java/org/sakaiproject/messaging/api/bullhornhandlers/AbstractBullhornHandler.java:[28,6] cannot find symbol
  symbol:   class Resource
  location: class org.sakaiproject.messaging.api.bullhornhandlers.AbstractBullhornHandler
[INFO] 2 errors 
[INFO] -------------------------------------------------------------
[INFO] ------------------------------------------------------------------------
[INFO] Reactor Summary for Sakai base pom 22-SNAPSHOT:
[INFO] 
[INFO] Sakai Master ....................................... SUCCESS [  0.221 s]
[INFO] Sakai Kernel ....................................... SUCCESS [  0.006 s]
[INFO] Sakai Component Manager ............................ SUCCESS [  1.470 s]
[INFO] Sakai Kernel API ................................... FAILURE [  2.949 s]
[INFO] Sakai Kernel Util .................................. SKIPPED
[INFO] Sakai Common Project ............................... SKIPPED
[INFO] archive-api ........................................ SKIPPED
[INFO] sakai-velocity base pom ............................ SKIPPED
[INFO] sakai-velocity-tool-api ............................ SKIPPED
[INFO] Sakai Userauditservice Base POM (userauditservice) . SKIPPED
[INFO] Sakai Userauditservice API (userauditservice-api) .. SKIPPED
[INFO] Sakai educational Services Project ................. SKIPPED
[INFO] Sakai Course Management Project .................... SKIPPED
[INFO] coursemanagement-api ............................... SKIPPED
[INFO] sakai-message base pom ............................. SKIPPED
[INFO] sakai-message-api .................................. SKIPPED
[INFO] sakai-announcement base pom ........................ SKIPPED
[INFO] sakai-announcement-api ............................. SKIPPED
[INFO] sakai-taggable base pom ............................ SKIPPED
[INFO] sakai-taggable-api ................................. SKIPPED
[INFO] Sakai Kernel Private Package ....................... SKIPPED
[INFO] Sakai Job Scheduler Project (base pom) ............. SKIPPED
[INFO] Sakai Job Scheduler API (scheduler-api) ............ SKIPPED
[INFO] Content Review ..................................... SKIPPED
[INFO] Content Review API ................................. SKIPPED
[INFO] sakai-assignment base pom .......................... SKIPPED
[INFO] sakai-assignment-api ............................... SKIPPED
[INFO] Sakai Common API ................................... SKIPPED
[INFO] Sakai Entity Broker ................................ SKIPPED
[INFO] Sakai Entity Broker API ............................ SKIPPED
[INFO] Profile2 ........................................... SKIPPED
[INFO] Profile2 API ....................................... SKIPPED
[INFO] COMMONS ............................................ SKIPPED
[INFO] COMMONS API ........................................ SKIPPED
[INFO] sakai-portal base (neo) ............................ SKIPPED
[INFO] sakai-portal-api ................................... SKIPPED
[INFO] sakai-portal-util .................................. SKIPPED
[INFO] sakai-velocity-util ................................ SKIPPED
[INFO] sakai-velocity-tool ................................ SKIPPED
[INFO] Reset Password and Account Validator ............... SKIPPED
[INFO] Sakai AccountValidator API ......................... SKIPPED
[INFO] admin-tools ........................................ SKIPPED
[INFO] Sakai JSF 2 Base POM (jsf2) ........................ SKIPPED
[INFO] Sakai JSF 2 Tool Servlet (jsf2-tool) ............... SKIPPED
[INFO] Sakai JSF 2 Extensions (jsf2-app) .................. SKIPPED
[INFO] Sakai JSF 2 Widgets - Sun RI (jsf2-widgets-sun) .... SKIPPED
[INFO] Sakai JSF 2 Widgets (jsf2-widgets) ................. SKIPPED
[INFO] Sakai JSF 2 widget dependencies for Sun's RI (sakai-depend-jsf2-widgets-sun) SKIPPED
[INFO] admin-tool-su ...................................... SKIPPED
[INFO] Sakai Access Project ............................... SKIPPED
[INFO] sakai-access-impl .................................. SKIPPED
[INFO] OAuth Base ......................................... SKIPPED
[INFO] OAuth API .......................................... SKIPPED
[INFO] access ............................................. SKIPPED
[INFO] web ................................................ SKIPPED
[INFO] Sakai Kernel Storage Util .......................... SKIPPED
[INFO] sakai-message-util ................................. SKIPPED
[INFO] sakai-site base pom ................................ SKIPPED
[INFO] sakai-mergedlist-util .............................. SKIPPED
[INFO] sakai-announcement-impl ............................ SKIPPED
[INFO] Sakai Entity Broker Utilities ...................... SKIPPED
[INFO] sakai-announcement-tool ............................ SKIPPED
[INFO] Sakai Import Implementation ........................ SKIPPED
[INFO] Sakai Archive Project .............................. SKIPPED
[INFO] Sakai Announcement Import Handlers ................. SKIPPED
[INFO] Sakai Sections Project ............................. SKIPPED
[INFO] Sakai Sections API ................................. SKIPPED
[INFO] gradebook-service-api .............................. SKIPPED
[INFO] sakai-calendar base pom ............................ SKIPPED
[INFO] sakai-calendar-api ................................. SKIPPED
[INFO] Sakai Rubrics - Base ............................... SKIPPED
[INFO] Sakai Rubrics - API ................................ SKIPPED
[INFO] Sakai Search Project ............................... SKIPPED
[INFO] sakai-search-api ................................... SKIPPED
[INFO] Sakai Job Scheduler Events Model ................... SKIPPED
[INFO] Sakai Emailtemplateservice Base POM (emailtemplateservice) SKIPPED
[INFO] Sakai Emailtemplateservice API (emailtemplateservice-api) SKIPPED
[INFO] Sakai Job Scheduler Component (scheduler-component-shared) SKIPPED
[INFO] ElasticSearch Base ................................. SKIPPED
[INFO] Sakai search - ElasticSearch API ................... SKIPPED
[INFO] BasicLTI base pom (basiclti) ....................... SKIPPED
[INFO] BasicLTI API (basiclti-api) ........................ SKIPPED
[INFO] Tsugi LTI Utilities (basiclti-util variant) ........ SKIPPED
[INFO] Sakai Privacy API .................................. SKIPPED
[INFO] BasicLTI Common (basiclti-common) .................. SKIPPED
[INFO] sakai-assignment-impl .............................. SKIPPED
[INFO] sakai-calendar-util ................................ SKIPPED
[INFO] Sakai Scoring Service .............................. SKIPPED
[INFO] scoring-service-api ................................ SKIPPED
[INFO] sakai-assignment-tool .............................. SKIPPED
[INFO] BasicLTI Docs (basiclti-docs) ...................... SKIPPED
[INFO] Portlet utilities (portlet-util) ................... SKIPPED
[INFO] BasicLTI Implementation (basiclti-impl) ............ SKIPPED
[INFO] BasicLTI Portlet (imsblti) ......................... SKIPPED
[INFO] BasicLIS Implementation (imsblis) .................. SKIPPED
[INFO] LTI OIDC Servlet (imsoidc) ......................... SKIPPED
[INFO] Basic LTI Admin Tool (basiclti-tool) ............... SKIPPED
[INFO] sakai-web-portlet-basiclti ......................... SKIPPED
[INFO] sakai-calendar-bundles ............................. SKIPPED
[INFO] Sakai Calendar Hibernate ........................... SKIPPED
[INFO] Sakai Core Kernel Implementation ................... SKIPPED
[INFO] sakai-calendar-impl ................................ SKIPPED
[INFO] sakai-calendar-summary-tool ........................ SKIPPED
[INFO] sakai-calendar-tool ................................ SKIPPED
[INFO] Sakai Chat Project ................................. SKIPPED
[INFO] sakai-chat-api ..................................... SKIPPED
[INFO] sakai-presence base pom ............................ SKIPPED
[INFO] sakai-presence-api ................................. SKIPPED
[INFO] sakai-chat-impl .................................... SKIPPED
[INFO] sakai-chat-tool .................................... SKIPPED
[INFO] Citations Project .................................. SKIPPED
[INFO] sakai-citations-api ................................ SKIPPED
[INFO] sakai-citations-util ............................... SKIPPED
[INFO] savecite ........................................... SKIPPED
[INFO] sakai-citations-tool ............................... SKIPPED
[INFO] sakai-citations-web2bridge ......................... SKIPPED
[INFO] sakai-citations-xserver ............................ SKIPPED
[INFO] sakai-citations-impl ............................... SKIPPED
[INFO] Sakai Common API Composite Component Data .......... SKIPPED
[INFO] Sakai Common API Composite Component ............... SKIPPED
[INFO] Sakai Privacy HBM .................................. SKIPPED
[INFO] Sakai Privacy Component Impl ....................... SKIPPED
[INFO] archive-impl2 ...................................... SKIPPED
[INFO] sakai-lessonbuildertool base pom ................... SKIPPED
[INFO] sakai-lessonbuildertool-api ........................ SKIPPED
[INFO] Sakai Content Import Handlers ...................... SKIPPED
[INFO] Sakai Import Common Cartridge ...................... SKIPPED
[INFO] Sakai Import Blackboard 5.5 ........................ SKIPPED
[INFO] Sakai Import Blackboard 6.x ........................ SKIPPED
[INFO] Sakai Samigo Project (samigo) ...................... SKIPPED
[INFO] Sakai Samigo API (samigo-api) ...................... SKIPPED
[INFO] Sakai Samigo Hibernate POJO (samigo-hibernate) ..... SKIPPED
[INFO] Sakai Tag Service .................................. SKIPPED
[INFO] tags-api ........................................... SKIPPED
[INFO] Sakai Samigo Services (samigo-services) ............ SKIPPED
[INFO] Sakai Samigo QTI Services (samigo-qti) ............. SKIPPED
[INFO] Sakai Samigo Import Handlers (samigo-import) ....... SKIPPED
[INFO] Sakai Archive Import ............................... SKIPPED
[INFO] Sakai Import Components Package .................... SKIPPED
[INFO] Sakai Content Util ................................. SKIPPED
[INFO] Sakai Import Blackboard 6.x ........................ SKIPPED
[INFO] Sakai Hierarchy .................................... SKIPPED
[INFO] Sakai Hierarchy API ................................ SKIPPED
[INFO] Delegated Access - Base ............................ SKIPPED
[INFO] Delegated Access - API ............................. SKIPPED
[INFO] COMMONS IMPL ....................................... SKIPPED
[INFO] COMMONS TOOL ....................................... SKIPPED
[INFO] Sakai Config Project ............................... SKIPPED
[INFO] configuration-bundles .............................. SKIPPED
[INFO] localization-bundles ............................... SKIPPED
[INFO] shared-i18n-bundles ................................ SKIPPED
[INFO] Sakai Cloud Content Providers ...................... SKIPPED
[INFO] Sakai Cloud Resources Providers (impl) ............. SKIPPED
[INFO] Cloud Storage Implementation ....................... SKIPPED
[INFO] Sakai OneDrive Integration - BASE .................. SKIPPED
[INFO] Sakai OneDrive Integration - API ................... SKIPPED
[INFO] Sakai OneDrive Integration - IMPL .................. SKIPPED
[INFO] Sakai OneDrive Integration - TOOL .................. SKIPPED
[INFO] Sakai GoogleDrive Integration - BASE ............... SKIPPED
[INFO] Sakai GoogleDrive Integration - API ................ SKIPPED
[INFO] Sakai GoogleDrive Integration - IMPL ............... SKIPPED
[INFO] Sakai GoogleDrive Integration - TOOL ............... SKIPPED
[INFO] Sakai Content Project .............................. SKIPPED
[INFO] content-cleanup .................................... SKIPPED
[INFO] content-cleanup-impl ............................... SKIPPED
[INFO] sakai-content-copyright-api ........................ SKIPPED
[INFO] sakai-content-copyright-impl ....................... SKIPPED
[INFO] content-providers-impl ............................. SKIPPED
[INFO] content-metadata-api ............................... SKIPPED
[INFO] content-metadata-impl .............................. SKIPPED
[INFO] content-bundle ..................................... SKIPPED
[INFO] content-tool ....................................... SKIPPED
[INFO] content-types ...................................... SKIPPED
[INFO] Content Review Implementation ...................... SKIPPED
[INFO] Content Review DAO Implementation .................. SKIPPED
[INFO] Content Review Service Implementation .............. SKIPPED
[INFO] Content Review Turnitin Implementation ............. SKIPPED
[INFO] Content Review Turnitin OC Implementation .......... SKIPPED
[INFO] Content Review VeriCite Implementation ............. SKIPPED
[INFO] Content Review Compilatio Implementation ........... SKIPPED
[INFO] Content Review Urkund Implementation ............... SKIPPED
[INFO] Content Review Pack ................................ SKIPPED
[INFO] Content Review Tool ................................ SKIPPED
[INFO] sakai-dashboard-base ............................... SKIPPED
[INFO] sakai-dashboard-tool ............................... SKIPPED
[INFO] Sakai DAV Project .................................. SKIPPED
[INFO] sakai-dav-common ................................... SKIPPED
[INFO] dav ................................................ SKIPPED
[INFO] sakai-dav-server ................................... SKIPPED
[INFO] Delegated Access - Tool ............................ SKIPPED
[INFO] Delegated Access - Implementation .................. SKIPPED
[INFO] Sakai Deploy ....................................... SKIPPED
[INFO] gradebook-service-hibernate ........................ SKIPPED
[INFO] gradebook-service-impl ............................. SKIPPED
[INFO] gradebook-service-pack ............................. SKIPPED
[INFO] sakai-gradebook-service ............................ SKIPPED
[INFO] coursemanagement-hibernate-model ................... SKIPPED
[INFO] coursemanagement-hibernate-impl .................... SKIPPED
[INFO] coursemanagement-hibernate-pack .................... SKIPPED
[INFO] sakai-sections-model ............................... SKIPPED
[INFO] sakai-sections-impl ................................ SKIPPED
[INFO] scoring-service-impl ............................... SKIPPED
[INFO] Sakai Emailtemplateservice Implementation (emailtemplateservice-impl) SKIPPED
[INFO] sakai-rsf .......................................... SKIPPED
[INFO] sakai-rsf-core ..................................... SKIPPED
[INFO] sakai-rsf-web ...................................... SKIPPED
[INFO] sakai-rsf-web-evolvers ............................. SKIPPED
[INFO] sakai-rsf-web-templates ............................ SKIPPED
[INFO] Sakai Emailtemplateservice Tool (emailtemplateservice-tool) SKIPPED
[INFO] Sakai Endorsed Project ............................. SKIPPED
[INFO] Sakai Endorsed I18n ................................ SKIPPED
[INFO] Sakai Entity Broker Mock Objects ................... SKIPPED
[INFO] Sakai Entity Broker Implementation ................. SKIPPED
[INFO] Sakai Entity Broker REST Implementation ............ SKIPPED
[INFO] Sakai Entity Broker Tool (Direct Servlet) .......... SKIPPED
[INFO] Sakai Entity Broker Components Pack ................ SKIPPED
[INFO] Sakai Entity Broker Core Providers ................. SKIPPED
[INFO] External Calendaring Service ....................... SKIPPED
[INFO] External Calendaring Service :: API ................ SKIPPED
[INFO] External Calendaring Service :: Implementation ..... SKIPPED
[INFO] Sakai Feedback Tool ................................ SKIPPED
[INFO] GradebookNG ........................................ SKIPPED
[INFO] GradebookNG :: Bundle .............................. SKIPPED
[INFO] Sakai Wicket Base POM .............................. SKIPPED
[INFO] Sakai Wicket 6 Tool ................................ SKIPPED
[INFO] GradebookNG :: Tool ................................ SKIPPED
[INFO] Sakai Help Project ................................. SKIPPED
[INFO] sakai-help-api ..................................... SKIPPED
[INFO] sakai-comp-shared-help ............................. SKIPPED
[INFO] sakai-help-content ................................. SKIPPED
[INFO] sakai-comp-help .................................... SKIPPED
[INFO] Sakai JSF Base POM (jsf) ........................... SKIPPED
[INFO] Sakai JSF Tool Servlet (jsf-tool) .................. SKIPPED
[INFO] Sakai JSF Extensions (jsf-app) ..................... SKIPPED
[INFO] Sakai JSF Widgets - Sun RI (jsf-widgets-sun) ....... SKIPPED
[INFO] Sakai JSF Widgets - MyFaces RI (jsf-widgets-myfaces) SKIPPED
[INFO] Sakai JSF Widgets (jsf-widgets) .................... SKIPPED
[INFO] Sakai JSF widget dependencies for Sun's RI (sakai-depend-jsf-widgets-sun) SKIPPED
[INFO] Sakai JSF Tool using Sun's RI (jsf-sun-ri-tool) .... SKIPPED
[INFO] sakai-help-tool .................................... SKIPPED
[INFO] Sakai Hierarchy Implementation ..................... SKIPPED
[INFO] Sakai Job Scheduler Utils .......................... SKIPPED
[INFO] Sakai Job Scheduler Component (scheduler-component)  SKIPPED
[INFO] Sakai Job Scheduler Tool (scheduler-tool) .......... SKIPPED
[INFO] Sakai Job Scheduler Test Component (scheduler-test-component) SKIPPED
[INFO] Sakai Job Scheduler Test Component Shared Library (scheduler-test-component-shared) SKIPPED
[INFO] Sakai JSF widgets resources (jsf-resource) ......... SKIPPED
[INFO] Sakai JSF Spreadsheet Support (jsf-spreadsheet) .... SKIPPED
[INFO] Sakai JSF Widgets Dependencies for MyFaces (sakai-depend-jsf-widgets-myfaces) SKIPPED
[INFO] Sakai JSF Tool Using Sun's RI (jsf-myfaces-tool) ... SKIPPED
[INFO] Sakai JSF 2 Spreadsheet Support (jsf2-spreadsheet) . SKIPPED
[INFO] Sakai JSF 2 Tool using Sun's RI (jsf2-sun-ri-tool) . SKIPPED
[INFO] Kernel Common ...................................... SKIPPED
[INFO] sakai-lessonbuildertool-tool-hbm ................... SKIPPED
[INFO] sakai-search-util .................................. SKIPPED
[INFO] sakai-lessonbuildertool-tool-components ............ SKIPPED
[INFO] Sakai Message Center Base POM ...................... SKIPPED
[INFO] Sakai Message Forums API ........................... SKIPPED
[INFO] Sakai Message Forums Hibernate Module .............. SKIPPED
[INFO] sakai-lessonbuildertool-tool ....................... SKIPPED
[INFO] Sakai TextArea Project ............................. SKIPPED
[INFO] sakai-fck-connector ................................ SKIPPED
[INFO] Sakai Library ...................................... SKIPPED
[INFO] Sakai Login Project ................................ SKIPPED
[INFO] sakai-login-api .................................... SKIPPED
[INFO] authn .............................................. SKIPPED
[INFO] sakai-login-impl ................................... SKIPPED
[INFO] login-render-engine-impl ........................... SKIPPED
[INFO] sakai-login-tool ................................... SKIPPED
[INFO] Sakai Mail Archive Project ......................... SKIPPED
[INFO] sakai-mailarchive-api .............................. SKIPPED
[INFO] sakai-mailarchive-impl ............................. SKIPPED
[INFO] sakai-mailarchive-subetha .......................... SKIPPED
[INFO] sakai-mailarchive-tool ............................. SKIPPED
[INFO] Sakai Mail Sender Project .......................... SKIPPED
[INFO] Sakai Mail Sender API .............................. SKIPPED
[INFO] Sakai Mail Sender Impl ............................. SKIPPED
[INFO] Sakai Mail Sender Tool ............................. SKIPPED
[INFO] sakai-message-tool ................................. SKIPPED
[INFO] message-search-adapters-impl ....................... SKIPPED
[INFO] Sakai Message Forums Tool .......................... SKIPPED
[INFO] Sakai Message Forums Component Implementation ...... SKIPPED
[INFO] My Calendar ........................................ SKIPPED
[INFO] My Connections ..................................... SKIPPED
[INFO] OAuth Implementation ............................... SKIPPED
[INFO] OAuth Hibernate DAO ................................ SKIPPED
[INFO] OAuth Tool ......................................... SKIPPED
[INFO] Sakai Public Address System ........................ SKIPPED
[INFO] pasystem-api ....................................... SKIPPED
[INFO] pasystem-impl ...................................... SKIPPED
[INFO] pasystem-tool ...................................... SKIPPED
[INFO] Sakai Podcast Project .............................. SKIPPED
[INFO] sakai-podcasts-api ................................. SKIPPED
[INFO] podcasts ........................................... SKIPPED
[INFO] sakai-podcasts ..................................... SKIPPED
[INFO] sakai-podcasts-impl ................................ SKIPPED
[INFO] Sakai Polls Project base pom (polls) ............... SKIPPED
[INFO] Sakai Polls API Module (polls-api) ................. SKIPPED
[INFO] Sakai Polls Implementation Module (polls-impl) ..... SKIPPED
[INFO] Sakai Polls Tool Module (polls-tool) ............... SKIPPED
[INFO] sakai-editor ....................................... SKIPPED
[INFO] sakai-portal-render-api ............................ SKIPPED
[INFO] sakai-portal-impl .................................. SKIPPED
[INFO] sakai-portal (charon) .............................. SKIPPED
[INFO] sakai-portal chat .................................. SKIPPED
[INFO] sakai-portal-render-impl ........................... SKIPPED
[INFO] sakai-portal-render-engine-impl .................... SKIPPED
[INFO] sakai-portal-service-impl .......................... SKIPPED
[INFO] sakai-portal tool .................................. SKIPPED
[INFO] Sakai Postem Project ............................... SKIPPED
[INFO] sakai-postem-api ................................... SKIPPED
[INFO] Sakai Postem Tool .................................. SKIPPED
[INFO] sakai-postem-hbm ................................... SKIPPED
[INFO] sakai-postem-impl .................................. SKIPPED
[INFO] sakai-presence-impl ................................ SKIPPED
[INFO] sakai-presence-util ................................ SKIPPED
[INFO] sakai-presence-tool ................................ SKIPPED
[INFO] Profile2 UTIL ...................................... SKIPPED
[INFO] Profile2 IMPL ...................................... SKIPPED
[INFO] Profile2 Bundle .................................... SKIPPED
[INFO] Profile2 TOOL ...................................... SKIPPED
[INFO] Sakai Providers Project ............................ SKIPPED
[INFO] sakai-allhands-provider ............................ SKIPPED
[INFO] sakai-coursemanagement-authz-provider-impl ......... SKIPPED
[INFO] sakai-userdetail-provider .......................... SKIPPED
[INFO] sakai-sample-provider .............................. SKIPPED
[INFO] sakai-unboundid-provider ........................... SKIPPED
[INFO] sakai-kerberos-provider ............................ SKIPPED
[INFO] sakai-imsent-provider .............................. SKIPPED
[INFO] sakai-federating-provider .......................... SKIPPED
[INFO] sakai-provider-pack ................................ SKIPPED
[INFO] sakai-openldap-provider ............................ SKIPPED
[INFO] Reset pass ......................................... SKIPPED
[INFO] Sakai Account Validator Implementation ............. SKIPPED
[INFO] Sakai Account Validator Tool ....................... SKIPPED
[INFO] Sakai SiteStats .................................... SKIPPED
[INFO] Sakai SiteStats API ................................ SKIPPED
[INFO] ROSTER2 BASE ....................................... SKIPPED
[INFO] ROSTER2 TOOL ....................................... SKIPPED
[INFO] ROSTER2 BUNDLE ..................................... SKIPPED
[INFO] sakai-rsf-web-test ................................. SKIPPED
[INFO] Sakai Rubrics - Implementation ..................... SKIPPED
[INFO] Sakai Rubrics - Manager Tool ....................... SKIPPED
[INFO] Sakai RWiki Project ................................ SKIPPED
[INFO] sakai-rwiki-api .................................... SKIPPED
[INFO] sakai-radeox ....................................... SKIPPED
[INFO] sakai-rwiki-model .................................. SKIPPED
[INFO] sakai-rwiki-util ................................... SKIPPED
[INFO] sakai-rwiki-impl ................................... SKIPPED
[INFO] sakai-rwiki-diff ................................... SKIPPED
[INFO] sakai-rwiki-tool ................................... SKIPPED
[INFO] wiki ............................................... SKIPPED
[INFO] tags-impl .......................................... SKIPPED
[INFO] tags-tool .......................................... SKIPPED
[INFO] Sakai Samigo Content Packaging (samigo-cp) ......... SKIPPED
[INFO] Sakai Samigo Tool (samigo-app) ..................... SKIPPED
[INFO] Sakai search - ElasticSearch UTIL .................. SKIPPED
[INFO] Samigo Impl ........................................ SKIPPED
[INFO] Sakai Samigo Lite Service Implementaiton (samlite-impl) SKIPPED
[INFO] Sakai Samigo Component Package (samigo-pack) ....... SKIPPED
[INFO] search-test-1.7 .................................... SKIPPED
[INFO] Sakai Search Project ............................... SKIPPED
[INFO] search-impl ........................................ SKIPPED
[INFO] search-model ....................................... SKIPPED
[INFO] sakai-search-tool .................................. SKIPPED
[INFO] Sakai search - ElasticSearch impl .................. SKIPPED
[INFO] Sakai Sections Project ............................. SKIPPED
[INFO] sakai-sections-tool ................................ SKIPPED
[INFO] Sakai Shortened URL Service ........................ SKIPPED
[INFO] Sakai Shortened URL Service API .................... SKIPPED
[INFO] Sakai Shortened URL Service Implementations ........ SKIPPED
[INFO] Sakai Shortened URL Service Resolver Servlet ....... SKIPPED
[INFO] Sakai Signup Module ................................ SKIPPED
[INFO] Sakai Signup API ................................... SKIPPED
[INFO] Sakai Signup Implementation ........................ SKIPPED
[INFO] Sakai Signup Tool .................................. SKIPPED
[INFO] RSS portlet for Sakai .............................. SKIPPED
[INFO] Sakai AdminSitePerms ............................... SKIPPED
[INFO] sakai-acadtermmanage - Base ........................ SKIPPED
[INFO] sakai-acadtermmanage- API .......................... SKIPPED
[INFO] Sakai Wicket 8 Tool ................................ SKIPPED
[INFO] sakai-acadtermmanage - Tool ........................ SKIPPED
[INFO] sakai-acadtermmanage - Implementation .............. SKIPPED
[INFO] sakai-message-bundle-manager-tool .................. SKIPPED
[INFO] sakai-site-manage base pom ......................... SKIPPED
[INFO] sakai-datemanager base pom ......................... SKIPPED
[INFO] sakai-site-datemanager-api ......................... SKIPPED
[INFO] sakai-site-datemanager-impl ........................ SKIPPED
[INFO] sakai-site-datemanager-helper ...................... SKIPPED
[INFO] sakai-site-manage-api .............................. SKIPPED
[INFO] sakai-site-manage-util ............................. SKIPPED
[INFO] sakai-site-pageorder-helper ........................ SKIPPED
[INFO] sakai-site-manage-hbm .............................. SKIPPED
[INFO] Sakai Userauditservice Util (userauditservice-util)  SKIPPED
[INFO] sakai-site-manage-impl ............................. SKIPPED
[INFO] sakai-site-manage-tool ............................. SKIPPED
[INFO] sakai-site-manage-participant-helper ............... SKIPPED
[INFO] sakai-site-manage-link-helper ...................... SKIPPED
[INFO] sakai-site-group-manager ........................... SKIPPED
[INFO] Sakai SiteStats Bundle ............................. SKIPPED
[INFO] Sakai SiteStats Hibernate .......................... SKIPPED
[INFO] Sakai SiteStats Implementation ..................... SKIPPED
[INFO] Sakai SiteStats Tool ............................... SKIPPED
[INFO] Sakai Syllabus Project ............................. SKIPPED
[INFO] Sakai Syllabus API ................................. SKIPPED
[INFO] sakai-syllabus-tool ................................ SKIPPED
[INFO] sakai-syllabus-impl ................................ SKIPPED
[INFO] sakai-taggable-hbm ................................. SKIPPED
[INFO] sakai-taggable-impl ................................ SKIPPED
[INFO] sakai-calendar-connector ........................... SKIPPED
[INFO] elfinder-connector ................................. SKIPPED
[INFO] Sakai User Project ................................. SKIPPED
[INFO] sakai-user-tool-admin-prefs ........................ SKIPPED
[INFO] sakai-user-tool-prefs .............................. SKIPPED
[INFO] user-util .......................................... SKIPPED
[INFO] Sakai Userauditservice Implementation (userauditservice-impl) SKIPPED
[INFO] Sakai Userauditservice Tool (userauditservice-tool)  SKIPPED
[INFO] Sakai User Membership  Project ..................... SKIPPED
[INFO] sakai-usermembership-api ........................... SKIPPED
[INFO] sakai-usermembership-impl .......................... SKIPPED
[INFO] sakai-usermembership-tool .......................... SKIPPED
[INFO] Sakai Web Project .................................. SKIPPED
[INFO] sakai-web-api ...................................... SKIPPED
[INFO] sakai-web-impl ..................................... SKIPPED
[INFO] sakai-web-tool ..................................... SKIPPED
[INFO] sakai-web-portlet .................................. SKIPPED
[INFO] sakai-webapi ....................................... SKIPPED
[INFO] Sakai Web Components ............................... SKIPPED
[INFO] Sakai Web Components Bundle ........................ SKIPPED
[INFO] Sakai Web Components Tool .......................... SKIPPED
[INFO] Sakai WebJars Project .............................. SKIPPED
[INFO] Sakai WebServices Project .......................... SKIPPED
[INFO] Sakai Soap (CXF) ................................... SKIPPED
[INFO] Sakai base pom ..................................... SKIPPED
[INFO] ------------------------------------------------------------------------
[INFO] BUILD FAILURE
[INFO] ------------------------------------------------------------------------
[INFO] Total time:  7.304 s
[INFO] Finished at: 2023-02-07T14:00:33Z
[INFO] ------------------------------------------------------------------------
[ERROR] Failed to execute goal org.apache.maven.plugins:maven-compiler-plugin:3.8.1:compile (default-compile) on project sakai-kernel-api: Compilation failure: Compilation failure: 
[ERROR] /home/gabsko/breaking-updates/kernel/api/src/main/java/org/sakaiproject/messaging/api/bullhornhandlers/AbstractBullhornHandler.java:[20,24] package javax.annotation does not exist
[ERROR] /home/gabsko/breaking-updates/kernel/api/src/main/java/org/sakaiproject/messaging/api/bullhornhandlers/AbstractBullhornHandler.java:[28,6] cannot find symbol
[ERROR]   symbol:   class Resource
[ERROR]   location: class org.sakaiproject.messaging.api.bullhornhandlers.AbstractBullhornHandler
[ERROR] -> [Help 1]
[ERROR] 
[ERROR] To see the full stack trace of the errors, re-run Maven with the -e switch.
[ERROR] Re-run Maven using the -X switch to enable full debug logging.
[ERROR] 
[ERROR] For more information about the errors and possible solutions, please read the following articles:
[ERROR] [Help 1] http://cwiki.apache.org/confluence/display/MAVEN/MojoFailureException
[ERROR] 
[ERROR] After correcting the problems, you can resume the build with the command
[ERROR]   mvn <args> -rf :sakai-kernel-api
