[INFO] Scanning for projects...
[INFO] Computing target platform for MavenProject: com.liferay.ide.tools.plugins:com.liferay.ide.core:3.9.0-SNAPSHOT @ /home/gabsko/breaking-updates/tools/plugins/com.liferay.ide.core/pom.xml
[INFO] Fetching p2.index from https://download.eclipse.org/releases/2018-12/201812191000/ (142B)
[INFO] Adding repository https://download.eclipse.org/releases/2018-12/201812191000
[INFO] Fetching content.xml.xz from https://download.eclipse.org/releases/2018-12/201812191000/ (850.93kB)
Feb 07, 2023 10:33:38 AM org.apache.http.impl.execchain.RetryExec execute
INFO: I/O exception (org.apache.http.NoHttpResponseException) caught when processing request to {s}->https://download.eclipse.org:443: The target server failed to respond
Feb 07, 2023 10:33:38 AM org.apache.http.impl.execchain.RetryExec execute
INFO: Retrying request to {s}->https://download.eclipse.org:443
[INFO] Fetching p2.index from https://download.eclipse.org/tools/orbit/downloads/drops/R20181128170323/repository/ (134B)
[INFO] Adding repository https://download.eclipse.org/tools/orbit/downloads/drops/R20181128170323/repository
[INFO] Fetching compositeContent.xml from https://download.eclipse.org/tools/orbit/downloads/drops/R20181128170323/repository/
[INFO] Fetching p2.index from https://download.eclipse.org/tools/orbit/downloads/drops2/R20181128170323/repository/ (172B)
[INFO] Fetching content.xml.xz from https://download.eclipse.org/tools/orbit/downloads/drops2/R20181128170323/repository/ (84.82kB)
[INFO] Adding repository https://dl.bintray.com/gamerson/eclipse/liferay-ide-deps/201904221700
[ERROR] Internal error: java.lang.RuntimeException: Failed to load p2 repository with ID 'lide-deps' from location https://dl.bintray.com/gamerson/eclipse/liferay-ide-deps/201904221700/: No repository found at https://dl.bintray.com/gamerson/eclipse/liferay-ide-deps/201904221700. -> [Help 1]
org.apache.maven.InternalErrorException: Internal error: java.lang.RuntimeException: Failed to load p2 repository with ID 'lide-deps' from location https://dl.bintray.com/gamerson/eclipse/liferay-ide-deps/201904221700/
    at org.apache.maven.DefaultMaven.execute (DefaultMaven.java:120)
    at org.apache.maven.cli.MavenCli.execute (MavenCli.java:960)
    at org.apache.maven.cli.MavenCli.doMain (MavenCli.java:293)
    at org.apache.maven.cli.MavenCli.main (MavenCli.java:196)
    at jdk.internal.reflect.NativeMethodAccessorImpl.invoke0 (Native Method)
    at jdk.internal.reflect.NativeMethodAccessorImpl.invoke (NativeMethodAccessorImpl.java:62)
    at jdk.internal.reflect.DelegatingMethodAccessorImpl.invoke (DelegatingMethodAccessorImpl.java:43)
    at java.lang.reflect.Method.invoke (Method.java:566)
    at org.codehaus.plexus.classworlds.launcher.Launcher.launchEnhanced (Launcher.java:282)
    at org.codehaus.plexus.classworlds.launcher.Launcher.launch (Launcher.java:225)
    at org.codehaus.plexus.classworlds.launcher.Launcher.mainWithExitCode (Launcher.java:406)
    at org.codehaus.plexus.classworlds.launcher.Launcher.main (Launcher.java:347)
Caused by: java.lang.RuntimeException: Failed to load p2 repository with ID 'lide-deps' from location https://dl.bintray.com/gamerson/eclipse/liferay-ide-deps/201904221700/
    at org.eclipse.tycho.p2.target.TargetPlatformFactoryImpl.loadMetadataRepository (TargetPlatformFactoryImpl.java:302)
    at org.eclipse.tycho.p2.target.TargetPlatformFactoryImpl.gatherExternalInstallableUnits (TargetPlatformFactoryImpl.java:270)
    at org.eclipse.tycho.p2.target.TargetPlatformFactoryImpl.createTargetPlatform (TargetPlatformFactoryImpl.java:176)
    at org.eclipse.tycho.p2.target.TargetPlatformFactoryImpl.createTargetPlatform (TargetPlatformFactoryImpl.java:128)
    at org.eclipse.tycho.p2.target.TargetPlatformFactoryImpl.createTargetPlatform (TargetPlatformFactoryImpl.java:1)
    at org.eclipse.tycho.p2.manager.ReactorRepositoryManagerImpl.computePreliminaryTargetPlatform (ReactorRepositoryManagerImpl.java:84)
    at org.eclipse.tycho.p2.resolver.P2DependencyResolver.computePreliminaryTargetPlatform (P2DependencyResolver.java:226)
    at org.eclipse.tycho.core.resolver.DefaultTychoResolver.resolveProject (DefaultTychoResolver.java:110)
    at org.eclipse.tycho.core.maven.TychoMavenLifecycleParticipant.afterProjectsRead (TychoMavenLifecycleParticipant.java:95)
    at org.apache.maven.DefaultMaven.doExecute (DefaultMaven.java:253)
    at org.apache.maven.DefaultMaven.doExecute (DefaultMaven.java:192)
    at org.apache.maven.DefaultMaven.execute (DefaultMaven.java:105)
    at org.apache.maven.cli.MavenCli.execute (MavenCli.java:960)
    at org.apache.maven.cli.MavenCli.doMain (MavenCli.java:293)
    at org.apache.maven.cli.MavenCli.main (MavenCli.java:196)
    at jdk.internal.reflect.NativeMethodAccessorImpl.invoke0 (Native Method)
    at jdk.internal.reflect.NativeMethodAccessorImpl.invoke (NativeMethodAccessorImpl.java:62)
    at jdk.internal.reflect.DelegatingMethodAccessorImpl.invoke (DelegatingMethodAccessorImpl.java:43)
    at java.lang.reflect.Method.invoke (Method.java:566)
    at org.codehaus.plexus.classworlds.launcher.Launcher.launchEnhanced (Launcher.java:282)
    at org.codehaus.plexus.classworlds.launcher.Launcher.launch (Launcher.java:225)
    at org.codehaus.plexus.classworlds.launcher.Launcher.mainWithExitCode (Launcher.java:406)
    at org.codehaus.plexus.classworlds.launcher.Launcher.main (Launcher.java:347)
Caused by: org.eclipse.equinox.p2.core.ProvisionException: No repository found at https://dl.bintray.com/gamerson/eclipse/liferay-ide-deps/201904221700.
    at org.eclipse.equinox.internal.p2.repository.helpers.AbstractRepositoryManager.fail (AbstractRepositoryManager.java:396)
    at org.eclipse.equinox.internal.p2.repository.helpers.AbstractRepositoryManager.loadRepository (AbstractRepositoryManager.java:700)
    at org.eclipse.equinox.internal.p2.metadata.repository.MetadataRepositoryManager.loadRepository (MetadataRepositoryManager.java:110)
    at org.eclipse.tycho.p2.remote.RemoteMetadataRepositoryManager.loadRepository (RemoteMetadataRepositoryManager.java:61)
    at org.eclipse.tycho.p2.remote.RemoteMetadataRepositoryManager.loadRepository (RemoteMetadataRepositoryManager.java:53)
    at org.eclipse.tycho.p2.target.TargetPlatformFactoryImpl.loadMetadataRepository (TargetPlatformFactoryImpl.java:298)
    at org.eclipse.tycho.p2.target.TargetPlatformFactoryImpl.gatherExternalInstallableUnits (TargetPlatformFactoryImpl.java:270)
    at org.eclipse.tycho.p2.target.TargetPlatformFactoryImpl.createTargetPlatform (TargetPlatformFactoryImpl.java:176)
    at org.eclipse.tycho.p2.target.TargetPlatformFactoryImpl.createTargetPlatform (TargetPlatformFactoryImpl.java:128)
    at org.eclipse.tycho.p2.target.TargetPlatformFactoryImpl.createTargetPlatform (TargetPlatformFactoryImpl.java:1)
    at org.eclipse.tycho.p2.manager.ReactorRepositoryManagerImpl.computePreliminaryTargetPlatform (ReactorRepositoryManagerImpl.java:84)
    at org.eclipse.tycho.p2.resolver.P2DependencyResolver.computePreliminaryTargetPlatform (P2DependencyResolver.java:226)
    at org.eclipse.tycho.core.resolver.DefaultTychoResolver.resolveProject (DefaultTychoResolver.java:110)
    at org.eclipse.tycho.core.maven.TychoMavenLifecycleParticipant.afterProjectsRead (TychoMavenLifecycleParticipant.java:95)
    at org.apache.maven.DefaultMaven.doExecute (DefaultMaven.java:253)
    at org.apache.maven.DefaultMaven.doExecute (DefaultMaven.java:192)
    at org.apache.maven.DefaultMaven.execute (DefaultMaven.java:105)
    at org.apache.maven.cli.MavenCli.execute (MavenCli.java:960)
    at org.apache.maven.cli.MavenCli.doMain (MavenCli.java:293)
    at org.apache.maven.cli.MavenCli.main (MavenCli.java:196)
    at jdk.internal.reflect.NativeMethodAccessorImpl.invoke0 (Native Method)
    at jdk.internal.reflect.NativeMethodAccessorImpl.invoke (NativeMethodAccessorImpl.java:62)
    at jdk.internal.reflect.DelegatingMethodAccessorImpl.invoke (DelegatingMethodAccessorImpl.java:43)
    at java.lang.reflect.Method.invoke (Method.java:566)
    at org.codehaus.plexus.classworlds.launcher.Launcher.launchEnhanced (Launcher.java:282)
    at org.codehaus.plexus.classworlds.launcher.Launcher.launch (Launcher.java:225)
    at org.codehaus.plexus.classworlds.launcher.Launcher.mainWithExitCode (Launcher.java:406)
    at org.codehaus.plexus.classworlds.launcher.Launcher.main (Launcher.java:347)
[ERROR] 
[ERROR] To see the full stack trace of the errors, re-run Maven with the -e switch.
[ERROR] Re-run Maven using the -X switch to enable full debug logging.
[ERROR] 
[ERROR] For more information about the errors and possible solutions, please read the following articles:
[ERROR] [Help 1] http://cwiki.apache.org/confluence/display/MAVEN/InternalErrorException
