[INFO] Scanning for projects...
[INFO] 
[INFO] --------------------< org.openstreetmap.pbf:osmpbf >--------------------
[INFO] Building OSM-Binary 1.5.0
[INFO] --------------------------------[ jar ]---------------------------------
[INFO] Downloading from central: https://repo.maven.apache.org/maven2/org/apache/maven/plugins/maven-source-plugin/3.2.0/maven-source-plugin-3.2.0.pom
[INFO] Downloaded from central: https://repo.maven.apache.org/maven2/org/apache/maven/plugins/maven-source-plugin/3.2.0/maven-source-plugin-3.2.0.pom (5.7 kB at 33 kB/s)
[INFO] Downloading from central: https://repo.maven.apache.org/maven2/org/apache/maven/plugins/maven-source-plugin/3.2.0/maven-source-plugin-3.2.0.jar
[INFO] Downloaded from central: https://repo.maven.apache.org/maven2/org/apache/maven/plugins/maven-source-plugin/3.2.0/maven-source-plugin-3.2.0.jar (32 kB at 2.1 MB/s)
[INFO] Downloading from central: https://repo.maven.apache.org/maven2/org/xolstice/maven/plugins/protobuf-maven-plugin/0.6.1/protobuf-maven-plugin-0.6.1.pom
[INFO] Downloaded from central: https://repo.maven.apache.org/maven2/org/xolstice/maven/plugins/protobuf-maven-plugin/0.6.1/protobuf-maven-plugin-0.6.1.pom (29 kB at 2.2 MB/s)
[INFO] Downloading from central: https://repo.maven.apache.org/maven2/org/xolstice/maven/plugins/protobuf-maven-plugin/0.6.1/protobuf-maven-plugin-0.6.1.jar
[INFO] Downloaded from central: https://repo.maven.apache.org/maven2/org/xolstice/maven/plugins/protobuf-maven-plugin/0.6.1/protobuf-maven-plugin-0.6.1.jar (191 kB at 9.5 MB/s)
[INFO] Downloading from central: https://repo.maven.apache.org/maven2/com/google/protobuf/protobuf-java/3.13.0/protobuf-java-3.13.0.pom
[INFO] Downloaded from central: https://repo.maven.apache.org/maven2/com/google/protobuf/protobuf-java/3.13.0/protobuf-java-3.13.0.pom (5.6 kB at 795 kB/s)
[INFO] Downloading from central: https://repo.maven.apache.org/maven2/com/google/protobuf/protobuf-parent/3.13.0/protobuf-parent-3.13.0.pom
[INFO] Downloaded from central: https://repo.maven.apache.org/maven2/com/google/protobuf/protobuf-parent/3.13.0/protobuf-parent-3.13.0.pom (7.7 kB at 960 kB/s)
[INFO] Downloading from central: https://repo.maven.apache.org/maven2/com/google/protobuf/protobuf-bom/3.13.0/protobuf-bom-3.13.0.pom
[INFO] Downloaded from central: https://repo.maven.apache.org/maven2/com/google/protobuf/protobuf-bom/3.13.0/protobuf-bom-3.13.0.pom (3.5 kB at 295 kB/s)
[INFO] Downloading from central: https://repo.maven.apache.org/maven2/com/google/protobuf/protobuf-java/3.13.0/protobuf-java-3.13.0.jar
[INFO] Downloaded from central: https://repo.maven.apache.org/maven2/com/google/protobuf/protobuf-java/3.13.0/protobuf-java-3.13.0.jar (1.7 MB at 21 MB/s)
[INFO] 
[INFO] --- maven-clean-plugin:2.5:clean (default-clean) @ osmpbf ---
[INFO] 
[INFO] --- protobuf-maven-plugin:0.6.1:compile (generate-sources) @ osmpbf ---
[INFO] Compiling 2 proto file(s) to /home/gabsko/breaking-updates/target/generated-sources/protobuf/java
[WARNING] [PROTOC] Unable to invoke protoc, will retry 2 time(s)
org.codehaus.plexus.util.cli.CommandLineException: Error while executing process.
    at org.codehaus.plexus.util.cli.Commandline.execute (Commandline.java:680)
    at org.codehaus.plexus.util.cli.CommandLineUtils.executeCommandLineAsCallable (CommandLineUtils.java:136)
    at org.codehaus.plexus.util.cli.CommandLineUtils.executeCommandLine (CommandLineUtils.java:106)
    at org.codehaus.plexus.util.cli.CommandLineUtils.executeCommandLine (CommandLineUtils.java:89)
    at org.xolstice.maven.plugin.protobuf.Protoc.execute (Protoc.java:242)
    at org.xolstice.maven.plugin.protobuf.AbstractProtocMojo.execute (AbstractProtocMojo.java:569)
    at org.xolstice.maven.plugin.protobuf.AbstractProtocCompileMojo.execute (AbstractProtocCompileMojo.java:32)
    at org.apache.maven.plugin.DefaultBuildPluginManager.executeMojo (DefaultBuildPluginManager.java:137)
    at org.apache.maven.lifecycle.internal.MojoExecutor.doExecute2 (MojoExecutor.java:370)
    at org.apache.maven.lifecycle.internal.MojoExecutor.doExecute (MojoExecutor.java:351)
    at org.apache.maven.lifecycle.internal.MojoExecutor.execute (MojoExecutor.java:215)
    at org.apache.maven.lifecycle.internal.MojoExecutor.execute (MojoExecutor.java:171)
    at org.apache.maven.lifecycle.internal.MojoExecutor.execute (MojoExecutor.java:163)
    at org.apache.maven.lifecycle.internal.LifecycleModuleBuilder.buildProject (LifecycleModuleBuilder.java:117)
    at org.apache.maven.lifecycle.internal.LifecycleModuleBuilder.buildProject (LifecycleModuleBuilder.java:81)
    at org.apache.maven.lifecycle.internal.builder.singlethreaded.SingleThreadedBuilder.build (SingleThreadedBuilder.java:56)
    at org.apache.maven.lifecycle.internal.LifecycleStarter.execute (LifecycleStarter.java:128)
    at org.apache.maven.DefaultMaven.doExecute (DefaultMaven.java:294)
    at org.apache.maven.DefaultMaven.doExecute (DefaultMaven.java:192)
    at org.apache.maven.DefaultMaven.execute (DefaultMaven.java:105)
    at org.apache.maven.cli.MavenCli.execute (MavenCli.java:960)
    at org.apache.maven.cli.MavenCli.doMain (MavenCli.java:293)
    at org.apache.maven.cli.MavenCli.main (MavenCli.java:196)
    at jdk.internal.reflect.NativeMethodAccessorImpl.invoke0 (Native Method)
    at jdk.internal.reflect.NativeMethodAccessorImpl.invoke (NativeMethodAccessorImpl.java:62)
    at jdk.internal.reflect.DelegatingMethodAccessorImpl.invoke (DelegatingMethodAccessorImpl.java:43)
    at java.lang.reflect.Method.invoke (Method.java:566)
    at org.codehaus.plexus.classworlds.launcher.Launcher.launchEnhanced (Launcher.java:282)
    at org.codehaus.plexus.classworlds.launcher.Launcher.launch (Launcher.java:225)
    at org.codehaus.plexus.classworlds.launcher.Launcher.mainWithExitCode (Launcher.java:406)
    at org.codehaus.plexus.classworlds.launcher.Launcher.main (Launcher.java:347)
Caused by: java.io.IOException: Cannot run program "protoc": error=2, No such file or directory
    at java.lang.ProcessBuilder.start (ProcessBuilder.java:1128)
    at java.lang.ProcessBuilder.start (ProcessBuilder.java:1071)
    at java.lang.Runtime.exec (Runtime.java:592)
    at org.codehaus.plexus.util.cli.Commandline.execute (Commandline.java:660)
    at org.codehaus.plexus.util.cli.CommandLineUtils.executeCommandLineAsCallable (CommandLineUtils.java:136)
    at org.codehaus.plexus.util.cli.CommandLineUtils.executeCommandLine (CommandLineUtils.java:106)
    at org.codehaus.plexus.util.cli.CommandLineUtils.executeCommandLine (CommandLineUtils.java:89)
    at org.xolstice.maven.plugin.protobuf.Protoc.execute (Protoc.java:242)
    at org.xolstice.maven.plugin.protobuf.AbstractProtocMojo.execute (AbstractProtocMojo.java:569)
    at org.xolstice.maven.plugin.protobuf.AbstractProtocCompileMojo.execute (AbstractProtocCompileMojo.java:32)
    at org.apache.maven.plugin.DefaultBuildPluginManager.executeMojo (DefaultBuildPluginManager.java:137)
    at org.apache.maven.lifecycle.internal.MojoExecutor.doExecute2 (MojoExecutor.java:370)
    at org.apache.maven.lifecycle.internal.MojoExecutor.doExecute (MojoExecutor.java:351)
    at org.apache.maven.lifecycle.internal.MojoExecutor.execute (MojoExecutor.java:215)
    at org.apache.maven.lifecycle.internal.MojoExecutor.execute (MojoExecutor.java:171)
    at org.apache.maven.lifecycle.internal.MojoExecutor.execute (MojoExecutor.java:163)
    at org.apache.maven.lifecycle.internal.LifecycleModuleBuilder.buildProject (LifecycleModuleBuilder.java:117)
    at org.apache.maven.lifecycle.internal.LifecycleModuleBuilder.buildProject (LifecycleModuleBuilder.java:81)
    at org.apache.maven.lifecycle.internal.builder.singlethreaded.SingleThreadedBuilder.build (SingleThreadedBuilder.java:56)
    at org.apache.maven.lifecycle.internal.LifecycleStarter.execute (LifecycleStarter.java:128)
    at org.apache.maven.DefaultMaven.doExecute (DefaultMaven.java:294)
    at org.apache.maven.DefaultMaven.doExecute (DefaultMaven.java:192)
    at org.apache.maven.DefaultMaven.execute (DefaultMaven.java:105)
    at org.apache.maven.cli.MavenCli.execute (MavenCli.java:960)
    at org.apache.maven.cli.MavenCli.doMain (MavenCli.java:293)
    at org.apache.maven.cli.MavenCli.main (MavenCli.java:196)
    at jdk.internal.reflect.NativeMethodAccessorImpl.invoke0 (Native Method)
    at jdk.internal.reflect.NativeMethodAccessorImpl.invoke (NativeMethodAccessorImpl.java:62)
    at jdk.internal.reflect.DelegatingMethodAccessorImpl.invoke (DelegatingMethodAccessorImpl.java:43)
    at java.lang.reflect.Method.invoke (Method.java:566)
    at org.codehaus.plexus.classworlds.launcher.Launcher.launchEnhanced (Launcher.java:282)
    at org.codehaus.plexus.classworlds.launcher.Launcher.launch (Launcher.java:225)
    at org.codehaus.plexus.classworlds.launcher.Launcher.mainWithExitCode (Launcher.java:406)
    at org.codehaus.plexus.classworlds.launcher.Launcher.main (Launcher.java:347)
Caused by: java.io.IOException: error=2, No such file or directory
    at java.lang.ProcessImpl.forkAndExec (Native Method)
    at java.lang.ProcessImpl.<init> (ProcessImpl.java:340)
    at java.lang.ProcessImpl.start (ProcessImpl.java:271)
    at java.lang.ProcessBuilder.start (ProcessBuilder.java:1107)
    at java.lang.ProcessBuilder.start (ProcessBuilder.java:1071)
    at java.lang.Runtime.exec (Runtime.java:592)
    at org.codehaus.plexus.util.cli.Commandline.execute (Commandline.java:660)
    at org.codehaus.plexus.util.cli.CommandLineUtils.executeCommandLineAsCallable (CommandLineUtils.java:136)
    at org.codehaus.plexus.util.cli.CommandLineUtils.executeCommandLine (CommandLineUtils.java:106)
    at org.codehaus.plexus.util.cli.CommandLineUtils.executeCommandLine (CommandLineUtils.java:89)
    at org.xolstice.maven.plugin.protobuf.Protoc.execute (Protoc.java:242)
    at org.xolstice.maven.plugin.protobuf.AbstractProtocMojo.execute (AbstractProtocMojo.java:569)
    at org.xolstice.maven.plugin.protobuf.AbstractProtocCompileMojo.execute (AbstractProtocCompileMojo.java:32)
    at org.apache.maven.plugin.DefaultBuildPluginManager.executeMojo (DefaultBuildPluginManager.java:137)
    at org.apache.maven.lifecycle.internal.MojoExecutor.doExecute2 (MojoExecutor.java:370)
    at org.apache.maven.lifecycle.internal.MojoExecutor.doExecute (MojoExecutor.java:351)
    at org.apache.maven.lifecycle.internal.MojoExecutor.execute (MojoExecutor.java:215)
    at org.apache.maven.lifecycle.internal.MojoExecutor.execute (MojoExecutor.java:171)
    at org.apache.maven.lifecycle.internal.MojoExecutor.execute (MojoExecutor.java:163)
    at org.apache.maven.lifecycle.internal.LifecycleModuleBuilder.buildProject (LifecycleModuleBuilder.java:117)
    at org.apache.maven.lifecycle.internal.LifecycleModuleBuilder.buildProject (LifecycleModuleBuilder.java:81)
    at org.apache.maven.lifecycle.internal.builder.singlethreaded.SingleThreadedBuilder.build (SingleThreadedBuilder.java:56)
    at org.apache.maven.lifecycle.internal.LifecycleStarter.execute (LifecycleStarter.java:128)
    at org.apache.maven.DefaultMaven.doExecute (DefaultMaven.java:294)
    at org.apache.maven.DefaultMaven.doExecute (DefaultMaven.java:192)
    at org.apache.maven.DefaultMaven.execute (DefaultMaven.java:105)
    at org.apache.maven.cli.MavenCli.execute (MavenCli.java:960)
    at org.apache.maven.cli.MavenCli.doMain (MavenCli.java:293)
    at org.apache.maven.cli.MavenCli.main (MavenCli.java:196)
    at jdk.internal.reflect.NativeMethodAccessorImpl.invoke0 (Native Method)
    at jdk.internal.reflect.NativeMethodAccessorImpl.invoke (NativeMethodAccessorImpl.java:62)
    at jdk.internal.reflect.DelegatingMethodAccessorImpl.invoke (DelegatingMethodAccessorImpl.java:43)
    at java.lang.reflect.Method.invoke (Method.java:566)
    at org.codehaus.plexus.classworlds.launcher.Launcher.launchEnhanced (Launcher.java:282)
    at org.codehaus.plexus.classworlds.launcher.Launcher.launch (Launcher.java:225)
    at org.codehaus.plexus.classworlds.launcher.Launcher.mainWithExitCode (Launcher.java:406)
    at org.codehaus.plexus.classworlds.launcher.Launcher.main (Launcher.java:347)
[WARNING] [PROTOC] Unable to invoke protoc, will retry 1 time(s)
org.codehaus.plexus.util.cli.CommandLineException: Error while executing process.
    at org.codehaus.plexus.util.cli.Commandline.execute (Commandline.java:680)
    at org.codehaus.plexus.util.cli.CommandLineUtils.executeCommandLineAsCallable (CommandLineUtils.java:136)
    at org.codehaus.plexus.util.cli.CommandLineUtils.executeCommandLine (CommandLineUtils.java:106)
    at org.codehaus.plexus.util.cli.CommandLineUtils.executeCommandLine (CommandLineUtils.java:89)
    at org.xolstice.maven.plugin.protobuf.Protoc.execute (Protoc.java:242)
    at org.xolstice.maven.plugin.protobuf.AbstractProtocMojo.execute (AbstractProtocMojo.java:569)
    at org.xolstice.maven.plugin.protobuf.AbstractProtocCompileMojo.execute (AbstractProtocCompileMojo.java:32)
    at org.apache.maven.plugin.DefaultBuildPluginManager.executeMojo (DefaultBuildPluginManager.java:137)
    at org.apache.maven.lifecycle.internal.MojoExecutor.doExecute2 (MojoExecutor.java:370)
    at org.apache.maven.lifecycle.internal.MojoExecutor.doExecute (MojoExecutor.java:351)
    at org.apache.maven.lifecycle.internal.MojoExecutor.execute (MojoExecutor.java:215)
    at org.apache.maven.lifecycle.internal.MojoExecutor.execute (MojoExecutor.java:171)
    at org.apache.maven.lifecycle.internal.MojoExecutor.execute (MojoExecutor.java:163)
    at org.apache.maven.lifecycle.internal.LifecycleModuleBuilder.buildProject (LifecycleModuleBuilder.java:117)
    at org.apache.maven.lifecycle.internal.LifecycleModuleBuilder.buildProject (LifecycleModuleBuilder.java:81)
    at org.apache.maven.lifecycle.internal.builder.singlethreaded.SingleThreadedBuilder.build (SingleThreadedBuilder.java:56)
    at org.apache.maven.lifecycle.internal.LifecycleStarter.execute (LifecycleStarter.java:128)
    at org.apache.maven.DefaultMaven.doExecute (DefaultMaven.java:294)
    at org.apache.maven.DefaultMaven.doExecute (DefaultMaven.java:192)
    at org.apache.maven.DefaultMaven.execute (DefaultMaven.java:105)
    at org.apache.maven.cli.MavenCli.execute (MavenCli.java:960)
    at org.apache.maven.cli.MavenCli.doMain (MavenCli.java:293)
    at org.apache.maven.cli.MavenCli.main (MavenCli.java:196)
    at jdk.internal.reflect.NativeMethodAccessorImpl.invoke0 (Native Method)
    at jdk.internal.reflect.NativeMethodAccessorImpl.invoke (NativeMethodAccessorImpl.java:62)
    at jdk.internal.reflect.DelegatingMethodAccessorImpl.invoke (DelegatingMethodAccessorImpl.java:43)
    at java.lang.reflect.Method.invoke (Method.java:566)
    at org.codehaus.plexus.classworlds.launcher.Launcher.launchEnhanced (Launcher.java:282)
    at org.codehaus.plexus.classworlds.launcher.Launcher.launch (Launcher.java:225)
    at org.codehaus.plexus.classworlds.launcher.Launcher.mainWithExitCode (Launcher.java:406)
    at org.codehaus.plexus.classworlds.launcher.Launcher.main (Launcher.java:347)
Caused by: java.io.IOException: Cannot run program "protoc": error=2, No such file or directory
    at java.lang.ProcessBuilder.start (ProcessBuilder.java:1128)
    at java.lang.ProcessBuilder.start (ProcessBuilder.java:1071)
    at java.lang.Runtime.exec (Runtime.java:592)
    at org.codehaus.plexus.util.cli.Commandline.execute (Commandline.java:660)
    at org.codehaus.plexus.util.cli.CommandLineUtils.executeCommandLineAsCallable (CommandLineUtils.java:136)
    at org.codehaus.plexus.util.cli.CommandLineUtils.executeCommandLine (CommandLineUtils.java:106)
    at org.codehaus.plexus.util.cli.CommandLineUtils.executeCommandLine (CommandLineUtils.java:89)
    at org.xolstice.maven.plugin.protobuf.Protoc.execute (Protoc.java:242)
    at org.xolstice.maven.plugin.protobuf.AbstractProtocMojo.execute (AbstractProtocMojo.java:569)
    at org.xolstice.maven.plugin.protobuf.AbstractProtocCompileMojo.execute (AbstractProtocCompileMojo.java:32)
    at org.apache.maven.plugin.DefaultBuildPluginManager.executeMojo (DefaultBuildPluginManager.java:137)
    at org.apache.maven.lifecycle.internal.MojoExecutor.doExecute2 (MojoExecutor.java:370)
    at org.apache.maven.lifecycle.internal.MojoExecutor.doExecute (MojoExecutor.java:351)
    at org.apache.maven.lifecycle.internal.MojoExecutor.execute (MojoExecutor.java:215)
    at org.apache.maven.lifecycle.internal.MojoExecutor.execute (MojoExecutor.java:171)
    at org.apache.maven.lifecycle.internal.MojoExecutor.execute (MojoExecutor.java:163)
    at org.apache.maven.lifecycle.internal.LifecycleModuleBuilder.buildProject (LifecycleModuleBuilder.java:117)
    at org.apache.maven.lifecycle.internal.LifecycleModuleBuilder.buildProject (LifecycleModuleBuilder.java:81)
    at org.apache.maven.lifecycle.internal.builder.singlethreaded.SingleThreadedBuilder.build (SingleThreadedBuilder.java:56)
    at org.apache.maven.lifecycle.internal.LifecycleStarter.execute (LifecycleStarter.java:128)
    at org.apache.maven.DefaultMaven.doExecute (DefaultMaven.java:294)
    at org.apache.maven.DefaultMaven.doExecute (DefaultMaven.java:192)
    at org.apache.maven.DefaultMaven.execute (DefaultMaven.java:105)
    at org.apache.maven.cli.MavenCli.execute (MavenCli.java:960)
    at org.apache.maven.cli.MavenCli.doMain (MavenCli.java:293)
    at org.apache.maven.cli.MavenCli.main (MavenCli.java:196)
    at jdk.internal.reflect.NativeMethodAccessorImpl.invoke0 (Native Method)
    at jdk.internal.reflect.NativeMethodAccessorImpl.invoke (NativeMethodAccessorImpl.java:62)
    at jdk.internal.reflect.DelegatingMethodAccessorImpl.invoke (DelegatingMethodAccessorImpl.java:43)
    at java.lang.reflect.Method.invoke (Method.java:566)
    at org.codehaus.plexus.classworlds.launcher.Launcher.launchEnhanced (Launcher.java:282)
    at org.codehaus.plexus.classworlds.launcher.Launcher.launch (Launcher.java:225)
    at org.codehaus.plexus.classworlds.launcher.Launcher.mainWithExitCode (Launcher.java:406)
    at org.codehaus.plexus.classworlds.launcher.Launcher.main (Launcher.java:347)
Caused by: java.io.IOException: error=2, No such file or directory
    at java.lang.ProcessImpl.forkAndExec (Native Method)
    at java.lang.ProcessImpl.<init> (ProcessImpl.java:340)
    at java.lang.ProcessImpl.start (ProcessImpl.java:271)
    at java.lang.ProcessBuilder.start (ProcessBuilder.java:1107)
    at java.lang.ProcessBuilder.start (ProcessBuilder.java:1071)
    at java.lang.Runtime.exec (Runtime.java:592)
    at org.codehaus.plexus.util.cli.Commandline.execute (Commandline.java:660)
    at org.codehaus.plexus.util.cli.CommandLineUtils.executeCommandLineAsCallable (CommandLineUtils.java:136)
    at org.codehaus.plexus.util.cli.CommandLineUtils.executeCommandLine (CommandLineUtils.java:106)
    at org.codehaus.plexus.util.cli.CommandLineUtils.executeCommandLine (CommandLineUtils.java:89)
    at org.xolstice.maven.plugin.protobuf.Protoc.execute (Protoc.java:242)
    at org.xolstice.maven.plugin.protobuf.AbstractProtocMojo.execute (AbstractProtocMojo.java:569)
    at org.xolstice.maven.plugin.protobuf.AbstractProtocCompileMojo.execute (AbstractProtocCompileMojo.java:32)
    at org.apache.maven.plugin.DefaultBuildPluginManager.executeMojo (DefaultBuildPluginManager.java:137)
    at org.apache.maven.lifecycle.internal.MojoExecutor.doExecute2 (MojoExecutor.java:370)
    at org.apache.maven.lifecycle.internal.MojoExecutor.doExecute (MojoExecutor.java:351)
    at org.apache.maven.lifecycle.internal.MojoExecutor.execute (MojoExecutor.java:215)
    at org.apache.maven.lifecycle.internal.MojoExecutor.execute (MojoExecutor.java:171)
    at org.apache.maven.lifecycle.internal.MojoExecutor.execute (MojoExecutor.java:163)
    at org.apache.maven.lifecycle.internal.LifecycleModuleBuilder.buildProject (LifecycleModuleBuilder.java:117)
    at org.apache.maven.lifecycle.internal.LifecycleModuleBuilder.buildProject (LifecycleModuleBuilder.java:81)
    at org.apache.maven.lifecycle.internal.builder.singlethreaded.SingleThreadedBuilder.build (SingleThreadedBuilder.java:56)
    at org.apache.maven.lifecycle.internal.LifecycleStarter.execute (LifecycleStarter.java:128)
    at org.apache.maven.DefaultMaven.doExecute (DefaultMaven.java:294)
    at org.apache.maven.DefaultMaven.doExecute (DefaultMaven.java:192)
    at org.apache.maven.DefaultMaven.execute (DefaultMaven.java:105)
    at org.apache.maven.cli.MavenCli.execute (MavenCli.java:960)
    at org.apache.maven.cli.MavenCli.doMain (MavenCli.java:293)
    at org.apache.maven.cli.MavenCli.main (MavenCli.java:196)
    at jdk.internal.reflect.NativeMethodAccessorImpl.invoke0 (Native Method)
    at jdk.internal.reflect.NativeMethodAccessorImpl.invoke (NativeMethodAccessorImpl.java:62)
    at jdk.internal.reflect.DelegatingMethodAccessorImpl.invoke (DelegatingMethodAccessorImpl.java:43)
    at java.lang.reflect.Method.invoke (Method.java:566)
    at org.codehaus.plexus.classworlds.launcher.Launcher.launchEnhanced (Launcher.java:282)
    at org.codehaus.plexus.classworlds.launcher.Launcher.launch (Launcher.java:225)
    at org.codehaus.plexus.classworlds.launcher.Launcher.mainWithExitCode (Launcher.java:406)
    at org.codehaus.plexus.classworlds.launcher.Launcher.main (Launcher.java:347)
[INFO] ------------------------------------------------------------------------
[INFO] BUILD FAILURE
[INFO] ------------------------------------------------------------------------
[INFO] Total time:  2.961 s
[INFO] Finished at: 2023-02-07T11:31:47Z
[INFO] ------------------------------------------------------------------------
[ERROR] Failed to execute goal org.xolstice.maven.plugins:protobuf-maven-plugin:0.6.1:compile (generate-sources) on project osmpbf: An error occurred while invoking protoc: Error while executing process. Cannot run program "protoc": error=2, No such file or directory -> [Help 1]
[ERROR] 
[ERROR] To see the full stack trace of the errors, re-run Maven with the -e switch.
[ERROR] Re-run Maven using the -X switch to enable full debug logging.
[ERROR] 
[ERROR] For more information about the errors and possible solutions, please read the following articles:
[ERROR] [Help 1] http://cwiki.apache.org/confluence/display/MAVEN/MojoExecutionException
