[INFO] Scanning for projects...
[INFO] 
[INFO] ---------------< org.codehaus.mojo:aspectj-maven-plugin >---------------
[INFO] Building Mojo's AspectJ Maven Plugin 1.11.1-SNAPSHOT
[INFO] ----------------------------[ maven-plugin ]----------------------------
[INFO] 
[INFO] --- maven-clean-plugin:3.1.0:clean (default-clean) @ aspectj-maven-plugin ---
[INFO] Deleting /home/gabsko/breaking-updates/target
[INFO] 
[INFO] --- maven-enforcer-plugin:1.4.1:enforce (mojo-enforcer-rules) @ aspectj-maven-plugin ---
[INFO] 
[INFO] --- maven-enforcer-plugin:1.4.1:enforce (enforce-bytecode-version) @ aspectj-maven-plugin ---
[INFO] 
[INFO] --- maven-plugin-plugin:3.6.0:helpmojo (help-mojo) @ aspectj-maven-plugin ---
[INFO] Using 'UTF-8' encoding to read mojo source files.
[INFO] java-javadoc mojo extractor found 0 mojo descriptor.
[INFO] java-annotations mojo extractor found 0 mojo descriptor.
[INFO] 
[INFO] --- maven-resources-plugin:3.2.0:resources (default-resources) @ aspectj-maven-plugin ---
[INFO] Using 'UTF-8' encoding to copy filtered resources.
[INFO] Using 'UTF-8' encoding to copy filtered properties files.
[INFO] Copying 4 resources
[INFO] 
[INFO] --- maven-compiler-plugin:3.8.1:compile (default-compile) @ aspectj-maven-plugin ---
[INFO] Changes detected - recompiling the module!
[INFO] Compiling 12 source files to /home/gabsko/breaking-updates/target/classes
[INFO] 
[INFO] --- maven-plugin-plugin:3.6.0:descriptor (default-descriptor) @ aspectj-maven-plugin ---
[INFO] Using 'UTF-8' encoding to read mojo source files.
[INFO] java-javadoc mojo extractor found 0 mojo descriptor.
[INFO] java-annotations mojo extractor found 5 mojo descriptors.
[INFO] 
[INFO] --- maven-resources-plugin:3.2.0:testResources (default-testResources) @ aspectj-maven-plugin ---
[INFO] Using 'UTF-8' encoding to copy filtered resources.
[INFO] Using 'UTF-8' encoding to copy filtered properties files.
[INFO] skip non existing resourceDirectory /home/gabsko/breaking-updates/src/test/resources
[INFO] 
[INFO] --- maven-compiler-plugin:3.8.1:testCompile (default-testCompile) @ aspectj-maven-plugin ---
[INFO] Changes detected - recompiling the module!
[INFO] Compiling 7 source files to /home/gabsko/breaking-updates/target/test-classes
[INFO] /home/gabsko/breaking-updates/src/test/java/org/codehaus/mojo/aspectj/MockArtifact.java: /home/gabsko/breaking-updates/src/test/java/org/codehaus/mojo/aspectj/MockArtifact.java uses or overrides a deprecated API.
[INFO] /home/gabsko/breaking-updates/src/test/java/org/codehaus/mojo/aspectj/MockArtifact.java: Recompile with -Xlint:deprecation for details.
[INFO] /home/gabsko/breaking-updates/src/test/java/org/codehaus/mojo/aspectj/AbstractAjcCompilerTest.java: Some input files use unchecked or unsafe operations.
[INFO] /home/gabsko/breaking-updates/src/test/java/org/codehaus/mojo/aspectj/AbstractAjcCompilerTest.java: Recompile with -Xlint:unchecked for details.
[INFO] 
[INFO] --- maven-surefire-plugin:2.22.2:test (default-test) @ aspectj-maven-plugin ---
[INFO] 
[INFO] -------------------------------------------------------
[INFO]  T E S T S
[INFO] -------------------------------------------------------
[INFO] Running org.codehaus.mojo.aspectj.AjcCompilerMojoTest
[INFO] Tests run: 1, Failures: 0, Errors: 0, Skipped: 0, Time elapsed: 0.994 s - in org.codehaus.mojo.aspectj.AjcCompilerMojoTest
[INFO] Running org.codehaus.mojo.aspectj.AjcTestCompileMojoTest
[INFO] Tests run: 2, Failures: 0, Errors: 0, Skipped: 0, Time elapsed: 0.106 s - in org.codehaus.mojo.aspectj.AjcTestCompileMojoTest
[INFO] Running org.codehaus.mojo.aspectj.AbstractAjcCompilerTest
[INFO] Tests run: 10, Failures: 0, Errors: 0, Skipped: 0, Time elapsed: 0.287 s - in org.codehaus.mojo.aspectj.AbstractAjcCompilerTest
[INFO] Running org.codehaus.mojo.aspectj.AjcHelperTest
[INFO] Tests run: 4, Failures: 0, Errors: 0, Skipped: 0, Time elapsed: 0 s - in org.codehaus.mojo.aspectj.AjcHelperTest
[INFO] 
[INFO] Results:
[INFO] 
[INFO] Tests run: 17, Failures: 0, Errors: 0, Skipped: 0
[INFO] 
[INFO] ------------------------------------------------------------------------
[INFO] BUILD SUCCESS
[INFO] ------------------------------------------------------------------------
[INFO] Total time:  5.290 s
[INFO] Finished at: 2023-02-07T11:01:40Z
[INFO] ------------------------------------------------------------------------
