[INFO] Scanning for projects...
[WARNING] 
[WARNING] Some problems were encountered while building the effective model for at.porscheinformatik.sonarqube.licensecheck:sonarqube-licensecheck-plugin:sonar-plugin:5.0.0-SNAPSHOT
[WARNING] 'dependencies.dependency.systemPath' for org.sonarsource.sonarqube:sonar-application:jar refers to a non-existing file /home/gabsko/breaking-updates/target/sonarqube-8.9.0.43852/lib/sonar-application-8.9.0.43852.jar @ line 92, column 19
[WARNING] 
[WARNING] It is highly recommended to fix these problems because they threaten the stability of your build.
[WARNING] 
[WARNING] For this reason, future Maven versions might no longer support building such malformed projects.
[WARNING] 
[INFO] 
[INFO] --< at.porscheinformatik.sonarqube.licensecheck:sonarqube-licensecheck-plugin >--
[INFO] Building SonarQube License Check Plugin 5.0.0-SNAPSHOT
[INFO] ----------------------------[ sonar-plugin ]----------------------------
[INFO] Downloading from central: https://repo.maven.apache.org/maven2/com/github/eirslett/frontend-maven-plugin/1.12.0/frontend-maven-plugin-1.12.0.pom
[INFO] Downloaded from central: https://repo.maven.apache.org/maven2/com/github/eirslett/frontend-maven-plugin/1.12.0/frontend-maven-plugin-1.12.0.pom (4.9 kB at 26 kB/s)
[INFO] Downloading from central: https://repo.maven.apache.org/maven2/com/github/eirslett/frontend-plugins/1.12.0/frontend-plugins-1.12.0.pom
[INFO] Downloaded from central: https://repo.maven.apache.org/maven2/com/github/eirslett/frontend-plugins/1.12.0/frontend-plugins-1.12.0.pom (7.2 kB at 719 kB/s)
[INFO] Downloading from central: https://repo.maven.apache.org/maven2/com/github/eirslett/frontend-maven-plugin/1.12.0/frontend-maven-plugin-1.12.0.jar
[INFO] Downloaded from central: https://repo.maven.apache.org/maven2/com/github/eirslett/frontend-maven-plugin/1.12.0/frontend-maven-plugin-1.12.0.jar (42 kB at 2.4 MB/s)
[INFO] Downloading from central: https://repo.maven.apache.org/maven2/org/apache/maven/plugins/maven-dependency-plugin/3.2.0/maven-dependency-plugin-3.2.0.pom
[INFO] Downloaded from central: https://repo.maven.apache.org/maven2/org/apache/maven/plugins/maven-dependency-plugin/3.2.0/maven-dependency-plugin-3.2.0.pom (18 kB at 2.9 MB/s)
[INFO] Downloading from central: https://repo.maven.apache.org/maven2/org/apache/maven/plugins/maven-dependency-plugin/3.2.0/maven-dependency-plugin-3.2.0.jar
[INFO] Downloaded from central: https://repo.maven.apache.org/maven2/org/apache/maven/plugins/maven-dependency-plugin/3.2.0/maven-dependency-plugin-3.2.0.jar (205 kB at 5.0 MB/s)
[INFO] Downloading from central: https://repo.maven.apache.org/maven2/org/apache/maven/maven-model/3.8.3/maven-model-3.8.3.pom
[INFO] Downloaded from central: https://repo.maven.apache.org/maven2/org/apache/maven/maven-model/3.8.3/maven-model-3.8.3.pom (2.8 kB at 400 kB/s)
[INFO] Downloading from central: https://repo.maven.apache.org/maven2/org/apache/maven/maven/3.8.3/maven-3.8.3.pom
[INFO] Downloaded from central: https://repo.maven.apache.org/maven2/org/apache/maven/maven/3.8.3/maven-3.8.3.pom (27 kB at 3.4 MB/s)
[INFO] Downloading from central: https://repo.maven.apache.org/maven2/org/apache/maven/maven-model/3.8.3/maven-model-3.8.3.jar
[INFO] Downloaded from central: https://repo.maven.apache.org/maven2/org/apache/maven/maven-model/3.8.3/maven-model-3.8.3.jar (215 kB at 13 MB/s)
[INFO] ------------------------------------------------------------------------
[INFO] BUILD FAILURE
[INFO] ------------------------------------------------------------------------
[INFO] Total time:  0.897 s
[INFO] Finished at: 2023-02-07T12:24:13Z
[INFO] ------------------------------------------------------------------------
[ERROR] Failed to execute goal on project sonarqube-licensecheck-plugin: Could not resolve dependencies for project at.porscheinformatik.sonarqube.licensecheck:sonarqube-licensecheck-plugin:sonar-plugin:5.0.0-SNAPSHOT: Could not find artifact org.sonarsource.sonarqube:sonar-application:jar:8.9.0.43852 at specified path /home/gabsko/breaking-updates/target/sonarqube-8.9.0.43852/lib/sonar-application-8.9.0.43852.jar -> [Help 1]
[ERROR] 
[ERROR] To see the full stack trace of the errors, re-run Maven with the -e switch.
[ERROR] Re-run Maven using the -X switch to enable full debug logging.
[ERROR] 
[ERROR] For more information about the errors and possible solutions, please read the following articles:
[ERROR] [Help 1] http://cwiki.apache.org/confluence/display/MAVEN/DependencyResolutionException
