[INFO] Scanning for projects...
[INFO] Downloading from snapshots: https://oss.sonatype.org/content/repositories/snapshots/org/springframework/boot/spring-boot-dependencies/2.4.5/spring-boot-dependencies-2.4.5.pom
[INFO] Downloading from central: https://repo.maven.apache.org/maven2/org/springframework/boot/spring-boot-dependencies/2.4.5/spring-boot-dependencies-2.4.5.pom
[INFO] Downloaded from central: https://repo.maven.apache.org/maven2/org/springframework/boot/spring-boot-dependencies/2.4.5/spring-boot-dependencies-2.4.5.pom (108 kB at 1.9 MB/s)
[INFO] Downloading from snapshots: https://oss.sonatype.org/content/repositories/snapshots/io/dropwizard/metrics/metrics-bom/4.1.19/metrics-bom-4.1.19.pom
[INFO] Downloading from central: https://repo.maven.apache.org/maven2/io/dropwizard/metrics/metrics-bom/4.1.19/metrics-bom-4.1.19.pom
[INFO] Downloaded from central: https://repo.maven.apache.org/maven2/io/dropwizard/metrics/metrics-bom/4.1.19/metrics-bom-4.1.19.pom (5.3 kB at 443 kB/s)
[INFO] Downloading from snapshots: https://oss.sonatype.org/content/repositories/snapshots/io/dropwizard/metrics/metrics-parent/4.1.19/metrics-parent-4.1.19.pom
[INFO] Downloading from central: https://repo.maven.apache.org/maven2/io/dropwizard/metrics/metrics-parent/4.1.19/metrics-parent-4.1.19.pom
[INFO] Downloaded from central: https://repo.maven.apache.org/maven2/io/dropwizard/metrics/metrics-parent/4.1.19/metrics-parent-4.1.19.pom (17 kB at 1.3 MB/s)
[INFO] Downloading from snapshots: https://oss.sonatype.org/content/repositories/snapshots/org/infinispan/infinispan-bom/11.0.10.Final/infinispan-bom-11.0.10.Final.pom
[INFO] Downloading from central: https://repo.maven.apache.org/maven2/org/infinispan/infinispan-bom/11.0.10.Final/infinispan-bom-11.0.10.Final.pom
[INFO] Downloaded from central: https://repo.maven.apache.org/maven2/org/infinispan/infinispan-bom/11.0.10.Final/infinispan-bom-11.0.10.Final.pom (19 kB at 697 kB/s)
[INFO] Downloading from snapshots: https://oss.sonatype.org/content/repositories/snapshots/org/infinispan/infinispan-build-configuration-parent/11.0.10.Final/infinispan-build-configuration-parent-11.0.10.Final.pom
[INFO] Downloading from central: https://repo.maven.apache.org/maven2/org/infinispan/infinispan-build-configuration-parent/11.0.10.Final/infinispan-build-configuration-parent-11.0.10.Final.pom
[INFO] Downloaded from central: https://repo.maven.apache.org/maven2/org/infinispan/infinispan-build-configuration-parent/11.0.10.Final/infinispan-build-configuration-parent-11.0.10.Final.pom (13 kB at 783 kB/s)
[INFO] Downloading from snapshots: https://oss.sonatype.org/content/repositories/snapshots/org/eclipse/jetty/jetty-bom/9.4.39.v20210325/jetty-bom-9.4.39.v20210325.pom
[INFO] Downloading from central: https://repo.maven.apache.org/maven2/org/eclipse/jetty/jetty-bom/9.4.39.v20210325/jetty-bom-9.4.39.v20210325.pom
[INFO] Downloaded from central: https://repo.maven.apache.org/maven2/org/eclipse/jetty/jetty-bom/9.4.39.v20210325/jetty-bom-9.4.39.v20210325.pom (18 kB at 1.5 MB/s)
[INFO] Downloading from snapshots: https://oss.sonatype.org/content/repositories/snapshots/org/jetbrains/kotlin/kotlin-bom/1.4.32/kotlin-bom-1.4.32.pom
[INFO] Downloading from central: https://repo.maven.apache.org/maven2/org/jetbrains/kotlin/kotlin-bom/1.4.32/kotlin-bom-1.4.32.pom
[INFO] Downloaded from central: https://repo.maven.apache.org/maven2/org/jetbrains/kotlin/kotlin-bom/1.4.32/kotlin-bom-1.4.32.pom (9.3 kB at 778 kB/s)
[INFO] Downloading from snapshots: https://oss.sonatype.org/content/repositories/snapshots/io/micrometer/micrometer-bom/1.6.6/micrometer-bom-1.6.6.pom
[INFO] Downloading from central: https://repo.maven.apache.org/maven2/io/micrometer/micrometer-bom/1.6.6/micrometer-bom-1.6.6.pom
[INFO] Downloaded from central: https://repo.maven.apache.org/maven2/io/micrometer/micrometer-bom/1.6.6/micrometer-bom-1.6.6.pom (6.8 kB at 566 kB/s)
[INFO] Downloading from snapshots: https://oss.sonatype.org/content/repositories/snapshots/io/netty/netty-bom/4.1.63.Final/netty-bom-4.1.63.Final.pom
[INFO] Downloading from central: https://repo.maven.apache.org/maven2/io/netty/netty-bom/4.1.63.Final/netty-bom-4.1.63.Final.pom
[INFO] Downloaded from central: https://repo.maven.apache.org/maven2/io/netty/netty-bom/4.1.63.Final/netty-bom-4.1.63.Final.pom (8.8 kB at 462 kB/s)
[INFO] Downloading from snapshots: https://oss.sonatype.org/content/repositories/snapshots/io/r2dbc/r2dbc-bom/Arabba-SR9/r2dbc-bom-Arabba-SR9.pom
[INFO] Downloading from central: https://repo.maven.apache.org/maven2/io/r2dbc/r2dbc-bom/Arabba-SR9/r2dbc-bom-Arabba-SR9.pom
[INFO] Downloaded from central: https://repo.maven.apache.org/maven2/io/r2dbc/r2dbc-bom/Arabba-SR9/r2dbc-bom-Arabba-SR9.pom (4.1 kB at 227 kB/s)
[INFO] Downloading from snapshots: https://oss.sonatype.org/content/repositories/snapshots/io/projectreactor/reactor-bom/2020.0.6/reactor-bom-2020.0.6.pom
[INFO] Downloading from central: https://repo.maven.apache.org/maven2/io/projectreactor/reactor-bom/2020.0.6/reactor-bom-2020.0.6.pom
[INFO] Downloaded from central: https://repo.maven.apache.org/maven2/io/projectreactor/reactor-bom/2020.0.6/reactor-bom-2020.0.6.pom (4.5 kB at 347 kB/s)
[INFO] Downloading from snapshots: https://oss.sonatype.org/content/repositories/snapshots/org/springframework/data/spring-data-bom/2020.0.8/spring-data-bom-2020.0.8.pom
[INFO] Downloading from central: https://repo.maven.apache.org/maven2/org/springframework/data/spring-data-bom/2020.0.8/spring-data-bom-2020.0.8.pom
[INFO] Downloaded from central: https://repo.maven.apache.org/maven2/org/springframework/data/spring-data-bom/2020.0.8/spring-data-bom-2020.0.8.pom (5.9 kB at 732 kB/s)
[INFO] Downloading from snapshots: https://oss.sonatype.org/content/repositories/snapshots/org/springframework/spring-framework-bom/5.3.6/spring-framework-bom-5.3.6.pom
[INFO] Downloading from central: https://repo.maven.apache.org/maven2/org/springframework/spring-framework-bom/5.3.6/spring-framework-bom-5.3.6.pom
[INFO] Downloaded from central: https://repo.maven.apache.org/maven2/org/springframework/spring-framework-bom/5.3.6/spring-framework-bom-5.3.6.pom (0 B at 0 B/s)
[INFO] Downloading from snapshots: https://oss.sonatype.org/content/repositories/snapshots/org/springframework/integration/spring-integration-bom/5.4.6/spring-integration-bom-5.4.6.pom
[INFO] Downloading from central: https://repo.maven.apache.org/maven2/org/springframework/integration/spring-integration-bom/5.4.6/spring-integration-bom-5.4.6.pom
[INFO] Downloaded from central: https://repo.maven.apache.org/maven2/org/springframework/integration/spring-integration-bom/5.4.6/spring-integration-bom-5.4.6.pom (9.5 kB at 679 kB/s)
[INFO] Downloading from snapshots: https://oss.sonatype.org/content/repositories/snapshots/org/springframework/security/spring-security-bom/5.4.6/spring-security-bom-5.4.6.pom
[INFO] Downloading from central: https://repo.maven.apache.org/maven2/org/springframework/security/spring-security-bom/5.4.6/spring-security-bom-5.4.6.pom
[INFO] Downloaded from central: https://repo.maven.apache.org/maven2/org/springframework/security/spring-security-bom/5.4.6/spring-security-bom-5.4.6.pom (0 B at 0 B/s)
[INFO] Downloading from snapshots: https://oss.sonatype.org/content/repositories/snapshots/org/springframework/session/spring-session-bom/2020.0.4/spring-session-bom-2020.0.4.pom
[INFO] Downloading from central: https://repo.maven.apache.org/maven2/org/springframework/session/spring-session-bom/2020.0.4/spring-session-bom-2020.0.4.pom
[INFO] Downloaded from central: https://repo.maven.apache.org/maven2/org/springframework/session/spring-session-bom/2020.0.4/spring-session-bom-2020.0.4.pom (2.7 kB at 272 kB/s)
[WARNING] 
[WARNING] Some problems were encountered while building the effective model for com.github.paulcwarren:spring-eg-content-azure-storage:jar:0.0.1-SNAPSHOT
[WARNING] 'build.plugins.plugin.version' for org.sonatype.plugins:nexus-staging-maven-plugin is missing. @ com.github.paulcwarren:spring-eg-content:0.0.1-SNAPSHOT, /home/gabsko/breaking-updates/pom.xml, line 112, column 12
[WARNING] 
[WARNING] Some problems were encountered while building the effective model for com.github.paulcwarren:spring-eg-content-commons:jar:0.0.1-SNAPSHOT
[WARNING] 'build.plugins.plugin.version' for org.sonatype.plugins:nexus-staging-maven-plugin is missing. @ com.github.paulcwarren:spring-eg-content:0.0.1-SNAPSHOT, /home/gabsko/breaking-updates/pom.xml, line 112, column 12
[WARNING] 
[WARNING] Some problems were encountered while building the effective model for com.github.paulcwarren:spring-eg-content-elasticsearch:jar:0.0.1-SNAPSHOT
[WARNING] 'build.plugins.plugin.version' for org.sonatype.plugins:nexus-staging-maven-plugin is missing. @ com.github.paulcwarren:spring-eg-content:0.0.1-SNAPSHOT, /home/gabsko/breaking-updates/pom.xml, line 112, column 12
[WARNING] 
[WARNING] Some problems were encountered while building the effective model for com.github.paulcwarren:spring-eg-content-fs:jar:0.0.1-SNAPSHOT
[WARNING] 'build.plugins.plugin.version' for org.sonatype.plugins:nexus-staging-maven-plugin is missing. @ com.github.paulcwarren:spring-eg-content:0.0.1-SNAPSHOT, /home/gabsko/breaking-updates/pom.xml, line 112, column 12
[WARNING] 
[WARNING] Some problems were encountered while building the effective model for com.github.paulcwarren:spring-eg-content-fs-boot-starter:jar:0.0.1-SNAPSHOT
[WARNING] 'build.plugins.plugin.version' for org.sonatype.plugins:nexus-staging-maven-plugin is missing. @ com.github.paulcwarren:spring-eg-content:0.0.1-SNAPSHOT, /home/gabsko/breaking-updates/pom.xml, line 112, column 12
[WARNING] 
[WARNING] Some problems were encountered while building the effective model for com.github.paulcwarren:spring-eg-content-fs-rest:jar:0.0.1-SNAPSHOT
[WARNING] 'build.plugins.plugin.version' for org.sonatype.plugins:nexus-staging-maven-plugin is missing. @ com.github.paulcwarren:spring-eg-content:0.0.1-SNAPSHOT, /home/gabsko/breaking-updates/pom.xml, line 112, column 12
[WARNING] 
[WARNING] Some problems were encountered while building the effective model for com.github.paulcwarren:spring-eg-content-mongo:jar:0.0.1-SNAPSHOT
[WARNING] 'build.plugins.plugin.version' for org.sonatype.plugins:nexus-staging-maven-plugin is missing. @ com.github.paulcwarren:spring-eg-content:0.0.1-SNAPSHOT, /home/gabsko/breaking-updates/pom.xml, line 112, column 12
[WARNING] 
[WARNING] Some problems were encountered while building the effective model for com.github.paulcwarren:spring-eg-content-mongo-boot-starter:jar:0.0.1-SNAPSHOT
[WARNING] 'build.plugins.plugin.version' for org.sonatype.plugins:nexus-staging-maven-plugin is missing. @ com.github.paulcwarren:spring-eg-content:0.0.1-SNAPSHOT, /home/gabsko/breaking-updates/pom.xml, line 112, column 12
[WARNING] 
[WARNING] Some problems were encountered while building the effective model for com.github.paulcwarren:spring-eg-content-jpa:jar:0.0.1-SNAPSHOT
[WARNING] 'build.plugins.plugin.version' for org.sonatype.plugins:nexus-staging-maven-plugin is missing. @ com.github.paulcwarren:spring-eg-content:0.0.1-SNAPSHOT, /home/gabsko/breaking-updates/pom.xml, line 112, column 12
[WARNING] 
[WARNING] Some problems were encountered while building the effective model for com.github.paulcwarren:spring-eg-content-jpa-boot-starter:jar:0.0.1-SNAPSHOT
[WARNING] 'build.plugins.plugin.version' for org.sonatype.plugins:nexus-staging-maven-plugin is missing. @ com.github.paulcwarren:spring-eg-content:0.0.1-SNAPSHOT, /home/gabsko/breaking-updates/pom.xml, line 112, column 12
[WARNING] 
[WARNING] Some problems were encountered while building the effective model for com.github.paulcwarren:spring-eg-content-s3:jar:0.0.1-SNAPSHOT
[WARNING] 'build.plugins.plugin.version' for org.sonatype.plugins:nexus-staging-maven-plugin is missing. @ com.github.paulcwarren:spring-eg-content:0.0.1-SNAPSHOT, /home/gabsko/breaking-updates/pom.xml, line 112, column 12
[WARNING] 
[WARNING] Some problems were encountered while building the effective model for com.github.paulcwarren:spring-eg-content-gcs:jar:0.0.1-SNAPSHOT
[WARNING] 'build.plugins.plugin.version' for org.sonatype.plugins:nexus-staging-maven-plugin is missing. @ com.github.paulcwarren:spring-eg-content:0.0.1-SNAPSHOT, /home/gabsko/breaking-updates/pom.xml, line 112, column 12
[WARNING] 
[WARNING] Some problems were encountered while building the effective model for com.github.paulcwarren:spring-eg-content-s3-boot-starter:jar:0.0.1-SNAPSHOT
[WARNING] 'build.plugins.plugin.version' for org.sonatype.plugins:nexus-staging-maven-plugin is missing. @ com.github.paulcwarren:spring-eg-content:0.0.1-SNAPSHOT, /home/gabsko/breaking-updates/pom.xml, line 112, column 12
[WARNING] 
[WARNING] Some problems were encountered while building the effective model for com.github.paulcwarren:spring-eg-content-s3-rest:jar:0.0.1-SNAPSHOT
[WARNING] 'build.plugins.plugin.version' for org.sonatype.plugins:nexus-staging-maven-plugin is missing. @ com.github.paulcwarren:spring-eg-content:0.0.1-SNAPSHOT, /home/gabsko/breaking-updates/pom.xml, line 112, column 12
[WARNING] 
[WARNING] Some problems were encountered while building the effective model for com.github.paulcwarren:spring-eg-content-renditions:jar:0.0.1-SNAPSHOT
[WARNING] 'build.plugins.plugin.version' for org.sonatype.plugins:nexus-staging-maven-plugin is missing. @ com.github.paulcwarren:spring-eg-content:0.0.1-SNAPSHOT, /home/gabsko/breaking-updates/pom.xml, line 112, column 12
[WARNING] 
[WARNING] Some problems were encountered while building the effective model for com.github.paulcwarren:spring-eg-content-hypermedia:jar:0.0.1-SNAPSHOT
[WARNING] 'build.plugins.plugin.version' for org.sonatype.plugins:nexus-staging-maven-plugin is missing. @ com.github.paulcwarren:spring-eg-content:0.0.1-SNAPSHOT, /home/gabsko/breaking-updates/pom.xml, line 112, column 12
[WARNING] 
[WARNING] Some problems were encountered while building the effective model for com.github.paulcwarren:spring-eg-content-solr-boot-starter:jar:0.0.1-SNAPSHOT
[WARNING] 'dependencies.dependency.(groupId:artifactId:type:classifier)' must be unique: org.springframework.boot:spring-boot-starter-data-rest:jar -> duplicate declaration of version (?) @ line 61, column 15
[WARNING] 'dependencies.dependency.(groupId:artifactId:type:classifier)' must be unique: com.github.paulcwarren:content-rest-spring-boot-starter:jar -> duplicate declaration of version ${spring-content-version} @ line 65, column 15
[WARNING] 'dependencies.dependency.(groupId:artifactId:type:classifier)' must be unique: com.jayway.restassured:rest-assured:jar -> duplicate declaration of version 2.9.0 @ line 100, column 15
[WARNING] 'build.plugins.plugin.version' for org.sonatype.plugins:nexus-staging-maven-plugin is missing. @ com.github.paulcwarren:spring-eg-content:0.0.1-SNAPSHOT, /home/gabsko/breaking-updates/pom.xml, line 112, column 12
[WARNING] 
[WARNING] Some problems were encountered while building the effective model for com.github.paulcwarren:spring-eg-content-solr:jar:0.0.1-SNAPSHOT
[WARNING] 'build.plugins.plugin.version' for org.sonatype.plugins:nexus-staging-maven-plugin is missing. @ com.github.paulcwarren:spring-eg-content:0.0.1-SNAPSHOT, /home/gabsko/breaking-updates/pom.xml, line 112, column 12
[WARNING] 
[WARNING] Some problems were encountered while building the effective model for com.github.paulcwarren:spring-eg-versions-jpa:jar:0.0.1-SNAPSHOT
[WARNING] 'build.plugins.plugin.version' for org.sonatype.plugins:nexus-staging-maven-plugin is missing. @ com.github.paulcwarren:spring-eg-content:0.0.1-SNAPSHOT, /home/gabsko/breaking-updates/pom.xml, line 112, column 12
[WARNING] 
[WARNING] Some problems were encountered while building the effective model for com.github.paulcwarren:spring-eg-versions-jpa-boot-starter:jar:0.0.1-SNAPSHOT
[WARNING] 'build.plugins.plugin.version' for org.sonatype.plugins:nexus-staging-maven-plugin is missing. @ com.github.paulcwarren:spring-eg-content:0.0.1-SNAPSHOT, /home/gabsko/breaking-updates/pom.xml, line 112, column 12
[WARNING] 
[WARNING] Some problems were encountered while building the effective model for com.github.paulcwarren:spring-eg-content-cmis:jar:0.0.1-SNAPSHOT
[WARNING] 'build.plugins.plugin.version' for org.sonatype.plugins:nexus-staging-maven-plugin is missing. @ com.github.paulcwarren:spring-eg-content:0.0.1-SNAPSHOT, /home/gabsko/breaking-updates/pom.xml, line 112, column 12
[WARNING] 
[WARNING] Some problems were encountered while building the effective model for com.github.paulcwarren:spring-eg-content:pom:0.0.1-SNAPSHOT
[WARNING] 'build.plugins.plugin.version' for org.sonatype.plugins:nexus-staging-maven-plugin is missing. @ line 112, column 12
[WARNING] 
[WARNING] It is highly recommended to fix these problems because they threaten the stability of your build.
[WARNING] 
[WARNING] For this reason, future Maven versions might no longer support building such malformed projects.
[WARNING] 
[INFO] Inspecting build with total of 22 modules...
[INFO] Installing Nexus Staging features:
[INFO]   ... total of 22 executions of maven-deploy-plugin replaced with nexus-staging-maven-plugin
[INFO] ------------------------------------------------------------------------
[INFO] Reactor Build Order:
[INFO] 
[INFO] Spring Content Examples                                            [pom]
[INFO] spring-eg-content-commons                                          [jar]
[INFO] spring-eg-content-azure-storage                                    [jar]
[INFO] spring-eg-content-elasticsearch                                    [jar]
[INFO] spring-eg-content-fs                                               [jar]
[INFO] spring-eg-content-fs-boot-starter                                  [jar]
[INFO] spring-eg-content-fs-rest                                          [jar]
[INFO] spring-eg-content-mongo                                            [jar]
[INFO] spring-eg-content-mongo-boot-starter                               [jar]
[INFO] spring-eg-content-jpa                                              [jar]
[INFO] spring-eg-content-jpa-boot-starter                                 [jar]
[INFO] spring-eg-content-s3                                               [jar]
[INFO] spring-eg-content-gcs                                              [jar]
[INFO] spring-eg-content-s3-boot-starter                                  [jar]
[INFO] spring-eg-content-s3-rest                                          [jar]
[INFO] spring-eg-content-renditions                                       [jar]
[INFO] spring-eg-content-hypermedia                                       [jar]
[INFO] spring-eg-content-solr-boot-starter                                [jar]
[INFO] spring-eg-content-solr                                             [jar]
[INFO] spring-eg-versions-jpa                                             [jar]
[INFO] spring-eg-versions-jpa-boot-starter                                [jar]
[INFO] spring-eg-content-cmis                                             [jar]
[INFO] 
[INFO] --------------< com.github.paulcwarren:spring-eg-content >--------------
[INFO] Building Spring Content Examples 0.0.1-SNAPSHOT                   [1/22]
[INFO] --------------------------------[ pom ]---------------------------------
[INFO] 
[INFO] --- maven-clean-plugin:2.5:clean (default-clean) @ spring-eg-content ---
[INFO] 
[INFO] ----------< com.github.paulcwarren:spring-eg-content-commons >----------
[INFO] Building spring-eg-content-commons 0.0.1-SNAPSHOT                 [2/22]
[INFO] --------------------------------[ jar ]---------------------------------
[INFO] Downloading from snapshots: https://oss.sonatype.org/content/repositories/snapshots/com/github/paulcwarren/spring-content-commons/1.2.5-SNAPSHOT/maven-metadata.xml
[INFO] Downloading from snapshots: https://oss.sonatype.org/content/repositories/snapshots/com/github/paulcwarren/spring-content-commons/1.2.5-SNAPSHOT/spring-content-commons-1.2.5-SNAPSHOT.pom
[WARNING] The POM for com.github.paulcwarren:spring-content-commons:jar:1.2.5-SNAPSHOT is missing, no dependency information available
[INFO] Downloading from snapshots: https://oss.sonatype.org/content/repositories/snapshots/org/springframework/data/spring-data-jpa/2.4.8/spring-data-jpa-2.4.8.pom
[INFO] Downloading from central: https://repo.maven.apache.org/maven2/org/springframework/data/spring-data-jpa/2.4.8/spring-data-jpa-2.4.8.pom
[INFO] Downloaded from central: https://repo.maven.apache.org/maven2/org/springframework/data/spring-data-jpa/2.4.8/spring-data-jpa-2.4.8.pom (13 kB at 1.2 MB/s)
[INFO] Downloading from snapshots: https://oss.sonatype.org/content/repositories/snapshots/org/springframework/data/build/spring-data-parent/2.4.8/spring-data-parent-2.4.8.pom
[INFO] Downloading from central: https://repo.maven.apache.org/maven2/org/springframework/data/build/spring-data-parent/2.4.8/spring-data-parent-2.4.8.pom
[INFO] Downloaded from central: https://repo.maven.apache.org/maven2/org/springframework/data/build/spring-data-parent/2.4.8/spring-data-parent-2.4.8.pom (37 kB at 2.9 MB/s)
[INFO] Downloading from snapshots: https://oss.sonatype.org/content/repositories/snapshots/org/springframework/data/build/spring-data-build/2.4.8/spring-data-build-2.4.8.pom
[INFO] Downloading from central: https://repo.maven.apache.org/maven2/org/springframework/data/build/spring-data-build/2.4.8/spring-data-build-2.4.8.pom
[INFO] Downloaded from central: https://repo.maven.apache.org/maven2/org/springframework/data/build/spring-data-build/2.4.8/spring-data-build-2.4.8.pom (6.9 kB at 496 kB/s)
[INFO] Downloading from snapshots: https://oss.sonatype.org/content/repositories/snapshots/org/springframework/data/spring-data-commons/2.4.8/spring-data-commons-2.4.8.pom
[INFO] Downloading from central: https://repo.maven.apache.org/maven2/org/springframework/data/spring-data-commons/2.4.8/spring-data-commons-2.4.8.pom
[INFO] Downloaded from central: https://repo.maven.apache.org/maven2/org/springframework/data/spring-data-commons/2.4.8/spring-data-commons-2.4.8.pom (9.4 kB at 523 kB/s)
[INFO] Downloading from snapshots: https://oss.sonatype.org/content/repositories/snapshots/org/springframework/spring-core/5.3.6/spring-core-5.3.6.pom
[INFO] Downloading from central: https://repo.maven.apache.org/maven2/org/springframework/spring-core/5.3.6/spring-core-5.3.6.pom
[INFO] Downloaded from central: https://repo.maven.apache.org/maven2/org/springframework/spring-core/5.3.6/spring-core-5.3.6.pom (2.0 kB at 183 kB/s)
[INFO] Downloading from snapshots: https://oss.sonatype.org/content/repositories/snapshots/org/springframework/spring-jcl/5.3.6/spring-jcl-5.3.6.pom
[INFO] Downloading from central: https://repo.maven.apache.org/maven2/org/springframework/spring-jcl/5.3.6/spring-jcl-5.3.6.pom
[INFO] Downloaded from central: https://repo.maven.apache.org/maven2/org/springframework/spring-jcl/5.3.6/spring-jcl-5.3.6.pom (1.8 kB at 229 kB/s)
[INFO] Downloading from snapshots: https://oss.sonatype.org/content/repositories/snapshots/org/springframework/spring-beans/5.3.6/spring-beans-5.3.6.pom
[INFO] Downloading from central: https://repo.maven.apache.org/maven2/org/springframework/spring-beans/5.3.6/spring-beans-5.3.6.pom
[INFO] Downloaded from central: https://repo.maven.apache.org/maven2/org/springframework/spring-beans/5.3.6/spring-beans-5.3.6.pom (2.0 kB at 202 kB/s)
[INFO] Downloading from snapshots: https://oss.sonatype.org/content/repositories/snapshots/org/springframework/spring-orm/5.3.6/spring-orm-5.3.6.pom
[INFO] Downloading from central: https://repo.maven.apache.org/maven2/org/springframework/spring-orm/5.3.6/spring-orm-5.3.6.pom
[INFO] Downloaded from central: https://repo.maven.apache.org/maven2/org/springframework/spring-orm/5.3.6/spring-orm-5.3.6.pom (2.6 kB at 163 kB/s)
[INFO] Downloading from snapshots: https://oss.sonatype.org/content/repositories/snapshots/org/springframework/spring-jdbc/5.3.6/spring-jdbc-5.3.6.pom
[INFO] Downloading from central: https://repo.maven.apache.org/maven2/org/springframework/spring-jdbc/5.3.6/spring-jdbc-5.3.6.pom
[INFO] Downloaded from central: https://repo.maven.apache.org/maven2/org/springframework/spring-jdbc/5.3.6/spring-jdbc-5.3.6.pom (2.4 kB at 198 kB/s)
[INFO] Downloading from snapshots: https://oss.sonatype.org/content/repositories/snapshots/org/springframework/spring-tx/5.3.6/spring-tx-5.3.6.pom
[INFO] Downloading from central: https://repo.maven.apache.org/maven2/org/springframework/spring-tx/5.3.6/spring-tx-5.3.6.pom
[INFO] Downloaded from central: https://repo.maven.apache.org/maven2/org/springframework/spring-tx/5.3.6/spring-tx-5.3.6.pom (2.2 kB at 138 kB/s)
[INFO] Downloading from snapshots: https://oss.sonatype.org/content/repositories/snapshots/org/springframework/spring-context/5.3.6/spring-context-5.3.6.pom
[INFO] Downloading from central: https://repo.maven.apache.org/maven2/org/springframework/spring-context/5.3.6/spring-context-5.3.6.pom
[INFO] Downloaded from central: https://repo.maven.apache.org/maven2/org/springframework/spring-context/5.3.6/spring-context-5.3.6.pom (2.6 kB at 287 kB/s)
[INFO] Downloading from snapshots: https://oss.sonatype.org/content/repositories/snapshots/org/springframework/spring-aop/5.3.6/spring-aop-5.3.6.pom
[INFO] Downloading from central: https://repo.maven.apache.org/maven2/org/springframework/spring-aop/5.3.6/spring-aop-5.3.6.pom
[INFO] Downloaded from central: https://repo.maven.apache.org/maven2/org/springframework/spring-aop/5.3.6/spring-aop-5.3.6.pom (2.2 kB at 146 kB/s)
[INFO] Downloading from snapshots: https://oss.sonatype.org/content/repositories/snapshots/org/springframework/spring-expression/5.3.6/spring-expression-5.3.6.pom
[INFO] Downloading from central: https://repo.maven.apache.org/maven2/org/springframework/spring-expression/5.3.6/spring-expression-5.3.6.pom
[INFO] Downloaded from central: https://repo.maven.apache.org/maven2/org/springframework/spring-expression/5.3.6/spring-expression-5.3.6.pom (2.1 kB at 115 kB/s)
[INFO] Downloading from snapshots: https://oss.sonatype.org/content/repositories/snapshots/org/springframework/data/spring-data-mongodb/3.1.8/spring-data-mongodb-3.1.8.pom
[INFO] Downloading from central: https://repo.maven.apache.org/maven2/org/springframework/data/spring-data-mongodb/3.1.8/spring-data-mongodb-3.1.8.pom
[INFO] Downloaded from central: https://repo.maven.apache.org/maven2/org/springframework/data/spring-data-mongodb/3.1.8/spring-data-mongodb-3.1.8.pom (9.5 kB at 1.1 MB/s)
[INFO] Downloading from snapshots: https://oss.sonatype.org/content/repositories/snapshots/org/springframework/data/spring-data-mongodb-parent/3.1.8/spring-data-mongodb-parent-3.1.8.pom
[INFO] Downloading from central: https://repo.maven.apache.org/maven2/org/springframework/data/spring-data-mongodb-parent/3.1.8/spring-data-mongodb-parent-3.1.8.pom
[INFO] Downloaded from central: https://repo.maven.apache.org/maven2/org/springframework/data/spring-data-mongodb-parent/3.1.8/spring-data-mongodb-parent-3.1.8.pom (4.6 kB at 352 kB/s)
[INFO] Downloading from snapshots: https://oss.sonatype.org/content/repositories/snapshots/org/mongodb/mongodb-driver-core/4.1.2/mongodb-driver-core-4.1.2.pom
[INFO] Downloading from central: https://repo.maven.apache.org/maven2/org/mongodb/mongodb-driver-core/4.1.2/mongodb-driver-core-4.1.2.pom
[INFO] Downloaded from central: https://repo.maven.apache.org/maven2/org/mongodb/mongodb-driver-core/4.1.2/mongodb-driver-core-4.1.2.pom (3.1 kB at 342 kB/s)
[INFO] Downloading from snapshots: https://oss.sonatype.org/content/repositories/snapshots/org/mongodb/bson/4.1.2/bson-4.1.2.pom
[INFO] Downloading from central: https://repo.maven.apache.org/maven2/org/mongodb/bson/4.1.2/bson-4.1.2.pom
[INFO] Downloaded from central: https://repo.maven.apache.org/maven2/org/mongodb/bson/4.1.2/bson-4.1.2.pom (1.3 kB at 142 kB/s)
[INFO] Downloading from snapshots: https://oss.sonatype.org/content/repositories/snapshots/org/mongodb/mongodb-driver-sync/4.1.2/mongodb-driver-sync-4.1.2.pom
[INFO] Downloading from central: https://repo.maven.apache.org/maven2/org/mongodb/mongodb-driver-sync/4.1.2/mongodb-driver-sync-4.1.2.pom
[INFO] Downloaded from central: https://repo.maven.apache.org/maven2/org/mongodb/mongodb-driver-sync/4.1.2/mongodb-driver-sync-4.1.2.pom (1.7 kB at 209 kB/s)
[INFO] Downloading from snapshots: https://oss.sonatype.org/content/repositories/snapshots/org/springframework/data/spring-data-rest-webmvc/3.4.8/spring-data-rest-webmvc-3.4.8.pom
[INFO] Downloading from central: https://repo.maven.apache.org/maven2/org/springframework/data/spring-data-rest-webmvc/3.4.8/spring-data-rest-webmvc-3.4.8.pom
[INFO] Downloaded from central: https://repo.maven.apache.org/maven2/org/springframework/data/spring-data-rest-webmvc/3.4.8/spring-data-rest-webmvc-3.4.8.pom (3.3 kB at 31 kB/s)
[INFO] Downloading from snapshots: https://oss.sonatype.org/content/repositories/snapshots/org/springframework/data/spring-data-rest-parent/3.4.8/spring-data-rest-parent-3.4.8.pom
[INFO] Downloading from central: https://repo.maven.apache.org/maven2/org/springframework/data/spring-data-rest-parent/3.4.8/spring-data-rest-parent-3.4.8.pom
[INFO] Downloaded from central: https://repo.maven.apache.org/maven2/org/springframework/data/spring-data-rest-parent/3.4.8/spring-data-rest-parent-3.4.8.pom (4.5 kB at 82 kB/s)
[INFO] Downloading from snapshots: https://oss.sonatype.org/content/repositories/snapshots/org/springframework/data/spring-data-rest-core/3.4.8/spring-data-rest-core-3.4.8.pom
[INFO] Downloading from central: https://repo.maven.apache.org/maven2/org/springframework/data/spring-data-rest-core/3.4.8/spring-data-rest-core-3.4.8.pom
[INFO] Downloaded from central: https://repo.maven.apache.org/maven2/org/springframework/data/spring-data-rest-core/3.4.8/spring-data-rest-core-3.4.8.pom (2.7 kB at 23 kB/s)
[INFO] Downloading from snapshots: https://oss.sonatype.org/content/repositories/snapshots/org/springframework/hateoas/spring-hateoas/1.2.5/spring-hateoas-1.2.5.pom
[INFO] Downloading from central: https://repo.maven.apache.org/maven2/org/springframework/hateoas/spring-hateoas/1.2.5/spring-hateoas-1.2.5.pom
[INFO] Downloaded from central: https://repo.maven.apache.org/maven2/org/springframework/hateoas/spring-hateoas/1.2.5/spring-hateoas-1.2.5.pom (33 kB at 2.8 MB/s)
[INFO] Downloading from snapshots: https://oss.sonatype.org/content/repositories/snapshots/io/projectreactor/reactor-bom/2020.0.4/reactor-bom-2020.0.4.pom
[INFO] Downloading from central: https://repo.maven.apache.org/maven2/io/projectreactor/reactor-bom/2020.0.4/reactor-bom-2020.0.4.pom
[INFO] Downloaded from central: https://repo.maven.apache.org/maven2/io/projectreactor/reactor-bom/2020.0.4/reactor-bom-2020.0.4.pom (4.5 kB at 376 kB/s)
[INFO] Downloading from snapshots: https://oss.sonatype.org/content/repositories/snapshots/org/jetbrains/kotlinx/kotlinx-coroutines-bom/1.4.0/kotlinx-coroutines-bom-1.4.0.pom
[INFO] Downloading from central: https://repo.maven.apache.org/maven2/org/jetbrains/kotlinx/kotlinx-coroutines-bom/1.4.0/kotlinx-coroutines-bom-1.4.0.pom
[INFO] Downloaded from central: https://repo.maven.apache.org/maven2/org/jetbrains/kotlinx/kotlinx-coroutines-bom/1.4.0/kotlinx-coroutines-bom-1.4.0.pom (4.1 kB at 152 kB/s)
[INFO] Downloading from snapshots: https://oss.sonatype.org/content/repositories/snapshots/org/springframework/spring-web/5.3.6/spring-web-5.3.6.pom
[INFO] Downloading from central: https://repo.maven.apache.org/maven2/org/springframework/spring-web/5.3.6/spring-web-5.3.6.pom
[INFO] Downloaded from central: https://repo.maven.apache.org/maven2/org/springframework/spring-web/5.3.6/spring-web-5.3.6.pom (2.2 kB at 274 kB/s)
[INFO] Downloading from snapshots: https://oss.sonatype.org/content/repositories/snapshots/org/springframework/spring-webmvc/5.3.6/spring-webmvc-5.3.6.pom
[INFO] Downloading from central: https://repo.maven.apache.org/maven2/org/springframework/spring-webmvc/5.3.6/spring-webmvc-5.3.6.pom
[INFO] Downloaded from central: https://repo.maven.apache.org/maven2/org/springframework/spring-webmvc/5.3.6/spring-webmvc-5.3.6.pom (2.9 kB at 327 kB/s)
[INFO] Downloading from snapshots: https://oss.sonatype.org/content/repositories/snapshots/org/springframework/boot/spring-boot-starter-test/2.4.5/spring-boot-starter-test-2.4.5.pom
[INFO] Downloading from central: https://repo.maven.apache.org/maven2/org/springframework/boot/spring-boot-starter-test/2.4.5/spring-boot-starter-test-2.4.5.pom
[INFO] Downloaded from central: https://repo.maven.apache.org/maven2/org/springframework/boot/spring-boot-starter-test/2.4.5/spring-boot-starter-test-2.4.5.pom (4.7 kB at 524 kB/s)
[INFO] Downloading from snapshots: https://oss.sonatype.org/content/repositories/snapshots/org/springframework/boot/spring-boot-starter/2.4.5/spring-boot-starter-2.4.5.pom
[INFO] Downloading from central: https://repo.maven.apache.org/maven2/org/springframework/boot/spring-boot-starter/2.4.5/spring-boot-starter-2.4.5.pom
[INFO] Downloaded from central: https://repo.maven.apache.org/maven2/org/springframework/boot/spring-boot-starter/2.4.5/spring-boot-starter-2.4.5.pom (3.1 kB at 340 kB/s)
[INFO] Downloading from snapshots: https://oss.sonatype.org/content/repositories/snapshots/org/springframework/boot/spring-boot/2.4.5/spring-boot-2.4.5.pom
[INFO] Downloading from central: https://repo.maven.apache.org/maven2/org/springframework/boot/spring-boot/2.4.5/spring-boot-2.4.5.pom
[INFO] Downloaded from central: https://repo.maven.apache.org/maven2/org/springframework/boot/spring-boot/2.4.5/spring-boot-2.4.5.pom (2.2 kB at 246 kB/s)
[INFO] Downloading from snapshots: https://oss.sonatype.org/content/repositories/snapshots/org/springframework/boot/spring-boot-autoconfigure/2.4.5/spring-boot-autoconfigure-2.4.5.pom
[INFO] Downloading from central: https://repo.maven.apache.org/maven2/org/springframework/boot/spring-boot-autoconfigure/2.4.5/spring-boot-autoconfigure-2.4.5.pom
[INFO] Downloaded from central: https://repo.maven.apache.org/maven2/org/springframework/boot/spring-boot-autoconfigure/2.4.5/spring-boot-autoconfigure-2.4.5.pom (2.1 kB at 173 kB/s)
[INFO] Downloading from snapshots: https://oss.sonatype.org/content/repositories/snapshots/org/springframework/boot/spring-boot-starter-logging/2.4.5/spring-boot-starter-logging-2.4.5.pom
[INFO] Downloading from central: https://repo.maven.apache.org/maven2/org/springframework/boot/spring-boot-starter-logging/2.4.5/spring-boot-starter-logging-2.4.5.pom
[INFO] Downloaded from central: https://repo.maven.apache.org/maven2/org/springframework/boot/spring-boot-starter-logging/2.4.5/spring-boot-starter-logging-2.4.5.pom (2.5 kB at 207 kB/s)
[INFO] Downloading from snapshots: https://oss.sonatype.org/content/repositories/snapshots/org/springframework/boot/spring-boot-test/2.4.5/spring-boot-test-2.4.5.pom
[INFO] Downloading from central: https://repo.maven.apache.org/maven2/org/springframework/boot/spring-boot-test/2.4.5/spring-boot-test-2.4.5.pom
[INFO] Downloaded from central: https://repo.maven.apache.org/maven2/org/springframework/boot/spring-boot-test/2.4.5/spring-boot-test-2.4.5.pom (2.1 kB at 228 kB/s)
[INFO] Downloading from snapshots: https://oss.sonatype.org/content/repositories/snapshots/org/springframework/boot/spring-boot-test-autoconfigure/2.4.5/spring-boot-test-autoconfigure-2.4.5.pom
[INFO] Downloading from central: https://repo.maven.apache.org/maven2/org/springframework/boot/spring-boot-test-autoconfigure/2.4.5/spring-boot-test-autoconfigure-2.4.5.pom
[INFO] Downloaded from central: https://repo.maven.apache.org/maven2/org/springframework/boot/spring-boot-test-autoconfigure/2.4.5/spring-boot-test-autoconfigure-2.4.5.pom (2.5 kB at 108 kB/s)
[INFO] Downloading from snapshots: https://oss.sonatype.org/content/repositories/snapshots/org/junit/jupiter/junit-jupiter/5.7.1/junit-jupiter-5.7.1.pom
[INFO] Downloading from central: https://repo.maven.apache.org/maven2/org/junit/jupiter/junit-jupiter/5.7.1/junit-jupiter-5.7.1.pom
[INFO] Downloaded from central: https://repo.maven.apache.org/maven2/org/junit/jupiter/junit-jupiter/5.7.1/junit-jupiter-5.7.1.pom (3.2 kB at 400 kB/s)
[INFO] Downloading from snapshots: https://oss.sonatype.org/content/repositories/snapshots/org/springframework/spring-test/5.3.6/spring-test-5.3.6.pom
[INFO] Downloading from central: https://repo.maven.apache.org/maven2/org/springframework/spring-test/5.3.6/spring-test-5.3.6.pom
[INFO] Downloaded from central: https://repo.maven.apache.org/maven2/org/springframework/spring-test/5.3.6/spring-test-5.3.6.pom (2.0 kB at 158 kB/s)
[INFO] Downloading from snapshots: https://oss.sonatype.org/content/repositories/snapshots/com/github/paulcwarren/spring-content-rest/1.2.5-SNAPSHOT/maven-metadata.xml
[INFO] Downloading from snapshots: https://oss.sonatype.org/content/repositories/snapshots/com/github/paulcwarren/spring-content-rest/1.2.5-SNAPSHOT/spring-content-rest-1.2.5-SNAPSHOT.pom
[WARNING] The POM for com.github.paulcwarren:spring-content-rest:jar:1.2.5-SNAPSHOT is missing, no dependency information available
[INFO] Downloading from snapshots: https://oss.sonatype.org/content/repositories/snapshots/com/github/paulcwarren/spring-content-commons/1.2.5-SNAPSHOT/spring-content-commons-1.2.5-SNAPSHOT.jar
[INFO] Downloading from snapshots: https://oss.sonatype.org/content/repositories/snapshots/org/springframework/data/spring-data-jpa/2.4.8/spring-data-jpa-2.4.8.jar
[INFO] Downloading from snapshots: https://oss.sonatype.org/content/repositories/snapshots/org/springframework/data/spring-data-commons/2.4.8/spring-data-commons-2.4.8.jar
[INFO] Downloading from snapshots: https://oss.sonatype.org/content/repositories/snapshots/org/springframework/spring-orm/5.3.6/spring-orm-5.3.6.jar
[INFO] Downloading from snapshots: https://oss.sonatype.org/content/repositories/snapshots/org/springframework/spring-jdbc/5.3.6/spring-jdbc-5.3.6.jar
[INFO] Downloading from snapshots: https://oss.sonatype.org/content/repositories/snapshots/org/springframework/spring-context/5.3.6/spring-context-5.3.6.jar
[INFO] Downloading from snapshots: https://oss.sonatype.org/content/repositories/snapshots/org/springframework/spring-aop/5.3.6/spring-aop-5.3.6.jar
[INFO] Downloading from snapshots: https://oss.sonatype.org/content/repositories/snapshots/org/springframework/spring-tx/5.3.6/spring-tx-5.3.6.jar
[INFO] Downloading from snapshots: https://oss.sonatype.org/content/repositories/snapshots/org/springframework/spring-beans/5.3.6/spring-beans-5.3.6.jar
[INFO] Downloading from snapshots: https://oss.sonatype.org/content/repositories/snapshots/org/springframework/spring-core/5.3.6/spring-core-5.3.6.jar
[INFO] Downloading from snapshots: https://oss.sonatype.org/content/repositories/snapshots/org/springframework/spring-jcl/5.3.6/spring-jcl-5.3.6.jar
[INFO] Downloading from snapshots: https://oss.sonatype.org/content/repositories/snapshots/org/springframework/data/spring-data-mongodb/3.1.8/spring-data-mongodb-3.1.8.jar
[INFO] Downloading from snapshots: https://oss.sonatype.org/content/repositories/snapshots/org/springframework/spring-expression/5.3.6/spring-expression-5.3.6.jar
[INFO] Downloading from snapshots: https://oss.sonatype.org/content/repositories/snapshots/org/mongodb/mongodb-driver-core/4.1.2/mongodb-driver-core-4.1.2.jar
[INFO] Downloading from snapshots: https://oss.sonatype.org/content/repositories/snapshots/org/mongodb/bson/4.1.2/bson-4.1.2.jar
[INFO] Downloading from snapshots: https://oss.sonatype.org/content/repositories/snapshots/org/mongodb/mongodb-driver-sync/4.1.2/mongodb-driver-sync-4.1.2.jar
[INFO] Downloading from snapshots: https://oss.sonatype.org/content/repositories/snapshots/org/springframework/data/spring-data-rest-webmvc/3.4.8/spring-data-rest-webmvc-3.4.8.jar
[INFO] Downloading from snapshots: https://oss.sonatype.org/content/repositories/snapshots/org/springframework/data/spring-data-rest-core/3.4.8/spring-data-rest-core-3.4.8.jar
[INFO] Downloading from snapshots: https://oss.sonatype.org/content/repositories/snapshots/org/springframework/hateoas/spring-hateoas/1.2.5/spring-hateoas-1.2.5.jar
[INFO] Downloading from snapshots: https://oss.sonatype.org/content/repositories/snapshots/org/springframework/spring-webmvc/5.3.6/spring-webmvc-5.3.6.jar
[INFO] Downloading from snapshots: https://oss.sonatype.org/content/repositories/snapshots/org/springframework/spring-web/5.3.6/spring-web-5.3.6.jar
[INFO] Downloading from snapshots: https://oss.sonatype.org/content/repositories/snapshots/org/springframework/boot/spring-boot-starter-test/2.4.5/spring-boot-starter-test-2.4.5.jar
[INFO] Downloading from snapshots: https://oss.sonatype.org/content/repositories/snapshots/org/springframework/boot/spring-boot-starter/2.4.5/spring-boot-starter-2.4.5.jar
[INFO] Downloading from snapshots: https://oss.sonatype.org/content/repositories/snapshots/org/springframework/boot/spring-boot/2.4.5/spring-boot-2.4.5.jar
[INFO] Downloading from snapshots: https://oss.sonatype.org/content/repositories/snapshots/org/springframework/boot/spring-boot-autoconfigure/2.4.5/spring-boot-autoconfigure-2.4.5.jar
[INFO] Downloading from snapshots: https://oss.sonatype.org/content/repositories/snapshots/org/springframework/boot/spring-boot-starter-logging/2.4.5/spring-boot-starter-logging-2.4.5.jar
[INFO] Downloading from snapshots: https://oss.sonatype.org/content/repositories/snapshots/org/springframework/boot/spring-boot-test/2.4.5/spring-boot-test-2.4.5.jar
[INFO] Downloading from snapshots: https://oss.sonatype.org/content/repositories/snapshots/org/springframework/boot/spring-boot-test-autoconfigure/2.4.5/spring-boot-test-autoconfigure-2.4.5.jar
[INFO] Downloading from snapshots: https://oss.sonatype.org/content/repositories/snapshots/org/junit/jupiter/junit-jupiter/5.7.1/junit-jupiter-5.7.1.jar
[INFO] Downloading from snapshots: https://oss.sonatype.org/content/repositories/snapshots/org/springframework/spring-test/5.3.6/spring-test-5.3.6.jar
[INFO] Downloading from snapshots: https://oss.sonatype.org/content/repositories/snapshots/com/github/paulcwarren/spring-content-rest/1.2.5-SNAPSHOT/spring-content-rest-1.2.5-SNAPSHOT.jar
[INFO] Downloading from snapshots: https://oss.sonatype.org/content/repositories/snapshots/org/testcontainers/mongodb/1.15.3/mongodb-1.15.3.jar
[INFO] Downloading from central: https://repo.maven.apache.org/maven2/org/springframework/data/spring-data-jpa/2.4.8/spring-data-jpa-2.4.8.jar
[INFO] Downloading from central: https://repo.maven.apache.org/maven2/org/springframework/data/spring-data-commons/2.4.8/spring-data-commons-2.4.8.jar
[INFO] Downloading from central: https://repo.maven.apache.org/maven2/org/springframework/spring-orm/5.3.6/spring-orm-5.3.6.jar
[INFO] Downloading from central: https://repo.maven.apache.org/maven2/org/springframework/spring-jdbc/5.3.6/spring-jdbc-5.3.6.jar
[INFO] Downloading from central: https://repo.maven.apache.org/maven2/org/springframework/spring-context/5.3.6/spring-context-5.3.6.jar
[INFO] Downloaded from central: https://repo.maven.apache.org/maven2/org/springframework/spring-orm/5.3.6/spring-orm-5.3.6.jar (200 kB at 5.4 MB/s)
[INFO] Downloading from central: https://repo.maven.apache.org/maven2/org/springframework/spring-aop/5.3.6/spring-aop-5.3.6.jar
[INFO] Downloaded from central: https://repo.maven.apache.org/maven2/org/springframework/data/spring-data-jpa/2.4.8/spring-data-jpa-2.4.8.jar (369 kB at 7.5 MB/s)
[INFO] Downloading from central: https://repo.maven.apache.org/maven2/org/springframework/spring-tx/5.3.6/spring-tx-5.3.6.jar
[INFO] Downloaded from central: https://repo.maven.apache.org/maven2/org/springframework/spring-jdbc/5.3.6/spring-jdbc-5.3.6.jar (417 kB at 7.7 MB/s)
[INFO] Downloading from central: https://repo.maven.apache.org/maven2/org/springframework/spring-beans/5.3.6/spring-beans-5.3.6.jar
[INFO] Downloaded from central: https://repo.maven.apache.org/maven2/org/springframework/spring-aop/5.3.6/spring-aop-5.3.6.jar (375 kB at 6.2 MB/s)
[INFO] Downloading from central: https://repo.maven.apache.org/maven2/org/springframework/spring-core/5.3.6/spring-core-5.3.6.jar
[INFO] Downloaded from central: https://repo.maven.apache.org/maven2/org/springframework/spring-tx/5.3.6/spring-tx-5.3.6.jar (327 kB at 4.4 MB/s)
[INFO] Downloading from central: https://repo.maven.apache.org/maven2/org/springframework/spring-jcl/5.3.6/spring-jcl-5.3.6.jar
[INFO] Downloaded from central: https://repo.maven.apache.org/maven2/org/springframework/spring-jcl/5.3.6/spring-jcl-5.3.6.jar (24 kB at 292 kB/s)
[INFO] Downloading from central: https://repo.maven.apache.org/maven2/org/springframework/data/spring-data-mongodb/3.1.8/spring-data-mongodb-3.1.8.jar
[INFO] Downloaded from central: https://repo.maven.apache.org/maven2/org/springframework/spring-context/5.3.6/spring-context-5.3.6.jar (1.2 MB at 15 MB/s)
[INFO] Downloading from central: https://repo.maven.apache.org/maven2/org/springframework/spring-expression/5.3.6/spring-expression-5.3.6.jar
[INFO] Downloaded from central: https://repo.maven.apache.org/maven2/org/springframework/data/spring-data-commons/2.4.8/spring-data-commons-2.4.8.jar (1.2 MB at 15 MB/s)
[INFO] Downloading from central: https://repo.maven.apache.org/maven2/org/mongodb/mongodb-driver-core/4.1.2/mongodb-driver-core-4.1.2.jar
[INFO] Downloaded from central: https://repo.maven.apache.org/maven2/org/springframework/spring-beans/5.3.6/spring-beans-5.3.6.jar (696 kB at 7.7 MB/s)
[INFO] Downloading from central: https://repo.maven.apache.org/maven2/org/mongodb/bson/4.1.2/bson-4.1.2.jar
[INFO] Downloaded from central: https://repo.maven.apache.org/maven2/org/springframework/spring-expression/5.3.6/spring-expression-5.3.6.jar (283 kB at 2.8 MB/s)
[INFO] Downloading from central: https://repo.maven.apache.org/maven2/org/mongodb/mongodb-driver-sync/4.1.2/mongodb-driver-sync-4.1.2.jar
[INFO] Downloaded from central: https://repo.maven.apache.org/maven2/org/mongodb/mongodb-driver-sync/4.1.2/mongodb-driver-sync-4.1.2.jar (137 kB at 1.2 MB/s)
[INFO] Downloading from central: https://repo.maven.apache.org/maven2/org/springframework/data/spring-data-rest-webmvc/3.4.8/spring-data-rest-webmvc-3.4.8.jar
[INFO] Downloaded from central: https://repo.maven.apache.org/maven2/org/springframework/spring-core/5.3.6/spring-core-5.3.6.jar (1.5 MB at 13 MB/s)
[INFO] Downloading from central: https://repo.maven.apache.org/maven2/org/springframework/data/spring-data-rest-core/3.4.8/spring-data-rest-core-3.4.8.jar
[INFO] Downloaded from central: https://repo.maven.apache.org/maven2/org/springframework/data/spring-data-rest-webmvc/3.4.8/spring-data-rest-webmvc-3.4.8.jar (342 kB at 2.6 MB/s)
[INFO] Downloading from central: https://repo.maven.apache.org/maven2/org/springframework/hateoas/spring-hateoas/1.2.5/spring-hateoas-1.2.5.jar
[INFO] Downloaded from central: https://repo.maven.apache.org/maven2/org/mongodb/bson/4.1.2/bson-4.1.2.jar (492 kB at 3.8 MB/s)
[INFO] Downloading from central: https://repo.maven.apache.org/maven2/org/springframework/spring-webmvc/5.3.6/spring-webmvc-5.3.6.jar
[INFO] Downloaded from central: https://repo.maven.apache.org/maven2/org/springframework/data/spring-data-mongodb/3.1.8/spring-data-mongodb-3.1.8.jar (1.9 MB at 12 MB/s)
[INFO] Downloading from central: https://repo.maven.apache.org/maven2/org/springframework/spring-web/5.3.6/spring-web-5.3.6.jar
[INFO] Downloaded from central: https://repo.maven.apache.org/maven2/org/mongodb/mongodb-driver-core/4.1.2/mongodb-driver-core-4.1.2.jar (1.7 MB at 10 MB/s)
[INFO] Downloading from central: https://repo.maven.apache.org/maven2/org/springframework/boot/spring-boot-starter-test/2.4.5/spring-boot-starter-test-2.4.5.jar
[INFO] Downloaded from central: https://repo.maven.apache.org/maven2/org/springframework/hateoas/spring-hateoas/1.2.5/spring-hateoas-1.2.5.jar (554 kB at 3.4 MB/s)
[INFO] Downloading from central: https://repo.maven.apache.org/maven2/org/springframework/boot/spring-boot-starter/2.4.5/spring-boot-starter-2.4.5.jar
[INFO] Downloaded from central: https://repo.maven.apache.org/maven2/org/springframework/boot/spring-boot-starter-test/2.4.5/spring-boot-starter-test-2.4.5.jar (4.8 kB at 29 kB/s)
[INFO] Downloading from central: https://repo.maven.apache.org/maven2/org/springframework/boot/spring-boot/2.4.5/spring-boot-2.4.5.jar
[INFO] Downloaded from central: https://repo.maven.apache.org/maven2/org/springframework/spring-webmvc/5.3.6/spring-webmvc-5.3.6.jar (1.0 MB at 6.0 MB/s)
[INFO] Downloading from central: https://repo.maven.apache.org/maven2/org/springframework/boot/spring-boot-autoconfigure/2.4.5/spring-boot-autoconfigure-2.4.5.jar
[INFO] Downloaded from central: https://repo.maven.apache.org/maven2/org/springframework/boot/spring-boot-starter/2.4.5/spring-boot-starter-2.4.5.jar (4.8 kB at 28 kB/s)
[INFO] Downloading from central: https://repo.maven.apache.org/maven2/org/springframework/boot/spring-boot-starter-logging/2.4.5/spring-boot-starter-logging-2.4.5.jar
[INFO] Downloaded from central: https://repo.maven.apache.org/maven2/org/springframework/boot/spring-boot-starter-logging/2.4.5/spring-boot-starter-logging-2.4.5.jar (4.8 kB at 26 kB/s)
[INFO] Downloading from central: https://repo.maven.apache.org/maven2/org/springframework/boot/spring-boot-test/2.4.5/spring-boot-test-2.4.5.jar
[INFO] Downloaded from central: https://repo.maven.apache.org/maven2/org/springframework/boot/spring-boot/2.4.5/spring-boot-2.4.5.jar (1.3 MB at 6.7 MB/s)
[INFO] Downloading from central: https://repo.maven.apache.org/maven2/org/springframework/boot/spring-boot-test-autoconfigure/2.4.5/spring-boot-test-autoconfigure-2.4.5.jar
[INFO] Downloaded from central: https://repo.maven.apache.org/maven2/org/springframework/boot/spring-boot-test/2.4.5/spring-boot-test-2.4.5.jar (219 kB at 1.1 MB/s)
[INFO] Downloading from central: https://repo.maven.apache.org/maven2/org/junit/jupiter/junit-jupiter/5.7.1/junit-jupiter-5.7.1.jar
[INFO] Downloaded from central: https://repo.maven.apache.org/maven2/org/springframework/boot/spring-boot-test-autoconfigure/2.4.5/spring-boot-test-autoconfigure-2.4.5.jar (182 kB at 868 kB/s)
[INFO] Downloading from central: https://repo.maven.apache.org/maven2/org/springframework/spring-test/5.3.6/spring-test-5.3.6.jar
[INFO] Downloaded from central: https://repo.maven.apache.org/maven2/org/junit/jupiter/junit-jupiter/5.7.1/junit-jupiter-5.7.1.jar (6.4 kB at 30 kB/s)
[INFO] Downloading from central: https://repo.maven.apache.org/maven2/org/testcontainers/mongodb/1.15.3/mongodb-1.15.3.jar
[INFO] Downloaded from central: https://repo.maven.apache.org/maven2/org/springframework/spring-web/5.3.6/spring-web-5.3.6.jar (1.6 MB at 7.4 MB/s)
[INFO] Downloaded from central: https://repo.maven.apache.org/maven2/org/springframework/boot/spring-boot-autoconfigure/2.4.5/spring-boot-autoconfigure-2.4.5.jar (1.5 MB at 7.0 MB/s)
[INFO] Downloaded from central: https://repo.maven.apache.org/maven2/org/testcontainers/mongodb/1.15.3/mongodb-1.15.3.jar (4.1 kB at 18 kB/s)
[INFO] Downloaded from central: https://repo.maven.apache.org/maven2/org/springframework/spring-test/5.3.6/spring-test-5.3.6.jar (766 kB at 3.3 MB/s)
[INFO] Downloaded from central: https://repo.maven.apache.org/maven2/org/springframework/data/spring-data-rest-core/3.4.8/spring-data-rest-core-3.4.8.jar (147 kB at 598 kB/s)
[INFO] ------------------------------------------------------------------------
[INFO] Reactor Summary for Spring Content Examples 0.0.1-SNAPSHOT:
[INFO] 
[INFO] Spring Content Examples ............................ SUCCESS [  0.030 s]
[INFO] spring-eg-content-commons .......................... FAILURE [  7.007 s]
[INFO] spring-eg-content-azure-storage .................... SKIPPED
[INFO] spring-eg-content-elasticsearch .................... SKIPPED
[INFO] spring-eg-content-fs ............................... SKIPPED
[INFO] spring-eg-content-fs-boot-starter .................. SKIPPED
[INFO] spring-eg-content-fs-rest .......................... SKIPPED
[INFO] spring-eg-content-mongo ............................ SKIPPED
[INFO] spring-eg-content-mongo-boot-starter ............... SKIPPED
[INFO] spring-eg-content-jpa .............................. SKIPPED
[INFO] spring-eg-content-jpa-boot-starter ................. SKIPPED
[INFO] spring-eg-content-s3 ............................... SKIPPED
[INFO] spring-eg-content-gcs .............................. SKIPPED
[INFO] spring-eg-content-s3-boot-starter .................. SKIPPED
[INFO] spring-eg-content-s3-rest .......................... SKIPPED
[INFO] spring-eg-content-renditions ....................... SKIPPED
[INFO] spring-eg-content-hypermedia ....................... SKIPPED
[INFO] spring-eg-content-solr-boot-starter ................ SKIPPED
[INFO] spring-eg-content-solr ............................. SKIPPED
[INFO] spring-eg-versions-jpa ............................. SKIPPED
[INFO] spring-eg-versions-jpa-boot-starter ................ SKIPPED
[INFO] spring-eg-content-cmis ............................. SKIPPED
[INFO] ------------------------------------------------------------------------
[INFO] BUILD FAILURE
[INFO] ------------------------------------------------------------------------
[INFO] Total time:  10.749 s
[INFO] Finished at: 2023-02-07T12:03:52Z
[INFO] ------------------------------------------------------------------------
[ERROR] Failed to execute goal on project spring-eg-content-commons: Could not resolve dependencies for project com.github.paulcwarren:spring-eg-content-commons:jar:0.0.1-SNAPSHOT: The following artifacts could not be resolved: com.github.paulcwarren:spring-content-commons:jar:1.2.5-SNAPSHOT, com.github.paulcwarren:spring-content-rest:jar:1.2.5-SNAPSHOT: Could not find artifact com.github.paulcwarren:spring-content-commons:jar:1.2.5-SNAPSHOT in snapshots (https://oss.sonatype.org/content/repositories/snapshots) -> [Help 1]
[ERROR] 
[ERROR] To see the full stack trace of the errors, re-run Maven with the -e switch.
[ERROR] Re-run Maven using the -X switch to enable full debug logging.
[ERROR] 
[ERROR] For more information about the errors and possible solutions, please read the following articles:
[ERROR] [Help 1] http://cwiki.apache.org/confluence/display/MAVEN/DependencyResolutionException
[ERROR] 
[ERROR] After correcting the problems, you can resume the build with the command
[ERROR]   mvn <args> -rf :spring-eg-content-commons
