[INFO] Scanning for projects...
[INFO] 
[INFO] ------------------------< me.HSGamer:BetterGUI >------------------------
[INFO] Building BetterGUI 4.2-SNAPSHOT
[INFO] --------------------------------[ jar ]---------------------------------
[INFO] Downloading from CodeMC: https://repo.codemc.org/repository/maven-public/com/destroystokyo/paper/paper-api/1.12.2-R0.1-SNAPSHOT/maven-metadata.xml
[INFO] Downloading from papermc-repo: https://papermc.io/repo/repository/maven-public/com/destroystokyo/paper/paper-api/1.12.2-R0.1-SNAPSHOT/maven-metadata.xml
[INFO] Downloading from aikar: https://repo.aikar.co/content/groups/aikar/com/destroystokyo/paper/paper-api/1.12.2-R0.1-SNAPSHOT/maven-metadata.xml
[INFO] Downloading from sonatype: https://oss.sonatype.org/content/groups/public/com/destroystokyo/paper/paper-api/1.12.2-R0.1-SNAPSHOT/maven-metadata.xml
[INFO] Downloading from jitpack.io: https://jitpack.io/com/destroystokyo/paper/paper-api/1.12.2-R0.1-SNAPSHOT/maven-metadata.xml
[INFO] Downloaded from papermc-repo: https://papermc.io/repo/repository/maven-public/com/destroystokyo/paper/paper-api/1.12.2-R0.1-SNAPSHOT/maven-metadata.xml (1.5 kB at 2.7 kB/s)
[INFO] Downloading from maven-default-http-blocker: http://0.0.0.0/com/destroystokyo/paper/paper-api/1.12.2-R0.1-SNAPSHOT/maven-metadata.xml
[INFO] Downloaded from aikar: https://repo.aikar.co/content/groups/aikar/com/destroystokyo/paper/paper-api/1.12.2-R0.1-SNAPSHOT/maven-metadata.xml (1.5 kB at 1.5 kB/s)
[INFO] Downloading from CodeMC: https://repo.codemc.org/repository/maven-public/com/destroystokyo/paper/paper-api/1.12.2-R0.1-SNAPSHOT/paper-api-1.12.2-R0.1-20190714.184133-413.pom
[INFO] Downloading from papermc-repo: https://papermc.io/repo/repository/maven-public/com/destroystokyo/paper/paper-api/1.12.2-R0.1-SNAPSHOT/paper-api-1.12.2-R0.1-20190714.184133-413.pom
[INFO] Downloaded from papermc-repo: https://papermc.io/repo/repository/maven-public/com/destroystokyo/paper/paper-api/1.12.2-R0.1-SNAPSHOT/paper-api-1.12.2-R0.1-20190714.184133-413.pom (6.8 kB at 62 kB/s)
[INFO] Downloading from CodeMC: https://repo.codemc.org/repository/maven-public/com/destroystokyo/paper/paper-parent/dev-SNAPSHOT/maven-metadata.xml
[INFO] Downloading from papermc-repo: https://papermc.io/repo/repository/maven-public/com/destroystokyo/paper/paper-parent/dev-SNAPSHOT/maven-metadata.xml
[INFO] Downloading from sonatype: https://oss.sonatype.org/content/groups/public/com/destroystokyo/paper/paper-parent/dev-SNAPSHOT/maven-metadata.xml
[INFO] Downloading from aikar: https://repo.aikar.co/content/groups/aikar/com/destroystokyo/paper/paper-parent/dev-SNAPSHOT/maven-metadata.xml
[INFO] Downloading from jitpack.io: https://jitpack.io/com/destroystokyo/paper/paper-parent/dev-SNAPSHOT/maven-metadata.xml
[INFO] Downloaded from papermc-repo: https://papermc.io/repo/repository/maven-public/com/destroystokyo/paper/paper-parent/dev-SNAPSHOT/maven-metadata.xml (610 B at 5.5 kB/s)
[INFO] Downloading from maven-default-http-blocker: http://0.0.0.0/com/destroystokyo/paper/paper-parent/dev-SNAPSHOT/maven-metadata.xml
[INFO] Downloading from spigotmc-public: https://hub.spigotmc.org/nexus/content/groups/public/com/destroystokyo/paper/paper-parent/dev-SNAPSHOT/maven-metadata.xml
[INFO] Downloaded from aikar: https://repo.aikar.co/content/groups/aikar/com/destroystokyo/paper/paper-parent/dev-SNAPSHOT/maven-metadata.xml (610 B at 2.1 kB/s)
[INFO] Downloading from papermc-repo: https://papermc.io/repo/repository/maven-public/com/destroystokyo/paper/paper-parent/dev-SNAPSHOT/paper-parent-dev-20200427.054227-11.pom
[INFO] Downloaded from papermc-repo: https://papermc.io/repo/repository/maven-public/com/destroystokyo/paper/paper-parent/dev-SNAPSHOT/paper-parent-dev-20200427.054227-11.pom (1.9 kB at 18 kB/s)
[INFO] Downloading from CodeMC: https://repo.codemc.org/repository/maven-public/com/mojang/authlib/1.5.25/authlib-1.5.25.pom
[INFO] Downloading from papermc-repo: https://papermc.io/repo/repository/maven-public/com/mojang/authlib/1.5.25/authlib-1.5.25.pom
[INFO] Downloaded from papermc-repo: https://papermc.io/repo/repository/maven-public/com/mojang/authlib/1.5.25/authlib-1.5.25.pom (2.0 kB at 19 kB/s)
[INFO] Downloading from CodeMC: https://repo.codemc.org/repository/maven-public/org/apache/logging/log4j/log4j-api/2.8.1/log4j-api-2.8.1.pom
[INFO] Downloading from papermc-repo: https://papermc.io/repo/repository/maven-public/org/apache/logging/log4j/log4j-api/2.8.1/log4j-api-2.8.1.pom
[INFO] Downloaded from papermc-repo: https://papermc.io/repo/repository/maven-public/org/apache/logging/log4j/log4j-api/2.8.1/log4j-api-2.8.1.pom (8.7 kB at 83 kB/s)
[INFO] Downloading from CodeMC: https://repo.codemc.org/repository/maven-public/org/apache/logging/log4j/log4j/2.8.1/log4j-2.8.1.pom
[INFO] Downloading from papermc-repo: https://papermc.io/repo/repository/maven-public/org/apache/logging/log4j/log4j/2.8.1/log4j-2.8.1.pom
[INFO] Downloaded from papermc-repo: https://papermc.io/repo/repository/maven-public/org/apache/logging/log4j/log4j/2.8.1/log4j-2.8.1.pom (55 kB at 395 kB/s)
[INFO] Downloading from CodeMC: https://repo.codemc.org/repository/maven-public/org/apache/logging/log4j/log4j-core/2.8.1/log4j-core-2.8.1.pom
[INFO] Downloading from papermc-repo: https://papermc.io/repo/repository/maven-public/org/apache/logging/log4j/log4j-core/2.8.1/log4j-core-2.8.1.pom
[INFO] Downloaded from papermc-repo: https://papermc.io/repo/repository/maven-public/org/apache/logging/log4j/log4j-core/2.8.1/log4j-core-2.8.1.pom (19 kB at 78 kB/s)
[INFO] Downloading from CodeMC: https://repo.codemc.org/repository/maven-public/net/md-5/bungeecord-chat/1.12-SNAPSHOT/maven-metadata.xml
[INFO] Downloading from papermc-repo: https://papermc.io/repo/repository/maven-public/net/md-5/bungeecord-chat/1.12-SNAPSHOT/maven-metadata.xml
[INFO] Downloading from sonatype: https://oss.sonatype.org/content/groups/public/net/md-5/bungeecord-chat/1.12-SNAPSHOT/maven-metadata.xml
[INFO] Downloading from aikar: https://repo.aikar.co/content/groups/aikar/net/md-5/bungeecord-chat/1.12-SNAPSHOT/maven-metadata.xml
[INFO] Downloaded from CodeMC: https://repo.codemc.org/repository/maven-public/net/md-5/bungeecord-chat/1.12-SNAPSHOT/maven-metadata.xml (773 B at 8.0 kB/s)
[INFO] Downloading from jitpack.io: https://jitpack.io/net/md-5/bungeecord-chat/1.12-SNAPSHOT/maven-metadata.xml
[INFO] Downloaded from papermc-repo: https://papermc.io/repo/repository/maven-public/net/md-5/bungeecord-chat/1.12-SNAPSHOT/maven-metadata.xml (1.2 kB at 11 kB/s)
[INFO] Downloading from maven-default-http-blocker: http://0.0.0.0/net/md-5/bungeecord-chat/1.12-SNAPSHOT/maven-metadata.xml
[INFO] Downloading from spigotmc-public: https://hub.spigotmc.org/nexus/content/groups/public/net/md-5/bungeecord-chat/1.12-SNAPSHOT/maven-metadata.xml
[INFO] Downloading from md_5-releases: https://repo.md-5.net/content/repositories/releases/net/md-5/bungeecord-chat/1.12-SNAPSHOT/maven-metadata.xml
[INFO] Downloaded from sonatype: https://oss.sonatype.org/content/groups/public/net/md-5/bungeecord-chat/1.12-SNAPSHOT/maven-metadata.xml (1.2 kB at 4.9 kB/s)
[INFO] Downloading from destroystokyo-repo: https://papermc.io/repo/repository/maven-public/net/md-5/bungeecord-chat/1.12-SNAPSHOT/maven-metadata.xml
[INFO] Downloaded from aikar: https://repo.aikar.co/content/groups/aikar/net/md-5/bungeecord-chat/1.12-SNAPSHOT/maven-metadata.xml (1.2 kB at 4.1 kB/s)
[INFO] Downloaded from destroystokyo-repo: https://papermc.io/repo/repository/maven-public/net/md-5/bungeecord-chat/1.12-SNAPSHOT/maven-metadata.xml (1.2 kB at 11 kB/s)
[INFO] Downloaded from spigotmc-public: https://hub.spigotmc.org/nexus/content/groups/public/net/md-5/bungeecord-chat/1.12-SNAPSHOT/maven-metadata.xml (1.2 kB at 4.7 kB/s)
[INFO] Downloading from CodeMC: https://repo.codemc.org/repository/maven-public/net/md-5/bungeecord-chat/1.12-SNAPSHOT/bungeecord-chat-1.12-20200123.020804-1.pom
[INFO] Downloading from papermc-repo: https://papermc.io/repo/repository/maven-public/net/md-5/bungeecord-chat/1.12-SNAPSHOT/bungeecord-chat-1.12-20200123.020804-1.pom
[INFO] Downloaded from papermc-repo: https://papermc.io/repo/repository/maven-public/net/md-5/bungeecord-chat/1.12-SNAPSHOT/bungeecord-chat-1.12-20200123.020804-1.pom (1.1 kB at 11 kB/s)
[INFO] Downloading from CodeMC: https://repo.codemc.org/repository/maven-public/net/md-5/bungeecord-parent/1.12-SNAPSHOT/maven-metadata.xml
[INFO] Downloading from papermc-repo: https://papermc.io/repo/repository/maven-public/net/md-5/bungeecord-parent/1.12-SNAPSHOT/maven-metadata.xml
[INFO] Downloading from sonatype: https://oss.sonatype.org/content/groups/public/net/md-5/bungeecord-parent/1.12-SNAPSHOT/maven-metadata.xml
[INFO] Downloading from aikar: https://repo.aikar.co/content/groups/aikar/net/md-5/bungeecord-parent/1.12-SNAPSHOT/maven-metadata.xml
[INFO] Downloaded from CodeMC: https://repo.codemc.org/repository/maven-public/net/md-5/bungeecord-parent/1.12-SNAPSHOT/maven-metadata.xml (602 B at 7.4 kB/s)
[INFO] Downloading from jitpack.io: https://jitpack.io/net/md-5/bungeecord-parent/1.12-SNAPSHOT/maven-metadata.xml
[INFO] Downloading from maven-default-http-blocker: http://0.0.0.0/net/md-5/bungeecord-parent/1.12-SNAPSHOT/maven-metadata.xml
[INFO] Downloading from spigotmc-public: https://hub.spigotmc.org/nexus/content/groups/public/net/md-5/bungeecord-parent/1.12-SNAPSHOT/maven-metadata.xml
[INFO] Downloaded from papermc-repo: https://papermc.io/repo/repository/maven-public/net/md-5/bungeecord-parent/1.12-SNAPSHOT/maven-metadata.xml (602 B at 5.6 kB/s)
[INFO] Downloading from md_5-releases: https://repo.md-5.net/content/repositories/releases/net/md-5/bungeecord-parent/1.12-SNAPSHOT/maven-metadata.xml
[INFO] Downloading from destroystokyo-repo: https://papermc.io/repo/repository/maven-public/net/md-5/bungeecord-parent/1.12-SNAPSHOT/maven-metadata.xml
[INFO] Downloaded from sonatype: https://oss.sonatype.org/content/groups/public/net/md-5/bungeecord-parent/1.12-SNAPSHOT/maven-metadata.xml (602 B at 2.4 kB/s)
[INFO] Downloaded from aikar: https://repo.aikar.co/content/groups/aikar/net/md-5/bungeecord-parent/1.12-SNAPSHOT/maven-metadata.xml (602 B at 2.1 kB/s)
[INFO] Downloaded from destroystokyo-repo: https://papermc.io/repo/repository/maven-public/net/md-5/bungeecord-parent/1.12-SNAPSHOT/maven-metadata.xml (602 B at 5.6 kB/s)
[INFO] Downloaded from spigotmc-public: https://hub.spigotmc.org/nexus/content/groups/public/net/md-5/bungeecord-parent/1.12-SNAPSHOT/maven-metadata.xml (602 B at 2.3 kB/s)
[INFO] Downloading from CodeMC: https://repo.codemc.org/repository/maven-public/net/md-5/bungeecord-parent/1.12-SNAPSHOT/bungeecord-parent-1.12-20180712.114620-27.pom
[INFO] Downloaded from CodeMC: https://repo.codemc.org/repository/maven-public/net/md-5/bungeecord-parent/1.12-SNAPSHOT/bungeecord-parent-1.12-20180712.114620-27.pom (6.5 kB at 36 kB/s)
[INFO] Downloading from CodeMC: https://repo.codemc.org/repository/maven-public/org/ow2/asm/asm-commons/6.1.1/asm-commons-6.1.1.pom
[INFO] Downloading from papermc-repo: https://papermc.io/repo/repository/maven-public/org/ow2/asm/asm-commons/6.1.1/asm-commons-6.1.1.pom
[INFO] Downloaded from papermc-repo: https://papermc.io/repo/repository/maven-public/org/ow2/asm/asm-commons/6.1.1/asm-commons-6.1.1.pom (3.7 kB at 35 kB/s)
[INFO] Downloading from CodeMC: https://repo.codemc.org/repository/maven-public/org/ow2/asm/asm-tree/6.1.1/asm-tree-6.1.1.pom
[INFO] Downloading from papermc-repo: https://papermc.io/repo/repository/maven-public/org/ow2/asm/asm-tree/6.1.1/asm-tree-6.1.1.pom
[INFO] Downloaded from papermc-repo: https://papermc.io/repo/repository/maven-public/org/ow2/asm/asm-tree/6.1.1/asm-tree-6.1.1.pom (3.1 kB at 26 kB/s)
[INFO] Downloading from CodeMC: https://repo.codemc.org/repository/maven-public/org/ow2/asm/asm-analysis/6.1.1/asm-analysis-6.1.1.pom
[INFO] Downloading from papermc-repo: https://papermc.io/repo/repository/maven-public/org/ow2/asm/asm-analysis/6.1.1/asm-analysis-6.1.1.pom
[INFO] Downloaded from papermc-repo: https://papermc.io/repo/repository/maven-public/org/ow2/asm/asm-analysis/6.1.1/asm-analysis-6.1.1.pom (3.2 kB at 30 kB/s)
[INFO] Downloading from CodeMC: https://repo.codemc.org/repository/maven-public/co/aikar/taskchain-bukkit/3.7.2/taskchain-bukkit-3.7.2.pom
[INFO] Downloading from papermc-repo: https://papermc.io/repo/repository/maven-public/co/aikar/taskchain-bukkit/3.7.2/taskchain-bukkit-3.7.2.pom
[INFO] Downloading from sonatype: https://oss.sonatype.org/content/groups/public/co/aikar/taskchain-bukkit/3.7.2/taskchain-bukkit-3.7.2.pom
[INFO] Downloading from aikar: https://repo.aikar.co/content/groups/aikar/co/aikar/taskchain-bukkit/3.7.2/taskchain-bukkit-3.7.2.pom
[INFO] Downloaded from aikar: https://repo.aikar.co/content/groups/aikar/co/aikar/taskchain-bukkit/3.7.2/taskchain-bukkit-3.7.2.pom (2.5 kB at 8.6 kB/s)
[INFO] Downloading from CodeMC: https://repo.codemc.org/repository/maven-public/co/aikar/taskchain-parent/3.7.2/taskchain-parent-3.7.2.pom
[INFO] Downloading from papermc-repo: https://papermc.io/repo/repository/maven-public/co/aikar/taskchain-parent/3.7.2/taskchain-parent-3.7.2.pom
[INFO] Downloading from sonatype: https://oss.sonatype.org/content/groups/public/co/aikar/taskchain-parent/3.7.2/taskchain-parent-3.7.2.pom
[INFO] Downloading from aikar: https://repo.aikar.co/content/groups/aikar/co/aikar/taskchain-parent/3.7.2/taskchain-parent-3.7.2.pom
[INFO] Downloaded from aikar: https://repo.aikar.co/content/groups/aikar/co/aikar/taskchain-parent/3.7.2/taskchain-parent-3.7.2.pom (3.5 kB at 12 kB/s)
[INFO] Downloading from CodeMC: https://repo.codemc.org/repository/maven-public/co/aikar/taskchain-core/3.7.2/taskchain-core-3.7.2.pom
[INFO] Downloading from papermc-repo: https://papermc.io/repo/repository/maven-public/co/aikar/taskchain-core/3.7.2/taskchain-core-3.7.2.pom
[INFO] Downloading from sonatype: https://oss.sonatype.org/content/groups/public/co/aikar/taskchain-core/3.7.2/taskchain-core-3.7.2.pom
[INFO] Downloading from aikar: https://repo.aikar.co/content/groups/aikar/co/aikar/taskchain-core/3.7.2/taskchain-core-3.7.2.pom
[INFO] Downloaded from aikar: https://repo.aikar.co/content/groups/aikar/co/aikar/taskchain-core/3.7.2/taskchain-core-3.7.2.pom (2.7 kB at 9.5 kB/s)
[INFO] Downloading from CodeMC: https://repo.codemc.org/repository/maven-public/com/github/MrMicky-FR/FastInv/99ef96d91e/FastInv-99ef96d91e.pom
[INFO] Downloading from papermc-repo: https://papermc.io/repo/repository/maven-public/com/github/MrMicky-FR/FastInv/99ef96d91e/FastInv-99ef96d91e.pom
[INFO] Downloading from sonatype: https://oss.sonatype.org/content/groups/public/com/github/MrMicky-FR/FastInv/99ef96d91e/FastInv-99ef96d91e.pom
[INFO] Downloading from aikar: https://repo.aikar.co/content/groups/aikar/com/github/MrMicky-FR/FastInv/99ef96d91e/FastInv-99ef96d91e.pom
[INFO] Downloading from jitpack.io: https://jitpack.io/com/github/MrMicky-FR/FastInv/99ef96d91e/FastInv-99ef96d91e.pom
[INFO] Downloaded from jitpack.io: https://jitpack.io/com/github/MrMicky-FR/FastInv/99ef96d91e/FastInv-99ef96d91e.pom (1.4 kB at 1.4 kB/s)
[INFO] Downloading from CodeMC: https://repo.codemc.org/repository/maven-public/me/clip/placeholderapi/2.10.9/placeholderapi-2.10.9.pom
[INFO] Downloading from papermc-repo: https://papermc.io/repo/repository/maven-public/me/clip/placeholderapi/2.10.9/placeholderapi-2.10.9.pom
[INFO] Downloading from sonatype: https://oss.sonatype.org/content/groups/public/me/clip/placeholderapi/2.10.9/placeholderapi-2.10.9.pom
[INFO] Downloading from aikar: https://repo.aikar.co/content/groups/aikar/me/clip/placeholderapi/2.10.9/placeholderapi-2.10.9.pom
[INFO] Downloading from jitpack.io: https://jitpack.io/me/clip/placeholderapi/2.10.9/placeholderapi-2.10.9.pom
[INFO] Downloading from central: https://repo.maven.apache.org/maven2/me/clip/placeholderapi/2.10.9/placeholderapi-2.10.9.pom
[INFO] Downloading from CodeMC: https://repo.codemc.org/repository/maven-public/me/HSGamer/HSCore-expression/1.5/HSCore-expression-1.5.pom
[INFO] Downloaded from CodeMC: https://repo.codemc.org/repository/maven-public/me/HSGamer/HSCore-expression/1.5/HSCore-expression-1.5.pom (636 B at 1.6 kB/s)
[INFO] Downloading from CodeMC: https://repo.codemc.org/repository/maven-public/me/HSGamer/HSCore/1.5/HSCore-1.5.pom
[INFO] Downloaded from CodeMC: https://repo.codemc.org/repository/maven-public/me/HSGamer/HSCore/1.5/HSCore-1.5.pom (2.4 kB at 12 kB/s)
[INFO] Downloading from CodeMC: https://repo.codemc.org/repository/maven-public/com/udojava/EvalEx/2.5/EvalEx-2.5.pom
[INFO] Downloading from papermc-repo: https://papermc.io/repo/repository/maven-public/com/udojava/EvalEx/2.5/EvalEx-2.5.pom
[INFO] Downloaded from papermc-repo: https://papermc.io/repo/repository/maven-public/com/udojava/EvalEx/2.5/EvalEx-2.5.pom (4.6 kB at 3.7 kB/s)
[INFO] Downloading from CodeMC: https://repo.codemc.org/repository/maven-public/me/HSGamer/HSCore-collections/1.5/HSCore-collections-1.5.pom
[INFO] Downloaded from CodeMC: https://repo.codemc.org/repository/maven-public/me/HSGamer/HSCore-collections/1.5/HSCore-collections-1.5.pom (464 B at 2.4 kB/s)
[INFO] Downloading from CodeMC: https://repo.codemc.org/repository/maven-public/me/HSGamer/HSCore-bukkit-updater/1.5/HSCore-bukkit-updater-1.5.pom
[INFO] Downloaded from CodeMC: https://repo.codemc.org/repository/maven-public/me/HSGamer/HSCore-bukkit-updater/1.5/HSCore-bukkit-updater-1.5.pom (665 B at 2.4 kB/s)
[INFO] Downloading from CodeMC: https://repo.codemc.org/repository/maven-public/me/HSGamer/HSCore-bukkit/1.5/HSCore-bukkit-1.5.pom
[INFO] Downloaded from CodeMC: https://repo.codemc.org/repository/maven-public/me/HSGamer/HSCore-bukkit/1.5/HSCore-bukkit-1.5.pom (1.3 kB at 8.0 kB/s)
[INFO] Downloading from CodeMC: https://repo.codemc.org/repository/maven-public/me/HSGamer/HSCore-web/1.5/HSCore-web-1.5.pom
[INFO] Downloaded from CodeMC: https://repo.codemc.org/repository/maven-public/me/HSGamer/HSCore-web/1.5/HSCore-web-1.5.pom (651 B at 3.0 kB/s)
[INFO] Downloading from CodeMC: https://repo.codemc.org/repository/maven-public/me/HSGamer/HSCore-bukkit-config/1.5/HSCore-bukkit-config-1.5.pom
[INFO] Downloaded from CodeMC: https://repo.codemc.org/repository/maven-public/me/HSGamer/HSCore-bukkit-config/1.5/HSCore-bukkit-config-1.5.pom (472 B at 1.8 kB/s)
[INFO] Downloading from CodeMC: https://repo.codemc.org/repository/maven-public/me/HSGamer/HSCore-bukkit-addon/1.5/HSCore-bukkit-addon-1.5.pom
[INFO] Downloaded from CodeMC: https://repo.codemc.org/repository/maven-public/me/HSGamer/HSCore-bukkit-addon/1.5/HSCore-bukkit-addon-1.5.pom (833 B at 2.7 kB/s)
[INFO] Downloading from CodeMC: https://repo.codemc.org/repository/maven-public/me/HSGamer/HSCore-common/1.5/HSCore-common-1.5.pom
[INFO] Downloaded from CodeMC: https://repo.codemc.org/repository/maven-public/me/HSGamer/HSCore-common/1.5/HSCore-common-1.5.pom (459 B at 1.6 kB/s)
[INFO] Downloading from CodeMC: https://repo.codemc.org/repository/maven-public/me/HSGamer/HSCore-bukkit-command/1.5/HSCore-bukkit-command-1.5.pom
[INFO] Downloaded from CodeMC: https://repo.codemc.org/repository/maven-public/me/HSGamer/HSCore-bukkit-command/1.5/HSCore-bukkit-command-1.5.pom (473 B at 2.3 kB/s)
[INFO] Downloading from CodeMC: https://repo.codemc.org/repository/maven-public/me/HSGamer/HSCore-bukkit-utils/1.5/HSCore-bukkit-utils-1.5.pom
[INFO] Downloaded from CodeMC: https://repo.codemc.org/repository/maven-public/me/HSGamer/HSCore-bukkit-utils/1.5/HSCore-bukkit-utils-1.5.pom (667 B at 2.7 kB/s)
[INFO] Downloading from CodeMC: https://repo.codemc.org/repository/maven-public/com/github/cryptomorin/XSeries/7.5.5/XSeries-7.5.5.pom
[INFO] Downloading from papermc-repo: https://papermc.io/repo/repository/maven-public/com/github/cryptomorin/XSeries/7.5.5/XSeries-7.5.5.pom
[INFO] Downloaded from papermc-repo: https://papermc.io/repo/repository/maven-public/com/github/cryptomorin/XSeries/7.5.5/XSeries-7.5.5.pom (5.4 kB at 23 kB/s)
[INFO] Downloading from CodeMC: https://repo.codemc.org/repository/maven-public/org/mockito/mockito-core/3.6.0/mockito-core-3.6.0.pom
[INFO] Downloading from papermc-repo: https://papermc.io/repo/repository/maven-public/org/mockito/mockito-core/3.6.0/mockito-core-3.6.0.pom
[INFO] Downloaded from papermc-repo: https://papermc.io/repo/repository/maven-public/org/mockito/mockito-core/3.6.0/mockito-core-3.6.0.pom (0 B at 0 B/s)
[INFO] Downloading from CodeMC: https://repo.codemc.org/repository/maven-public/org/mockito/mockito-junit-jupiter/3.6.0/mockito-junit-jupiter-3.6.0.pom
[INFO] Downloading from papermc-repo: https://papermc.io/repo/repository/maven-public/org/mockito/mockito-junit-jupiter/3.6.0/mockito-junit-jupiter-3.6.0.pom
[INFO] Downloaded from papermc-repo: https://papermc.io/repo/repository/maven-public/org/mockito/mockito-junit-jupiter/3.6.0/mockito-junit-jupiter-3.6.0.pom (25 kB at 68 kB/s)
[INFO] Downloading from CodeMC: https://repo.codemc.org/repository/maven-public/org/bstats/bstats-bukkit/1.7/bstats-bukkit-1.7.pom
[INFO] Downloaded from CodeMC: https://repo.codemc.org/repository/maven-public/org/bstats/bstats-bukkit/1.7/bstats-bukkit-1.7.pom (953 B at 12 kB/s)
[INFO] Downloading from CodeMC: https://repo.codemc.org/repository/maven-public/org/bstats/bstats/1.7/bstats-1.7.pom
[INFO] Downloaded from CodeMC: https://repo.codemc.org/repository/maven-public/org/bstats/bstats/1.7/bstats-1.7.pom (7.3 kB at 97 kB/s)
[INFO] Downloading from CodeMC: https://repo.codemc.org/repository/maven-public/de/tr7zw/item-nbt-api-plugin/2.6.0/item-nbt-api-plugin-2.6.0.pom
[INFO] Downloaded from CodeMC: https://repo.codemc.org/repository/maven-public/de/tr7zw/item-nbt-api-plugin/2.6.0/item-nbt-api-plugin-2.6.0.pom (3.2 kB at 20 kB/s)
[INFO] Downloading from CodeMC: https://repo.codemc.org/repository/maven-public/de/tr7zw/item-nbt-parent/2.6.0/item-nbt-parent-2.6.0.pom
[INFO] Downloaded from CodeMC: https://repo.codemc.org/repository/maven-public/de/tr7zw/item-nbt-parent/2.6.0/item-nbt-parent-2.6.0.pom (4.2 kB at 15 kB/s)
[INFO] ------------------------------------------------------------------------
[INFO] BUILD FAILURE
[INFO] ------------------------------------------------------------------------
[INFO] Total time:  19.251 s
[INFO] Finished at: 2023-02-08T09:09:48Z
[INFO] ------------------------------------------------------------------------
[ERROR] Failed to execute goal on project BetterGUI: Could not resolve dependencies for project me.HSGamer:BetterGUI:jar:4.2-SNAPSHOT: Failed to collect dependencies at me.clip:placeholderapi:jar:2.10.9: Failed to read artifact descriptor for me.clip:placeholderapi:jar:2.10.9: Could not transfer artifact me.clip:placeholderapi:pom:2.10.9 from/to maven-default-http-blocker (http://0.0.0.0/): Blocked mirror for repositories: [placeholderapi (http://repo.extendedclip.com/content/repositories/placeholderapi/, default, releases+snapshots)] -> [Help 1]
[ERROR] 
[ERROR] To see the full stack trace of the errors, re-run Maven with the -e switch.
[ERROR] Re-run Maven using the -X switch to enable full debug logging.
[ERROR] 
[ERROR] For more information about the errors and possible solutions, please read the following articles:
[ERROR] [Help 1] http://cwiki.apache.org/confluence/display/MAVEN/DependencyResolutionException
