[INFO] Scanning for projects...
[INFO] 
[INFO] --------------------< org.reficio:p2-maven-plugin >---------------------
[INFO] Building p2-maven-plugin 2.0.0-SNAPSHOT
[INFO] ----------------------------[ maven-plugin ]----------------------------
[INFO] Downloading from central: https://repo.maven.apache.org/maven2/org/mockito/mockito-inline/3.8.0/mockito-inline-3.8.0.pom
[INFO] Downloaded from central: https://repo.maven.apache.org/maven2/org/mockito/mockito-inline/3.8.0/mockito-inline-3.8.0.pom (0 B at 0 B/s)
[INFO] 
[INFO] --- maven-clean-plugin:2.5:clean (default-clean) @ p2-maven-plugin ---
[INFO] 
[INFO] --- gmavenplus-plugin:1.12.1:addSources (default) @ p2-maven-plugin ---
[INFO] 
[INFO] --- gmavenplus-plugin:1.12.1:addTestSources (default) @ p2-maven-plugin ---
[INFO] 
[INFO] --- jacoco-maven-plugin:0.8.7:prepare-agent (default) @ p2-maven-plugin ---
[INFO] argLine set to -javaagent:/home/gabsko/.m2/repository/org/jacoco/org.jacoco.agent/0.8.7/org.jacoco.agent-0.8.7-runtime.jar=destfile=/home/gabsko/breaking-updates/target/jacoco.exec
[INFO] 
[INFO] --- gmavenplus-plugin:1.12.1:generateStubs (default) @ p2-maven-plugin ---
[INFO] Using isolated classloader, without GMavenPlus classpath.
[INFO] Using Groovy 3.0.9 to perform generateStubs.
[INFO] Generated 7 stubs.
[INFO] 
[INFO] --- maven-resources-plugin:2.6:resources (default-resources) @ p2-maven-plugin ---
[INFO] Using 'UTF-8' encoding to copy filtered resources.
[INFO] Copying 3 resources
[INFO] 
[INFO] --- maven-compiler-plugin:3.8.1:compile (default-compile) @ p2-maven-plugin ---
[INFO] Changes detected - recompiling the module!
[INFO] Compiling 37 source files to /home/gabsko/breaking-updates/target/classes
[INFO] /home/gabsko/breaking-updates/src/main/java/org/reficio/p2/P2Mojo.java: Some input files use or override a deprecated API.
[INFO] /home/gabsko/breaking-updates/src/main/java/org/reficio/p2/P2Mojo.java: Recompile with -Xlint:deprecation for details.
[INFO] /home/gabsko/breaking-updates/src/main/java/org/reficio/p2/P2Mojo.java: /home/gabsko/breaking-updates/src/main/java/org/reficio/p2/P2Mojo.java uses unchecked or unsafe operations.
[INFO] /home/gabsko/breaking-updates/src/main/java/org/reficio/p2/P2Mojo.java: Recompile with -Xlint:unchecked for details.
[INFO] 
[INFO] --- gmavenplus-plugin:1.12.1:compile (default) @ p2-maven-plugin ---
[INFO] Using isolated classloader, without GMavenPlus classpath.
[INFO] Using Groovy 3.0.9 to perform compile.
[INFO] Parallel parsing disabled.
[INFO] Compiled 16 files.
[INFO] 
[INFO] --- gmavenplus-plugin:1.12.1:compile (default) @ p2-maven-plugin ---
[INFO] Using isolated classloader, without GMavenPlus classpath.
[INFO] Using Groovy 3.0.9 to perform compile.
[INFO] Parallel parsing disabled.
[INFO] Compiled 16 files.
[INFO] 
[INFO] --- license-maven-plugin:3.0:check (default) @ p2-maven-plugin ---
[INFO] Checking licenses...
[WARNING] Missing header in: /home/gabsko/breaking-updates/baremaps-server/editor/test/functional/layers/index.js
[WARNING] Missing header in: /home/gabsko/breaking-updates/baremaps-server/editor/test/functional/util/webdriverio-ext.js
[WARNING] Missing header in: /home/gabsko/breaking-updates/baremaps-server/editor/test/geojson-server.js
[WARNING] Missing header in: /home/gabsko/breaking-updates/baremaps-server/editor/test/config/specs.js
[WARNING] Missing header in: /home/gabsko/breaking-updates/baremaps-server/editor/test/functional/modals/index.js
[WARNING] Missing header in: /home/gabsko/breaking-updates/baremaps-server/editor/test/functional/index.js
[WARNING] Missing header in: /home/gabsko/breaking-updates/baremaps-server/editor/test/functional/accessibility/skip-links.js
[WARNING] Missing header in: /home/gabsko/breaking-updates/baremaps-server/editor/test/functional/screenshots/index.js
[WARNING] Missing header in: /home/gabsko/breaking-updates/baremaps-server/editor/test/functional/helper.js
[WARNING] Missing header in: /home/gabsko/breaking-updates/baremaps-server/editor/test/functional/history/index.js
[WARNING] Missing header in: /home/gabsko/breaking-updates/baremaps-server/editor/test/wd-helper.js
[WARNING] Missing header in: /home/gabsko/breaking-updates/baremaps-server/editor/test/sources/index.js
[WARNING] Missing header in: /home/gabsko/breaking-updates/baremaps-server/editor/test/functional/accessibility/index.js
[WARNING] Missing header in: /home/gabsko/breaking-updates/baremaps-server/editor/test/artifacts.js
[WARNING] Missing header in: /home/gabsko/breaking-updates/baremaps-server/editor/test/functional/map/index.js
[WARNING] Missing header in: /home/gabsko/breaking-updates/baremaps-server/editor/test/functional/keyboard/index.js
[WARNING] Missing header in: /home/gabsko/breaking-updates/baremaps-server/editor/test/functional/util/coverage.js
[INFO] ------------------------------------------------------------------------
[INFO] BUILD FAILURE
[INFO] ------------------------------------------------------------------------
[INFO] Total time:  5.369 s
[INFO] Finished at: 2023-02-09T01:12:21Z
[INFO] ------------------------------------------------------------------------
[ERROR] Failed to execute goal com.mycila:license-maven-plugin:3.0:check (default) on project p2-maven-plugin: Some files do not have the expected license header -> [Help 1]
[ERROR] 
[ERROR] To see the full stack trace of the errors, re-run Maven with the -e switch.
[ERROR] Re-run Maven using the -X switch to enable full debug logging.
[ERROR] 
[ERROR] For more information about the errors and possible solutions, please read the following articles:
[ERROR] [Help 1] http://cwiki.apache.org/confluence/display/MAVEN/MojoExecutionException
