[INFO] Scanning for projects...
[INFO] 
[INFO] ------------< eu.righettod:poc-document-upload-protection >-------------
[INFO] Building poc-document-upload-protection 1.0.0-SNAPSHOT
[INFO] --------------------------------[ war ]---------------------------------
[INFO] Downloading from apache.snapshots: https://repository.apache.org/content/repositories/snapshots/org/apache/commons/commons-imaging/1.0-SNAPSHOT/maven-metadata.xml
[INFO] Downloaded from apache.snapshots: https://repository.apache.org/content/repositories/snapshots/org/apache/commons/commons-imaging/1.0-SNAPSHOT/maven-metadata.xml (2.0 kB at 6.2 kB/s)
[INFO] Downloading from apache.snapshots: https://repository.apache.org/content/repositories/snapshots/org/apache/commons/commons-imaging/1.0-SNAPSHOT/commons-imaging-1.0-20230203.175941-222.pom
[INFO] Downloaded from apache.snapshots: https://repository.apache.org/content/repositories/snapshots/org/apache/commons/commons-imaging/1.0-SNAPSHOT/commons-imaging-1.0-20230203.175941-222.pom (18 kB at 171 kB/s)
[INFO] Downloading from central: https://repo.maven.apache.org/maven2/org/apache/commons/commons-parent/56/commons-parent-56.pom
[INFO] Downloaded from central: https://repo.maven.apache.org/maven2/org/apache/commons/commons-parent/56/commons-parent-56.pom (82 kB at 1.7 MB/s)
[INFO] Downloading from central: https://repo.maven.apache.org/maven2/com/itextpdf/itextpdf/5.5.6/itextpdf-5.5.6.pom
[INFO] Downloaded from central: https://repo.maven.apache.org/maven2/com/itextpdf/itextpdf/5.5.6/itextpdf-5.5.6.pom (12 kB at 1.7 MB/s)
[INFO] Downloading from central: https://repo.maven.apache.org/maven2/com/itextpdf/itext-parent/1.0.0/itext-parent-1.0.0.pom
[INFO] Downloaded from central: https://repo.maven.apache.org/maven2/com/itextpdf/itext-parent/1.0.0/itext-parent-1.0.0.pom (0 B at 0 B/s)
[INFO] Downloading from central: https://repo.maven.apache.org/maven2/aspose/com/aspose-cells/8.7.0/aspose-cells-8.7.0.pom
[WARNING] The POM for aspose.com:aspose-cells:jar:8.7.0 is missing, no dependency information available
[INFO] Downloading from central: https://repo.maven.apache.org/maven2/aspose/com/aspose-words/16.1.0/aspose-words-16.1.0.pom
[WARNING] The POM for aspose.com:aspose-words:jar:16.1.0 is missing, no dependency information available
[INFO] Downloading from central: https://repo.maven.apache.org/maven2/aspose/com/aspose-slides/18.4.0/aspose-slides-18.4.0.pom
[WARNING] The POM for aspose.com:aspose-slides:jar:18.4.0 is missing, no dependency information available
[INFO] Downloading from central: https://repo.maven.apache.org/maven2/com/drewnoakes/metadata-extractor/2.8.1/metadata-extractor-2.8.1.pom
[INFO] Downloaded from central: https://repo.maven.apache.org/maven2/com/drewnoakes/metadata-extractor/2.8.1/metadata-extractor-2.8.1.pom (8.0 kB at 996 kB/s)
[INFO] Downloading from apache.snapshots: https://repository.apache.org/content/repositories/snapshots/org/apache/commons/commons-imaging/1.0-SNAPSHOT/commons-imaging-1.0-20230203.175941-222.jar
[INFO] Downloaded from apache.snapshots: https://repository.apache.org/content/repositories/snapshots/org/apache/commons/commons-imaging/1.0-SNAPSHOT/commons-imaging-1.0-20230203.175941-222.jar (808 kB at 3.4 MB/s)
[INFO] Downloading from central: https://repo.maven.apache.org/maven2/com/itextpdf/itextpdf/5.5.6/itextpdf-5.5.6.jar
[INFO] Downloading from central: https://repo.maven.apache.org/maven2/aspose/com/aspose-cells/8.7.0/aspose-cells-8.7.0.jar
[INFO] Downloading from central: https://repo.maven.apache.org/maven2/aspose/com/aspose-words/16.1.0/aspose-words-16.1.0.jar
[INFO] Downloading from central: https://repo.maven.apache.org/maven2/aspose/com/aspose-slides/18.4.0/aspose-slides-18.4.0.jar
[INFO] Downloaded from central: https://repo.maven.apache.org/maven2/com/itextpdf/itextpdf/5.5.6/itextpdf-5.5.6.jar (2.3 MB at 20 MB/s)
[INFO] ------------------------------------------------------------------------
[INFO] BUILD FAILURE
[INFO] ------------------------------------------------------------------------
[INFO] Total time:  1.586 s
[INFO] Finished at: 2023-02-09T01:12:32Z
[INFO] ------------------------------------------------------------------------
[ERROR] Failed to execute goal on project poc-document-upload-protection: Could not resolve dependencies for project eu.righettod:poc-document-upload-protection:war:1.0.0-SNAPSHOT: The following artifacts could not be resolved: aspose.com:aspose-cells:jar:8.7.0, aspose.com:aspose-words:jar:16.1.0, aspose.com:aspose-slides:jar:18.4.0: Could not find artifact aspose.com:aspose-cells:jar:8.7.0 in central (https://repo.maven.apache.org/maven2) -> [Help 1]
[ERROR] 
[ERROR] To see the full stack trace of the errors, re-run Maven with the -e switch.
[ERROR] Re-run Maven using the -X switch to enable full debug logging.
[ERROR] 
[ERROR] For more information about the errors and possible solutions, please read the following articles:
[ERROR] [Help 1] http://cwiki.apache.org/confluence/display/MAVEN/DependencyResolutionException
