[INFO] Scanning for projects...
[INFO] 
[INFO] -----------------------< com.coveo:saml-client >------------------------
[INFO] Building com.coveo:saml-client 4.0.1-SNAPSHOT
[INFO] --------------------------------[ jar ]---------------------------------
[INFO] Downloading from central: https://repo.maven.apache.org/maven2/org/apache/maven/plugins/maven-source-plugin/3.0.0/maven-source-plugin-3.0.0.pom
[INFO] Downloaded from central: https://repo.maven.apache.org/maven2/org/apache/maven/plugins/maven-source-plugin/3.0.0/maven-source-plugin-3.0.0.pom (5.7 kB at 40 kB/s)
[INFO] Downloading from central: https://repo.maven.apache.org/maven2/org/apache/maven/plugins/maven-source-plugin/3.0.0/maven-source-plugin-3.0.0.jar
[INFO] Downloaded from central: https://repo.maven.apache.org/maven2/org/apache/maven/plugins/maven-source-plugin/3.0.0/maven-source-plugin-3.0.0.jar (31 kB at 874 kB/s)
[INFO] Downloading from central: https://repo.maven.apache.org/maven2/org/apache/maven/plugins/maven-javadoc-plugin/2.10.3/maven-javadoc-plugin-2.10.3.pom
[INFO] Downloaded from central: https://repo.maven.apache.org/maven2/org/apache/maven/plugins/maven-javadoc-plugin/2.10.3/maven-javadoc-plugin-2.10.3.pom (16 kB at 1.4 MB/s)
[INFO] Downloading from central: https://repo.maven.apache.org/maven2/org/apache/maven/plugins/maven-javadoc-plugin/2.10.3/maven-javadoc-plugin-2.10.3.jar
[INFO] Downloaded from central: https://repo.maven.apache.org/maven2/org/apache/maven/plugins/maven-javadoc-plugin/2.10.3/maven-javadoc-plugin-2.10.3.jar (405 kB at 8.1 MB/s)
[INFO] Downloading from shibboleth: https://build.shibboleth.net/nexus/content/repositories/releases/org/opensaml/opensaml-core/3.4.5/opensaml-core-3.4.5.pom
[INFO] Downloaded from shibboleth: https://build.shibboleth.net/nexus/content/repositories/releases/org/opensaml/opensaml-core/3.4.5/opensaml-core-3.4.5.pom (2.6 kB at 3.2 kB/s)
[INFO] Downloading from shibboleth: https://build.shibboleth.net/nexus/content/repositories/releases/org/opensaml/opensaml-parent/3.4.5/opensaml-parent-3.4.5.pom
[INFO] Downloaded from shibboleth: https://build.shibboleth.net/nexus/content/repositories/releases/org/opensaml/opensaml-parent/3.4.5/opensaml-parent-3.4.5.pom (7.5 kB at 16 kB/s)
[INFO] Downloading from shibboleth: https://build.shibboleth.net/nexus/content/repositories/releases/net/shibboleth/parent/7.11.0/parent-7.11.0.pom
[INFO] Downloaded from shibboleth: https://build.shibboleth.net/nexus/content/repositories/releases/net/shibboleth/parent/7.11.0/parent-7.11.0.pom (51 kB at 71 kB/s)
[INFO] Downloading from shibboleth: https://build.shibboleth.net/nexus/content/repositories/releases/org/springframework/spring-framework-bom/4.3.19.RELEASE/spring-framework-bom-4.3.19.RELEASE.pom
[INFO] Downloading from shib-release: https://build.shibboleth.net/nexus/content/groups/public/org/springframework/spring-framework-bom/4.3.19.RELEASE/spring-framework-bom-4.3.19.RELEASE.pom
[INFO] Downloading from shibboleth: https://build.shibboleth.net/nexus/content/repositories/releases/org/opensaml/opensaml-saml-api/3.4.5/opensaml-saml-api-3.4.5.pom
[INFO] Downloaded from shibboleth: https://build.shibboleth.net/nexus/content/repositories/releases/org/opensaml/opensaml-saml-api/3.4.5/opensaml-saml-api-3.4.5.pom (2.6 kB at 5.4 kB/s)
[INFO] Downloading from shibboleth: https://build.shibboleth.net/nexus/content/repositories/releases/org/opensaml/opensaml-saml-impl/3.4.5/opensaml-saml-impl-3.4.5.pom
[INFO] Downloaded from shibboleth: https://build.shibboleth.net/nexus/content/repositories/releases/org/opensaml/opensaml-saml-impl/3.4.5/opensaml-saml-impl-3.4.5.pom (6.1 kB at 13 kB/s)
[INFO] Downloading from shibboleth: https://build.shibboleth.net/nexus/content/repositories/releases/org/bouncycastle/bcprov-jdk15on/1.65.01/bcprov-jdk15on-1.65.01.pom
[INFO] Downloading from central: https://repo.maven.apache.org/maven2/org/bouncycastle/bcprov-jdk15on/1.65.01/bcprov-jdk15on-1.65.01.pom
[INFO] Downloaded from central: https://repo.maven.apache.org/maven2/org/bouncycastle/bcprov-jdk15on/1.65.01/bcprov-jdk15on-1.65.01.pom (1.1 kB at 95 kB/s)
[INFO] ------------------------------------------------------------------------
[INFO] BUILD FAILURE
[INFO] ------------------------------------------------------------------------
[INFO] Total time:  4.425 s
[INFO] Finished at: 2023-02-08T18:45:23Z
[INFO] ------------------------------------------------------------------------
[ERROR] Failed to execute goal on project saml-client: Could not resolve dependencies for project com.coveo:saml-client:jar:4.0.1-SNAPSHOT: Failed to collect dependencies at org.opensaml:opensaml-core:jar:3.4.5: Failed to read artifact descriptor for org.opensaml:opensaml-core:jar:3.4.5: Could not transfer artifact org.springframework:spring-framework-bom:pom:4.3.19.RELEASE from/to maven-default-http-blocker (http://0.0.0.0/): Blocked mirror for repositories: [central (http://repo1.maven.org/maven2, default, releases)] -> [Help 1]
[ERROR] 
[ERROR] To see the full stack trace of the errors, re-run Maven with the -e switch.
[ERROR] Re-run Maven using the -X switch to enable full debug logging.
[ERROR] 
[ERROR] For more information about the errors and possible solutions, please read the following articles:
[ERROR] [Help 1] http://cwiki.apache.org/confluence/display/MAVEN/DependencyResolutionException
