[INFO] Scanning for projects...
[WARNING] 
[WARNING] Some problems were encountered while building the effective model for owaspSecurityShepherd:owaspSecurityShepherd:war:3.1.0-SNAPSHOT
[WARNING] 'profiles.profile[docker].plugins.plugin.(groupId:artifactId)' must be unique but found duplicate declaration of plugin org.apache.maven.plugins:maven-resources-plugin @ line 252, column 14
[WARNING] 
[WARNING] It is highly recommended to fix these problems because they threaten the stability of your build.
[WARNING] 
[WARNING] For this reason, future Maven versions might no longer support building such malformed projects.
[WARNING] 
[INFO] 
[INFO] ------------< owaspSecurityShepherd:owaspSecurityShepherd >-------------
[INFO] Building owaspSecurityShepherd 3.1.0-SNAPSHOT
[INFO] --------------------------------[ war ]---------------------------------
[INFO] Downloading from central: https://repo.maven.apache.org/maven2/de/grundid/opendatalab/geojson-jackson/1.2/geojson-jackson-1.2.jar
[INFO] Downloading from central: https://repo.maven.apache.org/maven2/org/springframework/spring-mock/2.0.8/spring-mock-2.0.8.jar
[INFO] Downloading from central: https://repo.maven.apache.org/maven2/org/springframework/spring-test/5.3.22/spring-test-5.3.22.jar
[INFO] Downloading from central: https://repo.maven.apache.org/maven2/com/vividsolutions/jts/1.13/jts-1.13.jar
[INFO] Downloading from central: https://repo.maven.apache.org/maven2/com/github/fakemongo/fongo/2.1.1/fongo-2.1.1.jar
[INFO] Downloaded from central: https://repo.maven.apache.org/maven2/com/vividsolutions/jts/1.13/jts-1.13.jar (0 B at 0 B/s)
[INFO] Downloaded from central: https://repo.maven.apache.org/maven2/de/grundid/opendatalab/geojson-jackson/1.2/geojson-jackson-1.2.jar (0 B at 0 B/s)
[INFO] Downloading from central: https://repo.maven.apache.org/maven2/com/fasterxml/jackson/core/jackson-core/2.2.2/jackson-core-2.2.2.jar
[INFO] Downloading from central: https://repo.maven.apache.org/maven2/com/fasterxml/jackson/core/jackson-databind/2.2.2/jackson-databind-2.2.2.jar
[INFO] Downloaded from central: https://repo.maven.apache.org/maven2/org/springframework/spring-mock/2.0.8/spring-mock-2.0.8.jar (104 kB at 304 kB/s)
[INFO] Downloading from central: https://repo.maven.apache.org/maven2/com/fasterxml/jackson/core/jackson-annotations/2.2.2/jackson-annotations-2.2.2.jar
[INFO] Downloaded from central: https://repo.maven.apache.org/maven2/com/fasterxml/jackson/core/jackson-core/2.2.2/jackson-core-2.2.2.jar (192 kB at 539 kB/s)
[INFO] Downloaded from central: https://repo.maven.apache.org/maven2/com/fasterxml/jackson/core/jackson-annotations/2.2.2/jackson-annotations-2.2.2.jar (33 kB at 94 kB/s)
[INFO] Downloaded from central: https://repo.maven.apache.org/maven2/com/fasterxml/jackson/core/jackson-databind/2.2.2/jackson-databind-2.2.2.jar (866 kB at 2.2 MB/s)
[INFO] Downloaded from central: https://repo.maven.apache.org/maven2/org/springframework/spring-test/5.3.22/spring-test-5.3.22.jar (788 kB at 1.9 MB/s)
[INFO] Downloaded from central: https://repo.maven.apache.org/maven2/com/github/fakemongo/fongo/2.1.1/fongo-2.1.1.jar (400 kB at 946 kB/s)
[INFO] 
[INFO] --- maven-clean-plugin:2.5:clean (default-clean) @ owaspSecurityShepherd ---
[INFO] Deleting /home/gabsko/breaking-updates/target
[INFO] 
[INFO] --- maven-resources-plugin:3.1.0:copy-resources (copy-resources) @ owaspSecurityShepherd ---
[INFO] Using 'UTF-8' encoding to copy filtered resources.
[INFO] Copying 181 resources
[INFO] Copying 1 resource
[INFO] 
[INFO] --- properties-maven-plugin:1.1.0:read-project-properties (default) @ owaspSecurityShepherd ---
[INFO] 
[INFO] --- maven-resources-plugin:3.1.0:resources (default-resources) @ owaspSecurityShepherd ---
[INFO] Using 'UTF-8' encoding to copy filtered resources.
[INFO] Copying 181 resources
[INFO] 
[INFO] --- build-helper-maven-plugin:3.3.0:add-test-source (add-test-source) @ owaspSecurityShepherd ---
[INFO] Test Source directory: /home/gabsko/breaking-updates/src/it/java added.
[INFO] 
[INFO] --- maven-compiler-plugin:3.10.1:compile (default-compile) @ owaspSecurityShepherd ---
[INFO] Changes detected - recompiling the module!
[INFO] Compiling 168 source files to /home/gabsko/breaking-updates/target/classes
[INFO] /home/gabsko/breaking-updates/src/main/java/dbProcs/Database.java: Some input files use or override a deprecated API.
[INFO] /home/gabsko/breaking-updates/src/main/java/dbProcs/Database.java: Recompile with -Xlint:deprecation for details.
[INFO] /home/gabsko/breaking-updates/src/main/java/dbProcs/Getter.java: /home/gabsko/breaking-updates/src/main/java/dbProcs/Getter.java uses unchecked or unsafe operations.
[INFO] /home/gabsko/breaking-updates/src/main/java/dbProcs/Getter.java: Recompile with -Xlint:unchecked for details.
[INFO] 
[INFO] --- maven-resources-plugin:3.1.0:testResources (default-testResources) @ owaspSecurityShepherd ---
[INFO] Using 'UTF-8' encoding to copy filtered resources.
[INFO] skip non existing resourceDirectory /home/gabsko/breaking-updates/src/test/resources
[INFO] 
[INFO] --- maven-compiler-plugin:3.10.1:testCompile (default-testCompile) @ owaspSecurityShepherd ---
[INFO] Changes detected - recompiling the module!
[INFO] Compiling 41 source files to /home/gabsko/breaking-updates/target/test-classes
[INFO] 
[INFO] --- maven-surefire-plugin:2.19.1:test (default-test) @ owaspSecurityShepherd ---

-------------------------------------------------------
 T E S T S
-------------------------------------------------------
Running dbProcs.GetterTest
2023-02-08 13:13:59,221 main DEBUG Apache Log4j Core 2.18.0 initializing configuration org.apache.logging.log4j.core.config.properties.PropertiesConfiguration@7e6f74c
2023-02-08 13:13:59,223 main DEBUG PluginManager 'Core' found 130 plugins
2023-02-08 13:13:59,223 main DEBUG PluginManager 'Level' found 0 plugins
2023-02-08 13:13:59,226 main DEBUG Building Plugin[name=property, class=org.apache.logging.log4j.core.config.Property].
2023-02-08 13:13:59,235 main DEBUG PluginManager 'TypeConverter' found 26 plugins
2023-02-08 13:13:59,240 main DEBUG createProperty(name="filename", value="security-shepherd.log", Configuration(PropertiesConfig))
2023-02-08 13:13:59,241 main DEBUG Building Plugin[name=property, class=org.apache.logging.log4j.core.config.Property].
2023-02-08 13:13:59,241 main DEBUG createProperty(name="basePath", value="${sys:catalina.home}/logs", Configuration(PropertiesConfig))
2023-02-08 13:13:59,241 main DEBUG Building Plugin[name=properties, class=org.apache.logging.log4j.core.config.PropertiesPlugin].
2023-02-08 13:13:59,243 main DEBUG configureSubstitutor(={filename=security-shepherd.log, basePath=${sys:catalina.home}/logs}, Configuration(PropertiesConfig))
2023-02-08 13:13:59,244 main DEBUG PluginManager 'Lookup' found 16 plugins
2023-02-08 13:13:59,245 main DEBUG Building Plugin[name=AppenderRef, class=org.apache.logging.log4j.core.config.AppenderRef].
2023-02-08 13:13:59,245 main DEBUG createAppenderRef(ref="LogToFile", level="null", Filter=null)
2023-02-08 13:13:59,245 main DEBUG Building Plugin[name=logger, class=org.apache.logging.log4j.core.config.LoggerConfig].
2023-02-08 13:13:59,250 main DEBUG LoggerConfig$Builder(additivity="true", level="DEBUG", levelAndRefs="null", name="challenges", includeLocation="null", ={LogToFile}, ={}, Configuration(PropertiesConfig), Filter=null)
2023-02-08 13:13:59,251 main DEBUG Building Plugin[name=AppenderRef, class=org.apache.logging.log4j.core.config.AppenderRef].
2023-02-08 13:13:59,252 main DEBUG createAppenderRef(ref="LogToFile", level="null", Filter=null)
2023-02-08 13:13:59,252 main DEBUG Building Plugin[name=logger, class=org.apache.logging.log4j.core.config.LoggerConfig].
2023-02-08 13:13:59,252 main DEBUG LoggerConfig$Builder(additivity="true", level="DEBUG", levelAndRefs="null", name="dbProcs", includeLocation="null", ={LogToFile}, ={}, Configuration(PropertiesConfig), Filter=null)
2023-02-08 13:13:59,253 main DEBUG Building Plugin[name=AppenderRef, class=org.apache.logging.log4j.core.config.AppenderRef].
2023-02-08 13:13:59,253 main DEBUG createAppenderRef(ref="LogToFile", level="null", Filter=null)
2023-02-08 13:13:59,253 main DEBUG Building Plugin[name=logger, class=org.apache.logging.log4j.core.config.LoggerConfig].
2023-02-08 13:13:59,254 main DEBUG LoggerConfig$Builder(additivity="true", level="DEBUG", levelAndRefs="null", name="lessons", includeLocation="null", ={LogToFile}, ={}, Configuration(PropertiesConfig), Filter=null)
2023-02-08 13:13:59,254 main DEBUG Building Plugin[name=AppenderRef, class=org.apache.logging.log4j.core.config.AppenderRef].
2023-02-08 13:13:59,254 main DEBUG createAppenderRef(ref="LogToFile", level="null", Filter=null)
2023-02-08 13:13:59,254 main DEBUG Building Plugin[name=logger, class=org.apache.logging.log4j.core.config.LoggerConfig].
2023-02-08 13:13:59,255 main DEBUG LoggerConfig$Builder(additivity="true", level="DEBUG", levelAndRefs="null", name="servlets", includeLocation="null", ={LogToFile}, ={}, Configuration(PropertiesConfig), Filter=null)
2023-02-08 13:13:59,255 main DEBUG Building Plugin[name=AppenderRef, class=org.apache.logging.log4j.core.config.AppenderRef].
2023-02-08 13:13:59,256 main DEBUG createAppenderRef(ref="LogToFile", level="null", Filter=null)
2023-02-08 13:13:59,256 main DEBUG Building Plugin[name=logger, class=org.apache.logging.log4j.core.config.LoggerConfig].
2023-02-08 13:13:59,256 main DEBUG LoggerConfig$Builder(additivity="true", level="DEBUG", levelAndRefs="null", name="utils", includeLocation="null", ={LogToFile}, ={}, Configuration(PropertiesConfig), Filter=null)
2023-02-08 13:13:59,256 main DEBUG Building Plugin[name=AppenderRef, class=org.apache.logging.log4j.core.config.AppenderRef].
2023-02-08 13:13:59,257 main DEBUG createAppenderRef(ref="LogToConsole", level="null", Filter=null)
2023-02-08 13:13:59,257 main DEBUG Building Plugin[name=root, class=org.apache.logging.log4j.core.config.LoggerConfig$RootLogger].
2023-02-08 13:13:59,258 main DEBUG LoggerConfig$RootLogger$Builder(additivity="null", level="DEBUG", levelAndRefs="null", includeLocation="null", ={LogToConsole}, ={}, Configuration(PropertiesConfig), Filter=null)
2023-02-08 13:13:59,258 main DEBUG Building Plugin[name=loggers, class=org.apache.logging.log4j.core.config.LoggersPlugin].
2023-02-08 13:13:59,258 main DEBUG createLoggers(={challenges, dbProcs, lessons, servlets, utils, root})
2023-02-08 13:13:59,259 main DEBUG Building Plugin[name=layout, class=org.apache.logging.log4j.core.layout.PatternLayout].
2023-02-08 13:13:59,260 main DEBUG PatternLayout$Builder(pattern="%p %X{ctx:RemoteAddress} @ %d{dd MMM HH:mm:ss,SSS} %t %c - %m%n", PatternSelector=null, Configuration(PropertiesConfig), Replace=null, charset="null", alwaysWriteExceptions="null", disableAnsi="null", noConsoleNoAnsi="null", header="null", footer="null")
2023-02-08 13:13:59,260 main DEBUG PluginManager 'Converter' found 45 plugins
2023-02-08 13:13:59,270 main DEBUG Building Plugin[name=SizeBasedTriggeringPolicy, class=org.apache.logging.log4j.core.appender.rolling.SizeBasedTriggeringPolicy].
2023-02-08 13:13:59,272 main DEBUG createPolicy(size="20MB")
2023-02-08 13:13:59,273 main DEBUG Building Plugin[name=Policies, class=org.apache.logging.log4j.core.appender.rolling.CompositeTriggeringPolicy].
2023-02-08 13:13:59,274 main DEBUG createPolicy(={SizeBasedTriggeringPolicy(size=20971520)})
2023-02-08 13:13:59,274 main DEBUG Building Plugin[name=DefaultRolloverStrategy, class=org.apache.logging.log4j.core.appender.rolling.DefaultRolloverStrategy].
2023-02-08 13:13:59,276 main DEBUG DefaultRolloverStrategy$Builder(max="2", min="null", fileIndex="null", compressionLevel="null", ={}, stopCustomActionsOnError="null", tempCompressedFilePattern="null", Configuration(PropertiesConfig))
2023-02-08 13:13:59,276 main DEBUG Building Plugin[name=appender, class=org.apache.logging.log4j.core.appender.RollingFileAppender].
2023-02-08 13:13:59,278 main DEBUG RollingFileAppender$Builder(fileName="${sys:catalina.home}/logs/security-shepherd.log", filePattern="${sys:catalina.home}/logs/security-shepherd/sec-shep-%d{MM-dd-yy-HH-mm-ss}%i.log.gz", append="null", locking="null", Policies(CompositeTriggeringPolicy(policies=[SizeBasedTriggeringPolicy(size=20971520)])), DefaultRolloverStrategy(DefaultRolloverStrategy(min=1, max=2, useMax=true)), advertise="null", advertiseUri="null", createOnDemand="null", filePermissions="null", fileOwner="null", fileGroup="null", bufferedIo="null", bufferSize="null", immediateFlush="null", ignoreExceptions="null", PatternLayout(%p %X{ctx:RemoteAddress} @ %d{dd MMM HH:mm:ss,SSS} %t %c - %m%n), name="LogToFile", Configuration(PropertiesConfig), Filter=null, ={})
2023-02-08 13:13:59,281 main DEBUG Returning file creation time for /home/gabsko/breaking-updates/${sys:catalina.home}/logs/security-shepherd.log
2023-02-08 13:13:59,281 main DEBUG Starting RollingFileManager ${sys:catalina.home}/logs/security-shepherd.log
2023-02-08 13:13:59,282 main DEBUG PluginManager 'FileConverter' found 2 plugins
2023-02-08 13:13:59,284 main DEBUG Setting prev file time to 2023-02-08T13:13:59.276+0000
2023-02-08 13:13:59,284 main DEBUG Initializing triggering policy CompositeTriggeringPolicy(policies=[SizeBasedTriggeringPolicy(size=20971520)])
2023-02-08 13:13:59,285 main DEBUG Initializing triggering policy SizeBasedTriggeringPolicy(size=20971520)
2023-02-08 13:13:59,285 main DEBUG Building Plugin[name=filter, class=org.apache.logging.log4j.core.filter.ThresholdFilter].
2023-02-08 13:13:59,286 main DEBUG createFilter(level="DEBUG", onMatch="null", onMismatch="null")
2023-02-08 13:13:59,287 main DEBUG Building Plugin[name=layout, class=org.apache.logging.log4j.core.layout.PatternLayout].
2023-02-08 13:13:59,287 main DEBUG PatternLayout$Builder(pattern="%5p %X{ctx:RemoteAddress} @ %d{dd MMM HH:mm:ss,SSS} [%t] (%F:%L) - %m%n", PatternSelector=null, Configuration(PropertiesConfig), Replace=null, charset="null", alwaysWriteExceptions="null", disableAnsi="null", noConsoleNoAnsi="null", header="null", footer="null")
2023-02-08 13:13:59,288 main DEBUG Building Plugin[name=appender, class=org.apache.logging.log4j.core.appender.ConsoleAppender].
2023-02-08 13:13:59,288 main DEBUG ConsoleAppender$Builder(target="null", follow="null", direct="null", bufferedIo="null", bufferSize="null", immediateFlush="null", ignoreExceptions="null", PatternLayout(%5p %X{ctx:RemoteAddress} @ %d{dd MMM HH:mm:ss,SSS} [%t] (%F:%L) - %m%n), name="LogToConsole", Configuration(PropertiesConfig), ThresholdFilter(DEBUG), ={})
2023-02-08 13:13:59,290 main DEBUG Starting OutputStreamManager SYSTEM_OUT.false.false
2023-02-08 13:13:59,290 main DEBUG Building Plugin[name=appenders, class=org.apache.logging.log4j.core.config.AppendersPlugin].
2023-02-08 13:13:59,291 main DEBUG createAppenders(={LogToFile, LogToConsole})
2023-02-08 13:13:59,291 main DEBUG Building Plugin[name=filter, class=org.apache.logging.log4j.core.filter.ThresholdFilter].
2023-02-08 13:13:59,291 main DEBUG createFilter(level="DEBUG", onMatch="null", onMismatch="null")
2023-02-08 13:13:59,291 main DEBUG Configuration org.apache.logging.log4j.core.config.properties.PropertiesConfiguration@7e6f74c initialized
2023-02-08 13:13:59,292 main DEBUG Starting configuration org.apache.logging.log4j.core.config.properties.PropertiesConfiguration@7e6f74c
2023-02-08 13:13:59,292 main DEBUG Started configuration org.apache.logging.log4j.core.config.properties.PropertiesConfiguration@7e6f74c OK.
2023-02-08 13:13:59,292 main DEBUG Shutting down OutputStreamManager SYSTEM_OUT.false.false-1
2023-02-08 13:13:59,292 main DEBUG OutputStream closed
2023-02-08 13:13:59,293 main DEBUG Shut down OutputStreamManager SYSTEM_OUT.false.false-1, all resources released: true
2023-02-08 13:13:59,293 main DEBUG Appender DefaultConsole-1 stopped with status true
2023-02-08 13:13:59,293 main DEBUG Stopped org.apache.logging.log4j.core.config.DefaultConfiguration@49d904ec OK
2023-02-08 13:13:59,378 main DEBUG Registering MBean org.apache.logging.log4j2:type=55054057
2023-02-08 13:13:59,379 main DEBUG Registering MBean org.apache.logging.log4j2:type=55054057,component=StatusLogger
2023-02-08 13:13:59,380 main DEBUG Registering MBean org.apache.logging.log4j2:type=55054057,component=ContextSelector
2023-02-08 13:13:59,381 main DEBUG Registering MBean org.apache.logging.log4j2:type=55054057,component=Loggers,name=
2023-02-08 13:13:59,382 main DEBUG Registering MBean org.apache.logging.log4j2:type=55054057,component=Loggers,name=challenges
2023-02-08 13:13:59,382 main DEBUG Registering MBean org.apache.logging.log4j2:type=55054057,component=Loggers,name=utils
2023-02-08 13:13:59,382 main DEBUG Registering MBean org.apache.logging.log4j2:type=55054057,component=Loggers,name=servlets
2023-02-08 13:13:59,382 main DEBUG Registering MBean org.apache.logging.log4j2:type=55054057,component=Loggers,name=dbProcs
2023-02-08 13:13:59,383 main DEBUG Registering MBean org.apache.logging.log4j2:type=55054057,component=Loggers,name=lessons
2023-02-08 13:13:59,383 main DEBUG Registering MBean org.apache.logging.log4j2:type=55054057,component=Appenders,name=LogToConsole
2023-02-08 13:13:59,384 main DEBUG Registering MBean org.apache.logging.log4j2:type=55054057,component=Appenders,name=LogToFile
2023-02-08 13:13:59,386 main DEBUG org.apache.logging.log4j.core.util.SystemClock supports precise timestamps.
2023-02-08 13:13:59,386 main DEBUG Reconfiguration complete for context[name=55054057] at URI /home/gabsko/breaking-updates/target/classes/log4j2.properties (org.apache.logging.log4j.core.LoggerContext@2f67a4d3) with optional ClassLoader: null
2023-02-08 13:13:59,386 main DEBUG Shutdown hook enabled. Registering a new one.
2023-02-08 13:13:59,387 main DEBUG LoggerContext[name=55054057, org.apache.logging.log4j.core.LoggerContext@2f67a4d3] started OK.
DEBUG  @ 08 Feb 13:13:59,391 [main] (TestProperties.java:107) - catalina.base returns null. Creating it with base of user.dir; /home/gabsko/breaking-updates/target/test-classes
2023-02-08 13:13:59,396 main DEBUG AsyncLogger.ThreadNameStrategy=UNCACHED (user specified null, default is UNCACHED)
2023-02-08 13:13:59,397 main DEBUG org.apache.logging.log4j.core.util.SystemClock supports precise timestamps.
DEBUG  @ 08 Feb 13:13:59,429 [main] (TestProperties.java:394) - Creating mysql db file at /home/gabsko/breaking-updates/target/test-classes//conf/database.properties
DEBUG  @ 08 Feb 13:13:59,429 [main] (TestProperties.java:413) - Created mysql db file at /home/gabsko/breaking-updates/target/test-classes//conf/database.properties
Tests run: 1, Failures: 0, Errors: 1, Skipped: 0, Time elapsed: 0.533 sec <<< FAILURE! - in dbProcs.GetterTest
dbProcs.GetterTest  Time elapsed: 0.532 sec  <<< ERROR!
com.mysql.jdbc.exceptions.jdbc4.CommunicationsException: 
Communications link failure

The last packet sent successfully to the server was 0 milliseconds ago. The driver has not received any packets from the server.
	at dbProcs.GetterTest.resetDatabase(GetterTest.java:46)
Caused by: java.net.ConnectException: Connection refused (Connection refused)
	at dbProcs.GetterTest.resetDatabase(GetterTest.java:46)

Running dbProcs.SetterTest
DEBUG  @ 08 Feb 13:13:59,518 [main] (TestProperties.java:394) - Creating mysql db file at /home/gabsko/breaking-updates/target/test-classes//conf/database.properties
DEBUG  @ 08 Feb 13:13:59,518 [main] (TestProperties.java:413) - Created mysql db file at /home/gabsko/breaking-updates/target/test-classes//conf/database.properties
Tests run: 1, Failures: 0, Errors: 1, Skipped: 0, Time elapsed: 0 sec <<< FAILURE! - in dbProcs.SetterTest
dbProcs.SetterTest  Time elapsed: 0 sec  <<< ERROR!
com.mysql.jdbc.exceptions.jdbc4.CommunicationsException: 
Communications link failure

The last packet sent successfully to the server was 0 milliseconds ago. The driver has not received any packets from the server.
	at dbProcs.SetterTest.resetDatabase(SetterTest.java:39)
Caused by: java.net.ConnectException: Connection refused (Connection refused)
	at dbProcs.SetterTest.resetDatabase(SetterTest.java:39)


Results :

Tests in error: 
  GetterTest.resetDatabase:46 » Communications Communications link failure

The ...
  SetterTest.resetDatabase:39 » Communications Communications link failure

The ...

Tests run: 2, Failures: 0, Errors: 2, Skipped: 0

[INFO] ------------------------------------------------------------------------
[INFO] BUILD FAILURE
[INFO] ------------------------------------------------------------------------
[INFO] Total time:  5.667 s
[INFO] Finished at: 2023-02-08T13:13:59Z
[INFO] ------------------------------------------------------------------------
[ERROR] Failed to execute goal org.apache.maven.plugins:maven-surefire-plugin:2.19.1:test (default-test) on project owaspSecurityShepherd: There are test failures.
[ERROR] 
[ERROR] Please refer to /home/gabsko/breaking-updates/target/surefire-reports for the individual test results.
[ERROR] -> [Help 1]
[ERROR] 
[ERROR] To see the full stack trace of the errors, re-run Maven with the -e switch.
[ERROR] Re-run Maven using the -X switch to enable full debug logging.
[ERROR] 
[ERROR] For more information about the errors and possible solutions, please read the following articles:
[ERROR] [Help 1] http://cwiki.apache.org/confluence/display/MAVEN/MojoFailureException
