[INFO] Scanning for projects...
[INFO] 
[INFO] ----------------< com.github.slimefun:SensibleToolbox >-----------------
[INFO] Building SensibleToolbox UNOFFICIAL
[INFO] --------------------------------[ jar ]---------------------------------
[INFO] Downloading from dmulloy2-repo: https://repo.dmulloy2.net/nexus/repository/public/org/spigotmc/spigot-api/1.16.4-R0.1-SNAPSHOT/maven-metadata.xml
[INFO] Downloading from jitpack.io: https://jitpack.io/org/spigotmc/spigot-api/1.16.4-R0.1-SNAPSHOT/maven-metadata.xml
[INFO] Downloading from paper-repo: https://repo.destroystokyo.com/repository/maven-public/org/spigotmc/spigot-api/1.16.4-R0.1-SNAPSHOT/maven-metadata.xml
[INFO] Downloading from CodeMC: https://repo.codemc.org/repository/maven-public/org/spigotmc/spigot-api/1.16.4-R0.1-SNAPSHOT/maven-metadata.xml
[INFO] Downloading from worldedit-repo: https://maven.sk89q.com/repo/org/spigotmc/spigot-api/1.16.4-R0.1-SNAPSHOT/maven-metadata.xml
[INFO] Downloaded from paper-repo: https://repo.destroystokyo.com/repository/maven-public/org/spigotmc/spigot-api/1.16.4-R0.1-SNAPSHOT/maven-metadata.xml (1.5 kB at 1.9 kB/s)
[WARNING] Could not transfer metadata org.spigotmc:spigot-api:1.16.4-R0.1-SNAPSHOT/maven-metadata.xml from/to worldedit-repo (https://maven.sk89q.com/repo/): transfer failed for https://maven.sk89q.com/repo/org/spigotmc/spigot-api/1.16.4-R0.1-SNAPSHOT/maven-metadata.xml, status: 522
[WARNING] org.spigotmc:spigot-api:1.16.4-R0.1-SNAPSHOT/maven-metadata.xmlfailed to transfer from https://maven.sk89q.com/repo/ during a previous attempt. This failure was cached in the local repository and resolution will not be reattempted until the update interval of worldedit-repo has elapsed or updates are forced. Original error: Could not transfer metadata org.spigotmc:spigot-api:1.16.4-R0.1-SNAPSHOT/maven-metadata.xml from/to worldedit-repo (https://maven.sk89q.com/repo/): transfer failed for https://maven.sk89q.com/repo/org/spigotmc/spigot-api/1.16.4-R0.1-SNAPSHOT/maven-metadata.xml, status: 522
[INFO] Downloading from paper-repo: https://repo.destroystokyo.com/repository/maven-public/com/github/TheBusyBiscuit/CS-CoreLib/6e17183656/CS-CoreLib-6e17183656.pom
[INFO] Downloading from spigot-repo: https://hub.spigotmc.org/nexus/content/repositories/snapshots/com/github/TheBusyBiscuit/CS-CoreLib/6e17183656/CS-CoreLib-6e17183656.pom
[INFO] Downloading from jitpack.io: https://jitpack.io/com/github/TheBusyBiscuit/CS-CoreLib/6e17183656/CS-CoreLib-6e17183656.pom
[INFO] Downloaded from jitpack.io: https://jitpack.io/com/github/TheBusyBiscuit/CS-CoreLib/6e17183656/CS-CoreLib-6e17183656.pom (4.6 kB at 7.6 kB/s)
[INFO] Downloading from paper-repo: https://repo.destroystokyo.com/repository/maven-public/com/github/TheBusyBiscuit/Slimefun4/RC-17/Slimefun4-RC-17.pom
[INFO] Downloading from spigot-repo: https://hub.spigotmc.org/nexus/content/repositories/snapshots/com/github/TheBusyBiscuit/Slimefun4/RC-17/Slimefun4-RC-17.pom
[INFO] Downloading from jitpack.io: https://jitpack.io/com/github/TheBusyBiscuit/Slimefun4/RC-17/Slimefun4-RC-17.pom
[INFO] Downloaded from jitpack.io: https://jitpack.io/com/github/TheBusyBiscuit/Slimefun4/RC-17/Slimefun4-RC-17.pom (13 kB at 15 kB/s)
[INFO] Downloading from paper-repo: https://repo.destroystokyo.com/repository/maven-public/com/comphenix/protocol/ProtocolLib/4.5.1/ProtocolLib-4.5.1.pom
[INFO] Downloading from spigot-repo: https://hub.spigotmc.org/nexus/content/repositories/snapshots/com/comphenix/protocol/ProtocolLib/4.5.1/ProtocolLib-4.5.1.pom
[INFO] Downloading from jitpack.io: https://jitpack.io/com/comphenix/protocol/ProtocolLib/4.5.1/ProtocolLib-4.5.1.pom
[INFO] Downloading from CodeMC: https://repo.codemc.org/repository/maven-public/com/comphenix/protocol/ProtocolLib/4.5.1/ProtocolLib-4.5.1.pom
[INFO] Downloaded from CodeMC: https://repo.codemc.org/repository/maven-public/com/comphenix/protocol/ProtocolLib/4.5.1/ProtocolLib-4.5.1.pom (9.2 kB at 38 kB/s)
[INFO] Downloading from paper-repo: https://repo.destroystokyo.com/repository/maven-public/cglib/cglib-nodep/3.2.5/cglib-nodep-3.2.5.pom
[INFO] Downloaded from paper-repo: https://repo.destroystokyo.com/repository/maven-public/cglib/cglib-nodep/3.2.5/cglib-nodep-3.2.5.pom (3.9 kB at 17 kB/s)
[INFO] Downloading from paper-repo: https://repo.destroystokyo.com/repository/maven-public/cglib/cglib-parent/3.2.5/cglib-parent-3.2.5.pom
[INFO] Downloaded from paper-repo: https://repo.destroystokyo.com/repository/maven-public/cglib/cglib-parent/3.2.5/cglib-parent-3.2.5.pom (9.8 kB at 45 kB/s)
[INFO] Downloading from paper-repo: https://repo.destroystokyo.com/repository/maven-public/com/comphenix/executors/BukkitExecutors/1.1-SNAPSHOT/maven-metadata.xml
[INFO] Downloading from jitpack.io: https://jitpack.io/com/comphenix/executors/BukkitExecutors/1.1-SNAPSHOT/maven-metadata.xml
[INFO] Downloading from spigot-repo: https://hub.spigotmc.org/nexus/content/repositories/snapshots/com/comphenix/executors/BukkitExecutors/1.1-SNAPSHOT/maven-metadata.xml
[INFO] Downloading from CodeMC: https://repo.codemc.org/repository/maven-public/com/comphenix/executors/BukkitExecutors/1.1-SNAPSHOT/maven-metadata.xml
[INFO] Downloaded from CodeMC: https://repo.codemc.org/repository/maven-public/com/comphenix/executors/BukkitExecutors/1.1-SNAPSHOT/maven-metadata.xml (782 B at 9.9 kB/s)
[INFO] Downloading from dmulloy2-repo: https://repo.dmulloy2.net/nexus/repository/public/com/comphenix/executors/BukkitExecutors/1.1-SNAPSHOT/maven-metadata.xml
[INFO] Downloading from worldedit-repo: https://maven.sk89q.com/repo/com/comphenix/executors/BukkitExecutors/1.1-SNAPSHOT/maven-metadata.xml
[INFO] Downloaded from dmulloy2-repo: https://repo.dmulloy2.net/nexus/repository/public/com/comphenix/executors/BukkitExecutors/1.1-SNAPSHOT/maven-metadata.xml (782 B at 1.1 kB/s)
[WARNING] Could not transfer metadata com.comphenix.executors:BukkitExecutors:1.1-SNAPSHOT/maven-metadata.xml from/to worldedit-repo (https://maven.sk89q.com/repo/): transfer failed for https://maven.sk89q.com/repo/com/comphenix/executors/BukkitExecutors/1.1-SNAPSHOT/maven-metadata.xml, status: 522
[WARNING] com.comphenix.executors:BukkitExecutors:1.1-SNAPSHOT/maven-metadata.xmlfailed to transfer from https://maven.sk89q.com/repo/ during a previous attempt. This failure was cached in the local repository and resolution will not be reattempted until the update interval of worldedit-repo has elapsed or updates are forced. Original error: Could not transfer metadata com.comphenix.executors:BukkitExecutors:1.1-SNAPSHOT/maven-metadata.xml from/to worldedit-repo (https://maven.sk89q.com/repo/): transfer failed for https://maven.sk89q.com/repo/com/comphenix/executors/BukkitExecutors/1.1-SNAPSHOT/maven-metadata.xml, status: 522
[INFO] Downloading from paper-repo: https://repo.destroystokyo.com/repository/maven-public/com/comphenix/executors/BukkitExecutors/1.1-SNAPSHOT/BukkitExecutors-1.1-20191013.233151-1.pom
[INFO] Downloading from spigot-repo: https://hub.spigotmc.org/nexus/content/repositories/snapshots/com/comphenix/executors/BukkitExecutors/1.1-SNAPSHOT/BukkitExecutors-1.1-20191013.233151-1.pom
[INFO] Downloading from jitpack.io: https://jitpack.io/com/comphenix/executors/BukkitExecutors/1.1-SNAPSHOT/BukkitExecutors-1.1-20191013.233151-1.pom
[INFO] Downloading from CodeMC: https://repo.codemc.org/repository/maven-public/com/comphenix/executors/BukkitExecutors/1.1-SNAPSHOT/BukkitExecutors-1.1-20191013.233151-1.pom
[INFO] Downloaded from CodeMC: https://repo.codemc.org/repository/maven-public/com/comphenix/executors/BukkitExecutors/1.1-SNAPSHOT/BukkitExecutors-1.1-20191013.233151-1.pom (4.1 kB at 43 kB/s)
[INFO] Downloading from paper-repo: https://repo.destroystokyo.com/repository/maven-public/com/gmail/filoghost/holographicdisplays/holographicdisplays-api/2.4.5/holographicdisplays-api-2.4.5.pom
[INFO] Downloading from spigot-repo: https://hub.spigotmc.org/nexus/content/repositories/snapshots/com/gmail/filoghost/holographicdisplays/holographicdisplays-api/2.4.5/holographicdisplays-api-2.4.5.pom
[INFO] Downloading from jitpack.io: https://jitpack.io/com/gmail/filoghost/holographicdisplays/holographicdisplays-api/2.4.5/holographicdisplays-api-2.4.5.pom
[INFO] Downloading from CodeMC: https://repo.codemc.org/repository/maven-public/com/gmail/filoghost/holographicdisplays/holographicdisplays-api/2.4.5/holographicdisplays-api-2.4.5.pom
[INFO] Downloaded from CodeMC: https://repo.codemc.org/repository/maven-public/com/gmail/filoghost/holographicdisplays/holographicdisplays-api/2.4.5/holographicdisplays-api-2.4.5.pom (880 B at 2.7 kB/s)
[INFO] Downloading from paper-repo: https://repo.destroystokyo.com/repository/maven-public/com/gmail/filoghost/holographicdisplays/holographicdisplays-parent/2.4.5/holographicdisplays-parent-2.4.5.pom
[INFO] Downloading from spigot-repo: https://hub.spigotmc.org/nexus/content/repositories/snapshots/com/gmail/filoghost/holographicdisplays/holographicdisplays-parent/2.4.5/holographicdisplays-parent-2.4.5.pom
[INFO] Downloading from jitpack.io: https://jitpack.io/com/gmail/filoghost/holographicdisplays/holographicdisplays-parent/2.4.5/holographicdisplays-parent-2.4.5.pom
[INFO] Downloading from CodeMC: https://repo.codemc.org/repository/maven-public/com/gmail/filoghost/holographicdisplays/holographicdisplays-parent/2.4.5/holographicdisplays-parent-2.4.5.pom
[INFO] Downloaded from CodeMC: https://repo.codemc.org/repository/maven-public/com/gmail/filoghost/holographicdisplays/holographicdisplays-parent/2.4.5/holographicdisplays-parent-2.4.5.pom (8.7 kB at 33 kB/s)
[INFO] Downloading from paper-repo: https://repo.destroystokyo.com/repository/maven-public/com/github/thebusybiscuit/CS-CoreLib2/0.27.4/CS-CoreLib2-0.27.4.pom
[INFO] Downloading from spigot-repo: https://hub.spigotmc.org/nexus/content/repositories/snapshots/com/github/thebusybiscuit/CS-CoreLib2/0.27.4/CS-CoreLib2-0.27.4.pom
[INFO] Downloading from jitpack.io: https://jitpack.io/com/github/thebusybiscuit/CS-CoreLib2/0.27.4/CS-CoreLib2-0.27.4.pom
[INFO] Downloaded from jitpack.io: https://jitpack.io/com/github/thebusybiscuit/CS-CoreLib2/0.27.4/CS-CoreLib2-0.27.4.pom (8.3 kB at 14 kB/s)
[INFO] Downloading from paper-repo: https://repo.destroystokyo.com/repository/maven-public/org/bstats/bstats-bukkit/1.8/bstats-bukkit-1.8.pom
[INFO] Downloading from spigot-repo: https://hub.spigotmc.org/nexus/content/repositories/snapshots/org/bstats/bstats-bukkit/1.8/bstats-bukkit-1.8.pom
[INFO] Downloading from jitpack.io: https://jitpack.io/org/bstats/bstats-bukkit/1.8/bstats-bukkit-1.8.pom
[INFO] Downloading from CodeMC: https://repo.codemc.org/repository/maven-public/org/bstats/bstats-bukkit/1.8/bstats-bukkit-1.8.pom
[INFO] Downloaded from CodeMC: https://repo.codemc.org/repository/maven-public/org/bstats/bstats-bukkit/1.8/bstats-bukkit-1.8.pom (952 B at 1.7 kB/s)
[INFO] Downloading from paper-repo: https://repo.destroystokyo.com/repository/maven-public/org/bstats/bstats/1.8/bstats-1.8.pom
[INFO] Downloading from spigot-repo: https://hub.spigotmc.org/nexus/content/repositories/snapshots/org/bstats/bstats/1.8/bstats-1.8.pom
[INFO] Downloading from jitpack.io: https://jitpack.io/org/bstats/bstats/1.8/bstats-1.8.pom
[INFO] Downloading from CodeMC: https://repo.codemc.org/repository/maven-public/org/bstats/bstats/1.8/bstats-1.8.pom
[INFO] Downloaded from CodeMC: https://repo.codemc.org/repository/maven-public/org/bstats/bstats/1.8/bstats-1.8.pom (7.3 kB at 6.4 kB/s)
[INFO] Downloading from paper-repo: https://repo.destroystokyo.com/repository/maven-public/com/sk89q/worldedit/worldedit-bukkit/7.2.0/worldedit-bukkit-7.2.0.pom
[INFO] Downloading from spigot-repo: https://hub.spigotmc.org/nexus/content/repositories/snapshots/com/sk89q/worldedit/worldedit-bukkit/7.2.0/worldedit-bukkit-7.2.0.pom
[INFO] Downloading from jitpack.io: https://jitpack.io/com/sk89q/worldedit/worldedit-bukkit/7.2.0/worldedit-bukkit-7.2.0.pom
[INFO] Downloading from CodeMC: https://repo.codemc.org/repository/maven-public/com/sk89q/worldedit/worldedit-bukkit/7.2.0/worldedit-bukkit-7.2.0.pom
[INFO] Downloading from dmulloy2-repo: https://repo.dmulloy2.net/nexus/repository/public/com/sk89q/worldedit/worldedit-bukkit/7.2.0/worldedit-bukkit-7.2.0.pom
[INFO] Downloading from worldedit-repo: https://maven.sk89q.com/repo/com/sk89q/worldedit/worldedit-bukkit/7.2.0/worldedit-bukkit-7.2.0.pom
[INFO] Downloading from central: https://repo.maven.apache.org/maven2/com/sk89q/worldedit/worldedit-bukkit/7.2.0/worldedit-bukkit-7.2.0.pom
[INFO] ------------------------------------------------------------------------
[INFO] BUILD FAILURE
[INFO] ------------------------------------------------------------------------
[INFO] Total time:  01:50 min
[INFO] Finished at: 2023-02-08T13:45:50Z
[INFO] ------------------------------------------------------------------------
[ERROR] Failed to execute goal on project SensibleToolbox: Could not resolve dependencies for project com.github.slimefun:SensibleToolbox:jar:UNOFFICIAL: Failed to collect dependencies at com.sk89q.worldedit:worldedit-bukkit:jar:7.2.0: Failed to read artifact descriptor for com.sk89q.worldedit:worldedit-bukkit:jar:7.2.0: Could not transfer artifact com.sk89q.worldedit:worldedit-bukkit:pom:7.2.0 from/to worldedit-repo (https://maven.sk89q.com/repo/): transfer failed for https://maven.sk89q.com/repo/com/sk89q/worldedit/worldedit-bukkit/7.2.0/worldedit-bukkit-7.2.0.pom, status: 522 -> [Help 1]
[ERROR] 
[ERROR] To see the full stack trace of the errors, re-run Maven with the -e switch.
[ERROR] Re-run Maven using the -X switch to enable full debug logging.
[ERROR] 
[ERROR] For more information about the errors and possible solutions, please read the following articles:
[ERROR] [Help 1] http://cwiki.apache.org/confluence/display/MAVEN/DependencyResolutionException
