[INFO] Scanning for projects...
[INFO] 
[INFO] --------------------< dev.majek.hexnicks:HexNicks >---------------------
[INFO] Building HexNicks 2.2.2
[INFO] --------------------------------[ jar ]---------------------------------
[INFO] Downloading from sonatype: https://oss.sonatype.org/content/groups/public/net/kyori/adventure-text-minimessage/4.10.0-SNAPSHOT/maven-metadata.xml
[INFO] Downloading from papermc-repo: https://papermc.io/repo/repository/maven-public/net/kyori/adventure-text-minimessage/4.10.0-SNAPSHOT/maven-metadata.xml
[INFO] Downloading from jitpack.io: https://jitpack.io/net/kyori/adventure-text-minimessage/4.10.0-SNAPSHOT/maven-metadata.xml
[INFO] Downloading from placeholderapi: https://repo.extendedclip.com/content/repositories/placeholderapi/net/kyori/adventure-text-minimessage/4.10.0-SNAPSHOT/maven-metadata.xml
[INFO] Downloading from essentials-releases: https://repo.essentialsx.net/releases/net/kyori/adventure-text-minimessage/4.10.0-SNAPSHOT/maven-metadata.xml
[INFO] Downloaded from papermc-repo: https://papermc.io/repo/repository/maven-public/net/kyori/adventure-text-minimessage/4.10.0-SNAPSHOT/maven-metadata.xml (1.4 kB at 654 B/s)
[INFO] Downloaded from essentials-releases: https://repo.essentialsx.net/releases/net/kyori/adventure-text-minimessage/4.10.0-SNAPSHOT/maven-metadata.xml (1.4 kB at 798 B/s)
[INFO] Downloading from papermc-repo: https://papermc.io/repo/repository/maven-public/net/kyori/adventure-text-minimessage/4.10.0-SNAPSHOT/adventure-text-minimessage-4.10.0-20220228.200152-75.pom
[INFO] Downloaded from papermc-repo: https://papermc.io/repo/repository/maven-public/net/kyori/adventure-text-minimessage/4.10.0-SNAPSHOT/adventure-text-minimessage-4.10.0-20220228.200152-75.pom (2.9 kB at 21 kB/s)
[INFO] Downloading from papermc-repo: https://papermc.io/repo/repository/maven-public/net/kyori/adventure-bom/4.10.0-SNAPSHOT/maven-metadata.xml
[INFO] Downloading from sonatype: https://oss.sonatype.org/content/groups/public/net/kyori/adventure-bom/4.10.0-SNAPSHOT/maven-metadata.xml
[INFO] Downloading from placeholderapi: https://repo.extendedclip.com/content/repositories/placeholderapi/net/kyori/adventure-bom/4.10.0-SNAPSHOT/maven-metadata.xml
[INFO] Downloading from jitpack.io: https://jitpack.io/net/kyori/adventure-bom/4.10.0-SNAPSHOT/maven-metadata.xml
[INFO] Downloading from essentials-releases: https://repo.essentialsx.net/releases/net/kyori/adventure-bom/4.10.0-SNAPSHOT/maven-metadata.xml
[INFO] Downloaded from sonatype: https://oss.sonatype.org/content/groups/public/net/kyori/adventure-bom/4.10.0-SNAPSHOT/maven-metadata.xml (784 B at 2.9 kB/s)
[INFO] Downloaded from papermc-repo: https://papermc.io/repo/repository/maven-public/net/kyori/adventure-bom/4.10.0-SNAPSHOT/maven-metadata.xml (784 B at 1.2 kB/s)
[INFO] Downloaded from essentials-releases: https://repo.essentialsx.net/releases/net/kyori/adventure-bom/4.10.0-SNAPSHOT/maven-metadata.xml (784 B at 1.2 kB/s)
[INFO] Downloading from papermc-repo: https://papermc.io/repo/repository/maven-public/net/kyori/adventure-bom/4.10.0-SNAPSHOT/adventure-bom-4.10.0-20220228.200152-101.pom
[INFO] Downloaded from papermc-repo: https://papermc.io/repo/repository/maven-public/net/kyori/adventure-bom/4.10.0-SNAPSHOT/adventure-bom-4.10.0-20220228.200152-101.pom (4.4 kB at 35 kB/s)
[INFO] Downloading from papermc-repo: https://papermc.io/repo/repository/maven-public/net/kyori/adventure-api/4.10.0-SNAPSHOT/maven-metadata.xml
[INFO] Downloading from sonatype: https://oss.sonatype.org/content/groups/public/net/kyori/adventure-api/4.10.0-SNAPSHOT/maven-metadata.xml
[INFO] Downloading from placeholderapi: https://repo.extendedclip.com/content/repositories/placeholderapi/net/kyori/adventure-api/4.10.0-SNAPSHOT/maven-metadata.xml
[INFO] Downloading from jitpack.io: https://jitpack.io/net/kyori/adventure-api/4.10.0-SNAPSHOT/maven-metadata.xml
[INFO] Downloading from essentials-releases: https://repo.essentialsx.net/releases/net/kyori/adventure-api/4.10.0-SNAPSHOT/maven-metadata.xml
[INFO] Downloaded from sonatype: https://oss.sonatype.org/content/groups/public/net/kyori/adventure-api/4.10.0-SNAPSHOT/maven-metadata.xml (1.4 kB at 5.4 kB/s)
[INFO] Downloaded from papermc-repo: https://papermc.io/repo/repository/maven-public/net/kyori/adventure-api/4.10.0-SNAPSHOT/maven-metadata.xml (1.4 kB at 3.5 kB/s)
[INFO] Downloaded from essentials-releases: https://repo.essentialsx.net/releases/net/kyori/adventure-api/4.10.0-SNAPSHOT/maven-metadata.xml (1.4 kB at 3.4 kB/s)
[INFO] Downloading from papermc-repo: https://papermc.io/repo/repository/maven-public/net/kyori/adventure-api/4.10.0-SNAPSHOT/adventure-api-4.10.0-20220228.200152-101.pom
[INFO] Downloaded from papermc-repo: https://papermc.io/repo/repository/maven-public/net/kyori/adventure-api/4.10.0-SNAPSHOT/adventure-api-4.10.0-20220228.200152-101.pom (3.4 kB at 27 kB/s)
[INFO] Downloading from papermc-repo: https://papermc.io/repo/repository/maven-public/net/kyori/adventure-key/4.10.0-SNAPSHOT/maven-metadata.xml
[INFO] Downloading from sonatype: https://oss.sonatype.org/content/groups/public/net/kyori/adventure-key/4.10.0-SNAPSHOT/maven-metadata.xml
[INFO] Downloading from jitpack.io: https://jitpack.io/net/kyori/adventure-key/4.10.0-SNAPSHOT/maven-metadata.xml
[INFO] Downloading from placeholderapi: https://repo.extendedclip.com/content/repositories/placeholderapi/net/kyori/adventure-key/4.10.0-SNAPSHOT/maven-metadata.xml
[INFO] Downloading from essentials-releases: https://repo.essentialsx.net/releases/net/kyori/adventure-key/4.10.0-SNAPSHOT/maven-metadata.xml
[INFO] Downloaded from sonatype: https://oss.sonatype.org/content/groups/public/net/kyori/adventure-key/4.10.0-SNAPSHOT/maven-metadata.xml (1.4 kB at 5.4 kB/s)
[INFO] Downloaded from papermc-repo: https://papermc.io/repo/repository/maven-public/net/kyori/adventure-key/4.10.0-SNAPSHOT/maven-metadata.xml (1.4 kB at 748 B/s)
[INFO] Downloaded from essentials-releases: https://repo.essentialsx.net/releases/net/kyori/adventure-key/4.10.0-SNAPSHOT/maven-metadata.xml (1.4 kB at 804 B/s)
[INFO] Downloading from papermc-repo: https://papermc.io/repo/repository/maven-public/net/kyori/adventure-key/4.10.0-SNAPSHOT/adventure-key-4.10.0-20220228.200152-101.pom
[INFO] Downloaded from papermc-repo: https://papermc.io/repo/repository/maven-public/net/kyori/adventure-key/4.10.0-SNAPSHOT/adventure-key-4.10.0-20220228.200152-101.pom (3.2 kB at 24 kB/s)
[INFO] Downloading from papermc-repo: https://papermc.io/repo/repository/maven-public/net/kyori/adventure-text-minimessage/4.10.0-SNAPSHOT/adventure-text-minimessage-4.10.0-20220228.200152-75.jar
[INFO] ------------------------------------------------------------------------
[INFO] BUILD FAILURE
[INFO] ------------------------------------------------------------------------
[INFO] Total time:  7.847 s
[INFO] Finished at: 2023-02-08T12:35:19Z
[INFO] ------------------------------------------------------------------------
[ERROR] Failed to execute goal on project HexNicks: Could not resolve dependencies for project dev.majek.hexnicks:HexNicks:jar:2.2.2: Could not find artifact net.kyori:adventure-text-minimessage:jar:4.10.0-20220228.200152-75 in papermc-repo (https://papermc.io/repo/repository/maven-public/) -> [Help 1]
[ERROR] 
[ERROR] To see the full stack trace of the errors, re-run Maven with the -e switch.
[ERROR] Re-run Maven using the -X switch to enable full debug logging.
[ERROR] 
[ERROR] For more information about the errors and possible solutions, please read the following articles:
[ERROR] [Help 1] http://cwiki.apache.org/confluence/display/MAVEN/DependencyResolutionException
