[INFO] Scanning for projects...
[INFO] Downloading from openmrs-repo: https://mavenrepo.openmrs.org/public/org/openmrs/maven/plugins/maven-openmrs-plugin/1.0.1/maven-openmrs-plugin-1.0.1.pom
[INFO] Downloaded from openmrs-repo: https://mavenrepo.openmrs.org/public/org/openmrs/maven/plugins/maven-openmrs-plugin/1.0.1/maven-openmrs-plugin-1.0.1.pom (3.8 kB at 2.8 kB/s)
[INFO] Downloading from openmrs-repo: https://mavenrepo.openmrs.org/public/org/openmrs/maven/plugins/maven-openmrs-plugin/1.0.1/maven-openmrs-plugin-1.0.1.jar
[INFO] Downloaded from openmrs-repo: https://mavenrepo.openmrs.org/public/org/openmrs/maven/plugins/maven-openmrs-plugin/1.0.1/maven-openmrs-plugin-1.0.1.jar (16 kB at 39 kB/s)
[ERROR] [ERROR] Some problems were encountered while processing the POMs:
[FATAL] Non-resolvable parent POM for org.openmrs.module:fhir2-api-2.6:1.4.0-SNAPSHOT: Could not find artifact org.openmrs.module:fhir2:pom:1.4.0-SNAPSHOT and 'parent.relativePath' points at wrong local POM @ line 3, column 13
[FATAL] Non-resolvable parent POM for org.openmrs.module:fhir2-integration-tests-2.6:1.4.0-SNAPSHOT: Could not find artifact org.openmrs.module:fhir2:pom:1.4.0-SNAPSHOT and 'parent.relativePath' points at wrong local POM @ line 3, column 13
 @ 
[ERROR] The build could not read 2 projects -> [Help 1]
[ERROR]   
[ERROR]   The project org.openmrs.module:fhir2-api-2.6:1.4.0-SNAPSHOT (/home/gabsko/breaking-updates/api-2.6/pom.xml) has 1 error
[ERROR]     Non-resolvable parent POM for org.openmrs.module:fhir2-api-2.6:1.4.0-SNAPSHOT: Could not find artifact org.openmrs.module:fhir2:pom:1.4.0-SNAPSHOT and 'parent.relativePath' points at wrong local POM @ line 3, column 13 -> [Help 2]
[ERROR]   
[ERROR]   The project org.openmrs.module:fhir2-integration-tests-2.6:1.4.0-SNAPSHOT (/home/gabsko/breaking-updates/integration-tests-2.6/pom.xml) has 1 error
[ERROR]     Non-resolvable parent POM for org.openmrs.module:fhir2-integration-tests-2.6:1.4.0-SNAPSHOT: Could not find artifact org.openmrs.module:fhir2:pom:1.4.0-SNAPSHOT and 'parent.relativePath' points at wrong local POM @ line 3, column 13 -> [Help 2]
[ERROR] 
[ERROR] To see the full stack trace of the errors, re-run Maven with the -e switch.
[ERROR] Re-run Maven using the -X switch to enable full debug logging.
[ERROR] 
[ERROR] For more information about the errors and possible solutions, please read the following articles:
[ERROR] [Help 1] http://cwiki.apache.org/confluence/display/MAVEN/ProjectBuildingException
[ERROR] [Help 2] http://cwiki.apache.org/confluence/display/MAVEN/UnresolvableModelException
