[INFO] Scanning for projects...
[WARNING] 
[WARNING] Some problems were encountered while building the effective model for org.gluu.casa.plugins:account-linking:jar:4.4.0-SNAPSHOT
[WARNING] 'artifactId' contains an expression but should be a constant. @ org.gluu.casa.plugins:${plugin.id}:${plugin.version}, /home/gabsko/breaking-updates/plugins/account-linking/pom.xml, line 8, column 17
[WARNING] 'version' contains an expression but should be a constant. @ org.gluu.casa.plugins:${plugin.id}:${plugin.version}, /home/gabsko/breaking-updates/plugins/account-linking/pom.xml, line 9, column 14
[WARNING] 
[WARNING] Some problems were encountered while building the effective model for org.gluu.casa.plugins:authorized-clients:jar:4.4.0-SNAPSHOT
[WARNING] 'artifactId' contains an expression but should be a constant. @ org.gluu.casa.plugins:${plugin.id}:${plugin.version}, /home/gabsko/breaking-updates/plugins/client-authorizations/pom.xml, line 8, column 17
[WARNING] 'version' contains an expression but should be a constant. @ org.gluu.casa.plugins:${plugin.id}:${plugin.version}, /home/gabsko/breaking-updates/plugins/client-authorizations/pom.xml, line 9, column 14
[WARNING] 
[WARNING] Some problems were encountered while building the effective model for org.gluu.casa.plugins:custom-branding:jar:4.4.0-SNAPSHOT
[WARNING] 'artifactId' contains an expression but should be a constant. @ org.gluu.casa.plugins:${plugin.id}:${plugin.version}, /home/gabsko/breaking-updates/plugins/custom-branding/pom.xml, line 8, column 17
[WARNING] 'version' contains an expression but should be a constant. @ org.gluu.casa.plugins:${plugin.id}:${plugin.version}, /home/gabsko/breaking-updates/plugins/custom-branding/pom.xml, line 9, column 14
[WARNING] 
[WARNING] Some problems were encountered while building the effective model for org.gluu.casa.plugins:strong-authn-settings:jar:4.4.0-SNAPSHOT
[WARNING] 'artifactId' contains an expression but should be a constant. @ org.gluu.casa.plugins:${plugin.id}:${plugin.version}, /home/gabsko/breaking-updates/plugins/strong-authn-settings/pom.xml, line 8, column 17
[WARNING] 'version' contains an expression but should be a constant. @ org.gluu.casa.plugins:${plugin.id}:${plugin.version}, /home/gabsko/breaking-updates/plugins/strong-authn-settings/pom.xml, line 9, column 14
[WARNING] 
[WARNING] Some problems were encountered while building the effective model for org.gluu.casa.plugins:cert-authn:jar:4.4.0-SNAPSHOT
[WARNING] 'artifactId' contains an expression but should be a constant. @ org.gluu.casa.plugins:${plugin.id}:${plugin.version}, /home/gabsko/breaking-updates/plugins/cert-authn/pom.xml, line 8, column 17
[WARNING] 'version' contains an expression but should be a constant. @ org.gluu.casa.plugins:${plugin.id}:${plugin.version}, /home/gabsko/breaking-updates/plugins/cert-authn/pom.xml, line 9, column 14
[WARNING] 
[WARNING] Some problems were encountered while building the effective model for org.gluu.casa.plugins:bioid-plugin:jar:4.4.0-SNAPSHOT
[WARNING] 'artifactId' contains an expression but should be a constant. @ org.gluu.casa.plugins:${plugin.id}:${plugin.version}, /home/gabsko/breaking-updates/plugins/bioid/pom.xml, line 9, column 14
[WARNING] 'version' contains an expression but should be a constant. @ org.gluu.casa.plugins:${plugin.id}:${plugin.version}, /home/gabsko/breaking-updates/plugins/bioid/pom.xml, line 10, column 11
[WARNING] 
[WARNING] Some problems were encountered while building the effective model for org.gluu.casa.plugins:duo-plugin:jar:4.4.0-SNAPSHOT
[WARNING] 'artifactId' contains an expression but should be a constant. @ org.gluu.casa.plugins:${plugin.id}:${plugin.version}, /home/gabsko/breaking-updates/plugins/duo/pom.xml, line 9, column 14
[WARNING] 'version' contains an expression but should be a constant. @ org.gluu.casa.plugins:${plugin.id}:${plugin.version}, /home/gabsko/breaking-updates/plugins/duo/pom.xml, line 10, column 11
[WARNING] 
[WARNING] It is highly recommended to fix these problems because they threaten the stability of your build.
[WARNING] 
[WARNING] For this reason, future Maven versions might no longer support building such malformed projects.
[WARNING] 
[WARNING] The project org.gluu:casa-base:pom:4.4.0-SNAPSHOT uses prerequisites which is only intended for maven-plugin projects but not for non maven-plugin projects. For such purposes you should use the maven-enforcer-plugin. See https://maven.apache.org/enforcer/enforcer-rules/requireMavenVersion.html
[INFO] ------------------------------------------------------------------------
[INFO] Reactor Build Order:
[INFO] 
[INFO] casa-base                                                          [pom]
[INFO] casa-shared                                                        [jar]
[INFO] casa                                                               [war]
[INFO] account-linking                                                    [jar]
[INFO] authorized-clients                                                 [jar]
[INFO] custom-branding                                                    [jar]
[INFO] strong-authn-settings                                              [jar]
[INFO] cert-authn                                                         [jar]
[INFO] bioid-plugin                                                       [jar]
[INFO] duo-plugin                                                         [jar]
[INFO] 
[INFO] -------------------------< org.gluu:casa-base >-------------------------
[INFO] Building casa-base 4.4.0-SNAPSHOT                                 [1/10]
[INFO] --------------------------------[ pom ]---------------------------------
[INFO] 
[INFO] --- maven-clean-plugin:2.5:clean (default-clean) @ casa-base ---
[INFO] 
[INFO] ------------------------< org.gluu:casa-shared >------------------------
[INFO] Building casa-shared 4.4.0-SNAPSHOT                               [2/10]
[INFO] --------------------------------[ jar ]---------------------------------
[INFO] Downloading from bouncycastle: https://repo2.maven.org/maven2/org/bouncycastle/org/gluu/gluu-core-bom/4.4.0-SNAPSHOT/maven-metadata.xml
[WARNING] Could not transfer metadata org.gluu:gluu-core-bom:4.4.0-SNAPSHOT/maven-metadata.xml from/to bouncycastle (https://repo2.maven.org/maven2/org/bouncycastle): transfer failed for https://repo2.maven.org/maven2/org/bouncycastle/org/gluu/gluu-core-bom/4.4.0-SNAPSHOT/maven-metadata.xml
[INFO] Downloading from bouncycastle: https://repo2.maven.org/maven2/org/bouncycastle/org/gluu/gluu-orm-annotation/4.4.0-SNAPSHOT/maven-metadata.xml
[WARNING] Could not transfer metadata org.gluu:gluu-orm-annotation:4.4.0-SNAPSHOT/maven-metadata.xml from/to bouncycastle (https://repo2.maven.org/maven2/org/bouncycastle): transfer failed for https://repo2.maven.org/maven2/org/bouncycastle/org/gluu/gluu-orm-annotation/4.4.0-SNAPSHOT/maven-metadata.xml
[WARNING] org.gluu:gluu-orm-annotation:4.4.0-SNAPSHOT/maven-metadata.xmlfailed to transfer from https://repo2.maven.org/maven2/org/bouncycastle during a previous attempt. This failure was cached in the local repository and resolution will not be reattempted until the update interval of bouncycastle has elapsed or updates are forced. Original error: Could not transfer metadata org.gluu:gluu-orm-annotation:4.4.0-SNAPSHOT/maven-metadata.xml from/to bouncycastle (https://repo2.maven.org/maven2/org/bouncycastle): transfer failed for https://repo2.maven.org/maven2/org/bouncycastle/org/gluu/gluu-orm-annotation/4.4.0-SNAPSHOT/maven-metadata.xml
[INFO] Downloading from bouncycastle: https://repo2.maven.org/maven2/org/bouncycastle/org/gluu/gluu-orm-util/4.4.0-SNAPSHOT/maven-metadata.xml
[WARNING] Could not transfer metadata org.gluu:gluu-orm-util:4.4.0-SNAPSHOT/maven-metadata.xml from/to bouncycastle (https://repo2.maven.org/maven2/org/bouncycastle): transfer failed for https://repo2.maven.org/maven2/org/bouncycastle/org/gluu/gluu-orm-util/4.4.0-SNAPSHOT/maven-metadata.xml
[WARNING] org.gluu:gluu-orm-util:4.4.0-SNAPSHOT/maven-metadata.xmlfailed to transfer from https://repo2.maven.org/maven2/org/bouncycastle during a previous attempt. This failure was cached in the local repository and resolution will not be reattempted until the update interval of bouncycastle has elapsed or updates are forced. Original error: Could not transfer metadata org.gluu:gluu-orm-util:4.4.0-SNAPSHOT/maven-metadata.xml from/to bouncycastle (https://repo2.maven.org/maven2/org/bouncycastle): transfer failed for https://repo2.maven.org/maven2/org/bouncycastle/org/gluu/gluu-orm-util/4.4.0-SNAPSHOT/maven-metadata.xml
[INFO] Downloading from bouncycastle: https://repo2.maven.org/maven2/org/bouncycastle/org/gluu/oxcore-model/4.4.0-SNAPSHOT/maven-metadata.xml
[WARNING] Could not transfer metadata org.gluu:oxcore-model:4.4.0-SNAPSHOT/maven-metadata.xml from/to bouncycastle (https://repo2.maven.org/maven2/org/bouncycastle): transfer failed for https://repo2.maven.org/maven2/org/bouncycastle/org/gluu/oxcore-model/4.4.0-SNAPSHOT/maven-metadata.xml
[WARNING] org.gluu:oxcore-model:4.4.0-SNAPSHOT/maven-metadata.xmlfailed to transfer from https://repo2.maven.org/maven2/org/bouncycastle during a previous attempt. This failure was cached in the local repository and resolution will not be reattempted until the update interval of bouncycastle has elapsed or updates are forced. Original error: Could not transfer metadata org.gluu:oxcore-model:4.4.0-SNAPSHOT/maven-metadata.xml from/to bouncycastle (https://repo2.maven.org/maven2/org/bouncycastle): transfer failed for https://repo2.maven.org/maven2/org/bouncycastle/org/gluu/oxcore-model/4.4.0-SNAPSHOT/maven-metadata.xml
[INFO] Downloading from bouncycastle: https://repo2.maven.org/maven2/org/bouncycastle/org/gluu/gluu-orm-ldap/4.4.0-SNAPSHOT/maven-metadata.xml
[WARNING] Could not transfer metadata org.gluu:gluu-orm-ldap:4.4.0-SNAPSHOT/maven-metadata.xml from/to bouncycastle (https://repo2.maven.org/maven2/org/bouncycastle): transfer failed for https://repo2.maven.org/maven2/org/bouncycastle/org/gluu/gluu-orm-ldap/4.4.0-SNAPSHOT/maven-metadata.xml
[WARNING] org.gluu:gluu-orm-ldap:4.4.0-SNAPSHOT/maven-metadata.xmlfailed to transfer from https://repo2.maven.org/maven2/org/bouncycastle during a previous attempt. This failure was cached in the local repository and resolution will not be reattempted until the update interval of bouncycastle has elapsed or updates are forced. Original error: Could not transfer metadata org.gluu:gluu-orm-ldap:4.4.0-SNAPSHOT/maven-metadata.xml from/to bouncycastle (https://repo2.maven.org/maven2/org/bouncycastle): transfer failed for https://repo2.maven.org/maven2/org/bouncycastle/org/gluu/gluu-orm-ldap/4.4.0-SNAPSHOT/maven-metadata.xml
[INFO] Downloading from bouncycastle: https://repo2.maven.org/maven2/org/bouncycastle/org/gluu/gluu-orm-core/4.4.0-SNAPSHOT/maven-metadata.xml
[WARNING] Could not transfer metadata org.gluu:gluu-orm-core:4.4.0-SNAPSHOT/maven-metadata.xml from/to bouncycastle (https://repo2.maven.org/maven2/org/bouncycastle): transfer failed for https://repo2.maven.org/maven2/org/bouncycastle/org/gluu/gluu-orm-core/4.4.0-SNAPSHOT/maven-metadata.xml
[WARNING] org.gluu:gluu-orm-core:4.4.0-SNAPSHOT/maven-metadata.xmlfailed to transfer from https://repo2.maven.org/maven2/org/bouncycastle during a previous attempt. This failure was cached in the local repository and resolution will not be reattempted until the update interval of bouncycastle has elapsed or updates are forced. Original error: Could not transfer metadata org.gluu:gluu-orm-core:4.4.0-SNAPSHOT/maven-metadata.xml from/to bouncycastle (https://repo2.maven.org/maven2/org/bouncycastle): transfer failed for https://repo2.maven.org/maven2/org/bouncycastle/org/gluu/gluu-orm-core/4.4.0-SNAPSHOT/maven-metadata.xml
[INFO] Downloading from bouncycastle: https://repo2.maven.org/maven2/org/bouncycastle/org/gluu/gluu-orm-couchbase/4.4.0-SNAPSHOT/maven-metadata.xml
[WARNING] Could not transfer metadata org.gluu:gluu-orm-couchbase:4.4.0-SNAPSHOT/maven-metadata.xml from/to bouncycastle (https://repo2.maven.org/maven2/org/bouncycastle): transfer failed for https://repo2.maven.org/maven2/org/bouncycastle/org/gluu/gluu-orm-couchbase/4.4.0-SNAPSHOT/maven-metadata.xml
[WARNING] org.gluu:gluu-orm-couchbase:4.4.0-SNAPSHOT/maven-metadata.xmlfailed to transfer from https://repo2.maven.org/maven2/org/bouncycastle during a previous attempt. This failure was cached in the local repository and resolution will not be reattempted until the update interval of bouncycastle has elapsed or updates are forced. Original error: Could not transfer metadata org.gluu:gluu-orm-couchbase:4.4.0-SNAPSHOT/maven-metadata.xml from/to bouncycastle (https://repo2.maven.org/maven2/org/bouncycastle): transfer failed for https://repo2.maven.org/maven2/org/bouncycastle/org/gluu/gluu-orm-couchbase/4.4.0-SNAPSHOT/maven-metadata.xml
[INFO] Downloading from bouncycastle: https://repo2.maven.org/maven2/org/bouncycastle/org/gluu/gluu-orm-spanner/4.4.0-SNAPSHOT/maven-metadata.xml
[WARNING] Could not transfer metadata org.gluu:gluu-orm-spanner:4.4.0-SNAPSHOT/maven-metadata.xml from/to bouncycastle (https://repo2.maven.org/maven2/org/bouncycastle): transfer failed for https://repo2.maven.org/maven2/org/bouncycastle/org/gluu/gluu-orm-spanner/4.4.0-SNAPSHOT/maven-metadata.xml
[WARNING] org.gluu:gluu-orm-spanner:4.4.0-SNAPSHOT/maven-metadata.xmlfailed to transfer from https://repo2.maven.org/maven2/org/bouncycastle during a previous attempt. This failure was cached in the local repository and resolution will not be reattempted until the update interval of bouncycastle has elapsed or updates are forced. Original error: Could not transfer metadata org.gluu:gluu-orm-spanner:4.4.0-SNAPSHOT/maven-metadata.xml from/to bouncycastle (https://repo2.maven.org/maven2/org/bouncycastle): transfer failed for https://repo2.maven.org/maven2/org/bouncycastle/org/gluu/gluu-orm-spanner/4.4.0-SNAPSHOT/maven-metadata.xml
[INFO] Downloading from bouncycastle: https://repo2.maven.org/maven2/org/bouncycastle/org/gluu/gluu-orm-sql/4.4.0-SNAPSHOT/maven-metadata.xml
[WARNING] Could not transfer metadata org.gluu:gluu-orm-sql:4.4.0-SNAPSHOT/maven-metadata.xml from/to bouncycastle (https://repo2.maven.org/maven2/org/bouncycastle): transfer failed for https://repo2.maven.org/maven2/org/bouncycastle/org/gluu/gluu-orm-sql/4.4.0-SNAPSHOT/maven-metadata.xml
[WARNING] org.gluu:gluu-orm-sql:4.4.0-SNAPSHOT/maven-metadata.xmlfailed to transfer from https://repo2.maven.org/maven2/org/bouncycastle during a previous attempt. This failure was cached in the local repository and resolution will not be reattempted until the update interval of bouncycastle has elapsed or updates are forced. Original error: Could not transfer metadata org.gluu:gluu-orm-sql:4.4.0-SNAPSHOT/maven-metadata.xml from/to bouncycastle (https://repo2.maven.org/maven2/org/bouncycastle): transfer failed for https://repo2.maven.org/maven2/org/bouncycastle/org/gluu/gluu-orm-sql/4.4.0-SNAPSHOT/maven-metadata.xml
[INFO] Downloading from bouncycastle: https://repo2.maven.org/maven2/org/bouncycastle/org/gluu/gluu-orm-hybrid/4.4.0-SNAPSHOT/maven-metadata.xml
[WARNING] Could not transfer metadata org.gluu:gluu-orm-hybrid:4.4.0-SNAPSHOT/maven-metadata.xml from/to bouncycastle (https://repo2.maven.org/maven2/org/bouncycastle): transfer failed for https://repo2.maven.org/maven2/org/bouncycastle/org/gluu/gluu-orm-hybrid/4.4.0-SNAPSHOT/maven-metadata.xml
[WARNING] org.gluu:gluu-orm-hybrid:4.4.0-SNAPSHOT/maven-metadata.xmlfailed to transfer from https://repo2.maven.org/maven2/org/bouncycastle during a previous attempt. This failure was cached in the local repository and resolution will not be reattempted until the update interval of bouncycastle has elapsed or updates are forced. Original error: Could not transfer metadata org.gluu:gluu-orm-hybrid:4.4.0-SNAPSHOT/maven-metadata.xml from/to bouncycastle (https://repo2.maven.org/maven2/org/bouncycastle): transfer failed for https://repo2.maven.org/maven2/org/bouncycastle/org/gluu/gluu-orm-hybrid/4.4.0-SNAPSHOT/maven-metadata.xml
[INFO] Downloading from bouncycastle: https://repo2.maven.org/maven2/org/bouncycastle/org/gluu/gluu-orm-cdi/4.4.0-SNAPSHOT/maven-metadata.xml
[WARNING] Could not transfer metadata org.gluu:gluu-orm-cdi:4.4.0-SNAPSHOT/maven-metadata.xml from/to bouncycastle (https://repo2.maven.org/maven2/org/bouncycastle): transfer failed for https://repo2.maven.org/maven2/org/bouncycastle/org/gluu/gluu-orm-cdi/4.4.0-SNAPSHOT/maven-metadata.xml
[WARNING] org.gluu:gluu-orm-cdi:4.4.0-SNAPSHOT/maven-metadata.xmlfailed to transfer from https://repo2.maven.org/maven2/org/bouncycastle during a previous attempt. This failure was cached in the local repository and resolution will not be reattempted until the update interval of bouncycastle has elapsed or updates are forced. Original error: Could not transfer metadata org.gluu:gluu-orm-cdi:4.4.0-SNAPSHOT/maven-metadata.xml from/to bouncycastle (https://repo2.maven.org/maven2/org/bouncycastle): transfer failed for https://repo2.maven.org/maven2/org/bouncycastle/org/gluu/gluu-orm-cdi/4.4.0-SNAPSHOT/maven-metadata.xml
[INFO] Downloading from bouncycastle: https://repo2.maven.org/maven2/org/bouncycastle/org/gluu/oxcore-cache/4.4.0-SNAPSHOT/maven-metadata.xml
[WARNING] Could not transfer metadata org.gluu:oxcore-cache:4.4.0-SNAPSHOT/maven-metadata.xml from/to bouncycastle (https://repo2.maven.org/maven2/org/bouncycastle): transfer failed for https://repo2.maven.org/maven2/org/bouncycastle/org/gluu/oxcore-cache/4.4.0-SNAPSHOT/maven-metadata.xml
[WARNING] org.gluu:oxcore-cache:4.4.0-SNAPSHOT/maven-metadata.xmlfailed to transfer from https://repo2.maven.org/maven2/org/bouncycastle during a previous attempt. This failure was cached in the local repository and resolution will not be reattempted until the update interval of bouncycastle has elapsed or updates are forced. Original error: Could not transfer metadata org.gluu:oxcore-cache:4.4.0-SNAPSHOT/maven-metadata.xml from/to bouncycastle (https://repo2.maven.org/maven2/org/bouncycastle): transfer failed for https://repo2.maven.org/maven2/org/bouncycastle/org/gluu/oxcore-cache/4.4.0-SNAPSHOT/maven-metadata.xml
[INFO] Downloading from bouncycastle: https://repo2.maven.org/maven2/org/bouncycastle/org/gluu/oxcore-script/4.4.0-SNAPSHOT/maven-metadata.xml
[WARNING] Could not transfer metadata org.gluu:oxcore-script:4.4.0-SNAPSHOT/maven-metadata.xml from/to bouncycastle (https://repo2.maven.org/maven2/org/bouncycastle): transfer failed for https://repo2.maven.org/maven2/org/bouncycastle/org/gluu/oxcore-script/4.4.0-SNAPSHOT/maven-metadata.xml
[WARNING] org.gluu:oxcore-script:4.4.0-SNAPSHOT/maven-metadata.xmlfailed to transfer from https://repo2.maven.org/maven2/org/bouncycastle during a previous attempt. This failure was cached in the local repository and resolution will not be reattempted until the update interval of bouncycastle has elapsed or updates are forced. Original error: Could not transfer metadata org.gluu:oxcore-script:4.4.0-SNAPSHOT/maven-metadata.xml from/to bouncycastle (https://repo2.maven.org/maven2/org/bouncycastle): transfer failed for https://repo2.maven.org/maven2/org/bouncycastle/org/gluu/oxcore-script/4.4.0-SNAPSHOT/maven-metadata.xml
[INFO] Downloading from bouncycastle: https://repo2.maven.org/maven2/org/bouncycastle/org/gluu/oxcore-cdi/4.4.0-SNAPSHOT/maven-metadata.xml
[WARNING] Could not transfer metadata org.gluu:oxcore-cdi:4.4.0-SNAPSHOT/maven-metadata.xml from/to bouncycastle (https://repo2.maven.org/maven2/org/bouncycastle): transfer failed for https://repo2.maven.org/maven2/org/bouncycastle/org/gluu/oxcore-cdi/4.4.0-SNAPSHOT/maven-metadata.xml
[WARNING] org.gluu:oxcore-cdi:4.4.0-SNAPSHOT/maven-metadata.xmlfailed to transfer from https://repo2.maven.org/maven2/org/bouncycastle during a previous attempt. This failure was cached in the local repository and resolution will not be reattempted until the update interval of bouncycastle has elapsed or updates are forced. Original error: Could not transfer metadata org.gluu:oxcore-cdi:4.4.0-SNAPSHOT/maven-metadata.xml from/to bouncycastle (https://repo2.maven.org/maven2/org/bouncycastle): transfer failed for https://repo2.maven.org/maven2/org/bouncycastle/org/gluu/oxcore-cdi/4.4.0-SNAPSHOT/maven-metadata.xml
[INFO] 
[INFO] --- maven-clean-plugin:2.5:clean (default-clean) @ casa-shared ---
[INFO] Deleting /home/gabsko/breaking-updates/shared/target
[INFO] 
[INFO] --- maven-resources-plugin:2.6:resources (default-resources) @ casa-shared ---
[INFO] Using 'UTF-8' encoding to copy filtered resources.
[INFO] skip non existing resourceDirectory /home/gabsko/breaking-updates/shared/src/main/resources
[INFO] 
[INFO] --- maven-compiler-plugin:3.8.1:compile (default-compile) @ casa-shared ---
[INFO] Changes detected - recompiling the module!
[INFO] Compiling 34 source files to /home/gabsko/breaking-updates/shared/target/classes
[INFO] /home/gabsko/breaking-updates/shared/src/main/java/org/gluu/casa/misc/Utils.java: Some input files use unchecked or unsafe operations.
[INFO] /home/gabsko/breaking-updates/shared/src/main/java/org/gluu/casa/misc/Utils.java: Recompile with -Xlint:unchecked for details.
[INFO] 
[INFO] --- maven-resources-plugin:2.6:testResources (default-testResources) @ casa-shared ---
[INFO] Using 'UTF-8' encoding to copy filtered resources.
[INFO] skip non existing resourceDirectory /home/gabsko/breaking-updates/shared/src/test/resources
[INFO] 
[INFO] --- maven-compiler-plugin:3.8.1:testCompile (default-testCompile) @ casa-shared ---
[INFO] No sources to compile
[INFO] 
[INFO] --- maven-surefire-plugin:2.12.4:test (default-test) @ casa-shared ---
[INFO] No tests to run.
[INFO] 
[INFO] ---------------------------< org.gluu:casa >----------------------------
[INFO] Building casa 4.4.0-SNAPSHOT                                      [3/10]
[INFO] --------------------------------[ war ]---------------------------------
[INFO] Downloading from bouncycastle: https://repo2.maven.org/maven2/org/bouncycastle/org/gluu/oxeleven-client/4.4.0-SNAPSHOT/maven-metadata.xml
[WARNING] Could not transfer metadata org.gluu:oxeleven-client:4.4.0-SNAPSHOT/maven-metadata.xml from/to bouncycastle (https://repo2.maven.org/maven2/org/bouncycastle): transfer failed for https://repo2.maven.org/maven2/org/bouncycastle/org/gluu/oxeleven-client/4.4.0-SNAPSHOT/maven-metadata.xml
[WARNING] org.gluu:oxeleven-client:4.4.0-SNAPSHOT/maven-metadata.xmlfailed to transfer from https://repo2.maven.org/maven2/org/bouncycastle during a previous attempt. This failure was cached in the local repository and resolution will not be reattempted until the update interval of bouncycastle has elapsed or updates are forced. Original error: Could not transfer metadata org.gluu:oxeleven-client:4.4.0-SNAPSHOT/maven-metadata.xml from/to bouncycastle (https://repo2.maven.org/maven2/org/bouncycastle): transfer failed for https://repo2.maven.org/maven2/org/bouncycastle/org/gluu/oxeleven-client/4.4.0-SNAPSHOT/maven-metadata.xml
[INFO] Downloading from bouncycastle: https://repo2.maven.org/maven2/org/bouncycastle/org/gluu/oxeleven/4.4.0-SNAPSHOT/maven-metadata.xml
[WARNING] Could not transfer metadata org.gluu:oxeleven:4.4.0-SNAPSHOT/maven-metadata.xml from/to bouncycastle (https://repo2.maven.org/maven2/org/bouncycastle): transfer failed for https://repo2.maven.org/maven2/org/bouncycastle/org/gluu/oxeleven/4.4.0-SNAPSHOT/maven-metadata.xml
[INFO] Downloading from bouncycastle: https://repo2.maven.org/maven2/org/bouncycastle/org/gluu/oxeleven-model/4.4.0-SNAPSHOT/maven-metadata.xml
[WARNING] Could not transfer metadata org.gluu:oxeleven-model:4.4.0-SNAPSHOT/maven-metadata.xml from/to bouncycastle (https://repo2.maven.org/maven2/org/bouncycastle): transfer failed for https://repo2.maven.org/maven2/org/bouncycastle/org/gluu/oxeleven-model/4.4.0-SNAPSHOT/maven-metadata.xml
[WARNING] org.gluu:oxeleven-model:4.4.0-SNAPSHOT/maven-metadata.xmlfailed to transfer from https://repo2.maven.org/maven2/org/bouncycastle during a previous attempt. This failure was cached in the local repository and resolution will not be reattempted until the update interval of bouncycastle has elapsed or updates are forced. Original error: Could not transfer metadata org.gluu:oxeleven-model:4.4.0-SNAPSHOT/maven-metadata.xml from/to bouncycastle (https://repo2.maven.org/maven2/org/bouncycastle): transfer failed for https://repo2.maven.org/maven2/org/bouncycastle/org/gluu/oxeleven-model/4.4.0-SNAPSHOT/maven-metadata.xml
[WARNING] org.gluu:gluu-orm-annotation:4.4.0-SNAPSHOT/maven-metadata.xmlfailed to transfer from https://repo2.maven.org/maven2/org/bouncycastle during a previous attempt. This failure was cached in the local repository and resolution will not be reattempted until the update interval of bouncycastle has elapsed or updates are forced. Original error: Could not transfer metadata org.gluu:gluu-orm-annotation:4.4.0-SNAPSHOT/maven-metadata.xml from/to bouncycastle (https://repo2.maven.org/maven2/org/bouncycastle): transfer failed for https://repo2.maven.org/maven2/org/bouncycastle/org/gluu/gluu-orm-annotation/4.4.0-SNAPSHOT/maven-metadata.xml
[WARNING] org.gluu:oxcore-model:4.4.0-SNAPSHOT/maven-metadata.xmlfailed to transfer from https://repo2.maven.org/maven2/org/bouncycastle during a previous attempt. This failure was cached in the local repository and resolution will not be reattempted until the update interval of bouncycastle has elapsed or updates are forced. Original error: Could not transfer metadata org.gluu:oxcore-model:4.4.0-SNAPSHOT/maven-metadata.xml from/to bouncycastle (https://repo2.maven.org/maven2/org/bouncycastle): transfer failed for https://repo2.maven.org/maven2/org/bouncycastle/org/gluu/oxcore-model/4.4.0-SNAPSHOT/maven-metadata.xml
[INFO] 
[INFO] --- maven-clean-plugin:2.5:clean (default-clean) @ casa ---
[INFO] Deleting /home/gabsko/breaking-updates/app/target
[INFO] 
[INFO] --- buildnumber-maven-plugin:1.1:create (default) @ casa ---
[INFO] Checking for local modifications: skipped.
[INFO] Updating project files from SCM: skipped.
[INFO] Executing: /bin/sh -c cd /home/gabsko/breaking-updates/app && git rev-parse --verify HEAD
[INFO] Working directory: /home/gabsko/breaking-updates/app
[INFO] Storing buildNumber: 7e4596382eee3e6ef1f0da8433064a46b733b12d at timestamp: 1675856024365
[INFO] Executing: /bin/sh -c cd /home/gabsko/breaking-updates/app && git rev-parse --verify HEAD
[INFO] Working directory: /home/gabsko/breaking-updates/app
[INFO] Storing buildScmBranch: UNKNOWN
[INFO] 
[INFO] --- maven-resources-plugin:2.6:resources (default-resources) @ casa ---
[INFO] Using 'UTF-8' encoding to copy filtered resources.
[INFO] Copying 6 resources
[INFO] 
[INFO] --- maven-compiler-plugin:3.8.1:compile (default-compile) @ casa ---
[INFO] Changes detected - recompiling the module!
[INFO] Compiling 153 source files to /home/gabsko/breaking-updates/app/target/classes
[INFO] /home/gabsko/breaking-updates/app/src/main/java/org/gluu/casa/core/RSRegistryHandler.java: Some input files use or override a deprecated API.
[INFO] /home/gabsko/breaking-updates/app/src/main/java/org/gluu/casa/core/RSRegistryHandler.java: Recompile with -Xlint:deprecation for details.
[INFO] /home/gabsko/breaking-updates/app/src/main/java/org/gluu/casa/core/plugin/PluginSettingsHandlerFactory.java: Some input files use unchecked or unsafe operations.
[INFO] /home/gabsko/breaking-updates/app/src/main/java/org/gluu/casa/core/plugin/PluginSettingsHandlerFactory.java: Recompile with -Xlint:unchecked for details.
[INFO] 
[INFO] --- maven-resources-plugin:2.6:testResources (default-testResources) @ casa ---
[INFO] Using 'UTF-8' encoding to copy filtered resources.
[INFO] skip non existing resourceDirectory /home/gabsko/breaking-updates/app/src/test/resources
[INFO] 
[INFO] --- maven-compiler-plugin:3.8.1:testCompile (default-testCompile) @ casa ---
[INFO] No sources to compile
[INFO] 
[INFO] --- maven-surefire-plugin:2.12.4:test (default-test) @ casa ---
[INFO] No tests to run.
[INFO] 
[INFO] ---------------< org.gluu.casa.plugins:account-linking >----------------
[INFO] Building account-linking 4.4.0-SNAPSHOT                           [4/10]
[INFO] --------------------------------[ jar ]---------------------------------
[WARNING] org.gluu:gluu-orm-util:4.4.0-SNAPSHOT/maven-metadata.xmlfailed to transfer from https://repo2.maven.org/maven2/org/bouncycastle during a previous attempt. This failure was cached in the local repository and resolution will not be reattempted until the update interval of bouncycastle has elapsed or updates are forced. Original error: Could not transfer metadata org.gluu:gluu-orm-util:4.4.0-SNAPSHOT/maven-metadata.xml from/to bouncycastle (https://repo2.maven.org/maven2/org/bouncycastle): transfer failed for https://repo2.maven.org/maven2/org/bouncycastle/org/gluu/gluu-orm-util/4.4.0-SNAPSHOT/maven-metadata.xml
[WARNING] org.gluu:oxeleven-client:4.4.0-SNAPSHOT/maven-metadata.xmlfailed to transfer from https://repo2.maven.org/maven2/org/bouncycastle during a previous attempt. This failure was cached in the local repository and resolution will not be reattempted until the update interval of bouncycastle has elapsed or updates are forced. Original error: Could not transfer metadata org.gluu:oxeleven-client:4.4.0-SNAPSHOT/maven-metadata.xml from/to bouncycastle (https://repo2.maven.org/maven2/org/bouncycastle): transfer failed for https://repo2.maven.org/maven2/org/bouncycastle/org/gluu/oxeleven-client/4.4.0-SNAPSHOT/maven-metadata.xml
[WARNING] org.gluu:oxeleven-model:4.4.0-SNAPSHOT/maven-metadata.xmlfailed to transfer from https://repo2.maven.org/maven2/org/bouncycastle during a previous attempt. This failure was cached in the local repository and resolution will not be reattempted until the update interval of bouncycastle has elapsed or updates are forced. Original error: Could not transfer metadata org.gluu:oxeleven-model:4.4.0-SNAPSHOT/maven-metadata.xml from/to bouncycastle (https://repo2.maven.org/maven2/org/bouncycastle): transfer failed for https://repo2.maven.org/maven2/org/bouncycastle/org/gluu/oxeleven-model/4.4.0-SNAPSHOT/maven-metadata.xml
[WARNING] org.gluu:gluu-orm-annotation:4.4.0-SNAPSHOT/maven-metadata.xmlfailed to transfer from https://repo2.maven.org/maven2/org/bouncycastle during a previous attempt. This failure was cached in the local repository and resolution will not be reattempted until the update interval of bouncycastle has elapsed or updates are forced. Original error: Could not transfer metadata org.gluu:gluu-orm-annotation:4.4.0-SNAPSHOT/maven-metadata.xml from/to bouncycastle (https://repo2.maven.org/maven2/org/bouncycastle): transfer failed for https://repo2.maven.org/maven2/org/bouncycastle/org/gluu/gluu-orm-annotation/4.4.0-SNAPSHOT/maven-metadata.xml
[WARNING] org.gluu:oxcore-model:4.4.0-SNAPSHOT/maven-metadata.xmlfailed to transfer from https://repo2.maven.org/maven2/org/bouncycastle during a previous attempt. This failure was cached in the local repository and resolution will not be reattempted until the update interval of bouncycastle has elapsed or updates are forced. Original error: Could not transfer metadata org.gluu:oxcore-model:4.4.0-SNAPSHOT/maven-metadata.xml from/to bouncycastle (https://repo2.maven.org/maven2/org/bouncycastle): transfer failed for https://repo2.maven.org/maven2/org/bouncycastle/org/gluu/oxcore-model/4.4.0-SNAPSHOT/maven-metadata.xml
[WARNING] org.gluu:gluu-orm-ldap:4.4.0-SNAPSHOT/maven-metadata.xmlfailed to transfer from https://repo2.maven.org/maven2/org/bouncycastle during a previous attempt. This failure was cached in the local repository and resolution will not be reattempted until the update interval of bouncycastle has elapsed or updates are forced. Original error: Could not transfer metadata org.gluu:gluu-orm-ldap:4.4.0-SNAPSHOT/maven-metadata.xml from/to bouncycastle (https://repo2.maven.org/maven2/org/bouncycastle): transfer failed for https://repo2.maven.org/maven2/org/bouncycastle/org/gluu/gluu-orm-ldap/4.4.0-SNAPSHOT/maven-metadata.xml
[WARNING] org.gluu:gluu-orm-core:4.4.0-SNAPSHOT/maven-metadata.xmlfailed to transfer from https://repo2.maven.org/maven2/org/bouncycastle during a previous attempt. This failure was cached in the local repository and resolution will not be reattempted until the update interval of bouncycastle has elapsed or updates are forced. Original error: Could not transfer metadata org.gluu:gluu-orm-core:4.4.0-SNAPSHOT/maven-metadata.xml from/to bouncycastle (https://repo2.maven.org/maven2/org/bouncycastle): transfer failed for https://repo2.maven.org/maven2/org/bouncycastle/org/gluu/gluu-orm-core/4.4.0-SNAPSHOT/maven-metadata.xml
[WARNING] org.gluu:gluu-orm-couchbase:4.4.0-SNAPSHOT/maven-metadata.xmlfailed to transfer from https://repo2.maven.org/maven2/org/bouncycastle during a previous attempt. This failure was cached in the local repository and resolution will not be reattempted until the update interval of bouncycastle has elapsed or updates are forced. Original error: Could not transfer metadata org.gluu:gluu-orm-couchbase:4.4.0-SNAPSHOT/maven-metadata.xml from/to bouncycastle (https://repo2.maven.org/maven2/org/bouncycastle): transfer failed for https://repo2.maven.org/maven2/org/bouncycastle/org/gluu/gluu-orm-couchbase/4.4.0-SNAPSHOT/maven-metadata.xml
[WARNING] org.gluu:gluu-orm-spanner:4.4.0-SNAPSHOT/maven-metadata.xmlfailed to transfer from https://repo2.maven.org/maven2/org/bouncycastle during a previous attempt. This failure was cached in the local repository and resolution will not be reattempted until the update interval of bouncycastle has elapsed or updates are forced. Original error: Could not transfer metadata org.gluu:gluu-orm-spanner:4.4.0-SNAPSHOT/maven-metadata.xml from/to bouncycastle (https://repo2.maven.org/maven2/org/bouncycastle): transfer failed for https://repo2.maven.org/maven2/org/bouncycastle/org/gluu/gluu-orm-spanner/4.4.0-SNAPSHOT/maven-metadata.xml
[WARNING] org.gluu:gluu-orm-sql:4.4.0-SNAPSHOT/maven-metadata.xmlfailed to transfer from https://repo2.maven.org/maven2/org/bouncycastle during a previous attempt. This failure was cached in the local repository and resolution will not be reattempted until the update interval of bouncycastle has elapsed or updates are forced. Original error: Could not transfer metadata org.gluu:gluu-orm-sql:4.4.0-SNAPSHOT/maven-metadata.xml from/to bouncycastle (https://repo2.maven.org/maven2/org/bouncycastle): transfer failed for https://repo2.maven.org/maven2/org/bouncycastle/org/gluu/gluu-orm-sql/4.4.0-SNAPSHOT/maven-metadata.xml
[WARNING] org.gluu:gluu-orm-hybrid:4.4.0-SNAPSHOT/maven-metadata.xmlfailed to transfer from https://repo2.maven.org/maven2/org/bouncycastle during a previous attempt. This failure was cached in the local repository and resolution will not be reattempted until the update interval of bouncycastle has elapsed or updates are forced. Original error: Could not transfer metadata org.gluu:gluu-orm-hybrid:4.4.0-SNAPSHOT/maven-metadata.xml from/to bouncycastle (https://repo2.maven.org/maven2/org/bouncycastle): transfer failed for https://repo2.maven.org/maven2/org/bouncycastle/org/gluu/gluu-orm-hybrid/4.4.0-SNAPSHOT/maven-metadata.xml
[WARNING] org.gluu:gluu-orm-cdi:4.4.0-SNAPSHOT/maven-metadata.xmlfailed to transfer from https://repo2.maven.org/maven2/org/bouncycastle during a previous attempt. This failure was cached in the local repository and resolution will not be reattempted until the update interval of bouncycastle has elapsed or updates are forced. Original error: Could not transfer metadata org.gluu:gluu-orm-cdi:4.4.0-SNAPSHOT/maven-metadata.xml from/to bouncycastle (https://repo2.maven.org/maven2/org/bouncycastle): transfer failed for https://repo2.maven.org/maven2/org/bouncycastle/org/gluu/gluu-orm-cdi/4.4.0-SNAPSHOT/maven-metadata.xml
[WARNING] org.gluu:oxcore-cache:4.4.0-SNAPSHOT/maven-metadata.xmlfailed to transfer from https://repo2.maven.org/maven2/org/bouncycastle during a previous attempt. This failure was cached in the local repository and resolution will not be reattempted until the update interval of bouncycastle has elapsed or updates are forced. Original error: Could not transfer metadata org.gluu:oxcore-cache:4.4.0-SNAPSHOT/maven-metadata.xml from/to bouncycastle (https://repo2.maven.org/maven2/org/bouncycastle): transfer failed for https://repo2.maven.org/maven2/org/bouncycastle/org/gluu/oxcore-cache/4.4.0-SNAPSHOT/maven-metadata.xml
[WARNING] org.gluu:oxcore-script:4.4.0-SNAPSHOT/maven-metadata.xmlfailed to transfer from https://repo2.maven.org/maven2/org/bouncycastle during a previous attempt. This failure was cached in the local repository and resolution will not be reattempted until the update interval of bouncycastle has elapsed or updates are forced. Original error: Could not transfer metadata org.gluu:oxcore-script:4.4.0-SNAPSHOT/maven-metadata.xml from/to bouncycastle (https://repo2.maven.org/maven2/org/bouncycastle): transfer failed for https://repo2.maven.org/maven2/org/bouncycastle/org/gluu/oxcore-script/4.4.0-SNAPSHOT/maven-metadata.xml
[WARNING] org.gluu:oxcore-cdi:4.4.0-SNAPSHOT/maven-metadata.xmlfailed to transfer from https://repo2.maven.org/maven2/org/bouncycastle during a previous attempt. This failure was cached in the local repository and resolution will not be reattempted until the update interval of bouncycastle has elapsed or updates are forced. Original error: Could not transfer metadata org.gluu:oxcore-cdi:4.4.0-SNAPSHOT/maven-metadata.xml from/to bouncycastle (https://repo2.maven.org/maven2/org/bouncycastle): transfer failed for https://repo2.maven.org/maven2/org/bouncycastle/org/gluu/oxcore-cdi/4.4.0-SNAPSHOT/maven-metadata.xml
[INFO] 
[INFO] --- maven-clean-plugin:2.5:clean (default-clean) @ account-linking ---
[INFO] Deleting /home/gabsko/breaking-updates/plugins/account-linking/target
[INFO] 
[INFO] --- maven-resources-plugin:2.6:resources (default-resources) @ account-linking ---
[WARNING] Using platform encoding (UTF-8 actually) to copy filtered resources, i.e. build is platform dependent!
[INFO] Copying 5 resources
[INFO] 
[INFO] --- maven-compiler-plugin:3.1:compile (default-compile) @ account-linking ---
[INFO] Changes detected - recompiling the module!
[WARNING] File encoding has not been set, using platform encoding UTF-8, i.e. build is platform dependent!
[INFO] Compiling 18 source files to /home/gabsko/breaking-updates/plugins/account-linking/target/classes
[INFO] 
[INFO] --- maven-resources-plugin:2.6:testResources (default-testResources) @ account-linking ---
[WARNING] Using platform encoding (UTF-8 actually) to copy filtered resources, i.e. build is platform dependent!
[INFO] skip non existing resourceDirectory /home/gabsko/breaking-updates/plugins/account-linking/src/test/resources
[INFO] 
[INFO] --- maven-compiler-plugin:3.1:testCompile (default-testCompile) @ account-linking ---
[INFO] No sources to compile
[INFO] 
[INFO] --- maven-surefire-plugin:2.12.4:test (default-test) @ account-linking ---
[INFO] No tests to run.
[INFO] 
[INFO] --------------< org.gluu.casa.plugins:authorized-clients >--------------
[INFO] Building authorized-clients 4.4.0-SNAPSHOT                        [5/10]
[INFO] --------------------------------[ jar ]---------------------------------
[WARNING] org.gluu:gluu-orm-annotation:4.4.0-SNAPSHOT/maven-metadata.xmlfailed to transfer from https://repo2.maven.org/maven2/org/bouncycastle during a previous attempt. This failure was cached in the local repository and resolution will not be reattempted until the update interval of bouncycastle has elapsed or updates are forced. Original error: Could not transfer metadata org.gluu:gluu-orm-annotation:4.4.0-SNAPSHOT/maven-metadata.xml from/to bouncycastle (https://repo2.maven.org/maven2/org/bouncycastle): transfer failed for https://repo2.maven.org/maven2/org/bouncycastle/org/gluu/gluu-orm-annotation/4.4.0-SNAPSHOT/maven-metadata.xml
[INFO] 
[INFO] --- maven-clean-plugin:2.5:clean (default-clean) @ authorized-clients ---
[INFO] Deleting /home/gabsko/breaking-updates/plugins/client-authorizations/target
[INFO] 
[INFO] --- maven-resources-plugin:2.6:resources (default-resources) @ authorized-clients ---
[WARNING] Using platform encoding (UTF-8 actually) to copy filtered resources, i.e. build is platform dependent!
[INFO] Copying 3 resources
[INFO] 
[INFO] --- maven-compiler-plugin:3.1:compile (default-compile) @ authorized-clients ---
[INFO] Changes detected - recompiling the module!
[WARNING] File encoding has not been set, using platform encoding UTF-8, i.e. build is platform dependent!
[INFO] Compiling 7 source files to /home/gabsko/breaking-updates/plugins/client-authorizations/target/classes
[INFO] 
[INFO] --- maven-resources-plugin:2.6:testResources (default-testResources) @ authorized-clients ---
[WARNING] Using platform encoding (UTF-8 actually) to copy filtered resources, i.e. build is platform dependent!
[INFO] skip non existing resourceDirectory /home/gabsko/breaking-updates/plugins/client-authorizations/src/test/resources
[INFO] 
[INFO] --- maven-compiler-plugin:3.1:testCompile (default-testCompile) @ authorized-clients ---
[INFO] No sources to compile
[INFO] 
[INFO] --- maven-surefire-plugin:2.12.4:test (default-test) @ authorized-clients ---
[INFO] No tests to run.
[INFO] 
[INFO] ---------------< org.gluu.casa.plugins:custom-branding >----------------
[INFO] Building custom-branding 4.4.0-SNAPSHOT                           [6/10]
[INFO] --------------------------------[ jar ]---------------------------------
[INFO] 
[INFO] --- maven-clean-plugin:2.5:clean (default-clean) @ custom-branding ---
[INFO] Deleting /home/gabsko/breaking-updates/plugins/custom-branding/target
[INFO] 
[INFO] --- maven-resources-plugin:2.6:resources (default-resources) @ custom-branding ---
[WARNING] Using platform encoding (UTF-8 actually) to copy filtered resources, i.e. build is platform dependent!
[INFO] Copying 3 resources
[INFO] 
[INFO] --- maven-compiler-plugin:3.1:compile (default-compile) @ custom-branding ---
[INFO] Changes detected - recompiling the module!
[WARNING] File encoding has not been set, using platform encoding UTF-8, i.e. build is platform dependent!
[INFO] Compiling 5 source files to /home/gabsko/breaking-updates/plugins/custom-branding/target/classes
[INFO] 
[INFO] --- maven-resources-plugin:2.6:testResources (default-testResources) @ custom-branding ---
[WARNING] Using platform encoding (UTF-8 actually) to copy filtered resources, i.e. build is platform dependent!
[INFO] skip non existing resourceDirectory /home/gabsko/breaking-updates/plugins/custom-branding/src/test/resources
[INFO] 
[INFO] --- maven-compiler-plugin:3.1:testCompile (default-testCompile) @ custom-branding ---
[INFO] No sources to compile
[INFO] 
[INFO] --- maven-surefire-plugin:2.12.4:test (default-test) @ custom-branding ---
[INFO] No tests to run.
[INFO] 
[INFO] ------------< org.gluu.casa.plugins:strong-authn-settings >-------------
[INFO] Building strong-authn-settings 4.4.0-SNAPSHOT                     [7/10]
[INFO] --------------------------------[ jar ]---------------------------------
[WARNING] org.gluu:oxcore-model:4.4.0-SNAPSHOT/maven-metadata.xmlfailed to transfer from https://repo2.maven.org/maven2/org/bouncycastle during a previous attempt. This failure was cached in the local repository and resolution will not be reattempted until the update interval of bouncycastle has elapsed or updates are forced. Original error: Could not transfer metadata org.gluu:oxcore-model:4.4.0-SNAPSHOT/maven-metadata.xml from/to bouncycastle (https://repo2.maven.org/maven2/org/bouncycastle): transfer failed for https://repo2.maven.org/maven2/org/bouncycastle/org/gluu/oxcore-model/4.4.0-SNAPSHOT/maven-metadata.xml
[INFO] 
[INFO] --- maven-clean-plugin:2.5:clean (default-clean) @ strong-authn-settings ---
[INFO] Deleting /home/gabsko/breaking-updates/plugins/strong-authn-settings/target
[INFO] 
[INFO] --- maven-resources-plugin:2.6:resources (default-resources) @ strong-authn-settings ---
[WARNING] Using platform encoding (UTF-8 actually) to copy filtered resources, i.e. build is platform dependent!
[INFO] Copying 6 resources
[INFO] 
[INFO] --- maven-compiler-plugin:3.1:compile (default-compile) @ strong-authn-settings ---
[INFO] Changes detected - recompiling the module!
[WARNING] File encoding has not been set, using platform encoding UTF-8, i.e. build is platform dependent!
[INFO] Compiling 17 source files to /home/gabsko/breaking-updates/plugins/strong-authn-settings/target/classes
[INFO] 
[INFO] --- maven-resources-plugin:2.6:testResources (default-testResources) @ strong-authn-settings ---
[WARNING] Using platform encoding (UTF-8 actually) to copy filtered resources, i.e. build is platform dependent!
[INFO] skip non existing resourceDirectory /home/gabsko/breaking-updates/plugins/strong-authn-settings/src/test/resources
[INFO] 
[INFO] --- maven-compiler-plugin:3.1:testCompile (default-testCompile) @ strong-authn-settings ---
[INFO] No sources to compile
[INFO] 
[INFO] --- maven-surefire-plugin:2.12.4:test (default-test) @ strong-authn-settings ---
[INFO] No tests to run.
[INFO] 
[INFO] ------------------< org.gluu.casa.plugins:cert-authn >------------------
[INFO] Building cert-authn 4.4.0-SNAPSHOT                                [8/10]
[INFO] --------------------------------[ jar ]---------------------------------
[INFO] Downloading from bouncycastle: https://repo2.maven.org/maven2/org/bouncycastle/org/gluu/oxauth-persistence-model/4.4.0-SNAPSHOT/maven-metadata.xml
[WARNING] Could not transfer metadata org.gluu:oxauth-persistence-model:4.4.0-SNAPSHOT/maven-metadata.xml from/to bouncycastle (https://repo2.maven.org/maven2/org/bouncycastle): transfer failed for https://repo2.maven.org/maven2/org/bouncycastle/org/gluu/oxauth-persistence-model/4.4.0-SNAPSHOT/maven-metadata.xml
[WARNING] org.gluu:oxauth-persistence-model:4.4.0-SNAPSHOT/maven-metadata.xmlfailed to transfer from https://repo2.maven.org/maven2/org/bouncycastle during a previous attempt. This failure was cached in the local repository and resolution will not be reattempted until the update interval of bouncycastle has elapsed or updates are forced. Original error: Could not transfer metadata org.gluu:oxauth-persistence-model:4.4.0-SNAPSHOT/maven-metadata.xml from/to bouncycastle (https://repo2.maven.org/maven2/org/bouncycastle): transfer failed for https://repo2.maven.org/maven2/org/bouncycastle/org/gluu/oxauth-persistence-model/4.4.0-SNAPSHOT/maven-metadata.xml
[WARNING] org.gluu:gluu-orm-ldap:4.4.0-SNAPSHOT/maven-metadata.xmlfailed to transfer from https://repo2.maven.org/maven2/org/bouncycastle during a previous attempt. This failure was cached in the local repository and resolution will not be reattempted until the update interval of bouncycastle has elapsed or updates are forced. Original error: Could not transfer metadata org.gluu:gluu-orm-ldap:4.4.0-SNAPSHOT/maven-metadata.xml from/to bouncycastle (https://repo2.maven.org/maven2/org/bouncycastle): transfer failed for https://repo2.maven.org/maven2/org/bouncycastle/org/gluu/gluu-orm-ldap/4.4.0-SNAPSHOT/maven-metadata.xml
[WARNING] org.gluu:gluu-orm-core:4.4.0-SNAPSHOT/maven-metadata.xmlfailed to transfer from https://repo2.maven.org/maven2/org/bouncycastle during a previous attempt. This failure was cached in the local repository and resolution will not be reattempted until the update interval of bouncycastle has elapsed or updates are forced. Original error: Could not transfer metadata org.gluu:gluu-orm-core:4.4.0-SNAPSHOT/maven-metadata.xml from/to bouncycastle (https://repo2.maven.org/maven2/org/bouncycastle): transfer failed for https://repo2.maven.org/maven2/org/bouncycastle/org/gluu/gluu-orm-core/4.4.0-SNAPSHOT/maven-metadata.xml
[WARNING] org.gluu:gluu-orm-couchbase:4.4.0-SNAPSHOT/maven-metadata.xmlfailed to transfer from https://repo2.maven.org/maven2/org/bouncycastle during a previous attempt. This failure was cached in the local repository and resolution will not be reattempted until the update interval of bouncycastle has elapsed or updates are forced. Original error: Could not transfer metadata org.gluu:gluu-orm-couchbase:4.4.0-SNAPSHOT/maven-metadata.xml from/to bouncycastle (https://repo2.maven.org/maven2/org/bouncycastle): transfer failed for https://repo2.maven.org/maven2/org/bouncycastle/org/gluu/gluu-orm-couchbase/4.4.0-SNAPSHOT/maven-metadata.xml
[WARNING] org.gluu:gluu-orm-sql:4.4.0-SNAPSHOT/maven-metadata.xmlfailed to transfer from https://repo2.maven.org/maven2/org/bouncycastle during a previous attempt. This failure was cached in the local repository and resolution will not be reattempted until the update interval of bouncycastle has elapsed or updates are forced. Original error: Could not transfer metadata org.gluu:gluu-orm-sql:4.4.0-SNAPSHOT/maven-metadata.xml from/to bouncycastle (https://repo2.maven.org/maven2/org/bouncycastle): transfer failed for https://repo2.maven.org/maven2/org/bouncycastle/org/gluu/gluu-orm-sql/4.4.0-SNAPSHOT/maven-metadata.xml
[WARNING] org.gluu:gluu-orm-spanner:4.4.0-SNAPSHOT/maven-metadata.xmlfailed to transfer from https://repo2.maven.org/maven2/org/bouncycastle during a previous attempt. This failure was cached in the local repository and resolution will not be reattempted until the update interval of bouncycastle has elapsed or updates are forced. Original error: Could not transfer metadata org.gluu:gluu-orm-spanner:4.4.0-SNAPSHOT/maven-metadata.xml from/to bouncycastle (https://repo2.maven.org/maven2/org/bouncycastle): transfer failed for https://repo2.maven.org/maven2/org/bouncycastle/org/gluu/gluu-orm-spanner/4.4.0-SNAPSHOT/maven-metadata.xml
[WARNING] org.gluu:gluu-orm-hybrid:4.4.0-SNAPSHOT/maven-metadata.xmlfailed to transfer from https://repo2.maven.org/maven2/org/bouncycastle during a previous attempt. This failure was cached in the local repository and resolution will not be reattempted until the update interval of bouncycastle has elapsed or updates are forced. Original error: Could not transfer metadata org.gluu:gluu-orm-hybrid:4.4.0-SNAPSHOT/maven-metadata.xml from/to bouncycastle (https://repo2.maven.org/maven2/org/bouncycastle): transfer failed for https://repo2.maven.org/maven2/org/bouncycastle/org/gluu/gluu-orm-hybrid/4.4.0-SNAPSHOT/maven-metadata.xml
[WARNING] org.gluu:gluu-orm-cdi:4.4.0-SNAPSHOT/maven-metadata.xmlfailed to transfer from https://repo2.maven.org/maven2/org/bouncycastle during a previous attempt. This failure was cached in the local repository and resolution will not be reattempted until the update interval of bouncycastle has elapsed or updates are forced. Original error: Could not transfer metadata org.gluu:gluu-orm-cdi:4.4.0-SNAPSHOT/maven-metadata.xml from/to bouncycastle (https://repo2.maven.org/maven2/org/bouncycastle): transfer failed for https://repo2.maven.org/maven2/org/bouncycastle/org/gluu/gluu-orm-cdi/4.4.0-SNAPSHOT/maven-metadata.xml
[INFO] Downloading from bouncycastle: https://repo2.maven.org/maven2/org/bouncycastle/org/gluu/oxcore-service/4.4.0-SNAPSHOT/maven-metadata.xml
[WARNING] Could not transfer metadata org.gluu:oxcore-service:4.4.0-SNAPSHOT/maven-metadata.xml from/to bouncycastle (https://repo2.maven.org/maven2/org/bouncycastle): transfer failed for https://repo2.maven.org/maven2/org/bouncycastle/org/gluu/oxcore-service/4.4.0-SNAPSHOT/maven-metadata.xml
[WARNING] org.gluu:oxcore-cache:4.4.0-SNAPSHOT/maven-metadata.xmlfailed to transfer from https://repo2.maven.org/maven2/org/bouncycastle during a previous attempt. This failure was cached in the local repository and resolution will not be reattempted until the update interval of bouncycastle has elapsed or updates are forced. Original error: Could not transfer metadata org.gluu:oxcore-cache:4.4.0-SNAPSHOT/maven-metadata.xml from/to bouncycastle (https://repo2.maven.org/maven2/org/bouncycastle): transfer failed for https://repo2.maven.org/maven2/org/bouncycastle/org/gluu/oxcore-cache/4.4.0-SNAPSHOT/maven-metadata.xml
[WARNING] org.gluu:oxcore-script:4.4.0-SNAPSHOT/maven-metadata.xmlfailed to transfer from https://repo2.maven.org/maven2/org/bouncycastle during a previous attempt. This failure was cached in the local repository and resolution will not be reattempted until the update interval of bouncycastle has elapsed or updates are forced. Original error: Could not transfer metadata org.gluu:oxcore-script:4.4.0-SNAPSHOT/maven-metadata.xml from/to bouncycastle (https://repo2.maven.org/maven2/org/bouncycastle): transfer failed for https://repo2.maven.org/maven2/org/bouncycastle/org/gluu/oxcore-script/4.4.0-SNAPSHOT/maven-metadata.xml
[WARNING] org.gluu:oxcore-cdi:4.4.0-SNAPSHOT/maven-metadata.xmlfailed to transfer from https://repo2.maven.org/maven2/org/bouncycastle during a previous attempt. This failure was cached in the local repository and resolution will not be reattempted until the update interval of bouncycastle has elapsed or updates are forced. Original error: Could not transfer metadata org.gluu:oxcore-cdi:4.4.0-SNAPSHOT/maven-metadata.xml from/to bouncycastle (https://repo2.maven.org/maven2/org/bouncycastle): transfer failed for https://repo2.maven.org/maven2/org/bouncycastle/org/gluu/oxcore-cdi/4.4.0-SNAPSHOT/maven-metadata.xml
[INFO] Downloading from bouncycastle: https://repo2.maven.org/maven2/org/bouncycastle/org/gluu/oxcore-document-store/4.4.0-SNAPSHOT/maven-metadata.xml
[WARNING] Could not transfer metadata org.gluu:oxcore-document-store:4.4.0-SNAPSHOT/maven-metadata.xml from/to bouncycastle (https://repo2.maven.org/maven2/org/bouncycastle): transfer failed for https://repo2.maven.org/maven2/org/bouncycastle/org/gluu/oxcore-document-store/4.4.0-SNAPSHOT/maven-metadata.xml
[INFO] 
[INFO] --- maven-clean-plugin:2.5:clean (default-clean) @ cert-authn ---
[INFO] Deleting /home/gabsko/breaking-updates/plugins/cert-authn/target
[INFO] 
[INFO] --- maven-resources-plugin:2.6:resources (default-resources) @ cert-authn ---
[WARNING] Using platform encoding (UTF-8 actually) to copy filtered resources, i.e. build is platform dependent!
[INFO] Copying 3 resources
[INFO] 
[INFO] --- maven-compiler-plugin:3.1:compile (default-compile) @ cert-authn ---
[INFO] Changes detected - recompiling the module!
[WARNING] File encoding has not been set, using platform encoding UTF-8, i.e. build is platform dependent!
[INFO] Compiling 9 source files to /home/gabsko/breaking-updates/plugins/cert-authn/target/classes
[INFO] 
[INFO] --- maven-resources-plugin:2.6:testResources (default-testResources) @ cert-authn ---
[WARNING] Using platform encoding (UTF-8 actually) to copy filtered resources, i.e. build is platform dependent!
[INFO] skip non existing resourceDirectory /home/gabsko/breaking-updates/plugins/cert-authn/src/test/resources
[INFO] 
[INFO] --- maven-compiler-plugin:3.1:testCompile (default-testCompile) @ cert-authn ---
[INFO] No sources to compile
[INFO] 
[INFO] --- maven-surefire-plugin:2.12.4:test (default-test) @ cert-authn ---
[INFO] No tests to run.
[INFO] 
[INFO] -----------------< org.gluu.casa.plugins:bioid-plugin >-----------------
[INFO] Building bioid-plugin 4.4.0-SNAPSHOT                              [9/10]
[INFO] --------------------------------[ jar ]---------------------------------
[INFO] 
[INFO] --- maven-clean-plugin:2.5:clean (default-clean) @ bioid-plugin ---
[INFO] Deleting /home/gabsko/breaking-updates/plugins/bioid/target
[INFO] 
[INFO] --- maven-resources-plugin:2.6:resources (default-resources) @ bioid-plugin ---
[WARNING] Using platform encoding (UTF-8 actually) to copy filtered resources, i.e. build is platform dependent!
[INFO] Copying 24 resources
[INFO] 
[INFO] --- maven-compiler-plugin:3.1:compile (default-compile) @ bioid-plugin ---
[INFO] Changes detected - recompiling the module!
[WARNING] File encoding has not been set, using platform encoding UTF-8, i.e. build is platform dependent!
[INFO] Compiling 6 source files to /home/gabsko/breaking-updates/plugins/bioid/target/classes
[WARNING] /home/gabsko/breaking-updates/plugins/bioid/src/main/java/org/gluu/casa/plugins/bioid/BioIDService.java: /home/gabsko/breaking-updates/plugins/bioid/src/main/java/org/gluu/casa/plugins/bioid/BioIDService.java uses or overrides a deprecated API.
[WARNING] /home/gabsko/breaking-updates/plugins/bioid/src/main/java/org/gluu/casa/plugins/bioid/BioIDService.java: Recompile with -Xlint:deprecation for details.
[INFO] 
[INFO] --- maven-resources-plugin:2.6:testResources (default-testResources) @ bioid-plugin ---
[WARNING] Using platform encoding (UTF-8 actually) to copy filtered resources, i.e. build is platform dependent!
[INFO] skip non existing resourceDirectory /home/gabsko/breaking-updates/plugins/bioid/src/test/resources
[INFO] 
[INFO] --- maven-compiler-plugin:3.1:testCompile (default-testCompile) @ bioid-plugin ---
[INFO] No sources to compile
[INFO] 
[INFO] --- maven-surefire-plugin:2.12.4:test (default-test) @ bioid-plugin ---
[INFO] No tests to run.
[INFO] 
[INFO] ------------------< org.gluu.casa.plugins:duo-plugin >------------------
[INFO] Building duo-plugin 4.4.0-SNAPSHOT                               [10/10]
[INFO] --------------------------------[ jar ]---------------------------------
[INFO] 
[INFO] --- maven-clean-plugin:2.5:clean (default-clean) @ duo-plugin ---
[INFO] Deleting /home/gabsko/breaking-updates/plugins/duo/target
[INFO] 
[INFO] --- maven-resources-plugin:2.6:resources (default-resources) @ duo-plugin ---
[WARNING] Using platform encoding (UTF-8 actually) to copy filtered resources, i.e. build is platform dependent!
[INFO] Copying 7 resources
[INFO] 
[INFO] --- maven-compiler-plugin:3.1:compile (default-compile) @ duo-plugin ---
[INFO] Changes detected - recompiling the module!
[WARNING] File encoding has not been set, using platform encoding UTF-8, i.e. build is platform dependent!
[INFO] Compiling 21 source files to /home/gabsko/breaking-updates/plugins/duo/target/classes
[INFO] 
[INFO] --- maven-resources-plugin:2.6:testResources (default-testResources) @ duo-plugin ---
[WARNING] Using platform encoding (UTF-8 actually) to copy filtered resources, i.e. build is platform dependent!
[INFO] skip non existing resourceDirectory /home/gabsko/breaking-updates/plugins/duo/src/test/resources
[INFO] 
[INFO] --- maven-compiler-plugin:3.1:testCompile (default-testCompile) @ duo-plugin ---
[INFO] No sources to compile
[INFO] 
[INFO] --- maven-surefire-plugin:2.12.4:test (default-test) @ duo-plugin ---
[INFO] No tests to run.
[INFO] ------------------------------------------------------------------------
[INFO] Reactor Summary for casa-base 4.4.0-SNAPSHOT:
[INFO] 
[INFO] casa-base .......................................... SUCCESS [  0.153 s]
[INFO] casa-shared ........................................ SUCCESS [  2.024 s]
[INFO] casa ............................................... SUCCESS [  1.945 s]
[INFO] account-linking .................................... SUCCESS [  0.468 s]
[INFO] authorized-clients ................................. SUCCESS [  0.121 s]
[INFO] custom-branding .................................... SUCCESS [  0.091 s]
[INFO] strong-authn-settings .............................. SUCCESS [  0.338 s]
[INFO] cert-authn ......................................... SUCCESS [  0.338 s]
[INFO] bioid-plugin ....................................... SUCCESS [  0.129 s]
[INFO] duo-plugin ......................................... SUCCESS [  0.192 s]
[INFO] ------------------------------------------------------------------------
[INFO] BUILD SUCCESS
[INFO] ------------------------------------------------------------------------
[INFO] Total time:  5.909 s
[INFO] Finished at: 2023-02-08T11:33:47Z
[INFO] ------------------------------------------------------------------------
