[INFO] Scanning for projects...
[INFO] 
[INFO] ---------------< com.mastercard.developer:oauth1-signer >---------------
[INFO] Building oauth1-signer 1.5.2-SNAPSHOT
[INFO] --------------------------------[ jar ]---------------------------------
[INFO] 
[INFO] --- maven-clean-plugin:2.5:clean (default-clean) @ oauth1-signer ---
[INFO] Deleting /home/gabsko/breaking-updates/target
[INFO] 
[INFO] --- jacoco-maven-plugin:0.8.5:prepare-agent (pre-unit-test) @ oauth1-signer ---
[INFO] argLine set to -javaagent:/home/gabsko/.m2/repository/org/jacoco/org.jacoco.agent/0.8.5/org.jacoco.agent-0.8.5-runtime.jar=destfile=/home/gabsko/breaking-updates/target/jacoco.exec
[INFO] 
[INFO] --- maven-resources-plugin:2.6:resources (default-resources) @ oauth1-signer ---
[INFO] Using 'UTF-8' encoding to copy filtered resources.
[INFO] skip non existing resourceDirectory /home/gabsko/breaking-updates/src/main/resources
[INFO] 
[INFO] --- maven-compiler-plugin:3.8.1:compile (default-compile) @ oauth1-signer ---
[INFO] Changes detected - recompiling the module!
[INFO] Compiling 16 source files to /home/gabsko/breaking-updates/target/classes
[INFO] 
[INFO] --- maven-resources-plugin:2.6:testResources (default-testResources) @ oauth1-signer ---
[INFO] Using 'UTF-8' encoding to copy filtered resources.
[INFO] Copying 2 resources
[INFO] 
[INFO] --- maven-compiler-plugin:3.8.1:testCompile (default-testCompile) @ oauth1-signer ---
[INFO] Changes detected - recompiling the module!
[INFO] Compiling 11 source files to /home/gabsko/breaking-updates/target/test-classes
[INFO] /home/gabsko/breaking-updates/src/test/java/com/mastercard/developer/signers/OkHttpSignerTest.java: Some input files use or override a deprecated API.
[INFO] /home/gabsko/breaking-updates/src/test/java/com/mastercard/developer/signers/OkHttpSignerTest.java: Recompile with -Xlint:deprecation for details.
[INFO] /home/gabsko/breaking-updates/src/test/java/com/mastercard/developer/oauth/OAuthTest.java: /home/gabsko/breaking-updates/src/test/java/com/mastercard/developer/oauth/OAuthTest.java uses unchecked or unsafe operations.
[INFO] /home/gabsko/breaking-updates/src/test/java/com/mastercard/developer/oauth/OAuthTest.java: Recompile with -Xlint:unchecked for details.
[INFO] 
[INFO] --- maven-surefire-plugin:2.12.4:test (default-test) @ oauth1-signer ---
[INFO] Surefire report directory: /home/gabsko/breaking-updates/target/surefire-reports

-------------------------------------------------------
 T E S T S
-------------------------------------------------------
Running com.mastercard.developer.utils.SecurityUtilsTest
Tests run: 1, Failures: 0, Errors: 0, Skipped: 0, Time elapsed: 0.241 sec
Running com.mastercard.developer.utils.AuthenticationUtilsTest
Tests run: 1, Failures: 0, Errors: 0, Skipped: 0, Time elapsed: 0.081 sec
Running com.mastercard.developer.signers.OkHttpSignerTest
Tests run: 1, Failures: 0, Errors: 0, Skipped: 0, Time elapsed: 0.377 sec
Running com.mastercard.developer.signers.OkHttp2SignerTest
Tests run: 1, Failures: 0, Errors: 0, Skipped: 0, Time elapsed: 0.152 sec
Running com.mastercard.developer.signers.HttpsUrlConnectionSignerTest
Tests run: 1, Failures: 0, Errors: 0, Skipped: 0, Time elapsed: 0.163 sec
Running com.mastercard.developer.signers.OpenFeignSignerTest
Tests run: 2, Failures: 0, Errors: 0, Skipped: 0, Time elapsed: 0.178 sec
Running com.mastercard.developer.signers.ApacheHttpClient4SignerTest
Tests run: 1, Failures: 0, Errors: 0, Skipped: 0, Time elapsed: 0.102 sec
Running com.mastercard.developer.signers.GoogleApiClientSignerTest
Tests run: 1, Failures: 0, Errors: 0, Skipped: 0, Time elapsed: 0.117 sec
Running com.mastercard.developer.signers.SpringHttpRequestSignerTest
Tests run: 6, Failures: 0, Errors: 0, Skipped: 0, Time elapsed: 0.565 sec
Running com.mastercard.developer.oauth.OAuthTest
Tests run: 21, Failures: 0, Errors: 0, Skipped: 0, Time elapsed: 1.524 sec

Results :

Tests run: 36, Failures: 0, Errors: 0, Skipped: 0

[INFO] 
[INFO] --- jacoco-maven-plugin:0.8.5:report (post-unit-test) @ oauth1-signer ---
[INFO] Loading execution data file /home/gabsko/breaking-updates/target/jacoco.exec
[INFO] Analyzed bundle 'oauth1-signer' with 16 classes
[INFO] ------------------------------------------------------------------------
[INFO] BUILD SUCCESS
[INFO] ------------------------------------------------------------------------
[INFO] Total time:  5.680 s
[INFO] Finished at: 2023-02-10T13:50:32Z
[INFO] ------------------------------------------------------------------------
