[INFO] Scanning for projects...
[INFO] Downloading from central: https://repo.maven.apache.org/maven2/org/exist-db/exist-apps-parent/1.11.0/exist-apps-parent-1.11.0.pom
[INFO] Downloaded from central: https://repo.maven.apache.org/maven2/org/exist-db/exist-apps-parent/1.11.0/exist-apps-parent-1.11.0.pom (15 kB at 39 kB/s)
[INFO] 
[INFO] ------------------< org.exist:messaging-replication >-------------------
[INFO] Building Messaging and Replication 1.0.0
[INFO] --------------------------------[ jar ]---------------------------------
[INFO] Downloading from central: https://repo.maven.apache.org/maven2/org/exist-db/exist-core/5.3.0/exist-core-5.3.0.pom
[INFO] Downloaded from central: https://repo.maven.apache.org/maven2/org/exist-db/exist-core/5.3.0/exist-core-5.3.0.pom (55 kB at 494 kB/s)
[INFO] Downloading from central: https://repo.maven.apache.org/maven2/org/exist-db/exist-parent/5.3.0/exist-parent-5.3.0.pom
[INFO] Downloaded from central: https://repo.maven.apache.org/maven2/org/exist-db/exist-parent/5.3.0/exist-parent-5.3.0.pom (49 kB at 230 kB/s)
[INFO] Downloading from central: https://repo.maven.apache.org/maven2/org/exist-db/exist-start/5.3.0/exist-start-5.3.0.pom
[INFO] Downloaded from central: https://repo.maven.apache.org/maven2/org/exist-db/exist-start/5.3.0/exist-start-5.3.0.pom (4.2 kB at 17 kB/s)
[INFO] Downloading from central: https://repo.maven.apache.org/maven2/org/exist-db/exist-expath/5.3.0/exist-expath-5.3.0.pom
[INFO] Downloaded from central: https://repo.maven.apache.org/maven2/org/exist-db/exist-expath/5.3.0/exist-expath-5.3.0.pom (3.8 kB at 17 kB/s)
[INFO] Downloading from central: https://repo.maven.apache.org/maven2/org/apache/activemq/activemq-client/5.16.3/activemq-client-5.16.3.pom
[INFO] Downloaded from central: https://repo.maven.apache.org/maven2/org/apache/activemq/activemq-client/5.16.3/activemq-client-5.16.3.pom (14 kB at 1.6 MB/s)
[INFO] Downloading from central: https://repo.maven.apache.org/maven2/org/apache/activemq/activemq-parent/5.16.3/activemq-parent-5.16.3.pom
[INFO] Downloaded from central: https://repo.maven.apache.org/maven2/org/apache/activemq/activemq-parent/5.16.3/activemq-parent-5.16.3.pom (60 kB at 2.2 MB/s)
[INFO] Downloading from central: https://repo.maven.apache.org/maven2/org/apache/activemq/activemq-pool/5.16.3/activemq-pool-5.16.3.pom
[INFO] Downloaded from central: https://repo.maven.apache.org/maven2/org/apache/activemq/activemq-pool/5.16.3/activemq-pool-5.16.3.pom (4.4 kB at 370 kB/s)
[INFO] Downloading from central: https://repo.maven.apache.org/maven2/org/apache/activemq/activemq-jms-pool/5.16.3/activemq-jms-pool-5.16.3.pom
[INFO] Downloaded from central: https://repo.maven.apache.org/maven2/org/apache/activemq/activemq-jms-pool/5.16.3/activemq-jms-pool-5.16.3.pom (5.3 kB at 279 kB/s)
[INFO] Downloading from central: https://repo.maven.apache.org/maven2/org/exist-db/exist-core/5.3.0/exist-core-5.3.0.jar
[INFO] Downloading from central: https://repo.maven.apache.org/maven2/org/exist-db/exist-start/5.3.0/exist-start-5.3.0.jar
[INFO] Downloading from central: https://repo.maven.apache.org/maven2/org/exist-db/exist-expath/5.3.0/exist-expath-5.3.0.jar
[INFO] Downloading from central: https://repo.maven.apache.org/maven2/org/apache/activemq/activemq-client/5.16.3/activemq-client-5.16.3.jar
[INFO] Downloading from central: https://repo.maven.apache.org/maven2/org/apache/activemq/activemq-pool/5.16.3/activemq-pool-5.16.3.jar
[INFO] Downloaded from central: https://repo.maven.apache.org/maven2/org/apache/activemq/activemq-pool/5.16.3/activemq-pool-5.16.3.jar (21 kB at 435 kB/s)
[INFO] Downloading from central: https://repo.maven.apache.org/maven2/org/apache/activemq/activemq-jms-pool/5.16.3/activemq-jms-pool-5.16.3.jar
[INFO] Downloaded from central: https://repo.maven.apache.org/maven2/org/apache/activemq/activemq-jms-pool/5.16.3/activemq-jms-pool-5.16.3.jar (53 kB at 756 kB/s)
[INFO] Downloaded from central: https://repo.maven.apache.org/maven2/org/apache/activemq/activemq-client/5.16.3/activemq-client-5.16.3.jar (1.4 MB at 16 MB/s)
[INFO] Downloaded from central: https://repo.maven.apache.org/maven2/org/exist-db/exist-start/5.3.0/exist-start-5.3.0.jar (20 kB at 189 kB/s)
[INFO] Downloaded from central: https://repo.maven.apache.org/maven2/org/exist-db/exist-expath/5.3.0/exist-expath-5.3.0.jar (39 kB at 325 kB/s)
[INFO] Downloaded from central: https://repo.maven.apache.org/maven2/org/exist-db/exist-core/5.3.0/exist-core-5.3.0.jar (5.4 MB at 8.4 MB/s)
[INFO] 
[INFO] --- maven-clean-plugin:2.5:clean (default-clean) @ messaging-replication ---
[INFO] 
[INFO] --- maven-enforcer-plugin:1.2:enforce (enforce-maven) @ messaging-replication ---
[INFO] 
[INFO] --- buildversion-plugin:1.0.3:set-properties (default) @ messaging-replication ---
[INFO] Downloading from central: https://repo.maven.apache.org/maven2/org/clojure/clojure/1.3.0/clojure-1.3.0.pom
[INFO] Downloaded from central: https://repo.maven.apache.org/maven2/org/clojure/clojure/1.3.0/clojure-1.3.0.pom (0 B at 0 B/s)
[INFO] Downloading from central: https://repo.maven.apache.org/maven2/org/clojure/clojure/1.2.1/clojure-1.2.1.pom
[INFO] Downloaded from central: https://repo.maven.apache.org/maven2/org/clojure/clojure/1.2.1/clojure-1.2.1.pom (0 B at 0 B/s)
[INFO] Downloading from central: https://repo.maven.apache.org/maven2/org/clojure/clojure/1.4.0/clojure-1.4.0.pom
[INFO] Downloaded from central: https://repo.maven.apache.org/maven2/org/clojure/clojure/1.4.0/clojure-1.4.0.pom (0 B at 0 B/s)
[INFO] Downloading from central: https://repo.maven.apache.org/maven2/org/clojure/clojure/1.3.0/clojure-1.3.0.jar
[INFO] Downloaded from central: https://repo.maven.apache.org/maven2/org/clojure/clojure/1.3.0/clojure-1.3.0.jar (0 B at 0 B/s)
[INFO] 
[INFO] --- maven-resources-plugin:2.6:resources (default-resources) @ messaging-replication ---
[INFO] Using 'UTF-8' encoding to copy filtered resources.
[INFO] Copying 1 resource
[INFO] Copying 68 resources
[INFO] 
[INFO] --- maven-compiler-plugin:3.8.1:compile (default-compile) @ messaging-replication ---
[INFO] Changes detected - recompiling the module!
[INFO] Compiling 42 source files to /home/gabsko/breaking-updates/target/classes
[INFO] /home/gabsko/breaking-updates/src/main/java/org/exist/jms/replication/shared/MessageHelper.java: Some input files use or override a deprecated API.
[INFO] /home/gabsko/breaking-updates/src/main/java/org/exist/jms/replication/shared/MessageHelper.java: Recompile with -Xlint:deprecation for details.
[INFO] -------------------------------------------------------------
[ERROR] COMPILATION ERROR : 
[INFO] -------------------------------------------------------------
[ERROR] /home/gabsko/breaking-updates/src/main/java/org/exist/jms/xquery/messaging/RegisterReceiver.java:[91,30] cannot find symbol
  symbol:   method setModule(java.lang.String,<nulltype>)
  location: class org.exist.xquery.XQueryContext
[ERROR] /home/gabsko/breaking-updates/src/main/java/org/exist/jms/xquery/messaging/RegisterReceiver.java:[92,20] cannot find symbol
  symbol:   method setModule(java.lang.String,<nulltype>)
  location: variable context of type org.exist.xquery.XQueryContext
[ERROR] /home/gabsko/breaking-updates/src/main/java/org/exist/jms/xquery/messaging/SendMessage.java:[49,96] cannot find symbol
  symbol:   variable ONE
  location: class org.exist.xquery.Cardinality
[ERROR] /home/gabsko/breaking-updates/src/main/java/org/exist/jms/xquery/messaging/SendMessage.java:[51,104] cannot find symbol
  symbol:   variable ONE
  location: class org.exist.xquery.Cardinality
[ERROR] /home/gabsko/breaking-updates/src/main/java/org/exist/jms/xquery/messaging/SendMessage.java:[53,74] cannot find symbol
  symbol:   variable ONE
  location: class org.exist.xquery.Cardinality
[ERROR] /home/gabsko/breaking-updates/src/main/java/org/exist/jms/xquery/replication/SyncResource.java:[61,75] cannot find symbol
  symbol:   variable EMPTY
  location: class org.exist.xquery.Cardinality
[ERROR] /home/gabsko/breaking-updates/src/main/java/org/exist/jms/xquery/replication/SyncResource.java:[67,75] cannot find symbol
  symbol:   variable EMPTY
  location: class org.exist.xquery.Cardinality
[ERROR] /home/gabsko/breaking-updates/src/main/java/org/exist/jms/replication/subscribe/ReplicationJmsListener.java:[717,34] invalid method reference
  cannot find symbol
    symbol:   method setCreationTime()
    location: interface org.exist.collections.Collection
[ERROR] /home/gabsko/breaking-updates/src/main/java/org/exist/jms/replication/subscribe/ReplicationJmsListener.java:[900,31] invalid method reference
  cannot find symbol
    symbol:   method setCreationTime()
    location: interface org.exist.collections.Collection
[ERROR] /home/gabsko/breaking-updates/src/main/java/org/exist/jms/xquery/replication/ReplicationSwitch.java:[45,75] cannot find symbol
  symbol:   variable ZERO
  location: class org.exist.xquery.Cardinality
[ERROR] /home/gabsko/breaking-updates/src/main/java/org/exist/jms/xquery/management/ManageReceivers.java:[52,60] cannot find symbol
  symbol:   variable EMPTY
  location: class org.exist.xquery.Cardinality
[ERROR] /home/gabsko/breaking-updates/src/main/java/org/exist/jms/xquery/management/ManageReceivers.java:[58,60] cannot find symbol
  symbol:   variable EMPTY
  location: class org.exist.xquery.Cardinality
[ERROR] /home/gabsko/breaking-updates/src/main/java/org/exist/jms/xquery/management/ManageReceivers.java:[64,60] cannot find symbol
  symbol:   variable EMPTY
  location: class org.exist.xquery.Cardinality
[ERROR] /home/gabsko/breaking-updates/src/main/java/org/exist/jms/xquery/management/ManageReceivers.java:[70,74] cannot find symbol
  symbol:   variable ONE
  location: class org.exist.xquery.Cardinality
[ERROR] /home/gabsko/breaking-updates/src/main/java/org/exist/jms/xquery/management/ManageReceivers.java:[76,74] cannot find symbol
  symbol:   variable ONE
  location: class org.exist.xquery.Cardinality
[INFO] 15 errors 
[INFO] -------------------------------------------------------------
[INFO] ------------------------------------------------------------------------
[INFO] BUILD FAILURE
[INFO] ------------------------------------------------------------------------
[INFO] Total time:  6.853 s
[INFO] Finished at: 2023-02-11T12:54:04Z
[INFO] ------------------------------------------------------------------------
[ERROR] Failed to execute goal org.apache.maven.plugins:maven-compiler-plugin:3.8.1:compile (default-compile) on project messaging-replication: Compilation failure: Compilation failure: 
[ERROR] /home/gabsko/breaking-updates/src/main/java/org/exist/jms/xquery/messaging/RegisterReceiver.java:[91,30] cannot find symbol
[ERROR]   symbol:   method setModule(java.lang.String,<nulltype>)
[ERROR]   location: class org.exist.xquery.XQueryContext
[ERROR] /home/gabsko/breaking-updates/src/main/java/org/exist/jms/xquery/messaging/RegisterReceiver.java:[92,20] cannot find symbol
[ERROR]   symbol:   method setModule(java.lang.String,<nulltype>)
[ERROR]   location: variable context of type org.exist.xquery.XQueryContext
[ERROR] /home/gabsko/breaking-updates/src/main/java/org/exist/jms/xquery/messaging/SendMessage.java:[49,96] cannot find symbol
[ERROR]   symbol:   variable ONE
[ERROR]   location: class org.exist.xquery.Cardinality
[ERROR] /home/gabsko/breaking-updates/src/main/java/org/exist/jms/xquery/messaging/SendMessage.java:[51,104] cannot find symbol
[ERROR]   symbol:   variable ONE
[ERROR]   location: class org.exist.xquery.Cardinality
[ERROR] /home/gabsko/breaking-updates/src/main/java/org/exist/jms/xquery/messaging/SendMessage.java:[53,74] cannot find symbol
[ERROR]   symbol:   variable ONE
[ERROR]   location: class org.exist.xquery.Cardinality
[ERROR] /home/gabsko/breaking-updates/src/main/java/org/exist/jms/xquery/replication/SyncResource.java:[61,75] cannot find symbol
[ERROR]   symbol:   variable EMPTY
[ERROR]   location: class org.exist.xquery.Cardinality
[ERROR] /home/gabsko/breaking-updates/src/main/java/org/exist/jms/xquery/replication/SyncResource.java:[67,75] cannot find symbol
[ERROR]   symbol:   variable EMPTY
[ERROR]   location: class org.exist.xquery.Cardinality
[ERROR] /home/gabsko/breaking-updates/src/main/java/org/exist/jms/replication/subscribe/ReplicationJmsListener.java:[717,34] invalid method reference
[ERROR]   cannot find symbol
[ERROR]     symbol:   method setCreationTime()
[ERROR]     location: interface org.exist.collections.Collection
[ERROR] /home/gabsko/breaking-updates/src/main/java/org/exist/jms/replication/subscribe/ReplicationJmsListener.java:[900,31] invalid method reference
[ERROR]   cannot find symbol
[ERROR]     symbol:   method setCreationTime()
[ERROR]     location: interface org.exist.collections.Collection
[ERROR] /home/gabsko/breaking-updates/src/main/java/org/exist/jms/xquery/replication/ReplicationSwitch.java:[45,75] cannot find symbol
[ERROR]   symbol:   variable ZERO
[ERROR]   location: class org.exist.xquery.Cardinality
[ERROR] /home/gabsko/breaking-updates/src/main/java/org/exist/jms/xquery/management/ManageReceivers.java:[52,60] cannot find symbol
[ERROR]   symbol:   variable EMPTY
[ERROR]   location: class org.exist.xquery.Cardinality
[ERROR] /home/gabsko/breaking-updates/src/main/java/org/exist/jms/xquery/management/ManageReceivers.java:[58,60] cannot find symbol
[ERROR]   symbol:   variable EMPTY
[ERROR]   location: class org.exist.xquery.Cardinality
[ERROR] /home/gabsko/breaking-updates/src/main/java/org/exist/jms/xquery/management/ManageReceivers.java:[64,60] cannot find symbol
[ERROR]   symbol:   variable EMPTY
[ERROR]   location: class org.exist.xquery.Cardinality
[ERROR] /home/gabsko/breaking-updates/src/main/java/org/exist/jms/xquery/management/ManageReceivers.java:[70,74] cannot find symbol
[ERROR]   symbol:   variable ONE
[ERROR]   location: class org.exist.xquery.Cardinality
[ERROR] /home/gabsko/breaking-updates/src/main/java/org/exist/jms/xquery/management/ManageReceivers.java:[76,74] cannot find symbol
[ERROR]   symbol:   variable ONE
[ERROR]   location: class org.exist.xquery.Cardinality
[ERROR] -> [Help 1]
[ERROR] 
[ERROR] To see the full stack trace of the errors, re-run Maven with the -e switch.
[ERROR] Re-run Maven using the -X switch to enable full debug logging.
[ERROR] 
[ERROR] For more information about the errors and possible solutions, please read the following articles:
[ERROR] [Help 1] http://cwiki.apache.org/confluence/display/MAVEN/MojoFailureException
