[INFO] Scanning for projects...
[INFO] 
[INFO] ----------------------< com.xdev-software:biapi >-----------------------
[INFO] Building XDEV BI Suite 6.0.2-SNAPSHOT
[INFO] --------------------------------[ jar ]---------------------------------
[INFO] 
[INFO] --- maven-clean-plugin:3.1.0:clean (default-clean) @ biapi ---
[INFO] Deleting /home/gabsko/breaking-updates/target
[INFO] 
[INFO] --- maven-enforcer-plugin:3.0.0:enforce (enforce-maven) @ biapi ---
[INFO] 
[INFO] --- maven-checkstyle-plugin:3.1.2:check (validate) @ biapi ---
[INFO] Starting audit...
[WARN] /home/gabsko/breaking-updates/src/main/java/xdev/reports/jasper/JRJTableRendererDataSource.java:101:37: Parameter jrField should be final. [FinalParameters]
[WARN] /home/gabsko/breaking-updates/src/main/java/xdev/reports/jasper/JRJTableRendererDataSource.java:145:38: Parameter table should be final. [FinalParameters]
[WARN] /home/gabsko/breaking-updates/src/main/java/xdev/reports/jasper/JRJTableRendererDataSource.java:145:52: Parameter columnName should be final. [FinalParameters]
[WARN] /home/gabsko/breaking-updates/src/main/java/xdev/reports/jasper/Report.java:47:35: Parameter data should be final. [FinalParameters]
[WARN] /home/gabsko/breaking-updates/src/main/java/xdev/reports/jasper/JRMappedField.java:104:9: Avoid using clone method. [NoClone]
[WARN] /home/gabsko/breaking-updates/src/main/java/xdev/reports/jasper/cmd/ReportCreation.java:52:1: Name 'ReportCreation' must match pattern '^Abstract.*$'. [AbstractClassName]
[WARN] /home/gabsko/breaking-updates/src/main/java/xdev/reports/jasper/cmd/ReportCreation.java:80:115: '!=' is not followed by whitespace. [WhitespaceAround]
[WARN] /home/gabsko/breaking-updates/src/main/java/xdev/reports/jasper/cmd/ReportCreation.java:80:115: '!=' is not preceded with whitespace. [WhitespaceAround]
[WARN] /home/gabsko/breaking-updates/src/main/java/xdev/reports/jasper/cmd/ReportCreation.java:86:115: '!=' is not followed by whitespace. [WhitespaceAround]
[WARN] /home/gabsko/breaking-updates/src/main/java/xdev/reports/jasper/cmd/ReportCreation.java:86:115: '!=' is not preceded with whitespace. [WhitespaceAround]
[WARN] /home/gabsko/breaking-updates/src/main/java/xdev/reports/jasper/cmd/ReportCreation.java:102:31: Parameter args should be final. [FinalParameters]
[WARN] /home/gabsko/breaking-updates/src/main/java/xdev/reports/jasper/cmd/ReportCreation.java:108:49: Parameter vt should be final. [FinalParameters]
[WARN] /home/gabsko/breaking-updates/src/main/java/xdev/reports/jasper/cmd/ReportCreation.java:108:66: Parameter formatted should be final. [FinalParameters]
[WARN] /home/gabsko/breaking-updates/src/main/java/xdev/reports/jasper/cmd/ReportCreation.java:108:85: Parameter mapping should be final. [FinalParameters]
[WARN] /home/gabsko/breaking-updates/src/main/java/xdev/reports/jasper/cmd/ReportCreation.java:131:35: Parameter reportStub should be final. [FinalParameters]
[WARN] /home/gabsko/breaking-updates/src/main/java/xdev/reports/jasper/cmd/ReportCreation.java:143:31: Parameter target should be final. [FinalParameters]
[WARN] /home/gabsko/breaking-updates/src/main/java/xdev/reports/jasper/cmd/ReportCreation.java:155:42: Parameter displayPageDialog should be final. [FinalParameters]
[WARN] /home/gabsko/breaking-updates/src/main/java/xdev/reports/jasper/cmd/ReportCreation.java:167:50: Parameter displayPageDialogOnlyOnce should be final. [FinalParameters]
[WARN] /home/gabsko/breaking-updates/src/main/java/xdev/reports/jasper/cmd/ReportCreation.java:179:43: Parameter displayPrintDialog should be final. [FinalParameters]
[WARN] /home/gabsko/breaking-updates/src/main/java/xdev/reports/jasper/cmd/ReportCreation.java:191:51: Parameter displayPrintDialogOnlyOnce should be final. [FinalParameters]
[WARN] /home/gabsko/breaking-updates/src/main/java/xdev/reports/jasper/cmd/ReportCreation.java:203:37: Parameter outputFormat should be final. [FinalParameters]
[WARN] /home/gabsko/breaking-updates/src/main/java/xdev/reports/jasper/cmd/ReportCreation.java:215:29: Parameter file should be final. [FinalParameters]
[WARN] /home/gabsko/breaking-updates/src/main/java/xdev/reports/jasper/cmd/ReportCreation.java:227:33: Parameter openFile should be final. [FinalParameters]
[WARN] /home/gabsko/breaking-updates/src/main/java/xdev/reports/jasper/cmd/ReportCreation.java:239:37: Parameter outputStream should be final. [FinalParameters]
[WARN] /home/gabsko/breaking-updates/src/main/java/xdev/reports/jasper/cmd/ReportCreation.java:257:17: MissingSwitchDefault: switch ohne "default". [MissingSwitchDefault]
[WARN] /home/gabsko/breaking-updates/src/main/java/xdev/reports/jasper/cmd/ReportCreation.java:290:25: MissingSwitchDefault: switch ohne "default". [MissingSwitchDefault]
[WARN] /home/gabsko/breaking-updates/src/main/java/xdev/reports/jasper/cmd/ReportCreation.java:322:49: MissingSwitchDefault: switch ohne "default". [MissingSwitchDefault]
[WARN] /home/gabsko/breaking-updates/src/main/java/xdev/reports/jasper/AbstractReportStub.java:50:35: Parameter dataSource should be final. [FinalParameters]
[WARN] /home/gabsko/breaking-updates/src/main/java/xdev/reports/jasper/AbstractReportStub.java:63:39: Parameter jasperFilePath should be final. [FinalParameters]
[WARN] /home/gabsko/breaking-updates/src/main/java/xdev/reports/jasper/AbstractReportStub.java:76:34: Parameter subreport should be final. [FinalParameters]
[WARN] /home/gabsko/breaking-updates/src/main/java/xdev/reports/jasper/AbstractReportStub.java:109:43: Parameter key should be final. [FinalParameters]
[WARN] /home/gabsko/breaking-updates/src/main/java/xdev/reports/jasper/AbstractReportStub.java:109:55: Parameter value should be final. [FinalParameters]
[WARN] /home/gabsko/breaking-updates/src/main/java/xdev/reports/jasper/ReportException.java:34:32: Parameter message should be final. [FinalParameters]
[WARN] /home/gabsko/breaking-updates/src/main/java/xdev/reports/jasper/ReportException.java:34:48: Parameter cause should be final. [FinalParameters]
[WARN] /home/gabsko/breaking-updates/src/main/java/xdev/reports/jasper/ReportException.java:40:32: Parameter message should be final. [FinalParameters]
[WARN] /home/gabsko/breaking-updates/src/main/java/xdev/reports/jasper/ReportException.java:46:32: Parameter cause should be final. [FinalParameters]
[WARN] /home/gabsko/breaking-updates/src/main/java/xdev/reports/jasper/JasperReportUtils.java:40:1: Utility classes should not have a public or default constructor. [HideUtilityClassConstructor]
[WARN] /home/gabsko/breaking-updates/src/main/java/xdev/reports/jasper/ReportBuilder.java:577:40: '80' is a magic number. [MagicNumber]
[WARN] /home/gabsko/breaking-updates/src/main/java/xdev/reports/jasper/ReportBuilder.java:577:43: '30' is a magic number. [MagicNumber]
[WARN] /home/gabsko/breaking-updates/src/main/java/xdev/tableexport/config/ColumnBorder.java:61:29: Parameter lineWidth should be final. [FinalParameters]
[WARN] /home/gabsko/breaking-updates/src/main/java/xdev/tableexport/config/ColumnBorder.java:61:44: Parameter lineColor should be final. [FinalParameters]
[WARN] /home/gabsko/breaking-updates/src/main/java/xdev/tableexport/config/ColumnBorder.java:61:61: Parameter lineStyle should be final. [FinalParameters]
[WARN] /home/gabsko/breaking-updates/src/main/java/xdev/tableexport/config/ColumnBorder.java:86:34: Parameter lineColor should be final. [FinalParameters]
[WARN] /home/gabsko/breaking-updates/src/main/java/xdev/tableexport/config/ColumnBorder.java:111:34: Parameter lineStyle should be final. [FinalParameters]
[WARN] /home/gabsko/breaking-updates/src/main/java/xdev/tableexport/config/ColumnBorder.java:134:34: Parameter lineWidth should be final. [FinalParameters]
[WARN] /home/gabsko/breaking-updates/src/main/java/xdev/tableexport/config/AbstractColumn.java:37:34: Parameter fieldName should be final. [FinalParameters]
[WARN] /home/gabsko/breaking-updates/src/main/java/xdev/tableexport/config/AbstractColumn.java:47:41: Parameter valueClass should be final. [FinalParameters]
[WARN] /home/gabsko/breaking-updates/src/main/java/xdev/tableexport/config/AbstractColumn.java:57:30: Parameter style should be final. [FinalParameters]
[WARN] /home/gabsko/breaking-updates/src/main/java/xdev/tableexport/config/LineStyle.java:56:27: Parameter lineStyleEnum should be final. [FinalParameters]
[WARN] /home/gabsko/breaking-updates/src/main/java/xdev/tableexport/config/TemplateColumn.java:73:38: Parameter contentColumn should be final. [FinalParameters]
[WARN] /home/gabsko/breaking-updates/src/main/java/xdev/tableexport/config/TemplateColumn.java:78:32: Parameter visible should be final. [FinalParameters]
[WARN] /home/gabsko/breaking-updates/src/main/java/xdev/tableexport/config/TemplateColumn.java:83:40: Parameter hasHeaderColumn should be final. [FinalParameters]
[WARN] /home/gabsko/breaking-updates/src/main/java/xdev/tableexport/config/TemplateColumn.java:89:37: Parameter headerColumn should be final. [FinalParameters]
[WARN] /home/gabsko/breaking-updates/src/main/java/xdev/tableexport/config/TemplateColumn.java:95:30: Parameter width should be final. [FinalParameters]
[WARN] /home/gabsko/breaking-updates/src/main/java/xdev/tableexport/config/TemplateColumn.java:101:35: Parameter columnName should be final. [FinalParameters]
[WARN] /home/gabsko/breaking-updates/src/main/java/xdev/tableexport/config/DefaultPageProperties.java:31:33: Name 'DEFAULT_PAGE_HEIGHT' must match pattern '^[a-z_][a-zA-Z0-9_]*$'. [StaticVariableName]
[WARN] /home/gabsko/breaking-updates/src/main/java/xdev/tableexport/config/DefaultPageProperties.java:31:33: Variable 'DEFAULT_PAGE_HEIGHT' must be private and have accessor methods. [VisibilityModifier]
[WARN] /home/gabsko/breaking-updates/src/main/java/xdev/tableexport/config/DefaultPageProperties.java:31:67: '842' is a magic number. [MagicNumber]
[WARN] /home/gabsko/breaking-updates/src/main/java/xdev/tableexport/config/DefaultPageProperties.java:35:33: Name 'DEFAULT_SPACING' must match pattern '^[a-z_][a-zA-Z0-9_]*$'. [StaticVariableName]
[WARN] /home/gabsko/breaking-updates/src/main/java/xdev/tableexport/config/DefaultPageProperties.java:35:33: Variable 'DEFAULT_SPACING' must be private and have accessor methods. [VisibilityModifier]
[WARN] /home/gabsko/breaking-updates/src/main/java/xdev/tableexport/config/DefaultPageProperties.java:39:33: Name 'DEFAULT_LEFT_MARGIN' must match pattern '^[a-z_][a-zA-Z0-9_]*$'. [StaticVariableName]
[WARN] /home/gabsko/breaking-updates/src/main/java/xdev/tableexport/config/DefaultPageProperties.java:39:33: Variable 'DEFAULT_LEFT_MARGIN' must be private and have accessor methods. [VisibilityModifier]
[WARN] /home/gabsko/breaking-updates/src/main/java/xdev/tableexport/config/DefaultPageProperties.java:39:67: '40' is a magic number. [MagicNumber]
[WARN] /home/gabsko/breaking-updates/src/main/java/xdev/tableexport/config/DefaultPageProperties.java:43:33: Name 'DEFAULT_RIGHT_MARGIN' must match pattern '^[a-z_][a-zA-Z0-9_]*$'. [StaticVariableName]
[WARN] /home/gabsko/breaking-updates/src/main/java/xdev/tableexport/config/DefaultPageProperties.java:43:33: Variable 'DEFAULT_RIGHT_MARGIN' must be private and have accessor methods. [VisibilityModifier]
[WARN] /home/gabsko/breaking-updates/src/main/java/xdev/tableexport/config/DefaultPageProperties.java:43:59: '40' is a magic number. [MagicNumber]
[WARN] /home/gabsko/breaking-updates/src/main/java/xdev/tableexport/config/DefaultPageProperties.java:47:33: Name 'DEFAULT_TOP_MARGIN' must match pattern '^[a-z_][a-zA-Z0-9_]*$'. [StaticVariableName]
[WARN] /home/gabsko/breaking-updates/src/main/java/xdev/tableexport/config/DefaultPageProperties.java:47:33: Variable 'DEFAULT_TOP_MARGIN' must be private and have accessor methods. [VisibilityModifier]
[WARN] /home/gabsko/breaking-updates/src/main/java/xdev/tableexport/config/DefaultPageProperties.java:47:67: '50' is a magic number. [MagicNumber]
[WARN] /home/gabsko/breaking-updates/src/main/java/xdev/tableexport/config/DefaultPageProperties.java:51:33: Name 'DEFAULT_BOTTOM_MARGIN' must match pattern '^[a-z_][a-zA-Z0-9_]*$'. [StaticVariableName]
[WARN] /home/gabsko/breaking-updates/src/main/java/xdev/tableexport/config/DefaultPageProperties.java:51:33: Variable 'DEFAULT_BOTTOM_MARGIN' must be private and have accessor methods. [VisibilityModifier]
[WARN] /home/gabsko/breaking-updates/src/main/java/xdev/tableexport/config/DefaultPageProperties.java:51:59: '50' is a magic number. [MagicNumber]
[WARN] /home/gabsko/breaking-updates/src/main/java/xdev/tableexport/config/builder/XdevTableConfigBuilder.java:71:39: Parameter table should be final. [FinalParameters]
[WARN] /home/gabsko/breaking-updates/src/main/java/xdev/tableexport/config/builder/XdevTableConfigBuilder.java:148:44: Parameter fieldnameToColumn should be final. [FinalParameters]
[WARN] /home/gabsko/breaking-updates/src/main/java/xdev/tableexport/config/builder/XdevTableConfigBuilder.java:155:50: Parameter style should be final. [FinalParameters]
[WARN] /home/gabsko/breaking-updates/src/main/java/xdev/tableexport/config/builder/XdevTableConfigBuilder.java:162:49: Parameter style should be final. [FinalParameters]
[WARN] /home/gabsko/breaking-updates/src/main/java/xdev/tableexport/config/builder/ExportConfigBuilder.java:64:67: Expected @param tag for 'style'. [JavadocMethod]
[WARN] /home/gabsko/breaking-updates/src/main/java/xdev/tableexport/config/builder/ExportConfigBuilder.java:70:68: Expected @param tag for 'style'. [JavadocMethod]
[WARN] /home/gabsko/breaking-updates/src/main/java/xdev/tableexport/config/builder/JTableViewConfigBuilder.java:32:40: Parameter table should be final. [FinalParameters]
[WARN] /home/gabsko/breaking-updates/src/main/java/xdev/tableexport/config/builder/JTableViewConfigBuilder.java:43:44: Parameter column should be final. [FinalParameters]
[WARN] /home/gabsko/breaking-updates/src/main/java/xdev/tableexport/config/builder/JTableViewConfigBuilder.java:43:66: Parameter columnValueClass should be final. [FinalParameters]
[WARN] /home/gabsko/breaking-updates/src/main/java/xdev/tableexport/config/builder/VTConfigBuilder.java:53:32: Parameter vt should be final. [FinalParameters]
[WARN] /home/gabsko/breaking-updates/src/main/java/xdev/tableexport/config/builder/VTConfigBuilder.java:68:25: 'if' construct must use '{}'s. [NeedBraces]
[WARN] /home/gabsko/breaking-updates/src/main/java/xdev/tableexport/config/builder/VTConfigBuilder.java:125:67: Parameter vtAlignment should be final. [FinalParameters]
[WARN] /home/gabsko/breaking-updates/src/main/java/xdev/tableexport/config/builder/VTConfigBuilder.java:147:44: Parameter fieldnameToColumn should be final. [FinalParameters]
[WARN] /home/gabsko/breaking-updates/src/main/java/xdev/tableexport/config/builder/VTConfigBuilder.java:154:50: Parameter style should be final. [FinalParameters]
[WARN] /home/gabsko/breaking-updates/src/main/java/xdev/tableexport/config/builder/VTConfigBuilder.java:161:49: Parameter style should be final. [FinalParameters]
[WARN] /home/gabsko/breaking-updates/src/main/java/xdev/tableexport/config/builder/DefaultJTableConfigBuilder.java:66:43: Parameter table should be final. [FinalParameters]
[WARN] /home/gabsko/breaking-updates/src/main/java/xdev/tableexport/config/builder/DefaultJTableConfigBuilder.java:136:44: Parameter column should be final. [FinalParameters]
[WARN] /home/gabsko/breaking-updates/src/main/java/xdev/tableexport/config/builder/DefaultJTableConfigBuilder.java:136:66: Parameter columnValueClass should be final. [FinalParameters]
[WARN] /home/gabsko/breaking-updates/src/main/java/xdev/tableexport/config/builder/DefaultJTableConfigBuilder.java:143:44: Parameter fieldnameToColumn should be final. [FinalParameters]
[WARN] /home/gabsko/breaking-updates/src/main/java/xdev/tableexport/config/builder/DefaultJTableConfigBuilder.java:149:50: Parameter style should be final. [FinalParameters]
[WARN] /home/gabsko/breaking-updates/src/main/java/xdev/tableexport/config/builder/DefaultJTableConfigBuilder.java:156:49: Parameter style should be final. [FinalParameters]
[WARN] /home/gabsko/breaking-updates/src/main/java/xdev/tableexport/config/ColumnPadding.java:51:30: Parameter leftWidth should be final. [FinalParameters]
[WARN] /home/gabsko/breaking-updates/src/main/java/xdev/tableexport/config/ColumnPadding.java:51:45: Parameter rightWidth should be final. [FinalParameters]
[WARN] /home/gabsko/breaking-updates/src/main/java/xdev/tableexport/config/ColumnPadding.java:51:60: Parameter topWidth should be final. [FinalParameters]
[WARN] /home/gabsko/breaking-updates/src/main/java/xdev/tableexport/config/ColumnPadding.java:51:73: Parameter bottomWidth should be final. [FinalParameters]
[WARN] /home/gabsko/breaking-updates/src/main/java/xdev/tableexport/config/TemplateConfig.java:44:57: Name 'DEFAULT_HEADER_LABEL_HEIGHT' must match pattern '^[a-z_][a-zA-Z0-9_]*$'. [StaticVariableName]
[WARN] /home/gabsko/breaking-updates/src/main/java/xdev/tableexport/config/TemplateConfig.java:44:57: Variable 'DEFAULT_HEADER_LABEL_HEIGHT' must be private and have accessor methods. [VisibilityModifier]
[WARN] /home/gabsko/breaking-updates/src/main/java/xdev/tableexport/config/TemplateConfig.java:44:99: '25' is a magic number. [MagicNumber]
[WARN] /home/gabsko/breaking-updates/src/main/java/xdev/tableexport/config/TemplateConfig.java:48:57: Name 'DEFAULT_HEADER_BAND_HEIGHT' must match pattern '^[a-z_][a-zA-Z0-9_]*$'. [StaticVariableName]
[WARN] /home/gabsko/breaking-updates/src/main/java/xdev/tableexport/config/TemplateConfig.java:48:57: Variable 'DEFAULT_HEADER_BAND_HEIGHT' must be private and have accessor methods. [VisibilityModifier]
[WARN] /home/gabsko/breaking-updates/src/main/java/xdev/tableexport/config/TemplateConfig.java:48:99: '30' is a magic number. [MagicNumber]
[WARN] /home/gabsko/breaking-updates/src/main/java/xdev/tableexport/config/TemplateConfig.java:52:57: Name 'DEFAULT_DETAIL_TEXTFIELD_HEIGHT' must match pattern '^[a-z_][a-zA-Z0-9_]*$'. [StaticVariableName]
[WARN] /home/gabsko/breaking-updates/src/main/java/xdev/tableexport/config/TemplateConfig.java:52:57: Variable 'DEFAULT_DETAIL_TEXTFIELD_HEIGHT' must be private and have accessor methods. [VisibilityModifier]
[WARN] /home/gabsko/breaking-updates/src/main/java/xdev/tableexport/config/TemplateConfig.java:52:91: '19' is a magic number. [MagicNumber]
[WARN] /home/gabsko/breaking-updates/src/main/java/xdev/tableexport/config/TemplateConfig.java:56:57: Name 'DEFAULT_DETAIL_BAND_HEIGHT' must match pattern '^[a-z_][a-zA-Z0-9_]*$'. [StaticVariableName]
[WARN] /home/gabsko/breaking-updates/src/main/java/xdev/tableexport/config/TemplateConfig.java:56:57: Variable 'DEFAULT_DETAIL_BAND_HEIGHT' must be private and have accessor methods. [VisibilityModifier]
[WARN] /home/gabsko/breaking-updates/src/main/java/xdev/tableexport/config/TemplateConfig.java:56:99: '20' is a magic number. [MagicNumber]
[WARN] /home/gabsko/breaking-updates/src/main/java/xdev/tableexport/config/TemplateConfig.java:61:57: Name 'DEFAULT_COMPONENT_Y_POSITION' must match pattern '^[a-z_][a-zA-Z0-9_]*$'. [StaticVariableName]
[WARN] /home/gabsko/breaking-updates/src/main/java/xdev/tableexport/config/TemplateConfig.java:61:57: Variable 'DEFAULT_COMPONENT_Y_POSITION' must be private and have accessor methods. [VisibilityModifier]
[WARN] /home/gabsko/breaking-updates/src/main/java/xdev/tableexport/config/TemplateConfig.java:66:49: Name 'DEFAULT_SHEET_NAME' must match pattern '^[a-z_][a-zA-Z0-9_]*$'. [StaticVariableName]
[WARN] /home/gabsko/breaking-updates/src/main/java/xdev/tableexport/config/TemplateConfig.java:86:31: Parameter col should be final. [FinalParameters]
[WARN] /home/gabsko/breaking-updates/src/main/java/xdev/tableexport/config/TemplateConfig.java:208:34: Parameter name should be final. [FinalParameters]
[WARN] /home/gabsko/breaking-updates/src/main/java/xdev/tableexport/config/TemplateConfig.java:214:43: Parameter blankWhenNullValue should be final. [FinalParameters]
[WARN] /home/gabsko/breaking-updates/src/main/java/xdev/tableexport/config/ContentColumn.java:46:33: Parameter pattern should be final. [FinalParameters]
[WARN] /home/gabsko/breaking-updates/src/main/java/xdev/tableexport/config/Column.java:69:42: Expected @param tag for 'style'. [JavadocMethod]
[WARN] /home/gabsko/breaking-updates/src/main/java/xdev/tableexport/config/Column.java:78:50: Expected @param tag for 'valueClass'. [JavadocMethod]
[WARN] /home/gabsko/breaking-updates/src/main/java/xdev/tableexport/config/DefaultColumnStyle.java:60:22: 'static' modifier out of order with the JLS suggestions. [ModifierOrder]
[WARN] /home/gabsko/breaking-updates/src/main/java/xdev/tableexport/config/DefaultColumnStyle.java:75:22: 'static' modifier out of order with the JLS suggestions. [ModifierOrder]
[WARN] /home/gabsko/breaking-updates/src/main/java/xdev/tableexport/config/DefaultColumnStyle.java:117:35: Parameter font should be final. [FinalParameters]
[WARN] /home/gabsko/breaking-updates/src/main/java/xdev/tableexport/config/DefaultColumnStyle.java:117:46: Parameter background should be final. [FinalParameters]
[WARN] /home/gabsko/breaking-updates/src/main/java/xdev/tableexport/config/DefaultColumnStyle.java:117:64: Parameter colBorder should be final. [FinalParameters]
[WARN] /home/gabsko/breaking-updates/src/main/java/xdev/tableexport/config/DefaultColumnStyle.java:133:35: Parameter font should be final. [FinalParameters]
[WARN] /home/gabsko/breaking-updates/src/main/java/xdev/tableexport/config/DefaultColumnStyle.java:133:46: Parameter background should be final. [FinalParameters]
[WARN] /home/gabsko/breaking-updates/src/main/java/xdev/tableexport/config/DefaultColumnStyle.java:133:64: Parameter foreground should be final. [FinalParameters]
[WARN] /home/gabsko/breaking-updates/src/main/java/xdev/tableexport/config/DefaultColumnStyle.java:134:25: Parameter alignment should be final. [FinalParameters]
[WARN] /home/gabsko/breaking-updates/src/main/java/xdev/tableexport/config/DefaultColumnStyle.java:134:52: Parameter colBorder should be final. [FinalParameters]
[WARN] /home/gabsko/breaking-updates/src/main/java/xdev/tableexport/config/DefaultColumnStyle.java:171:35: Parameter background should be final. [FinalParameters]
[WARN] /home/gabsko/breaking-updates/src/main/java/xdev/tableexport/config/DefaultColumnStyle.java:191:34: Parameter colBorder should be final. [FinalParameters]
[WARN] /home/gabsko/breaking-updates/src/main/java/xdev/tableexport/config/DefaultColumnStyle.java:211:29: Parameter font should be final. [FinalParameters]
[WARN] /home/gabsko/breaking-updates/src/main/java/xdev/tableexport/config/DefaultColumnStyle.java:231:35: Parameter foreground should be final. [FinalParameters]
[WARN] /home/gabsko/breaking-updates/src/main/java/xdev/tableexport/config/DefaultColumnStyle.java:251:44: Parameter horizontalAlignment should be final. [FinalParameters]
[WARN] /home/gabsko/breaking-updates/src/main/java/xdev/tableexport/config/DefaultColumnStyle.java:257:9: Avoid using clone method. [NoClone]
[WARN] /home/gabsko/breaking-updates/src/main/java/xdev/tableexport/config/DefaultColumnStyle.java:266:38: Parameter colPadding should be final. [FinalParameters]
[WARN] /home/gabsko/breaking-updates/src/main/java/xdev/tableexport/config/HeaderColumn.java:54:33: Parameter text should be final. [FinalParameters]
[WARN] /home/gabsko/breaking-updates/src/main/java/xdev/tableexport/utils/NullPatternConverter.java:30:40: Parameter obj should be final. [FinalParameters]
[WARN] /home/gabsko/breaking-updates/src/main/java/xdev/tableexport/utils/DataSourceResourceBundle.java:36:1: Utility classes should not have a public or default constructor. [HideUtilityClassConstructor]
[WARN] /home/gabsko/breaking-updates/src/main/java/xdev/tableexport/utils/DataSourceResourceBundle.java:73:40: Parameter key should be final. [FinalParameters]
[WARN] /home/gabsko/breaking-updates/src/main/java/xdev/tableexport/utils/DataSourceResourceBundle.java:73:52: Parameter args should be final. [FinalParameters]
[WARN] /home/gabsko/breaking-updates/src/main/java/xdev/tableexport/utils/VirtualTableColumnPatternConverter.java:37:40: Parameter obj should be final. [FinalParameters]
[WARN] /home/gabsko/breaking-updates/src/main/java/xdev/tableexport/utils/ExportUtils.java:45:1: Utility classes should not have a public or default constructor. [HideUtilityClassConstructor]
[WARN] /home/gabsko/breaking-updates/src/main/java/xdev/tableexport/utils/ExportUtils.java:63:94: Expected @param tag for 'freezeHeadline'. [JavadocMethod]
[WARN] /home/gabsko/breaking-updates/src/main/java/xdev/tableexport/utils/ExportUtils.java:85:94: Expected @param tag for 'freezeHeadline'. [JavadocMethod]
[WARN] /home/gabsko/breaking-updates/src/main/java/xdev/tableexport/cmd/DataType.java:169:26: Parameter javaClass should be final. [FinalParameters]
[WARN] /home/gabsko/breaking-updates/src/main/java/xdev/tableexport/cmd/DataType.java:186:36: Parameter jClass should be final. [FinalParameters]
[WARN] /home/gabsko/breaking-updates/src/main/java/xdev/tableexport/cmd/ExportCreation.java:81:1: Name 'ExportCreation' must match pattern '^Abstract.*$'. [AbstractClassName]
[WARN] /home/gabsko/breaking-updates/src/main/java/xdev/tableexport/cmd/ExportCreation.java:168:115: '!=' is not followed by whitespace. [WhitespaceAround]
[WARN] /home/gabsko/breaking-updates/src/main/java/xdev/tableexport/cmd/ExportCreation.java:168:115: '!=' is not preceded with whitespace. [WhitespaceAround]
[WARN] /home/gabsko/breaking-updates/src/main/java/xdev/tableexport/cmd/ExportCreation.java:174:115: '!=' is not followed by whitespace. [WhitespaceAround]
[WARN] /home/gabsko/breaking-updates/src/main/java/xdev/tableexport/cmd/ExportCreation.java:174:115: '!=' is not preceded with whitespace. [WhitespaceAround]
[WARN] /home/gabsko/breaking-updates/src/main/java/xdev/tableexport/cmd/ExportCreation.java:188:31: Parameter args should be final. [FinalParameters]
[WARN] /home/gabsko/breaking-updates/src/main/java/xdev/tableexport/cmd/ExportCreation.java:194:39: Parameter dataSourceType should be final. [FinalParameters]
[WARN] /home/gabsko/breaking-updates/src/main/java/xdev/tableexport/cmd/ExportCreation.java:206:37: Parameter virtualTable should be final. [FinalParameters]
[WARN] /home/gabsko/breaking-updates/src/main/java/xdev/tableexport/cmd/ExportCreation.java:218:31: Parameter jTable should be final. [FinalParameters]
[WARN] /home/gabsko/breaking-updates/src/main/java/xdev/tableexport/cmd/ExportCreation.java:230:34: Parameter xdevTable should be final. [FinalParameters]
[WARN] /home/gabsko/breaking-updates/src/main/java/xdev/tableexport/cmd/ExportCreation.java:263:43: Parameter defaultHeaderStyle should be final. [FinalParameters]
[WARN] /home/gabsko/breaking-updates/src/main/java/xdev/tableexport/cmd/ExportCreation.java:267:44: Parameter defaultContentStyle should be final. [FinalParameters]
[WARN] /home/gabsko/breaking-updates/src/main/java/xdev/tableexport/cmd/ExportCreation.java:519:50: Parameter displayPageDialogOnlyOnce should be final. [FinalParameters]
[WARN] /home/gabsko/breaking-updates/src/main/java/xdev/tableexport/cmd/ExportCreation.java:525:51: Parameter displayPrintDialogOnlyOnce should be final. [FinalParameters]
[WARN] /home/gabsko/breaking-updates/src/main/java/xdev/tableexport/cmd/ExportCreation.java:531:42: Parameter displayPageDialog should be final. [FinalParameters]
[WARN] /home/gabsko/breaking-updates/src/main/java/xdev/tableexport/cmd/ExportCreation.java:537:43: Parameter displayPrintDialog should be final. [FinalParameters]
[WARN] /home/gabsko/breaking-updates/src/main/java/xdev/tableexport/cmd/ExportCreation.java:573:37: Parameter outputFormat should be final. [FinalParameters]
[WARN] /home/gabsko/breaking-updates/src/main/java/xdev/tableexport/cmd/ExportCreation.java:581:31: Parameter target should be final. [FinalParameters]
[WARN] /home/gabsko/breaking-updates/src/main/java/xdev/tableexport/cmd/ExportCreation.java:593:29: Parameter file should be final. [FinalParameters]
[WARN] /home/gabsko/breaking-updates/src/main/java/xdev/tableexport/cmd/ExportCreation.java:599:37: Parameter outputStream should be final. [FinalParameters]
[WARN] /home/gabsko/breaking-updates/src/main/java/xdev/tableexport/cmd/ExportCreation.java:604:39: Parameter freezeHeadline should be final. [FinalParameters]
[WARN] /home/gabsko/breaking-updates/src/main/java/xdev/tableexport/cmd/ExportCreation.java:610:44: Parameter openFile should be final. [FinalParameters]
[WARN] /home/gabsko/breaking-updates/src/main/java/xdev/tableexport/cmd/ExportCreation.java:683: @return tag should be present and have description. [JavadocMethod]
[WARN] /home/gabsko/breaking-updates/src/main/java/xdev/tableexport/cmd/ExportCreation.java:684:18: Expected @param tag for '<T>'. [JavadocMethod]
[WARN] /home/gabsko/breaking-updates/src/main/java/xdev/tableexport/cmd/ExportCreation.java:832:17: MissingSwitchDefault: switch ohne "default". [MissingSwitchDefault]
[WARN] /home/gabsko/breaking-updates/src/main/java/xdev/tableexport/cmd/ExportCreation.java:918:39: Parameter exportDebugger should be final. [FinalParameters]
[WARN] /home/gabsko/breaking-updates/src/main/java/xdev/tableexport/Export.java:30:1: Class Export should be declared as final. [FinalClass]
[WARN] /home/gabsko/breaking-updates/src/main/java/xdev/tableexport/Export.java:47:35: Parameter data should be final. [FinalParameters]
[WARN] /home/gabsko/breaking-updates/src/main/java/xdev/tableexport/export/writer/CSVToFileWriter.java:65:27: Parameter jasperPrint should be final. [FinalParameters]
[WARN] /home/gabsko/breaking-updates/src/main/java/xdev/tableexport/export/writer/XMLToOutputStreamWriter.java:67:27: Parameter jasperPrint should be final. [FinalParameters]
[WARN] /home/gabsko/breaking-updates/src/main/java/xdev/tableexport/export/writer/HtmlToFileWriter.java:63:27: Parameter jasperPrint should be final. [FinalParameters]
[WARN] /home/gabsko/breaking-updates/src/main/java/xdev/tableexport/export/writer/PdfToFileWriter.java:60:27: Parameter jasperPrint should be final. [FinalParameters]
[WARN] /home/gabsko/breaking-updates/src/main/java/xdev/tableexport/export/writer/ExportWriterException.java:26:31: Using the '.*' form of import should be avoided - xdev.tableexport.export.*. [AvoidStarImport]
[WARN] /home/gabsko/breaking-updates/src/main/java/xdev/tableexport/export/writer/ExportWriterException.java:50:38: Parameter message should be final. [FinalParameters]
[WARN] /home/gabsko/breaking-updates/src/main/java/xdev/tableexport/export/writer/ExportWriterException.java:50:54: Parameter cause should be final. [FinalParameters]
[WARN] /home/gabsko/breaking-updates/src/main/java/xdev/tableexport/export/writer/ExportWriterException.java:62:38: Parameter message should be final. [FinalParameters]
[WARN] /home/gabsko/breaking-updates/src/main/java/xdev/tableexport/export/writer/ExportWriterException.java:74:38: Parameter cause should be final. [FinalParameters]
[WARN] /home/gabsko/breaking-updates/src/main/java/xdev/tableexport/export/writer/XMLToFileWriter.java:65:27: Parameter jasperPrint should be final. [FinalParameters]
[WARN] /home/gabsko/breaking-updates/src/main/java/xdev/tableexport/export/writer/XlsxToOutputStreamWriter.java:100:27: Parameter jasperPrint should be final. [FinalParameters]
[WARN] /home/gabsko/breaking-updates/src/main/java/xdev/tableexport/export/writer/RtfToFileWriter.java:65:27: Parameter jasperPrint should be final. [FinalParameters]
[WARN] /home/gabsko/breaking-updates/src/main/java/xdev/tableexport/export/writer/ReportToPreviewWriter.java:39:27: Parameter jasperPrint should be final. [FinalParameters]
[WARN] /home/gabsko/breaking-updates/src/main/java/xdev/tableexport/export/writer/PrintWriter.java:43:28: Parameter displayPageDialog should be final. [FinalParameters]
[WARN] /home/gabsko/breaking-updates/src/main/java/xdev/tableexport/export/writer/PrintWriter.java:43:55: Parameter displayPageDialogOnlyOnce should be final. [FinalParameters]
[WARN] /home/gabsko/breaking-updates/src/main/java/xdev/tableexport/export/writer/PrintWriter.java:44:25: Parameter displayPrintDialog should be final. [FinalParameters]
[WARN] /home/gabsko/breaking-updates/src/main/java/xdev/tableexport/export/writer/PrintWriter.java:44:53: Parameter displayPrintDialogOnlyOnce should be final. [FinalParameters]
[WARN] /home/gabsko/breaking-updates/src/main/java/xdev/tableexport/export/writer/PrintWriter.java:57:27: Parameter jasperPrint should be final. [FinalParameters]
[WARN] /home/gabsko/breaking-updates/src/main/java/xdev/tableexport/export/writer/XlsToFileWriter.java:100:27: Parameter jasperPrint should be final. [FinalParameters]
[WARN] /home/gabsko/breaking-updates/src/main/java/xdev/tableexport/export/writer/XlsxToFileWriter.java:95:27: Parameter jasperPrint should be final. [FinalParameters]
[WARN] /home/gabsko/breaking-updates/src/main/java/xdev/tableexport/export/writer/CSVToOutputStreamWriter.java:67:27: Parameter jasperPrint should be final. [FinalParameters]
[WARN] /home/gabsko/breaking-updates/src/main/java/xdev/tableexport/export/writer/RtfToOutputStreamWriter.java:67:27: Parameter jasperPrint should be final. [FinalParameters]
[WARN] /home/gabsko/breaking-updates/src/main/java/xdev/tableexport/export/writer/PdfToOutputStreamWriter.java:64:27: Parameter jasperPrint should be final. [FinalParameters]
[WARN] /home/gabsko/breaking-updates/src/main/java/xdev/tableexport/export/writer/XlsToOutputStreamWriter.java:94:27: Parameter jasperPrint should be final. [FinalParameters]
[WARN] /home/gabsko/breaking-updates/src/main/java/xdev/tableexport/export/ReportExporter.java:44:31: Parameter report should be final. [FinalParameters]
[WARN] /home/gabsko/breaking-updates/src/main/java/xdev/tableexport/export/ReportExporter.java:44:52: Parameter ds should be final. [FinalParameters]
[WARN] /home/gabsko/breaking-updates/src/main/java/xdev/tableexport/export/ReportExporter.java:44:79: Parameter writer should be final. [FinalParameters]
[WARN] /home/gabsko/breaking-updates/src/main/java/xdev/tableexport/export/ExportException.java:48:32: Parameter message should be final. [FinalParameters]
[WARN] /home/gabsko/breaking-updates/src/main/java/xdev/tableexport/export/ExportException.java:48:48: Parameter cause should be final. [FinalParameters]
[WARN] /home/gabsko/breaking-updates/src/main/java/xdev/tableexport/export/ExportException.java:60:32: Parameter message should be final. [FinalParameters]
[WARN] /home/gabsko/breaking-updates/src/main/java/xdev/tableexport/export/ExportException.java:72:32: Parameter cause should be final. [FinalParameters]
[WARN] /home/gabsko/breaking-updates/src/main/java/xdev/tableexport/export/ReportBuilder.java:141: @return tag should be present and have description. [JavadocMethod]
[WARN] /home/gabsko/breaking-updates/src/main/java/xdev/tableexport/export/ReportBuilder.java:160: @return tag should be present and have description. [JavadocMethod]
[WARN] /home/gabsko/breaking-updates/src/main/java/xdev/tableexport/export/ReportBuilder.java:174:33: '+=' is not preceded with whitespace. [WhitespaceAround]
[WARN] /home/gabsko/breaking-updates/src/main/java/xdev/tableexport/export/ReportBuilder.java:174:71: '*' is not followed by whitespace. [WhitespaceAround]
[WARN] /home/gabsko/breaking-updates/src/main/java/xdev/tableexport/export/ReportBuilder.java:174:71: '*' is not preceded with whitespace. [WhitespaceAround]
[WARN] /home/gabsko/breaking-updates/src/main/java/xdev/tableexport/export/ReportBuilder.java:176:33: '+=' is not preceded with whitespace. [WhitespaceAround]
[WARN] /home/gabsko/breaking-updates/src/main/java/xdev/tableexport/export/ReportBuilder.java:200:33: '+=' is not preceded with whitespace. [WhitespaceAround]
[WARN] /home/gabsko/breaking-updates/src/main/java/xdev/tableexport/export/ReportBuilder.java:200:71: '*' is not followed by whitespace. [WhitespaceAround]
[WARN] /home/gabsko/breaking-updates/src/main/java/xdev/tableexport/export/ReportBuilder.java:200:71: '*' is not preceded with whitespace. [WhitespaceAround]
[WARN] /home/gabsko/breaking-updates/src/main/java/xdev/tableexport/export/ReportBuilder.java:202:33: '+=' is not preceded with whitespace. [WhitespaceAround]
[WARN] /home/gabsko/breaking-updates/src/main/java/xdev/tableexport/datasource/XdevJTableRendererDataSource.java:71:49: Parameter booleanToStringConverter should be final. [FinalParameters]
[WARN] /home/gabsko/breaking-updates/src/main/java/xdev/tableexport/datasource/DefaultBooleanToStringConverter.java:64:32: Parameter value should be final. [FinalParameters]
[WARN] /home/gabsko/breaking-updates/src/main/java/xdev/tableexport/datasource/DefaultBooleanToStringConverter.java:66:17: 'if' construct must use '{}'s. [NeedBraces]
[WARN] /home/gabsko/breaking-updates/src/main/java/xdev/tableexport/datasource/DefaultBooleanToStringConverter.java:66:25: '==' is not followed by whitespace. [WhitespaceAround]
[WARN] /home/gabsko/breaking-updates/src/main/java/xdev/tableexport/datasource/DefaultBooleanToStringConverter.java:66:25: '==' is not preceded with whitespace. [WhitespaceAround]
[WARN] /home/gabsko/breaking-updates/src/main/java/xdev/tableexport/datasource/XdevTableDataSource.java:90:37: Parameter jrField should be final. [FinalParameters]
[WARN] /home/gabsko/breaking-updates/src/main/java/xdev/tableexport/datasource/XdevTableDataSource.java:96:56: '=' is not preceded with whitespace. [WhitespaceAround]
[WARN] /home/gabsko/breaking-updates/src/main/java/xdev/BISuite.java:40:22: 'static' modifier out of order with the JLS suggestions. [ModifierOrder]
[WARN] /home/gabsko/breaking-updates/src/main/java/xdev/BISuite.java:45:23: 'static' modifier out of order with the JLS suggestions. [ModifierOrder]
Audit done.
[INFO] You have 0 Checkstyle violations.
[INFO] 
[INFO] --- license-maven-plugin:2.0.0:update-file-header (first) @ biapi ---
[INFO] Adding a license repository jar:file:/home/gabsko/.m2/repository/org/codehaus/mojo/license-maven-plugin/2.0.0/license-maven-plugin-2.0.0.jar!/META-INF/licenses
[INFO] register GNU Free Documentation License (FDL) version 1.3
[INFO] register GNU General Lesser Public License (LGPL) version 3.0
[INFO] register GNU Affero General Public License (AGPL) version 3.0
[INFO] register GNU General Public License (GPL) version 3.0
[INFO] register GNU General Public License (GPL) version 2.0
[INFO] register GNU General Public License (GPL) version 1.0
[INFO] register Apache License version 2.0
[INFO] register Eclipse Public License - v 2.0 with Secondary License
[INFO] register Eclipse Public License - v 2.0
[INFO] register Eclipse Public License - v 1.0
[INFO] register Eclipse Public + Distribution License - v 1.0
[INFO] register COMMON DEVELOPMENT AND DISTRIBUTION LICENSE (CDDL) Version 1.0
[INFO] register GNU General Lesser Public License (LGPL) version 2.1
[INFO] register MIT-License
[INFO] register BSD 2-Clause License
[INFO] register BSD 3-Clause License
[INFO] register European Union Public License v1.1
[INFO] Will search files to update from root /home/gabsko/breaking-updates/src/main/java
[INFO] Scan 73 files header done in 86.015ms.
[INFO] All files are up-to-date.
[INFO] 
[INFO] --- maven-resources-plugin:3.2.0:resources (default-resources) @ biapi ---
[INFO] Using 'UTF-8' encoding to copy filtered resources.
[INFO] Using 'UTF-8' encoding to copy filtered properties files.
[INFO] Copying 3 resources
[INFO] 
[INFO] --- maven-compiler-plugin:3.10.0:compile (default-compile) @ biapi ---
[INFO] Changes detected - recompiling the module!
[INFO] Compiling 73 source files to /home/gabsko/breaking-updates/target/classes
[INFO] /home/gabsko/breaking-updates/src/main/java/xdev/tableexport/export/writer/RtfToFileWriter.java: Some input files use or override a deprecated API.
[INFO] /home/gabsko/breaking-updates/src/main/java/xdev/tableexport/export/writer/RtfToFileWriter.java: Recompile with -Xlint:deprecation for details.
[INFO] 
[INFO] --- maven-resources-plugin:3.2.0:testResources (default-testResources) @ biapi ---
[INFO] Using 'UTF-8' encoding to copy filtered resources.
[INFO] Using 'UTF-8' encoding to copy filtered properties files.
[INFO] skip non existing resourceDirectory /home/gabsko/breaking-updates/src/test/resources
[INFO] 
[INFO] --- maven-compiler-plugin:3.10.0:testCompile (default-testCompile) @ biapi ---
[INFO] No sources to compile
[INFO] 
[INFO] --- maven-surefire-plugin:3.0.0-M5:test (default-test) @ biapi ---
[INFO] No tests to run.
[INFO] ------------------------------------------------------------------------
[INFO] BUILD SUCCESS
[INFO] ------------------------------------------------------------------------
[INFO] Total time:  4.043 s
[INFO] Finished at: 2023-02-12T02:01:39Z
[INFO] ------------------------------------------------------------------------
