[INFO] Scanning for projects...
[INFO] --- tiles-maven-plugin: Injecting 1 tiles as intermediary parent artifacts for me.scolastico:s.Status...
[INFO] Mixed 'me.scolastico:s.Status:dev-snapshot' with tile 'io.ebean.tile:enhancement:12.9.3' as its new parent.
[INFO] Mixed 'io.ebean.tile:enhancement:12.9.3' with original parent '(no parent)' as its new top level parent.
[INFO] 
[INFO] 
[INFO] -----------------------< me.scolastico:s.Status >-----------------------
[INFO] Building s.Status dev-snapshot
[INFO] --------------------------------[ jar ]---------------------------------
[INFO] Downloading from central: https://repo.maven.apache.org/maven2/me/scolastico/tools/1.4.5/tools-1.4.5.pom
[INFO] Downloaded from central: https://repo.maven.apache.org/maven2/me/scolastico/tools/1.4.5/tools-1.4.5.pom (9.9 kB at 33 kB/s)
[INFO] Downloading from central: https://repo.maven.apache.org/maven2/io/sentry/sentry/5.3.0/sentry-5.3.0.pom
[INFO] Downloaded from central: https://repo.maven.apache.org/maven2/io/sentry/sentry/5.3.0/sentry-5.3.0.pom (1.7 kB at 208 kB/s)
[INFO] Downloading from central: https://repo.maven.apache.org/maven2/io/ebean/ebean/12.13.0/ebean-12.13.0.pom
[INFO] Downloaded from central: https://repo.maven.apache.org/maven2/io/ebean/ebean/12.13.0/ebean-12.13.0.pom (1.7 kB at 4.7 kB/s)
[INFO] Downloading from central: https://repo.maven.apache.org/maven2/io/ebean/ebean-api/12.13.0/ebean-api-12.13.0.pom
[INFO] Downloaded from central: https://repo.maven.apache.org/maven2/io/ebean/ebean-api/12.13.0/ebean-api-12.13.0.pom (3.6 kB at 13 kB/s)
[INFO] Downloading from central: https://repo.maven.apache.org/maven2/io/ebean/ebean-core/12.13.0/ebean-core-12.13.0.pom
[INFO] Downloaded from central: https://repo.maven.apache.org/maven2/io/ebean/ebean-core/12.13.0/ebean-core-12.13.0.pom (7.3 kB at 24 kB/s)
[INFO] Downloading from central: https://repo.maven.apache.org/maven2/io/ebean/ebean-core-type/12.13.0/ebean-core-type-12.13.0.pom
[INFO] Downloaded from central: https://repo.maven.apache.org/maven2/io/ebean/ebean-core-type/12.13.0/ebean-core-type-12.13.0.pom (1.3 kB at 4.6 kB/s)
[INFO] Downloading from central: https://repo.maven.apache.org/maven2/io/ebean/ebean-externalmapping-api/12.13.0/ebean-externalmapping-api-12.13.0.pom
[INFO] Downloaded from central: https://repo.maven.apache.org/maven2/io/ebean/ebean-externalmapping-api/12.13.0/ebean-externalmapping-api-12.13.0.pom (978 B at 2.9 kB/s)
[INFO] Downloading from central: https://repo.maven.apache.org/maven2/io/ebean/ebean-querybean/12.13.0/ebean-querybean-12.13.0.pom
[INFO] Downloaded from central: https://repo.maven.apache.org/maven2/io/ebean/ebean-querybean/12.13.0/ebean-querybean-12.13.0.pom (3.0 kB at 15 kB/s)
[INFO] Downloading from central: https://repo.maven.apache.org/maven2/io/ebean/ebean-test/12.12.3/ebean-test-12.12.3.pom
[INFO] Downloaded from central: https://repo.maven.apache.org/maven2/io/ebean/ebean-test/12.12.3/ebean-test-12.12.3.pom (6.5 kB at 34 kB/s)
[INFO] Downloading from central: https://repo.maven.apache.org/maven2/io/ebean/ebean-parent/12.12.3/ebean-parent-12.12.3.pom
[INFO] Downloaded from central: https://repo.maven.apache.org/maven2/io/ebean/ebean-parent/12.12.3/ebean-parent-12.12.3.pom (3.0 kB at 15 kB/s)
[INFO] Downloading from central: https://repo.maven.apache.org/maven2/io/ebean/ebean-ddl-generator/12.12.3/ebean-ddl-generator-12.12.3.pom
[INFO] Downloaded from central: https://repo.maven.apache.org/maven2/io/ebean/ebean-ddl-generator/12.12.3/ebean-ddl-generator-12.12.3.pom (3.0 kB at 8.8 kB/s)
[INFO] Downloading from central: https://repo.maven.apache.org/maven2/me/scolastico/tools/1.4.5/tools-1.4.5.jar
[INFO] Downloading from central: https://repo.maven.apache.org/maven2/io/ebean/ebean/12.13.0/ebean-12.13.0.jar
[INFO] Downloading from central: https://repo.maven.apache.org/maven2/io/sentry/sentry/5.3.0/sentry-5.3.0.jar
[INFO] Downloading from central: https://repo.maven.apache.org/maven2/io/ebean/ebean-api/12.13.0/ebean-api-12.13.0.jar
[INFO] Downloading from central: https://repo.maven.apache.org/maven2/io/ebean/ebean-core/12.13.0/ebean-core-12.13.0.jar
[INFO] Downloaded from central: https://repo.maven.apache.org/maven2/io/sentry/sentry/5.3.0/sentry-5.3.0.jar (347 kB at 6.7 MB/s)
[INFO] Downloading from central: https://repo.maven.apache.org/maven2/io/ebean/ebean-core-type/12.13.0/ebean-core-type-12.13.0.jar
[INFO] Downloaded from central: https://repo.maven.apache.org/maven2/me/scolastico/tools/1.4.5/tools-1.4.5.jar (111 kB at 924 kB/s)
[INFO] Downloading from central: https://repo.maven.apache.org/maven2/io/ebean/ebean-externalmapping-api/12.13.0/ebean-externalmapping-api-12.13.0.jar
[INFO] Downloaded from central: https://repo.maven.apache.org/maven2/io/ebean/ebean-core-type/12.13.0/ebean-core-type-12.13.0.jar (7.2 kB at 44 kB/s)
[INFO] Downloading from central: https://repo.maven.apache.org/maven2/io/ebean/ebean-querybean/12.13.0/ebean-querybean-12.13.0.jar
[INFO] Downloaded from central: https://repo.maven.apache.org/maven2/io/ebean/ebean/12.13.0/ebean-12.13.0.jar (3.0 kB at 16 kB/s)
[INFO] Downloading from central: https://repo.maven.apache.org/maven2/io/ebean/ebean-test/12.12.3/ebean-test-12.12.3.jar
[INFO] Downloaded from central: https://repo.maven.apache.org/maven2/io/ebean/ebean-externalmapping-api/12.13.0/ebean-externalmapping-api-12.13.0.jar (6.4 kB at 29 kB/s)
[INFO] Downloading from central: https://repo.maven.apache.org/maven2/io/ebean/ebean-ddl-generator/12.12.3/ebean-ddl-generator-12.12.3.jar
[INFO] Downloaded from central: https://repo.maven.apache.org/maven2/io/ebean/ebean-querybean/12.13.0/ebean-querybean-12.13.0.jar (53 kB at 187 kB/s)
[INFO] Downloaded from central: https://repo.maven.apache.org/maven2/io/ebean/ebean-ddl-generator/12.12.3/ebean-ddl-generator-12.12.3.jar (247 kB at 725 kB/s)
[INFO] Downloaded from central: https://repo.maven.apache.org/maven2/io/ebean/ebean-test/12.12.3/ebean-test-12.12.3.jar (56 kB at 135 kB/s)
[INFO] Downloaded from central: https://repo.maven.apache.org/maven2/io/ebean/ebean-core/12.13.0/ebean-core-12.13.0.jar (2.0 MB at 4.0 MB/s)
[INFO] Downloaded from central: https://repo.maven.apache.org/maven2/io/ebean/ebean-api/12.13.0/ebean-api-12.13.0.jar (413 kB at 737 kB/s)
[INFO] 
[INFO] --- maven-clean-plugin:2.5:clean (default-clean) @ s.Status ---
[INFO] 
[INFO] --- maven-resources-plugin:2.6:resources (default-resources) @ s.Status ---
[INFO] Using 'UTF-8' encoding to copy filtered resources.
[INFO] Copying 29 resources
[INFO] 
[INFO] --- maven-compiler-plugin:3.8.1:compile (default-compile) @ s.Status ---
[INFO] Changes detected - recompiling the module!
[INFO] Compiling 48 source files to /home/gabsko/breaking-updates/target/classes
[INFO] ------------------------------------------------------------------------
[INFO] BUILD FAILURE
[INFO] ------------------------------------------------------------------------
[INFO] Total time:  5.600 s
[INFO] Finished at: 2023-02-12T00:46:29Z
[INFO] ------------------------------------------------------------------------
[ERROR] Failed to execute goal org.apache.maven.plugins:maven-compiler-plugin:3.8.1:compile (default-compile) on project s.Status: Fatal error compiling: error: invalid target release: 12 -> [Help 1]
[ERROR] 
[ERROR] To see the full stack trace of the errors, re-run Maven with the -e switch.
[ERROR] Re-run Maven using the -X switch to enable full debug logging.
[ERROR] 
[ERROR] For more information about the errors and possible solutions, please read the following articles:
[ERROR] [Help 1] http://cwiki.apache.org/confluence/display/MAVEN/MojoExecutionException
