[INFO] Scanning for projects...
[INFO] Downloading from central: https://repo.maven.apache.org/maven2/kr/motd/maven/os-maven-plugin/1.4.0.Final/os-maven-plugin-1.4.0.Final.pom
[INFO] Downloaded from central: https://repo.maven.apache.org/maven2/kr/motd/maven/os-maven-plugin/1.4.0.Final/os-maven-plugin-1.4.0.Final.pom (6.2 kB at 27 kB/s)
[INFO] Downloading from central: https://repo.maven.apache.org/maven2/kr/motd/maven/os-maven-plugin/1.4.0.Final/os-maven-plugin-1.4.0.Final.jar
[INFO] Downloaded from central: https://repo.maven.apache.org/maven2/kr/motd/maven/os-maven-plugin/1.4.0.Final/os-maven-plugin-1.4.0.Final.jar (29 kB at 1.1 MB/s)
[WARNING] 
[WARNING] Some problems were encountered while building the effective model for com.alipay.sofa:sofa-rpc-codec-api:jar:5.8.5
[WARNING] 'dependencies.dependency.(groupId:artifactId:type:classifier)' must be unique: com.alipay.sofa:sofa-rpc-log:jar -> version (?) vs ${project.parent.version} @ com.alipay.sofa:sofa-rpc-codec-api:${revision}, /home/gabsko/breaking-updates/codec/codec-api/pom.xml, line 25, column 21
[WARNING] 
[WARNING] Some problems were encountered while building the effective model for com.alipay.sofa:sofa-rpc-remoting-bolt:jar:5.8.5
[WARNING] 'dependencyManagement.dependencies.dependency.(groupId:artifactId:type:classifier)' must be unique: com.alipay.sofa:sofa-rpc-api:jar -> duplicate declaration of version ${project.parent.version} @ com.alipay.sofa:sofa-rpc-remoting:${revision}, /home/gabsko/breaking-updates/remoting/pom.xml, line 50, column 25
[WARNING] 'dependencyManagement.dependencies.dependency.(groupId:artifactId:type:classifier)' must be unique: com.alipay.sofa:sofa-rpc-codec-api:jar -> duplicate declaration of version ${project.parent.version} @ com.alipay.sofa:sofa-rpc-remoting:${revision}, /home/gabsko/breaking-updates/remoting/pom.xml, line 61, column 25
[WARNING] 'dependencyManagement.dependencies.dependency.(groupId:artifactId:type:classifier)' must be unique: com.alipay.sofa:sofa-rpc-transport:jar -> duplicate declaration of version ${project.parent.version} @ com.alipay.sofa:sofa-rpc-remoting:${revision}, /home/gabsko/breaking-updates/remoting/pom.xml, line 81, column 25
[WARNING] 
[WARNING] Some problems were encountered while building the effective model for com.alipay.sofa:sofa-rpc-remoting:pom:5.8.5
[WARNING] 'dependencyManagement.dependencies.dependency.(groupId:artifactId:type:classifier)' must be unique: com.alipay.sofa:sofa-rpc-api:jar -> duplicate declaration of version ${project.parent.version} @ com.alipay.sofa:sofa-rpc-remoting:${revision}, /home/gabsko/breaking-updates/remoting/pom.xml, line 50, column 25
[WARNING] 'dependencyManagement.dependencies.dependency.(groupId:artifactId:type:classifier)' must be unique: com.alipay.sofa:sofa-rpc-codec-api:jar -> duplicate declaration of version ${project.parent.version} @ com.alipay.sofa:sofa-rpc-remoting:${revision}, /home/gabsko/breaking-updates/remoting/pom.xml, line 61, column 25
[WARNING] 'dependencyManagement.dependencies.dependency.(groupId:artifactId:type:classifier)' must be unique: com.alipay.sofa:sofa-rpc-transport:jar -> duplicate declaration of version ${project.parent.version} @ com.alipay.sofa:sofa-rpc-remoting:${revision}, /home/gabsko/breaking-updates/remoting/pom.xml, line 81, column 25
[WARNING] 
[WARNING] Some problems were encountered while building the effective model for com.alipay.sofa:sofa-rpc-fault-tolerance:jar:5.8.5
[WARNING] 'dependencyManagement.dependencies.dependency.(groupId:artifactId:type:classifier)' must be unique: com.alipay.sofa:sofa-rpc-api:jar -> duplicate declaration of version ${project.parent.version} @ com.alipay.sofa:sofa-rpc-fault:${revision}, /home/gabsko/breaking-updates/fault/pom.xml, line 38, column 25
[WARNING] 
[WARNING] Some problems were encountered while building the effective model for com.alipay.sofa:sofa-rpc-fault:pom:5.8.5
[WARNING] 'dependencyManagement.dependencies.dependency.(groupId:artifactId:type:classifier)' must be unique: com.alipay.sofa:sofa-rpc-api:jar -> duplicate declaration of version ${project.parent.version} @ com.alipay.sofa:sofa-rpc-fault:${revision}, /home/gabsko/breaking-updates/fault/pom.xml, line 38, column 25
[WARNING] 
[WARNING] It is highly recommended to fix these problems because they threaten the stability of your build.
[WARNING] 
[WARNING] For this reason, future Maven versions might no longer support building such malformed projects.
[WARNING] 
[INFO] ------------------------------------------------------------------------
[INFO] Detecting the operating system and CPU architecture
[INFO] ------------------------------------------------------------------------
[INFO] os.detected.name: linux
[INFO] os.detected.arch: x86_64
[INFO] os.detected.version: 5.4
[INFO] os.detected.version.major: 5
[INFO] os.detected.version.minor: 4
[INFO] os.detected.release: ubuntu
[INFO] os.detected.release.version: 18.04
[INFO] os.detected.release.like.ubuntu: true
[INFO] os.detected.release.like.debian: true
[INFO] os.detected.classifier: linux-x86_64
[INFO] ------------------------------------------------------------------------
[INFO] Detecting the operating system and CPU architecture
[INFO] ------------------------------------------------------------------------
[INFO] os.detected.name: linux
[INFO] os.detected.arch: x86_64
[INFO] os.detected.version: 5.4
[INFO] os.detected.version.major: 5
[INFO] os.detected.version.minor: 4
[INFO] os.detected.release: ubuntu
[INFO] os.detected.release.version: 18.04
[INFO] os.detected.release.like.ubuntu: true
[INFO] os.detected.release.like.debian: true
[INFO] os.detected.classifier: linux-x86_64
[INFO] ------------------------------------------------------------------------
[INFO] Detecting the operating system and CPU architecture
[INFO] ------------------------------------------------------------------------
[INFO] os.detected.name: linux
[INFO] os.detected.arch: x86_64
[INFO] os.detected.bitness: 64
[INFO] os.detected.version: 5.4
[INFO] os.detected.version.major: 5
[INFO] os.detected.version.minor: 4
[INFO] os.detected.release: ubuntu
[INFO] os.detected.release.version: 18.04
[INFO] os.detected.release.like.ubuntu: true
[INFO] os.detected.release.like.debian: true
[INFO] os.detected.classifier: linux-x86_64
[INFO] ------------------------------------------------------------------------
[INFO] Detecting the operating system and CPU architecture
[INFO] ------------------------------------------------------------------------
[INFO] os.detected.name: linux
[INFO] os.detected.arch: x86_64
[INFO] os.detected.release: ubuntu
[INFO] os.detected.release.version: 18.04
[INFO] os.detected.release.like.ubuntu: true
[INFO] os.detected.release.like.debian: true
[INFO] os.detected.classifier: linux-x86_64
[INFO] ------------------------------------------------------------------------
[INFO] Reactor Build Order:
[INFO] 
[INFO] [SOFA] - RPC Framework                                             [pom]
[INFO] sofa-rpc-core                                                      [pom]
[INFO] sofa-rpc-exception                                                 [jar]
[INFO] sofa-rpc-common                                                    [jar]
[INFO] sofa-rpc-api                                                       [jar]
[INFO] sofa-rpc-core-impl                                                 [pom]
[INFO] sofa-rpc-log                                                       [jar]
[INFO] sofa-rpc-client                                                    [jar]
[INFO] sofa-rpc-codec                                                     [pom]
[INFO] sofa-rpc-codec-api                                                 [jar]
[INFO] sofa-rpc-filter                                                    [jar]
[INFO] sofa-rpc-proxy                                                     [jar]
[INFO] sofa-rpc-transport                                                 [jar]
[INFO] sofa-rpc-api-compatible                                            [jar]
[INFO] sofa-rpc-registry                                                  [pom]
[INFO] sofa-rpc-registry-local                                            [jar]
[INFO] sofa-rpc-log-common-tools                                          [jar]
[INFO] sofa-rpc-bootstrap                                                 [pom]
[INFO] sofa-rpc-bootstrap-api                                             [jar]
[INFO] sofa-rpc-bootstrap-bolt                                            [jar]
[INFO] sofa-rpc-test                                                      [pom]
[INFO] sofa-rpc-test-common                                               [jar]
[INFO] sofa-rpc-bootstrap-dubbo                                           [jar]
[INFO] sofa-rpc-bootstrap-grpc                                            [jar]
[INFO] sofa-rpc-bootstrap-http                                            [jar]
[INFO] sofa-rpc-bootstrap-rest                                            [jar]
[INFO] sofa-rpc-codec-sofa-hessian                                        [jar]
[INFO] sofa-rpc-codec-protobuf                                            [jar]
[INFO] sofa-rpc-codec-protostuff                                          [jar]
[INFO] sofa-rpc-codec-msgpack                                             [jar]
[INFO] sofa-rpc-codec-jackson                                             [jar]
[INFO] sofa-rpc-remoting                                                  [pom]
[INFO] sofa-rpc-remoting-bolt                                             [jar]
[INFO] sofa-rpc-fault                                                     [pom]
[INFO] sofa-rpc-fault-tolerance                                           [jar]
[INFO] sofa-rpc-fault-hystrix                                             [jar]
[INFO] sofa-rpc-registry-consul                                           [jar]
[INFO] sofa-rpc-registry-zk                                               [jar]
[INFO] sofa-rpc-registry-nacos                                            [jar]
[INFO] sofa-rpc-registry-mesh                                             [jar]
[INFO] sofa-rpc-registry-multicast                                        [jar]
[INFO] sofa-rpc-registry-sofa                                             [jar]
[INFO] sofa-rpc-registry-polaris                                          [jar]
[INFO] sofa-rpc-remoting-http                                             [jar]
[INFO] sofa-rpc-remoting-resteasy                                         [jar]
[INFO] sofa-rpc-remoting-triple                                           [jar]
[INFO] sofa-rpc-tracer                                                    [pom]
[INFO] sofa-rpc-tracer-opentracing                                        [jar]
[INFO] sofa-rpc-tracer-opentracing-resteasy                               [jar]
[INFO] sofa-rpc-tracer-opentracing-triple                                 [jar]
[INFO] sofa-rpc-metrics                                                   [pom]
[INFO] sofa-rpc-metrics-lookout                                           [jar]
[INFO] sofa-rpc-metrics-micrometer                                        [jar]
[INFO] sofa-rpc-doc-swagger                                               [jar]
[INFO] sofa-rpc-config                                                    [pom]
[INFO] sofa-rpc-config-apollo                                             [jar]
[INFO] com.alipay.sofa:sofa-rpc-all                                       [jar]
[INFO] sofa-rpc-bom                                                       [pom]
[INFO] sofa-rpc-example                                                   [jar]
[INFO] sofa-rpc-test-integration                                          [jar]
[INFO] sofa-rpc-test-integration-3rd                                      [jar]
[INFO] 
[INFO] ------------------< com.alipay.sofa:sofa-rpc-parent >-------------------
[INFO] Building [SOFA] - RPC Framework 5.8.5                             [1/61]
[INFO] --------------------------------[ pom ]---------------------------------
[INFO] Downloading from central: https://repo.maven.apache.org/maven2/net/bytebuddy/byte-buddy/1.9.8/byte-buddy-1.9.8.pom
[INFO] Downloaded from central: https://repo.maven.apache.org/maven2/net/bytebuddy/byte-buddy/1.9.8/byte-buddy-1.9.8.pom (10 kB at 1.3 MB/s)
[INFO] Downloading from central: https://repo.maven.apache.org/maven2/net/bytebuddy/byte-buddy-parent/1.9.8/byte-buddy-parent-1.9.8.pom
[INFO] Downloaded from central: https://repo.maven.apache.org/maven2/net/bytebuddy/byte-buddy-parent/1.9.8/byte-buddy-parent-1.9.8.pom (36 kB at 354 kB/s)
[INFO] Downloading from central: https://repo.maven.apache.org/maven2/net/bytebuddy/byte-buddy/1.9.8/byte-buddy-1.9.8.jar
[INFO] Downloaded from central: https://repo.maven.apache.org/maven2/net/bytebuddy/byte-buddy/1.9.8/byte-buddy-1.9.8.jar (3.3 MB at 9.7 MB/s)
[INFO] 
[INFO] --- maven-clean-plugin:2.5:clean (default-clean) @ sofa-rpc-parent ---
[INFO] 
[INFO] >>> maven-pmd-plugin:3.13.0:check (check) > :pmd @ sofa-rpc-parent >>>
[INFO] 
[INFO] --- maven-pmd-plugin:3.13.0:pmd (pmd) @ sofa-rpc-parent ---
[INFO] 
[INFO] <<< maven-pmd-plugin:3.13.0:check (check) < :pmd @ sofa-rpc-parent <<<
[INFO] 
[INFO] 
[INFO] --- maven-pmd-plugin:3.13.0:check (check) @ sofa-rpc-parent ---
[INFO] PMD version: 6.21.0
[INFO] 
[INFO] --- jacoco-maven-plugin:0.7.9:prepare-agent (default-prepare-agent) @ sofa-rpc-parent ---
[INFO] Skipping JaCoCo execution because property jacoco.skip is set.
[INFO] argLine set to empty
[INFO] 
[INFO] --- protobuf-maven-plugin:0.5.1:compile (default) @ sofa-rpc-parent ---
[INFO] Skipping mojo execution for project with packaging type 'pom'
[INFO] 
[INFO] --- protobuf-maven-plugin:0.5.1:compile-custom (default) @ sofa-rpc-parent ---
[INFO] Skipping mojo execution for project with packaging type 'pom'
[INFO] 
[INFO] --- license-maven-plugin:3.0:remove (default) @ sofa-rpc-parent ---
[INFO] Removing license headers...
[INFO] 
[INFO] --- license-maven-plugin:3.0:format (default) @ sofa-rpc-parent ---
[INFO] Updating license headers...
[INFO] 
[INFO] --- maven-java-formatter-plugin:0.4:format (default) @ sofa-rpc-parent ---
[INFO] Using 'UTF-8' encoding to format source files.
[INFO] Number of files to be formatted: 0
[INFO] 
[INFO] -------------------< com.alipay.sofa:sofa-rpc-core >--------------------
[INFO] Building sofa-rpc-core 5.8.5                                      [2/61]
[INFO] --------------------------------[ pom ]---------------------------------
[INFO] 
[INFO] --- maven-clean-plugin:2.5:clean (default-clean) @ sofa-rpc-core ---
[INFO] 
[INFO] >>> maven-pmd-plugin:3.13.0:check (check) > :pmd @ sofa-rpc-core >>>
[INFO] 
[INFO] --- maven-pmd-plugin:3.13.0:pmd (pmd) @ sofa-rpc-core ---
[INFO] 
[INFO] <<< maven-pmd-plugin:3.13.0:check (check) < :pmd @ sofa-rpc-core <<<
[INFO] 
[INFO] 
[INFO] --- maven-pmd-plugin:3.13.0:check (check) @ sofa-rpc-core ---
[INFO] PMD version: 6.21.0
[INFO] 
[INFO] --- jacoco-maven-plugin:0.7.9:prepare-agent (default-prepare-agent) @ sofa-rpc-core ---
[INFO] Skipping JaCoCo execution because property jacoco.skip is set.
[INFO] argLine set to empty
[INFO] 
[INFO] --- protobuf-maven-plugin:0.5.1:compile (default) @ sofa-rpc-core ---
[INFO] Skipping mojo execution for project with packaging type 'pom'
[INFO] 
[INFO] --- protobuf-maven-plugin:0.5.1:compile-custom (default) @ sofa-rpc-core ---
[INFO] Skipping mojo execution for project with packaging type 'pom'
[INFO] 
[INFO] --- license-maven-plugin:3.0:remove (default) @ sofa-rpc-core ---
[INFO] Removing license headers...
[INFO] 
[INFO] --- license-maven-plugin:3.0:format (default) @ sofa-rpc-core ---
[INFO] Updating license headers...
[INFO] 
[INFO] --- maven-java-formatter-plugin:0.4:format (default) @ sofa-rpc-core ---
[INFO] Using 'UTF-8' encoding to format source files.
[INFO] Number of files to be formatted: 0
[INFO] 
[INFO] -----------------< com.alipay.sofa:sofa-rpc-exception >-----------------
[INFO] Building sofa-rpc-exception 5.8.5                                 [3/61]
[INFO] --------------------------------[ jar ]---------------------------------
[INFO] 
[INFO] --- maven-clean-plugin:2.5:clean (default-clean) @ sofa-rpc-exception ---
[INFO] 
[INFO] >>> maven-pmd-plugin:3.13.0:check (check) > :pmd @ sofa-rpc-exception >>>
[INFO] 
[INFO] --- maven-pmd-plugin:3.13.0:pmd (pmd) @ sofa-rpc-exception ---
[INFO] 
[INFO] <<< maven-pmd-plugin:3.13.0:check (check) < :pmd @ sofa-rpc-exception <<<
[INFO] 
[INFO] 
[INFO] --- maven-pmd-plugin:3.13.0:check (check) @ sofa-rpc-exception ---
[INFO] PMD version: 6.21.0
[INFO] 
[INFO] 
[INFO] --- jacoco-maven-plugin:0.7.9:prepare-agent (default-prepare-agent) @ sofa-rpc-exception ---
[INFO] Skipping JaCoCo execution because property jacoco.skip is set.
[INFO] argLine set to empty
[INFO] 
[INFO] --- protobuf-maven-plugin:0.5.1:compile (default) @ sofa-rpc-exception ---
[INFO] /home/gabsko/breaking-updates/core/exception/src/main/proto does not exist. Review the configuration or consider disabling the plugin.
[INFO] 
[INFO] --- protobuf-maven-plugin:0.5.1:compile-custom (default) @ sofa-rpc-exception ---
[INFO] /home/gabsko/breaking-updates/core/exception/src/main/proto does not exist. Review the configuration or consider disabling the plugin.
[INFO] 
[INFO] --- license-maven-plugin:3.0:remove (default) @ sofa-rpc-exception ---
[INFO] Removing license headers...
[INFO] 
[INFO] --- license-maven-plugin:3.0:format (default) @ sofa-rpc-exception ---
[INFO] Updating license headers...
[INFO] 
[INFO] --- maven-java-formatter-plugin:0.4:format (default) @ sofa-rpc-exception ---
[INFO] Using 'UTF-8' encoding to format source files.
[INFO] Number of files to be formatted: 5
[INFO] Successfully formatted: 0 file(s)
[INFO] Fail to format        : 0 file(s)
[INFO] Skipped               : 5 file(s)
[INFO] Approximate time taken: 0s
[INFO] 
[INFO] --- maven-resources-plugin:2.5:resources (default-resources) @ sofa-rpc-exception ---
[debug] execute contextualize
[INFO] Using 'utf-8' encoding to copy filtered resources.
[INFO] skip non existing resourceDirectory /home/gabsko/breaking-updates/core/exception/src/main/resources
[INFO] 
[INFO] --- maven-compiler-plugin:3.5.1:compile (default-compile) @ sofa-rpc-exception ---
[INFO] Changes detected - recompiling the module!
[INFO] Compiling 5 source files to /home/gabsko/breaking-updates/core/exception/target/classes
[INFO] 
[INFO] ------------------< com.alipay.sofa:sofa-rpc-common >-------------------
[INFO] Building sofa-rpc-common 5.8.5                                    [4/61]
[INFO] --------------------------------[ jar ]---------------------------------
[INFO] Downloading from central: https://repo.maven.apache.org/maven2/com/alipay/sofa/common/sofa-common-tools/1.3.2/sofa-common-tools-1.3.2.pom
[INFO] Downloaded from central: https://repo.maven.apache.org/maven2/com/alipay/sofa/common/sofa-common-tools/1.3.2/sofa-common-tools-1.3.2.pom (12 kB at 115 kB/s)
[INFO] Downloading from central: https://repo.maven.apache.org/maven2/com/alipay/sofa/common/sofa-common-tools/1.3.2/sofa-common-tools-1.3.2.jar
[INFO] Downloaded from central: https://repo.maven.apache.org/maven2/com/alipay/sofa/common/sofa-common-tools/1.3.2/sofa-common-tools-1.3.2.jar (207 kB at 1.5 MB/s)
[INFO] 
[INFO] --- maven-clean-plugin:2.5:clean (default-clean) @ sofa-rpc-common ---
[INFO] 
[INFO] >>> maven-pmd-plugin:3.13.0:check (check) > :pmd @ sofa-rpc-common >>>
[INFO] 
[INFO] --- maven-pmd-plugin:3.13.0:pmd (pmd) @ sofa-rpc-common ---
[INFO] 
[INFO] <<< maven-pmd-plugin:3.13.0:check (check) < :pmd @ sofa-rpc-common <<<
[INFO] 
[INFO] 
[INFO] --- maven-pmd-plugin:3.13.0:check (check) @ sofa-rpc-common ---
[INFO] PMD version: 6.21.0
[INFO] 
[INFO] 
[INFO] --- jacoco-maven-plugin:0.7.9:prepare-agent (default-prepare-agent) @ sofa-rpc-common ---
[INFO] Skipping JaCoCo execution because property jacoco.skip is set.
[INFO] argLine set to empty
[INFO] 
[INFO] --- protobuf-maven-plugin:0.5.1:compile (default) @ sofa-rpc-common ---
[INFO] /home/gabsko/breaking-updates/core/common/src/main/proto does not exist. Review the configuration or consider disabling the plugin.
[INFO] 
[INFO] --- protobuf-maven-plugin:0.5.1:compile-custom (default) @ sofa-rpc-common ---
[INFO] /home/gabsko/breaking-updates/core/common/src/main/proto does not exist. Review the configuration or consider disabling the plugin.
[INFO] 
[INFO] --- license-maven-plugin:3.0:remove (default) @ sofa-rpc-common ---
[INFO] Removing license headers...
[INFO] 
[INFO] --- license-maven-plugin:3.0:format (default) @ sofa-rpc-common ---
[INFO] Updating license headers...
[INFO] 
[INFO] --- maven-java-formatter-plugin:0.4:format (default) @ sofa-rpc-common ---
[INFO] Using 'UTF-8' encoding to format source files.
[INFO] Number of files to be formatted: 96
[INFO] Successfully formatted: 0 file(s)
[INFO] Fail to format        : 0 file(s)
[INFO] Skipped               : 96 file(s)
[INFO] Approximate time taken: 0s
[INFO] 
[INFO] --- maven-resources-plugin:2.5:resources (default-resources) @ sofa-rpc-common ---
[debug] execute contextualize
[INFO] Using 'utf-8' encoding to copy filtered resources.
[INFO] Copying 1 resource
[INFO] 
[INFO] --- maven-compiler-plugin:3.5.1:compile (default-compile) @ sofa-rpc-common ---
[INFO] Changes detected - recompiling the module!
[INFO] Compiling 54 source files to /home/gabsko/breaking-updates/core/common/target/classes
[INFO] /home/gabsko/breaking-updates/core/common/src/main/java/com/alipay/sofa/rpc/common/utils/CompatibleTypeUtils.java: Some input files use or override a deprecated API.
[INFO] /home/gabsko/breaking-updates/core/common/src/main/java/com/alipay/sofa/rpc/common/utils/CompatibleTypeUtils.java: Recompile with -Xlint:deprecation for details.
[INFO] /home/gabsko/breaking-updates/core/common/src/main/java/com/alipay/sofa/rpc/common/json/BeanSerializer.java: Some input files use unchecked or unsafe operations.
[INFO] /home/gabsko/breaking-updates/core/common/src/main/java/com/alipay/sofa/rpc/common/json/BeanSerializer.java: Recompile with -Xlint:unchecked for details.
[INFO] 
[INFO] --------------------< com.alipay.sofa:sofa-rpc-api >--------------------
[INFO] Building sofa-rpc-api 5.8.5                                       [5/61]
[INFO] --------------------------------[ jar ]---------------------------------
[INFO] Downloading from central: https://repo.maven.apache.org/maven2/com/alibaba/transmittable-thread-local/2.12.1/transmittable-thread-local-2.12.1.pom
[INFO] Downloaded from central: https://repo.maven.apache.org/maven2/com/alibaba/transmittable-thread-local/2.12.1/transmittable-thread-local-2.12.1.pom (25 kB at 255 kB/s)
[INFO] Downloading from central: https://repo.maven.apache.org/maven2/com/alibaba/transmittable-thread-local/2.12.1/transmittable-thread-local-2.12.1.jar
[INFO] Downloaded from central: https://repo.maven.apache.org/maven2/com/alibaba/transmittable-thread-local/2.12.1/transmittable-thread-local-2.12.1.jar (901 kB at 5.6 MB/s)
[INFO] 
[INFO] --- maven-clean-plugin:2.5:clean (default-clean) @ sofa-rpc-api ---
[INFO] 
[INFO] >>> maven-pmd-plugin:3.13.0:check (check) > :pmd @ sofa-rpc-api >>>
[INFO] 
[INFO] --- maven-pmd-plugin:3.13.0:pmd (pmd) @ sofa-rpc-api ---
[INFO] 
[INFO] <<< maven-pmd-plugin:3.13.0:check (check) < :pmd @ sofa-rpc-api <<<
[INFO] 
[INFO] 
[INFO] --- maven-pmd-plugin:3.13.0:check (check) @ sofa-rpc-api ---
[INFO] PMD version: 6.21.0
[INFO] 
[INFO] 
[INFO] --- jacoco-maven-plugin:0.7.9:prepare-agent (default-prepare-agent) @ sofa-rpc-api ---
[INFO] Skipping JaCoCo execution because property jacoco.skip is set.
[INFO] argLine set to empty
[INFO] 
[INFO] --- protobuf-maven-plugin:0.5.1:compile (default) @ sofa-rpc-api ---
[INFO] /home/gabsko/breaking-updates/core/api/src/main/proto does not exist. Review the configuration or consider disabling the plugin.
[INFO] 
[INFO] --- protobuf-maven-plugin:0.5.1:compile-custom (default) @ sofa-rpc-api ---
[INFO] /home/gabsko/breaking-updates/core/api/src/main/proto does not exist. Review the configuration or consider disabling the plugin.
[INFO] 
[INFO] --- license-maven-plugin:3.0:remove (default) @ sofa-rpc-api ---
[INFO] Removing license headers...
[INFO] 
[INFO] --- license-maven-plugin:3.0:format (default) @ sofa-rpc-api ---
[INFO] Updating license headers...
[INFO] 
[INFO] --- maven-java-formatter-plugin:0.4:format (default) @ sofa-rpc-api ---
[INFO] Using 'UTF-8' encoding to format source files.
[INFO] Number of files to be formatted: 306
[INFO] Successfully formatted: 0 file(s)
[INFO] Fail to format        : 0 file(s)
[INFO] Skipped               : 306 file(s)
[INFO] Approximate time taken: 0s
[INFO] 
[INFO] --- maven-resources-plugin:2.5:resources (default-resources) @ sofa-rpc-api ---
[debug] execute contextualize
[INFO] Using 'utf-8' encoding to copy filtered resources.
[INFO] Copying 3 resources
[INFO] 
[INFO] --- maven-compiler-plugin:3.5.1:compile (default-compile) @ sofa-rpc-api ---
[INFO] Changes detected - recompiling the module!
[INFO] Compiling 162 source files to /home/gabsko/breaking-updates/core/api/target/classes
[INFO] /home/gabsko/breaking-updates/core/api/src/main/java/com/alipay/sofa/rpc/log/TimeWaitLogger.java: Some input files use or override a deprecated API.
[INFO] /home/gabsko/breaking-updates/core/api/src/main/java/com/alipay/sofa/rpc/log/TimeWaitLogger.java: Recompile with -Xlint:deprecation for details.
[INFO] /home/gabsko/breaking-updates/core/api/src/main/java/com/alipay/sofa/rpc/common/RpcConfigs.java: Some input files use unchecked or unsafe operations.
[INFO] /home/gabsko/breaking-updates/core/api/src/main/java/com/alipay/sofa/rpc/common/RpcConfigs.java: Recompile with -Xlint:unchecked for details.
[INFO] 
[INFO] -----------------< com.alipay.sofa:sofa-rpc-core-impl >-----------------
[INFO] Building sofa-rpc-core-impl 5.8.5                                 [6/61]
[INFO] --------------------------------[ pom ]---------------------------------
[INFO] 
[INFO] --- maven-clean-plugin:2.5:clean (default-clean) @ sofa-rpc-core-impl ---
[INFO] 
[INFO] >>> maven-pmd-plugin:3.13.0:check (check) > :pmd @ sofa-rpc-core-impl >>>
[INFO] 
[INFO] --- maven-pmd-plugin:3.13.0:pmd (pmd) @ sofa-rpc-core-impl ---
[INFO] 
[INFO] <<< maven-pmd-plugin:3.13.0:check (check) < :pmd @ sofa-rpc-core-impl <<<
[INFO] 
[INFO] 
[INFO] --- maven-pmd-plugin:3.13.0:check (check) @ sofa-rpc-core-impl ---
[INFO] PMD version: 6.21.0
[INFO] 
[INFO] --- jacoco-maven-plugin:0.7.9:prepare-agent (default-prepare-agent) @ sofa-rpc-core-impl ---
[INFO] Skipping JaCoCo execution because property jacoco.skip is set.
[INFO] argLine set to empty
[INFO] 
[INFO] --- protobuf-maven-plugin:0.5.1:compile (default) @ sofa-rpc-core-impl ---
[INFO] Skipping mojo execution for project with packaging type 'pom'
[INFO] 
[INFO] --- protobuf-maven-plugin:0.5.1:compile-custom (default) @ sofa-rpc-core-impl ---
[INFO] Skipping mojo execution for project with packaging type 'pom'
[INFO] 
[INFO] --- license-maven-plugin:3.0:remove (default) @ sofa-rpc-core-impl ---
[INFO] Removing license headers...
[INFO] 
[INFO] --- license-maven-plugin:3.0:format (default) @ sofa-rpc-core-impl ---
[INFO] Updating license headers...
[INFO] 
[INFO] --- maven-java-formatter-plugin:0.4:format (default) @ sofa-rpc-core-impl ---
[INFO] Using 'UTF-8' encoding to format source files.
[INFO] Number of files to be formatted: 0
[INFO] 
[INFO] --------------------< com.alipay.sofa:sofa-rpc-log >--------------------
[INFO] Building sofa-rpc-log 5.8.5                                       [7/61]
[INFO] --------------------------------[ jar ]---------------------------------
[INFO] 
[INFO] --- maven-clean-plugin:2.5:clean (default-clean) @ sofa-rpc-log ---
[INFO] 
[INFO] >>> maven-pmd-plugin:3.13.0:check (check) > :pmd @ sofa-rpc-log >>>
[INFO] 
[INFO] --- maven-pmd-plugin:3.13.0:pmd (pmd) @ sofa-rpc-log ---
[INFO] 
[INFO] <<< maven-pmd-plugin:3.13.0:check (check) < :pmd @ sofa-rpc-log <<<
[INFO] 
[INFO] 
[INFO] --- maven-pmd-plugin:3.13.0:check (check) @ sofa-rpc-log ---
[INFO] PMD version: 6.21.0
[INFO] 
[INFO] 
[INFO] --- jacoco-maven-plugin:0.7.9:prepare-agent (default-prepare-agent) @ sofa-rpc-log ---
[INFO] Skipping JaCoCo execution because property jacoco.skip is set.
[INFO] argLine set to empty
[INFO] 
[INFO] --- protobuf-maven-plugin:0.5.1:compile (default) @ sofa-rpc-log ---
[INFO] /home/gabsko/breaking-updates/core-impl/log/src/main/proto does not exist. Review the configuration or consider disabling the plugin.
[INFO] 
[INFO] --- protobuf-maven-plugin:0.5.1:compile-custom (default) @ sofa-rpc-log ---
[INFO] /home/gabsko/breaking-updates/core-impl/log/src/main/proto does not exist. Review the configuration or consider disabling the plugin.
[INFO] 
[INFO] --- license-maven-plugin:3.0:remove (default) @ sofa-rpc-log ---
[INFO] Removing license headers...
[INFO] 
[INFO] --- license-maven-plugin:3.0:format (default) @ sofa-rpc-log ---
[INFO] Updating license headers...
[INFO] 
[INFO] --- maven-java-formatter-plugin:0.4:format (default) @ sofa-rpc-log ---
[INFO] Using 'UTF-8' encoding to format source files.
[INFO] Number of files to be formatted: 2
[INFO] Successfully formatted: 0 file(s)
[INFO] Fail to format        : 0 file(s)
[INFO] Skipped               : 2 file(s)
[INFO] Approximate time taken: 0s
[INFO] 
[INFO] --- maven-resources-plugin:2.5:resources (default-resources) @ sofa-rpc-log ---
[debug] execute contextualize
[INFO] Using 'utf-8' encoding to copy filtered resources.
[INFO] skip non existing resourceDirectory /home/gabsko/breaking-updates/core-impl/log/src/main/resources
[INFO] 
[INFO] --- maven-compiler-plugin:3.5.1:compile (default-compile) @ sofa-rpc-log ---
[INFO] Changes detected - recompiling the module!
[INFO] Compiling 1 source file to /home/gabsko/breaking-updates/core-impl/log/target/classes
[INFO] 
[INFO] ------------------< com.alipay.sofa:sofa-rpc-client >-------------------
[INFO] Building sofa-rpc-client 5.8.5                                    [8/61]
[INFO] --------------------------------[ jar ]---------------------------------
[INFO] 
[INFO] --- maven-clean-plugin:2.5:clean (default-clean) @ sofa-rpc-client ---
[INFO] 
[INFO] >>> maven-pmd-plugin:3.13.0:check (check) > :pmd @ sofa-rpc-client >>>
[INFO] 
[INFO] --- maven-pmd-plugin:3.13.0:pmd (pmd) @ sofa-rpc-client ---
[INFO] 
[INFO] <<< maven-pmd-plugin:3.13.0:check (check) < :pmd @ sofa-rpc-client <<<
[INFO] 
[INFO] 
[INFO] --- maven-pmd-plugin:3.13.0:check (check) @ sofa-rpc-client ---
[INFO] PMD version: 6.21.0
[INFO] 
[INFO] 
[INFO] --- jacoco-maven-plugin:0.7.9:prepare-agent (default-prepare-agent) @ sofa-rpc-client ---
[INFO] Skipping JaCoCo execution because property jacoco.skip is set.
[INFO] argLine set to empty
[INFO] 
[INFO] --- protobuf-maven-plugin:0.5.1:compile (default) @ sofa-rpc-client ---
[INFO] /home/gabsko/breaking-updates/core-impl/client/src/main/proto does not exist. Review the configuration or consider disabling the plugin.
[INFO] 
[INFO] --- protobuf-maven-plugin:0.5.1:compile-custom (default) @ sofa-rpc-client ---
[INFO] /home/gabsko/breaking-updates/core-impl/client/src/main/proto does not exist. Review the configuration or consider disabling the plugin.
[INFO] 
[INFO] --- license-maven-plugin:3.0:remove (default) @ sofa-rpc-client ---
[INFO] Removing license headers...
[INFO] 
[INFO] --- license-maven-plugin:3.0:format (default) @ sofa-rpc-client ---
[INFO] Updating license headers...
[INFO] 
[INFO] --- maven-java-formatter-plugin:0.4:format (default) @ sofa-rpc-client ---
[INFO] Using 'UTF-8' encoding to format source files.
[INFO] Number of files to be formatted: 27
[INFO] Successfully formatted: 0 file(s)
[INFO] Fail to format        : 0 file(s)
[INFO] Skipped               : 27 file(s)
[INFO] Approximate time taken: 0s
[INFO] 
[INFO] --- maven-resources-plugin:2.5:resources (default-resources) @ sofa-rpc-client ---
[debug] execute contextualize
[INFO] Using 'utf-8' encoding to copy filtered resources.
[INFO] Copying 5 resources
[INFO] 
[INFO] --- maven-compiler-plugin:3.5.1:compile (default-compile) @ sofa-rpc-client ---
[INFO] Changes detected - recompiling the module!
[INFO] Compiling 17 source files to /home/gabsko/breaking-updates/core-impl/client/target/classes
[INFO] /home/gabsko/breaking-updates/core-impl/client/src/main/java/com/alipay/sofa/rpc/client/AbstractCluster.java: Some input files use or override a deprecated API.
[INFO] /home/gabsko/breaking-updates/core-impl/client/src/main/java/com/alipay/sofa/rpc/client/AbstractCluster.java: Recompile with -Xlint:deprecation for details.
[INFO] /home/gabsko/breaking-updates/core-impl/client/src/main/java/com/alipay/sofa/rpc/client/AbstractCluster.java: Some input files use unchecked or unsafe operations.
[INFO] /home/gabsko/breaking-updates/core-impl/client/src/main/java/com/alipay/sofa/rpc/client/AbstractCluster.java: Recompile with -Xlint:unchecked for details.
[INFO] 
[INFO] -------------------< com.alipay.sofa:sofa-rpc-codec >-------------------
[INFO] Building sofa-rpc-codec 5.8.5                                     [9/61]
[INFO] --------------------------------[ pom ]---------------------------------
[INFO] 
[INFO] --- maven-clean-plugin:2.5:clean (default-clean) @ sofa-rpc-codec ---
[INFO] 
[INFO] >>> maven-pmd-plugin:3.13.0:check (check) > :pmd @ sofa-rpc-codec >>>
[INFO] 
[INFO] --- maven-pmd-plugin:3.13.0:pmd (pmd) @ sofa-rpc-codec ---
[INFO] 
[INFO] <<< maven-pmd-plugin:3.13.0:check (check) < :pmd @ sofa-rpc-codec <<<
[INFO] 
[INFO] 
[INFO] --- maven-pmd-plugin:3.13.0:check (check) @ sofa-rpc-codec ---
[INFO] PMD version: 6.21.0
[INFO] 
[INFO] --- jacoco-maven-plugin:0.7.9:prepare-agent (default-prepare-agent) @ sofa-rpc-codec ---
[INFO] Skipping JaCoCo execution because property jacoco.skip is set.
[INFO] argLine set to empty
[INFO] 
[INFO] --- protobuf-maven-plugin:0.5.1:compile (default) @ sofa-rpc-codec ---
[INFO] Skipping mojo execution for project with packaging type 'pom'
[INFO] 
[INFO] --- protobuf-maven-plugin:0.5.1:compile-custom (default) @ sofa-rpc-codec ---
[INFO] Skipping mojo execution for project with packaging type 'pom'
[INFO] 
[INFO] --- license-maven-plugin:3.0:remove (default) @ sofa-rpc-codec ---
[INFO] Removing license headers...
[INFO] 
[INFO] --- license-maven-plugin:3.0:format (default) @ sofa-rpc-codec ---
[INFO] Updating license headers...
[INFO] 
[INFO] --- maven-java-formatter-plugin:0.4:format (default) @ sofa-rpc-codec ---
[INFO] Using 'UTF-8' encoding to format source files.
[INFO] Number of files to be formatted: 0
[INFO] 
[INFO] -----------------< com.alipay.sofa:sofa-rpc-codec-api >-----------------
[INFO] Building sofa-rpc-codec-api 5.8.5                                [10/61]
[INFO] --------------------------------[ jar ]---------------------------------
[INFO] 
[INFO] --- maven-clean-plugin:2.5:clean (default-clean) @ sofa-rpc-codec-api ---
[INFO] 
[INFO] >>> maven-pmd-plugin:3.13.0:check (check) > :pmd @ sofa-rpc-codec-api >>>
[INFO] 
[INFO] --- maven-pmd-plugin:3.13.0:pmd (pmd) @ sofa-rpc-codec-api ---
[INFO] 
[INFO] <<< maven-pmd-plugin:3.13.0:check (check) < :pmd @ sofa-rpc-codec-api <<<
[INFO] 
[INFO] 
[INFO] --- maven-pmd-plugin:3.13.0:check (check) @ sofa-rpc-codec-api ---
[INFO] PMD version: 6.21.0
[INFO] 
[INFO] 
[INFO] --- jacoco-maven-plugin:0.7.9:prepare-agent (default-prepare-agent) @ sofa-rpc-codec-api ---
[INFO] Skipping JaCoCo execution because property jacoco.skip is set.
[INFO] argLine set to empty
[INFO] 
[INFO] --- protobuf-maven-plugin:0.5.1:compile (default) @ sofa-rpc-codec-api ---
[INFO] /home/gabsko/breaking-updates/codec/codec-api/src/main/proto does not exist. Review the configuration or consider disabling the plugin.
[INFO] 
[INFO] --- protobuf-maven-plugin:0.5.1:compile-custom (default) @ sofa-rpc-codec-api ---
[INFO] /home/gabsko/breaking-updates/codec/codec-api/src/main/proto does not exist. Review the configuration or consider disabling the plugin.
[INFO] 
[INFO] --- license-maven-plugin:3.0:remove (default) @ sofa-rpc-codec-api ---
[INFO] Removing license headers...
[INFO] 
[INFO] --- license-maven-plugin:3.0:format (default) @ sofa-rpc-codec-api ---
[INFO] Updating license headers...
[INFO] 
[INFO] --- maven-java-formatter-plugin:0.4:format (default) @ sofa-rpc-codec-api ---
[INFO] Using 'UTF-8' encoding to format source files.
[INFO] Number of files to be formatted: 14
[INFO] Successfully formatted: 0 file(s)
[INFO] Fail to format        : 0 file(s)
[INFO] Skipped               : 14 file(s)
[INFO] Approximate time taken: 0s
[INFO] 
[INFO] --- maven-resources-plugin:2.5:resources (default-resources) @ sofa-rpc-codec-api ---
[debug] execute contextualize
[INFO] Using 'utf-8' encoding to copy filtered resources.
[INFO] Copying 1 resource
[INFO] 
[INFO] --- maven-compiler-plugin:3.5.1:compile (default-compile) @ sofa-rpc-codec-api ---
[INFO] Changes detected - recompiling the module!
[INFO] Compiling 10 source files to /home/gabsko/breaking-updates/codec/codec-api/target/classes
[INFO] /home/gabsko/breaking-updates/codec/codec-api/src/main/java/com/alipay/sofa/rpc/codec/snappy/SnappyInternalUtils.java: /home/gabsko/breaking-updates/codec/codec-api/src/main/java/com/alipay/sofa/rpc/codec/snappy/SnappyInternalUtils.java uses or overrides a deprecated API.
[INFO] /home/gabsko/breaking-updates/codec/codec-api/src/main/java/com/alipay/sofa/rpc/codec/snappy/SnappyInternalUtils.java: Recompile with -Xlint:deprecation for details.
[INFO] 
[INFO] ------------------< com.alipay.sofa:sofa-rpc-filter >-------------------
[INFO] Building sofa-rpc-filter 5.8.5                                   [11/61]
[INFO] --------------------------------[ jar ]---------------------------------
[INFO] 
[INFO] --- maven-clean-plugin:2.5:clean (default-clean) @ sofa-rpc-filter ---
[INFO] 
[INFO] >>> maven-pmd-plugin:3.13.0:check (check) > :pmd @ sofa-rpc-filter >>>
[INFO] 
[INFO] --- maven-pmd-plugin:3.13.0:pmd (pmd) @ sofa-rpc-filter ---
[INFO] 
[INFO] <<< maven-pmd-plugin:3.13.0:check (check) < :pmd @ sofa-rpc-filter <<<
[INFO] 
[INFO] 
[INFO] --- maven-pmd-plugin:3.13.0:check (check) @ sofa-rpc-filter ---
[INFO] PMD version: 6.21.0
[INFO] 
[INFO] 
[INFO] --- jacoco-maven-plugin:0.7.9:prepare-agent (default-prepare-agent) @ sofa-rpc-filter ---
[INFO] Skipping JaCoCo execution because property jacoco.skip is set.
[INFO] argLine set to empty
[INFO] 
[INFO] --- protobuf-maven-plugin:0.5.1:compile (default) @ sofa-rpc-filter ---
[INFO] /home/gabsko/breaking-updates/core-impl/filter/src/main/proto does not exist. Review the configuration or consider disabling the plugin.
[INFO] 
[INFO] --- protobuf-maven-plugin:0.5.1:compile-custom (default) @ sofa-rpc-filter ---
[INFO] /home/gabsko/breaking-updates/core-impl/filter/src/main/proto does not exist. Review the configuration or consider disabling the plugin.
[INFO] 
[INFO] --- license-maven-plugin:3.0:remove (default) @ sofa-rpc-filter ---
[INFO] Removing license headers...
[INFO] 
[INFO] --- license-maven-plugin:3.0:format (default) @ sofa-rpc-filter ---
[INFO] Updating license headers...
[INFO] 
[INFO] --- maven-java-formatter-plugin:0.4:format (default) @ sofa-rpc-filter ---
[INFO] Using 'UTF-8' encoding to format source files.
[INFO] Number of files to be formatted: 7
[INFO] Successfully formatted: 0 file(s)
[INFO] Fail to format        : 0 file(s)
[INFO] Skipped               : 7 file(s)
[INFO] Approximate time taken: 0s
[INFO] 
[INFO] --- maven-resources-plugin:2.5:resources (default-resources) @ sofa-rpc-filter ---
[debug] execute contextualize
[INFO] Using 'utf-8' encoding to copy filtered resources.
[INFO] Copying 1 resource
[INFO] 
[INFO] --- maven-compiler-plugin:3.5.1:compile (default-compile) @ sofa-rpc-filter ---
[INFO] Changes detected - recompiling the module!
[INFO] Compiling 4 source files to /home/gabsko/breaking-updates/core-impl/filter/target/classes
[INFO] /home/gabsko/breaking-updates/core-impl/filter/src/main/java/com/alipay/sofa/rpc/filter/ConsumerCustomHeaderFilter.java: /home/gabsko/breaking-updates/core-impl/filter/src/main/java/com/alipay/sofa/rpc/filter/ConsumerCustomHeaderFilter.java uses unchecked or unsafe operations.
[INFO] /home/gabsko/breaking-updates/core-impl/filter/src/main/java/com/alipay/sofa/rpc/filter/ConsumerCustomHeaderFilter.java: Recompile with -Xlint:unchecked for details.
[INFO] 
[INFO] -------------------< com.alipay.sofa:sofa-rpc-proxy >-------------------
[INFO] Building sofa-rpc-proxy 5.8.5                                    [12/61]
[INFO] --------------------------------[ jar ]---------------------------------
[INFO] 
[INFO] --- maven-clean-plugin:2.5:clean (default-clean) @ sofa-rpc-proxy ---
[INFO] 
[INFO] >>> maven-pmd-plugin:3.13.0:check (check) > :pmd @ sofa-rpc-proxy >>>
[INFO] 
[INFO] --- maven-pmd-plugin:3.13.0:pmd (pmd) @ sofa-rpc-proxy ---
[INFO] 
[INFO] <<< maven-pmd-plugin:3.13.0:check (check) < :pmd @ sofa-rpc-proxy <<<
[INFO] 
[INFO] 
[INFO] --- maven-pmd-plugin:3.13.0:check (check) @ sofa-rpc-proxy ---
[INFO] PMD version: 6.21.0
[INFO] 
[INFO] 
[INFO] --- jacoco-maven-plugin:0.7.9:prepare-agent (default-prepare-agent) @ sofa-rpc-proxy ---
[INFO] Skipping JaCoCo execution because property jacoco.skip is set.
[INFO] argLine set to empty
[INFO] 
[INFO] --- protobuf-maven-plugin:0.5.1:compile (default) @ sofa-rpc-proxy ---
[INFO] /home/gabsko/breaking-updates/core-impl/proxy/src/main/proto does not exist. Review the configuration or consider disabling the plugin.
[INFO] 
[INFO] --- protobuf-maven-plugin:0.5.1:compile-custom (default) @ sofa-rpc-proxy ---
[INFO] /home/gabsko/breaking-updates/core-impl/proxy/src/main/proto does not exist. Review the configuration or consider disabling the plugin.
[INFO] 
[INFO] --- license-maven-plugin:3.0:remove (default) @ sofa-rpc-proxy ---
[INFO] Removing license headers...
[INFO] 
[INFO] --- license-maven-plugin:3.0:format (default) @ sofa-rpc-proxy ---
[INFO] Updating license headers...
[INFO] 
[INFO] --- maven-java-formatter-plugin:0.4:format (default) @ sofa-rpc-proxy ---
[INFO] Using 'UTF-8' encoding to format source files.
[INFO] Number of files to be formatted: 13
[INFO] Successfully formatted: 0 file(s)
[INFO] Fail to format        : 0 file(s)
[INFO] Skipped               : 13 file(s)
[INFO] Approximate time taken: 0s
[INFO] 
[INFO] --- maven-resources-plugin:2.5:resources (default-resources) @ sofa-rpc-proxy ---
[debug] execute contextualize
[INFO] Using 'utf-8' encoding to copy filtered resources.
[INFO] Copying 1 resource
[INFO] 
[INFO] --- maven-compiler-plugin:3.5.1:compile (default-compile) @ sofa-rpc-proxy ---
[INFO] Changes detected - recompiling the module!
[INFO] Compiling 6 source files to /home/gabsko/breaking-updates/core-impl/proxy/target/classes
[INFO] /home/gabsko/breaking-updates/core-impl/proxy/src/main/java/com/alipay/sofa/rpc/proxy/bytebuddy/BytebuddyProxy.java: Some input files use or override a deprecated API.
[INFO] /home/gabsko/breaking-updates/core-impl/proxy/src/main/java/com/alipay/sofa/rpc/proxy/bytebuddy/BytebuddyProxy.java: Recompile with -Xlint:deprecation for details.
[INFO] /home/gabsko/breaking-updates/core-impl/proxy/src/main/java/com/alipay/sofa/rpc/proxy/bytebuddy/BytebuddyProxy.java: Some input files use unchecked or unsafe operations.
[INFO] /home/gabsko/breaking-updates/core-impl/proxy/src/main/java/com/alipay/sofa/rpc/proxy/bytebuddy/BytebuddyProxy.java: Recompile with -Xlint:unchecked for details.
[INFO] 
[INFO] -----------------< com.alipay.sofa:sofa-rpc-transport >-----------------
[INFO] Building sofa-rpc-transport 5.8.5                                [13/61]
[INFO] --------------------------------[ jar ]---------------------------------
[INFO] 
[INFO] --- maven-clean-plugin:2.5:clean (default-clean) @ sofa-rpc-transport ---
[INFO] 
[INFO] >>> maven-pmd-plugin:3.13.0:check (check) > :pmd @ sofa-rpc-transport >>>
[INFO] 
[INFO] --- maven-pmd-plugin:3.13.0:pmd (pmd) @ sofa-rpc-transport ---
[INFO] 
[INFO] <<< maven-pmd-plugin:3.13.0:check (check) < :pmd @ sofa-rpc-transport <<<
[INFO] 
[INFO] 
[INFO] --- maven-pmd-plugin:3.13.0:check (check) @ sofa-rpc-transport ---
[INFO] PMD version: 6.21.0
[INFO] 
[INFO] 
[INFO] --- jacoco-maven-plugin:0.7.9:prepare-agent (default-prepare-agent) @ sofa-rpc-transport ---
[INFO] Skipping JaCoCo execution because property jacoco.skip is set.
[INFO] argLine set to empty
[INFO] 
[INFO] --- protobuf-maven-plugin:0.5.1:compile (default) @ sofa-rpc-transport ---
[INFO] /home/gabsko/breaking-updates/core-impl/transport/src/main/proto does not exist. Review the configuration or consider disabling the plugin.
[INFO] 
[INFO] --- protobuf-maven-plugin:0.5.1:compile-custom (default) @ sofa-rpc-transport ---
[INFO] /home/gabsko/breaking-updates/core-impl/transport/src/main/proto does not exist. Review the configuration or consider disabling the plugin.
[INFO] 
[INFO] --- license-maven-plugin:3.0:remove (default) @ sofa-rpc-transport ---
[INFO] Removing license headers...
[INFO] 
[INFO] --- license-maven-plugin:3.0:format (default) @ sofa-rpc-transport ---
[INFO] Updating license headers...
[INFO] 
[INFO] --- maven-java-formatter-plugin:0.4:format (default) @ sofa-rpc-transport ---
[INFO] Using 'UTF-8' encoding to format source files.
[INFO] Number of files to be formatted: 1
[INFO] Successfully formatted: 0 file(s)
[INFO] Fail to format        : 0 file(s)
[INFO] Skipped               : 1 file(s)
[INFO] Approximate time taken: 0s
[INFO] 
[INFO] --- maven-resources-plugin:2.5:resources (default-resources) @ sofa-rpc-transport ---
[debug] execute contextualize
[INFO] Using 'utf-8' encoding to copy filtered resources.
[INFO] skip non existing resourceDirectory /home/gabsko/breaking-updates/core-impl/transport/src/main/resources
[INFO] 
[INFO] --- maven-compiler-plugin:3.5.1:compile (default-compile) @ sofa-rpc-transport ---
[INFO] Changes detected - recompiling the module!
[INFO] Compiling 1 source file to /home/gabsko/breaking-updates/core-impl/transport/target/classes
[INFO] 
[INFO] --------------< com.alipay.sofa:sofa-rpc-api-compatible >---------------
[INFO] Building sofa-rpc-api-compatible 5.8.5                           [14/61]
[INFO] --------------------------------[ jar ]---------------------------------
[INFO] Downloading from central: https://repo.maven.apache.org/maven2/com/alipay/sofa/bolt/1.5.10/bolt-1.5.10.pom
[INFO] Downloaded from central: https://repo.maven.apache.org/maven2/com/alipay/sofa/bolt/1.5.10/bolt-1.5.10.pom (19 kB at 189 kB/s)
[INFO] Downloading from central: https://repo.maven.apache.org/maven2/com/alipay/sofa/bolt/1.5.10/bolt-1.5.10.jar
[INFO] Downloaded from central: https://repo.maven.apache.org/maven2/com/alipay/sofa/bolt/1.5.10/bolt-1.5.10.jar (256 kB at 2.2 MB/s)
[INFO] 
[INFO] --- maven-clean-plugin:2.5:clean (default-clean) @ sofa-rpc-api-compatible ---
[INFO] 
[INFO] >>> maven-pmd-plugin:3.13.0:check (check) > :pmd @ sofa-rpc-api-compatible >>>
[INFO] 
[INFO] --- maven-pmd-plugin:3.13.0:pmd (pmd) @ sofa-rpc-api-compatible ---
[INFO] 
[INFO] <<< maven-pmd-plugin:3.13.0:check (check) < :pmd @ sofa-rpc-api-compatible <<<
[INFO] 
[INFO] 
[INFO] --- maven-pmd-plugin:3.13.0:check (check) @ sofa-rpc-api-compatible ---
[INFO] PMD version: 6.21.0
[INFO] 
[INFO] 
[INFO] --- jacoco-maven-plugin:0.7.9:prepare-agent (default-prepare-agent) @ sofa-rpc-api-compatible ---
[INFO] Skipping JaCoCo execution because property jacoco.skip is set.
[INFO] argLine set to empty
[INFO] 
[INFO] --- protobuf-maven-plugin:0.5.1:compile (default) @ sofa-rpc-api-compatible ---
[INFO] /home/gabsko/breaking-updates/core/api-compatible/src/main/proto does not exist. Review the configuration or consider disabling the plugin.
[INFO] 
[INFO] --- protobuf-maven-plugin:0.5.1:compile-custom (default) @ sofa-rpc-api-compatible ---
[INFO] /home/gabsko/breaking-updates/core/api-compatible/src/main/proto does not exist. Review the configuration or consider disabling the plugin.
[INFO] 
[INFO] --- license-maven-plugin:3.0:remove (default) @ sofa-rpc-api-compatible ---
[INFO] Removing license headers...
[INFO] 
[INFO] --- license-maven-plugin:3.0:format (default) @ sofa-rpc-api-compatible ---
[INFO] Updating license headers...
[INFO] 
[INFO] --- maven-java-formatter-plugin:0.4:format (default) @ sofa-rpc-api-compatible ---
[INFO] Using 'UTF-8' encoding to format source files.
[INFO] Number of files to be formatted: 7
[INFO] Successfully formatted: 0 file(s)
[INFO] Fail to format        : 0 file(s)
[INFO] Skipped               : 7 file(s)
[INFO] Approximate time taken: 0s
[INFO] 
[INFO] --- maven-resources-plugin:2.5:resources (default-resources) @ sofa-rpc-api-compatible ---
[debug] execute contextualize
[INFO] Using 'utf-8' encoding to copy filtered resources.
[INFO] Copying 1 resource
[INFO] 
[INFO] --- maven-compiler-plugin:3.5.1:compile (default-compile) @ sofa-rpc-api-compatible ---
[INFO] Changes detected - recompiling the module!
[INFO] Compiling 7 source files to /home/gabsko/breaking-updates/core/api-compatible/target/classes
[INFO] 
[INFO] -----------------< com.alipay.sofa:sofa-rpc-registry >------------------
[INFO] Building sofa-rpc-registry 5.8.5                                 [15/61]
[INFO] --------------------------------[ pom ]---------------------------------
[INFO] 
[INFO] --- maven-clean-plugin:2.5:clean (default-clean) @ sofa-rpc-registry ---
[INFO] 
[INFO] >>> maven-pmd-plugin:3.13.0:check (check) > :pmd @ sofa-rpc-registry >>>
[INFO] 
[INFO] --- maven-pmd-plugin:3.13.0:pmd (pmd) @ sofa-rpc-registry ---
[INFO] 
[INFO] <<< maven-pmd-plugin:3.13.0:check (check) < :pmd @ sofa-rpc-registry <<<
[INFO] 
[INFO] 
[INFO] --- maven-pmd-plugin:3.13.0:check (check) @ sofa-rpc-registry ---
[INFO] PMD version: 6.21.0
[INFO] 
[INFO] --- jacoco-maven-plugin:0.7.9:prepare-agent (default-prepare-agent) @ sofa-rpc-registry ---
[INFO] Skipping JaCoCo execution because property jacoco.skip is set.
[INFO] argLine set to empty
[INFO] 
[INFO] --- protobuf-maven-plugin:0.5.1:compile (default) @ sofa-rpc-registry ---
[INFO] Skipping mojo execution for project with packaging type 'pom'
[INFO] 
[INFO] --- protobuf-maven-plugin:0.5.1:compile-custom (default) @ sofa-rpc-registry ---
[INFO] Skipping mojo execution for project with packaging type 'pom'
[INFO] 
[INFO] --- license-maven-plugin:3.0:remove (default) @ sofa-rpc-registry ---
[INFO] Removing license headers...
[INFO] 
[INFO] --- license-maven-plugin:3.0:format (default) @ sofa-rpc-registry ---
[INFO] Updating license headers...
[INFO] 
[INFO] --- maven-java-formatter-plugin:0.4:format (default) @ sofa-rpc-registry ---
[INFO] Using 'UTF-8' encoding to format source files.
[INFO] Number of files to be formatted: 0
[INFO] 
[INFO] --------------< com.alipay.sofa:sofa-rpc-registry-local >---------------
[INFO] Building sofa-rpc-registry-local 5.8.5                           [16/61]
[INFO] --------------------------------[ jar ]---------------------------------
[INFO] 
[INFO] --- maven-clean-plugin:2.5:clean (default-clean) @ sofa-rpc-registry-local ---
[INFO] 
[INFO] >>> maven-pmd-plugin:3.13.0:check (check) > :pmd @ sofa-rpc-registry-local >>>
[INFO] 
[INFO] --- maven-pmd-plugin:3.13.0:pmd (pmd) @ sofa-rpc-registry-local ---
[INFO] 
[INFO] <<< maven-pmd-plugin:3.13.0:check (check) < :pmd @ sofa-rpc-registry-local <<<
[INFO] 
[INFO] 
[INFO] --- maven-pmd-plugin:3.13.0:check (check) @ sofa-rpc-registry-local ---
[INFO] PMD version: 6.21.0
[INFO] 
[INFO] 
[INFO] --- jacoco-maven-plugin:0.7.9:prepare-agent (default-prepare-agent) @ sofa-rpc-registry-local ---
[INFO] Skipping JaCoCo execution because property jacoco.skip is set.
[INFO] argLine set to empty
[INFO] 
[INFO] --- protobuf-maven-plugin:0.5.1:compile (default) @ sofa-rpc-registry-local ---
[INFO] /home/gabsko/breaking-updates/registry/registry-local/src/main/proto does not exist. Review the configuration or consider disabling the plugin.
[INFO] 
[INFO] --- protobuf-maven-plugin:0.5.1:compile-custom (default) @ sofa-rpc-registry-local ---
[INFO] /home/gabsko/breaking-updates/registry/registry-local/src/main/proto does not exist. Review the configuration or consider disabling the plugin.
[INFO] 
[INFO] --- license-maven-plugin:3.0:remove (default) @ sofa-rpc-registry-local ---
[INFO] Removing license headers...
[INFO] 
[INFO] --- license-maven-plugin:3.0:format (default) @ sofa-rpc-registry-local ---
[INFO] Updating license headers...
[INFO] 
[INFO] --- maven-java-formatter-plugin:0.4:format (default) @ sofa-rpc-registry-local ---
[INFO] Using 'UTF-8' encoding to format source files.
[INFO] Number of files to be formatted: 8
[INFO] Successfully formatted: 0 file(s)
[INFO] Fail to format        : 0 file(s)
[INFO] Skipped               : 8 file(s)
[INFO] Approximate time taken: 0s
[INFO] 
[INFO] --- maven-resources-plugin:2.5:resources (default-resources) @ sofa-rpc-registry-local ---
[debug] execute contextualize
[INFO] Using 'utf-8' encoding to copy filtered resources.
[INFO] Copying 1 resource
[INFO] 
[INFO] --- maven-compiler-plugin:3.5.1:compile (default-compile) @ sofa-rpc-registry-local ---
[INFO] Changes detected - recompiling the module!
[INFO] Compiling 4 source files to /home/gabsko/breaking-updates/registry/registry-local/target/classes
[INFO] /home/gabsko/breaking-updates/registry/registry-local/src/main/java/com/alipay/sofa/rpc/registry/local/LocalRegistryHelper.java: Some input files use unchecked or unsafe operations.
[INFO] /home/gabsko/breaking-updates/registry/registry-local/src/main/java/com/alipay/sofa/rpc/registry/local/LocalRegistryHelper.java: Recompile with -Xlint:unchecked for details.
[INFO] -------------------------------------------------------------
[ERROR] COMPILATION ERROR : 
[INFO] -------------------------------------------------------------
[ERROR] /home/gabsko/breaking-updates/registry/registry-local/src/main/java/com/alipay/sofa/rpc/registry/local/LocalRegistryHelper.java:[39,22] package javax.xml.bind does not exist
[ERROR] /home/gabsko/breaking-updates/registry/registry-local/src/main/java/com/alipay/sofa/rpc/registry/local/LocalRegistryHelper.java:[310,30] cannot find symbol
  symbol:   variable DatatypeConverter
  location: class com.alipay.sofa.rpc.registry.local.LocalRegistryHelper
[INFO] 2 errors 
[INFO] -------------------------------------------------------------
[INFO] ------------------------------------------------------------------------
[INFO] Reactor Summary for [SOFA] - RPC Framework 5.8.5:
[INFO] 
[INFO] [SOFA] - RPC Framework ............................. SUCCESS [  1.873 s]
[INFO] sofa-rpc-core ...................................... SUCCESS [  0.098 s]
[INFO] sofa-rpc-exception ................................. SUCCESS [  1.855 s]
[INFO] sofa-rpc-common .................................... SUCCESS [  1.848 s]
[INFO] sofa-rpc-api ....................................... SUCCESS [  2.223 s]
[INFO] sofa-rpc-core-impl ................................. SUCCESS [  0.035 s]
[INFO] sofa-rpc-log ....................................... SUCCESS [  0.461 s]
[INFO] sofa-rpc-client .................................... SUCCESS [  0.909 s]
[INFO] sofa-rpc-codec ..................................... SUCCESS [  0.037 s]
[INFO] sofa-rpc-codec-api ................................. SUCCESS [  0.586 s]
[INFO] sofa-rpc-filter .................................... SUCCESS [  0.446 s]
[INFO] sofa-rpc-proxy ..................................... SUCCESS [  0.586 s]
[INFO] sofa-rpc-transport ................................. SUCCESS [  0.396 s]
[INFO] sofa-rpc-api-compatible ............................ SUCCESS [  0.645 s]
[INFO] sofa-rpc-registry .................................. SUCCESS [  0.042 s]
[INFO] sofa-rpc-registry-local ............................ FAILURE [  0.552 s]
[INFO] sofa-rpc-log-common-tools .......................... SKIPPED
[INFO] sofa-rpc-bootstrap ................................. SKIPPED
[INFO] sofa-rpc-bootstrap-api ............................. SKIPPED
[INFO] sofa-rpc-bootstrap-bolt ............................ SKIPPED
[INFO] sofa-rpc-test ...................................... SKIPPED
[INFO] sofa-rpc-test-common ............................... SKIPPED
[INFO] sofa-rpc-bootstrap-dubbo ........................... SKIPPED
[INFO] sofa-rpc-bootstrap-grpc ............................ SKIPPED
[INFO] sofa-rpc-bootstrap-http ............................ SKIPPED
[INFO] sofa-rpc-bootstrap-rest ............................ SKIPPED
[INFO] sofa-rpc-codec-sofa-hessian ........................ SKIPPED
[INFO] sofa-rpc-codec-protobuf ............................ SKIPPED
[INFO] sofa-rpc-codec-protostuff .......................... SKIPPED
[INFO] sofa-rpc-codec-msgpack ............................. SKIPPED
[INFO] sofa-rpc-codec-jackson ............................. SKIPPED
[INFO] sofa-rpc-remoting .................................. SKIPPED
[INFO] sofa-rpc-remoting-bolt ............................. SKIPPED
[INFO] sofa-rpc-fault ..................................... SKIPPED
[INFO] sofa-rpc-fault-tolerance ........................... SKIPPED
[INFO] sofa-rpc-fault-hystrix ............................. SKIPPED
[INFO] sofa-rpc-registry-consul ........................... SKIPPED
[INFO] sofa-rpc-registry-zk ............................... SKIPPED
[INFO] sofa-rpc-registry-nacos ............................ SKIPPED
[INFO] sofa-rpc-registry-mesh ............................. SKIPPED
[INFO] sofa-rpc-registry-multicast ........................ SKIPPED
[INFO] sofa-rpc-registry-sofa ............................. SKIPPED
[INFO] sofa-rpc-registry-polaris .......................... SKIPPED
[INFO] sofa-rpc-remoting-http ............................. SKIPPED
[INFO] sofa-rpc-remoting-resteasy ......................... SKIPPED
[INFO] sofa-rpc-remoting-triple ........................... SKIPPED
[INFO] sofa-rpc-tracer .................................... SKIPPED
[INFO] sofa-rpc-tracer-opentracing ........................ SKIPPED
[INFO] sofa-rpc-tracer-opentracing-resteasy ............... SKIPPED
[INFO] sofa-rpc-tracer-opentracing-triple ................. SKIPPED
[INFO] sofa-rpc-metrics ................................... SKIPPED
[INFO] sofa-rpc-metrics-lookout ........................... SKIPPED
[INFO] sofa-rpc-metrics-micrometer ........................ SKIPPED
[INFO] sofa-rpc-doc-swagger ............................... SKIPPED
[INFO] sofa-rpc-config .................................... SKIPPED
[INFO] sofa-rpc-config-apollo ............................. SKIPPED
[INFO] com.alipay.sofa:sofa-rpc-all ....................... SKIPPED
[INFO] sofa-rpc-bom ....................................... SKIPPED
[INFO] sofa-rpc-example ................................... SKIPPED
[INFO] sofa-rpc-test-integration .......................... SKIPPED
[INFO] sofa-rpc-test-integration-3rd ...................... SKIPPED
[INFO] ------------------------------------------------------------------------
[INFO] BUILD FAILURE
[INFO] ------------------------------------------------------------------------
[INFO] Total time:  13.528 s
[INFO] Finished at: 2023-02-12T00:58:01Z
[INFO] ------------------------------------------------------------------------
[ERROR] Failed to execute goal org.apache.maven.plugins:maven-compiler-plugin:3.5.1:compile (default-compile) on project sofa-rpc-registry-local: Compilation failure: Compilation failure: 
[ERROR] /home/gabsko/breaking-updates/registry/registry-local/src/main/java/com/alipay/sofa/rpc/registry/local/LocalRegistryHelper.java:[39,22] package javax.xml.bind does not exist
[ERROR] /home/gabsko/breaking-updates/registry/registry-local/src/main/java/com/alipay/sofa/rpc/registry/local/LocalRegistryHelper.java:[310,30] cannot find symbol
[ERROR]   symbol:   variable DatatypeConverter
[ERROR]   location: class com.alipay.sofa.rpc.registry.local.LocalRegistryHelper
[ERROR] -> [Help 1]
[ERROR] 
[ERROR] To see the full stack trace of the errors, re-run Maven with the -e switch.
[ERROR] Re-run Maven using the -X switch to enable full debug logging.
[ERROR] 
[ERROR] For more information about the errors and possible solutions, please read the following articles:
[ERROR] [Help 1] http://cwiki.apache.org/confluence/display/MAVEN/MojoFailureException
[ERROR] 
[ERROR] After correcting the problems, you can resume the build with the command
[ERROR]   mvn <args> -rf :sofa-rpc-registry-local
