[INFO] Scanning for projects...
[INFO] Downloading from vertx-snapshots-repository: https://s01.oss.sonatype.org/content/repositories/snapshots/io/vertx/vertx-dependencies/4.3.4-SNAPSHOT/maven-metadata.xml
[INFO] Downloading from sonatype-nexus-snapshots: https://oss.sonatype.org/content/repositories/snapshots/io/vertx/vertx-dependencies/4.3.4-SNAPSHOT/maven-metadata.xml
[INFO] Downloaded from vertx-snapshots-repository: https://s01.oss.sonatype.org/content/repositories/snapshots/io/vertx/vertx-dependencies/4.3.4-SNAPSHOT/maven-metadata.xml (818 B at 938 B/s)
[INFO] Downloading from vertx-snapshots-repository: https://s01.oss.sonatype.org/content/repositories/snapshots/io/vertx/vertx-dependencies/4.3.4-SNAPSHOT/vertx-dependencies-4.3.4-20220930.052220-57.pom
[INFO] Downloaded from vertx-snapshots-repository: https://s01.oss.sonatype.org/content/repositories/snapshots/io/vertx/vertx-dependencies/4.3.4-SNAPSHOT/vertx-dependencies-4.3.4-20220930.052220-57.pom (32 kB at 78 kB/s)
[INFO] 
[INFO] -------------------< io.vertx:vertx-rabbitmq-client >-------------------
[INFO] Building vertx-rabbitmq-client 4.3.4-SNAPSHOT
[INFO] --------------------------------[ jar ]---------------------------------
[INFO] Downloading from vertx-snapshots-repository: https://s01.oss.sonatype.org/content/repositories/snapshots/io/vertx/vertx-core/4.3.4-SNAPSHOT/maven-metadata.xml
[INFO] Downloading from sonatype-nexus-snapshots: https://oss.sonatype.org/content/repositories/snapshots/io/vertx/vertx-core/4.3.4-SNAPSHOT/maven-metadata.xml
[INFO] Downloaded from vertx-snapshots-repository: https://s01.oss.sonatype.org/content/repositories/snapshots/io/vertx/vertx-core/4.3.4-SNAPSHOT/maven-metadata.xml (1.6 kB at 6.0 kB/s)
[INFO] Downloading from vertx-snapshots-repository: https://s01.oss.sonatype.org/content/repositories/snapshots/io/vertx/vertx-core/4.3.4-SNAPSHOT/vertx-core-4.3.4-20220930.050908-58.pom
[INFO] Downloaded from vertx-snapshots-repository: https://s01.oss.sonatype.org/content/repositories/snapshots/io/vertx/vertx-core/4.3.4-SNAPSHOT/vertx-core-4.3.4-20220930.050908-58.pom (32 kB at 116 kB/s)
[INFO] Downloading from vertx-snapshots-repository: https://s01.oss.sonatype.org/content/repositories/snapshots/io/vertx/vertx-codegen/4.3.4-SNAPSHOT/maven-metadata.xml
[INFO] Downloading from sonatype-nexus-snapshots: https://oss.sonatype.org/content/repositories/snapshots/io/vertx/vertx-codegen/4.3.4-SNAPSHOT/maven-metadata.xml
[INFO] Downloaded from vertx-snapshots-repository: https://s01.oss.sonatype.org/content/repositories/snapshots/io/vertx/vertx-codegen/4.3.4-SNAPSHOT/maven-metadata.xml (2.3 kB at 8.6 kB/s)
[INFO] Downloading from vertx-snapshots-repository: https://s01.oss.sonatype.org/content/repositories/snapshots/io/vertx/vertx-codegen/4.3.4-SNAPSHOT/vertx-codegen-4.3.4-20220930.051952-54.pom
[INFO] Downloaded from vertx-snapshots-repository: https://s01.oss.sonatype.org/content/repositories/snapshots/io/vertx/vertx-codegen/4.3.4-SNAPSHOT/vertx-codegen-4.3.4-20220930.051952-54.pom (14 kB at 52 kB/s)
[INFO] Downloading from sonatype-nexus-snapshots: https://oss.sonatype.org/content/repositories/snapshots/io/vertx/vertx-unit/4.3.4-SNAPSHOT/maven-metadata.xml
[INFO] Downloading from vertx-snapshots-repository: https://s01.oss.sonatype.org/content/repositories/snapshots/io/vertx/vertx-unit/4.3.4-SNAPSHOT/maven-metadata.xml
[INFO] Downloaded from vertx-snapshots-repository: https://s01.oss.sonatype.org/content/repositories/snapshots/io/vertx/vertx-unit/4.3.4-SNAPSHOT/maven-metadata.xml (1.6 kB at 6.0 kB/s)
[INFO] Downloading from vertx-snapshots-repository: https://s01.oss.sonatype.org/content/repositories/snapshots/io/vertx/vertx-unit/4.3.4-SNAPSHOT/vertx-unit-4.3.4-20220930.052414-72.pom
[INFO] Downloaded from vertx-snapshots-repository: https://s01.oss.sonatype.org/content/repositories/snapshots/io/vertx/vertx-unit/4.3.4-SNAPSHOT/vertx-unit-4.3.4-20220930.052414-72.pom (4.6 kB at 17 kB/s)
[INFO] Downloading from sonatype-nexus-snapshots: https://oss.sonatype.org/content/repositories/snapshots/io/vertx/vertx-web-client/4.3.4-SNAPSHOT/maven-metadata.xml
[INFO] Downloading from vertx-snapshots-repository: https://s01.oss.sonatype.org/content/repositories/snapshots/io/vertx/vertx-web-client/4.3.4-SNAPSHOT/maven-metadata.xml
[INFO] Downloaded from vertx-snapshots-repository: https://s01.oss.sonatype.org/content/repositories/snapshots/io/vertx/vertx-web-client/4.3.4-SNAPSHOT/maven-metadata.xml (1.6 kB at 6.1 kB/s)
[INFO] Downloading from vertx-snapshots-repository: https://s01.oss.sonatype.org/content/repositories/snapshots/io/vertx/vertx-web-client/4.3.4-SNAPSHOT/vertx-web-client-4.3.4-20220919.055052-14.pom
[INFO] Downloaded from vertx-snapshots-repository: https://s01.oss.sonatype.org/content/repositories/snapshots/io/vertx/vertx-web-client/4.3.4-SNAPSHOT/vertx-web-client-4.3.4-20220919.055052-14.pom (2.9 kB at 11 kB/s)
[INFO] Downloading from vertx-snapshots-repository: https://s01.oss.sonatype.org/content/repositories/snapshots/io/vertx/vertx-web-parent/4.3.4-SNAPSHOT/maven-metadata.xml
[INFO] Downloading from sonatype-nexus-snapshots: https://oss.sonatype.org/content/repositories/snapshots/io/vertx/vertx-web-parent/4.3.4-SNAPSHOT/maven-metadata.xml
[INFO] Downloaded from vertx-snapshots-repository: https://s01.oss.sonatype.org/content/repositories/snapshots/io/vertx/vertx-web-parent/4.3.4-SNAPSHOT/maven-metadata.xml (1.0 kB at 3.8 kB/s)
[INFO] Downloading from vertx-snapshots-repository: https://s01.oss.sonatype.org/content/repositories/snapshots/io/vertx/vertx-web-parent/4.3.4-SNAPSHOT/vertx-web-parent-4.3.4-20220919.055052-14.pom
[INFO] Downloaded from vertx-snapshots-repository: https://s01.oss.sonatype.org/content/repositories/snapshots/io/vertx/vertx-web-parent/4.3.4-SNAPSHOT/vertx-web-parent-4.3.4-20220919.055052-14.pom (2.7 kB at 10 kB/s)
[INFO] Downloading from vertx-snapshots-repository: https://s01.oss.sonatype.org/content/repositories/snapshots/io/vertx/vertx-uri-template/4.3.4-SNAPSHOT/maven-metadata.xml
[INFO] Downloading from sonatype-nexus-snapshots: https://oss.sonatype.org/content/repositories/snapshots/io/vertx/vertx-uri-template/4.3.4-SNAPSHOT/maven-metadata.xml
[INFO] Downloaded from vertx-snapshots-repository: https://s01.oss.sonatype.org/content/repositories/snapshots/io/vertx/vertx-uri-template/4.3.4-SNAPSHOT/maven-metadata.xml (1.6 kB at 6.0 kB/s)
[INFO] Downloading from vertx-snapshots-repository: https://s01.oss.sonatype.org/content/repositories/snapshots/io/vertx/vertx-uri-template/4.3.4-SNAPSHOT/vertx-uri-template-4.3.4-20220930.052600-53.pom
[INFO] Downloaded from vertx-snapshots-repository: https://s01.oss.sonatype.org/content/repositories/snapshots/io/vertx/vertx-uri-template/4.3.4-SNAPSHOT/vertx-uri-template-4.3.4-20220930.052600-53.pom (3.2 kB at 12 kB/s)
[INFO] Downloading from vertx-snapshots-repository: https://s01.oss.sonatype.org/content/repositories/snapshots/io/vertx/vertx-web-common/4.3.4-SNAPSHOT/maven-metadata.xml
[INFO] Downloading from sonatype-nexus-snapshots: https://oss.sonatype.org/content/repositories/snapshots/io/vertx/vertx-web-common/4.3.4-SNAPSHOT/maven-metadata.xml
[INFO] Downloaded from vertx-snapshots-repository: https://s01.oss.sonatype.org/content/repositories/snapshots/io/vertx/vertx-web-common/4.3.4-SNAPSHOT/maven-metadata.xml (1.2 kB at 4.5 kB/s)
[INFO] Downloading from vertx-snapshots-repository: https://s01.oss.sonatype.org/content/repositories/snapshots/io/vertx/vertx-web-common/4.3.4-SNAPSHOT/vertx-web-common-4.3.4-20220919.055052-14.pom
[INFO] Downloaded from vertx-snapshots-repository: https://s01.oss.sonatype.org/content/repositories/snapshots/io/vertx/vertx-web-common/4.3.4-SNAPSHOT/vertx-web-common-4.3.4-20220919.055052-14.pom (497 B at 1.9 kB/s)
[INFO] Downloading from vertx-snapshots-repository: https://s01.oss.sonatype.org/content/repositories/snapshots/io/vertx/vertx-auth-common/4.3.4-SNAPSHOT/maven-metadata.xml
[INFO] Downloading from sonatype-nexus-snapshots: https://oss.sonatype.org/content/repositories/snapshots/io/vertx/vertx-auth-common/4.3.4-SNAPSHOT/maven-metadata.xml
[INFO] Downloaded from vertx-snapshots-repository: https://s01.oss.sonatype.org/content/repositories/snapshots/io/vertx/vertx-auth-common/4.3.4-SNAPSHOT/maven-metadata.xml (1.6 kB at 6.1 kB/s)
[INFO] Downloading from vertx-snapshots-repository: https://s01.oss.sonatype.org/content/repositories/snapshots/io/vertx/vertx-auth-common/4.3.4-SNAPSHOT/vertx-auth-common-4.3.4-20220929.052726-47.pom
[INFO] Downloaded from vertx-snapshots-repository: https://s01.oss.sonatype.org/content/repositories/snapshots/io/vertx/vertx-auth-common/4.3.4-SNAPSHOT/vertx-auth-common-4.3.4-20220929.052726-47.pom (1.9 kB at 7.3 kB/s)
[INFO] Downloading from vertx-snapshots-repository: https://s01.oss.sonatype.org/content/repositories/snapshots/io/vertx/vertx-auth/4.3.4-SNAPSHOT/maven-metadata.xml
[INFO] Downloading from sonatype-nexus-snapshots: https://oss.sonatype.org/content/repositories/snapshots/io/vertx/vertx-auth/4.3.4-SNAPSHOT/maven-metadata.xml
[INFO] Downloaded from vertx-snapshots-repository: https://s01.oss.sonatype.org/content/repositories/snapshots/io/vertx/vertx-auth/4.3.4-SNAPSHOT/maven-metadata.xml (1.0 kB at 3.8 kB/s)
[INFO] Downloading from vertx-snapshots-repository: https://s01.oss.sonatype.org/content/repositories/snapshots/io/vertx/vertx-auth/4.3.4-SNAPSHOT/vertx-auth-4.3.4-20220929.052726-47.pom
[INFO] Downloaded from vertx-snapshots-repository: https://s01.oss.sonatype.org/content/repositories/snapshots/io/vertx/vertx-auth/4.3.4-SNAPSHOT/vertx-auth-4.3.4-20220929.052726-47.pom (2.8 kB at 11 kB/s)
[INFO] Downloading from central: https://repo.maven.apache.org/maven2/eu/rekawek/toxiproxy/toxiproxy-java/2.1.7/toxiproxy-java-2.1.7.pom
[INFO] Downloaded from central: https://repo.maven.apache.org/maven2/eu/rekawek/toxiproxy/toxiproxy-java/2.1.7/toxiproxy-java-2.1.7.pom (5.0 kB at 133 kB/s)
[INFO] Downloading from vertx-snapshots-repository: https://s01.oss.sonatype.org/content/repositories/snapshots/io/vertx/vertx-core/4.3.4-SNAPSHOT/vertx-core-4.3.4-20220930.050908-58.jar
[INFO] Downloading from vertx-snapshots-repository: https://s01.oss.sonatype.org/content/repositories/snapshots/io/vertx/vertx-codegen/4.3.4-SNAPSHOT/vertx-codegen-4.3.4-20220930.051952-54.jar
[INFO] Downloading from vertx-snapshots-repository: https://s01.oss.sonatype.org/content/repositories/snapshots/io/vertx/vertx-core/4.3.4-SNAPSHOT/vertx-core-4.3.4-20220930.050908-58-tests.jar
[INFO] Downloading from vertx-snapshots-repository: https://s01.oss.sonatype.org/content/repositories/snapshots/io/vertx/vertx-unit/4.3.4-SNAPSHOT/vertx-unit-4.3.4-20220930.052414-72.jar
[INFO] Downloading from vertx-snapshots-repository: https://s01.oss.sonatype.org/content/repositories/snapshots/io/vertx/vertx-web-client/4.3.4-SNAPSHOT/vertx-web-client-4.3.4-20220919.055052-14.jar
[INFO] Downloaded from vertx-snapshots-repository: https://s01.oss.sonatype.org/content/repositories/snapshots/io/vertx/vertx-codegen/4.3.4-SNAPSHOT/vertx-codegen-4.3.4-20220930.051952-54.jar (205 kB at 510 kB/s)
[INFO] Downloading from vertx-snapshots-repository: https://s01.oss.sonatype.org/content/repositories/snapshots/io/vertx/vertx-uri-template/4.3.4-SNAPSHOT/vertx-uri-template-4.3.4-20220930.052600-53.jar
[INFO] Downloaded from vertx-snapshots-repository: https://s01.oss.sonatype.org/content/repositories/snapshots/io/vertx/vertx-uri-template/4.3.4-SNAPSHOT/vertx-uri-template-4.3.4-20220930.052600-53.jar (36 kB at 53 kB/s)
[INFO] Downloading from vertx-snapshots-repository: https://s01.oss.sonatype.org/content/repositories/snapshots/io/vertx/vertx-web-common/4.3.4-SNAPSHOT/vertx-web-common-4.3.4-20220919.055052-14.jar
[INFO] Downloaded from vertx-snapshots-repository: https://s01.oss.sonatype.org/content/repositories/snapshots/io/vertx/vertx-web-common/4.3.4-SNAPSHOT/vertx-web-common-4.3.4-20220919.055052-14.jar (24 kB at 25 kB/s)
[INFO] Downloading from vertx-snapshots-repository: https://s01.oss.sonatype.org/content/repositories/snapshots/io/vertx/vertx-auth-common/4.3.4-SNAPSHOT/vertx-auth-common-4.3.4-20220929.052726-47.jar
[INFO] Downloaded from vertx-snapshots-repository: https://s01.oss.sonatype.org/content/repositories/snapshots/io/vertx/vertx-web-client/4.3.4-SNAPSHOT/vertx-web-client-4.3.4-20220919.055052-14.jar (116 kB at 113 kB/s)
[INFO] Downloaded from vertx-snapshots-repository: https://s01.oss.sonatype.org/content/repositories/snapshots/io/vertx/vertx-unit/4.3.4-SNAPSHOT/vertx-unit-4.3.4-20220930.052414-72.jar (99 kB at 97 kB/s)
[INFO] Downloaded from vertx-snapshots-repository: https://s01.oss.sonatype.org/content/repositories/snapshots/io/vertx/vertx-auth-common/4.3.4-SNAPSHOT/vertx-auth-common-4.3.4-20220929.052726-47.jar (134 kB at 109 kB/s)
[INFO] Downloaded from vertx-snapshots-repository: https://s01.oss.sonatype.org/content/repositories/snapshots/io/vertx/vertx-core/4.3.4-SNAPSHOT/vertx-core-4.3.4-20220930.050908-58.jar (1.5 MB at 1.1 MB/s)
[INFO] Downloaded from vertx-snapshots-repository: https://s01.oss.sonatype.org/content/repositories/snapshots/io/vertx/vertx-core/4.3.4-SNAPSHOT/vertx-core-4.3.4-20220930.050908-58-tests.jar (2.6 MB at 1.7 MB/s)
[INFO] Downloading from central: https://repo.maven.apache.org/maven2/eu/rekawek/toxiproxy/toxiproxy-java/2.1.7/toxiproxy-java-2.1.7.jar
[INFO] Downloaded from central: https://repo.maven.apache.org/maven2/eu/rekawek/toxiproxy/toxiproxy-java/2.1.7/toxiproxy-java-2.1.7.jar (28 kB at 2.8 MB/s)
[INFO] 
[INFO] --- maven-clean-plugin:3.0.0:clean (default-clean) @ vertx-rabbitmq-client ---
[INFO] Deleting /home/gabsko/breaking-updates/src/main/generated (includes = [], excludes = [])
[INFO] 
[INFO] --- maven-enforcer-plugin:1.0:enforce (enforce-maven) @ vertx-rabbitmq-client ---
[INFO] 
[INFO] --- maven-processor-plugin:3.2.0:process (generate-sources) @ vertx-rabbitmq-client ---
[INFO] diagnostic: Note: Loaded data_object_converters code generator
[WARNING] diagnostic: warning: Supported source version 'RELEASE_8' from annotation processor 'io.vertx.codegen.CodeGenProcessor' less than -source '11'
[INFO] diagnostic: Note: Non future method io.vertx.rabbitmq.RabbitMQClient: void restartConnect(int attempts, io.vertx.core.Handler<io.vertx.core.AsyncResult<java.lang.Void>> resultHandler)
[WARNING] diagnostic: warning: Supported source version 'RELEASE_8' from annotation processor 'io.vertx.docgen.JavaDocGenProcessor' less than -source '11'
[INFO] diagnostic: Note: Generated model io.vertx.rabbitmq.RabbitMQPublisherConfirmation: generated/io/vertx/rabbitmq/RabbitMQPublisherConfirmationConverter.java
[INFO] diagnostic: Note: Generated model io.vertx.rabbitmq.QueueOptions: generated/io/vertx/rabbitmq/QueueOptionsConverter.java
[INFO] diagnostic: Note: Generated model io.vertx.rabbitmq.RabbitMQOptions: generated/io/vertx/rabbitmq/RabbitMQOptionsConverter.java
[INFO] diagnostic: Note: Generated model io.vertx.rabbitmq.RabbitMQPublisherOptions: generated/io/vertx/rabbitmq/RabbitMQPublisherOptionsConverter.java
[INFO] diagnostic: Note: Generated model io.vertx.rabbitmq.RabbitMQConfirmation: generated/io/vertx/rabbitmq/RabbitMQConfirmationConverter.java
[WARNING] diagnostic: warning: The following options were not recognized by any processor: '[maven.artifactId, maven.version, codegen.output.data_object_converters, maven.groupId]'
[INFO] 
[INFO] --- build-helper-maven-plugin:3.0.0:add-source (add-source) @ vertx-rabbitmq-client ---
[INFO] Source directory: /home/gabsko/breaking-updates/src/main/generated added.
[INFO] 
[INFO] --- maven-resources-plugin:2.7:resources (default-resources) @ vertx-rabbitmq-client ---
[INFO] Using 'UTF-8' encoding to copy filtered resources.
[INFO] Copying 1 resource
[INFO] 
[INFO] --- maven-compiler-plugin:3.7.0:compile (default-compile) @ vertx-rabbitmq-client ---
[INFO] Changes detected - recompiling the module!
[INFO] Compiling 25 source files to /home/gabsko/breaking-updates/target/classes
[INFO] /home/gabsko/breaking-updates/src/main/java/io/vertx/rabbitmq/impl/Utils.java: Some input files use unchecked or unsafe operations.
[INFO] /home/gabsko/breaking-updates/src/main/java/io/vertx/rabbitmq/impl/Utils.java: Recompile with -Xlint:unchecked for details.
[INFO] -------------------------------------------------------------
[ERROR] COMPILATION ERROR : 
[INFO] -------------------------------------------------------------
[ERROR] /home/gabsko/breaking-updates/src/main/java/io/vertx/rabbitmq/impl/RabbitMQClientImpl.java:[116,29] constructor SSLHelper in class io.vertx.core.net.impl.SSLHelper cannot be applied to given types;
  required: io.vertx.core.net.TCPSSLOptions,java.util.List<java.lang.String>
  found: io.vertx.rabbitmq.RabbitMQOptions,io.vertx.core.net.KeyCertOptions,io.vertx.core.net.TrustOptions
  reason: actual and formal argument lists differ in length
[ERROR] /home/gabsko/breaking-updates/src/main/java/io/vertx/rabbitmq/impl/RabbitMQClientImpl.java:[117,52] cannot find symbol
  symbol:   method getContext(io.vertx.core.impl.VertxInternal)
  location: variable sslHelper of type io.vertx.core.net.impl.SSLHelper
[INFO] 2 errors 
[INFO] -------------------------------------------------------------
[INFO] ------------------------------------------------------------------------
[INFO] BUILD FAILURE
[INFO] ------------------------------------------------------------------------
[INFO] Total time:  10.335 s
[INFO] Finished at: 2023-02-12T01:56:51Z
[INFO] ------------------------------------------------------------------------
[ERROR] Failed to execute goal org.apache.maven.plugins:maven-compiler-plugin:3.7.0:compile (default-compile) on project vertx-rabbitmq-client: Compilation failure: Compilation failure: 
[ERROR] /home/gabsko/breaking-updates/src/main/java/io/vertx/rabbitmq/impl/RabbitMQClientImpl.java:[116,29] constructor SSLHelper in class io.vertx.core.net.impl.SSLHelper cannot be applied to given types;
[ERROR]   required: io.vertx.core.net.TCPSSLOptions,java.util.List<java.lang.String>
[ERROR]   found: io.vertx.rabbitmq.RabbitMQOptions,io.vertx.core.net.KeyCertOptions,io.vertx.core.net.TrustOptions
[ERROR]   reason: actual and formal argument lists differ in length
[ERROR] /home/gabsko/breaking-updates/src/main/java/io/vertx/rabbitmq/impl/RabbitMQClientImpl.java:[117,52] cannot find symbol
[ERROR]   symbol:   method getContext(io.vertx.core.impl.VertxInternal)
[ERROR]   location: variable sslHelper of type io.vertx.core.net.impl.SSLHelper
[ERROR] -> [Help 1]
[ERROR] 
[ERROR] To see the full stack trace of the errors, re-run Maven with the -e switch.
[ERROR] Re-run Maven using the -X switch to enable full debug logging.
[ERROR] 
[ERROR] For more information about the errors and possible solutions, please read the following articles:
[ERROR] [Help 1] http://cwiki.apache.org/confluence/display/MAVEN/MojoFailureException
