[INFO] Scanning for projects...
[INFO] 
[INFO] ---------------------------< de.presti:Ree6 >---------------------------
[INFO] Building Ree6 1.7.17
[INFO] --------------------------------[ jar ]---------------------------------
[INFO] Downloading from jitpack.io: https://jitpack.io/com/google/cloud/google-cloud-vision/2.1.2/google-cloud-vision-2.1.2.pom
[INFO] Downloading from central: https://jcenter.bintray.com/com/google/cloud/google-cloud-vision/2.1.2/google-cloud-vision-2.1.2.pom
[INFO] Downloaded from central: https://jcenter.bintray.com/com/google/cloud/google-cloud-vision/2.1.2/google-cloud-vision-2.1.2.pom (36 kB at 73 kB/s)
[INFO] Downloading from jitpack.io: https://jitpack.io/com/google/api/grpc/proto-google-cloud-vision-v1p4beta1/0.88.2/proto-google-cloud-vision-v1p4beta1-0.88.2.pom
[INFO] Downloading from central: https://jcenter.bintray.com/com/google/api/grpc/proto-google-cloud-vision-v1p4beta1/0.88.2/proto-google-cloud-vision-v1p4beta1-0.88.2.pom
[INFO] Downloaded from central: https://jcenter.bintray.com/com/google/api/grpc/proto-google-cloud-vision-v1p4beta1/0.88.2/proto-google-cloud-vision-v1p4beta1-0.88.2.pom (6.5 kB at 15 kB/s)
[INFO] Downloading from jitpack.io: https://jitpack.io/com/google/api/grpc/proto-google-cloud-vision-v1/2.1.2/proto-google-cloud-vision-v1-2.1.2.pom
[INFO] Downloading from central: https://jcenter.bintray.com/com/google/api/grpc/proto-google-cloud-vision-v1/2.1.2/proto-google-cloud-vision-v1-2.1.2.pom
[INFO] Downloaded from central: https://jcenter.bintray.com/com/google/api/grpc/proto-google-cloud-vision-v1/2.1.2/proto-google-cloud-vision-v1-2.1.2.pom (6.4 kB at 14 kB/s)
[INFO] Downloading from jitpack.io: https://jitpack.io/com/google/api/grpc/proto-google-cloud-vision-v1p1beta1/0.88.2/proto-google-cloud-vision-v1p1beta1-0.88.2.pom
[INFO] Downloading from central: https://jcenter.bintray.com/com/google/api/grpc/proto-google-cloud-vision-v1p1beta1/0.88.2/proto-google-cloud-vision-v1p1beta1-0.88.2.pom
[INFO] Downloaded from central: https://jcenter.bintray.com/com/google/api/grpc/proto-google-cloud-vision-v1p1beta1/0.88.2/proto-google-cloud-vision-v1p1beta1-0.88.2.pom (2.7 kB at 7.0 kB/s)
[INFO] Downloading from jitpack.io: https://jitpack.io/com/google/api/grpc/proto-google-cloud-vision-v1p3beta1/0.88.2/proto-google-cloud-vision-v1p3beta1-0.88.2.pom
[INFO] Downloading from central: https://jcenter.bintray.com/com/google/api/grpc/proto-google-cloud-vision-v1p3beta1/0.88.2/proto-google-cloud-vision-v1p3beta1-0.88.2.pom
[INFO] Downloaded from central: https://jcenter.bintray.com/com/google/api/grpc/proto-google-cloud-vision-v1p3beta1/0.88.2/proto-google-cloud-vision-v1p3beta1-0.88.2.pom (6.5 kB at 17 kB/s)
[INFO] Downloading from jitpack.io: https://jitpack.io/com/google/api/grpc/proto-google-cloud-vision-v1p2beta1/2.1.2/proto-google-cloud-vision-v1p2beta1-2.1.2.pom
[INFO] Downloading from central: https://jcenter.bintray.com/com/google/api/grpc/proto-google-cloud-vision-v1p2beta1/2.1.2/proto-google-cloud-vision-v1p2beta1-2.1.2.pom
[INFO] Downloaded from central: https://jcenter.bintray.com/com/google/api/grpc/proto-google-cloud-vision-v1p2beta1/2.1.2/proto-google-cloud-vision-v1p2beta1-2.1.2.pom (2.7 kB at 5.1 kB/s)
[INFO] Downloading from jitpack.io: https://jitpack.io/com/google/api-client/google-api-client-java6/1.35.1/google-api-client-java6-1.35.1.pom
[INFO] Downloading from central: https://jcenter.bintray.com/com/google/api-client/google-api-client-java6/1.35.1/google-api-client-java6-1.35.1.pom
[INFO] Downloaded from central: https://jcenter.bintray.com/com/google/api-client/google-api-client-java6/1.35.1/google-api-client-java6-1.35.1.pom (3.6 kB at 9.6 kB/s)
[INFO] Downloading from jitpack.io: https://jitpack.io/com/google/apis/google-api-services-youtube/v3-rev20220711-1.32.1/google-api-services-youtube-v3-rev20220711-1.32.1.pom
[INFO] Downloading from central: https://jcenter.bintray.com/com/google/apis/google-api-services-youtube/v3-rev20220711-1.32.1/google-api-services-youtube-v3-rev20220711-1.32.1.pom
[INFO] Downloaded from central: https://jcenter.bintray.com/com/google/apis/google-api-services-youtube/v3-rev20220711-1.32.1/google-api-services-youtube-v3-rev20220711-1.32.1.pom (5.3 kB at 14 kB/s)
[INFO] Downloading from jitpack.io: https://jitpack.io/com/github/DV8FromTheWorld/JDA/07e8166fc5/JDA-07e8166fc5.pom
[INFO] Downloaded from jitpack.io: https://jitpack.io/com/github/DV8FromTheWorld/JDA/07e8166fc5/JDA-07e8166fc5.pom (3.3 kB at 5.8 kB/s)
[INFO] Downloading from jitpack.io: https://jitpack.io/com/github/twitch4j/twitch4j/1.10.0/twitch4j-1.10.0.pom
[INFO] Downloading from central: https://jcenter.bintray.com/com/github/twitch4j/twitch4j/1.10.0/twitch4j-1.10.0.pom
[INFO] Downloaded from central: https://jcenter.bintray.com/com/github/twitch4j/twitch4j/1.10.0/twitch4j-1.10.0.pom (8.8 kB at 19 kB/s)
[INFO] Downloading from jitpack.io: https://jitpack.io/com/github/vladimir-bukhtoyarov/bucket4j-core/7.5.0/bucket4j-core-7.5.0.pom
[INFO] Downloading from central: https://jcenter.bintray.com/com/github/vladimir-bukhtoyarov/bucket4j-core/7.5.0/bucket4j-core-7.5.0.pom
[INFO] Downloaded from central: https://jcenter.bintray.com/com/github/vladimir-bukhtoyarov/bucket4j-core/7.5.0/bucket4j-core-7.5.0.pom (2.3 kB at 5.7 kB/s)
[INFO] Downloading from jitpack.io: https://jitpack.io/com/github/philippheuer/credentialmanager/credentialmanager/0.1.2/credentialmanager-0.1.2.pom
[INFO] Downloading from central: https://jcenter.bintray.com/com/github/philippheuer/credentialmanager/credentialmanager/0.1.2/credentialmanager-0.1.2.pom
[INFO] Downloaded from central: https://jcenter.bintray.com/com/github/philippheuer/credentialmanager/credentialmanager/0.1.2/credentialmanager-0.1.2.pom (1.6 kB at 3.2 kB/s)
[INFO] Downloading from jitpack.io: https://jitpack.io/com/squareup/okhttp3/okhttp/4.6.0/okhttp-4.6.0.pom
[INFO] Downloading from central: https://jcenter.bintray.com/com/squareup/okhttp3/okhttp/4.6.0/okhttp-4.6.0.pom
[INFO] Downloaded from central: https://jcenter.bintray.com/com/squareup/okhttp3/okhttp/4.6.0/okhttp-4.6.0.pom (1.8 kB at 11 kB/s)
[INFO] Downloading from jitpack.io: https://jitpack.io/io/github/openfeign/feign-slf4j/11.8/feign-slf4j-11.8.pom
[INFO] Downloading from central: https://jcenter.bintray.com/io/github/openfeign/feign-slf4j/11.8/feign-slf4j-11.8.pom
[INFO] Downloaded from central: https://jcenter.bintray.com/io/github/openfeign/feign-slf4j/11.8/feign-slf4j-11.8.pom (1.9 kB at 11 kB/s)
[INFO] Downloading from jitpack.io: https://jitpack.io/io/github/openfeign/parent/11.8/parent-11.8.pom
[INFO] Downloading from central: https://jcenter.bintray.com/io/github/openfeign/parent/11.8/parent-11.8.pom
[INFO] Downloaded from central: https://jcenter.bintray.com/io/github/openfeign/parent/11.8/parent-11.8.pom (28 kB at 168 kB/s)
[INFO] Downloading from jitpack.io: https://jitpack.io/com/squareup/okhttp3/okhttp-bom/4.9.2/okhttp-bom-4.9.2.pom
[INFO] Downloading from central: https://jcenter.bintray.com/com/squareup/okhttp3/okhttp-bom/4.9.2/okhttp-bom-4.9.2.pom
[INFO] Downloaded from central: https://jcenter.bintray.com/com/squareup/okhttp3/okhttp-bom/4.9.2/okhttp-bom-4.9.2.pom (3.0 kB at 19 kB/s)
[INFO] Downloading from jitpack.io: https://jitpack.io/io/github/openfeign/feign-core/11.8/feign-core-11.8.pom
[INFO] Downloading from central: https://jcenter.bintray.com/io/github/openfeign/feign-core/11.8/feign-core-11.8.pom
[INFO] Downloaded from central: https://jcenter.bintray.com/io/github/openfeign/feign-core/11.8/feign-core-11.8.pom (3.0 kB at 18 kB/s)
[INFO] Downloading from jitpack.io: https://jitpack.io/io/github/openfeign/feign-okhttp/11.8/feign-okhttp-11.8.pom
[INFO] Downloading from central: https://jcenter.bintray.com/io/github/openfeign/feign-okhttp/11.8/feign-okhttp-11.8.pom
[INFO] Downloaded from central: https://jcenter.bintray.com/io/github/openfeign/feign-okhttp/11.8/feign-okhttp-11.8.pom (1.8 kB at 4.7 kB/s)
[INFO] Downloading from jitpack.io: https://jitpack.io/io/github/openfeign/feign-jackson/11.8/feign-jackson-11.8.pom
[INFO] Downloading from central: https://jcenter.bintray.com/io/github/openfeign/feign-jackson/11.8/feign-jackson-11.8.pom
[INFO] Downloaded from central: https://jcenter.bintray.com/io/github/openfeign/feign-jackson/11.8/feign-jackson-11.8.pom (1.7 kB at 5.2 kB/s)
[INFO] Downloading from jitpack.io: https://jitpack.io/io/github/openfeign/feign-hystrix/11.8/feign-hystrix-11.8.pom
[INFO] Downloading from central: https://jcenter.bintray.com/io/github/openfeign/feign-hystrix/11.8/feign-hystrix-11.8.pom
[INFO] Downloaded from central: https://jcenter.bintray.com/io/github/openfeign/feign-hystrix/11.8/feign-hystrix-11.8.pom (2.5 kB at 6.5 kB/s)
[INFO] Downloading from jitpack.io: https://jitpack.io/com/github/twitch4j/twitch4j-auth/1.10.0/twitch4j-auth-1.10.0.pom
[INFO] Downloading from central: https://jcenter.bintray.com/com/github/twitch4j/twitch4j-auth/1.10.0/twitch4j-auth-1.10.0.pom
[INFO] Downloaded from central: https://jcenter.bintray.com/com/github/twitch4j/twitch4j-auth/1.10.0/twitch4j-auth-1.10.0.pom (6.5 kB at 17 kB/s)
[INFO] Downloading from maven_central: https://repo.maven.apache.org/maven2/com/fasterxml/jackson/core/jackson-databind/maven-metadata.xml
[INFO] Downloading from jitpack.io: https://jitpack.io/com/fasterxml/jackson/core/jackson-databind/maven-metadata.xml
[INFO] Downloading from dv8tion: https://m2.dv8tion.net/releases/com/fasterxml/jackson/core/jackson-databind/maven-metadata.xml
[INFO] Downloading from twitter4j.org: https://twitter4j.org/maven2/com/fasterxml/jackson/core/jackson-databind/maven-metadata.xml
[INFO] Downloaded from maven_central: https://repo.maven.apache.org/maven2/com/fasterxml/jackson/core/jackson-databind/maven-metadata.xml (6.1 kB at 143 kB/s)
[WARNING] Could not transfer metadata com.fasterxml.jackson.core:jackson-databind/maven-metadata.xml from/to twitter4j.org (https://twitter4j.org/maven2): authorization failed for https://twitter4j.org/maven2/com/fasterxml/jackson/core/jackson-databind/maven-metadata.xml, status: 403 Forbidden
[INFO] Downloading from jitpack.io: https://jitpack.io/com/github/twitch4j/twitch4j-chat/1.10.0/twitch4j-chat-1.10.0.pom
[INFO] Downloading from central: https://jcenter.bintray.com/com/github/twitch4j/twitch4j-chat/1.10.0/twitch4j-chat-1.10.0.pom
[INFO] Downloaded from central: https://jcenter.bintray.com/com/github/twitch4j/twitch4j-chat/1.10.0/twitch4j-chat-1.10.0.pom (6.9 kB at 16 kB/s)
[INFO] Downloading from jitpack.io: https://jitpack.io/com/github/twitch4j/twitch4j-common/1.10.0/twitch4j-common-1.10.0.pom
[INFO] Downloading from central: https://jcenter.bintray.com/com/github/twitch4j/twitch4j-common/1.10.0/twitch4j-common-1.10.0.pom
[INFO] Downloaded from central: https://jcenter.bintray.com/com/github/twitch4j/twitch4j-common/1.10.0/twitch4j-common-1.10.0.pom (6.9 kB at 15 kB/s)
[INFO] Downloading from jitpack.io: https://jitpack.io/com/fasterxml/jackson/datatype/jackson-datatype-jsr310/maven-metadata.xml
[INFO] Downloading from central: https://jcenter.bintray.com/com/fasterxml/jackson/datatype/jackson-datatype-jsr310/maven-metadata.xml
[INFO] Downloading from twitter4j.org: https://twitter4j.org/maven2/com/fasterxml/jackson/datatype/jackson-datatype-jsr310/maven-metadata.xml
[INFO] Downloading from maven_central: https://repo.maven.apache.org/maven2/com/fasterxml/jackson/datatype/jackson-datatype-jsr310/maven-metadata.xml
[INFO] Downloaded from maven_central: https://repo.maven.apache.org/maven2/com/fasterxml/jackson/datatype/jackson-datatype-jsr310/maven-metadata.xml (4.3 kB at 329 kB/s)
[INFO] Downloading from dv8tion: https://m2.dv8tion.net/releases/com/fasterxml/jackson/datatype/jackson-datatype-jsr310/maven-metadata.xml
[INFO] Downloaded from central: https://jcenter.bintray.com/com/fasterxml/jackson/datatype/jackson-datatype-jsr310/maven-metadata.xml (4.4 kB at 13 kB/s)
[WARNING] Could not transfer metadata com.fasterxml.jackson.datatype:jackson-datatype-jsr310/maven-metadata.xml from/to twitter4j.org (https://twitter4j.org/maven2): authorization failed for https://twitter4j.org/maven2/com/fasterxml/jackson/datatype/jackson-datatype-jsr310/maven-metadata.xml, status: 403 Forbidden
[INFO] Downloading from jitpack.io: https://jitpack.io/com/github/twitch4j/twitch4j-util/1.10.0/twitch4j-util-1.10.0.pom
[INFO] Downloading from central: https://jcenter.bintray.com/com/github/twitch4j/twitch4j-util/1.10.0/twitch4j-util-1.10.0.pom
[INFO] Downloaded from central: https://jcenter.bintray.com/com/github/twitch4j/twitch4j-util/1.10.0/twitch4j-util-1.10.0.pom (6.3 kB at 15 kB/s)
[INFO] Downloading from jitpack.io: https://jitpack.io/com/github/twitch4j/twitch4j-client-websocket/1.10.0/twitch4j-client-websocket-1.10.0.pom
[INFO] Downloading from central: https://jcenter.bintray.com/com/github/twitch4j/twitch4j-client-websocket/1.10.0/twitch4j-client-websocket-1.10.0.pom
[INFO] Downloaded from central: https://jcenter.bintray.com/com/github/twitch4j/twitch4j-client-websocket/1.10.0/twitch4j-client-websocket-1.10.0.pom (6.5 kB at 14 kB/s)
[INFO] Downloading from jitpack.io: https://jitpack.io/com/github/twitch4j/twitch4j-eventsub-common/1.10.0/twitch4j-eventsub-common-1.10.0.pom
[INFO] Downloading from central: https://jcenter.bintray.com/com/github/twitch4j/twitch4j-eventsub-common/1.10.0/twitch4j-eventsub-common-1.10.0.pom
[INFO] Downloaded from central: https://jcenter.bintray.com/com/github/twitch4j/twitch4j-eventsub-common/1.10.0/twitch4j-eventsub-common-1.10.0.pom (6.9 kB at 18 kB/s)
[INFO] Downloading from jitpack.io: https://jitpack.io/com/github/twitch4j/twitch4j-extensions/1.10.0/twitch4j-extensions-1.10.0.pom
[INFO] Downloading from central: https://jcenter.bintray.com/com/github/twitch4j/twitch4j-extensions/1.10.0/twitch4j-extensions-1.10.0.pom
[INFO] Downloaded from central: https://jcenter.bintray.com/com/github/twitch4j/twitch4j-extensions/1.10.0/twitch4j-extensions-1.10.0.pom (7.1 kB at 16 kB/s)
[INFO] Downloading from jitpack.io: https://jitpack.io/com/github/twitch4j/twitch4j-helix/1.10.0/twitch4j-helix-1.10.0.pom
[INFO] Downloading from central: https://jcenter.bintray.com/com/github/twitch4j/twitch4j-helix/1.10.0/twitch4j-helix-1.10.0.pom
[INFO] Downloaded from central: https://jcenter.bintray.com/com/github/twitch4j/twitch4j-helix/1.10.0/twitch4j-helix-1.10.0.pom (7.1 kB at 15 kB/s)
[INFO] Downloading from jitpack.io: https://jitpack.io/com/github/twitch4j/twitch4j-graphql/1.10.0/twitch4j-graphql-1.10.0.pom
[INFO] Downloading from central: https://jcenter.bintray.com/com/github/twitch4j/twitch4j-graphql/1.10.0/twitch4j-graphql-1.10.0.pom
[INFO] Downloaded from central: https://jcenter.bintray.com/com/github/twitch4j/twitch4j-graphql/1.10.0/twitch4j-graphql-1.10.0.pom (6.9 kB at 17 kB/s)
[INFO] Downloading from jitpack.io: https://jitpack.io/com/apollographql/apollo/apollo-runtime/2.5.11/apollo-runtime-2.5.11.pom
[INFO] Downloading from central: https://jcenter.bintray.com/com/apollographql/apollo/apollo-runtime/2.5.11/apollo-runtime-2.5.11.pom
[INFO] Downloaded from central: https://jcenter.bintray.com/com/apollographql/apollo/apollo-runtime/2.5.11/apollo-runtime-2.5.11.pom (2.5 kB at 7.7 kB/s)
[INFO] Downloading from jitpack.io: https://jitpack.io/com/apollographql/apollo/apollo-api-jvm/2.5.11/apollo-api-jvm-2.5.11.pom
[INFO] Downloading from central: https://jcenter.bintray.com/com/apollographql/apollo/apollo-api-jvm/2.5.11/apollo-api-jvm-2.5.11.pom
[INFO] Downloaded from central: https://jcenter.bintray.com/com/apollographql/apollo/apollo-api-jvm/2.5.11/apollo-api-jvm-2.5.11.pom (2.1 kB at 5.3 kB/s)
[INFO] Downloading from jitpack.io: https://jitpack.io/com/apollographql/apollo/apollo-normalized-cache-jvm/2.5.11/apollo-normalized-cache-jvm-2.5.11.pom
[INFO] Downloading from central: https://jcenter.bintray.com/com/apollographql/apollo/apollo-normalized-cache-jvm/2.5.11/apollo-normalized-cache-jvm-2.5.11.pom
[INFO] Downloaded from central: https://jcenter.bintray.com/com/apollographql/apollo/apollo-normalized-cache-jvm/2.5.11/apollo-normalized-cache-jvm-2.5.11.pom (2.5 kB at 7.7 kB/s)
[INFO] Downloading from jitpack.io: https://jitpack.io/com/apollographql/apollo/apollo-normalized-cache-api-jvm/2.5.11/apollo-normalized-cache-api-jvm-2.5.11.pom
[INFO] Downloading from central: https://jcenter.bintray.com/com/apollographql/apollo/apollo-normalized-cache-api-jvm/2.5.11/apollo-normalized-cache-api-jvm-2.5.11.pom
[INFO] Downloaded from central: https://jcenter.bintray.com/com/apollographql/apollo/apollo-normalized-cache-api-jvm/2.5.11/apollo-normalized-cache-api-jvm-2.5.11.pom (2.5 kB at 7.9 kB/s)
[INFO] Downloading from jitpack.io: https://jitpack.io/com/apollographql/apollo/apollo-http-cache-api/2.5.11/apollo-http-cache-api-2.5.11.pom
[INFO] Downloading from central: https://jcenter.bintray.com/com/apollographql/apollo/apollo-http-cache-api/2.5.11/apollo-http-cache-api-2.5.11.pom
[INFO] Downloaded from central: https://jcenter.bintray.com/com/apollographql/apollo/apollo-http-cache-api/2.5.11/apollo-http-cache-api-2.5.11.pom (1.9 kB at 5.6 kB/s)
[INFO] Downloading from jitpack.io: https://jitpack.io/com/squareup/okhttp3/okhttp/3.12.11/okhttp-3.12.11.pom
[INFO] Downloading from central: https://jcenter.bintray.com/com/squareup/okhttp3/okhttp/3.12.11/okhttp-3.12.11.pom
[INFO] Downloaded from central: https://jcenter.bintray.com/com/squareup/okhttp3/okhttp/3.12.11/okhttp-3.12.11.pom (2.5 kB at 7.8 kB/s)
[INFO] Downloading from jitpack.io: https://jitpack.io/com/squareup/okhttp3/parent/3.12.11/parent-3.12.11.pom
[INFO] Downloading from central: https://jcenter.bintray.com/com/squareup/okhttp3/parent/3.12.11/parent-3.12.11.pom
[INFO] Downloaded from central: https://jcenter.bintray.com/com/squareup/okhttp3/parent/3.12.11/parent-3.12.11.pom (21 kB at 65 kB/s)
[INFO] Downloading from jitpack.io: https://jitpack.io/com/github/twitch4j/twitch4j-kraken/1.10.0/twitch4j-kraken-1.10.0.pom
[INFO] Downloading from central: https://jcenter.bintray.com/com/github/twitch4j/twitch4j-kraken/1.10.0/twitch4j-kraken-1.10.0.pom
[INFO] Downloaded from central: https://jcenter.bintray.com/com/github/twitch4j/twitch4j-kraken/1.10.0/twitch4j-kraken-1.10.0.pom (7.0 kB at 16 kB/s)
[INFO] Downloading from jitpack.io: https://jitpack.io/com/github/twitch4j/twitch4j-messaginginterface/1.10.0/twitch4j-messaginginterface-1.10.0.pom
[INFO] Downloading from central: https://jcenter.bintray.com/com/github/twitch4j/twitch4j-messaginginterface/1.10.0/twitch4j-messaginginterface-1.10.0.pom
[INFO] Downloaded from central: https://jcenter.bintray.com/com/github/twitch4j/twitch4j-messaginginterface/1.10.0/twitch4j-messaginginterface-1.10.0.pom (6.9 kB at 18 kB/s)
[INFO] Downloading from jitpack.io: https://jitpack.io/com/github/twitch4j/twitch4j-pubsub/1.10.0/twitch4j-pubsub-1.10.0.pom
[INFO] Downloading from central: https://jcenter.bintray.com/com/github/twitch4j/twitch4j-pubsub/1.10.0/twitch4j-pubsub-1.10.0.pom
[INFO] Downloaded from central: https://jcenter.bintray.com/com/github/twitch4j/twitch4j-pubsub/1.10.0/twitch4j-pubsub-1.10.0.pom (7.3 kB at 17 kB/s)
[INFO] Downloading from jitpack.io: https://jitpack.io/com/github/Ree6-Applications/lavaplayer/1.3.83/lavaplayer-1.3.83.pom
[INFO] Downloaded from jitpack.io: https://jitpack.io/com/github/Ree6-Applications/lavaplayer/1.3.83/lavaplayer-1.3.83.pom (1.6 kB at 1.1 kB/s)
[INFO] Downloading from jitpack.io: https://jitpack.io/com/github/Ree6-Applications/lavaplayer/lava-common/1.3.83/lava-common-1.3.83.pom
[INFO] Downloaded from jitpack.io: https://jitpack.io/com/github/Ree6-Applications/lavaplayer/lava-common/1.3.83/lava-common-1.3.83.pom (860 B at 694 B/s)
[INFO] Downloading from jitpack.io: https://jitpack.io/com/github/Ree6-Applications/lavaplayer/lavaplayer/1.3.83/lavaplayer-1.3.83.pom
[INFO] Downloaded from jitpack.io: https://jitpack.io/com/github/Ree6-Applications/lavaplayer/lavaplayer/1.3.83/lavaplayer-1.3.83.pom (2.2 kB at 1.7 kB/s)
[INFO] Downloading from jitpack.io: https://jitpack.io/com/github/Ree6-Applications/lavaplayer/lava-common/1.3.80/lava-common-1.3.80.pom
[INFO] Downloaded from jitpack.io: https://jitpack.io/com/github/Ree6-Applications/lavaplayer/lava-common/1.3.80/lava-common-1.3.80.pom (860 B at 671 B/s)
[INFO] Downloading from jitpack.io: https://jitpack.io/com/sedmelluq/lavaplayer-natives/1.3.14/lavaplayer-natives-1.3.14.pom
[INFO] Downloading from central: https://jcenter.bintray.com/com/sedmelluq/lavaplayer-natives/1.3.14/lavaplayer-natives-1.3.14.pom
[INFO] Downloading from twitter4j.org: https://twitter4j.org/maven2/com/sedmelluq/lavaplayer-natives/1.3.14/lavaplayer-natives-1.3.14.pom
[INFO] Downloading from maven_central: https://repo.maven.apache.org/maven2/com/sedmelluq/lavaplayer-natives/1.3.14/lavaplayer-natives-1.3.14.pom
[INFO] Downloading from dv8tion: https://m2.dv8tion.net/releases/com/sedmelluq/lavaplayer-natives/1.3.14/lavaplayer-natives-1.3.14.pom
[INFO] Downloaded from dv8tion: https://m2.dv8tion.net/releases/com/sedmelluq/lavaplayer-natives/1.3.14/lavaplayer-natives-1.3.14.pom (413 B at 4.3 kB/s)
[INFO] Downloading from jitpack.io: https://jitpack.io/com/github/Ree6-Applications/lavaplayer/lavaplayer-ext-format-xm/1.3.83/lavaplayer-ext-format-xm-1.3.83.pom
[INFO] Downloaded from jitpack.io: https://jitpack.io/com/github/Ree6-Applications/lavaplayer/lavaplayer-ext-format-xm/1.3.83/lavaplayer-ext-format-xm-1.3.83.pom (863 B at 666 B/s)
[WARNING] The POM for com.github.Ree6-Applications.lavaplayer:lavaplayer-ext-format-xm:jar:1.3.83 is invalid, transitive dependencies (if any) will not be available, enable debug logging for more details
[INFO] Downloading from jitpack.io: https://jitpack.io/com/github/Ree6-Applications/lavaplayer/lavaplayer-ext-youtube-rotator/1.3.83/lavaplayer-ext-youtube-rotator-1.3.83.pom
[INFO] Downloaded from jitpack.io: https://jitpack.io/com/github/Ree6-Applications/lavaplayer/lavaplayer-ext-youtube-rotator/1.3.83/lavaplayer-ext-youtube-rotator-1.3.83.pom (705 B at 550 B/s)
[INFO] Downloading from jitpack.io: https://jitpack.io/com/github/Ree6-Applications/lavaplayer/lavaplayer-stream-merger/1.3.83/lavaplayer-stream-merger-1.3.83.pom
[INFO] Downloaded from jitpack.io: https://jitpack.io/com/github/Ree6-Applications/lavaplayer/lavaplayer-stream-merger/1.3.83/lavaplayer-stream-merger-1.3.83.pom (902 B at 705 B/s)
[INFO] Downloading from jitpack.io: https://jitpack.io/com/github/Ree6-Applications/lavaplayer/lavaplayer-test-samples/1.3.83/lavaplayer-test-samples-1.3.83.pom
[INFO] Downloaded from jitpack.io: https://jitpack.io/com/github/Ree6-Applications/lavaplayer/lavaplayer-test-samples/1.3.83/lavaplayer-test-samples-1.3.83.pom (491 B at 382 B/s)
[INFO] Downloading from maven_central: https://repo.maven.apache.org/maven2/com/github/sedmelluq/lavaplayer-natives/-SNAPSHOT/maven-metadata.xml
[INFO] Downloading from central: https://jcenter.bintray.com/com/github/sedmelluq/lavaplayer-natives/-SNAPSHOT/maven-metadata.xml
[INFO] Downloading from jitpack.io: https://jitpack.io/com/github/sedmelluq/lavaplayer-natives/-SNAPSHOT/maven-metadata.xml
[INFO] Downloading from twitter4j.org: https://twitter4j.org/maven2/com/github/sedmelluq/lavaplayer-natives/-SNAPSHOT/maven-metadata.xml
[INFO] Downloading from dv8tion: https://m2.dv8tion.net/releases/com/github/sedmelluq/lavaplayer-natives/-SNAPSHOT/maven-metadata.xml
[INFO] Downloaded from jitpack.io: https://jitpack.io/com/github/sedmelluq/lavaplayer-natives/-SNAPSHOT/maven-metadata.xml (390 B at 1.1 kB/s)
[WARNING] Could not transfer metadata com.github.sedmelluq:lavaplayer-natives:-SNAPSHOT/maven-metadata.xml from/to twitter4j.org (https://twitter4j.org/maven2): authorization failed for https://twitter4j.org/maven2/com/github/sedmelluq/lavaplayer-natives/-SNAPSHOT/maven-metadata.xml, status: 403 Forbidden
[WARNING] com.github.sedmelluq:lavaplayer-natives:-SNAPSHOT/maven-metadata.xmlfailed to transfer from https://twitter4j.org/maven2 during a previous attempt. This failure was cached in the local repository and resolution will not be reattempted until the update interval of twitter4j.org has elapsed or updates are forced. Original error: Could not transfer metadata com.github.sedmelluq:lavaplayer-natives:-SNAPSHOT/maven-metadata.xml from/to twitter4j.org (https://twitter4j.org/maven2): authorization failed for https://twitter4j.org/maven2/com/github/sedmelluq/lavaplayer-natives/-SNAPSHOT/maven-metadata.xml, status: 403 Forbidden
[INFO] Downloading from jitpack.io: https://jitpack.io/com/github/sedmelluq/lavaplayer-natives/-b64f52ed47-1/lavaplayer-natives--b64f52ed47-1.pom
[INFO] Downloaded from jitpack.io: https://jitpack.io/com/github/sedmelluq/lavaplayer-natives/-b64f52ed47-1/lavaplayer-natives--b64f52ed47-1.pom (1.0 kB at 2.4 kB/s)
[INFO] Downloading from jitpack.io: https://jitpack.io/com/github/jagrosh/JLyrics/0f9ac5df83852b7b8e735e1390eed39bb0a90fce/JLyrics-0f9ac5df83852b7b8e735e1390eed39bb0a90fce.pom
[INFO] Downloaded from jitpack.io: https://jitpack.io/com/github/jagrosh/JLyrics/0f9ac5df83852b7b8e735e1390eed39bb0a90fce/JLyrics-0f9ac5df83852b7b8e735e1390eed39bb0a90fce.pom (3.2 kB at 7.5 kB/s)
[INFO] Downloading from jitpack.io: https://jitpack.io/org/mariadb/jdbc/mariadb-java-client/3.0.5/mariadb-java-client-3.0.5.pom
[INFO] Downloading from central: https://jcenter.bintray.com/org/mariadb/jdbc/mariadb-java-client/3.0.5/mariadb-java-client-3.0.5.pom
[INFO] Downloaded from central: https://jcenter.bintray.com/org/mariadb/jdbc/mariadb-java-client/3.0.5/mariadb-java-client-3.0.5.pom (18 kB at 42 kB/s)
[INFO] Downloading from jitpack.io: https://jitpack.io/com/google/cloud/google-cloud-vision/2.1.2/google-cloud-vision-2.1.2.jar
[INFO] Downloading from jitpack.io: https://jitpack.io/com/google/api/grpc/proto-google-cloud-vision-v1p4beta1/0.88.2/proto-google-cloud-vision-v1p4beta1-0.88.2.jar
[INFO] Downloading from jitpack.io: https://jitpack.io/com/google/api/grpc/proto-google-cloud-vision-v1/2.1.2/proto-google-cloud-vision-v1-2.1.2.jar
[INFO] Downloading from jitpack.io: https://jitpack.io/com/google/api/grpc/proto-google-cloud-vision-v1p1beta1/0.88.2/proto-google-cloud-vision-v1p1beta1-0.88.2.jar
[INFO] Downloading from jitpack.io: https://jitpack.io/com/google/api/grpc/proto-google-cloud-vision-v1p3beta1/0.88.2/proto-google-cloud-vision-v1p3beta1-0.88.2.jar
[INFO] Downloading from jitpack.io: https://jitpack.io/com/google/api/grpc/proto-google-cloud-vision-v1p2beta1/2.1.2/proto-google-cloud-vision-v1p2beta1-2.1.2.jar
[INFO] Downloading from jitpack.io: https://jitpack.io/com/google/api-client/google-api-client-java6/1.35.1/google-api-client-java6-1.35.1.jar
[INFO] Downloading from jitpack.io: https://jitpack.io/com/google/apis/google-api-services-youtube/v3-rev20220711-1.32.1/google-api-services-youtube-v3-rev20220711-1.32.1.jar
[INFO] Downloading from jitpack.io: https://jitpack.io/com/github/DV8FromTheWorld/JDA/07e8166fc5/JDA-07e8166fc5.jar
[INFO] Downloading from jitpack.io: https://jitpack.io/com/github/twitch4j/twitch4j/1.10.0/twitch4j-1.10.0.jar
[INFO] Downloading from jitpack.io: https://jitpack.io/com/github/vladimir-bukhtoyarov/bucket4j-core/7.5.0/bucket4j-core-7.5.0.jar
[INFO] Downloading from jitpack.io: https://jitpack.io/com/github/philippheuer/credentialmanager/credentialmanager/0.1.2/credentialmanager-0.1.2.jar
[INFO] Downloading from jitpack.io: https://jitpack.io/io/github/openfeign/feign-slf4j/11.8/feign-slf4j-11.8.jar
[INFO] Downloading from jitpack.io: https://jitpack.io/io/github/openfeign/feign-core/11.8/feign-core-11.8.jar
[INFO] Downloading from jitpack.io: https://jitpack.io/io/github/openfeign/feign-okhttp/11.8/feign-okhttp-11.8.jar
[INFO] Downloading from jitpack.io: https://jitpack.io/io/github/openfeign/feign-jackson/11.8/feign-jackson-11.8.jar
[INFO] Downloading from jitpack.io: https://jitpack.io/io/github/openfeign/feign-hystrix/11.8/feign-hystrix-11.8.jar
[INFO] Downloading from jitpack.io: https://jitpack.io/com/github/twitch4j/twitch4j-auth/1.10.0/twitch4j-auth-1.10.0.jar
[INFO] Downloading from jitpack.io: https://jitpack.io/com/github/twitch4j/twitch4j-chat/1.10.0/twitch4j-chat-1.10.0.jar
[INFO] Downloading from jitpack.io: https://jitpack.io/com/github/twitch4j/twitch4j-client-websocket/1.10.0/twitch4j-client-websocket-1.10.0.jar
[INFO] Downloading from jitpack.io: https://jitpack.io/com/github/twitch4j/twitch4j-common/1.10.0/twitch4j-common-1.10.0.jar
[INFO] Downloading from jitpack.io: https://jitpack.io/com/github/twitch4j/twitch4j-eventsub-common/1.10.0/twitch4j-eventsub-common-1.10.0.jar
[INFO] Downloading from jitpack.io: https://jitpack.io/com/github/twitch4j/twitch4j-extensions/1.10.0/twitch4j-extensions-1.10.0.jar
[INFO] Downloading from jitpack.io: https://jitpack.io/com/github/twitch4j/twitch4j-graphql/1.10.0/twitch4j-graphql-1.10.0.jar
[INFO] Downloading from jitpack.io: https://jitpack.io/com/apollographql/apollo/apollo-runtime/2.5.11/apollo-runtime-2.5.11.jar
[INFO] Downloading from jitpack.io: https://jitpack.io/com/apollographql/apollo/apollo-api-jvm/2.5.11/apollo-api-jvm-2.5.11.jar
[INFO] Downloading from jitpack.io: https://jitpack.io/org/jetbrains/kotlin/kotlin-stdlib-common/1.5.0/kotlin-stdlib-common-1.5.0.jar
[INFO] Downloading from jitpack.io: https://jitpack.io/com/apollographql/apollo/apollo-normalized-cache-jvm/2.5.11/apollo-normalized-cache-jvm-2.5.11.jar
[INFO] Downloading from jitpack.io: https://jitpack.io/com/apollographql/apollo/apollo-normalized-cache-api-jvm/2.5.11/apollo-normalized-cache-api-jvm-2.5.11.jar
[INFO] Downloading from jitpack.io: https://jitpack.io/com/apollographql/apollo/apollo-http-cache-api/2.5.11/apollo-http-cache-api-2.5.11.jar
[INFO] Downloading from jitpack.io: https://jitpack.io/org/jetbrains/kotlin/kotlin-stdlib/1.5.0/kotlin-stdlib-1.5.0.jar
[INFO] Downloading from jitpack.io: https://jitpack.io/com/github/twitch4j/twitch4j-helix/1.10.0/twitch4j-helix-1.10.0.jar
[INFO] Downloading from jitpack.io: https://jitpack.io/com/github/twitch4j/twitch4j-kraken/1.10.0/twitch4j-kraken-1.10.0.jar
[INFO] Downloading from jitpack.io: https://jitpack.io/com/github/twitch4j/twitch4j-messaginginterface/1.10.0/twitch4j-messaginginterface-1.10.0.jar
[INFO] Downloading from jitpack.io: https://jitpack.io/com/github/twitch4j/twitch4j-pubsub/1.10.0/twitch4j-pubsub-1.10.0.jar
[INFO] Downloading from jitpack.io: https://jitpack.io/com/github/twitch4j/twitch4j-util/1.10.0/twitch4j-util-1.10.0.jar
[INFO] Downloading from jitpack.io: https://jitpack.io/com/github/Ree6-Applications/lavaplayer/1.3.83/lavaplayer-1.3.83.jar
[INFO] Downloading from jitpack.io: https://jitpack.io/com/github/Ree6-Applications/lavaplayer/lava-common/1.3.83/lava-common-1.3.83.jar
[INFO] Downloading from jitpack.io: https://jitpack.io/com/github/Ree6-Applications/lavaplayer/lavaplayer/1.3.83/lavaplayer-1.3.83.jar
[INFO] Downloaded from jitpack.io: https://jitpack.io/com/github/DV8FromTheWorld/JDA/07e8166fc5/JDA-07e8166fc5.jar (1.8 MB at 1.2 MB/s)
[INFO] Downloading from jitpack.io: https://jitpack.io/com/github/Ree6-Applications/lavaplayer/lavaplayer-ext-format-xm/1.3.83/lavaplayer-ext-format-xm-1.3.83.jar
[INFO] Downloading from jitpack.io: https://jitpack.io/com/github/Ree6-Applications/lavaplayer/lavaplayer-ext-youtube-rotator/1.3.83/lavaplayer-ext-youtube-rotator-1.3.83.jar
[INFO] Downloaded from jitpack.io: https://jitpack.io/com/github/Ree6-Applications/lavaplayer/1.3.83/lavaplayer-1.3.83.jar (322 B at 122 B/s)
[INFO] Downloading from jitpack.io: https://jitpack.io/com/github/Ree6-Applications/lavaplayer/lavaplayer-stream-merger/1.3.83/lavaplayer-stream-merger-1.3.83.jar
[INFO] Downloaded from jitpack.io: https://jitpack.io/com/github/Ree6-Applications/lavaplayer/lavaplayer-ext-format-xm/1.3.83/lavaplayer-ext-format-xm-1.3.83.jar (9.1 kB at 3.4 kB/s)
[INFO] Downloading from jitpack.io: https://jitpack.io/com/github/Ree6-Applications/lavaplayer/lavaplayer-test-samples/1.3.83/lavaplayer-test-samples-1.3.83.jar
[INFO] Downloaded from jitpack.io: https://jitpack.io/com/github/Ree6-Applications/lavaplayer/lava-common/1.3.83/lava-common-1.3.83.jar (26 kB at 9.2 kB/s)
[INFO] Downloading from jitpack.io: https://jitpack.io/com/github/sedmelluq/lavaplayer-natives/-b64f52ed47-1/lavaplayer-natives--b64f52ed47-1.jar
[INFO] Downloaded from jitpack.io: https://jitpack.io/com/github/Ree6-Applications/lavaplayer/lavaplayer-ext-youtube-rotator/1.3.83/lavaplayer-ext-youtube-rotator-1.3.83.jar (36 kB at 11 kB/s)
[INFO] Downloading from jitpack.io: https://jitpack.io/com/github/jagrosh/JLyrics/0f9ac5df83852b7b8e735e1390eed39bb0a90fce/JLyrics-0f9ac5df83852b7b8e735e1390eed39bb0a90fce.jar
[INFO] Downloaded from jitpack.io: https://jitpack.io/com/github/sedmelluq/lavaplayer-natives/-b64f52ed47-1/lavaplayer-natives--b64f52ed47-1.jar (261 B at 79 B/s)
[INFO] Downloading from jitpack.io: https://jitpack.io/org/mariadb/jdbc/mariadb-java-client/3.0.5/mariadb-java-client-3.0.5.jar
[INFO] Downloaded from jitpack.io: https://jitpack.io/com/github/jagrosh/JLyrics/0f9ac5df83852b7b8e735e1390eed39bb0a90fce/JLyrics-0f9ac5df83852b7b8e735e1390eed39bb0a90fce.jar (6.8 kB at 1.9 kB/s)
[INFO] Downloaded from jitpack.io: https://jitpack.io/com/github/Ree6-Applications/lavaplayer/lavaplayer/1.3.83/lavaplayer-1.3.83.jar (707 kB at 192 kB/s)
[INFO] Downloaded from jitpack.io: https://jitpack.io/com/github/Ree6-Applications/lavaplayer/lavaplayer-test-samples/1.3.83/lavaplayer-test-samples-1.3.83.jar (261 B at 65 B/s)
[INFO] Downloaded from jitpack.io: https://jitpack.io/com/github/Ree6-Applications/lavaplayer/lavaplayer-stream-merger/1.3.83/lavaplayer-stream-merger-1.3.83.jar (18 kB at 4.4 kB/s)
[INFO] Downloading from central: https://jcenter.bintray.com/com/google/cloud/google-cloud-vision/2.1.2/google-cloud-vision-2.1.2.jar
[INFO] Downloading from central: https://jcenter.bintray.com/com/google/api/grpc/proto-google-cloud-vision-v1p4beta1/0.88.2/proto-google-cloud-vision-v1p4beta1-0.88.2.jar
[INFO] Downloading from central: https://jcenter.bintray.com/com/google/api/grpc/proto-google-cloud-vision-v1/2.1.2/proto-google-cloud-vision-v1-2.1.2.jar
[INFO] Downloading from central: https://jcenter.bintray.com/com/google/api/grpc/proto-google-cloud-vision-v1p1beta1/0.88.2/proto-google-cloud-vision-v1p1beta1-0.88.2.jar
[INFO] Downloading from central: https://jcenter.bintray.com/com/google/api/grpc/proto-google-cloud-vision-v1p3beta1/0.88.2/proto-google-cloud-vision-v1p3beta1-0.88.2.jar
[INFO] Downloaded from central: https://jcenter.bintray.com/com/google/cloud/google-cloud-vision/2.1.2/google-cloud-vision-2.1.2.jar (270 kB at 428 kB/s)
[INFO] Downloading from central: https://jcenter.bintray.com/com/google/api/grpc/proto-google-cloud-vision-v1p2beta1/2.1.2/proto-google-cloud-vision-v1p2beta1-2.1.2.jar
[INFO] Downloaded from central: https://jcenter.bintray.com/com/google/api/grpc/proto-google-cloud-vision-v1p1beta1/0.88.2/proto-google-cloud-vision-v1p1beta1-0.88.2.jar (542 kB at 643 kB/s)
[INFO] Downloading from central: https://jcenter.bintray.com/com/google/api-client/google-api-client-java6/1.35.1/google-api-client-java6-1.35.1.jar
[INFO] Downloaded from central: https://jcenter.bintray.com/com/google/api/grpc/proto-google-cloud-vision-v1p3beta1/0.88.2/proto-google-cloud-vision-v1p3beta1-0.88.2.jar (1.2 MB at 1.2 MB/s)
[INFO] Downloading from central: https://jcenter.bintray.com/com/google/apis/google-api-services-youtube/v3-rev20220711-1.32.1/google-api-services-youtube-v3-rev20220711-1.32.1.jar
[INFO] Downloaded from central: https://jcenter.bintray.com/com/google/api/grpc/proto-google-cloud-vision-v1/2.1.2/proto-google-cloud-vision-v1-2.1.2.jar (1.2 MB at 1.2 MB/s)
[INFO] Downloading from central: https://jcenter.bintray.com/com/github/twitch4j/twitch4j/1.10.0/twitch4j-1.10.0.jar
[INFO] Downloaded from central: https://jcenter.bintray.com/com/google/api/grpc/proto-google-cloud-vision-v1p2beta1/2.1.2/proto-google-cloud-vision-v1p2beta1-2.1.2.jar (685 kB at 553 kB/s)
[INFO] Downloading from central: https://jcenter.bintray.com/com/github/vladimir-bukhtoyarov/bucket4j-core/7.5.0/bucket4j-core-7.5.0.jar
[INFO] Downloaded from central: https://jcenter.bintray.com/com/google/api-client/google-api-client-java6/1.35.1/google-api-client-java6-1.35.1.jar (5.1 kB at 4.0 kB/s)
[INFO] Downloading from central: https://jcenter.bintray.com/com/github/philippheuer/credentialmanager/credentialmanager/0.1.2/credentialmanager-0.1.2.jar
[INFO] Downloaded from central: https://jcenter.bintray.com/com/google/api/grpc/proto-google-cloud-vision-v1p4beta1/0.88.2/proto-google-cloud-vision-v1p4beta1-0.88.2.jar (1.3 MB at 964 kB/s)
[INFO] Downloading from central: https://jcenter.bintray.com/io/github/openfeign/feign-slf4j/11.8/feign-slf4j-11.8.jar
[INFO] Downloaded from central: https://jcenter.bintray.com/com/github/twitch4j/twitch4j/1.10.0/twitch4j-1.10.0.jar (63 kB at 41 kB/s)
[INFO] Downloading from central: https://jcenter.bintray.com/io/github/openfeign/feign-core/11.8/feign-core-11.8.jar
[INFO] Downloaded from central: https://jcenter.bintray.com/com/google/apis/google-api-services-youtube/v3-rev20220711-1.32.1/google-api-services-youtube-v3-rev20220711-1.32.1.jar (464 kB at 288 kB/s)
[INFO] Downloading from central: https://jcenter.bintray.com/io/github/openfeign/feign-okhttp/11.8/feign-okhttp-11.8.jar
[INFO] Downloaded from central: https://jcenter.bintray.com/io/github/openfeign/feign-slf4j/11.8/feign-slf4j-11.8.jar (3.7 kB at 2.3 kB/s)
[INFO] Downloading from central: https://jcenter.bintray.com/io/github/openfeign/feign-jackson/11.8/feign-jackson-11.8.jar
[INFO] Downloaded from central: https://jcenter.bintray.com/com/github/philippheuer/credentialmanager/credentialmanager/0.1.2/credentialmanager-0.1.2.jar (26 kB at 15 kB/s)
[INFO] Downloading from central: https://jcenter.bintray.com/io/github/openfeign/feign-hystrix/11.8/feign-hystrix-11.8.jar
[INFO] Downloaded from central: https://jcenter.bintray.com/io/github/openfeign/feign-core/11.8/feign-core-11.8.jar (197 kB at 115 kB/s)
[INFO] Downloading from central: https://jcenter.bintray.com/com/github/twitch4j/twitch4j-auth/1.10.0/twitch4j-auth-1.10.0.jar
[INFO] Downloaded from central: https://jcenter.bintray.com/com/github/vladimir-bukhtoyarov/bucket4j-core/7.5.0/bucket4j-core-7.5.0.jar (327 kB at 174 kB/s)
[INFO] Downloading from central: https://jcenter.bintray.com/com/github/twitch4j/twitch4j-chat/1.10.0/twitch4j-chat-1.10.0.jar
[INFO] Downloaded from central: https://jcenter.bintray.com/io/github/openfeign/feign-jackson/11.8/feign-jackson-11.8.jar (9.2 kB at 4.7 kB/s)
[INFO] Downloading from central: https://jcenter.bintray.com/com/github/twitch4j/twitch4j-client-websocket/1.10.0/twitch4j-client-websocket-1.10.0.jar
[INFO] Downloaded from central: https://jcenter.bintray.com/io/github/openfeign/feign-okhttp/11.8/feign-okhttp-11.8.jar (6.4 kB at 3.2 kB/s)
[INFO] Downloading from central: https://jcenter.bintray.com/com/github/twitch4j/twitch4j-common/1.10.0/twitch4j-common-1.10.0.jar
[INFO] Downloaded from central: https://jcenter.bintray.com/io/github/openfeign/feign-hystrix/11.8/feign-hystrix-11.8.jar (18 kB at 8.5 kB/s)
[INFO] Downloading from central: https://jcenter.bintray.com/com/github/twitch4j/twitch4j-eventsub-common/1.10.0/twitch4j-eventsub-common-1.10.0.jar
[INFO] Downloaded from central: https://jcenter.bintray.com/com/github/twitch4j/twitch4j-auth/1.10.0/twitch4j-auth-1.10.0.jar (10 kB at 4.7 kB/s)
[INFO] Downloading from central: https://jcenter.bintray.com/com/github/twitch4j/twitch4j-extensions/1.10.0/twitch4j-extensions-1.10.0.jar
[INFO] Downloaded from central: https://jcenter.bintray.com/com/github/twitch4j/twitch4j-client-websocket/1.10.0/twitch4j-client-websocket-1.10.0.jar (11 kB at 4.6 kB/s)
[INFO] Downloading from central: https://jcenter.bintray.com/com/github/twitch4j/twitch4j-graphql/1.10.0/twitch4j-graphql-1.10.0.jar
[INFO] Downloaded from central: https://jcenter.bintray.com/com/github/twitch4j/twitch4j-common/1.10.0/twitch4j-common-1.10.0.jar (54 kB at 22 kB/s)
[INFO] Downloading from central: https://jcenter.bintray.com/com/apollographql/apollo/apollo-runtime/2.5.11/apollo-runtime-2.5.11.jar
[INFO] Downloaded from central: https://jcenter.bintray.com/com/github/twitch4j/twitch4j-chat/1.10.0/twitch4j-chat-1.10.0.jar (150 kB at 62 kB/s)
[INFO] Downloading from central: https://jcenter.bintray.com/com/apollographql/apollo/apollo-api-jvm/2.5.11/apollo-api-jvm-2.5.11.jar
[INFO] Downloaded from central: https://jcenter.bintray.com/com/github/twitch4j/twitch4j-extensions/1.10.0/twitch4j-extensions-1.10.0.jar (49 kB at 19 kB/s)
[INFO] Downloading from central: https://jcenter.bintray.com/org/jetbrains/kotlin/kotlin-stdlib-common/1.5.0/kotlin-stdlib-common-1.5.0.jar
[INFO] Downloaded from central: https://jcenter.bintray.com/org/jetbrains/kotlin/kotlin-stdlib-common/1.5.0/kotlin-stdlib-common-1.5.0.jar (197 kB at 72 kB/s)
[INFO] Downloading from central: https://jcenter.bintray.com/com/apollographql/apollo/apollo-normalized-cache-jvm/2.5.11/apollo-normalized-cache-jvm-2.5.11.jar
[INFO] Downloaded from central: https://jcenter.bintray.com/com/apollographql/apollo/apollo-api-jvm/2.5.11/apollo-api-jvm-2.5.11.jar (215 kB at 73 kB/s)
[INFO] Downloading from central: https://jcenter.bintray.com/com/apollographql/apollo/apollo-normalized-cache-api-jvm/2.5.11/apollo-normalized-cache-api-jvm-2.5.11.jar
[INFO] Downloaded from central: https://jcenter.bintray.com/com/github/twitch4j/twitch4j-eventsub-common/1.10.0/twitch4j-eventsub-common-1.10.0.jar (307 kB at 103 kB/s)
[INFO] Downloading from central: https://jcenter.bintray.com/com/apollographql/apollo/apollo-http-cache-api/2.5.11/apollo-http-cache-api-2.5.11.jar
[INFO] Downloaded from central: https://jcenter.bintray.com/com/github/twitch4j/twitch4j-graphql/1.10.0/twitch4j-graphql-1.10.0.jar (1.8 MB at 599 kB/s)
[INFO] Downloading from central: https://jcenter.bintray.com/org/jetbrains/kotlin/kotlin-stdlib/1.5.0/kotlin-stdlib-1.5.0.jar
[INFO] Downloaded from central: https://jcenter.bintray.com/com/apollographql/apollo/apollo-normalized-cache-jvm/2.5.11/apollo-normalized-cache-jvm-2.5.11.jar (61 kB at 19 kB/s)
[INFO] Downloading from central: https://jcenter.bintray.com/com/github/twitch4j/twitch4j-helix/1.10.0/twitch4j-helix-1.10.0.jar
[INFO] Downloaded from central: https://jcenter.bintray.com/org/jetbrains/kotlin/kotlin-stdlib/1.5.0/kotlin-stdlib-1.5.0.jar (1.5 MB at 458 kB/s)
[INFO] Downloading from central: https://jcenter.bintray.com/com/github/twitch4j/twitch4j-kraken/1.10.0/twitch4j-kraken-1.10.0.jar
[INFO] Downloaded from central: https://jcenter.bintray.com/com/apollographql/apollo/apollo-normalized-cache-api-jvm/2.5.11/apollo-normalized-cache-api-jvm-2.5.11.jar (43 kB at 13 kB/s)
[INFO] Downloading from central: https://jcenter.bintray.com/com/github/twitch4j/twitch4j-messaginginterface/1.10.0/twitch4j-messaginginterface-1.10.0.jar
[INFO] Downloaded from central: https://jcenter.bintray.com/com/apollographql/apollo/apollo-http-cache-api/2.5.11/apollo-http-cache-api-2.5.11.jar (10 kB at 3.1 kB/s)
[INFO] Downloading from central: https://jcenter.bintray.com/com/github/twitch4j/twitch4j-pubsub/1.10.0/twitch4j-pubsub-1.10.0.jar
[INFO] Downloaded from central: https://jcenter.bintray.com/com/apollographql/apollo/apollo-runtime/2.5.11/apollo-runtime-2.5.11.jar (317 kB at 92 kB/s)
[INFO] Downloading from central: https://jcenter.bintray.com/com/github/twitch4j/twitch4j-util/1.10.0/twitch4j-util-1.10.0.jar
[INFO] Downloaded from central: https://jcenter.bintray.com/com/github/twitch4j/twitch4j-messaginginterface/1.10.0/twitch4j-messaginginterface-1.10.0.jar (19 kB at 5.0 kB/s)
[INFO] Downloading from central: https://jcenter.bintray.com/org/mariadb/jdbc/mariadb-java-client/3.0.5/mariadb-java-client-3.0.5.jar
[INFO] Downloaded from central: https://jcenter.bintray.com/com/github/twitch4j/twitch4j-helix/1.10.0/twitch4j-helix-1.10.0.jar (390 kB at 102 kB/s)
[INFO] Downloaded from central: https://jcenter.bintray.com/com/github/twitch4j/twitch4j-util/1.10.0/twitch4j-util-1.10.0.jar (16 kB at 4.2 kB/s)
[INFO] Downloaded from central: https://jcenter.bintray.com/com/github/twitch4j/twitch4j-kraken/1.10.0/twitch4j-kraken-1.10.0.jar (91 kB at 22 kB/s)
[INFO] Downloaded from central: https://jcenter.bintray.com/com/github/twitch4j/twitch4j-pubsub/1.10.0/twitch4j-pubsub-1.10.0.jar (325 kB at 79 kB/s)
[INFO] Downloaded from central: https://jcenter.bintray.com/org/mariadb/jdbc/mariadb-java-client/3.0.5/mariadb-java-client-3.0.5.jar (584 kB at 135 kB/s)
[INFO] 
[INFO] --- maven-clean-plugin:2.5:clean (default-clean) @ Ree6 ---
[INFO] 
[INFO] --- maven-resources-plugin:2.6:resources (default-resources) @ Ree6 ---
[INFO] Using 'UTF-8' encoding to copy filtered resources.
[INFO] Copying 1 resource
[INFO] 
[INFO] --- maven-compiler-plugin:3.10.1:compile (default-compile) @ Ree6 ---
[INFO] Changes detected - recompiling the module!
[INFO] Compiling 109 source files to /home/gabsko/breaking-updates/target/classes
[INFO] ------------------------------------------------------------------------
[INFO] BUILD FAILURE
[INFO] ------------------------------------------------------------------------
[INFO] Total time:  48.241 s
[INFO] Finished at: 2023-02-10T15:12:36Z
[INFO] ------------------------------------------------------------------------
[ERROR] Failed to execute goal org.apache.maven.plugins:maven-compiler-plugin:3.10.1:compile (default-compile) on project Ree6: Fatal error compiling: error: invalid target release: 17 -> [Help 1]
[ERROR] 
[ERROR] To see the full stack trace of the errors, re-run Maven with the -e switch.
[ERROR] Re-run Maven using the -X switch to enable full debug logging.
[ERROR] 
[ERROR] For more information about the errors and possible solutions, please read the following articles:
[ERROR] [Help 1] http://cwiki.apache.org/confluence/display/MAVEN/MojoExecutionException
