[INFO] Scanning for projects...
[INFO] Downloading from spring-snapshots: https://repo.spring.io/snapshot/org/springframework/boot/spring-boot-starter-parent/3.0.0-SNAPSHOT/maven-metadata.xml
[INFO] Downloaded from spring-snapshots: https://repo.spring.io/snapshot/org/springframework/boot/spring-boot-starter-parent/3.0.0-SNAPSHOT/maven-metadata.xml (813 B at 896 B/s)
[INFO] Downloading from spring-snapshots: https://repo.spring.io/snapshot/org/springframework/boot/spring-boot-dependencies/3.0.0-SNAPSHOT/maven-metadata.xml
[INFO] Downloaded from spring-snapshots: https://repo.spring.io/snapshot/org/springframework/boot/spring-boot-dependencies/3.0.0-SNAPSHOT/maven-metadata.xml (811 B at 2.9 kB/s)
[INFO] Downloading from spring-snapshots: https://repo.spring.io/snapshot/org/springframework/cloud/spring-cloud-dependencies/2022.0.0-SNAPSHOT/maven-metadata.xml
[INFO] Downloaded from spring-snapshots: https://repo.spring.io/snapshot/org/springframework/cloud/spring-cloud-dependencies/2022.0.0-SNAPSHOT/maven-metadata.xml (637 B at 2.4 kB/s)
[INFO] Downloading from spring-snapshots: https://repo.spring.io/snapshot/org/springframework/cloud/spring-cloud-dependencies-parent/4.0.0-SNAPSHOT/maven-metadata.xml
[INFO] Downloaded from spring-snapshots: https://repo.spring.io/snapshot/org/springframework/cloud/spring-cloud-dependencies-parent/4.0.0-SNAPSHOT/maven-metadata.xml (638 B at 2.4 kB/s)
[INFO] Downloading from spring-snapshots: https://repo.spring.io/snapshot/org/springframework/cloud/spring-cloud-commons-dependencies/4.0.0-SNAPSHOT/maven-metadata.xml
[INFO] Downloaded from spring-snapshots: https://repo.spring.io/snapshot/org/springframework/cloud/spring-cloud-commons-dependencies/4.0.0-SNAPSHOT/maven-metadata.xml (639 B at 2.4 kB/s)
[INFO] Downloading from spring-snapshots: https://repo.spring.io/snapshot/org/springframework/cloud/spring-cloud-netflix-dependencies/4.0.0-SNAPSHOT/maven-metadata.xml
[INFO] Downloaded from spring-snapshots: https://repo.spring.io/snapshot/org/springframework/cloud/spring-cloud-netflix-dependencies/4.0.0-SNAPSHOT/maven-metadata.xml (639 B at 2.4 kB/s)
[INFO] Downloading from spring-snapshots: https://repo.spring.io/snapshot/org/springframework/cloud/spring-cloud-stream-dependencies/4.0.0-SNAPSHOT/maven-metadata.xml
[INFO] Downloaded from spring-snapshots: https://repo.spring.io/snapshot/org/springframework/cloud/spring-cloud-stream-dependencies/4.0.0-SNAPSHOT/maven-metadata.xml (638 B at 2.4 kB/s)
[INFO] Downloading from spring-snapshots: https://repo.spring.io/snapshot/org/springframework/cloud/spring-cloud-task-dependencies/3.0.0-SNAPSHOT/maven-metadata.xml
[INFO] Downloaded from spring-snapshots: https://repo.spring.io/snapshot/org/springframework/cloud/spring-cloud-task-dependencies/3.0.0-SNAPSHOT/maven-metadata.xml (636 B at 2.4 kB/s)
[INFO] Downloading from spring-snapshots: https://repo.spring.io/snapshot/org/springframework/cloud/spring-cloud-circuitbreaker-dependencies/3.0.0-SNAPSHOT/maven-metadata.xml
[INFO] Downloaded from spring-snapshots: https://repo.spring.io/snapshot/org/springframework/cloud/spring-cloud-circuitbreaker-dependencies/3.0.0-SNAPSHOT/maven-metadata.xml (646 B at 2.4 kB/s)
[INFO] Downloading from spring-snapshots: https://repo.spring.io/snapshot/org/springframework/cloud/spring-cloud-config-dependencies/4.0.0-SNAPSHOT/maven-metadata.xml
[INFO] Downloaded from spring-snapshots: https://repo.spring.io/snapshot/org/springframework/cloud/spring-cloud-config-dependencies/4.0.0-SNAPSHOT/maven-metadata.xml (638 B at 2.3 kB/s)
[INFO] Downloading from spring-snapshots: https://repo.spring.io/snapshot/org/springframework/cloud/spring-cloud-function-dependencies/4.0.0-SNAPSHOT/maven-metadata.xml
[INFO] Downloaded from spring-snapshots: https://repo.spring.io/snapshot/org/springframework/cloud/spring-cloud-function-dependencies/4.0.0-SNAPSHOT/maven-metadata.xml (640 B at 2.4 kB/s)
[INFO] Downloading from spring-snapshots: https://repo.spring.io/snapshot/org/springframework/cloud/spring-cloud-gateway-dependencies/4.0.0-SNAPSHOT/maven-metadata.xml
[INFO] Downloaded from spring-snapshots: https://repo.spring.io/snapshot/org/springframework/cloud/spring-cloud-gateway-dependencies/4.0.0-SNAPSHOT/maven-metadata.xml (639 B at 2.3 kB/s)
[INFO] Downloading from spring-snapshots: https://repo.spring.io/snapshot/org/springframework/cloud/spring-cloud-consul-dependencies/4.0.0-SNAPSHOT/maven-metadata.xml
[INFO] Downloaded from spring-snapshots: https://repo.spring.io/snapshot/org/springframework/cloud/spring-cloud-consul-dependencies/4.0.0-SNAPSHOT/maven-metadata.xml (638 B at 2.4 kB/s)
[INFO] Downloading from spring-snapshots: https://repo.spring.io/snapshot/org/springframework/cloud/spring-cloud-vault-dependencies/4.0.0-SNAPSHOT/maven-metadata.xml
[INFO] Downloaded from spring-snapshots: https://repo.spring.io/snapshot/org/springframework/cloud/spring-cloud-vault-dependencies/4.0.0-SNAPSHOT/maven-metadata.xml (637 B at 2.4 kB/s)
[INFO] Downloading from spring-snapshots: https://repo.spring.io/snapshot/org/springframework/cloud/spring-cloud-zookeeper-dependencies/4.0.0-SNAPSHOT/maven-metadata.xml
[INFO] Downloaded from spring-snapshots: https://repo.spring.io/snapshot/org/springframework/cloud/spring-cloud-zookeeper-dependencies/4.0.0-SNAPSHOT/maven-metadata.xml (641 B at 2.3 kB/s)
[INFO] Downloading from spring-snapshots: https://repo.spring.io/snapshot/org/springframework/cloud/spring-cloud-bus-dependencies/4.0.0-SNAPSHOT/maven-metadata.xml
[INFO] Downloaded from spring-snapshots: https://repo.spring.io/snapshot/org/springframework/cloud/spring-cloud-bus-dependencies/4.0.0-SNAPSHOT/maven-metadata.xml (635 B at 2.3 kB/s)
[INFO] Downloading from spring-snapshots: https://repo.spring.io/snapshot/org/springframework/cloud/spring-cloud-contract-dependencies/4.0.0-SNAPSHOT/maven-metadata.xml
[INFO] Downloaded from spring-snapshots: https://repo.spring.io/snapshot/org/springframework/cloud/spring-cloud-contract-dependencies/4.0.0-SNAPSHOT/maven-metadata.xml (640 B at 2.3 kB/s)
[INFO] Downloading from spring-snapshots: https://repo.spring.io/snapshot/org/springframework/cloud/spring-cloud-openfeign-dependencies/4.0.0-SNAPSHOT/maven-metadata.xml
[INFO] Downloaded from spring-snapshots: https://repo.spring.io/snapshot/org/springframework/cloud/spring-cloud-openfeign-dependencies/4.0.0-SNAPSHOT/maven-metadata.xml (641 B at 2.3 kB/s)
[INFO] Downloading from spring-snapshots: https://repo.spring.io/snapshot/org/springframework/cloud/spring-cloud-kubernetes-dependencies/3.0.0-SNAPSHOT/maven-metadata.xml
[INFO] Downloaded from spring-snapshots: https://repo.spring.io/snapshot/org/springframework/cloud/spring-cloud-kubernetes-dependencies/3.0.0-SNAPSHOT/maven-metadata.xml (642 B at 2.4 kB/s)
[INFO] Downloading from spring-snapshots: https://repo.spring.io/snapshot/org/springframework/cloud/spring-cloud-contract-maven-plugin/4.0.0-SNAPSHOT/maven-metadata.xml
[INFO] Downloading from spring-plugin-snapshots: https://repo.spring.io/snapshot/org/springframework/cloud/spring-cloud-contract-maven-plugin/4.0.0-SNAPSHOT/maven-metadata.xml
[INFO] Downloaded from spring-snapshots: https://repo.spring.io/snapshot/org/springframework/cloud/spring-cloud-contract-maven-plugin/4.0.0-SNAPSHOT/maven-metadata.xml (1.2 kB at 4.1 kB/s)
[INFO] Downloaded from spring-plugin-snapshots: https://repo.spring.io/snapshot/org/springframework/cloud/spring-cloud-contract-maven-plugin/4.0.0-SNAPSHOT/maven-metadata.xml (1.2 kB at 1.5 kB/s)
[INFO] Downloading from spring-plugin-snapshots: https://repo.spring.io/snapshot/org/springframework/cloud/spring-cloud-contract-tools/4.0.0-SNAPSHOT/maven-metadata.xml
[INFO] Downloading from spring-snapshots: https://repo.spring.io/snapshot/org/springframework/cloud/spring-cloud-contract-tools/4.0.0-SNAPSHOT/maven-metadata.xml
[INFO] Downloaded from spring-snapshots: https://repo.spring.io/snapshot/org/springframework/cloud/spring-cloud-contract-tools/4.0.0-SNAPSHOT/maven-metadata.xml (633 B at 2.3 kB/s)
[INFO] Downloaded from spring-plugin-snapshots: https://repo.spring.io/snapshot/org/springframework/cloud/spring-cloud-contract-tools/4.0.0-SNAPSHOT/maven-metadata.xml (633 B at 2.3 kB/s)
[INFO] Downloading from spring-snapshots: https://repo.spring.io/snapshot/org/springframework/cloud/spring-cloud-contract-parent/4.0.0-SNAPSHOT/maven-metadata.xml
[INFO] Downloading from spring-plugin-snapshots: https://repo.spring.io/snapshot/org/springframework/cloud/spring-cloud-contract-parent/4.0.0-SNAPSHOT/maven-metadata.xml
[INFO] Downloaded from spring-snapshots: https://repo.spring.io/snapshot/org/springframework/cloud/spring-cloud-contract-parent/4.0.0-SNAPSHOT/maven-metadata.xml (634 B at 2.4 kB/s)
[INFO] Downloaded from spring-plugin-snapshots: https://repo.spring.io/snapshot/org/springframework/cloud/spring-cloud-contract-parent/4.0.0-SNAPSHOT/maven-metadata.xml (634 B at 2.3 kB/s)
[INFO] Downloading from spring-snapshots: https://repo.spring.io/snapshot/org/springframework/cloud/spring-cloud-build/4.0.0-SNAPSHOT/maven-metadata.xml
[INFO] Downloading from spring-plugin-snapshots: https://repo.spring.io/snapshot/org/springframework/cloud/spring-cloud-build/4.0.0-SNAPSHOT/maven-metadata.xml
[INFO] Downloaded from spring-plugin-snapshots: https://repo.spring.io/snapshot/org/springframework/cloud/spring-cloud-build/4.0.0-SNAPSHOT/maven-metadata.xml (624 B at 2.3 kB/s)
[INFO] Downloaded from spring-snapshots: https://repo.spring.io/snapshot/org/springframework/cloud/spring-cloud-build/4.0.0-SNAPSHOT/maven-metadata.xml (624 B at 2.3 kB/s)
[INFO] Downloading from spring-plugin-snapshots: https://repo.spring.io/snapshot/org/springframework/cloud/spring-cloud-commons-dependencies/4.0.0-SNAPSHOT/maven-metadata.xml
[INFO] Downloaded from spring-plugin-snapshots: https://repo.spring.io/snapshot/org/springframework/cloud/spring-cloud-commons-dependencies/4.0.0-SNAPSHOT/maven-metadata.xml (639 B at 2.3 kB/s)
[INFO] Downloading from spring-plugin-snapshots: https://repo.spring.io/snapshot/org/springframework/cloud/spring-cloud-dependencies-parent/4.0.0-SNAPSHOT/maven-metadata.xml
[INFO] Downloaded from spring-plugin-snapshots: https://repo.spring.io/snapshot/org/springframework/cloud/spring-cloud-dependencies-parent/4.0.0-SNAPSHOT/maven-metadata.xml (638 B at 2.4 kB/s)
[INFO] Downloading from spring-plugin-snapshots: https://repo.spring.io/snapshot/org/springframework/cloud/spring-cloud-contract-dependencies/4.0.0-SNAPSHOT/maven-metadata.xml
[INFO] Downloaded from spring-plugin-snapshots: https://repo.spring.io/snapshot/org/springframework/cloud/spring-cloud-contract-dependencies/4.0.0-SNAPSHOT/maven-metadata.xml (640 B at 2.3 kB/s)
[INFO] Downloading from spring-plugin-snapshots: https://repo.spring.io/snapshot/org/springframework/cloud/spring-cloud-netflix-dependencies/4.0.0-SNAPSHOT/maven-metadata.xml
[INFO] Downloaded from spring-plugin-snapshots: https://repo.spring.io/snapshot/org/springframework/cloud/spring-cloud-netflix-dependencies/4.0.0-SNAPSHOT/maven-metadata.xml (639 B at 2.2 kB/s)
[INFO] Downloading from spring-plugin-snapshots: https://repo.spring.io/snapshot/org/springframework/cloud/spring-cloud-stream-dependencies/4.0.0-SNAPSHOT/maven-metadata.xml
[INFO] Downloaded from spring-plugin-snapshots: https://repo.spring.io/snapshot/org/springframework/cloud/spring-cloud-stream-dependencies/4.0.0-SNAPSHOT/maven-metadata.xml (638 B at 2.3 kB/s)
[INFO] Downloading from spring-plugin-snapshots: https://repo.spring.io/snapshot/org/springframework/cloud/spring-cloud-zookeeper-dependencies/4.0.0-SNAPSHOT/maven-metadata.xml
[INFO] Downloaded from spring-plugin-snapshots: https://repo.spring.io/snapshot/org/springframework/cloud/spring-cloud-zookeeper-dependencies/4.0.0-SNAPSHOT/maven-metadata.xml (641 B at 2.4 kB/s)
[INFO] Downloading from spring-plugin-snapshots: https://repo.spring.io/snapshot/org/springframework/cloud/spring-cloud-consul-dependencies/4.0.0-SNAPSHOT/maven-metadata.xml
[INFO] Downloaded from spring-plugin-snapshots: https://repo.spring.io/snapshot/org/springframework/cloud/spring-cloud-consul-dependencies/4.0.0-SNAPSHOT/maven-metadata.xml (638 B at 2.4 kB/s)
[INFO] Downloading from spring-snapshots: https://repo.spring.io/snapshot/org/springframework/cloud/spring-cloud-build-dependencies/4.0.0-SNAPSHOT/maven-metadata.xml
[INFO] Downloading from spring-plugin-snapshots: https://repo.spring.io/snapshot/org/springframework/cloud/spring-cloud-build-dependencies/4.0.0-SNAPSHOT/maven-metadata.xml
[INFO] Downloaded from spring-snapshots: https://repo.spring.io/snapshot/org/springframework/cloud/spring-cloud-build-dependencies/4.0.0-SNAPSHOT/maven-metadata.xml (637 B at 2.4 kB/s)
[INFO] Downloaded from spring-plugin-snapshots: https://repo.spring.io/snapshot/org/springframework/cloud/spring-cloud-build-dependencies/4.0.0-SNAPSHOT/maven-metadata.xml (637 B at 2.4 kB/s)
[INFO] Downloading from spring-snapshots: https://repo.spring.io/snapshot/com/example/beer-common/0.0.1-SNAPSHOT/maven-metadata.xml
[INFO] Downloading from spring-plugin-snapshots: https://repo.spring.io/snapshot/com/example/beer-common/0.0.1-SNAPSHOT/maven-metadata.xml
[INFO] Downloading from spring-snapshots: https://repo.spring.io/snapshot/com/example/beer-common/0.0.1-SNAPSHOT/beer-common-0.0.1-SNAPSHOT.pom
[WARNING] The POM for com.example:beer-common:jar:0.0.1-SNAPSHOT is missing, no dependency information available
[INFO] Downloading from spring-snapshots: https://repo.spring.io/snapshot/org/springframework/cloud/spring-cloud-contract-verifier/4.0.0-SNAPSHOT/maven-metadata.xml
[INFO] Downloading from spring-plugin-snapshots: https://repo.spring.io/snapshot/org/springframework/cloud/spring-cloud-contract-verifier/4.0.0-SNAPSHOT/maven-metadata.xml
[INFO] Downloaded from spring-plugin-snapshots: https://repo.spring.io/snapshot/org/springframework/cloud/spring-cloud-contract-verifier/4.0.0-SNAPSHOT/maven-metadata.xml (1.2 kB at 4.7 kB/s)
[INFO] Downloaded from spring-snapshots: https://repo.spring.io/snapshot/org/springframework/cloud/spring-cloud-contract-verifier/4.0.0-SNAPSHOT/maven-metadata.xml (1.2 kB at 4.6 kB/s)
[INFO] Downloading from spring-snapshots: https://repo.spring.io/snapshot/org/springframework/cloud/spring-cloud-contract-spec/4.0.0-SNAPSHOT/maven-metadata.xml
[INFO] Downloading from spring-plugin-snapshots: https://repo.spring.io/snapshot/org/springframework/cloud/spring-cloud-contract-spec/4.0.0-SNAPSHOT/maven-metadata.xml
[INFO] Downloaded from spring-plugin-snapshots: https://repo.spring.io/snapshot/org/springframework/cloud/spring-cloud-contract-spec/4.0.0-SNAPSHOT/maven-metadata.xml (1.0 kB at 3.8 kB/s)
[INFO] Downloaded from spring-snapshots: https://repo.spring.io/snapshot/org/springframework/cloud/spring-cloud-contract-spec/4.0.0-SNAPSHOT/maven-metadata.xml (1.0 kB at 3.7 kB/s)
[INFO] Downloading from spring-snapshots: https://repo.spring.io/snapshot/org/springframework/cloud/spring-cloud-contract-spec-java/4.0.0-SNAPSHOT/maven-metadata.xml
[INFO] Downloading from spring-plugin-snapshots: https://repo.spring.io/snapshot/org/springframework/cloud/spring-cloud-contract-spec-java/4.0.0-SNAPSHOT/maven-metadata.xml
[INFO] Downloaded from spring-plugin-snapshots: https://repo.spring.io/snapshot/org/springframework/cloud/spring-cloud-contract-spec-java/4.0.0-SNAPSHOT/maven-metadata.xml (1.2 kB at 4.7 kB/s)
[INFO] Downloaded from spring-snapshots: https://repo.spring.io/snapshot/org/springframework/cloud/spring-cloud-contract-spec-java/4.0.0-SNAPSHOT/maven-metadata.xml (1.2 kB at 4.6 kB/s)
[INFO] Downloading from spring-snapshots: https://repo.spring.io/snapshot/org/springframework/cloud/spring-cloud-contract-spec-groovy/4.0.0-SNAPSHOT/maven-metadata.xml
[INFO] Downloading from spring-plugin-snapshots: https://repo.spring.io/snapshot/org/springframework/cloud/spring-cloud-contract-spec-groovy/4.0.0-SNAPSHOT/maven-metadata.xml
[INFO] Downloaded from spring-snapshots: https://repo.spring.io/snapshot/org/springframework/cloud/spring-cloud-contract-spec-groovy/4.0.0-SNAPSHOT/maven-metadata.xml (1.2 kB at 4.7 kB/s)
[INFO] Downloaded from spring-plugin-snapshots: https://repo.spring.io/snapshot/org/springframework/cloud/spring-cloud-contract-spec-groovy/4.0.0-SNAPSHOT/maven-metadata.xml (1.2 kB at 4.6 kB/s)
[INFO] Downloading from spring-snapshots: https://repo.spring.io/snapshot/org/springframework/cloud/spring-cloud-contract-shade/4.0.0-SNAPSHOT/maven-metadata.xml
[INFO] Downloading from spring-plugin-snapshots: https://repo.spring.io/snapshot/org/springframework/cloud/spring-cloud-contract-shade/4.0.0-SNAPSHOT/maven-metadata.xml
[INFO] Downloaded from spring-snapshots: https://repo.spring.io/snapshot/org/springframework/cloud/spring-cloud-contract-shade/4.0.0-SNAPSHOT/maven-metadata.xml (1.2 kB at 4.5 kB/s)
[INFO] Downloaded from spring-plugin-snapshots: https://repo.spring.io/snapshot/org/springframework/cloud/spring-cloud-contract-shade/4.0.0-SNAPSHOT/maven-metadata.xml (1.2 kB at 4.5 kB/s)
[INFO] Downloading from spring-snapshots: https://repo.spring.io/snapshot/org/slf4j/slf4j-api/maven-metadata.xml
[INFO] Downloading from spring-plugin-snapshots: https://repo.spring.io/snapshot/org/slf4j/slf4j-api/maven-metadata.xml
[INFO] Downloading from spring-milestones: https://repo.spring.io/milestone/org/slf4j/slf4j-api/maven-metadata.xml
[INFO] Downloading from spring-plugin-milestones: https://repo.spring.io/release/org/slf4j/slf4j-api/maven-metadata.xml
[INFO] Downloading from apache.snapshots: https://repository.apache.org/snapshots/org/slf4j/slf4j-api/maven-metadata.xml
[INFO] Downloading from spring-snapshots: https://repo.spring.io/snapshot/org/springframework/cloud/spring-cloud-contract-converters/4.0.0-SNAPSHOT/maven-metadata.xml
[INFO] Downloading from spring-plugin-snapshots: https://repo.spring.io/snapshot/org/springframework/cloud/spring-cloud-contract-converters/4.0.0-SNAPSHOT/maven-metadata.xml
[INFO] Downloaded from spring-snapshots: https://repo.spring.io/snapshot/org/springframework/cloud/spring-cloud-contract-converters/4.0.0-SNAPSHOT/maven-metadata.xml (1.2 kB at 4.7 kB/s)
[INFO] Downloaded from spring-plugin-snapshots: https://repo.spring.io/snapshot/org/springframework/cloud/spring-cloud-contract-converters/4.0.0-SNAPSHOT/maven-metadata.xml (1.2 kB at 4.7 kB/s)
[INFO] Downloading from spring-snapshots: https://repo.spring.io/snapshot/org/springframework/cloud/spring-cloud-contract-stub-runner/4.0.0-SNAPSHOT/maven-metadata.xml
[INFO] Downloading from spring-plugin-snapshots: https://repo.spring.io/snapshot/org/springframework/cloud/spring-cloud-contract-stub-runner/4.0.0-SNAPSHOT/maven-metadata.xml
[INFO] Downloaded from spring-snapshots: https://repo.spring.io/snapshot/org/springframework/cloud/spring-cloud-contract-stub-runner/4.0.0-SNAPSHOT/maven-metadata.xml (1.2 kB at 4.7 kB/s)
[INFO] Downloaded from spring-plugin-snapshots: https://repo.spring.io/snapshot/org/springframework/cloud/spring-cloud-contract-stub-runner/4.0.0-SNAPSHOT/maven-metadata.xml (1.2 kB at 4.7 kB/s)
[INFO] Downloading from jgit-repository: https://repo.eclipse.org/content/repositories/jgit-releases/org/slf4j/slf4j-api/maven-metadata.xml
[INFO] Downloading from spring-snapshots: https://repo.spring.io/snapshot/org/springframework/cloud/spring-cloud-contract-wiremock/4.0.0-SNAPSHOT/maven-metadata.xml
[INFO] Downloading from spring-plugin-snapshots: https://repo.spring.io/snapshot/org/springframework/cloud/spring-cloud-contract-wiremock/4.0.0-SNAPSHOT/maven-metadata.xml
[INFO] Downloaded from spring-snapshots: https://repo.spring.io/snapshot/org/springframework/cloud/spring-cloud-contract-wiremock/4.0.0-SNAPSHOT/maven-metadata.xml (1.2 kB at 4.6 kB/s)
[INFO] Downloaded from spring-plugin-snapshots: https://repo.spring.io/snapshot/org/springframework/cloud/spring-cloud-contract-wiremock/4.0.0-SNAPSHOT/maven-metadata.xml (1.2 kB at 4.5 kB/s)
[INFO] Downloading from spring-snapshots: https://repo.spring.io/snapshot/org/springframework/cloud/spring-cloud-test-support/4.0.0-SNAPSHOT/maven-metadata.xml
[INFO] Downloading from spring-plugin-snapshots: https://repo.spring.io/snapshot/org/springframework/cloud/spring-cloud-test-support/4.0.0-SNAPSHOT/maven-metadata.xml
[INFO] Downloaded from spring-snapshots: https://repo.spring.io/snapshot/org/springframework/cloud/spring-cloud-test-support/4.0.0-SNAPSHOT/maven-metadata.xml (1.2 kB at 4.7 kB/s)
[INFO] Downloaded from spring-plugin-snapshots: https://repo.spring.io/snapshot/org/springframework/cloud/spring-cloud-test-support/4.0.0-SNAPSHOT/maven-metadata.xml (1.2 kB at 4.7 kB/s)
[INFO] Downloading from spring-snapshots: https://repo.spring.io/snapshot/org/springframework/cloud/spring-cloud-commons-parent/4.0.0-SNAPSHOT/maven-metadata.xml
[INFO] Downloading from spring-plugin-snapshots: https://repo.spring.io/snapshot/org/springframework/cloud/spring-cloud-commons-parent/4.0.0-SNAPSHOT/maven-metadata.xml
[INFO] Downloaded from spring-snapshots: https://repo.spring.io/snapshot/org/springframework/cloud/spring-cloud-commons-parent/4.0.0-SNAPSHOT/maven-metadata.xml (633 B at 2.4 kB/s)
[INFO] Downloaded from spring-plugin-snapshots: https://repo.spring.io/snapshot/org/springframework/cloud/spring-cloud-commons-parent/4.0.0-SNAPSHOT/maven-metadata.xml (633 B at 2.4 kB/s)
[INFO] Downloading from maven-default-http-blocker: http://0.0.0.0/org/slf4j/slf4j-api/maven-metadata.xml
[INFO] Downloading from spring-snapshots: https://repo.spring.io/snapshot/com/example/beer-common/0.0.1-SNAPSHOT/beer-common-0.0.1-SNAPSHOT.jar
[INFO] Downloading from spring-snapshots: https://repo.spring.io/snapshot/io/rest-assured/rest-assured-bom/4.4.0/rest-assured-bom-4.4.0.pom
[INFO] Downloading from spring-milestones: https://repo.spring.io/milestone/io/rest-assured/rest-assured-bom/4.4.0/rest-assured-bom-4.4.0.pom
[INFO] Downloading from spring-releases: https://repo.spring.io/release/io/rest-assured/rest-assured-bom/4.4.0/rest-assured-bom-4.4.0.pom
[INFO] Downloading from central: https://repo.maven.apache.org/maven2/io/rest-assured/rest-assured-bom/4.4.0/rest-assured-bom-4.4.0.pom
[INFO] Downloading from spring-snapshots: https://repo.spring.io/snapshot/io/rest-assured/rest-assured-bom/4.0.0/rest-assured-bom-4.0.0.pom
[INFO] Downloading from spring-milestones: https://repo.spring.io/milestone/io/rest-assured/rest-assured-bom/4.0.0/rest-assured-bom-4.0.0.pom
[INFO] Downloading from spring-releases: https://repo.spring.io/release/io/rest-assured/rest-assured-bom/4.0.0/rest-assured-bom-4.0.0.pom
[INFO] Downloading from central: https://repo.maven.apache.org/maven2/io/rest-assured/rest-assured-bom/4.0.0/rest-assured-bom-4.0.0.pom
[INFO] Downloading from spring-snapshots: https://repo.spring.io/snapshot/org/springframework/cloud/spring-cloud-contract-pact/4.0.0-SNAPSHOT/maven-metadata.xml
[INFO] Downloading from spring-plugin-snapshots: https://repo.spring.io/snapshot/org/springframework/cloud/spring-cloud-contract-pact/4.0.0-SNAPSHOT/maven-metadata.xml
[INFO] Downloaded from spring-snapshots: https://repo.spring.io/snapshot/org/springframework/cloud/spring-cloud-contract-pact/4.0.0-SNAPSHOT/maven-metadata.xml (1.2 kB at 3.4 kB/s)
[INFO] Downloaded from spring-plugin-snapshots: https://repo.spring.io/snapshot/org/springframework/cloud/spring-cloud-contract-pact/4.0.0-SNAPSHOT/maven-metadata.xml (1.2 kB at 1.4 kB/s)
[INFO] Downloading from spring-snapshots: https://repo.spring.io/snapshot/org/springframework/cloud/spring-cloud-contract-pact/4.0.0-SNAPSHOT/spring-cloud-contract-pact-4.0.0-20221117.142409-596.pom
[INFO] Downloaded from spring-snapshots: https://repo.spring.io/snapshot/org/springframework/cloud/spring-cloud-contract-pact/4.0.0-SNAPSHOT/spring-cloud-contract-pact-4.0.0-20221117.142409-596.pom (2.8 kB at 9.3 kB/s)
[WARNING] The POM for org.springframework.cloud:spring-cloud-contract-pact:jar:4.0.0-20221117.142409-596 is invalid, transitive dependencies (if any) will not be available, enable debug logging for more details
[INFO] Downloading from spring-snapshots: https://repo.spring.io/snapshot/org/springframework/cloud/spring-cloud-contract-pact/4.0.0-SNAPSHOT/spring-cloud-contract-pact-4.0.0-20221117.142409-596.jar
[INFO] Downloaded from spring-snapshots: https://repo.spring.io/snapshot/org/springframework/cloud/spring-cloud-contract-pact/4.0.0-SNAPSHOT/spring-cloud-contract-pact-4.0.0-20221117.142409-596.jar (67 kB at 119 kB/s)
[INFO] Downloading from mulesoft-releases: https://repository.mulesoft.org/releases/org/springframework/cloud/spring-cloud-contract-maven-plugin/4.0.0-SNAPSHOT/maven-metadata.xml
[INFO] Downloading from mulesoft-releases: https://repository.mulesoft.org/releases/org/slf4j/slf4j-api/maven-metadata.xml
[INFO] Downloading from mulesoft-releases: https://repository.mulesoft.org/releases/com/example/beer-common/0.0.1-SNAPSHOT/maven-metadata.xml
[INFO] Downloading from mulesoft-releases: https://repository.mulesoft.org/releases/org/springframework/cloud/spring-cloud-contract-verifier/4.0.0-SNAPSHOT/maven-metadata.xml
[INFO] Downloading from mulesoft-releases: https://repository.mulesoft.org/releases/org/springframework/cloud/spring-cloud-contract-spec/4.0.0-SNAPSHOT/maven-metadata.xml
[INFO] Downloading from mulesoft-releases: https://repository.mulesoft.org/releases/org/springframework/cloud/spring-cloud-contract-spec-java/4.0.0-SNAPSHOT/maven-metadata.xml
[INFO] Downloading from mulesoft-releases: https://repository.mulesoft.org/releases/org/springframework/cloud/spring-cloud-contract-spec-groovy/4.0.0-SNAPSHOT/maven-metadata.xml
[INFO] Downloading from mulesoft-releases: https://repository.mulesoft.org/releases/org/springframework/cloud/spring-cloud-contract-shade/4.0.0-SNAPSHOT/maven-metadata.xml
[INFO] Downloading from mulesoft-releases: https://repository.mulesoft.org/releases/org/springframework/cloud/spring-cloud-contract-converters/4.0.0-SNAPSHOT/maven-metadata.xml
[INFO] Downloading from mulesoft-releases: https://repository.mulesoft.org/releases/org/springframework/cloud/spring-cloud-contract-stub-runner/4.0.0-SNAPSHOT/maven-metadata.xml
[INFO] Downloading from mulesoft-releases: https://repository.mulesoft.org/releases/org/springframework/cloud/spring-cloud-contract-wiremock/4.0.0-SNAPSHOT/maven-metadata.xml
[INFO] Downloading from mulesoft-releases: https://repository.mulesoft.org/releases/org/springframework/cloud/spring-cloud-test-support/4.0.0-SNAPSHOT/maven-metadata.xml
[INFO] Downloading from mulesoft-releases: https://repository.mulesoft.org/releases/com/example/beer-common/0.0.1-SNAPSHOT/beer-common-0.0.1-SNAPSHOT.jar
[INFO] Downloading from spring-snapshots: https://repo.spring.io/snapshot/org/springframework/cloud/spring-cloud-contract-spec-kotlin/4.0.0-SNAPSHOT/maven-metadata.xml
[INFO] Downloaded from spring-snapshots: https://repo.spring.io/snapshot/org/springframework/cloud/spring-cloud-contract-spec-kotlin/4.0.0-SNAPSHOT/maven-metadata.xml (1.2 kB at 1.5 kB/s)
[INFO] Downloading from spring-releases: https://repo.spring.io/release/org/slf4j/slf4j-api/maven-metadata.xml
[INFO] Downloading from spring-plugin-snapshots: https://repo.spring.io/snapshot/org/springframework/cloud/spring-cloud-starter-contract-verifier/4.0.0-SNAPSHOT/maven-metadata.xml
[INFO] Downloading from spring-snapshots: https://repo.spring.io/snapshot/org/springframework/cloud/spring-cloud-starter-contract-verifier/4.0.0-SNAPSHOT/maven-metadata.xml
[INFO] Downloaded from spring-snapshots: https://repo.spring.io/snapshot/org/springframework/cloud/spring-cloud-starter-contract-verifier/4.0.0-SNAPSHOT/maven-metadata.xml (1.0 kB at 1.7 kB/s)
[INFO] Downloaded from spring-plugin-snapshots: https://repo.spring.io/snapshot/org/springframework/cloud/spring-cloud-starter-contract-verifier/4.0.0-SNAPSHOT/maven-metadata.xml (1.0 kB at 1.2 kB/s)
[INFO] Downloading from spring-snapshots: https://repo.spring.io/snapshot/org/springframework/cloud/spring-cloud-contract-starters/4.0.0-SNAPSHOT/maven-metadata.xml
[INFO] Downloading from spring-plugin-snapshots: https://repo.spring.io/snapshot/org/springframework/cloud/spring-cloud-contract-starters/4.0.0-SNAPSHOT/maven-metadata.xml
[INFO] Downloaded from spring-snapshots: https://repo.spring.io/snapshot/org/springframework/cloud/spring-cloud-contract-starters/4.0.0-SNAPSHOT/maven-metadata.xml (636 B at 2.4 kB/s)
[INFO] Downloaded from spring-plugin-snapshots: https://repo.spring.io/snapshot/org/springframework/cloud/spring-cloud-contract-starters/4.0.0-SNAPSHOT/maven-metadata.xml (636 B at 2.3 kB/s)
[ERROR] [ERROR] Some problems were encountered while processing the POMs:
[ERROR] Unresolveable build extension: Plugin org.springframework.cloud:spring-cloud-contract-maven-plugin:4.0.0-SNAPSHOT or one of its dependencies could not be resolved: Could not find artifact com.example:beer-common:jar:0.0.1-SNAPSHOT in spring-snapshots (https://repo.spring.io/snapshot) @ 
[ERROR] 'dependencies.dependency.version' for org.springframework.cloud:spring-cloud-stream:test-jar:test-binder is missing. @ line 49, column 15
[ERROR] Unresolveable build extension: Plugin org.springframework.cloud:spring-cloud-contract-maven-plugin:4.0.0-SNAPSHOT or one of its dependencies could not be resolved: Could not find artifact com.example:beer-common:jar:0.0.1-SNAPSHOT in spring-snapshots (https://repo.spring.io/snapshot) @ 
[ERROR] 'dependencies.dependency.version' for org.springframework.cloud:spring-cloud-stream:test-jar:test-binder is missing. @ line 48, column 15
[ERROR] Unresolveable build extension: Plugin org.springframework.cloud:spring-cloud-contract-maven-plugin:4.0.0-SNAPSHOT or one of its dependencies could not be resolved: Could not find artifact com.example:beer-common:jar:0.0.1-SNAPSHOT in spring-snapshots (https://repo.spring.io/snapshot) @ 
[ERROR] Non-resolvable import POM: Could not find artifact io.rest-assured:rest-assured-bom:pom:4.4.0 in spring-snapshots (https://repo.spring.io/snapshot) @ org.springframework.boot:spring-boot-dependencies:3.0.0-SNAPSHOT, /home/gabsko/.m2/repository/org/springframework/boot/spring-boot-dependencies/3.0.0-SNAPSHOT/spring-boot-dependencies-3.0.0-SNAPSHOT.pom, line 2274, column 19
[ERROR] 'dependencies.dependency.version' for org.springframework.cloud:spring-cloud-stream:test-jar:test-binder is missing. @ line 55, column 15
[ERROR] Unresolveable build extension: Plugin org.springframework.cloud:spring-cloud-contract-maven-plugin:4.0.0-SNAPSHOT or one of its dependencies could not be resolved: Could not find artifact com.example:beer-common:jar:0.0.1-SNAPSHOT in spring-snapshots (https://repo.spring.io/snapshot) @ 
[ERROR] Non-resolvable import POM: Could not find artifact io.rest-assured:rest-assured-bom:pom:4.0.0 in spring-snapshots (https://repo.spring.io/snapshot) @ org.springframework.boot:spring-boot-dependencies:3.0.0-SNAPSHOT, /home/gabsko/.m2/repository/org/springframework/boot/spring-boot-dependencies/3.0.0-SNAPSHOT/spring-boot-dependencies-3.0.0-SNAPSHOT.pom, line 2274, column 19
[ERROR] 'dependencies.dependency.version' for org.springframework.cloud:spring-cloud-stream:test-jar:test-binder is missing. @ line 55, column 15
[ERROR] 'dependencies.dependency.version' for org.springframework.cloud:spring-cloud-stream:test-jar:test-binder is missing. @ line 48, column 15
[ERROR] 'dependencies.dependency.version' for org.springframework.cloud:spring-cloud-stream:test-jar:test-binder is missing. @ line 48, column 15
[ERROR] 'dependencies.dependency.version' for org.springframework.cloud:spring-cloud-stream:test-jar:test-binder is missing. @ line 58, column 15
[ERROR] Unresolveable build extension: Plugin org.springframework.cloud:spring-cloud-contract-maven-plugin:4.0.0-SNAPSHOT or one of its dependencies could not be resolved: Could not find artifact com.example:beer-common:jar:0.0.1-SNAPSHOT in spring-snapshots (https://repo.spring.io/snapshot) @ 
[ERROR] 'dependencies.dependency.version' for org.springframework.cloud:spring-cloud-stream:test-jar:test-binder is missing. @ line 56, column 15
[ERROR] 'dependencies.dependency.version' for org.springframework.cloud:spring-cloud-stream:test-jar:test-binder is missing. @ line 56, column 15
[ERROR] 'dependencies.dependency.version' for org.springframework.cloud:spring-cloud-stream:test-jar:test-binder is missing. @ line 56, column 15
[ERROR] 'dependencies.dependency.version' for org.springframework.cloud:spring-cloud-stream:test-jar:test-binder is missing. @ line 56, column 15
[ERROR] 'dependencies.dependency.version' for org.springframework.cloud:spring-cloud-stream:test-jar:test-binder is missing. @ line 60, column 15
[ERROR] 'dependencies.dependency.version' for org.springframework.cloud:spring-cloud-stream:test-jar:test-binder is missing. @ line 60, column 15
[ERROR] Unresolveable build extension: Plugin org.springframework.cloud:spring-cloud-contract-maven-plugin:4.0.0-SNAPSHOT or one of its dependencies could not be resolved: com.example:beer-common:jar:0.0.1-SNAPSHOT was not found in https://repo.spring.io/snapshot during a previous attempt. This failure was cached in the local repository and resolution is not reattempted until the update interval of spring-snapshots has elapsed or updates are forced @ 
[ERROR] 'dependencies.dependency.version' for org.springframework.cloud:spring-cloud-stream:test-jar:test-binder is missing. @ line 48, column 15
[ERROR] Unresolveable build extension: Plugin org.springframework.cloud:spring-cloud-contract-maven-plugin:4.0.0-SNAPSHOT or one of its dependencies could not be resolved: Could not find artifact com.example:beer-common:jar:0.0.1-SNAPSHOT in spring-snapshots (https://repo.spring.io/snapshot) @ 
[ERROR] 'dependencies.dependency.version' for org.springframework.cloud:spring-cloud-stream:test-jar:test-binder is missing. @ line 59, column 15
[ERROR] Unresolveable build extension: Plugin org.springframework.cloud:spring-cloud-contract-maven-plugin:4.0.0-SNAPSHOT or one of its dependencies could not be resolved: Could not find artifact com.example:beer-common:jar:0.0.1-SNAPSHOT in spring-snapshots (https://repo.spring.io/snapshot) @ 
[ERROR] 'dependencies.dependency.version' for org.springframework.cloud:spring-cloud-stream:test-jar:test-binder is missing. @ line 62, column 15
[ERROR] Unresolveable build extension: Plugin org.springframework.cloud:spring-cloud-contract-maven-plugin:4.0.0-SNAPSHOT or one of its dependencies could not be resolved: Could not find artifact com.example:beer-common:jar:0.0.1-SNAPSHOT in spring-snapshots (https://repo.spring.io/snapshot) @ 
[ERROR] 'dependencies.dependency.version' for org.springframework.cloud:spring-cloud-stream:test-jar:test-binder is missing. @ line 53, column 15
[ERROR] 'dependencies.dependency.version' for org.springframework.cloud:spring-cloud-stream:test-jar:test-binder is missing. @ line 48, column 15
[ERROR] Unresolveable build extension: Plugin org.springframework.cloud:spring-cloud-contract-maven-plugin:4.0.0-SNAPSHOT or one of its dependencies could not be resolved: com.example:beer-common:jar:0.0.1-SNAPSHOT was not found in https://repo.spring.io/snapshot during a previous attempt. This failure was cached in the local repository and resolution is not reattempted until the update interval of spring-snapshots has elapsed or updates are forced @ 
[ERROR] 'dependencies.dependency.version' for org.springframework.cloud:spring-cloud-stream:test-jar:test-binder is missing. @ line 48, column 15
[ERROR] 'dependencies.dependency.version' for org.springframework.cloud:spring-cloud-stream:test-jar:test-binder is missing. @ line 61, column 15
[ERROR] 'dependencies.dependency.version' for org.springframework.cloud:spring-cloud-contract-pact:jar is missing. @ line 55, column 15
[ERROR] 'dependencies.dependency.version' for org.springframework.cloud:spring-cloud-stream:test-jar:test-binder is missing. @ line 55, column 15
[ERROR] 'dependencies.dependency.version' for org.springframework.cloud:spring-cloud-stream:test-jar:test-binder is missing. @ line 89, column 15
[ERROR] 'dependencies.dependency.version' for org.springframework.cloud:spring-cloud-stream:test-jar:test-binder is missing. @ line 55, column 15
[ERROR] 'dependencies.dependency.version' for org.springframework.cloud:spring-cloud-stream:test-jar:test-binder is missing. @ line 61, column 15
[ERROR] 'dependencies.dependency.version' for org.springframework.cloud:spring-cloud-stream:test-jar:test-binder is missing. @ line 61, column 15
[WARNING] 'dependencies.dependency.(groupId:artifactId:type:classifier)' must be unique: org.springframework.boot:spring-boot-starter-test:jar -> duplicate declaration of version (?) @ line 66, column 15
[ERROR] 'dependencies.dependency.version' for org.springframework.cloud:spring-cloud-stream:test-jar:test-binder is missing. @ line 61, column 15
[WARNING] 'build.plugins.plugin.version' for org.apache.maven.plugins:maven-deploy-plugin is missing. @ line 17, column 12
 @ 
[ERROR] The build could not read 27 projects -> [Help 1]
[ERROR]   
[ERROR]   The project com.example:beer-api-producer:0.0.1-SNAPSHOT (/home/gabsko/breaking-updates/producer/pom.xml) has 2 errors
[ERROR]     Unresolveable build extension: Plugin org.springframework.cloud:spring-cloud-contract-maven-plugin:4.0.0-SNAPSHOT or one of its dependencies could not be resolved: Could not find artifact com.example:beer-common:jar:0.0.1-SNAPSHOT in spring-snapshots (https://repo.spring.io/snapshot) -> [Help 2]
[ERROR]     'dependencies.dependency.version' for org.springframework.cloud:spring-cloud-stream:test-jar:test-binder is missing. @ line 49, column 15
[ERROR]   
[ERROR]   The project com.example:beer-api-producer-webflux:0.0.1-SNAPSHOT (/home/gabsko/breaking-updates/producer_webflux/pom.xml) has 2 errors
[ERROR]     Unresolveable build extension: Plugin org.springframework.cloud:spring-cloud-contract-maven-plugin:4.0.0-SNAPSHOT or one of its dependencies could not be resolved: Could not find artifact com.example:beer-common:jar:0.0.1-SNAPSHOT in spring-snapshots (https://repo.spring.io/snapshot) -> [Help 2]
[ERROR]     'dependencies.dependency.version' for org.springframework.cloud:spring-cloud-stream:test-jar:test-binder is missing. @ line 48, column 15
[ERROR]   
[ERROR]   The project com.example:beer-api-producer-webflux-webtestclient:0.0.1-SNAPSHOT (/home/gabsko/breaking-updates/producer_webflux_webtestclient/pom.xml) has 3 errors
[ERROR]     Unresolveable build extension: Plugin org.springframework.cloud:spring-cloud-contract-maven-plugin:4.0.0-SNAPSHOT or one of its dependencies could not be resolved: Could not find artifact com.example:beer-common:jar:0.0.1-SNAPSHOT in spring-snapshots (https://repo.spring.io/snapshot) -> [Help 2]
[ERROR]     Non-resolvable import POM: Could not find artifact io.rest-assured:rest-assured-bom:pom:4.4.0 in spring-snapshots (https://repo.spring.io/snapshot) @ org.springframework.boot:spring-boot-dependencies:3.0.0-SNAPSHOT, /home/gabsko/.m2/repository/org/springframework/boot/spring-boot-dependencies/3.0.0-SNAPSHOT/spring-boot-dependencies-3.0.0-SNAPSHOT.pom, line 2274, column 19 -> [Help 3]
[ERROR]     'dependencies.dependency.version' for org.springframework.cloud:spring-cloud-stream:test-jar:test-binder is missing. @ line 55, column 15
[ERROR]   
[ERROR]   The project com.example:beer-api-producer-routerfunction-webtestclient:0.0.1-SNAPSHOT (/home/gabsko/breaking-updates/producer_router_function/pom.xml) has 3 errors
[ERROR]     Unresolveable build extension: Plugin org.springframework.cloud:spring-cloud-contract-maven-plugin:4.0.0-SNAPSHOT or one of its dependencies could not be resolved: Could not find artifact com.example:beer-common:jar:0.0.1-SNAPSHOT in spring-snapshots (https://repo.spring.io/snapshot) -> [Help 2]
[ERROR]     Non-resolvable import POM: Could not find artifact io.rest-assured:rest-assured-bom:pom:4.0.0 in spring-snapshots (https://repo.spring.io/snapshot) @ org.springframework.boot:spring-boot-dependencies:3.0.0-SNAPSHOT, /home/gabsko/.m2/repository/org/springframework/boot/spring-boot-dependencies/3.0.0-SNAPSHOT/spring-boot-dependencies-3.0.0-SNAPSHOT.pom, line 2274, column 19 -> [Help 3]
[ERROR]     'dependencies.dependency.version' for org.springframework.cloud:spring-cloud-stream:test-jar:test-binder is missing. @ line 55, column 15
[ERROR]   
[ERROR]   The project com.example:beer-api-producer-yaml:0.0.1-SNAPSHOT (/home/gabsko/breaking-updates/producer_yaml/pom.xml) has 1 error
[ERROR]     'dependencies.dependency.version' for org.springframework.cloud:spring-cloud-stream:test-jar:test-binder is missing. @ line 48, column 15
[ERROR]   
[ERROR]   The project com.example:beer-api-producer-pact:0.0.1-SNAPSHOT (/home/gabsko/breaking-updates/producer_pact/pom.xml) has 1 error
[ERROR]     'dependencies.dependency.version' for org.springframework.cloud:spring-cloud-stream:test-jar:test-binder is missing. @ line 48, column 15
[ERROR]   
[ERROR]   The project com.example:beer-api-producer-kotlin:0.0.1-SNAPSHOT (/home/gabsko/breaking-updates/producer_kotlin/pom.xml) has 1 error
[ERROR]     'dependencies.dependency.version' for org.springframework.cloud:spring-cloud-stream:test-jar:test-binder is missing. @ line 58, column 15
[ERROR]   
[ERROR]   The project com.example:beer-api-producer-with-stubs-per-consumer:0.0.1-SNAPSHOT (/home/gabsko/breaking-updates/producer_with_stubs_per_consumer/pom.xml) has 2 errors
[ERROR]     Unresolveable build extension: Plugin org.springframework.cloud:spring-cloud-contract-maven-plugin:4.0.0-SNAPSHOT or one of its dependencies could not be resolved: Could not find artifact com.example:beer-common:jar:0.0.1-SNAPSHOT in spring-snapshots (https://repo.spring.io/snapshot) -> [Help 2]
[ERROR]     'dependencies.dependency.version' for org.springframework.cloud:spring-cloud-stream:test-jar:test-binder is missing. @ line 56, column 15
[ERROR]   
[ERROR]   The project com.example:beer-api-producer-git:0.0.1-SNAPSHOT (/home/gabsko/breaking-updates/producer_with_git/pom.xml) has 1 error
[ERROR]     'dependencies.dependency.version' for org.springframework.cloud:spring-cloud-stream:test-jar:test-binder is missing. @ line 56, column 15
[ERROR]   
[ERROR]   The project com.example:beer-api-producer-empty-git:0.0.1-SNAPSHOT (/home/gabsko/breaking-updates/producer_with_empty_git/pom.xml) has 1 error
[ERROR]     'dependencies.dependency.version' for org.springframework.cloud:spring-cloud-stream:test-jar:test-binder is missing. @ line 56, column 15
[ERROR]   
[ERROR]   The project com.example:beer-api-producer-external:0.0.1-SNAPSHOT (/home/gabsko/breaking-updates/producer_with_external_contracts/pom.xml) has 1 error
[ERROR]     'dependencies.dependency.version' for org.springframework.cloud:spring-cloud-stream:test-jar:test-binder is missing. @ line 56, column 15
[ERROR]   
[ERROR]   The project com.example:beer-api-producer-restdocs:0.0.1-SNAPSHOT (/home/gabsko/breaking-updates/producer_with_restdocs/pom.xml) has 1 error
[ERROR]     'dependencies.dependency.version' for org.springframework.cloud:spring-cloud-stream:test-jar:test-binder is missing. @ line 60, column 15
[ERROR]   
[ERROR]   The project com.example:beer-api-producer-webtestclient-restdocs:0.0.1-SNAPSHOT (/home/gabsko/breaking-updates/producer_with_webtestclient_restdocs/pom.xml) has 1 error
[ERROR]     'dependencies.dependency.version' for org.springframework.cloud:spring-cloud-stream:test-jar:test-binder is missing. @ line 60, column 15
[ERROR]   
[ERROR]   The project com.example:beer-api-producer-with-dsl-restdocs:0.0.1-SNAPSHOT (/home/gabsko/breaking-updates/producer_with_dsl_restdocs/pom.xml) has 2 errors
[ERROR]     Unresolveable build extension: Plugin org.springframework.cloud:spring-cloud-contract-maven-plugin:4.0.0-SNAPSHOT or one of its dependencies could not be resolved: com.example:beer-common:jar:0.0.1-SNAPSHOT was not found in https://repo.spring.io/snapshot during a previous attempt. This failure was cached in the local repository and resolution is not reattempted until the update interval of spring-snapshots has elapsed or updates are forced -> [Help 2]
[ERROR]     'dependencies.dependency.version' for org.springframework.cloud:spring-cloud-stream:test-jar:test-binder is missing. @ line 48, column 15
[ERROR]   
[ERROR]   The project com.example:beer-api-producer-with-spock:0.0.1-SNAPSHOT (/home/gabsko/breaking-updates/producer_with_spock/pom.xml) has 2 errors
[ERROR]     Unresolveable build extension: Plugin org.springframework.cloud:spring-cloud-contract-maven-plugin:4.0.0-SNAPSHOT or one of its dependencies could not be resolved: Could not find artifact com.example:beer-common:jar:0.0.1-SNAPSHOT in spring-snapshots (https://repo.spring.io/snapshot) -> [Help 2]
[ERROR]     'dependencies.dependency.version' for org.springframework.cloud:spring-cloud-stream:test-jar:test-binder is missing. @ line 59, column 15
[ERROR]   
[ERROR]   The project com.example:beer-api-producer-junit4:0.0.1-SNAPSHOT (/home/gabsko/breaking-updates/producer_with_junit4/pom.xml) has 2 errors
[ERROR]     Unresolveable build extension: Plugin org.springframework.cloud:spring-cloud-contract-maven-plugin:4.0.0-SNAPSHOT or one of its dependencies could not be resolved: Could not find artifact com.example:beer-common:jar:0.0.1-SNAPSHOT in spring-snapshots (https://repo.spring.io/snapshot) -> [Help 2]
[ERROR]     'dependencies.dependency.version' for org.springframework.cloud:spring-cloud-stream:test-jar:test-binder is missing. @ line 62, column 15
[ERROR]   
[ERROR]   The project com.example:beer-api-producer-xml:0.0.1-SNAPSHOT (/home/gabsko/breaking-updates/producer_with_xml/pom.xml) has 2 errors
[ERROR]     Unresolveable build extension: Plugin org.springframework.cloud:spring-cloud-contract-maven-plugin:4.0.0-SNAPSHOT or one of its dependencies could not be resolved: Could not find artifact com.example:beer-common:jar:0.0.1-SNAPSHOT in spring-snapshots (https://repo.spring.io/snapshot) -> [Help 2]
[ERROR]     'dependencies.dependency.version' for org.springframework.cloud:spring-cloud-stream:test-jar:test-binder is missing. @ line 53, column 15
[ERROR]   
[ERROR]   The project com.example:beer-api-producer-latest-22:0.0.1-SNAPSHOT (/home/gabsko/breaking-updates/producer_with_latest_2_2_features/pom.xml) has 1 error
[ERROR]     'dependencies.dependency.version' for org.springframework.cloud:spring-cloud-stream:test-jar:test-binder is missing. @ line 48, column 15
[ERROR]   
[ERROR]   The project com.example:beer-api-producer-java:0.0.1-SNAPSHOT (/home/gabsko/breaking-updates/producer_java/pom.xml) has 2 errors
[ERROR]     Unresolveable build extension: Plugin org.springframework.cloud:spring-cloud-contract-maven-plugin:4.0.0-SNAPSHOT or one of its dependencies could not be resolved: com.example:beer-common:jar:0.0.1-SNAPSHOT was not found in https://repo.spring.io/snapshot during a previous attempt. This failure was cached in the local repository and resolution is not reattempted until the update interval of spring-snapshots has elapsed or updates are forced -> [Help 2]
[ERROR]     'dependencies.dependency.version' for org.springframework.cloud:spring-cloud-stream:test-jar:test-binder is missing. @ line 48, column 15
[ERROR]   
[ERROR]   The project com.example:beer-api-consumer:0.0.1-SNAPSHOT (/home/gabsko/breaking-updates/consumer/pom.xml) has 1 error
[ERROR]     'dependencies.dependency.version' for org.springframework.cloud:spring-cloud-stream:test-jar:test-binder is missing. @ line 61, column 15
[ERROR]   
[ERROR]   The project com.example:beer-api-consumer-pact-stubrunner:0.0.1-SNAPSHOT (/home/gabsko/breaking-updates/consumer_pact_stubrunner/pom.xml) has 1 error
[ERROR]     'dependencies.dependency.version' for org.springframework.cloud:spring-cloud-contract-pact:jar is missing. @ line 55, column 15
[ERROR]   
[ERROR]   The project com.example:beer-api-consumer-with-stub-per-consumer:0.0.1-SNAPSHOT (/home/gabsko/breaking-updates/consumer_with_stubs_per_consumer/pom.xml) has 1 error
[ERROR]     'dependencies.dependency.version' for org.springframework.cloud:spring-cloud-stream:test-jar:test-binder is missing. @ line 55, column 15
[ERROR]   
[ERROR]   The project com.example:beer-api-consumer-restdocs:0.0.1-SNAPSHOT (/home/gabsko/breaking-updates/consumer_with_restdocs/pom.xml) has 1 error
[ERROR]     'dependencies.dependency.version' for org.springframework.cloud:spring-cloud-stream:test-jar:test-binder is missing. @ line 89, column 15
[ERROR]   
[ERROR]   The project com.example:beer-api-consumer-junit4:0.0.1-SNAPSHOT (/home/gabsko/breaking-updates/consumer_with_junit4/pom.xml) has 1 error
[ERROR]     'dependencies.dependency.version' for org.springframework.cloud:spring-cloud-stream:test-jar:test-binder is missing. @ line 55, column 15
[ERROR]   
[ERROR]   The project com.example:beer-api-consumer-with-latest-22:0.0.1-SNAPSHOT (/home/gabsko/breaking-updates/consumer_with_latest_2_2_features/pom.xml) has 1 error
[ERROR]     'dependencies.dependency.version' for org.springframework.cloud:spring-cloud-stream:test-jar:test-binder is missing. @ line 61, column 15
[ERROR]   
[ERROR]   The project com.example:beer-api-consumer-java:0.0.1-SNAPSHOT (/home/gabsko/breaking-updates/consumer_java/pom.xml) has 1 error
[ERROR]     'dependencies.dependency.version' for org.springframework.cloud:spring-cloud-stream:test-jar:test-binder is missing. @ line 61, column 15
[ERROR]   
[ERROR]   The project com.example:beer-api-consumer-kotlin:0.0.1-SNAPSHOT (/home/gabsko/breaking-updates/consumer_kotlin/pom.xml) has 1 error
[ERROR]     'dependencies.dependency.version' for org.springframework.cloud:spring-cloud-stream:test-jar:test-binder is missing. @ line 61, column 15
[ERROR] 
[ERROR] To see the full stack trace of the errors, re-run Maven with the -e switch.
[ERROR] Re-run Maven using the -X switch to enable full debug logging.
[ERROR] 
[ERROR] For more information about the errors and possible solutions, please read the following articles:
[ERROR] [Help 1] http://cwiki.apache.org/confluence/display/MAVEN/ProjectBuildingException
[ERROR] [Help 2] http://cwiki.apache.org/confluence/display/MAVEN/PluginManagerException
[ERROR] [Help 3] http://cwiki.apache.org/confluence/display/MAVEN/UnresolvableModelException
