[INFO] Scanning for projects...
[INFO] Downloading from central: https://repo.maven.apache.org/maven2/org/eclipse/tycho/tycho-maven-plugin/2.7.5/tycho-maven-plugin-2.7.5.pom
[INFO] Downloaded from central: https://repo.maven.apache.org/maven2/org/eclipse/tycho/tycho-maven-plugin/2.7.5/tycho-maven-plugin-2.7.5.pom (2.1 kB at 16 kB/s)
[INFO] Downloading from central: https://repo.maven.apache.org/maven2/org/eclipse/tycho/tycho-p2-facade/2.7.5/tycho-p2-facade-2.7.5.pom
[INFO] Downloaded from central: https://repo.maven.apache.org/maven2/org/eclipse/tycho/tycho-p2-facade/2.7.5/tycho-p2-facade-2.7.5.pom (2.3 kB at 189 kB/s)
[INFO] Downloading from central: https://repo.maven.apache.org/maven2/org/eclipse/tycho/tycho-p2/2.7.5/tycho-p2-2.7.5.pom
[INFO] Downloaded from central: https://repo.maven.apache.org/maven2/org/eclipse/tycho/tycho-p2/2.7.5/tycho-p2-2.7.5.pom (1.1 kB at 141 kB/s)
[INFO] Downloading from central: https://repo.maven.apache.org/maven2/org/eclipse/tycho/tycho-maven-plugin/2.7.5/tycho-maven-plugin-2.7.5.jar
[INFO] Downloading from central: https://repo.maven.apache.org/maven2/org/eclipse/tycho/tycho-p2-facade/2.7.5/tycho-p2-facade-2.7.5.jar
[INFO] Downloaded from central: https://repo.maven.apache.org/maven2/org/eclipse/tycho/tycho-maven-plugin/2.7.5/tycho-maven-plugin-2.7.5.jar (5.5 kB at 304 kB/s)
[INFO] Downloaded from central: https://repo.maven.apache.org/maven2/org/eclipse/tycho/tycho-p2-facade/2.7.5/tycho-p2-facade-2.7.5.jar (28 kB at 744 kB/s)
[INFO] Downloading from central: https://repo.maven.apache.org/maven2/org/eclipse/tycho/org.eclipse.tycho.p2.resolver.impl/2.7.5/org.eclipse.tycho.p2.resolver.impl-2.7.5.jar
[INFO] Downloaded from central: https://repo.maven.apache.org/maven2/org/eclipse/tycho/org.eclipse.tycho.p2.resolver.impl/2.7.5/org.eclipse.tycho.p2.resolver.impl-2.7.5.jar (297 kB at 6.3 MB/s)
[INFO] Downloading from central: https://repo.maven.apache.org/maven2/org/eclipse/tycho/org.eclipse.tycho.p2.maven.repository/2.7.5/org.eclipse.tycho.p2.maven.repository-2.7.5.jar
[INFO] Downloaded from central: https://repo.maven.apache.org/maven2/org/eclipse/tycho/org.eclipse.tycho.p2.maven.repository/2.7.5/org.eclipse.tycho.p2.maven.repository-2.7.5.jar (167 kB at 9.3 MB/s)
[INFO] Downloading from central: https://repo.maven.apache.org/maven2/org/eclipse/tycho/org.eclipse.tycho.p2.tools.impl/2.7.5/org.eclipse.tycho.p2.tools.impl-2.7.5.jar
[INFO] Downloaded from central: https://repo.maven.apache.org/maven2/org/eclipse/tycho/org.eclipse.tycho.p2.tools.impl/2.7.5/org.eclipse.tycho.p2.tools.impl-2.7.5.jar (65 kB at 3.8 MB/s)
[INFO] Downloading from central: https://repo.maven.apache.org/maven2/org/eclipse/tycho/target-platform-configuration/2.7.5/target-platform-configuration-2.7.5.pom
[INFO] Downloaded from central: https://repo.maven.apache.org/maven2/org/eclipse/tycho/target-platform-configuration/2.7.5/target-platform-configuration-2.7.5.pom (1.7 kB at 155 kB/s)
[INFO] Downloading from central: https://repo.maven.apache.org/maven2/org/eclipse/tycho/target-platform-configuration/2.7.5/target-platform-configuration-2.7.5.jar
[INFO] Downloaded from central: https://repo.maven.apache.org/maven2/org/eclipse/tycho/target-platform-configuration/2.7.5/target-platform-configuration-2.7.5.jar (14 kB at 1.8 MB/s)
[INFO] Downloading from central: https://repo.maven.apache.org/maven2/org/eclipse/tycho/tycho-source-plugin/2.7.5/tycho-source-plugin-2.7.5.pom
[INFO] Downloaded from central: https://repo.maven.apache.org/maven2/org/eclipse/tycho/tycho-source-plugin/2.7.5/tycho-source-plugin-2.7.5.pom (2.9 kB at 317 kB/s)
[INFO] Downloading from central: https://repo.maven.apache.org/maven2/org/eclipse/tycho/tycho-source-plugin/2.7.5/tycho-source-plugin-2.7.5.jar
[INFO] Downloaded from central: https://repo.maven.apache.org/maven2/org/eclipse/tycho/tycho-source-plugin/2.7.5/tycho-source-plugin-2.7.5.jar (40 kB at 3.4 MB/s)
[INFO] Downloading from central: https://repo.maven.apache.org/maven2/org/eclipse/tycho/tycho-packaging-plugin/2.7.5/tycho-packaging-plugin-2.7.5.pom
[INFO] Downloaded from central: https://repo.maven.apache.org/maven2/org/eclipse/tycho/tycho-packaging-plugin/2.7.5/tycho-packaging-plugin-2.7.5.pom (2.5 kB at 361 kB/s)
[INFO] Downloading from central: https://repo.maven.apache.org/maven2/org/eclipse/tycho/tycho-packaging-plugin/2.7.5/tycho-packaging-plugin-2.7.5.jar
[INFO] Downloaded from central: https://repo.maven.apache.org/maven2/org/eclipse/tycho/tycho-packaging-plugin/2.7.5/tycho-packaging-plugin-2.7.5.jar (140 kB at 11 MB/s)
[INFO] Downloading from central: https://repo.maven.apache.org/maven2/org/eclipse/tycho/tycho-p2-plugin/2.7.5/tycho-p2-plugin-2.7.5.pom
[INFO] Downloaded from central: https://repo.maven.apache.org/maven2/org/eclipse/tycho/tycho-p2-plugin/2.7.5/tycho-p2-plugin-2.7.5.pom (2.4 kB at 392 kB/s)
[INFO] Downloading from central: https://repo.maven.apache.org/maven2/org/eclipse/tycho/tycho-p2-plugin/2.7.5/tycho-p2-plugin-2.7.5.jar
[INFO] Downloaded from central: https://repo.maven.apache.org/maven2/org/eclipse/tycho/tycho-p2-plugin/2.7.5/tycho-p2-plugin-2.7.5.jar (30 kB at 3.3 MB/s)
[INFO] Downloading from central: https://repo.maven.apache.org/maven2/org/eclipse/tycho/tycho-artifactcomparator/2.7.5/tycho-artifactcomparator-2.7.5.pom
[INFO] Downloaded from central: https://repo.maven.apache.org/maven2/org/eclipse/tycho/tycho-artifactcomparator/2.7.5/tycho-artifactcomparator-2.7.5.pom (2.2 kB at 270 kB/s)
[INFO] Downloading from central: https://repo.maven.apache.org/maven2/org/eclipse/tycho/tycho-artifactcomparator/2.7.5/tycho-artifactcomparator-2.7.5.jar
[INFO] Downloaded from central: https://repo.maven.apache.org/maven2/org/eclipse/tycho/tycho-artifactcomparator/2.7.5/tycho-artifactcomparator-2.7.5.jar (20 kB at 2.5 MB/s)
[INFO] Downloading from central: https://repo.maven.apache.org/maven2/org/eclipse/tycho/tycho-surefire-plugin/2.7.5/tycho-surefire-plugin-2.7.5.pom
[INFO] Downloaded from central: https://repo.maven.apache.org/maven2/org/eclipse/tycho/tycho-surefire-plugin/2.7.5/tycho-surefire-plugin-2.7.5.pom (8.3 kB at 1.2 MB/s)
[INFO] Downloading from central: https://repo.maven.apache.org/maven2/org/eclipse/tycho/tycho-surefire-plugin/2.7.5/tycho-surefire-plugin-2.7.5.jar
[INFO] Downloaded from central: https://repo.maven.apache.org/maven2/org/eclipse/tycho/tycho-surefire-plugin/2.7.5/tycho-surefire-plugin-2.7.5.jar (88 kB at 6.7 MB/s)
[INFO] Downloading from central: https://repo.maven.apache.org/maven2/org/eclipse/tycho/org.eclipse.tycho.surefire.osgibooter/2.7.5/org.eclipse.tycho.surefire.osgibooter-2.7.5.pom
[INFO] Downloaded from central: https://repo.maven.apache.org/maven2/org/eclipse/tycho/org.eclipse.tycho.surefire.osgibooter/2.7.5/org.eclipse.tycho.surefire.osgibooter-2.7.5.pom (3.5 kB at 582 kB/s)
[INFO] Downloading from central: https://repo.maven.apache.org/maven2/org/eclipse/tycho/org.eclipse.tycho.surefire.junit/2.7.5/org.eclipse.tycho.surefire.junit-2.7.5.pom
[INFO] Downloaded from central: https://repo.maven.apache.org/maven2/org/eclipse/tycho/org.eclipse.tycho.surefire.junit/2.7.5/org.eclipse.tycho.surefire.junit-2.7.5.pom (1.5 kB at 135 kB/s)
[INFO] Downloading from central: https://repo.maven.apache.org/maven2/org/eclipse/tycho/tycho-surefire/2.7.5/tycho-surefire-2.7.5.pom
[INFO] Downloaded from central: https://repo.maven.apache.org/maven2/org/eclipse/tycho/tycho-surefire/2.7.5/tycho-surefire-2.7.5.pom (3.4 kB at 378 kB/s)
[INFO] Downloading from central: https://repo.maven.apache.org/maven2/org/eclipse/tycho/org.eclipse.tycho.surefire.junit4/2.7.5/org.eclipse.tycho.surefire.junit4-2.7.5.pom
[INFO] Downloaded from central: https://repo.maven.apache.org/maven2/org/eclipse/tycho/org.eclipse.tycho.surefire.junit4/2.7.5/org.eclipse.tycho.surefire.junit4-2.7.5.pom (1.5 kB at 165 kB/s)
[INFO] Downloading from central: https://repo.maven.apache.org/maven2/org/eclipse/tycho/org.eclipse.tycho.surefire.junit47/2.7.5/org.eclipse.tycho.surefire.junit47-2.7.5.pom
[INFO] Downloaded from central: https://repo.maven.apache.org/maven2/org/eclipse/tycho/org.eclipse.tycho.surefire.junit47/2.7.5/org.eclipse.tycho.surefire.junit47-2.7.5.pom (1.9 kB at 185 kB/s)
[INFO] Downloading from central: https://repo.maven.apache.org/maven2/org/eclipse/tycho/org.eclipse.tycho.surefire.junit5/2.7.5/org.eclipse.tycho.surefire.junit5-2.7.5.pom
[INFO] Downloaded from central: https://repo.maven.apache.org/maven2/org/eclipse/tycho/org.eclipse.tycho.surefire.junit5/2.7.5/org.eclipse.tycho.surefire.junit5-2.7.5.pom (3.3 kB at 410 kB/s)
[INFO] Downloading from central: https://repo.maven.apache.org/maven2/org/eclipse/tycho/org.eclipse.tycho.surefire.junit54/2.7.5/org.eclipse.tycho.surefire.junit54-2.7.5.pom
[INFO] Downloaded from central: https://repo.maven.apache.org/maven2/org/eclipse/tycho/org.eclipse.tycho.surefire.junit54/2.7.5/org.eclipse.tycho.surefire.junit54-2.7.5.pom (3.3 kB at 412 kB/s)
[INFO] Downloading from central: https://repo.maven.apache.org/maven2/org/eclipse/tycho/org.eclipse.tycho.surefire.junit55/2.7.5/org.eclipse.tycho.surefire.junit55-2.7.5.pom
[INFO] Downloaded from central: https://repo.maven.apache.org/maven2/org/eclipse/tycho/org.eclipse.tycho.surefire.junit55/2.7.5/org.eclipse.tycho.surefire.junit55-2.7.5.pom (3.3 kB at 330 kB/s)
[INFO] Downloading from central: https://repo.maven.apache.org/maven2/org/eclipse/tycho/org.eclipse.tycho.surefire.junit56/2.7.5/org.eclipse.tycho.surefire.junit56-2.7.5.pom
[INFO] Downloaded from central: https://repo.maven.apache.org/maven2/org/eclipse/tycho/org.eclipse.tycho.surefire.junit56/2.7.5/org.eclipse.tycho.surefire.junit56-2.7.5.pom (3.3 kB at 330 kB/s)
[INFO] Downloading from central: https://repo.maven.apache.org/maven2/org/eclipse/tycho/org.eclipse.tycho.surefire.junit57/2.7.5/org.eclipse.tycho.surefire.junit57-2.7.5.pom
[INFO] Downloaded from central: https://repo.maven.apache.org/maven2/org/eclipse/tycho/org.eclipse.tycho.surefire.junit57/2.7.5/org.eclipse.tycho.surefire.junit57-2.7.5.pom (2.9 kB at 368 kB/s)
[INFO] Downloading from central: https://repo.maven.apache.org/maven2/org/eclipse/tycho/org.eclipse.tycho.surefire.junit57withvintage/2.7.5/org.eclipse.tycho.surefire.junit57withvintage-2.7.5.pom
[INFO] Downloaded from central: https://repo.maven.apache.org/maven2/org/eclipse/tycho/org.eclipse.tycho.surefire.junit57withvintage/2.7.5/org.eclipse.tycho.surefire.junit57withvintage-2.7.5.pom (3.4 kB at 420 kB/s)
[INFO] Downloading from central: https://repo.maven.apache.org/maven2/org/eclipse/tycho/org.eclipse.tycho.surefire.junit58/2.7.5/org.eclipse.tycho.surefire.junit58-2.7.5.pom
[INFO] Downloaded from central: https://repo.maven.apache.org/maven2/org/eclipse/tycho/org.eclipse.tycho.surefire.junit58/2.7.5/org.eclipse.tycho.surefire.junit58-2.7.5.pom (2.9 kB at 327 kB/s)
[INFO] Downloading from central: https://repo.maven.apache.org/maven2/org/eclipse/tycho/org.eclipse.tycho.surefire.junit58withvintage/2.7.5/org.eclipse.tycho.surefire.junit58withvintage-2.7.5.pom
[INFO] Downloaded from central: https://repo.maven.apache.org/maven2/org/eclipse/tycho/org.eclipse.tycho.surefire.junit58withvintage/2.7.5/org.eclipse.tycho.surefire.junit58withvintage-2.7.5.pom (3.4 kB at 374 kB/s)
[INFO] Downloading from central: https://repo.maven.apache.org/maven2/org/eclipse/tycho/org.eclipse.tycho.surefire.testng/2.7.5/org.eclipse.tycho.surefire.testng-2.7.5.pom
[INFO] Downloaded from central: https://repo.maven.apache.org/maven2/org/eclipse/tycho/org.eclipse.tycho.surefire.testng/2.7.5/org.eclipse.tycho.surefire.testng-2.7.5.pom (2.1 kB at 296 kB/s)
[INFO] Downloading from central: https://repo.maven.apache.org/maven2/org/eclipse/tycho/org.eclipse.tycho.surefire.osgibooter/2.7.5/org.eclipse.tycho.surefire.osgibooter-2.7.5.jar
[INFO] Downloading from central: https://repo.maven.apache.org/maven2/org/eclipse/tycho/org.eclipse.tycho.surefire.junit/2.7.5/org.eclipse.tycho.surefire.junit-2.7.5.jar
[INFO] Downloading from central: https://repo.maven.apache.org/maven2/org/eclipse/tycho/org.eclipse.tycho.surefire.junit4/2.7.5/org.eclipse.tycho.surefire.junit4-2.7.5.jar
[INFO] Downloading from central: https://repo.maven.apache.org/maven2/org/eclipse/tycho/org.eclipse.tycho.surefire.junit47/2.7.5/org.eclipse.tycho.surefire.junit47-2.7.5.jar
[INFO] Downloading from central: https://repo.maven.apache.org/maven2/org/eclipse/tycho/org.eclipse.tycho.surefire.junit5/2.7.5/org.eclipse.tycho.surefire.junit5-2.7.5.jar
[INFO] Downloaded from central: https://repo.maven.apache.org/maven2/org/eclipse/tycho/org.eclipse.tycho.surefire.junit4/2.7.5/org.eclipse.tycho.surefire.junit4-2.7.5.jar (65 kB at 5.0 MB/s)
[INFO] Downloading from central: https://repo.maven.apache.org/maven2/org/eclipse/tycho/org.eclipse.tycho.surefire.junit54/2.7.5/org.eclipse.tycho.surefire.junit54-2.7.5.jar
[INFO] Downloaded from central: https://repo.maven.apache.org/maven2/org/eclipse/tycho/org.eclipse.tycho.surefire.junit/2.7.5/org.eclipse.tycho.surefire.junit-2.7.5.jar (26 kB at 1.0 MB/s)
[INFO] Downloading from central: https://repo.maven.apache.org/maven2/org/eclipse/tycho/org.eclipse.tycho.surefire.junit55/2.7.5/org.eclipse.tycho.surefire.junit55-2.7.5.jar
[INFO] Downloaded from central: https://repo.maven.apache.org/maven2/org/eclipse/tycho/org.eclipse.tycho.surefire.junit47/2.7.5/org.eclipse.tycho.surefire.junit47-2.7.5.jar (185 kB at 5.8 MB/s)
[INFO] Downloading from central: https://repo.maven.apache.org/maven2/org/eclipse/tycho/org.eclipse.tycho.surefire.junit56/2.7.5/org.eclipse.tycho.surefire.junit56-2.7.5.jar
[INFO] Downloaded from central: https://repo.maven.apache.org/maven2/org/eclipse/tycho/org.eclipse.tycho.surefire.junit54/2.7.5/org.eclipse.tycho.surefire.junit54-2.7.5.jar (616 kB at 14 MB/s)
[INFO] Downloading from central: https://repo.maven.apache.org/maven2/org/eclipse/tycho/org.eclipse.tycho.surefire.junit57/2.7.5/org.eclipse.tycho.surefire.junit57-2.7.5.jar
[INFO] Downloaded from central: https://repo.maven.apache.org/maven2/org/eclipse/tycho/org.eclipse.tycho.surefire.junit5/2.7.5/org.eclipse.tycho.surefire.junit5-2.7.5.jar (425 kB at 9.2 MB/s)
[INFO] Downloading from central: https://repo.maven.apache.org/maven2/org/eclipse/tycho/org.eclipse.tycho.surefire.junit57withvintage/2.7.5/org.eclipse.tycho.surefire.junit57withvintage-2.7.5.jar
[INFO] Downloaded from central: https://repo.maven.apache.org/maven2/org/eclipse/tycho/org.eclipse.tycho.surefire.osgibooter/2.7.5/org.eclipse.tycho.surefire.osgibooter-2.7.5.jar (1.2 MB at 18 MB/s)
[INFO] Downloading from central: https://repo.maven.apache.org/maven2/org/eclipse/tycho/org.eclipse.tycho.surefire.junit58/2.7.5/org.eclipse.tycho.surefire.junit58-2.7.5.jar
[INFO] Downloaded from central: https://repo.maven.apache.org/maven2/org/eclipse/tycho/org.eclipse.tycho.surefire.junit55/2.7.5/org.eclipse.tycho.surefire.junit55-2.7.5.jar (680 kB at 9.6 MB/s)
[INFO] Downloading from central: https://repo.maven.apache.org/maven2/org/eclipse/tycho/org.eclipse.tycho.surefire.junit58withvintage/2.7.5/org.eclipse.tycho.surefire.junit58withvintage-2.7.5.jar
[INFO] Downloaded from central: https://repo.maven.apache.org/maven2/org/eclipse/tycho/org.eclipse.tycho.surefire.junit56/2.7.5/org.eclipse.tycho.surefire.junit56-2.7.5.jar (706 kB at 9.8 MB/s)
[INFO] Downloading from central: https://repo.maven.apache.org/maven2/org/eclipse/tycho/org.eclipse.tycho.surefire.testng/2.7.5/org.eclipse.tycho.surefire.testng-2.7.5.jar
[INFO] Downloaded from central: https://repo.maven.apache.org/maven2/org/eclipse/tycho/org.eclipse.tycho.surefire.junit57/2.7.5/org.eclipse.tycho.surefire.junit57-2.7.5.jar (672 kB at 8.6 MB/s)
[INFO] Downloaded from central: https://repo.maven.apache.org/maven2/org/eclipse/tycho/org.eclipse.tycho.surefire.testng/2.7.5/org.eclipse.tycho.surefire.testng-2.7.5.jar (111 kB at 1.3 MB/s)
[INFO] Downloaded from central: https://repo.maven.apache.org/maven2/org/eclipse/tycho/org.eclipse.tycho.surefire.junit57withvintage/2.7.5/org.eclipse.tycho.surefire.junit57withvintage-2.7.5.jar (736 kB at 8.6 MB/s)
[INFO] Downloaded from central: https://repo.maven.apache.org/maven2/org/eclipse/tycho/org.eclipse.tycho.surefire.junit58/2.7.5/org.eclipse.tycho.surefire.junit58-2.7.5.jar (716 kB at 7.6 MB/s)
[INFO] Downloaded from central: https://repo.maven.apache.org/maven2/org/eclipse/tycho/org.eclipse.tycho.surefire.junit58withvintage/2.7.5/org.eclipse.tycho.surefire.junit58withvintage-2.7.5.jar (782 kB at 7.4 MB/s)
[INFO] Downloading from central: https://repo.maven.apache.org/maven2/org/eclipse/tycho/tycho-compiler-plugin/2.7.5/tycho-compiler-plugin-2.7.5.pom
[INFO] Downloaded from central: https://repo.maven.apache.org/maven2/org/eclipse/tycho/tycho-compiler-plugin/2.7.5/tycho-compiler-plugin-2.7.5.pom (2.5 kB at 253 kB/s)
[INFO] Downloading from central: https://repo.maven.apache.org/maven2/org/eclipse/tycho/tycho-compiler-plugin/2.7.5/tycho-compiler-plugin-2.7.5.jar
[INFO] Downloaded from central: https://repo.maven.apache.org/maven2/org/eclipse/tycho/tycho-compiler-plugin/2.7.5/tycho-compiler-plugin-2.7.5.jar (45 kB at 3.8 MB/s)
[INFO] Downloading from central: https://repo.maven.apache.org/maven2/org/eclipse/tycho/tycho-ds-plugin/2.7.5/tycho-ds-plugin-2.7.5.pom
[INFO] Downloaded from central: https://repo.maven.apache.org/maven2/org/eclipse/tycho/tycho-ds-plugin/2.7.5/tycho-ds-plugin-2.7.5.pom (1.4 kB at 200 kB/s)
[INFO] Downloading from central: https://repo.maven.apache.org/maven2/org/eclipse/tycho/tycho-ds-plugin/2.7.5/tycho-ds-plugin-2.7.5.jar
[INFO] Downloaded from central: https://repo.maven.apache.org/maven2/org/eclipse/tycho/tycho-ds-plugin/2.7.5/tycho-ds-plugin-2.7.5.jar (8.9 kB at 1.3 MB/s)
[INFO] Downloading from central: https://repo.maven.apache.org/maven2/org/eclipse/tycho/tycho-p2-director-plugin/2.7.5/tycho-p2-director-plugin-2.7.5.pom
[INFO] Downloaded from central: https://repo.maven.apache.org/maven2/org/eclipse/tycho/tycho-p2-director-plugin/2.7.5/tycho-p2-director-plugin-2.7.5.pom (2.9 kB at 477 kB/s)
[INFO] Downloading from central: https://repo.maven.apache.org/maven2/org/eclipse/tycho/tycho-p2-director-plugin/2.7.5/tycho-p2-director-plugin-2.7.5.jar
[INFO] Downloaded from central: https://repo.maven.apache.org/maven2/org/eclipse/tycho/tycho-p2-director-plugin/2.7.5/tycho-p2-director-plugin-2.7.5.jar (46 kB at 5.1 MB/s)
[INFO] Downloading from central: https://repo.maven.apache.org/maven2/org/eclipse/tycho/tycho-p2-repository-plugin/2.7.5/tycho-p2-repository-plugin-2.7.5.pom
[INFO] Downloaded from central: https://repo.maven.apache.org/maven2/org/eclipse/tycho/tycho-p2-repository-plugin/2.7.5/tycho-p2-repository-plugin-2.7.5.pom (1.8 kB at 306 kB/s)
[INFO] Downloading from central: https://repo.maven.apache.org/maven2/org/eclipse/tycho/tycho-p2-repository-plugin/2.7.5/tycho-p2-repository-plugin-2.7.5.jar
[INFO] Downloaded from central: https://repo.maven.apache.org/maven2/org/eclipse/tycho/tycho-p2-repository-plugin/2.7.5/tycho-p2-repository-plugin-2.7.5.jar (37 kB at 5.3 MB/s)
[INFO] Downloading from central: https://repo.maven.apache.org/maven2/org/eclipse/tycho/tycho-p2-publisher-plugin/2.7.5/tycho-p2-publisher-plugin-2.7.5.pom
[INFO] Downloaded from central: https://repo.maven.apache.org/maven2/org/eclipse/tycho/tycho-p2-publisher-plugin/2.7.5/tycho-p2-publisher-plugin-2.7.5.pom (1.9 kB at 277 kB/s)
[INFO] Downloading from central: https://repo.maven.apache.org/maven2/org/eclipse/tycho/tycho-p2-publisher-plugin/2.7.5/tycho-p2-publisher-plugin-2.7.5.jar
[INFO] Downloaded from central: https://repo.maven.apache.org/maven2/org/eclipse/tycho/tycho-p2-publisher-plugin/2.7.5/tycho-p2-publisher-plugin-2.7.5.jar (22 kB at 3.6 MB/s)
[INFO] Resolving target definition file:/home/gabsko/breaking-updates/target-platform/target-platform.target for environments=[win32/win32/x86_64, linux/gtk/x86_64, linux/gtk/aarch64, macosx/cocoa/x86_64, macosx/cocoa/aarch64], include source mode=honor, execution environment=StandardEEResolutionHints [executionEnvironment=OSGi profile 'JavaSE-11' { source level: 11, target level: 11}], remote p2 repository options=org.eclipse.tycho.p2.remote.RemoteAgent@11ca8f71...
SLF4J: Failed to load class "org.slf4j.impl.StaticLoggerBinder".
SLF4J: Defaulting to no-operation (NOP) logger implementation
SLF4J: See http://www.slf4j.org/codes.html#StaticLoggerBinder for further details.
[INFO] Resolving MavenDependencyRoots = [GroupId = com.fasterxml.jackson.core, ArtifactId = jackson-annotations, Version = 2.13.4, ArtifactType = jar, IncludeDependencyScope = , GroupId = com.fasterxml.jackson.core, ArtifactId = jackson-core, Version = 2.13.4, ArtifactType = jar, IncludeDependencyScope = , GroupId = com.fasterxml.jackson.core, ArtifactId = jackson-databind, Version = 2.13.4, ArtifactType = jar, IncludeDependencyScope = , GroupId = org.apache.commons, ArtifactId = commons-lang3, Version = 3.12.0, ArtifactType = jar, IncludeDependencyScope = , GroupId = org.mockito, ArtifactId = mockito-inline, Version = 4.5.1, ArtifactType = jar, IncludeDependencyScope = , GroupId = org.mockito, ArtifactId = mockito-junit-jupiter, Version = 4.5.1, ArtifactType = jar, IncludeDependencyScope = , GroupId = org.objenesis, ArtifactId = objenesis, Version = 3.1, ArtifactType = jar, IncludeDependencyScope = ], IncludeDependencyScope = [compile], MissingManifestStrategy = GENERATE, IncludeSource = true...
[INFO] Downloading from central: https://repo.maven.apache.org/maven2/com/fasterxml/jackson/core/jackson-databind/2.13.4/jackson-databind-2.13.4-sources.jar
[INFO] Downloaded from central: https://repo.maven.apache.org/maven2/com/fasterxml/jackson/core/jackson-databind/2.13.4/jackson-databind-2.13.4-sources.jar (1.1 MB at 16 MB/s)
[INFO] org.mockito:mockito-inline:4.5.1 is wrapped as a bundle with bundle symbolic name wrapped.org.mockito.mockito-inline
[INFO] The artifact can be referenced in feature files with the following data: <plugin id="wrapped.org.mockito.mockito-inline" version=" 4.5.1" download-size="0" install-size="0" unpack="false"/>
[ERROR] org.eclipse.lsp4e.debug 0.15.0.202211181112 requires Execution Environment that matches (&(osgi.ee=JavaSE)(version=17)) but the current resolution context uses [a.jre.javase 11.0.0]
[ERROR] Cannot resolve target definition:
[ERROR]   Software being installed: org.eclipse.lsp4e.debug 0.15.0.202211181112
[ERROR]   Missing requirement: org.eclipse.lsp4e.debug 0.15.0.202211181112 requires 'osgi.ee; (&(osgi.ee=JavaSE)(version=17))' but it could not be found
[ERROR] 
[ERROR] Failed to resolve target definition file:/home/gabsko/breaking-updates/target-platform/target-platform.target: See log for details -> [Help 1]
[ERROR] 
[ERROR] To see the full stack trace of the errors, re-run Maven with the -e switch.
[ERROR] Re-run Maven using the -X switch to enable full debug logging.
[ERROR] 
[ERROR] For more information about the errors and possible solutions, please read the following articles:
[ERROR] [Help 1] http://cwiki.apache.org/confluence/display/MAVEN/MavenExecutionException
