[INFO] Scanning for projects...
[WARNING] 
[WARNING] Some problems were encountered while building the effective model for org.inria.sacha.automaticRepair:astor:jar:2.0.0
[WARNING] 'build.plugins.plugin.(groupId:artifactId)' must be unique but found duplicate declaration of plugin org.apache.maven.plugins:maven-surefire-plugin @ line 344, column 12
[WARNING] 'build.plugins.plugin.version' for org.codehaus.mojo:build-helper-maven-plugin is missing. @ line 319, column 12
[WARNING] 'repositories.repository.id' must not contain any of these characters \/:"<>|?* but found / @ line 194, column 8
[WARNING] 
[WARNING] It is highly recommended to fix these problems because they threaten the stability of your build.
[WARNING] 
[WARNING] For this reason, future Maven versions might no longer support building such malformed projects.
[WARNING] 
[INFO] 
[INFO] ---------------< org.inria.sacha.automaticRepair:astor >----------------
[INFO] Building ASTOR 2.0.0
[INFO] --------------------------------[ jar ]---------------------------------
[INFO] Downloading from central: https://repo.maven.apache.org/maven2/org/apache/maven/plugins/maven-compiler-plugin/3.0/maven-compiler-plugin-3.0.pom
[INFO] Downloaded from central: https://repo.maven.apache.org/maven2/org/apache/maven/plugins/maven-compiler-plugin/3.0/maven-compiler-plugin-3.0.pom (9.9 kB at 46 kB/s)
[INFO] Downloading from central: https://repo.maven.apache.org/maven2/org/apache/maven/plugins/maven-compiler-plugin/3.0/maven-compiler-plugin-3.0.jar
[INFO] Downloaded from central: https://repo.maven.apache.org/maven2/org/apache/maven/plugins/maven-compiler-plugin/3.0/maven-compiler-plugin-3.0.jar (41 kB at 2.0 MB/s)
[INFO] Downloading from sonatype-snapshots: https://oss.sonatype.org/content/repositories/snapshots/com/github/spoonlabs/flacoco/1.0.3/flacoco-1.0.3.pom
[INFO] Downloading from spoon-snapshot: https://repository.ow2.org/nexus/content/repositories/snapshots/com/github/spoonlabs/flacoco/1.0.3/flacoco-1.0.3.pom
[INFO] Downloading from tdurieux.github.io/maven-repository/snapshots/: https://tdurieux.github.io/maven-repository/snapshots/com/github/spoonlabs/flacoco/1.0.3/flacoco-1.0.3.pom
[INFO] Downloading from central: https://repo.maven.apache.org/maven2/com/github/spoonlabs/flacoco/1.0.3/flacoco-1.0.3.pom
[INFO] Downloaded from central: https://repo.maven.apache.org/maven2/com/github/spoonlabs/flacoco/1.0.3/flacoco-1.0.3.pom (10 kB at 44 kB/s)
[INFO] Downloading from sonatype-snapshots: https://oss.sonatype.org/content/repositories/snapshots/eu/stamp-project/test-runner/4.8/test-runner-4.8.pom
[INFO] Downloading from spoon-snapshot: https://repository.ow2.org/nexus/content/repositories/snapshots/eu/stamp-project/test-runner/4.8/test-runner-4.8.pom
[INFO] Downloading from tdurieux.github.io/maven-repository/snapshots/: https://tdurieux.github.io/maven-repository/snapshots/eu/stamp-project/test-runner/4.8/test-runner-4.8.pom
[INFO] Downloading from central: https://repo.maven.apache.org/maven2/eu/stamp-project/test-runner/4.8/test-runner-4.8.pom
[INFO] Downloaded from central: https://repo.maven.apache.org/maven2/eu/stamp-project/test-runner/4.8/test-runner-4.8.pom (14 kB at 40 kB/s)
[INFO] Downloading from sonatype-snapshots: https://oss.sonatype.org/content/repositories/snapshots/fr/inria/gforge/spoon/spoon-core/8.3.0-beta-8/spoon-core-8.3.0-beta-8.pom
[INFO] Downloading from spoon-snapshot: https://repository.ow2.org/nexus/content/repositories/snapshots/fr/inria/gforge/spoon/spoon-core/8.3.0-beta-8/spoon-core-8.3.0-beta-8.pom
[INFO] Downloading from tdurieux.github.io/maven-repository/snapshots/: https://tdurieux.github.io/maven-repository/snapshots/fr/inria/gforge/spoon/spoon-core/8.3.0-beta-8/spoon-core-8.3.0-beta-8.pom
[INFO] Downloading from central: https://repo.maven.apache.org/maven2/fr/inria/gforge/spoon/spoon-core/8.3.0-beta-8/spoon-core-8.3.0-beta-8.pom
[INFO] Downloaded from central: https://repo.maven.apache.org/maven2/fr/inria/gforge/spoon/spoon-core/8.3.0-beta-8/spoon-core-8.3.0-beta-8.pom (8.2 kB at 15 kB/s)
[INFO] Downloading from sonatype-snapshots: https://oss.sonatype.org/content/repositories/snapshots/fr/inria/gforge/spoon/spoon-pom/1.0/spoon-pom-1.0.pom
[INFO] Downloading from spoon-snapshot: https://repository.ow2.org/nexus/content/repositories/snapshots/fr/inria/gforge/spoon/spoon-pom/1.0/spoon-pom-1.0.pom
[INFO] Downloading from tdurieux.github.io/maven-repository/snapshots/: https://tdurieux.github.io/maven-repository/snapshots/fr/inria/gforge/spoon/spoon-pom/1.0/spoon-pom-1.0.pom
[INFO] Downloading from central: https://repo.maven.apache.org/maven2/fr/inria/gforge/spoon/spoon-pom/1.0/spoon-pom-1.0.pom
[INFO] Downloaded from central: https://repo.maven.apache.org/maven2/fr/inria/gforge/spoon/spoon-pom/1.0/spoon-pom-1.0.pom (21 kB at 1.5 MB/s)
[INFO] Downloading from sonatype-snapshots: https://oss.sonatype.org/content/repositories/snapshots/com/martiansoftware/jsap/2.1/jsap-2.1.pom
[INFO] Downloading from spoon-snapshot: https://repository.ow2.org/nexus/content/repositories/snapshots/com/martiansoftware/jsap/2.1/jsap-2.1.pom
[INFO] Downloading from tdurieux.github.io/maven-repository/snapshots/: https://tdurieux.github.io/maven-repository/snapshots/com/martiansoftware/jsap/2.1/jsap-2.1.pom
[INFO] Downloading from central: https://repo.maven.apache.org/maven2/com/martiansoftware/jsap/2.1/jsap-2.1.pom
[INFO] Downloaded from central: https://repo.maven.apache.org/maven2/com/martiansoftware/jsap/2.1/jsap-2.1.pom (815 B at 48 kB/s)
[INFO] Downloading from sonatype-snapshots: https://oss.sonatype.org/content/repositories/snapshots/eu/stamp-project/descartes/1.2.4/descartes-1.2.4.pom
[INFO] Downloading from spoon-snapshot: https://repository.ow2.org/nexus/content/repositories/snapshots/eu/stamp-project/descartes/1.2.4/descartes-1.2.4.pom
[INFO] Downloading from tdurieux.github.io/maven-repository/snapshots/: https://tdurieux.github.io/maven-repository/snapshots/eu/stamp-project/descartes/1.2.4/descartes-1.2.4.pom
[INFO] Downloading from central: https://repo.maven.apache.org/maven2/eu/stamp-project/descartes/1.2.4/descartes-1.2.4.pom
[INFO] Downloaded from central: https://repo.maven.apache.org/maven2/eu/stamp-project/descartes/1.2.4/descartes-1.2.4.pom (10 kB at 82 kB/s)
[INFO] Downloading from sonatype-snapshots: https://oss.sonatype.org/content/repositories/snapshots/org/pitest/pitest-entry/1.6.7/pitest-entry-1.6.7.pom
[INFO] Downloading from spoon-snapshot: https://repository.ow2.org/nexus/content/repositories/snapshots/org/pitest/pitest-entry/1.6.7/pitest-entry-1.6.7.pom
[INFO] Downloading from tdurieux.github.io/maven-repository/snapshots/: https://tdurieux.github.io/maven-repository/snapshots/org/pitest/pitest-entry/1.6.7/pitest-entry-1.6.7.pom
[INFO] Downloading from central: https://repo.maven.apache.org/maven2/org/pitest/pitest-entry/1.6.7/pitest-entry-1.6.7.pom
[INFO] Downloaded from central: https://repo.maven.apache.org/maven2/org/pitest/pitest-entry/1.6.7/pitest-entry-1.6.7.pom (7.3 kB at 72 kB/s)
[INFO] Downloading from sonatype-snapshots: https://oss.sonatype.org/content/repositories/snapshots/org/pitest/pitest-parent/1.6.7/pitest-parent-1.6.7.pom
[INFO] Downloading from spoon-snapshot: https://repository.ow2.org/nexus/content/repositories/snapshots/org/pitest/pitest-parent/1.6.7/pitest-parent-1.6.7.pom
[INFO] Downloading from tdurieux.github.io/maven-repository/snapshots/: https://tdurieux.github.io/maven-repository/snapshots/org/pitest/pitest-parent/1.6.7/pitest-parent-1.6.7.pom
[INFO] Downloading from central: https://repo.maven.apache.org/maven2/org/pitest/pitest-parent/1.6.7/pitest-parent-1.6.7.pom
[INFO] Downloaded from central: https://repo.maven.apache.org/maven2/org/pitest/pitest-parent/1.6.7/pitest-parent-1.6.7.pom (14 kB at 74 kB/s)
[INFO] Downloading from sonatype-snapshots: https://oss.sonatype.org/content/repositories/snapshots/org/pitest/pitest/1.6.7/pitest-1.6.7.pom
[INFO] Downloading from spoon-snapshot: https://repository.ow2.org/nexus/content/repositories/snapshots/org/pitest/pitest/1.6.7/pitest-1.6.7.pom
[INFO] Downloading from tdurieux.github.io/maven-repository/snapshots/: https://tdurieux.github.io/maven-repository/snapshots/org/pitest/pitest/1.6.7/pitest-1.6.7.pom
[INFO] Downloading from central: https://repo.maven.apache.org/maven2/org/pitest/pitest/1.6.7/pitest-1.6.7.pom
[INFO] Downloaded from central: https://repo.maven.apache.org/maven2/org/pitest/pitest/1.6.7/pitest-1.6.7.pom (8.4 kB at 84 kB/s)
[INFO] Downloading from sonatype-snapshots: https://oss.sonatype.org/content/repositories/snapshots/org/pitest/pitest-junit5-plugin/0.8/pitest-junit5-plugin-0.8.pom
[INFO] Downloading from spoon-snapshot: https://repository.ow2.org/nexus/content/repositories/snapshots/org/pitest/pitest-junit5-plugin/0.8/pitest-junit5-plugin-0.8.pom
[INFO] Downloading from tdurieux.github.io/maven-repository/snapshots/: https://tdurieux.github.io/maven-repository/snapshots/org/pitest/pitest-junit5-plugin/0.8/pitest-junit5-plugin-0.8.pom
[INFO] Downloading from central: https://repo.maven.apache.org/maven2/org/pitest/pitest-junit5-plugin/0.8/pitest-junit5-plugin-0.8.pom
[INFO] Downloaded from central: https://repo.maven.apache.org/maven2/org/pitest/pitest-junit5-plugin/0.8/pitest-junit5-plugin-0.8.pom (6.3 kB at 634 kB/s)
[INFO] Downloading from sonatype-snapshots: https://oss.sonatype.org/content/repositories/snapshots/fr/inria/gforge/spoon/spoon-core/9.2.0-beta-1/spoon-core-9.2.0-beta-1.pom
[INFO] Downloading from spoon-snapshot: https://repository.ow2.org/nexus/content/repositories/snapshots/fr/inria/gforge/spoon/spoon-core/9.2.0-beta-1/spoon-core-9.2.0-beta-1.pom
[INFO] Downloading from tdurieux.github.io/maven-repository/snapshots/: https://tdurieux.github.io/maven-repository/snapshots/fr/inria/gforge/spoon/spoon-core/9.2.0-beta-1/spoon-core-9.2.0-beta-1.pom
[INFO] Downloading from central: https://repo.maven.apache.org/maven2/fr/inria/gforge/spoon/spoon-core/9.2.0-beta-1/spoon-core-9.2.0-beta-1.pom
[INFO] Downloaded from central: https://repo.maven.apache.org/maven2/fr/inria/gforge/spoon/spoon-core/9.2.0-beta-1/spoon-core-9.2.0-beta-1.pom (11 kB at 54 kB/s)
[INFO] Downloading from sonatype-snapshots: https://oss.sonatype.org/content/repositories/snapshots/net/sf/supercsv/super-csv/2.4.0/super-csv-2.4.0.pom
[INFO] Downloading from spoon-snapshot: https://repository.ow2.org/nexus/content/repositories/snapshots/net/sf/supercsv/super-csv/2.4.0/super-csv-2.4.0.pom
[INFO] Downloading from tdurieux.github.io/maven-repository/snapshots/: https://tdurieux.github.io/maven-repository/snapshots/net/sf/supercsv/super-csv/2.4.0/super-csv-2.4.0.pom
[INFO] Downloading from central: https://repo.maven.apache.org/maven2/net/sf/supercsv/super-csv/2.4.0/super-csv-2.4.0.pom
[INFO] Downloaded from central: https://repo.maven.apache.org/maven2/net/sf/supercsv/super-csv/2.4.0/super-csv-2.4.0.pom (2.6 kB at 320 kB/s)
[INFO] Downloading from sonatype-snapshots: https://oss.sonatype.org/content/repositories/snapshots/net/sf/supercsv/super-csv-parent/2.4.0/super-csv-parent-2.4.0.pom
[INFO] Downloading from spoon-snapshot: https://repository.ow2.org/nexus/content/repositories/snapshots/net/sf/supercsv/super-csv-parent/2.4.0/super-csv-parent-2.4.0.pom
[INFO] Downloading from tdurieux.github.io/maven-repository/snapshots/: https://tdurieux.github.io/maven-repository/snapshots/net/sf/supercsv/super-csv-parent/2.4.0/super-csv-parent-2.4.0.pom
[INFO] Downloading from central: https://repo.maven.apache.org/maven2/net/sf/supercsv/super-csv-parent/2.4.0/super-csv-parent-2.4.0.pom
[INFO] Downloaded from central: https://repo.maven.apache.org/maven2/net/sf/supercsv/super-csv-parent/2.4.0/super-csv-parent-2.4.0.pom (16 kB at 1.9 MB/s)
[INFO] Downloading from sonatype-snapshots: https://oss.sonatype.org/content/repositories/snapshots/com/gzoltar/com.gzoltar.cli/1.7.3/com.gzoltar.cli-1.7.3.pom
[INFO] Downloading from spoon-snapshot: https://repository.ow2.org/nexus/content/repositories/snapshots/com/gzoltar/com.gzoltar.cli/1.7.3/com.gzoltar.cli-1.7.3.pom
[INFO] Downloading from tdurieux.github.io/maven-repository/snapshots/: https://tdurieux.github.io/maven-repository/snapshots/com/gzoltar/com.gzoltar.cli/1.7.3/com.gzoltar.cli-1.7.3.pom
[INFO] Downloading from central: https://repo.maven.apache.org/maven2/com/gzoltar/com.gzoltar.cli/1.7.3/com.gzoltar.cli-1.7.3.pom
[INFO] Downloaded from central: https://repo.maven.apache.org/maven2/com/gzoltar/com.gzoltar.cli/1.7.3/com.gzoltar.cli-1.7.3.pom (6.3 kB at 33 kB/s)
[INFO] Downloading from sonatype-snapshots: https://oss.sonatype.org/content/repositories/snapshots/com/gzoltar/com.gzoltar.build/1.7.3/com.gzoltar.build-1.7.3.pom
[INFO] Downloading from spoon-snapshot: https://repository.ow2.org/nexus/content/repositories/snapshots/com/gzoltar/com.gzoltar.build/1.7.3/com.gzoltar.build-1.7.3.pom
[INFO] Downloading from tdurieux.github.io/maven-repository/snapshots/: https://tdurieux.github.io/maven-repository/snapshots/com/gzoltar/com.gzoltar.build/1.7.3/com.gzoltar.build-1.7.3.pom
[INFO] Downloading from central: https://repo.maven.apache.org/maven2/com/gzoltar/com.gzoltar.build/1.7.3/com.gzoltar.build-1.7.3.pom
[INFO] Downloaded from central: https://repo.maven.apache.org/maven2/com/gzoltar/com.gzoltar.build/1.7.3/com.gzoltar.build-1.7.3.pom (18 kB at 52 kB/s)
[INFO] Downloading from sonatype-snapshots: https://oss.sonatype.org/content/repositories/snapshots/com/gzoltar/com.gzoltar.agent/1.7.3/com.gzoltar.agent-1.7.3.pom
[INFO] Downloading from spoon-snapshot: https://repository.ow2.org/nexus/content/repositories/snapshots/com/gzoltar/com.gzoltar.agent/1.7.3/com.gzoltar.agent-1.7.3.pom
[INFO] Downloading from tdurieux.github.io/maven-repository/snapshots/: https://tdurieux.github.io/maven-repository/snapshots/com/gzoltar/com.gzoltar.agent/1.7.3/com.gzoltar.agent-1.7.3.pom
[INFO] Downloading from central: https://repo.maven.apache.org/maven2/com/gzoltar/com.gzoltar.agent/1.7.3/com.gzoltar.agent-1.7.3.pom
[INFO] Downloaded from central: https://repo.maven.apache.org/maven2/com/gzoltar/com.gzoltar.agent/1.7.3/com.gzoltar.agent-1.7.3.pom (3.9 kB at 39 kB/s)
[INFO] Downloading from sonatype-snapshots: https://oss.sonatype.org/content/repositories/snapshots/com/gzoltar/com.gzoltar.core/1.7.3/com.gzoltar.core-1.7.3.pom
[INFO] Downloading from spoon-snapshot: https://repository.ow2.org/nexus/content/repositories/snapshots/com/gzoltar/com.gzoltar.core/1.7.3/com.gzoltar.core-1.7.3.pom
[INFO] Downloading from tdurieux.github.io/maven-repository/snapshots/: https://tdurieux.github.io/maven-repository/snapshots/com/gzoltar/com.gzoltar.core/1.7.3/com.gzoltar.core-1.7.3.pom
[INFO] Downloading from central: https://repo.maven.apache.org/maven2/com/gzoltar/com.gzoltar.core/1.7.3/com.gzoltar.core-1.7.3.pom
[INFO] Downloaded from central: https://repo.maven.apache.org/maven2/com/gzoltar/com.gzoltar.core/1.7.3/com.gzoltar.core-1.7.3.pom (2.7 kB at 15 kB/s)
[INFO] Downloading from sonatype-snapshots: https://oss.sonatype.org/content/repositories/snapshots/com/gzoltar/com.gzoltar.fl/1.7.3/com.gzoltar.fl-1.7.3.pom
[INFO] Downloading from spoon-snapshot: https://repository.ow2.org/nexus/content/repositories/snapshots/com/gzoltar/com.gzoltar.fl/1.7.3/com.gzoltar.fl-1.7.3.pom
[INFO] Downloading from tdurieux.github.io/maven-repository/snapshots/: https://tdurieux.github.io/maven-repository/snapshots/com/gzoltar/com.gzoltar.fl/1.7.3/com.gzoltar.fl-1.7.3.pom
[INFO] Downloading from central: https://repo.maven.apache.org/maven2/com/gzoltar/com.gzoltar.fl/1.7.3/com.gzoltar.fl-1.7.3.pom
[INFO] Downloaded from central: https://repo.maven.apache.org/maven2/com/gzoltar/com.gzoltar.fl/1.7.3/com.gzoltar.fl-1.7.3.pom (2.0 kB at 10 kB/s)
[INFO] Downloading from sonatype-snapshots: https://oss.sonatype.org/content/repositories/snapshots/com/gzoltar/com.gzoltar.report/1.7.3/com.gzoltar.report-1.7.3.pom
[INFO] Downloading from spoon-snapshot: https://repository.ow2.org/nexus/content/repositories/snapshots/com/gzoltar/com.gzoltar.report/1.7.3/com.gzoltar.report-1.7.3.pom
[INFO] Downloading from tdurieux.github.io/maven-repository/snapshots/: https://tdurieux.github.io/maven-repository/snapshots/com/gzoltar/com.gzoltar.report/1.7.3/com.gzoltar.report-1.7.3.pom
[INFO] Downloading from central: https://repo.maven.apache.org/maven2/com/gzoltar/com.gzoltar.report/1.7.3/com.gzoltar.report-1.7.3.pom
[INFO] Downloaded from central: https://repo.maven.apache.org/maven2/com/gzoltar/com.gzoltar.report/1.7.3/com.gzoltar.report-1.7.3.pom (2.1 kB at 11 kB/s)
[INFO] Downloading from sonatype-snapshots: https://oss.sonatype.org/content/repositories/snapshots/com/gzoltar/gzoltar/0.1.1/gzoltar-0.1.1.pom
[INFO] Downloading from spoon-snapshot: https://repository.ow2.org/nexus/content/repositories/snapshots/com/gzoltar/gzoltar/0.1.1/gzoltar-0.1.1.pom
[INFO] Downloading from tdurieux.github.io/maven-repository/snapshots/: https://tdurieux.github.io/maven-repository/snapshots/com/gzoltar/gzoltar/0.1.1/gzoltar-0.1.1.pom
[INFO] Downloading from central: https://repo.maven.apache.org/maven2/com/gzoltar/gzoltar/0.1.1/gzoltar-0.1.1.pom
[INFO] Downloading from sonatype-snapshots: https://oss.sonatype.org/content/repositories/snapshots/fil/iagl/cocospoon/CocoSpoon/1.0.0-SNAPSHOT/maven-metadata.xml
[INFO] Downloading from maven-default-http-blocker: http://0.0.0.0/fil/iagl/cocospoon/CocoSpoon/1.0.0-SNAPSHOT/maven-metadata.xml
[INFO] Downloading from tdurieux.github.io/maven-repository/snapshots/: https://tdurieux.github.io/maven-repository/snapshots/fil/iagl/cocospoon/CocoSpoon/1.0.0-SNAPSHOT/maven-metadata.xml
[INFO] Downloading from spoon-snapshot: https://repository.ow2.org/nexus/content/repositories/snapshots/fil/iagl/cocospoon/CocoSpoon/1.0.0-SNAPSHOT/maven-metadata.xml
[INFO] Downloaded from tdurieux.github.io/maven-repository/snapshots/: https://tdurieux.github.io/maven-repository/snapshots/fil/iagl/cocospoon/CocoSpoon/1.0.0-SNAPSHOT/maven-metadata.xml (1.0 kB at 1.6 kB/s)
[INFO] Downloading from sonatype-snapshots: https://oss.sonatype.org/content/repositories/snapshots/fil/iagl/cocospoon/CocoSpoon/1.0.0-SNAPSHOT/CocoSpoon-1.0.0-20190408.122227-1.pom
[INFO] Downloading from spoon-snapshot: https://repository.ow2.org/nexus/content/repositories/snapshots/fil/iagl/cocospoon/CocoSpoon/1.0.0-SNAPSHOT/CocoSpoon-1.0.0-20190408.122227-1.pom
[INFO] Downloading from tdurieux.github.io/maven-repository/snapshots/: https://tdurieux.github.io/maven-repository/snapshots/fil/iagl/cocospoon/CocoSpoon/1.0.0-SNAPSHOT/CocoSpoon-1.0.0-20190408.122227-1.pom
[INFO] Downloaded from tdurieux.github.io/maven-repository/snapshots/: https://tdurieux.github.io/maven-repository/snapshots/fil/iagl/cocospoon/CocoSpoon/1.0.0-SNAPSHOT/CocoSpoon-1.0.0-20190408.122227-1.pom (5.3 kB at 9.5 kB/s)
[INFO] Downloading from sonatype-snapshots: https://oss.sonatype.org/content/repositories/snapshots/fr/inria/gforge/spoon/spoon-core/6.2.0/spoon-core-6.2.0.pom
[INFO] Downloading from spoon-snapshot: https://repository.ow2.org/nexus/content/repositories/snapshots/fr/inria/gforge/spoon/spoon-core/6.2.0/spoon-core-6.2.0.pom
[INFO] Downloading from tdurieux.github.io/maven-repository/snapshots/: https://tdurieux.github.io/maven-repository/snapshots/fr/inria/gforge/spoon/spoon-core/6.2.0/spoon-core-6.2.0.pom
[INFO] Downloading from central: https://repo.maven.apache.org/maven2/fr/inria/gforge/spoon/spoon-core/6.2.0/spoon-core-6.2.0.pom
[INFO] Downloaded from central: https://repo.maven.apache.org/maven2/fr/inria/gforge/spoon/spoon-core/6.2.0/spoon-core-6.2.0.pom (20 kB at 179 kB/s)
[INFO] Downloading from sonatype-snapshots: https://oss.sonatype.org/content/repositories/snapshots/org/eclipse/tycho/org.eclipse.jdt.core/3.13.50.v20171007-0855/org.eclipse.jdt.core-3.13.50.v20171007-0855.pom
[INFO] Downloading from spoon-snapshot: https://repository.ow2.org/nexus/content/repositories/snapshots/org/eclipse/tycho/org.eclipse.jdt.core/3.13.50.v20171007-0855/org.eclipse.jdt.core-3.13.50.v20171007-0855.pom
[INFO] Downloading from tdurieux.github.io/maven-repository/snapshots/: https://tdurieux.github.io/maven-repository/snapshots/org/eclipse/tycho/org.eclipse.jdt.core/3.13.50.v20171007-0855/org.eclipse.jdt.core-3.13.50.v20171007-0855.pom
[INFO] Downloading from central: https://repo.maven.apache.org/maven2/org/eclipse/tycho/org.eclipse.jdt.core/3.13.50.v20171007-0855/org.eclipse.jdt.core-3.13.50.v20171007-0855.pom
[INFO] Downloaded from central: https://repo.maven.apache.org/maven2/org/eclipse/tycho/org.eclipse.jdt.core/3.13.50.v20171007-0855/org.eclipse.jdt.core-3.13.50.v20171007-0855.pom (1.0 kB at 5.4 kB/s)
[INFO] Downloading from sonatype-snapshots: https://oss.sonatype.org/content/repositories/snapshots/com/fasterxml/jackson/core/jackson-databind/2.9.2/jackson-databind-2.9.2.pom
[INFO] Downloading from spoon-snapshot: https://repository.ow2.org/nexus/content/repositories/snapshots/com/fasterxml/jackson/core/jackson-databind/2.9.2/jackson-databind-2.9.2.pom
[INFO] Downloading from tdurieux.github.io/maven-repository/snapshots/: https://tdurieux.github.io/maven-repository/snapshots/com/fasterxml/jackson/core/jackson-databind/2.9.2/jackson-databind-2.9.2.pom
[INFO] Downloading from central: https://repo.maven.apache.org/maven2/com/fasterxml/jackson/core/jackson-databind/2.9.2/jackson-databind-2.9.2.pom
[INFO] Downloaded from central: https://repo.maven.apache.org/maven2/com/fasterxml/jackson/core/jackson-databind/2.9.2/jackson-databind-2.9.2.pom (5.9 kB at 652 kB/s)
[INFO] Downloading from sonatype-snapshots: https://oss.sonatype.org/content/repositories/snapshots/com/fasterxml/jackson/jackson-base/2.9.2/jackson-base-2.9.2.pom
[INFO] Downloading from spoon-snapshot: https://repository.ow2.org/nexus/content/repositories/snapshots/com/fasterxml/jackson/jackson-base/2.9.2/jackson-base-2.9.2.pom
[INFO] Downloading from tdurieux.github.io/maven-repository/snapshots/: https://tdurieux.github.io/maven-repository/snapshots/com/fasterxml/jackson/jackson-base/2.9.2/jackson-base-2.9.2.pom
[INFO] Downloading from central: https://repo.maven.apache.org/maven2/com/fasterxml/jackson/jackson-base/2.9.2/jackson-base-2.9.2.pom
[INFO] Downloaded from central: https://repo.maven.apache.org/maven2/com/fasterxml/jackson/jackson-base/2.9.2/jackson-base-2.9.2.pom (0 B at 0 B/s)
[INFO] Downloading from sonatype-snapshots: https://oss.sonatype.org/content/repositories/snapshots/com/fasterxml/jackson/jackson-bom/2.9.2/jackson-bom-2.9.2.pom
[INFO] Downloading from spoon-snapshot: https://repository.ow2.org/nexus/content/repositories/snapshots/com/fasterxml/jackson/jackson-bom/2.9.2/jackson-bom-2.9.2.pom
[INFO] Downloading from tdurieux.github.io/maven-repository/snapshots/: https://tdurieux.github.io/maven-repository/snapshots/com/fasterxml/jackson/jackson-bom/2.9.2/jackson-bom-2.9.2.pom
[INFO] Downloading from central: https://repo.maven.apache.org/maven2/com/fasterxml/jackson/jackson-bom/2.9.2/jackson-bom-2.9.2.pom
[INFO] Downloaded from central: https://repo.maven.apache.org/maven2/com/fasterxml/jackson/jackson-bom/2.9.2/jackson-bom-2.9.2.pom (0 B at 0 B/s)
[INFO] Downloading from sonatype-snapshots: https://oss.sonatype.org/content/repositories/snapshots/com/fasterxml/jackson/core/jackson-core/2.9.2/jackson-core-2.9.2.pom
[INFO] Downloading from spoon-snapshot: https://repository.ow2.org/nexus/content/repositories/snapshots/com/fasterxml/jackson/core/jackson-core/2.9.2/jackson-core-2.9.2.pom
[INFO] Downloading from tdurieux.github.io/maven-repository/snapshots/: https://tdurieux.github.io/maven-repository/snapshots/com/fasterxml/jackson/core/jackson-core/2.9.2/jackson-core-2.9.2.pom
[INFO] Downloading from central: https://repo.maven.apache.org/maven2/com/fasterxml/jackson/core/jackson-core/2.9.2/jackson-core-2.9.2.pom
[INFO] Downloaded from central: https://repo.maven.apache.org/maven2/com/fasterxml/jackson/core/jackson-core/2.9.2/jackson-core-2.9.2.pom (0 B at 0 B/s)
[INFO] ------------------------------------------------------------------------
[INFO] BUILD FAILURE
[INFO] ------------------------------------------------------------------------
[INFO] Total time:  20.860 s
[INFO] Finished at: 2023-02-10T15:13:14Z
[INFO] ------------------------------------------------------------------------
[ERROR] Failed to execute goal on project astor: Could not resolve dependencies for project org.inria.sacha.automaticRepair:astor:jar:2.0.0: Failed to collect dependencies at com.gzoltar:gzoltar:jar:0.1.1: Failed to read artifact descriptor for com.gzoltar:gzoltar:jar:0.1.1: Could not transfer artifact com.gzoltar:gzoltar:pom:0.1.1 from/to maven-default-http-blocker (http://0.0.0.0/): Blocked mirror for repositories: [inria (http://spoon.gforge.inria.fr/repositories/releases/, default, releases+snapshots), EvoSuite (http://www.evosuite.org/m2, default, releases+snapshots), sachaproject.gforge.inria.fr-release (http://sachaproject.gforge.inria.fr/repositories/releases/, default, releases+snapshots), maven.inria.fr-snapshot (http://maven.inria.fr/artifactory/spoon-public-snapshot/, default, releases+snapshots)] -> [Help 1]
[ERROR] 
[ERROR] To see the full stack trace of the errors, re-run Maven with the -e switch.
[ERROR] Re-run Maven using the -X switch to enable full debug logging.
[ERROR] 
[ERROR] For more information about the errors and possible solutions, please read the following articles:
[ERROR] [Help 1] http://cwiki.apache.org/confluence/display/MAVEN/DependencyResolutionException
