[INFO] Scanning for projects...
[INFO] 
[INFO] ----------------< org.cyclonedx:cyclonedx-maven-plugin >----------------
[INFO] Building CycloneDX Maven plugin 2.5.4-SNAPSHOT
[INFO] ----------------------------[ maven-plugin ]----------------------------
[INFO] 
[INFO] --- maven-clean-plugin:2.5:clean (default-clean) @ cyclonedx-maven-plugin ---
[INFO] Deleting /home/gabsko/breaking-updates/target
[INFO] 
[INFO] --- maven-plugin-plugin:3.6.4:helpmojo (generated-helpmojo) @ cyclonedx-maven-plugin ---
[ERROR] 

Some dependencies of Maven Plugins are expected to be in provided scope.
Please make sure that dependencies listed below declared in POM
have set '<scope>provided</scope>' as well.

The following dependencies are in wrong scope:
 * org.apache.maven:maven-core:jar:3.8.4:compile
 * org.apache.maven:maven-model:jar:3.8.4:compile
 * org.apache.maven:maven-settings:jar:3.8.4:compile
 * org.apache.maven:maven-settings-builder:jar:3.8.4:compile
 * org.apache.maven:maven-builder-support:jar:3.8.4:compile
 * org.apache.maven:maven-repository-metadata:jar:3.8.4:compile
 * org.apache.maven:maven-artifact:jar:3.8.4:compile
 * org.apache.maven:maven-model-builder:jar:3.8.4:compile
 * org.apache.maven:maven-resolver-provider:jar:3.8.4:compile
 * org.apache.maven:maven-plugin-api:jar:3.8.4:compile
 * org.apache.maven:maven-project:jar:2.0.5:compile
 * org.apache.maven:maven-profile:jar:2.0.5:compile
 * org.apache.maven:maven-artifact-manager:jar:2.0.5:compile



[INFO] Using 'UTF-8' encoding to read mojo source files.
[INFO] java-javadoc mojo extractor found 0 mojo descriptor.
[INFO] ant mojo extractor found 0 mojo descriptor.
[INFO] bsh mojo extractor found 0 mojo descriptor.
[INFO] java-annotations mojo extractor found 0 mojo descriptor.
[INFO] 
[INFO] --- maven-resources-plugin:2.6:resources (default-resources) @ cyclonedx-maven-plugin ---
[INFO] Using 'UTF-8' encoding to copy filtered resources.
[INFO] Copying 1 resource
[INFO] Copying 1 resource
[INFO] 
[INFO] --- maven-compiler-plugin:3.1:compile (default-compile) @ cyclonedx-maven-plugin ---
[INFO] Changes detected - recompiling the module!
[INFO] Compiling 5 source files to /home/gabsko/breaking-updates/target/classes
[INFO] -------------------------------------------------------------
[ERROR] COMPILATION ERROR : 
[INFO] -------------------------------------------------------------
[ERROR] /home/gabsko/breaking-updates/src/main/java/org/cyclonedx/maven/BaseCycloneDxMojo.java:[805,27] no suitable method found for isValid(java.io.File,org.cyclonedx.CycloneDxSchema.Version,boolean)
    method org.cyclonedx.parsers.JsonParser.isValid(java.io.File) is not applicable
      (actual and formal argument lists differ in length)
    method org.cyclonedx.parsers.JsonParser.isValid(java.io.File,org.cyclonedx.CycloneDxSchema.Version) is not applicable
      (actual and formal argument lists differ in length)
    method org.cyclonedx.parsers.JsonParser.isValid(byte[]) is not applicable
      (actual and formal argument lists differ in length)
    method org.cyclonedx.parsers.JsonParser.isValid(byte[],org.cyclonedx.CycloneDxSchema.Version) is not applicable
      (actual and formal argument lists differ in length)
    method org.cyclonedx.parsers.JsonParser.isValid(java.io.Reader) is not applicable
      (actual and formal argument lists differ in length)
    method org.cyclonedx.parsers.JsonParser.isValid(java.io.Reader,org.cyclonedx.CycloneDxSchema.Version) is not applicable
      (actual and formal argument lists differ in length)
    method org.cyclonedx.parsers.JsonParser.isValid(java.io.InputStream) is not applicable
      (actual and formal argument lists differ in length)
    method org.cyclonedx.parsers.JsonParser.isValid(java.io.InputStream,org.cyclonedx.CycloneDxSchema.Version) is not applicable
      (actual and formal argument lists differ in length)
[INFO] 1 error
[INFO] -------------------------------------------------------------
[INFO] ------------------------------------------------------------------------
[INFO] BUILD FAILURE
[INFO] ------------------------------------------------------------------------
[INFO] Total time:  2.543 s
[INFO] Finished at: 2023-01-06T14:54:17Z
[INFO] ------------------------------------------------------------------------
[ERROR] Failed to execute goal org.apache.maven.plugins:maven-compiler-plugin:3.1:compile (default-compile) on project cyclonedx-maven-plugin: Compilation failure
[ERROR] /home/gabsko/breaking-updates/src/main/java/org/cyclonedx/maven/BaseCycloneDxMojo.java:[805,27] no suitable method found for isValid(java.io.File,org.cyclonedx.CycloneDxSchema.Version,boolean)
[ERROR]     method org.cyclonedx.parsers.JsonParser.isValid(java.io.File) is not applicable
[ERROR]       (actual and formal argument lists differ in length)
[ERROR]     method org.cyclonedx.parsers.JsonParser.isValid(java.io.File,org.cyclonedx.CycloneDxSchema.Version) is not applicable
[ERROR]       (actual and formal argument lists differ in length)
[ERROR]     method org.cyclonedx.parsers.JsonParser.isValid(byte[]) is not applicable
[ERROR]       (actual and formal argument lists differ in length)
[ERROR]     method org.cyclonedx.parsers.JsonParser.isValid(byte[],org.cyclonedx.CycloneDxSchema.Version) is not applicable
[ERROR]       (actual and formal argument lists differ in length)
[ERROR]     method org.cyclonedx.parsers.JsonParser.isValid(java.io.Reader) is not applicable
[ERROR]       (actual and formal argument lists differ in length)
[ERROR]     method org.cyclonedx.parsers.JsonParser.isValid(java.io.Reader,org.cyclonedx.CycloneDxSchema.Version) is not applicable
[ERROR]       (actual and formal argument lists differ in length)
[ERROR]     method org.cyclonedx.parsers.JsonParser.isValid(java.io.InputStream) is not applicable
[ERROR]       (actual and formal argument lists differ in length)
[ERROR]     method org.cyclonedx.parsers.JsonParser.isValid(java.io.InputStream,org.cyclonedx.CycloneDxSchema.Version) is not applicable
[ERROR]       (actual and formal argument lists differ in length)
[ERROR] -> [Help 1]
[ERROR] 
[ERROR] To see the full stack trace of the errors, re-run Maven with the -e switch.
[ERROR] Re-run Maven using the -X switch to enable full debug logging.
[ERROR] 
[ERROR] For more information about the errors and possible solutions, please read the following articles:
[ERROR] [Help 1] http://cwiki.apache.org/confluence/display/MAVEN/MojoFailureException
