[INFO] Scanning for projects...
[WARNING] The POM for org.jenkins-ci.tools:maven-hpi-plugin:jar:3.17 is missing, no dependency information available
[WARNING] Failed to build parent project for org.jvnet.hudson.plugins:analysis-pom:pom:5.9.0
[WARNING] Failed to build parent project for io.jenkins.plugins:pull-request-monitoring:hpi:1.7.9-SNAPSHOT
[INFO] 
[INFO] -------------< io.jenkins.plugins:pull-request-monitoring >-------------
[INFO] Building Pull Request Monitoring 1.7.9-SNAPSHOT
[INFO] --------------------------------[ hpi ]---------------------------------
[INFO] 
[INFO] --- maven-clean-plugin:3.1.0:clean (default-clean) @ pull-request-monitoring ---
[INFO] Deleting /home/gabsko/breaking-updates/target
[INFO] 
[INFO] --- maven-hpi-plugin:3.17:validate (default-validate) @ pull-request-monitoring ---
[INFO] 
[INFO] --- maven-hpi-plugin:3.17:validate-hpi (default-validate-hpi) @ pull-request-monitoring ---
[INFO] ------------------------------------------------------------------------
[INFO] BUILD FAILURE
[INFO] ------------------------------------------------------------------------
[INFO] Total time:  1.768 s
[INFO] Finished at: 2023-01-07T01:42:32Z
[INFO] ------------------------------------------------------------------------
[ERROR] Failed to execute goal org.jenkins-ci.tools:maven-hpi-plugin:3.17:validate-hpi (default-validate-hpi) on project pull-request-monitoring: Dependency io.jenkins.plugins:echarts-api:jar:5.3.0-2 requires Jenkins 2.289.1 or higher. -> [Help 1]
[ERROR] 
[ERROR] To see the full stack trace of the errors, re-run Maven with the -e switch.
[ERROR] Re-run Maven using the -X switch to enable full debug logging.
[ERROR] 
[ERROR] For more information about the errors and possible solutions, please read the following articles:
[ERROR] [Help 1] http://cwiki.apache.org/confluence/display/MAVEN/MojoExecutionException
