[INFO] Scanning for projects...
[WARNING] The POM for com.sun.xml.bind:jaxb-core:jar:2.2.11 is invalid, transitive dependencies (if any) will not be available, enable debug logging for more details
[WARNING] The POM for com.sun.xml.bind:jaxb-impl:jar:2.2.11 is invalid, transitive dependencies (if any) will not be available, enable debug logging for more details
[INFO] 
[INFO] ---------------------< com.aws.greengrass:nucleus >---------------------
[INFO] Building greengrass-nucleus 2.6.0-SNAPSHOT
[INFO] --------------------------------[ jar ]---------------------------------
[INFO] 
[INFO] --- maven-clean-plugin:2.5:clean (default-clean) @ nucleus ---
[INFO] Deleting /home/gabsko/breaking-updates/target
[INFO] 
[INFO] --- license-maven-plugin:4.0.rc2:check (default) @ nucleus ---
[INFO] Checking licenses...
[WARNING] Unknown file extension: /home/gabsko/breaking-updates/scripts/greengrass.xml.template
[WARNING] Unknown file extension: /home/gabsko/breaking-updates/scripts/greengrass.service.procd.template
[WARNING] Unknown file extension: /home/gabsko/breaking-updates/scripts/loader
[WARNING] Unknown file extension: /home/gabsko/breaking-updates/scripts/greengrass.service.template
[WARNING] Unable to find a comment style definition for some files. You may want to add a custom mapping for the relevant file extensions.
[INFO] 
[INFO] --- maven-checkstyle-plugin:3.1.0:check (validate) @ nucleus ---
[INFO] 
[INFO] --- jacoco-maven-plugin:0.8.5:prepare-agent (pre-unit-test) @ nucleus ---
[INFO] surefire.argLine set to -javaagent:/home/gabsko/.m2/repository/org/jacoco/org.jacoco.agent/0.8.5/org.jacoco.agent-0.8.5-runtime.jar=destfile=/home/gabsko/breaking-updates/target/jacoco.exec,excludes=**/*Exception*:**/awssdk/**:**/vendored/**
[INFO] 
[INFO] --- maven-resources-plugin:2.6:resources (default-resources) @ nucleus ---
[INFO] Using 'UTF-8' encoding to copy filtered resources.
[INFO] Copying 3 resources
[INFO] skip non existing resourceDirectory /home/gabsko/breaking-updates/src/main/resources
[INFO] 
[INFO] --- maven-compiler-plugin:3.8.1:compile (default-compile) @ nucleus ---
[INFO] Compiling 347 source files to /home/gabsko/breaking-updates/target/classes
[INFO] -------------------------------------------------------------
[ERROR] COMPILATION ERROR : 
[INFO] -------------------------------------------------------------
[ERROR] /home/gabsko/breaking-updates/src/main/java/com/aws/greengrass/builtin/services/pubsub/PubSubIPCEventStreamAgent.java:[24,51] cannot find symbol
  symbol:   class MessageContext
  location: package software.amazon.awssdk.aws.greengrass.model
[ERROR] /home/gabsko/breaking-updates/src/main/java/com/aws/greengrass/builtin/services/pubsub/PubSubIPCEventStreamAgent.java:[27,51] cannot find symbol
  symbol:   class ReceiveMode
  location: package software.amazon.awssdk.aws.greengrass.model
[ERROR] /home/gabsko/breaking-updates/src/main/java/com/aws/greengrass/builtin/services/pubsub/SubscriptionCallback.java:[10,51] cannot find symbol
  symbol:   class ReceiveMode
  location: package software.amazon.awssdk.aws.greengrass.model
[ERROR] /home/gabsko/breaking-updates/src/main/java/com/aws/greengrass/builtin/services/pubsub/SubscribeRequest.java:[10,51] cannot find symbol
  symbol:   class ReceiveMode
  location: package software.amazon.awssdk.aws.greengrass.model
[ERROR] /home/gabsko/breaking-updates/src/main/java/com/aws/greengrass/builtin/services/pubsub/PubSubIPCEventStreamAgent.java:[310,59] cannot find symbol
  symbol:   class ReceiveMode
  location: class com.aws.greengrass.builtin.services.pubsub.PubSubIPCEventStreamAgent
[ERROR] /home/gabsko/breaking-updates/src/main/java/com/aws/greengrass/builtin/services/pubsub/PubSubIPCEventStreamAgent.java:[310,13] cannot find symbol
  symbol:   class ReceiveMode
  location: class com.aws.greengrass.builtin.services.pubsub.PubSubIPCEventStreamAgent
[ERROR] /home/gabsko/breaking-updates/src/main/java/com/aws/greengrass/builtin/services/pubsub/PubSubIPCEventStreamAgent.java:[324,64] cannot find symbol
  symbol:   class ReceiveMode
  location: class com.aws.greengrass.builtin.services.pubsub.PubSubIPCEventStreamAgent
[ERROR] /home/gabsko/breaking-updates/src/main/java/com/aws/greengrass/builtin/services/pubsub/SubscribeRequest.java:[18,5] cannot find symbol
  symbol:   class ReceiveMode
  location: class com.aws.greengrass.builtin.services.pubsub.SubscribeRequest
[ERROR] /home/gabsko/breaking-updates/src/main/java/com/aws/greengrass/builtin/services/pubsub/SubscribeRequest.java:[12,1] cannot find symbol
  symbol:   class ReceiveMode
  location: class com.aws.greengrass.builtin.services.pubsub.SubscribeRequest
[ERROR] /home/gabsko/breaking-updates/src/main/java/com/aws/greengrass/builtin/services/pubsub/SubscribeRequest.java:[18,17] cannot find symbol
  symbol:   class ReceiveMode
  location: class com.aws.greengrass.builtin.services.pubsub.SubscribeRequest
[ERROR] /home/gabsko/breaking-updates/src/main/java/com/aws/greengrass/builtin/services/pubsub/SubscriptionCallback.java:[16,5] cannot find symbol
  symbol:   class ReceiveMode
  location: class com.aws.greengrass.builtin.services.pubsub.SubscriptionCallback
[ERROR] /home/gabsko/breaking-updates/src/main/java/com/aws/greengrass/builtin/services/pubsub/SubscriptionCallback.java:[13,1] cannot find symbol
  symbol:   class ReceiveMode
  location: class com.aws.greengrass.builtin.services.pubsub.SubscriptionCallback
[ERROR] /home/gabsko/breaking-updates/src/main/java/com/aws/greengrass/builtin/services/pubsub/SubscriptionCallback.java:[16,17] cannot find symbol
  symbol:   class ReceiveMode
  location: class com.aws.greengrass.builtin.services.pubsub.SubscriptionCallback
[ERROR] /home/gabsko/breaking-updates/src/main/java/software/amazon/awssdk/aws/greengrass/GeneratedAbstractGetClientDeviceAuthTokenOperationHandler.java:[9,51] cannot find symbol
  symbol:   class GetClientDeviceAuthTokenRequest
  location: package software.amazon.awssdk.aws.greengrass.model
[ERROR] /home/gabsko/breaking-updates/src/main/java/software/amazon/awssdk/aws/greengrass/GeneratedAbstractGetClientDeviceAuthTokenOperationHandler.java:[10,51] cannot find symbol
  symbol:   class GetClientDeviceAuthTokenResponse
  location: package software.amazon.awssdk.aws.greengrass.model
[ERROR] /home/gabsko/breaking-updates/src/main/java/software/amazon/awssdk/aws/greengrass/GeneratedAbstractGetClientDeviceAuthTokenOperationHandler.java:[16,118] cannot find symbol
  symbol: class GetClientDeviceAuthTokenRequest
[ERROR] /home/gabsko/breaking-updates/src/main/java/software/amazon/awssdk/aws/greengrass/GeneratedAbstractGetClientDeviceAuthTokenOperationHandler.java:[16,151] cannot find symbol
  symbol: class GetClientDeviceAuthTokenResponse
[ERROR] /home/gabsko/breaking-updates/src/main/java/software/amazon/awssdk/aws/greengrass/GeneratedAbstractSubscribeToCertificateUpdatesOperationHandler.java:[9,51] cannot find symbol
  symbol:   class CertificateUpdateEvent
  location: package software.amazon.awssdk.aws.greengrass.model
[ERROR] /home/gabsko/breaking-updates/src/main/java/software/amazon/awssdk/aws/greengrass/GeneratedAbstractSubscribeToCertificateUpdatesOperationHandler.java:[10,51] cannot find symbol
  symbol:   class SubscribeToCertificateUpdatesRequest
  location: package software.amazon.awssdk.aws.greengrass.model
[ERROR] /home/gabsko/breaking-updates/src/main/java/software/amazon/awssdk/aws/greengrass/GeneratedAbstractSubscribeToCertificateUpdatesOperationHandler.java:[11,51] cannot find symbol
  symbol:   class SubscribeToCertificateUpdatesResponse
  location: package software.amazon.awssdk.aws.greengrass.model
[ERROR] /home/gabsko/breaking-updates/src/main/java/software/amazon/awssdk/aws/greengrass/GeneratedAbstractSubscribeToCertificateUpdatesOperationHandler.java:[17,123] cannot find symbol
  symbol: class SubscribeToCertificateUpdatesRequest
[ERROR] /home/gabsko/breaking-updates/src/main/java/software/amazon/awssdk/aws/greengrass/GeneratedAbstractSubscribeToCertificateUpdatesOperationHandler.java:[17,161] cannot find symbol
  symbol: class SubscribeToCertificateUpdatesResponse
[ERROR] /home/gabsko/breaking-updates/src/main/java/software/amazon/awssdk/aws/greengrass/GeneratedAbstractSubscribeToCertificateUpdatesOperationHandler.java:[17,224] cannot find symbol
  symbol: class CertificateUpdateEvent
[ERROR] /home/gabsko/breaking-updates/src/main/java/software/amazon/awssdk/aws/greengrass/GeneratedAbstractVerifyClientDeviceIdentityOperationHandler.java:[9,51] cannot find symbol
  symbol:   class VerifyClientDeviceIdentityRequest
  location: package software.amazon.awssdk.aws.greengrass.model
[ERROR] /home/gabsko/breaking-updates/src/main/java/software/amazon/awssdk/aws/greengrass/GeneratedAbstractVerifyClientDeviceIdentityOperationHandler.java:[10,51] cannot find symbol
  symbol:   class VerifyClientDeviceIdentityResponse
  location: package software.amazon.awssdk.aws.greengrass.model
[ERROR] /home/gabsko/breaking-updates/src/main/java/software/amazon/awssdk/aws/greengrass/GeneratedAbstractVerifyClientDeviceIdentityOperationHandler.java:[16,120] cannot find symbol
  symbol: class VerifyClientDeviceIdentityRequest
[ERROR] /home/gabsko/breaking-updates/src/main/java/software/amazon/awssdk/aws/greengrass/GeneratedAbstractVerifyClientDeviceIdentityOperationHandler.java:[16,155] cannot find symbol
  symbol: class VerifyClientDeviceIdentityResponse
[ERROR] /home/gabsko/breaking-updates/src/main/java/software/amazon/awssdk/aws/greengrass/GeneratedAbstractAuthorizeClientDeviceActionOperationHandler.java:[9,51] cannot find symbol
  symbol:   class AuthorizeClientDeviceActionRequest
  location: package software.amazon.awssdk.aws.greengrass.model
[ERROR] /home/gabsko/breaking-updates/src/main/java/software/amazon/awssdk/aws/greengrass/GeneratedAbstractAuthorizeClientDeviceActionOperationHandler.java:[10,51] cannot find symbol
  symbol:   class AuthorizeClientDeviceActionResponse
  location: package software.amazon.awssdk.aws.greengrass.model
[ERROR] /home/gabsko/breaking-updates/src/main/java/software/amazon/awssdk/aws/greengrass/GeneratedAbstractAuthorizeClientDeviceActionOperationHandler.java:[16,121] cannot find symbol
  symbol: class AuthorizeClientDeviceActionRequest
[ERROR] /home/gabsko/breaking-updates/src/main/java/software/amazon/awssdk/aws/greengrass/GeneratedAbstractAuthorizeClientDeviceActionOperationHandler.java:[16,157] cannot find symbol
  symbol: class AuthorizeClientDeviceActionResponse
[ERROR] /home/gabsko/breaking-updates/src/main/java/software/amazon/awssdk/aws/greengrass/GeneratedAbstractAuthorizeClientDeviceActionOperationHandler.java:[23,32] cannot find symbol
  symbol:   class AuthorizeClientDeviceActionRequest
  location: class software.amazon.awssdk.aws.greengrass.GeneratedAbstractAuthorizeClientDeviceActionOperationHandler
[ERROR] /home/gabsko/breaking-updates/src/main/java/software/amazon/awssdk/aws/greengrass/GeneratedAbstractAuthorizeClientDeviceActionOperationHandler.java:[23,68] cannot find symbol
  symbol:   class AuthorizeClientDeviceActionResponse
  location: class software.amazon.awssdk.aws.greengrass.GeneratedAbstractAuthorizeClientDeviceActionOperationHandler
[ERROR] /home/gabsko/breaking-updates/src/main/java/software/amazon/awssdk/aws/greengrass/GeneratedAbstractVerifyClientDeviceIdentityOperationHandler.java:[23,32] cannot find symbol
  symbol:   class VerifyClientDeviceIdentityRequest
  location: class software.amazon.awssdk.aws.greengrass.GeneratedAbstractVerifyClientDeviceIdentityOperationHandler
[ERROR] /home/gabsko/breaking-updates/src/main/java/software/amazon/awssdk/aws/greengrass/GeneratedAbstractVerifyClientDeviceIdentityOperationHandler.java:[23,67] cannot find symbol
  symbol:   class VerifyClientDeviceIdentityResponse
  location: class software.amazon.awssdk.aws.greengrass.GeneratedAbstractVerifyClientDeviceIdentityOperationHandler
[ERROR] /home/gabsko/breaking-updates/src/main/java/software/amazon/awssdk/aws/greengrass/GeneratedAbstractSubscribeToCertificateUpdatesOperationHandler.java:[24,34] cannot find symbol
  symbol:   class SubscribeToCertificateUpdatesRequest
  location: class software.amazon.awssdk.aws.greengrass.GeneratedAbstractSubscribeToCertificateUpdatesOperationHandler
[ERROR] /home/gabsko/breaking-updates/src/main/java/software/amazon/awssdk/aws/greengrass/GeneratedAbstractSubscribeToCertificateUpdatesOperationHandler.java:[24,72] cannot find symbol
  symbol:   class SubscribeToCertificateUpdatesResponse
  location: class software.amazon.awssdk.aws.greengrass.GeneratedAbstractSubscribeToCertificateUpdatesOperationHandler
[ERROR] /home/gabsko/breaking-updates/src/main/java/software/amazon/awssdk/aws/greengrass/GeneratedAbstractSubscribeToCertificateUpdatesOperationHandler.java:[24,135] cannot find symbol
  symbol:   class CertificateUpdateEvent
  location: class software.amazon.awssdk.aws.greengrass.GeneratedAbstractSubscribeToCertificateUpdatesOperationHandler
[ERROR] /home/gabsko/breaking-updates/src/main/java/software/amazon/awssdk/aws/greengrass/GeneratedAbstractGetClientDeviceAuthTokenOperationHandler.java:[23,32] cannot find symbol
  symbol:   class GetClientDeviceAuthTokenRequest
  location: class software.amazon.awssdk.aws.greengrass.GeneratedAbstractGetClientDeviceAuthTokenOperationHandler
[ERROR] /home/gabsko/breaking-updates/src/main/java/software/amazon/awssdk/aws/greengrass/GeneratedAbstractGetClientDeviceAuthTokenOperationHandler.java:[23,65] cannot find symbol
  symbol:   class GetClientDeviceAuthTokenResponse
  location: class software.amazon.awssdk.aws.greengrass.GeneratedAbstractGetClientDeviceAuthTokenOperationHandler
[INFO] 40 errors 
[INFO] -------------------------------------------------------------
[INFO] ------------------------------------------------------------------------
[INFO] BUILD FAILURE
[INFO] ------------------------------------------------------------------------
[INFO] Total time:  7.763 s
[INFO] Finished at: 2023-01-06T20:38:51Z
[INFO] ------------------------------------------------------------------------
[ERROR] Failed to execute goal org.apache.maven.plugins:maven-compiler-plugin:3.8.1:compile (default-compile) on project nucleus: Compilation failure: Compilation failure: 
[ERROR] /home/gabsko/breaking-updates/src/main/java/com/aws/greengrass/builtin/services/pubsub/PubSubIPCEventStreamAgent.java:[24,51] cannot find symbol
[ERROR]   symbol:   class MessageContext
[ERROR]   location: package software.amazon.awssdk.aws.greengrass.model
[ERROR] /home/gabsko/breaking-updates/src/main/java/com/aws/greengrass/builtin/services/pubsub/PubSubIPCEventStreamAgent.java:[27,51] cannot find symbol
[ERROR]   symbol:   class ReceiveMode
[ERROR]   location: package software.amazon.awssdk.aws.greengrass.model
[ERROR] /home/gabsko/breaking-updates/src/main/java/com/aws/greengrass/builtin/services/pubsub/SubscriptionCallback.java:[10,51] cannot find symbol
[ERROR]   symbol:   class ReceiveMode
[ERROR]   location: package software.amazon.awssdk.aws.greengrass.model
[ERROR] /home/gabsko/breaking-updates/src/main/java/com/aws/greengrass/builtin/services/pubsub/SubscribeRequest.java:[10,51] cannot find symbol
[ERROR]   symbol:   class ReceiveMode
[ERROR]   location: package software.amazon.awssdk.aws.greengrass.model
[ERROR] /home/gabsko/breaking-updates/src/main/java/com/aws/greengrass/builtin/services/pubsub/PubSubIPCEventStreamAgent.java:[310,59] cannot find symbol
[ERROR]   symbol:   class ReceiveMode
[ERROR]   location: class com.aws.greengrass.builtin.services.pubsub.PubSubIPCEventStreamAgent
[ERROR] /home/gabsko/breaking-updates/src/main/java/com/aws/greengrass/builtin/services/pubsub/PubSubIPCEventStreamAgent.java:[310,13] cannot find symbol
[ERROR]   symbol:   class ReceiveMode
[ERROR]   location: class com.aws.greengrass.builtin.services.pubsub.PubSubIPCEventStreamAgent
[ERROR] /home/gabsko/breaking-updates/src/main/java/com/aws/greengrass/builtin/services/pubsub/PubSubIPCEventStreamAgent.java:[324,64] cannot find symbol
[ERROR]   symbol:   class ReceiveMode
[ERROR]   location: class com.aws.greengrass.builtin.services.pubsub.PubSubIPCEventStreamAgent
[ERROR] /home/gabsko/breaking-updates/src/main/java/com/aws/greengrass/builtin/services/pubsub/SubscribeRequest.java:[18,5] cannot find symbol
[ERROR]   symbol:   class ReceiveMode
[ERROR]   location: class com.aws.greengrass.builtin.services.pubsub.SubscribeRequest
[ERROR] /home/gabsko/breaking-updates/src/main/java/com/aws/greengrass/builtin/services/pubsub/SubscribeRequest.java:[12,1] cannot find symbol
[ERROR]   symbol:   class ReceiveMode
[ERROR]   location: class com.aws.greengrass.builtin.services.pubsub.SubscribeRequest
[ERROR] /home/gabsko/breaking-updates/src/main/java/com/aws/greengrass/builtin/services/pubsub/SubscribeRequest.java:[18,17] cannot find symbol
[ERROR]   symbol:   class ReceiveMode
[ERROR]   location: class com.aws.greengrass.builtin.services.pubsub.SubscribeRequest
[ERROR] /home/gabsko/breaking-updates/src/main/java/com/aws/greengrass/builtin/services/pubsub/SubscriptionCallback.java:[16,5] cannot find symbol
[ERROR]   symbol:   class ReceiveMode
[ERROR]   location: class com.aws.greengrass.builtin.services.pubsub.SubscriptionCallback
[ERROR] /home/gabsko/breaking-updates/src/main/java/com/aws/greengrass/builtin/services/pubsub/SubscriptionCallback.java:[13,1] cannot find symbol
[ERROR]   symbol:   class ReceiveMode
[ERROR]   location: class com.aws.greengrass.builtin.services.pubsub.SubscriptionCallback
[ERROR] /home/gabsko/breaking-updates/src/main/java/com/aws/greengrass/builtin/services/pubsub/SubscriptionCallback.java:[16,17] cannot find symbol
[ERROR]   symbol:   class ReceiveMode
[ERROR]   location: class com.aws.greengrass.builtin.services.pubsub.SubscriptionCallback
[ERROR] /home/gabsko/breaking-updates/src/main/java/software/amazon/awssdk/aws/greengrass/GeneratedAbstractGetClientDeviceAuthTokenOperationHandler.java:[9,51] cannot find symbol
[ERROR]   symbol:   class GetClientDeviceAuthTokenRequest
[ERROR]   location: package software.amazon.awssdk.aws.greengrass.model
[ERROR] /home/gabsko/breaking-updates/src/main/java/software/amazon/awssdk/aws/greengrass/GeneratedAbstractGetClientDeviceAuthTokenOperationHandler.java:[10,51] cannot find symbol
[ERROR]   symbol:   class GetClientDeviceAuthTokenResponse
[ERROR]   location: package software.amazon.awssdk.aws.greengrass.model
[ERROR] /home/gabsko/breaking-updates/src/main/java/software/amazon/awssdk/aws/greengrass/GeneratedAbstractGetClientDeviceAuthTokenOperationHandler.java:[16,118] cannot find symbol
[ERROR]   symbol: class GetClientDeviceAuthTokenRequest
[ERROR] /home/gabsko/breaking-updates/src/main/java/software/amazon/awssdk/aws/greengrass/GeneratedAbstractGetClientDeviceAuthTokenOperationHandler.java:[16,151] cannot find symbol
[ERROR]   symbol: class GetClientDeviceAuthTokenResponse
[ERROR] /home/gabsko/breaking-updates/src/main/java/software/amazon/awssdk/aws/greengrass/GeneratedAbstractSubscribeToCertificateUpdatesOperationHandler.java:[9,51] cannot find symbol
[ERROR]   symbol:   class CertificateUpdateEvent
[ERROR]   location: package software.amazon.awssdk.aws.greengrass.model
[ERROR] /home/gabsko/breaking-updates/src/main/java/software/amazon/awssdk/aws/greengrass/GeneratedAbstractSubscribeToCertificateUpdatesOperationHandler.java:[10,51] cannot find symbol
[ERROR]   symbol:   class SubscribeToCertificateUpdatesRequest
[ERROR]   location: package software.amazon.awssdk.aws.greengrass.model
[ERROR] /home/gabsko/breaking-updates/src/main/java/software/amazon/awssdk/aws/greengrass/GeneratedAbstractSubscribeToCertificateUpdatesOperationHandler.java:[11,51] cannot find symbol
[ERROR]   symbol:   class SubscribeToCertificateUpdatesResponse
[ERROR]   location: package software.amazon.awssdk.aws.greengrass.model
[ERROR] /home/gabsko/breaking-updates/src/main/java/software/amazon/awssdk/aws/greengrass/GeneratedAbstractSubscribeToCertificateUpdatesOperationHandler.java:[17,123] cannot find symbol
[ERROR]   symbol: class SubscribeToCertificateUpdatesRequest
[ERROR] /home/gabsko/breaking-updates/src/main/java/software/amazon/awssdk/aws/greengrass/GeneratedAbstractSubscribeToCertificateUpdatesOperationHandler.java:[17,161] cannot find symbol
[ERROR]   symbol: class SubscribeToCertificateUpdatesResponse
[ERROR] /home/gabsko/breaking-updates/src/main/java/software/amazon/awssdk/aws/greengrass/GeneratedAbstractSubscribeToCertificateUpdatesOperationHandler.java:[17,224] cannot find symbol
[ERROR]   symbol: class CertificateUpdateEvent
[ERROR] /home/gabsko/breaking-updates/src/main/java/software/amazon/awssdk/aws/greengrass/GeneratedAbstractVerifyClientDeviceIdentityOperationHandler.java:[9,51] cannot find symbol
[ERROR]   symbol:   class VerifyClientDeviceIdentityRequest
[ERROR]   location: package software.amazon.awssdk.aws.greengrass.model
[ERROR] /home/gabsko/breaking-updates/src/main/java/software/amazon/awssdk/aws/greengrass/GeneratedAbstractVerifyClientDeviceIdentityOperationHandler.java:[10,51] cannot find symbol
[ERROR]   symbol:   class VerifyClientDeviceIdentityResponse
[ERROR]   location: package software.amazon.awssdk.aws.greengrass.model
[ERROR] /home/gabsko/breaking-updates/src/main/java/software/amazon/awssdk/aws/greengrass/GeneratedAbstractVerifyClientDeviceIdentityOperationHandler.java:[16,120] cannot find symbol
[ERROR]   symbol: class VerifyClientDeviceIdentityRequest
[ERROR] /home/gabsko/breaking-updates/src/main/java/software/amazon/awssdk/aws/greengrass/GeneratedAbstractVerifyClientDeviceIdentityOperationHandler.java:[16,155] cannot find symbol
[ERROR]   symbol: class VerifyClientDeviceIdentityResponse
[ERROR] /home/gabsko/breaking-updates/src/main/java/software/amazon/awssdk/aws/greengrass/GeneratedAbstractAuthorizeClientDeviceActionOperationHandler.java:[9,51] cannot find symbol
[ERROR]   symbol:   class AuthorizeClientDeviceActionRequest
[ERROR]   location: package software.amazon.awssdk.aws.greengrass.model
[ERROR] /home/gabsko/breaking-updates/src/main/java/software/amazon/awssdk/aws/greengrass/GeneratedAbstractAuthorizeClientDeviceActionOperationHandler.java:[10,51] cannot find symbol
[ERROR]   symbol:   class AuthorizeClientDeviceActionResponse
[ERROR]   location: package software.amazon.awssdk.aws.greengrass.model
[ERROR] /home/gabsko/breaking-updates/src/main/java/software/amazon/awssdk/aws/greengrass/GeneratedAbstractAuthorizeClientDeviceActionOperationHandler.java:[16,121] cannot find symbol
[ERROR]   symbol: class AuthorizeClientDeviceActionRequest
[ERROR] /home/gabsko/breaking-updates/src/main/java/software/amazon/awssdk/aws/greengrass/GeneratedAbstractAuthorizeClientDeviceActionOperationHandler.java:[16,157] cannot find symbol
[ERROR]   symbol: class AuthorizeClientDeviceActionResponse
[ERROR] /home/gabsko/breaking-updates/src/main/java/software/amazon/awssdk/aws/greengrass/GeneratedAbstractAuthorizeClientDeviceActionOperationHandler.java:[23,32] cannot find symbol
[ERROR]   symbol:   class AuthorizeClientDeviceActionRequest
[ERROR]   location: class software.amazon.awssdk.aws.greengrass.GeneratedAbstractAuthorizeClientDeviceActionOperationHandler
[ERROR] /home/gabsko/breaking-updates/src/main/java/software/amazon/awssdk/aws/greengrass/GeneratedAbstractAuthorizeClientDeviceActionOperationHandler.java:[23,68] cannot find symbol
[ERROR]   symbol:   class AuthorizeClientDeviceActionResponse
[ERROR]   location: class software.amazon.awssdk.aws.greengrass.GeneratedAbstractAuthorizeClientDeviceActionOperationHandler
[ERROR] /home/gabsko/breaking-updates/src/main/java/software/amazon/awssdk/aws/greengrass/GeneratedAbstractVerifyClientDeviceIdentityOperationHandler.java:[23,32] cannot find symbol
[ERROR]   symbol:   class VerifyClientDeviceIdentityRequest
[ERROR]   location: class software.amazon.awssdk.aws.greengrass.GeneratedAbstractVerifyClientDeviceIdentityOperationHandler
[ERROR] /home/gabsko/breaking-updates/src/main/java/software/amazon/awssdk/aws/greengrass/GeneratedAbstractVerifyClientDeviceIdentityOperationHandler.java:[23,67] cannot find symbol
[ERROR]   symbol:   class VerifyClientDeviceIdentityResponse
[ERROR]   location: class software.amazon.awssdk.aws.greengrass.GeneratedAbstractVerifyClientDeviceIdentityOperationHandler
[ERROR] /home/gabsko/breaking-updates/src/main/java/software/amazon/awssdk/aws/greengrass/GeneratedAbstractSubscribeToCertificateUpdatesOperationHandler.java:[24,34] cannot find symbol
[ERROR]   symbol:   class SubscribeToCertificateUpdatesRequest
[ERROR]   location: class software.amazon.awssdk.aws.greengrass.GeneratedAbstractSubscribeToCertificateUpdatesOperationHandler
[ERROR] /home/gabsko/breaking-updates/src/main/java/software/amazon/awssdk/aws/greengrass/GeneratedAbstractSubscribeToCertificateUpdatesOperationHandler.java:[24,72] cannot find symbol
[ERROR]   symbol:   class SubscribeToCertificateUpdatesResponse
[ERROR]   location: class software.amazon.awssdk.aws.greengrass.GeneratedAbstractSubscribeToCertificateUpdatesOperationHandler
[ERROR] /home/gabsko/breaking-updates/src/main/java/software/amazon/awssdk/aws/greengrass/GeneratedAbstractSubscribeToCertificateUpdatesOperationHandler.java:[24,135] cannot find symbol
[ERROR]   symbol:   class CertificateUpdateEvent
[ERROR]   location: class software.amazon.awssdk.aws.greengrass.GeneratedAbstractSubscribeToCertificateUpdatesOperationHandler
[ERROR] /home/gabsko/breaking-updates/src/main/java/software/amazon/awssdk/aws/greengrass/GeneratedAbstractGetClientDeviceAuthTokenOperationHandler.java:[23,32] cannot find symbol
[ERROR]   symbol:   class GetClientDeviceAuthTokenRequest
[ERROR]   location: class software.amazon.awssdk.aws.greengrass.GeneratedAbstractGetClientDeviceAuthTokenOperationHandler
[ERROR] /home/gabsko/breaking-updates/src/main/java/software/amazon/awssdk/aws/greengrass/GeneratedAbstractGetClientDeviceAuthTokenOperationHandler.java:[23,65] cannot find symbol
[ERROR]   symbol:   class GetClientDeviceAuthTokenResponse
[ERROR]   location: class software.amazon.awssdk.aws.greengrass.GeneratedAbstractGetClientDeviceAuthTokenOperationHandler
[ERROR] -> [Help 1]
[ERROR] 
[ERROR] To see the full stack trace of the errors, re-run Maven with the -e switch.
[ERROR] Re-run Maven using the -X switch to enable full debug logging.
[ERROR] 
[ERROR] For more information about the errors and possible solutions, please read the following articles:
[ERROR] [Help 1] http://cwiki.apache.org/confluence/display/MAVEN/MojoFailureException
