[INFO] Scanning for projects...
[WARNING] The POM for org.jenkins-ci.tools:maven-hpi-plugin:jar:3.17 is missing, no dependency information available
[WARNING] Failed to build parent project for org.waveywaves.jenkins.plugins:tekton-client:hpi:1.0.0-SNAPSHOT
[INFO] 
[INFO] ------------< org.waveywaves.jenkins.plugins:tekton-client >------------
[INFO] Building Tekton Client Plugin 1.0.0-SNAPSHOT
[INFO] --------------------------------[ hpi ]---------------------------------
[INFO] Downloading from repo.jenkins-ci.org: https://repo.jenkins-ci.org/public/org/jenkins-ci/plugins/github-branch-source/1583.v18d333ef7379/github-branch-source-1583.v18d333ef7379.pom
[INFO] Downloaded from repo.jenkins-ci.org: https://repo.jenkins-ci.org/public/org/jenkins-ci/plugins/github-branch-source/1583.v18d333ef7379/github-branch-source-1583.v18d333ef7379.pom (4.5 kB at 5.3 kB/s)
[INFO] Downloading from repo.jenkins-ci.org: https://repo.jenkins-ci.org/public/org/jenkins-ci/plugins/github-branch-source/1583.v18d333ef7379/github-branch-source-1583.v18d333ef7379.jar
[INFO] Downloaded from repo.jenkins-ci.org: https://repo.jenkins-ci.org/public/org/jenkins-ci/plugins/github-branch-source/1583.v18d333ef7379/github-branch-source-1583.v18d333ef7379.jar (348 kB at 252 kB/s)
[INFO] 
[INFO] --- maven-clean-plugin:3.1.0:clean (default-clean) @ tekton-client ---
[INFO] Deleting /home/gabsko/breaking-updates/target
[INFO] 
[INFO] --- maven-hpi-plugin:3.17:validate (default-validate) @ tekton-client ---
[INFO] 
[INFO] --- maven-hpi-plugin:3.17:validate-hpi (default-validate-hpi) @ tekton-client ---
[INFO] ------------------------------------------------------------------------
[INFO] BUILD FAILURE
[INFO] ------------------------------------------------------------------------
[INFO] Total time:  4.583 s
[INFO] Finished at: 2023-01-13T19:35:16Z
[INFO] ------------------------------------------------------------------------
[ERROR] Failed to execute goal org.jenkins-ci.tools:maven-hpi-plugin:3.17:validate-hpi (default-validate-hpi) on project tekton-client: Dependency org.jenkins-ci.plugins:github-branch-source:jar:1583.v18d333ef7379 requires Jenkins 2.323 or higher. -> [Help 1]
[ERROR] 
[ERROR] To see the full stack trace of the errors, re-run Maven with the -e switch.
[ERROR] Re-run Maven using the -X switch to enable full debug logging.
[ERROR] 
[ERROR] For more information about the errors and possible solutions, please read the following articles:
[ERROR] [Help 1] http://cwiki.apache.org/confluence/display/MAVEN/MojoExecutionException
