[INFO] Scanning for projects...
[INFO] 
[INFO] ---------------------< org.mybatis:mybatis-spring >---------------------
[INFO] Building mybatis-spring 2.0.7-SNAPSHOT
[INFO] --------------------------------[ jar ]---------------------------------
[INFO] 
[INFO] --- maven-clean-plugin:3.1.0:clean (default-clean) @ mybatis-spring ---
[INFO] Deleting /home/gabsko/breaking-updates/target
[INFO] 
[INFO] --- maven-enforcer-plugin:3.0.0-M1:enforce (enforce-java) @ mybatis-spring ---
[INFO] 
[INFO] --- jacoco-maven-plugin:0.8.6:prepare-agent (prepare-agent) @ mybatis-spring ---
[INFO] argLine set to -javaagent:/home/gabsko/.m2/repository/org/jacoco/org.jacoco.agent/0.8.6/org.jacoco.agent-0.8.6-runtime.jar=destfile=/home/gabsko/breaking-updates/target/jacoco.exec
[INFO] 
[INFO] --- whitespace-maven-plugin:1.0.4:trim (default) @ mybatis-spring ---
[INFO] 
[INFO] --- formatter-maven-plugin:2.12.2:format (default) @ mybatis-spring ---
[INFO] Using 'UTF-8' encoding to format source files.
[INFO] Number of files to be formatted: 147
[INFO] Xml formatting is skipped
[INFO] Xml formatting is skipped
[INFO] Xml formatting is skipped
[INFO] Xml formatting is skipped
[INFO] Xml formatting is skipped
[INFO] Xml formatting is skipped
[INFO] Xml formatting is skipped
[INFO] Xml formatting is skipped
[INFO] Xml formatting is skipped
[INFO] Xml formatting is skipped
[INFO] Xml formatting is skipped
[INFO] Xml formatting is skipped
[INFO] Xml formatting is skipped
[INFO] Xml formatting is skipped
[INFO] Xml formatting is skipped
[INFO] Xml formatting is skipped
[INFO] Xml formatting is skipped
[INFO] Xml formatting is skipped
[INFO] Xml formatting is skipped
[INFO] Xml formatting is skipped
[INFO] Xml formatting is skipped
[INFO] Xml formatting is skipped
[INFO] Xml formatting is skipped
[INFO] Xml formatting is skipped
[INFO] Xml formatting is skipped
[INFO] Xml formatting is skipped
[INFO] Xml formatting is skipped
[INFO] Xml formatting is skipped
[INFO] Successfully formatted:          2 file(s)
[INFO] Fail to format:                  0 file(s)
[INFO] Skipped:                         145 file(s)
[INFO] Read only skipped:               0 file(s)
[INFO] Approximate time taken:          1s
[INFO] 
[INFO] --- impsort-maven-plugin:1.4.1:sort (default) @ mybatis-spring ---
[INFO]  Total Files Processed: 119 in 00:00.544
[INFO]         Already Sorted: 119
[INFO]         Needed Sorting:   0
[INFO] 
[INFO] --- maven-resources-plugin:3.2.0:resources (default-resources) @ mybatis-spring ---
[INFO] Using 'UTF-8' encoding to copy filtered resources.
[INFO] Using 'UTF-8' encoding to copy filtered properties files.
[INFO] Copying 2 resources to META-INF
[INFO] Copying 3 resources
[INFO] Copying 70 resources to /home/gabsko/breaking-updates/target/site-src
[INFO] 
[INFO] --- maven-compiler-plugin:3.8.1:compile (default-compile) @ mybatis-spring ---
[INFO] Compiling 33 source files to /home/gabsko/breaking-updates/target/classes
[INFO] /home/gabsko/breaking-updates/src/main/java/org/mybatis/spring/SqlSessionUtils.java: /home/gabsko/breaking-updates/src/main/java/org/mybatis/spring/SqlSessionUtils.java uses or overrides a deprecated API.
[INFO] /home/gabsko/breaking-updates/src/main/java/org/mybatis/spring/SqlSessionUtils.java: Recompile with -Xlint:deprecation for details.
[INFO] 
[INFO] --- license-maven-plugin:3.0:format (default) @ mybatis-spring ---
[INFO] Updating license headers...
[WARNING] Unknown file extension: /home/gabsko/breaking-updates/src/main/resources/META-INF/spring.schemas
[WARNING] Unknown file extension: /home/gabsko/breaking-updates/src/main/resources/META-INF/spring.handlers
[INFO] Updating license header in: /home/gabsko/breaking-updates/src/test/java/org/mybatis/spring/type/package-info.java
[INFO] Updating license header in: /home/gabsko/breaking-updates/src/test/java/org/mybatis/spring/scan/package-info.java
[INFO] Updating license header in: /home/gabsko/breaking-updates/pom.xml
[WARNING] Unable to find a comment style definition for some files. You may want to add a custom mapping for the relevant file extensions.
[INFO] 
[INFO] --- animal-sniffer-maven-plugin:1.19:check (check-java-compat) @ mybatis-spring ---
[INFO] Checking unresolved references to org.codehaus.mojo.signature:java18:1.0
[INFO] ------------------------------------------------------------------------
[INFO] BUILD FAILURE
[INFO] ------------------------------------------------------------------------
[INFO] Total time:  6.256 s
[INFO] Finished at: 2023-01-13T20:32:26Z
[INFO] ------------------------------------------------------------------------
[ERROR] Failed to execute goal org.codehaus.mojo:animal-sniffer-maven-plugin:1.19:check (check-java-compat) on project mybatis-spring: Execution check-java-compat of goal org.codehaus.mojo:animal-sniffer-maven-plugin:1.19:check failed: This feature requires ASM7 -> [Help 1]
[ERROR] 
[ERROR] To see the full stack trace of the errors, re-run Maven with the -e switch.
[ERROR] Re-run Maven using the -X switch to enable full debug logging.
[ERROR] 
[ERROR] For more information about the errors and possible solutions, please read the following articles:
[ERROR] [Help 1] http://cwiki.apache.org/confluence/display/MAVEN/PluginExecutionException
