[INFO] Scanning for projects...
[INFO] 
[INFO] -------------------< io.qameta.allure:allure-maven >--------------------
[INFO] Building Allure Maven 2.12-SNAPSHOT
[INFO] ----------------------------[ maven-plugin ]----------------------------
[INFO] Downloading from central: https://repo.maven.apache.org/maven2/net/lingala/zip4j/zip4j/2.11.1/zip4j-2.11.1.pom
[INFO] Downloaded from central: https://repo.maven.apache.org/maven2/net/lingala/zip4j/zip4j/2.11.1/zip4j-2.11.1.pom (0 B at 0 B/s)
[INFO] Downloading from central: https://repo.maven.apache.org/maven2/net/lingala/zip4j/zip4j/2.11.1/zip4j-2.11.1.jar
[INFO] Downloaded from central: https://repo.maven.apache.org/maven2/net/lingala/zip4j/zip4j/2.11.1/zip4j-2.11.1.jar (0 B at 0 B/s)
[INFO] 
[INFO] --- maven-clean-plugin:2.5:clean (default-clean) @ allure-maven ---
[INFO] Deleting /home/gabsko/breaking-updates/target
[INFO] 
[INFO] --- maven-checkstyle-plugin:3.1.2:check (validate) @ allure-maven ---
[INFO] Starting audit...
Audit done.
[INFO] You have 0 Checkstyle violations.
[INFO] 
[INFO] >>> maven-pmd-plugin:3.15.0:check (validate) > :pmd @ allure-maven >>>
[INFO] 
[INFO] --- maven-pmd-plugin:3.15.0:pmd (pmd) @ allure-maven ---
[INFO] PMD version: 6.40.0
[INFO] 
[INFO] <<< maven-pmd-plugin:3.15.0:check (validate) < :pmd @ allure-maven <<<
[INFO] 
[INFO] 
[INFO] --- maven-pmd-plugin:3.15.0:check (validate) @ allure-maven ---
[INFO] PMD version: 6.40.0
[INFO] 
[INFO] 
[INFO] --- maven-plugin-plugin:3.6.1:helpmojo (generated-helpmojo) @ allure-maven ---
[INFO] Using 'UTF-8' encoding to read mojo source files.
[INFO] java-javadoc mojo extractor found 0 mojo descriptor.
[INFO] ant mojo extractor found 0 mojo descriptor.
[INFO] bsh mojo extractor found 0 mojo descriptor.
[INFO] java-annotations mojo extractor found 0 mojo descriptor.
[INFO] 
[INFO] --- maven-resources-plugin:2.6:resources (default-resources) @ allure-maven ---
[INFO] Using 'UTF-8' encoding to copy filtered resources.
[INFO] skip non existing resourceDirectory /home/gabsko/breaking-updates/src/main/resources
[INFO] 
[INFO] --- maven-compiler-plugin:3.8.1:compile (default-compile) @ allure-maven ---
[INFO] Changes detected - recompiling the module!
[INFO] Compiling 11 source files to /home/gabsko/breaking-updates/target/classes
[INFO] /home/gabsko/breaking-updates/src/main/java/io/qameta/allure/maven/AllureGenerateMojo.java: /home/gabsko/breaking-updates/src/main/java/io/qameta/allure/maven/AllureGenerateMojo.java uses or overrides a deprecated API.
[INFO] /home/gabsko/breaking-updates/src/main/java/io/qameta/allure/maven/AllureGenerateMojo.java: Recompile with -Xlint:deprecation for details.
[INFO] -------------------------------------------------------------
[ERROR] COMPILATION ERROR : 
[INFO] -------------------------------------------------------------
[ERROR] /home/gabsko/breaking-updates/src/main/java/io/qameta/allure/maven/AllureCommandline.java:[18,30] package net.lingala.zip4j.core does not exist
[INFO] 1 error
[INFO] -------------------------------------------------------------
[INFO] ------------------------------------------------------------------------
[INFO] BUILD FAILURE
[INFO] ------------------------------------------------------------------------
[INFO] Total time:  4.990 s
[INFO] Finished at: 2023-01-13T13:45:57Z
[INFO] ------------------------------------------------------------------------
[ERROR] Failed to execute goal org.apache.maven.plugins:maven-compiler-plugin:3.8.1:compile (default-compile) on project allure-maven: Compilation failure
[ERROR] /home/gabsko/breaking-updates/src/main/java/io/qameta/allure/maven/AllureCommandline.java:[18,30] package net.lingala.zip4j.core does not exist
[ERROR] -> [Help 1]
[ERROR] 
[ERROR] To see the full stack trace of the errors, re-run Maven with the -e switch.
[ERROR] Re-run Maven using the -X switch to enable full debug logging.
[ERROR] 
[ERROR] For more information about the errors and possible solutions, please read the following articles:
[ERROR] [Help 1] http://cwiki.apache.org/confluence/display/MAVEN/MojoFailureException
