[INFO] Scanning for projects...
[WARNING] The POM for org.jenkins-ci.tools:maven-hpi-plugin:jar:3.17 is missing, no dependency information available
[WARNING] Failed to build parent project for org.waveywaves.jenkins.plugins:tekton-client:hpi:1.0.0-SNAPSHOT
[INFO] 
[INFO] ------------< org.waveywaves.jenkins.plugins:tekton-client >------------
[INFO] Building Tekton Client Plugin 1.0.0-SNAPSHOT
[INFO] --------------------------------[ hpi ]---------------------------------
[INFO] Downloading from repo.jenkins-ci.org: https://repo.jenkins-ci.org/public/org/jenkins-ci/plugins/envinject/2.866.v5c0403e3d4df/envinject-2.866.v5c0403e3d4df.pom
[INFO] Downloaded from repo.jenkins-ci.org: https://repo.jenkins-ci.org/public/org/jenkins-ci/plugins/envinject/2.866.v5c0403e3d4df/envinject-2.866.v5c0403e3d4df.pom (5.1 kB at 6.5 kB/s)
[INFO] Downloading from repo.jenkins-ci.org: https://repo.jenkins-ci.org/public/org/jenkins-ci/plugins/envinject/2.866.v5c0403e3d4df/envinject-2.866.v5c0403e3d4df.jar
[INFO] Downloaded from repo.jenkins-ci.org: https://repo.jenkins-ci.org/public/org/jenkins-ci/plugins/envinject/2.866.v5c0403e3d4df/envinject-2.866.v5c0403e3d4df.jar (163 kB at 265 kB/s)
[INFO] 
[INFO] --- maven-clean-plugin:3.1.0:clean (default-clean) @ tekton-client ---
[INFO] Deleting /home/gabsko/breaking-updates/target
[INFO] 
[INFO] --- maven-hpi-plugin:3.17:validate (default-validate) @ tekton-client ---
[INFO] 
[INFO] --- maven-hpi-plugin:3.17:validate-hpi (default-validate-hpi) @ tekton-client ---
[INFO] ------------------------------------------------------------------------
[INFO] BUILD FAILURE
[INFO] ------------------------------------------------------------------------
[INFO] Total time:  3.901 s
[INFO] Finished at: 2023-01-13T19:35:32Z
[INFO] ------------------------------------------------------------------------
[ERROR] Failed to execute goal org.jenkins-ci.tools:maven-hpi-plugin:3.17:validate-hpi (default-validate-hpi) on project tekton-client: Dependency org.jenkins-ci.plugins:envinject-api:jar:1.199.v3ce31253ed13 requires Jenkins 2.332.1 or higher. -> [Help 1]
[ERROR] 
[ERROR] To see the full stack trace of the errors, re-run Maven with the -e switch.
[ERROR] Re-run Maven using the -X switch to enable full debug logging.
[ERROR] 
[ERROR] For more information about the errors and possible solutions, please read the following articles:
[ERROR] [Help 1] http://cwiki.apache.org/confluence/display/MAVEN/MojoExecutionException
