[INFO] Scanning for projects...
[WARNING] The POM for org.jenkins-ci.tools:maven-hpi-plugin:jar:3.27 is missing, no dependency information available
[WARNING] Failed to build parent project for org.jenkins-ci.plugins:github-oauth:hpi:0.39-SNAPSHOT
[INFO] 
[INFO] ----------------< org.jenkins-ci.plugins:github-oauth >-----------------
[INFO] Building GitHub Authentication plugin 0.39-SNAPSHOT
[INFO] --------------------------------[ hpi ]---------------------------------
[INFO] Downloading from repo.jenkins-ci.org: https://repo.jenkins-ci.org/public/org/jenkins-ci/plugins/github-branch-source/1599.v9fb_798a_a_7c4f/github-branch-source-1599.v9fb_798a_a_7c4f.pom
[INFO] Downloaded from repo.jenkins-ci.org: https://repo.jenkins-ci.org/public/org/jenkins-ci/plugins/github-branch-source/1599.v9fb_798a_a_7c4f/github-branch-source-1599.v9fb_798a_a_7c4f.pom (4.5 kB at 4.5 kB/s)
[INFO] Downloading from repo.jenkins-ci.org: https://repo.jenkins-ci.org/public/org/jenkins-ci/plugins/github-branch-source/1599.v9fb_798a_a_7c4f/github-branch-source-1599.v9fb_798a_a_7c4f.jar
[INFO] Downloaded from repo.jenkins-ci.org: https://repo.jenkins-ci.org/public/org/jenkins-ci/plugins/github-branch-source/1599.v9fb_798a_a_7c4f/github-branch-source-1599.v9fb_798a_a_7c4f.jar (348 kB at 199 kB/s)
[INFO] 
[INFO] --- maven-clean-plugin:3.2.0:clean (default-clean) @ github-oauth ---
[INFO] Deleting /home/gabsko/breaking-updates/target
[INFO] 
[INFO] --- maven-hpi-plugin:3.27:validate (default-validate) @ github-oauth ---
[INFO] 
[INFO] --- maven-hpi-plugin:3.27:validate-hpi (default-validate-hpi) @ github-oauth ---
[INFO] ------------------------------------------------------------------------
[INFO] BUILD FAILURE
[INFO] ------------------------------------------------------------------------
[INFO] Total time:  4.622 s
[INFO] Finished at: 2023-01-17T19:18:31Z
[INFO] ------------------------------------------------------------------------
[ERROR] Failed to execute goal org.jenkins-ci.tools:maven-hpi-plugin:3.27:validate-hpi (default-validate-hpi) on project github-oauth: Dependency org.jenkins-ci.plugins:github-branch-source:jar:1599.v9fb_798a_a_7c4f requires Jenkins 2.323 or higher. -> [Help 1]
[ERROR] 
[ERROR] To see the full stack trace of the errors, re-run Maven with the -e switch.
[ERROR] Re-run Maven using the -X switch to enable full debug logging.
[ERROR] 
[ERROR] For more information about the errors and possible solutions, please read the following articles:
[ERROR] [Help 1] http://cwiki.apache.org/confluence/display/MAVEN/MojoExecutionException
