[INFO] Scanning for projects...
[WARNING] The POM for org.jenkins-ci.tools:maven-hpi-plugin:jar:3.25 is missing, no dependency information available
[WARNING] Failed to build parent project for org.jenkins-ci.plugins:jobConfigHistory:hpi:999999-SNAPSHOT
[INFO] 
[INFO] --------------< org.jenkins-ci.plugins:jobConfigHistory >---------------
[INFO] Building Jenkins Job Configuration History Plugin 999999-SNAPSHOT
[INFO] --------------------------------[ hpi ]---------------------------------
[INFO] 
[INFO] --- maven-clean-plugin:3.1.0:clean (default-clean) @ jobConfigHistory ---
[INFO] Deleting /home/gabsko/breaking-updates/target
[INFO] 
[INFO] --- maven-hpi-plugin:3.25:validate (default-validate) @ jobConfigHistory ---
[INFO] 
[INFO] --- maven-hpi-plugin:3.25:validate-hpi (default-validate-hpi) @ jobConfigHistory ---
[INFO] 
[INFO] --- maven-enforcer-plugin:3.0.0:display-info (display-info) @ jobConfigHistory ---
[INFO] Maven Version: 3.8.6
[INFO] JDK Version: 11.0.17 normalized as: 11.0.17
[INFO] Java Vendor: Ubuntu
[INFO] OS Info: Arch: amd64 Family: unix Name: linux Version: 5.4.0-113-generic
[INFO] 
[INFO] --- maven-enforcer-plugin:3.0.0:enforce (display-info) @ jobConfigHistory ---
[INFO] Adding ignore: module-info
[INFO] Ignoring requireUpperBoundDeps in com.google.code.findbugs:jsr305
[INFO] Ignoring requireUpperBoundDeps in javax.servlet:servlet-api
[INFO] 
[INFO] --- maven-enforcer-plugin:3.0.0:enforce (no-snapshots-in-release) @ jobConfigHistory ---
[INFO] 
[INFO] --- gmavenplus-plugin:1.13.1:addTestSources (test-in-groovy) @ jobConfigHistory ---
[INFO] 
[INFO] --- jacoco-maven-plugin:0.8.7:prepare-agent (default) @ jobConfigHistory ---
[INFO] argLine set to -javaagent:/home/gabsko/.m2/repository/org/jacoco/org.jacoco.agent/0.8.7/org.jacoco.agent-0.8.7-runtime.jar=destfile=/home/gabsko/breaking-updates/target/jacoco.exec,excludes=**/hudson/plugins/jobConfigHistory/JobConfigHistoryConsts.class:**/hudson/plugins/jobConfigHistory/Messages.class -Xms768M -Xmx768M -XX:+HeapDumpOnOutOfMemoryError -XX:+TieredCompilation -XX:TieredStopAtLevel=1
[INFO] 
[INFO] --- localizer-maven-plugin:1.31:generate (default) @ jobConfigHistory ---
[INFO] 
[INFO] --- maven-resources-plugin:3.2.0:resources (default-resources) @ jobConfigHistory ---
[INFO] Using 'UTF-8' encoding to copy filtered resources.
[INFO] Using 'UTF-8' encoding to copy filtered properties files.
[INFO] Copying 58 resources
[INFO] 
[INFO] --- flatten-maven-plugin:1.2.7:flatten (flatten) @ jobConfigHistory ---
[INFO] Generating flattened POM of project org.jenkins-ci.plugins:jobConfigHistory:hpi:999999-SNAPSHOT...
[INFO] 
[INFO] --- maven-compiler-plugin:3.10.0:compile (default-compile) @ jobConfigHistory ---
[INFO] Changes detected - recompiling the module!
[INFO] Compiling 41 source files to /home/gabsko/breaking-updates/target/classes
[INFO] /home/gabsko/breaking-updates/src/main/java/hudson/plugins/jobConfigHistory/JobConfigHistory.java: Some input files use or override a deprecated API.
[INFO] /home/gabsko/breaking-updates/src/main/java/hudson/plugins/jobConfigHistory/JobConfigHistory.java: Recompile with -Xlint:deprecation for details.
[INFO] /home/gabsko/breaking-updates/src/main/java/hudson/plugins/jobConfigHistory/JobConfigHistoryRootAction.java: /home/gabsko/breaking-updates/src/main/java/hudson/plugins/jobConfigHistory/JobConfigHistoryRootAction.java uses unchecked or unsafe operations.
[INFO] /home/gabsko/breaking-updates/src/main/java/hudson/plugins/jobConfigHistory/JobConfigHistoryRootAction.java: Recompile with -Xlint:unchecked for details.
[INFO] 
[INFO] --- access-modifier-checker:1.27:enforce (default-enforce) @ jobConfigHistory ---
[INFO] 
[INFO] --- maven-hpi-plugin:3.25:insert-test (default-insert-test) @ jobConfigHistory ---
[INFO] 
[INFO] --- gmavenplus-plugin:1.13.1:generateTestStubs (test-in-groovy) @ jobConfigHistory ---
[INFO] No sources specified for stub generation. Skipping.
[INFO] Generated 0 stubs.
[INFO] 
[INFO] --- maven-antrun-plugin:3.0.0:run (createTempDir) @ jobConfigHistory ---
[INFO] Executing tasks
[INFO]     [mkdir] Created dir: /home/gabsko/breaking-updates/target/tmp
[INFO] Executed tasks
[INFO] 
[INFO] --- maven-resources-plugin:3.2.0:testResources (default-testResources) @ jobConfigHistory ---
[INFO] Using 'UTF-8' encoding to copy filtered resources.
[INFO] Using 'UTF-8' encoding to copy filtered properties files.
[INFO] Copying 12 resources
[INFO] 
[INFO] --- maven-compiler-plugin:3.10.0:testCompile (default-testCompile) @ jobConfigHistory ---
[INFO] Changes detected - recompiling the module!
[INFO] Compiling 37 source files to /home/gabsko/breaking-updates/target/test-classes
[INFO] /home/gabsko/breaking-updates/src/test/java/hudson/plugins/jobConfigHistory/JobConfigBadgeActionIT.java: Some input files use or override a deprecated API.
[INFO] /home/gabsko/breaking-updates/src/test/java/hudson/plugins/jobConfigHistory/JobConfigBadgeActionIT.java: Recompile with -Xlint:deprecation for details.
[INFO] /home/gabsko/breaking-updates/src/test/java/hudson/plugins/jobConfigHistory/JobConfigBadgeActionTest.java: /home/gabsko/breaking-updates/src/test/java/hudson/plugins/jobConfigHistory/JobConfigBadgeActionTest.java uses unchecked or unsafe operations.
[INFO] /home/gabsko/breaking-updates/src/test/java/hudson/plugins/jobConfigHistory/JobConfigBadgeActionTest.java: Recompile with -Xlint:unchecked for details.
[INFO] -------------------------------------------------------------
[ERROR] COMPILATION ERROR : 
[INFO] -------------------------------------------------------------
[ERROR] /home/gabsko/breaking-updates/src/test/java/hudson/plugins/jobConfigHistory/JobConfigHistoryProjectActionTest.java:[30,26] cannot find symbol
  symbol:   class Matchers
  location: package org.mockito
[ERROR] /home/gabsko/breaking-updates/src/test/java/hudson/plugins/jobConfigHistory/JobConfigHistoryProjectActionTest.java:[30,1] static import only from classes and interfaces
[ERROR] /home/gabsko/breaking-updates/src/test/java/hudson/plugins/jobConfigHistory/JobConfigHistorySaveableListenerTest.java:[7,26] cannot find symbol
  symbol:   class Matchers
  location: package org.mockito
[ERROR] /home/gabsko/breaking-updates/src/test/java/hudson/plugins/jobConfigHistory/JobConfigHistorySaveableListenerTest.java:[7,1] static import only from classes and interfaces
[ERROR] /home/gabsko/breaking-updates/src/test/java/hudson/plugins/jobConfigHistory/JobConfigHistorySaveableListenerTest.java:[10,1] cannot find symbol
  symbol:   static verifyZeroInteractions
  location: class org.mockito.Mockito
[ERROR] /home/gabsko/breaking-updates/src/test/java/hudson/plugins/jobConfigHistory/JobConfigHistoryJobListenerTest.java:[9,1] cannot find symbol
  symbol:   static verifyZeroInteractions
  location: class org.mockito.Mockito
[ERROR] /home/gabsko/breaking-updates/src/test/java/hudson/plugins/jobConfigHistory/JobConfigHistoryProjectActionTest.java:[363,41] cannot find symbol
  symbol:   method any(java.lang.Class<java.lang.String>)
  location: class hudson.plugins.jobConfigHistory.JobConfigHistoryProjectActionTest
[ERROR] /home/gabsko/breaking-updates/src/test/java/hudson/plugins/jobConfigHistory/JobConfigHistoryProjectActionTest.java:[429,45] cannot find symbol
  symbol:   method any(java.lang.Class<java.lang.String>)
  location: class hudson.plugins.jobConfigHistory.JobConfigHistoryProjectActionTest
[ERROR] /home/gabsko/breaking-updates/src/test/java/hudson/plugins/jobConfigHistory/JobConfigHistorySaveableListenerTest.java:[28,38] cannot find symbol
  symbol:   method any(java.lang.Class<hudson.model.Saveable>)
  location: class hudson.plugins.jobConfigHistory.JobConfigHistorySaveableListenerTest
[ERROR] /home/gabsko/breaking-updates/src/test/java/hudson/plugins/jobConfigHistory/JobConfigHistorySaveableListenerTest.java:[28,59] cannot find symbol
  symbol:   method any(java.lang.Class<hudson.XmlFile>)
  location: class hudson.plugins.jobConfigHistory.JobConfigHistorySaveableListenerTest
[ERROR] /home/gabsko/breaking-updates/src/test/java/hudson/plugins/jobConfigHistory/JobConfigHistorySaveableListenerTest.java:[32,9] cannot find symbol
  symbol:   method verifyZeroInteractions(hudson.plugins.jobConfigHistory.HistoryDao)
  location: class hudson.plugins.jobConfigHistory.JobConfigHistorySaveableListenerTest
[ERROR] /home/gabsko/breaking-updates/src/test/java/hudson/plugins/jobConfigHistory/JobConfigHistorySaveableListenerTest.java:[40,38] cannot find symbol
  symbol:   method any(java.lang.Class<hudson.model.Saveable>)
  location: class hudson.plugins.jobConfigHistory.JobConfigHistorySaveableListenerTest
[ERROR] /home/gabsko/breaking-updates/src/test/java/hudson/plugins/jobConfigHistory/JobConfigHistorySaveableListenerTest.java:[40,59] cannot find symbol
  symbol:   method any(java.lang.Class<hudson.XmlFile>)
  location: class hudson.plugins.jobConfigHistory.JobConfigHistorySaveableListenerTest
[ERROR] /home/gabsko/breaking-updates/src/test/java/hudson/plugins/jobConfigHistory/JobConfigHistorySaveableListenerTest.java:[44,60] cannot find symbol
  symbol:   method any(java.lang.Class<hudson.XmlFile>)
  location: class hudson.plugins.jobConfigHistory.JobConfigHistorySaveableListenerTest
[ERROR] /home/gabsko/breaking-updates/src/test/java/hudson/plugins/jobConfigHistory/JobConfigHistoryJobListenerTest.java:[29,9] cannot find symbol
  symbol:   method verifyZeroInteractions(hudson.plugins.jobConfigHistory.ItemListenerHistoryDao)
  location: class hudson.plugins.jobConfigHistory.JobConfigHistoryJobListenerTest
[ERROR] /home/gabsko/breaking-updates/src/test/java/hudson/plugins/jobConfigHistory/JobConfigHistoryJobListenerTest.java:[49,9] cannot find symbol
  symbol:   method verifyZeroInteractions(hudson.plugins.jobConfigHistory.ItemListenerHistoryDao)
  location: class hudson.plugins.jobConfigHistory.JobConfigHistoryJobListenerTest
[ERROR] /home/gabsko/breaking-updates/src/test/java/hudson/plugins/jobConfigHistory/JobConfigHistoryJobListenerTest.java:[70,9] cannot find symbol
  symbol:   method verifyZeroInteractions(hudson.plugins.jobConfigHistory.ItemListenerHistoryDao)
  location: class hudson.plugins.jobConfigHistory.JobConfigHistoryJobListenerTest
[INFO] 17 errors 
[INFO] -------------------------------------------------------------
[INFO] ------------------------------------------------------------------------
[INFO] BUILD FAILURE
[INFO] ------------------------------------------------------------------------
[INFO] Total time:  5.665 s
[INFO] Finished at: 2023-01-17T19:30:45Z
[INFO] ------------------------------------------------------------------------
[ERROR] Failed to execute goal org.apache.maven.plugins:maven-compiler-plugin:3.10.0:testCompile (default-testCompile) on project jobConfigHistory: Compilation failure: Compilation failure: 
[ERROR] /home/gabsko/breaking-updates/src/test/java/hudson/plugins/jobConfigHistory/JobConfigHistoryProjectActionTest.java:[30,26] cannot find symbol
[ERROR]   symbol:   class Matchers
[ERROR]   location: package org.mockito
[ERROR] /home/gabsko/breaking-updates/src/test/java/hudson/plugins/jobConfigHistory/JobConfigHistoryProjectActionTest.java:[30,1] static import only from classes and interfaces
[ERROR] /home/gabsko/breaking-updates/src/test/java/hudson/plugins/jobConfigHistory/JobConfigHistorySaveableListenerTest.java:[7,26] cannot find symbol
[ERROR]   symbol:   class Matchers
[ERROR]   location: package org.mockito
[ERROR] /home/gabsko/breaking-updates/src/test/java/hudson/plugins/jobConfigHistory/JobConfigHistorySaveableListenerTest.java:[7,1] static import only from classes and interfaces
[ERROR] /home/gabsko/breaking-updates/src/test/java/hudson/plugins/jobConfigHistory/JobConfigHistorySaveableListenerTest.java:[10,1] cannot find symbol
[ERROR]   symbol:   static verifyZeroInteractions
[ERROR]   location: class org.mockito.Mockito
[ERROR] /home/gabsko/breaking-updates/src/test/java/hudson/plugins/jobConfigHistory/JobConfigHistoryJobListenerTest.java:[9,1] cannot find symbol
[ERROR]   symbol:   static verifyZeroInteractions
[ERROR]   location: class org.mockito.Mockito
[ERROR] /home/gabsko/breaking-updates/src/test/java/hudson/plugins/jobConfigHistory/JobConfigHistoryProjectActionTest.java:[363,41] cannot find symbol
[ERROR]   symbol:   method any(java.lang.Class<java.lang.String>)
[ERROR]   location: class hudson.plugins.jobConfigHistory.JobConfigHistoryProjectActionTest
[ERROR] /home/gabsko/breaking-updates/src/test/java/hudson/plugins/jobConfigHistory/JobConfigHistoryProjectActionTest.java:[429,45] cannot find symbol
[ERROR]   symbol:   method any(java.lang.Class<java.lang.String>)
[ERROR]   location: class hudson.plugins.jobConfigHistory.JobConfigHistoryProjectActionTest
[ERROR] /home/gabsko/breaking-updates/src/test/java/hudson/plugins/jobConfigHistory/JobConfigHistorySaveableListenerTest.java:[28,38] cannot find symbol
[ERROR]   symbol:   method any(java.lang.Class<hudson.model.Saveable>)
[ERROR]   location: class hudson.plugins.jobConfigHistory.JobConfigHistorySaveableListenerTest
[ERROR] /home/gabsko/breaking-updates/src/test/java/hudson/plugins/jobConfigHistory/JobConfigHistorySaveableListenerTest.java:[28,59] cannot find symbol
[ERROR]   symbol:   method any(java.lang.Class<hudson.XmlFile>)
[ERROR]   location: class hudson.plugins.jobConfigHistory.JobConfigHistorySaveableListenerTest
[ERROR] /home/gabsko/breaking-updates/src/test/java/hudson/plugins/jobConfigHistory/JobConfigHistorySaveableListenerTest.java:[32,9] cannot find symbol
[ERROR]   symbol:   method verifyZeroInteractions(hudson.plugins.jobConfigHistory.HistoryDao)
[ERROR]   location: class hudson.plugins.jobConfigHistory.JobConfigHistorySaveableListenerTest
[ERROR] /home/gabsko/breaking-updates/src/test/java/hudson/plugins/jobConfigHistory/JobConfigHistorySaveableListenerTest.java:[40,38] cannot find symbol
[ERROR]   symbol:   method any(java.lang.Class<hudson.model.Saveable>)
[ERROR]   location: class hudson.plugins.jobConfigHistory.JobConfigHistorySaveableListenerTest
[ERROR] /home/gabsko/breaking-updates/src/test/java/hudson/plugins/jobConfigHistory/JobConfigHistorySaveableListenerTest.java:[40,59] cannot find symbol
[ERROR]   symbol:   method any(java.lang.Class<hudson.XmlFile>)
[ERROR]   location: class hudson.plugins.jobConfigHistory.JobConfigHistorySaveableListenerTest
[ERROR] /home/gabsko/breaking-updates/src/test/java/hudson/plugins/jobConfigHistory/JobConfigHistorySaveableListenerTest.java:[44,60] cannot find symbol
[ERROR]   symbol:   method any(java.lang.Class<hudson.XmlFile>)
[ERROR]   location: class hudson.plugins.jobConfigHistory.JobConfigHistorySaveableListenerTest
[ERROR] /home/gabsko/breaking-updates/src/test/java/hudson/plugins/jobConfigHistory/JobConfigHistoryJobListenerTest.java:[29,9] cannot find symbol
[ERROR]   symbol:   method verifyZeroInteractions(hudson.plugins.jobConfigHistory.ItemListenerHistoryDao)
[ERROR]   location: class hudson.plugins.jobConfigHistory.JobConfigHistoryJobListenerTest
[ERROR] /home/gabsko/breaking-updates/src/test/java/hudson/plugins/jobConfigHistory/JobConfigHistoryJobListenerTest.java:[49,9] cannot find symbol
[ERROR]   symbol:   method verifyZeroInteractions(hudson.plugins.jobConfigHistory.ItemListenerHistoryDao)
[ERROR]   location: class hudson.plugins.jobConfigHistory.JobConfigHistoryJobListenerTest
[ERROR] /home/gabsko/breaking-updates/src/test/java/hudson/plugins/jobConfigHistory/JobConfigHistoryJobListenerTest.java:[70,9] cannot find symbol
[ERROR]   symbol:   method verifyZeroInteractions(hudson.plugins.jobConfigHistory.ItemListenerHistoryDao)
[ERROR]   location: class hudson.plugins.jobConfigHistory.JobConfigHistoryJobListenerTest
[ERROR] -> [Help 1]
[ERROR] 
[ERROR] To see the full stack trace of the errors, re-run Maven with the -e switch.
[ERROR] Re-run Maven using the -X switch to enable full debug logging.
[ERROR] 
[ERROR] For more information about the errors and possible solutions, please read the following articles:
[ERROR] [Help 1] http://cwiki.apache.org/confluence/display/MAVEN/MojoFailureException
