[INFO] Scanning for projects...
[INFO] Inspecting build with total of 1 modules...
[INFO] Installing Nexus Staging features:
[INFO]   ... total of 1 executions of maven-deploy-plugin replaced with nexus-staging-maven-plugin
[INFO] 
[INFO] -------------------------< de.retest:recheck >--------------------------
[INFO] Building recheck 1.14.0-SNAPSHOT
[INFO] --------------------------------[ jar ]---------------------------------
[INFO] Downloading from central: https://repo.maven.apache.org/maven2/com/approvaltests/approvaltests-util/18.3.0/approvaltests-util-18.3.0.jar
[INFO] Downloading from central: https://repo.maven.apache.org/maven2/com/approvaltests/approvaltests/18.3.0/approvaltests-18.3.0.jar
[INFO] Downloaded from central: https://repo.maven.apache.org/maven2/com/approvaltests/approvaltests/18.3.0/approvaltests-18.3.0.jar (271 kB at 491 kB/s)
[INFO] Downloaded from central: https://repo.maven.apache.org/maven2/com/approvaltests/approvaltests-util/18.3.0/approvaltests-util-18.3.0.jar (602 kB at 1.1 MB/s)
[INFO] 
[INFO] --- maven-clean-plugin:2.5:clean (default-clean) @ recheck ---
[INFO] Deleting /home/gabsko/breaking-updates/target
[INFO] 
[INFO] --- maven-enforcer-plugin:3.0.0:enforce (enforce-maven) @ recheck ---
[INFO] 
[INFO] --- maven-resources-plugin:2.6:resources (default-resources) @ recheck ---
[INFO] Using 'UTF-8' encoding to copy filtered resources.
[INFO] Copying 10 resources
[INFO] 
[INFO] --- maven-compiler-plugin:3.10.1:compile (default-compile) @ recheck ---
[INFO] Changes detected - recompiling the module!
[INFO] Compiling 285 source files to /home/gabsko/breaking-updates/target/classes
[WARNING] /home/gabsko/breaking-updates/src/main/java/de/retest/recheck/RecheckImpl.java:[17,37] de.retest.recheck.persistence.FileNamer in de.retest.recheck.persistence has been deprecated
[WARNING] /home/gabsko/breaking-updates/src/main/java/de/retest/recheck/RecheckOptions.java:[16,37] de.retest.recheck.persistence.FileNamer in de.retest.recheck.persistence has been deprecated
[WARNING] /home/gabsko/breaking-updates/src/main/java/de/retest/recheck/FileNamerStrategy.java:[3,37] de.retest.recheck.persistence.FileNamer in de.retest.recheck.persistence has been deprecated
[WARNING] /home/gabsko/breaking-updates/src/main/java/de/retest/recheck/GradleConformFileNamerStrategy.java:[8,37] de.retest.recheck.persistence.FileNamer in de.retest.recheck.persistence has been deprecated
[WARNING] /home/gabsko/breaking-updates/src/main/java/de/retest/recheck/MavenConformFileNamerStrategy.java:[7,37] de.retest.recheck.persistence.FileNamer in de.retest.recheck.persistence has been deprecated
[WARNING] /home/gabsko/breaking-updates/src/main/java/de/retest/recheck/RecheckImpl.java:[17,37] de.retest.recheck.persistence.FileNamer in de.retest.recheck.persistence has been deprecated
[WARNING] /home/gabsko/breaking-updates/src/main/java/de/retest/recheck/RecheckOptions.java:[16,37] de.retest.recheck.persistence.FileNamer in de.retest.recheck.persistence has been deprecated
[WARNING] /home/gabsko/breaking-updates/src/main/java/de/retest/recheck/FileNamerStrategy.java:[3,37] de.retest.recheck.persistence.FileNamer in de.retest.recheck.persistence has been deprecated
[WARNING] /home/gabsko/breaking-updates/src/main/java/de/retest/recheck/GradleConformFileNamerStrategy.java:[8,37] de.retest.recheck.persistence.FileNamer in de.retest.recheck.persistence has been deprecated
[WARNING] /home/gabsko/breaking-updates/src/main/java/de/retest/recheck/MavenConformFileNamerStrategy.java:[7,37] de.retest.recheck.persistence.FileNamer in de.retest.recheck.persistence has been deprecated
[WARNING] /home/gabsko/breaking-updates/src/main/java/de/retest/recheck/RecheckImpl.java:[17,37] de.retest.recheck.persistence.FileNamer in de.retest.recheck.persistence has been deprecated
[WARNING] /home/gabsko/breaking-updates/src/main/java/de/retest/recheck/RecheckOptions.java:[16,37] de.retest.recheck.persistence.FileNamer in de.retest.recheck.persistence has been deprecated
[WARNING] /home/gabsko/breaking-updates/src/main/java/de/retest/recheck/FileNamerStrategy.java:[3,37] de.retest.recheck.persistence.FileNamer in de.retest.recheck.persistence has been deprecated
[WARNING] /home/gabsko/breaking-updates/src/main/java/de/retest/recheck/GradleConformFileNamerStrategy.java:[8,37] de.retest.recheck.persistence.FileNamer in de.retest.recheck.persistence has been deprecated
[WARNING] /home/gabsko/breaking-updates/src/main/java/de/retest/recheck/MavenConformFileNamerStrategy.java:[7,37] de.retest.recheck.persistence.FileNamer in de.retest.recheck.persistence has been deprecated
[WARNING] /home/gabsko/breaking-updates/src/main/java/de/retest/recheck/RecheckImpl.java:[17,37] de.retest.recheck.persistence.FileNamer in de.retest.recheck.persistence has been deprecated
[WARNING] /home/gabsko/breaking-updates/src/main/java/de/retest/recheck/RecheckOptions.java:[16,37] de.retest.recheck.persistence.FileNamer in de.retest.recheck.persistence has been deprecated
[WARNING] /home/gabsko/breaking-updates/src/main/java/de/retest/recheck/FileNamerStrategy.java:[3,37] de.retest.recheck.persistence.FileNamer in de.retest.recheck.persistence has been deprecated
[WARNING] /home/gabsko/breaking-updates/src/main/java/de/retest/recheck/GradleConformFileNamerStrategy.java:[8,37] de.retest.recheck.persistence.FileNamer in de.retest.recheck.persistence has been deprecated
[WARNING] /home/gabsko/breaking-updates/src/main/java/de/retest/recheck/MavenConformFileNamerStrategy.java:[7,37] de.retest.recheck.persistence.FileNamer in de.retest.recheck.persistence has been deprecated
[WARNING] /home/gabsko/breaking-updates/src/main/java/de/retest/recheck/RecheckImpl.java:[17,37] de.retest.recheck.persistence.FileNamer in de.retest.recheck.persistence has been deprecated
[WARNING] /home/gabsko/breaking-updates/src/main/java/de/retest/recheck/RecheckOptions.java:[16,37] de.retest.recheck.persistence.FileNamer in de.retest.recheck.persistence has been deprecated
[WARNING] /home/gabsko/breaking-updates/src/main/java/de/retest/recheck/FileNamerStrategy.java:[3,37] de.retest.recheck.persistence.FileNamer in de.retest.recheck.persistence has been deprecated
[WARNING] /home/gabsko/breaking-updates/src/main/java/de/retest/recheck/GradleConformFileNamerStrategy.java:[8,37] de.retest.recheck.persistence.FileNamer in de.retest.recheck.persistence has been deprecated
[WARNING] /home/gabsko/breaking-updates/src/main/java/de/retest/recheck/MavenConformFileNamerStrategy.java:[7,37] de.retest.recheck.persistence.FileNamer in de.retest.recheck.persistence has been deprecated
[WARNING] /home/gabsko/breaking-updates/src/main/java/de/retest/recheck/ui/diff/RootElementDifference.java:[138,112] newInstance() in java.lang.Class has been deprecated
[WARNING] /home/gabsko/breaking-updates/src/main/java/de/retest/recheck/RecheckImpl.java:[149,31] de.retest.recheck.persistence.FileNamer in de.retest.recheck.persistence has been deprecated
[WARNING] /home/gabsko/breaking-updates/src/main/java/de/retest/recheck/RecheckOptions.java:[34,23] de.retest.recheck.FileNamerStrategy in de.retest.recheck has been deprecated
[WARNING] /home/gabsko/breaking-updates/src/main/java/de/retest/recheck/RecheckOptions.java:[34,23] de.retest.recheck.FileNamerStrategy in de.retest.recheck has been deprecated
[WARNING] /home/gabsko/breaking-updates/src/main/java/de/retest/recheck/RecheckOptions.java:[34,23] de.retest.recheck.FileNamerStrategy in de.retest.recheck has been deprecated
[WARNING] /home/gabsko/breaking-updates/src/main/java/de/retest/recheck/RecheckOptions.java:[34,23] de.retest.recheck.FileNamerStrategy in de.retest.recheck has been deprecated
[WARNING] /home/gabsko/breaking-updates/src/main/java/de/retest/recheck/RecheckOptions.java:[34,23] de.retest.recheck.FileNamerStrategy in de.retest.recheck has been deprecated
[WARNING] /home/gabsko/breaking-updates/src/main/java/de/retest/recheck/RecheckOptions.java:[84,16] de.retest.recheck.FileNamerStrategy in de.retest.recheck has been deprecated
[WARNING] /home/gabsko/breaking-updates/src/main/java/de/retest/recheck/RecheckOptions.java:[84,16] de.retest.recheck.FileNamerStrategy in de.retest.recheck has been deprecated
[WARNING] /home/gabsko/breaking-updates/src/main/java/de/retest/recheck/RecheckOptions.java:[84,16] de.retest.recheck.FileNamerStrategy in de.retest.recheck has been deprecated
[WARNING] /home/gabsko/breaking-updates/src/main/java/de/retest/recheck/RecheckOptions.java:[84,16] de.retest.recheck.FileNamerStrategy in de.retest.recheck has been deprecated
[WARNING] /home/gabsko/breaking-updates/src/main/java/de/retest/recheck/RecheckOptions.java:[84,16] de.retest.recheck.FileNamerStrategy in de.retest.recheck has been deprecated
[WARNING] /home/gabsko/breaking-updates/src/main/java/de/retest/recheck/RecheckOptions.java:[131,25] de.retest.recheck.FileNamerStrategy in de.retest.recheck has been deprecated
[WARNING] /home/gabsko/breaking-updates/src/main/java/de/retest/recheck/RecheckOptions.java:[131,25] de.retest.recheck.FileNamerStrategy in de.retest.recheck has been deprecated
[WARNING] /home/gabsko/breaking-updates/src/main/java/de/retest/recheck/RecheckOptions.java:[131,25] de.retest.recheck.FileNamerStrategy in de.retest.recheck has been deprecated
[WARNING] /home/gabsko/breaking-updates/src/main/java/de/retest/recheck/RecheckOptions.java:[131,25] de.retest.recheck.FileNamerStrategy in de.retest.recheck has been deprecated
[WARNING] /home/gabsko/breaking-updates/src/main/java/de/retest/recheck/RecheckOptions.java:[131,25] de.retest.recheck.FileNamerStrategy in de.retest.recheck has been deprecated
[WARNING] /home/gabsko/breaking-updates/src/main/java/de/retest/recheck/RecheckOptions.java:[308,39] de.retest.recheck.persistence.FileNamer in de.retest.recheck.persistence has been deprecated
[WARNING] /home/gabsko/breaking-updates/src/main/java/de/retest/recheck/RecheckOptions.java:[31,1] de.retest.recheck.FileNamerStrategy in de.retest.recheck has been deprecated
[WARNING] /home/gabsko/breaking-updates/src/main/java/de/retest/recheck/RecheckOptions.java:[31,1] de.retest.recheck.FileNamerStrategy in de.retest.recheck has been deprecated
[WARNING] /home/gabsko/breaking-updates/src/main/java/de/retest/recheck/RecheckOptions.java:[31,1] de.retest.recheck.FileNamerStrategy in de.retest.recheck has been deprecated
[WARNING] /home/gabsko/breaking-updates/src/main/java/de/retest/recheck/RecheckOptions.java:[31,1] de.retest.recheck.FileNamerStrategy in de.retest.recheck has been deprecated
[WARNING] /home/gabsko/breaking-updates/src/main/java/de/retest/recheck/RecheckOptions.java:[31,1] de.retest.recheck.FileNamerStrategy in de.retest.recheck has been deprecated
[WARNING] /home/gabsko/breaking-updates/src/main/java/de/retest/recheck/GradleConformFileNamerStrategy.java:[18,56] de.retest.recheck.FileNamerStrategy in de.retest.recheck has been deprecated
[WARNING] /home/gabsko/breaking-updates/src/main/java/de/retest/recheck/GradleConformFileNamerStrategy.java:[18,56] de.retest.recheck.FileNamerStrategy in de.retest.recheck has been deprecated
[WARNING] /home/gabsko/breaking-updates/src/main/java/de/retest/recheck/GradleConformFileNamerStrategy.java:[18,56] de.retest.recheck.FileNamerStrategy in de.retest.recheck has been deprecated
[WARNING] /home/gabsko/breaking-updates/src/main/java/de/retest/recheck/GradleConformFileNamerStrategy.java:[18,56] de.retest.recheck.FileNamerStrategy in de.retest.recheck has been deprecated
[WARNING] /home/gabsko/breaking-updates/src/main/java/de/retest/recheck/GradleConformFileNamerStrategy.java:[18,56] de.retest.recheck.FileNamerStrategy in de.retest.recheck has been deprecated
[WARNING] /home/gabsko/breaking-updates/src/main/java/de/retest/recheck/GradleConformFileNamerStrategy.java:[47,16] de.retest.recheck.persistence.FileNamer in de.retest.recheck.persistence has been deprecated
[WARNING] /home/gabsko/breaking-updates/src/main/java/de/retest/recheck/GradleConformFileNamerStrategy.java:[47,16] de.retest.recheck.persistence.FileNamer in de.retest.recheck.persistence has been deprecated
[WARNING] /home/gabsko/breaking-updates/src/main/java/de/retest/recheck/GradleConformFileNamerStrategy.java:[47,16] de.retest.recheck.persistence.FileNamer in de.retest.recheck.persistence has been deprecated
[WARNING] /home/gabsko/breaking-updates/src/main/java/de/retest/recheck/GradleConformFileNamerStrategy.java:[47,16] de.retest.recheck.persistence.FileNamer in de.retest.recheck.persistence has been deprecated
[WARNING] /home/gabsko/breaking-updates/src/main/java/de/retest/recheck/GradleConformFileNamerStrategy.java:[47,16] de.retest.recheck.persistence.FileNamer in de.retest.recheck.persistence has been deprecated
[WARNING] /home/gabsko/breaking-updates/src/main/java/de/retest/recheck/GradleConformFileNamerStrategy.java:[48,28] de.retest.recheck.persistence.FileNamer in de.retest.recheck.persistence has been deprecated
[WARNING] /home/gabsko/breaking-updates/src/main/java/de/retest/recheck/util/RetestIdProviderUtil.java:[32,74] newInstance() in java.lang.Class has been deprecated
[WARNING] /home/gabsko/breaking-updates/src/main/java/de/retest/recheck/image/ImageDiffCalcFactory.java:[16,95] newInstance() in java.lang.Class has been deprecated
[WARNING] /home/gabsko/breaking-updates/src/main/java/de/retest/recheck/util/ExceptionUtil.java:[95,45] newInstance() in java.lang.Class has been deprecated
[WARNING] /home/gabsko/breaking-updates/src/main/java/de/retest/recheck/MavenConformFileNamerStrategy.java:[16,55] de.retest.recheck.FileNamerStrategy in de.retest.recheck has been deprecated
[WARNING] /home/gabsko/breaking-updates/src/main/java/de/retest/recheck/MavenConformFileNamerStrategy.java:[16,55] de.retest.recheck.FileNamerStrategy in de.retest.recheck has been deprecated
[WARNING] /home/gabsko/breaking-updates/src/main/java/de/retest/recheck/MavenConformFileNamerStrategy.java:[16,55] de.retest.recheck.FileNamerStrategy in de.retest.recheck has been deprecated
[WARNING] /home/gabsko/breaking-updates/src/main/java/de/retest/recheck/MavenConformFileNamerStrategy.java:[16,55] de.retest.recheck.FileNamerStrategy in de.retest.recheck has been deprecated
[WARNING] /home/gabsko/breaking-updates/src/main/java/de/retest/recheck/MavenConformFileNamerStrategy.java:[16,55] de.retest.recheck.FileNamerStrategy in de.retest.recheck has been deprecated
[WARNING] /home/gabsko/breaking-updates/src/main/java/de/retest/recheck/MavenConformFileNamerStrategy.java:[22,16] de.retest.recheck.persistence.FileNamer in de.retest.recheck.persistence has been deprecated
[WARNING] /home/gabsko/breaking-updates/src/main/java/de/retest/recheck/MavenConformFileNamerStrategy.java:[22,16] de.retest.recheck.persistence.FileNamer in de.retest.recheck.persistence has been deprecated
[WARNING] /home/gabsko/breaking-updates/src/main/java/de/retest/recheck/MavenConformFileNamerStrategy.java:[22,16] de.retest.recheck.persistence.FileNamer in de.retest.recheck.persistence has been deprecated
[WARNING] /home/gabsko/breaking-updates/src/main/java/de/retest/recheck/MavenConformFileNamerStrategy.java:[22,16] de.retest.recheck.persistence.FileNamer in de.retest.recheck.persistence has been deprecated
[WARNING] /home/gabsko/breaking-updates/src/main/java/de/retest/recheck/MavenConformFileNamerStrategy.java:[22,16] de.retest.recheck.persistence.FileNamer in de.retest.recheck.persistence has been deprecated
[WARNING] /home/gabsko/breaking-updates/src/main/java/de/retest/recheck/MavenConformFileNamerStrategy.java:[23,28] de.retest.recheck.persistence.FileNamer in de.retest.recheck.persistence has been deprecated
[INFO] 
[INFO] --- maven-resources-plugin:2.6:testResources (default-testResources) @ recheck ---
[INFO] Using 'UTF-8' encoding to copy filtered resources.
[INFO] Copying 103 resources
[INFO] 
[INFO] --- maven-compiler-plugin:3.10.1:testCompile (default-testCompile) @ recheck ---
[INFO] Changes detected - recompiling the module!
[INFO] Compiling 197 source files to /home/gabsko/breaking-updates/target/test-classes
[INFO] -------------------------------------------------------------
[WARNING] COMPILATION WARNING : 
[INFO] -------------------------------------------------------------
[WARNING] /home/gabsko/breaking-updates/src/test/java/de/retest/recheck/FileNamerStrategyTest.java:[7,37] de.retest.recheck.persistence.FileNamer in de.retest.recheck.persistence has been deprecated
[WARNING] /home/gabsko/breaking-updates/src/test/java/de/retest/recheck/LegacyCompatibilityFileNamerStrategyTest.java:[18,37] de.retest.recheck.persistence.FileNamer in de.retest.recheck.persistence has been deprecated
[WARNING] /home/gabsko/breaking-updates/src/test/java/de/retest/recheck/RecheckOptionsTest.java:[26,37] de.retest.recheck.persistence.FileNamer in de.retest.recheck.persistence has been deprecated
[WARNING] /home/gabsko/breaking-updates/src/test/java/de/retest/recheck/GradleConformFileNamerStrategyTest.java:[10,37] de.retest.recheck.persistence.FileNamer in de.retest.recheck.persistence has been deprecated
[WARNING] /home/gabsko/breaking-updates/src/test/java/de/retest/recheck/RecheckImplIT.java:[14,37] de.retest.recheck.persistence.FileNamer in de.retest.recheck.persistence has been deprecated
[WARNING] /home/gabsko/breaking-updates/src/test/java/de/retest/recheck/MavenConformFileNamerStrategyTest.java:[9,37] de.retest.recheck.persistence.FileNamer in de.retest.recheck.persistence has been deprecated
[WARNING] /home/gabsko/breaking-updates/src/test/java/de/retest/recheck/FileNamerStrategyTest.java:[7,37] de.retest.recheck.persistence.FileNamer in de.retest.recheck.persistence has been deprecated
[WARNING] /home/gabsko/breaking-updates/src/test/java/de/retest/recheck/LegacyCompatibilityFileNamerStrategyTest.java:[18,37] de.retest.recheck.persistence.FileNamer in de.retest.recheck.persistence has been deprecated
[WARNING] /home/gabsko/breaking-updates/src/test/java/de/retest/recheck/RecheckOptionsTest.java:[26,37] de.retest.recheck.persistence.FileNamer in de.retest.recheck.persistence has been deprecated
[WARNING] /home/gabsko/breaking-updates/src/test/java/de/retest/recheck/GradleConformFileNamerStrategyTest.java:[10,37] de.retest.recheck.persistence.FileNamer in de.retest.recheck.persistence has been deprecated
[WARNING] /home/gabsko/breaking-updates/src/test/java/de/retest/recheck/RecheckImplIT.java:[14,37] de.retest.recheck.persistence.FileNamer in de.retest.recheck.persistence has been deprecated
[WARNING] /home/gabsko/breaking-updates/src/test/java/de/retest/recheck/MavenConformFileNamerStrategyTest.java:[9,37] de.retest.recheck.persistence.FileNamer in de.retest.recheck.persistence has been deprecated
[WARNING] /home/gabsko/breaking-updates/src/test/java/de/retest/recheck/FileNamerStrategyTest.java:[7,37] de.retest.recheck.persistence.FileNamer in de.retest.recheck.persistence has been deprecated
[WARNING] /home/gabsko/breaking-updates/src/test/java/de/retest/recheck/LegacyCompatibilityFileNamerStrategyTest.java:[18,37] de.retest.recheck.persistence.FileNamer in de.retest.recheck.persistence has been deprecated
[WARNING] /home/gabsko/breaking-updates/src/test/java/de/retest/recheck/RecheckOptionsTest.java:[26,37] de.retest.recheck.persistence.FileNamer in de.retest.recheck.persistence has been deprecated
[WARNING] /home/gabsko/breaking-updates/src/test/java/de/retest/recheck/GradleConformFileNamerStrategyTest.java:[10,37] de.retest.recheck.persistence.FileNamer in de.retest.recheck.persistence has been deprecated
[WARNING] /home/gabsko/breaking-updates/src/test/java/de/retest/recheck/RecheckImplIT.java:[14,37] de.retest.recheck.persistence.FileNamer in de.retest.recheck.persistence has been deprecated
[WARNING] /home/gabsko/breaking-updates/src/test/java/de/retest/recheck/MavenConformFileNamerStrategyTest.java:[9,37] de.retest.recheck.persistence.FileNamer in de.retest.recheck.persistence has been deprecated
[WARNING] /home/gabsko/breaking-updates/src/test/java/de/retest/recheck/FileNamerStrategyTest.java:[7,37] de.retest.recheck.persistence.FileNamer in de.retest.recheck.persistence has been deprecated
[WARNING] /home/gabsko/breaking-updates/src/test/java/de/retest/recheck/LegacyCompatibilityFileNamerStrategyTest.java:[18,37] de.retest.recheck.persistence.FileNamer in de.retest.recheck.persistence has been deprecated
[WARNING] /home/gabsko/breaking-updates/src/test/java/de/retest/recheck/RecheckOptionsTest.java:[26,37] de.retest.recheck.persistence.FileNamer in de.retest.recheck.persistence has been deprecated
[WARNING] /home/gabsko/breaking-updates/src/test/java/de/retest/recheck/GradleConformFileNamerStrategyTest.java:[10,37] de.retest.recheck.persistence.FileNamer in de.retest.recheck.persistence has been deprecated
[WARNING] /home/gabsko/breaking-updates/src/test/java/de/retest/recheck/RecheckImplIT.java:[14,37] de.retest.recheck.persistence.FileNamer in de.retest.recheck.persistence has been deprecated
[WARNING] /home/gabsko/breaking-updates/src/test/java/de/retest/recheck/MavenConformFileNamerStrategyTest.java:[9,37] de.retest.recheck.persistence.FileNamer in de.retest.recheck.persistence has been deprecated
[WARNING] /home/gabsko/breaking-updates/src/test/java/de/retest/recheck/FileNamerStrategyTest.java:[7,37] de.retest.recheck.persistence.FileNamer in de.retest.recheck.persistence has been deprecated
[WARNING] /home/gabsko/breaking-updates/src/test/java/de/retest/recheck/LegacyCompatibilityFileNamerStrategyTest.java:[18,37] de.retest.recheck.persistence.FileNamer in de.retest.recheck.persistence has been deprecated
[WARNING] /home/gabsko/breaking-updates/src/test/java/de/retest/recheck/RecheckOptionsTest.java:[26,37] de.retest.recheck.persistence.FileNamer in de.retest.recheck.persistence has been deprecated
[WARNING] /home/gabsko/breaking-updates/src/test/java/de/retest/recheck/GradleConformFileNamerStrategyTest.java:[10,37] de.retest.recheck.persistence.FileNamer in de.retest.recheck.persistence has been deprecated
[WARNING] /home/gabsko/breaking-updates/src/test/java/de/retest/recheck/RecheckImplIT.java:[14,37] de.retest.recheck.persistence.FileNamer in de.retest.recheck.persistence has been deprecated
[WARNING] /home/gabsko/breaking-updates/src/test/java/de/retest/recheck/MavenConformFileNamerStrategyTest.java:[9,37] de.retest.recheck.persistence.FileNamer in de.retest.recheck.persistence has been deprecated
[WARNING] /home/gabsko/breaking-updates/src/test/java/de/retest/recheck/util/ReflectionUtilitiesTest.java:[56,65] sun.awt.AppContext is internal proprietary API and may be removed in a future release
[WARNING] /home/gabsko/breaking-updates/src/test/java/de/retest/recheck/util/ReflectionUtilitiesTest.java:[70,65] sun.awt.AppContext is internal proprietary API and may be removed in a future release
[WARNING] /home/gabsko/breaking-updates/src/test/java/de/retest/recheck/util/ReflectionUtilitiesTest.java:[81,65] sun.awt.AppContext is internal proprietary API and may be removed in a future release
[WARNING] /home/gabsko/breaking-updates/src/test/java/de/retest/recheck/LegacyCompatibilityFileNamerStrategyTest.java:[26,65] de.retest.recheck.FileNamerStrategy in de.retest.recheck has been deprecated
[WARNING] /home/gabsko/breaking-updates/src/test/java/de/retest/recheck/LegacyCompatibilityFileNamerStrategyTest.java:[26,65] de.retest.recheck.FileNamerStrategy in de.retest.recheck has been deprecated
[WARNING] /home/gabsko/breaking-updates/src/test/java/de/retest/recheck/LegacyCompatibilityFileNamerStrategyTest.java:[26,65] de.retest.recheck.FileNamerStrategy in de.retest.recheck has been deprecated
[WARNING] /home/gabsko/breaking-updates/src/test/java/de/retest/recheck/LegacyCompatibilityFileNamerStrategyTest.java:[26,65] de.retest.recheck.FileNamerStrategy in de.retest.recheck has been deprecated
[WARNING] /home/gabsko/breaking-updates/src/test/java/de/retest/recheck/LegacyCompatibilityFileNamerStrategyTest.java:[26,65] de.retest.recheck.FileNamerStrategy in de.retest.recheck has been deprecated
[WARNING] /home/gabsko/breaking-updates/src/test/java/de/retest/recheck/LegacyCompatibilityFileNamerStrategyTest.java:[35,24] de.retest.recheck.persistence.FileNamer in de.retest.recheck.persistence has been deprecated
[WARNING] /home/gabsko/breaking-updates/src/test/java/de/retest/recheck/LegacyCompatibilityFileNamerStrategyTest.java:[35,24] de.retest.recheck.persistence.FileNamer in de.retest.recheck.persistence has been deprecated
[WARNING] /home/gabsko/breaking-updates/src/test/java/de/retest/recheck/LegacyCompatibilityFileNamerStrategyTest.java:[35,24] de.retest.recheck.persistence.FileNamer in de.retest.recheck.persistence has been deprecated
[WARNING] /home/gabsko/breaking-updates/src/test/java/de/retest/recheck/LegacyCompatibilityFileNamerStrategyTest.java:[35,24] de.retest.recheck.persistence.FileNamer in de.retest.recheck.persistence has been deprecated
[WARNING] /home/gabsko/breaking-updates/src/test/java/de/retest/recheck/LegacyCompatibilityFileNamerStrategyTest.java:[35,24] de.retest.recheck.persistence.FileNamer in de.retest.recheck.persistence has been deprecated
[WARNING] /home/gabsko/breaking-updates/src/test/java/de/retest/recheck/LegacyCompatibilityFileNamerStrategyTest.java:[36,36] de.retest.recheck.persistence.FileNamer in de.retest.recheck.persistence has been deprecated
[WARNING] /home/gabsko/breaking-updates/src/test/java/de/retest/recheck/LegacyCompatibilityFileNamerStrategyTest.java:[67,57] fileNamerStrategy(de.retest.recheck.FileNamerStrategy) in de.retest.recheck.RecheckOptions.RecheckOptionsBuilder has been deprecated
[WARNING] /home/gabsko/breaking-updates/src/test/java/de/retest/recheck/review/workers/LoadAndSaveFilterWorkerTest.java:[71,45] hasSameContentAs(java.nio.file.Path) in org.assertj.core.api.AbstractPathAssert has been deprecated
[WARNING] /home/gabsko/breaking-updates/src/test/java/de/retest/recheck/RecheckOptionsTest.java:[35,33] fileNamerStrategy(de.retest.recheck.FileNamerStrategy) in de.retest.recheck.RecheckOptions.RecheckOptionsBuilder has been deprecated
[WARNING] /home/gabsko/breaking-updates/src/test/java/de/retest/recheck/review/workers/MigrateIgnoreFileTest.java:[64,45] hasSameContentAs(java.nio.file.Path) in org.assertj.core.api.AbstractPathAssert has been deprecated
[WARNING] /home/gabsko/breaking-updates/src/test/java/de/retest/recheck/MavenConformFileNamerStrategyTest.java:[15,23] de.retest.recheck.FileNamerStrategy in de.retest.recheck has been deprecated
[WARNING] /home/gabsko/breaking-updates/src/test/java/de/retest/recheck/MavenConformFileNamerStrategyTest.java:[17,23] de.retest.recheck.persistence.FileNamer in de.retest.recheck.persistence has been deprecated
[INFO] 50 warnings 
[INFO] -------------------------------------------------------------
[INFO] -------------------------------------------------------------
[ERROR] COMPILATION ERROR : 
[INFO] -------------------------------------------------------------
[ERROR] /home/gabsko/breaking-updates/src/test/java/de/retest/recheck/util/ApprovalsUtil.java:[104,24] de.retest.recheck.util.ApprovalsUtil.MavenConformJUnitStackTraceNamer is not abstract and does not override abstract method addAdditionalInformation(java.lang.String) in org.approvaltests.namer.ApprovalNamer
[ERROR] /home/gabsko/breaking-updates/src/test/java/de/retest/recheck/util/ApprovalsUtil.java:[139,23] de.retest.recheck.util.ApprovalsUtil.MultiMavenConformJUnitStackTraceNamer is not abstract and does not override abstract method addAdditionalInformation(java.lang.String) in org.approvaltests.namer.ApprovalNamer
[INFO] 2 errors 
[INFO] -------------------------------------------------------------
[INFO] ------------------------------------------------------------------------
[INFO] BUILD FAILURE
[INFO] ------------------------------------------------------------------------
[INFO] Total time:  8.485 s
[INFO] Finished at: 2023-01-18T10:19:32Z
[INFO] ------------------------------------------------------------------------
[ERROR] Failed to execute goal org.apache.maven.plugins:maven-compiler-plugin:3.10.1:testCompile (default-testCompile) on project recheck: Compilation failure: Compilation failure: 
[ERROR] /home/gabsko/breaking-updates/src/test/java/de/retest/recheck/util/ApprovalsUtil.java:[104,24] de.retest.recheck.util.ApprovalsUtil.MavenConformJUnitStackTraceNamer is not abstract and does not override abstract method addAdditionalInformation(java.lang.String) in org.approvaltests.namer.ApprovalNamer
[ERROR] /home/gabsko/breaking-updates/src/test/java/de/retest/recheck/util/ApprovalsUtil.java:[139,23] de.retest.recheck.util.ApprovalsUtil.MultiMavenConformJUnitStackTraceNamer is not abstract and does not override abstract method addAdditionalInformation(java.lang.String) in org.approvaltests.namer.ApprovalNamer
[ERROR] -> [Help 1]
[ERROR] 
[ERROR] To see the full stack trace of the errors, re-run Maven with the -e switch.
[ERROR] Re-run Maven using the -X switch to enable full debug logging.
[ERROR] 
[ERROR] For more information about the errors and possible solutions, please read the following articles:
[ERROR] [Help 1] http://cwiki.apache.org/confluence/display/MAVEN/MojoFailureException
