[INFO] Scanning for projects...
[INFO] 
[INFO] ---------------< org.codehaus.mojo:flatten-maven-plugin >---------------
[INFO] Building Maven Flatten Plugin 1.2.8-SNAPSHOT
[INFO] ----------------------------[ maven-plugin ]----------------------------
[INFO] 
[INFO] --- maven-clean-plugin:3.1.0:clean (default-clean) @ flatten-maven-plugin ---
[INFO] Deleting /home/gabsko/breaking-updates/target
[INFO] 
[INFO] --- maven-enforcer-plugin:1.4.1:enforce (mojo-enforcer-rules) @ flatten-maven-plugin ---
[INFO] 
[INFO] --- maven-plugin-plugin:3.6.0:helpmojo (help-mojo) @ flatten-maven-plugin ---
[INFO] Using 'UTF-8' encoding to read mojo source files.
[INFO] java-javadoc mojo extractor found 0 mojo descriptor.
[INFO] java-annotations mojo extractor found 0 mojo descriptor.
[INFO] 
[INFO] --- maven-resources-plugin:3.2.0:resources (default-resources) @ flatten-maven-plugin ---
[INFO] Using 'UTF-8' encoding to copy filtered resources.
[INFO] Using 'UTF-8' encoding to copy filtered properties files.
[INFO] Copying 2 resources
[INFO] 
[INFO] --- maven-compiler-plugin:3.8.1:compile (default-compile) @ flatten-maven-plugin ---
[INFO] Changes detected - recompiling the module!
[INFO] Compiling 17 source files to /home/gabsko/breaking-updates/target/classes
[INFO] /home/gabsko/breaking-updates/src/main/java/org/codehaus/mojo/flatten/model/resolution/FlattenModelResolver.java: Some input files use or override a deprecated API.
[INFO] /home/gabsko/breaking-updates/src/main/java/org/codehaus/mojo/flatten/model/resolution/FlattenModelResolver.java: Recompile with -Xlint:deprecation for details.
[INFO] -------------------------------------------------------------
[ERROR] COMPILATION ERROR : 
[INFO] -------------------------------------------------------------
[ERROR] /home/gabsko/breaking-updates/src/main/java/org/codehaus/mojo/flatten/FlattenMojo.java:[55,47] package org.apache.maven.shared.dependency.tree does not exist
[ERROR] /home/gabsko/breaking-updates/src/main/java/org/codehaus/mojo/flatten/FlattenMojo.java:[56,47] package org.apache.maven.shared.dependency.tree does not exist
[ERROR] /home/gabsko/breaking-updates/src/main/java/org/codehaus/mojo/flatten/FlattenMojo.java:[57,47] package org.apache.maven.shared.dependency.tree does not exist
[ERROR] /home/gabsko/breaking-updates/src/main/java/org/codehaus/mojo/flatten/FlattenMojo.java:[58,57] package org.apache.maven.shared.dependency.tree.traversal does not exist
[ERROR] /home/gabsko/breaking-updates/src/main/java/org/codehaus/mojo/flatten/FlattenMojo.java:[363,13] cannot find symbol
  symbol:   class DependencyTreeBuilder
  location: class org.codehaus.mojo.flatten.FlattenMojo
[ERROR] /home/gabsko/breaking-updates/src/main/java/org/codehaus/mojo/flatten/FlattenMojo.java:[1063,20] cannot find symbol
  symbol:   class DependencyTreeBuilderException
  location: class org.codehaus.mojo.flatten.FlattenMojo
[INFO] 6 errors 
[INFO] -------------------------------------------------------------
[INFO] ------------------------------------------------------------------------
[INFO] BUILD FAILURE
[INFO] ------------------------------------------------------------------------
[INFO] Total time:  2.182 s
[INFO] Finished at: 2023-01-30T15:32:20Z
[INFO] ------------------------------------------------------------------------
[ERROR] Failed to execute goal org.apache.maven.plugins:maven-compiler-plugin:3.8.1:compile (default-compile) on project flatten-maven-plugin: Compilation failure: Compilation failure: 
[ERROR] /home/gabsko/breaking-updates/src/main/java/org/codehaus/mojo/flatten/FlattenMojo.java:[55,47] package org.apache.maven.shared.dependency.tree does not exist
[ERROR] /home/gabsko/breaking-updates/src/main/java/org/codehaus/mojo/flatten/FlattenMojo.java:[56,47] package org.apache.maven.shared.dependency.tree does not exist
[ERROR] /home/gabsko/breaking-updates/src/main/java/org/codehaus/mojo/flatten/FlattenMojo.java:[57,47] package org.apache.maven.shared.dependency.tree does not exist
[ERROR] /home/gabsko/breaking-updates/src/main/java/org/codehaus/mojo/flatten/FlattenMojo.java:[58,57] package org.apache.maven.shared.dependency.tree.traversal does not exist
[ERROR] /home/gabsko/breaking-updates/src/main/java/org/codehaus/mojo/flatten/FlattenMojo.java:[363,13] cannot find symbol
[ERROR]   symbol:   class DependencyTreeBuilder
[ERROR]   location: class org.codehaus.mojo.flatten.FlattenMojo
[ERROR] /home/gabsko/breaking-updates/src/main/java/org/codehaus/mojo/flatten/FlattenMojo.java:[1063,20] cannot find symbol
[ERROR]   symbol:   class DependencyTreeBuilderException
[ERROR]   location: class org.codehaus.mojo.flatten.FlattenMojo
[ERROR] -> [Help 1]
[ERROR] 
[ERROR] To see the full stack trace of the errors, re-run Maven with the -e switch.
[ERROR] Re-run Maven using the -X switch to enable full debug logging.
[ERROR] 
[ERROR] For more information about the errors and possible solutions, please read the following articles:
[ERROR] [Help 1] http://cwiki.apache.org/confluence/display/MAVEN/MojoFailureException
