[INFO] Scanning for projects...
[INFO] 
[INFO] ---------------------< org.pac4j:dropwizard-pac4j >---------------------
[INFO] Building Dropwizard pac4j Support 5.0.1-SNAPSHOT
[INFO] --------------------------------[ jar ]---------------------------------
[INFO] 
[INFO] --- maven-clean-plugin:2.5:clean (default-clean) @ dropwizard-pac4j ---
[INFO] Deleting /home/gabsko/breaking-updates/target
[INFO] 
[INFO] --- maven-enforcer-plugin:3.0.0-M3:enforce (enforce-maven) @ dropwizard-pac4j ---
[INFO] 
[INFO] --- maven-enforcer-plugin:3.0.0-M3:enforce (dependency-convergence) @ dropwizard-pac4j ---
[WARNING] 
Dependency convergence error for com.fasterxml.jackson.core:jackson-core:2.10.5 paths to dependency are:
+-org.pac4j:dropwizard-pac4j:5.0.1-SNAPSHOT
  +-io.dropwizard:dropwizard-core:2.0.17
    +-io.dropwizard:dropwizard-jackson:2.0.17
      +-com.fasterxml.jackson.core:jackson-core:2.10.5
and
+-org.pac4j:dropwizard-pac4j:5.0.1-SNAPSHOT
  +-io.dropwizard:dropwizard-core:2.0.17
    +-io.dropwizard:dropwizard-jackson:2.0.17
      +-com.fasterxml.jackson.datatype:jackson-datatype-jsr310:2.10.5
        +-com.fasterxml.jackson.core:jackson-core:2.10.5
and
+-org.pac4j:dropwizard-pac4j:5.0.1-SNAPSHOT
  +-io.dropwizard:dropwizard-core:2.0.17
    +-io.dropwizard:dropwizard-jackson:2.0.17
      +-com.fasterxml.jackson.datatype:jackson-datatype-jdk8:2.10.5
        +-com.fasterxml.jackson.core:jackson-core:2.10.5
and
+-org.pac4j:dropwizard-pac4j:5.0.1-SNAPSHOT
  +-io.dropwizard:dropwizard-core:2.0.17
    +-io.dropwizard:dropwizard-jackson:2.0.17
      +-com.fasterxml.jackson.module:jackson-module-parameter-names:2.10.5
        +-com.fasterxml.jackson.core:jackson-core:2.10.5
and
+-org.pac4j:dropwizard-pac4j:5.0.1-SNAPSHOT
  +-io.dropwizard:dropwizard-core:2.0.17
    +-io.dropwizard:dropwizard-jackson:2.0.17
      +-com.fasterxml.jackson.module:jackson-module-afterburner:2.10.5
        +-com.fasterxml.jackson.core:jackson-core:2.10.5
and
+-org.pac4j:dropwizard-pac4j:5.0.1-SNAPSHOT
  +-io.dropwizard:dropwizard-core:2.0.17
    +-io.dropwizard:dropwizard-jackson:2.0.17
      +-com.fasterxml.jackson.datatype:jackson-datatype-joda:2.10.5
        +-com.fasterxml.jackson.core:jackson-core:2.10.5
and
+-org.pac4j:dropwizard-pac4j:5.0.1-SNAPSHOT
  +-io.dropwizard:dropwizard-core:2.0.17
    +-io.dropwizard:dropwizard-configuration:2.0.17
      +-com.fasterxml.jackson.core:jackson-core:2.10.5
and
+-org.pac4j:dropwizard-pac4j:5.0.1-SNAPSHOT
  +-io.dropwizard:dropwizard-core:2.0.17
    +-io.dropwizard:dropwizard-configuration:2.0.17
      +-com.fasterxml.jackson.dataformat:jackson-dataformat-yaml:2.10.5
        +-com.fasterxml.jackson.core:jackson-core:2.10.5
and
+-org.pac4j:dropwizard-pac4j:5.0.1-SNAPSHOT
  +-io.dropwizard:dropwizard-core:2.0.17
    +-io.dropwizard:dropwizard-logging:2.0.17
      +-com.fasterxml.jackson.core:jackson-core:2.10.5
and
+-org.pac4j:dropwizard-pac4j:5.0.1-SNAPSHOT
  +-io.dropwizard:dropwizard-core:2.0.17
    +-io.dropwizard:dropwizard-jersey:2.0.17
      +-com.fasterxml.jackson.core:jackson-core:2.10.5
and
+-org.pac4j:dropwizard-pac4j:5.0.1-SNAPSHOT
  +-io.dropwizard:dropwizard-core:2.0.17
    +-com.fasterxml.jackson.core:jackson-databind:2.13.3
      +-com.fasterxml.jackson.core:jackson-core:2.13.3
and
+-org.pac4j:dropwizard-pac4j:5.0.1-SNAPSHOT
  +-io.dropwizard:dropwizard-testing:2.0.17
    +-com.fasterxml.jackson.datatype:jackson-datatype-guava:2.10.5
      +-com.fasterxml.jackson.core:jackson-core:2.10.5
and
+-org.pac4j:dropwizard-pac4j:5.0.1-SNAPSHOT
  +-io.dropwizard:dropwizard-testing:2.0.17
    +-com.fasterxml.jackson.jaxrs:jackson-jaxrs-json-provider:2.10.5
      +-com.fasterxml.jackson.jaxrs:jackson-jaxrs-base:2.10.5
        +-com.fasterxml.jackson.core:jackson-core:2.10.5
and
+-org.pac4j:dropwizard-pac4j:5.0.1-SNAPSHOT
  +-io.dropwizard:dropwizard-testing:2.0.17
    +-com.fasterxml.jackson.jaxrs:jackson-jaxrs-json-provider:2.10.5
      +-com.fasterxml.jackson.module:jackson-module-jaxb-annotations:2.10.5
        +-com.fasterxml.jackson.core:jackson-core:2.10.5

[WARNING] 
Dependency convergence error for com.fasterxml.jackson.core:jackson-annotations:2.10.5 paths to dependency are:
+-org.pac4j:dropwizard-pac4j:5.0.1-SNAPSHOT
  +-io.dropwizard:dropwizard-core:2.0.17
    +-io.dropwizard:dropwizard-util:2.0.17
      +-com.fasterxml.jackson.core:jackson-annotations:2.10.5
and
+-org.pac4j:dropwizard-pac4j:5.0.1-SNAPSHOT
  +-io.dropwizard:dropwizard-core:2.0.17
    +-io.dropwizard:dropwizard-jackson:2.0.17
      +-com.fasterxml.jackson.core:jackson-annotations:2.10.5
and
+-org.pac4j:dropwizard-pac4j:5.0.1-SNAPSHOT
  +-io.dropwizard:dropwizard-core:2.0.17
    +-io.dropwizard:dropwizard-jackson:2.0.17
      +-com.fasterxml.jackson.datatype:jackson-datatype-jsr310:2.10.5
        +-com.fasterxml.jackson.core:jackson-annotations:2.10.5
and
+-org.pac4j:dropwizard-pac4j:5.0.1-SNAPSHOT
  +-io.dropwizard:dropwizard-core:2.0.17
    +-io.dropwizard:dropwizard-jackson:2.0.17
      +-com.fasterxml.jackson.datatype:jackson-datatype-joda:2.10.5
        +-com.fasterxml.jackson.core:jackson-annotations:2.10.5
and
+-org.pac4j:dropwizard-pac4j:5.0.1-SNAPSHOT
  +-io.dropwizard:dropwizard-core:2.0.17
    +-io.dropwizard:dropwizard-validation:2.0.17
      +-com.fasterxml.jackson.core:jackson-annotations:2.10.5
and
+-org.pac4j:dropwizard-pac4j:5.0.1-SNAPSHOT
  +-io.dropwizard:dropwizard-core:2.0.17
    +-io.dropwizard:dropwizard-configuration:2.0.17
      +-com.fasterxml.jackson.core:jackson-annotations:2.10.5
and
+-org.pac4j:dropwizard-pac4j:5.0.1-SNAPSHOT
  +-io.dropwizard:dropwizard-core:2.0.17
    +-io.dropwizard:dropwizard-logging:2.0.17
      +-com.fasterxml.jackson.core:jackson-annotations:2.10.5
and
+-org.pac4j:dropwizard-pac4j:5.0.1-SNAPSHOT
  +-io.dropwizard:dropwizard-core:2.0.17
    +-io.dropwizard:dropwizard-metrics:2.0.17
      +-com.fasterxml.jackson.core:jackson-annotations:2.10.5
and
+-org.pac4j:dropwizard-pac4j:5.0.1-SNAPSHOT
  +-io.dropwizard:dropwizard-core:2.0.17
    +-io.dropwizard:dropwizard-jersey:2.0.17
      +-com.fasterxml.jackson.core:jackson-annotations:2.10.5
and
+-org.pac4j:dropwizard-pac4j:5.0.1-SNAPSHOT
  +-io.dropwizard:dropwizard-core:2.0.17
    +-io.dropwizard:dropwizard-servlets:2.0.17
      +-com.fasterxml.jackson.core:jackson-annotations:2.10.5
and
+-org.pac4j:dropwizard-pac4j:5.0.1-SNAPSHOT
  +-io.dropwizard:dropwizard-core:2.0.17
    +-io.dropwizard:dropwizard-jetty:2.0.17
      +-com.fasterxml.jackson.core:jackson-annotations:2.10.5
and
+-org.pac4j:dropwizard-pac4j:5.0.1-SNAPSHOT
  +-io.dropwizard:dropwizard-core:2.0.17
    +-io.dropwizard:dropwizard-request-logging:2.0.17
      +-com.fasterxml.jackson.core:jackson-annotations:2.10.5
and
+-org.pac4j:dropwizard-pac4j:5.0.1-SNAPSHOT
  +-io.dropwizard:dropwizard-core:2.0.17
    +-com.fasterxml.jackson.core:jackson-annotations:2.10.5
and
+-org.pac4j:dropwizard-pac4j:5.0.1-SNAPSHOT
  +-io.dropwizard:dropwizard-core:2.0.17
    +-com.fasterxml.jackson.core:jackson-databind:2.13.3
      +-com.fasterxml.jackson.core:jackson-annotations:2.13.3
and
+-org.pac4j:dropwizard-pac4j:5.0.1-SNAPSHOT
  +-io.dropwizard:dropwizard-testing:2.0.17
    +-com.fasterxml.jackson.core:jackson-annotations:2.10.5
and
+-org.pac4j:dropwizard-pac4j:5.0.1-SNAPSHOT
  +-io.dropwizard:dropwizard-testing:2.0.17
    +-com.fasterxml.jackson.jaxrs:jackson-jaxrs-json-provider:2.10.5
      +-com.fasterxml.jackson.module:jackson-module-jaxb-annotations:2.10.5
        +-com.fasterxml.jackson.core:jackson-annotations:2.10.5

[WARNING] Rule 0: org.apache.maven.plugins.enforcer.DependencyConvergence failed with message:
Failed while enforcing releasability. See above detailed error message.
[INFO] ------------------------------------------------------------------------
[INFO] BUILD FAILURE
[INFO] ------------------------------------------------------------------------
[INFO] Total time:  1.473 s
[INFO] Finished at: 2023-01-30T16:06:03Z
[INFO] ------------------------------------------------------------------------
[ERROR] Failed to execute goal org.apache.maven.plugins:maven-enforcer-plugin:3.0.0-M3:enforce (dependency-convergence) on project dropwizard-pac4j: Some Enforcer rules have failed. Look above for specific messages explaining why the rule failed. -> [Help 1]
[ERROR] 
[ERROR] To see the full stack trace of the errors, re-run Maven with the -e switch.
[ERROR] Re-run Maven using the -X switch to enable full debug logging.
[ERROR] 
[ERROR] For more information about the errors and possible solutions, please read the following articles:
[ERROR] [Help 1] http://cwiki.apache.org/confluence/display/MAVEN/MojoExecutionException
