[INFO] Scanning for projects...
[INFO] 
[INFO] ----------< org.apache.maven.plugins:maven-checkstyle-plugin >----------
[INFO] Building Apache Maven Checkstyle Plugin 3.2.0-SNAPSHOT
[INFO] ----------------------------[ maven-plugin ]----------------------------
[INFO] 
[INFO] --- maven-clean-plugin:3.1.0:clean (default-clean) @ maven-checkstyle-plugin ---
[INFO] Deleting /home/gabsko/breaking-updates/target
[INFO] 
[INFO] --- build-helper-maven-plugin:3.2.0:parse-version (parse-version) @ maven-checkstyle-plugin ---
[INFO] 
[INFO] --- maven-enforcer-plugin:3.0.0-M3:enforce (enforce-maven-version) @ maven-checkstyle-plugin ---
[INFO] 
[INFO] --- maven-enforcer-plugin:3.0.0-M3:enforce (enforce-bytecode-version) @ maven-checkstyle-plugin ---
[INFO] Adding ignore: module-info
[INFO] 
[INFO] --- maven-enforcer-plugin:3.0.0-M3:enforce (ensure-no-container-api) @ maven-checkstyle-plugin ---
[INFO] 
[INFO] --- apache-rat-plugin:0.13:check (rat-check) @ maven-checkstyle-plugin ---
[INFO] Enabled default license matchers.
[INFO] Will parse SCM ignores for exclusions...
[INFO] Parsing exclusions from /home/gabsko/breaking-updates/.gitignore
[INFO] Finished adding exclusions from SCM ignore files.
[INFO] 72 implicit excludes (use -debug for more details).
[INFO] 10 explicit excludes (use -debug for more details).
[INFO] 314 resources included (use -debug for more details)
[INFO] Rat check: Summary over all files. Unapproved: 0, unknown: 0, generated: 0, approved: 305 licenses.
[INFO] 
[INFO] --- maven-plugin-plugin:3.5.2:helpmojo (generate-helpmojo) @ maven-checkstyle-plugin ---
[INFO] Using 'UTF-8' encoding to read mojo source files.
[INFO] java-javadoc mojo extractor found 0 mojo descriptor.
[INFO] java-annotations mojo extractor found 0 mojo descriptor.
[INFO] 
[INFO] --- maven-remote-resources-plugin:1.7.0:process (process-resource-bundles) @ maven-checkstyle-plugin ---
[INFO] Preparing remote bundle org.apache:apache-jar-resource-bundle:1.4
[INFO] Copying 3 resources from 1 bundle.
[INFO] 
[INFO] --- maven-resources-plugin:3.1.0:resources (default-resources) @ maven-checkstyle-plugin ---
[INFO] Using 'UTF-8' encoding to copy filtered resources.
[INFO] Copying 10 resources
[INFO] Copying 3 resources
[INFO] 
[INFO] --- maven-compiler-plugin:3.8.1:compile (default-compile) @ maven-checkstyle-plugin ---
[INFO] Changes detected - recompiling the module!
[INFO] Compiling 22 source files to /home/gabsko/breaking-updates/target/classes
[INFO] /home/gabsko/breaking-updates/src/main/java/org/apache/maven/plugins/checkstyle/AbstractCheckstyleReport.java: Some input files use or override a deprecated API.
[INFO] /home/gabsko/breaking-updates/src/main/java/org/apache/maven/plugins/checkstyle/AbstractCheckstyleReport.java: Recompile with -Xlint:deprecation for details.
[INFO] -------------------------------------------------------------
[ERROR] COMPILATION ERROR : 
[INFO] -------------------------------------------------------------
[ERROR] /home/gabsko/breaking-updates/src/main/java/org/apache/maven/plugins/checkstyle/resource/LicenseResourceManager.java:[39,8] constructor DefaultResourceManager in class org.codehaus.plexus.resource.DefaultResourceManager cannot be applied to given types;
  required: java.util.Map<java.lang.String,org.codehaus.plexus.resource.loader.ResourceLoader>
  found: no arguments
  reason: actual and formal argument lists differ in length
[ERROR] /home/gabsko/breaking-updates/src/main/java/org/apache/maven/plugins/checkstyle/resource/LicenseResourceManager.java:[77,17] cannot find symbol
  symbol:   method getLogger()
  location: class org.apache.maven.plugins.checkstyle.resource.LicenseResourceManager
[ERROR] /home/gabsko/breaking-updates/src/main/java/org/apache/maven/plugins/checkstyle/resource/LicenseResourceManager.java:[83,17] cannot find symbol
  symbol:   method getLogger()
  location: class org.apache.maven.plugins.checkstyle.resource.LicenseResourceManager
[INFO] 3 errors 
[INFO] -------------------------------------------------------------
[INFO] ------------------------------------------------------------------------
[INFO] BUILD FAILURE
[INFO] ------------------------------------------------------------------------
[INFO] Total time:  5.191 s
[INFO] Finished at: 2023-01-26T11:49:25Z
[INFO] ------------------------------------------------------------------------
[ERROR] Failed to execute goal org.apache.maven.plugins:maven-compiler-plugin:3.8.1:compile (default-compile) on project maven-checkstyle-plugin: Compilation failure: Compilation failure: 
[ERROR] /home/gabsko/breaking-updates/src/main/java/org/apache/maven/plugins/checkstyle/resource/LicenseResourceManager.java:[39,8] constructor DefaultResourceManager in class org.codehaus.plexus.resource.DefaultResourceManager cannot be applied to given types;
[ERROR]   required: java.util.Map<java.lang.String,org.codehaus.plexus.resource.loader.ResourceLoader>
[ERROR]   found: no arguments
[ERROR]   reason: actual and formal argument lists differ in length
[ERROR] /home/gabsko/breaking-updates/src/main/java/org/apache/maven/plugins/checkstyle/resource/LicenseResourceManager.java:[77,17] cannot find symbol
[ERROR]   symbol:   method getLogger()
[ERROR]   location: class org.apache.maven.plugins.checkstyle.resource.LicenseResourceManager
[ERROR] /home/gabsko/breaking-updates/src/main/java/org/apache/maven/plugins/checkstyle/resource/LicenseResourceManager.java:[83,17] cannot find symbol
[ERROR]   symbol:   method getLogger()
[ERROR]   location: class org.apache.maven.plugins.checkstyle.resource.LicenseResourceManager
[ERROR] -> [Help 1]
[ERROR] 
[ERROR] To see the full stack trace of the errors, re-run Maven with the -e switch.
[ERROR] Re-run Maven using the -X switch to enable full debug logging.
[ERROR] 
[ERROR] For more information about the errors and possible solutions, please read the following articles:
[ERROR] [Help 1] http://cwiki.apache.org/confluence/display/MAVEN/MojoFailureException
