[INFO] Scanning for projects...
[INFO] 
[INFO] ------------------< com.example:jakartaee-mvc-sample >------------------
[INFO] Building jakartaee-mvc-sample 1.0-SNAPSHOT
[INFO] --------------------------------[ war ]---------------------------------
[INFO] Downloading from central: https://repo.maven.apache.org/maven2/jakarta/mvc/jakarta.mvc-api/2.0.1/jakarta.mvc-api-2.0.1.pom
[INFO] Downloaded from central: https://repo.maven.apache.org/maven2/jakarta/mvc/jakarta.mvc-api/2.0.1/jakarta.mvc-api-2.0.1.pom (15 kB at 36 kB/s)
[INFO] Downloading from central: https://repo.maven.apache.org/maven2/jakarta/mvc/jakarta.mvc-parent/2.0.1/jakarta.mvc-parent-2.0.1.pom
[INFO] Downloaded from central: https://repo.maven.apache.org/maven2/jakarta/mvc/jakarta.mvc-parent/2.0.1/jakarta.mvc-parent-2.0.1.pom (3.5 kB at 34 kB/s)
[INFO] Downloading from central: https://repo.maven.apache.org/maven2/jakarta/mvc/jakarta.mvc-api/2.0.1/jakarta.mvc-api-2.0.1.jar
[INFO] Downloaded from central: https://repo.maven.apache.org/maven2/jakarta/mvc/jakarta.mvc-api/2.0.1/jakarta.mvc-api-2.0.1.jar (17 kB at 152 kB/s)
[INFO] 
[INFO] --- maven-clean-plugin:2.5:clean (default-clean) @ jakartaee-mvc-sample ---
[INFO] Deleting /home/gabsko/breaking-updates/target
[INFO] 
[INFO] --- maven-resources-plugin:2.6:resources (default-resources) @ jakartaee-mvc-sample ---
[INFO] Using 'UTF-8' encoding to copy filtered resources.
[INFO] Copying 3 resources
[INFO] 
[INFO] --- maven-compiler-plugin:3.10.1:compile (default-compile) @ jakartaee-mvc-sample ---
[INFO] Changes detected - recompiling the module!
[INFO] Compiling 17 source files to /home/gabsko/breaking-updates/target/classes
[INFO] -------------------------------------------------------------
[ERROR] COMPILATION ERROR : 
[INFO] -------------------------------------------------------------
[ERROR] /home/gabsko/breaking-updates/src/main/java/com/example/MvcEventListener.java:[8,23] package javax.mvc.event does not exist
[ERROR] /home/gabsko/breaking-updates/src/main/java/com/example/MvcEventListener.java:[9,23] package javax.mvc.event does not exist
[ERROR] /home/gabsko/breaking-updates/src/main/java/com/example/MvcEventListener.java:[10,23] package javax.mvc.event does not exist
[ERROR] /home/gabsko/breaking-updates/src/main/java/com/example/MvcEventListener.java:[11,23] package javax.mvc.event does not exist
[ERROR] /home/gabsko/breaking-updates/src/main/java/com/example/MvcEventListener.java:[12,23] package javax.mvc.event does not exist
[ERROR] /home/gabsko/breaking-updates/src/main/java/com/example/MvcEventListener.java:[20,48] cannot find symbol
  symbol:   class BeforeControllerEvent
  location: class com.example.MvcEventListener
[ERROR] /home/gabsko/breaking-updates/src/main/java/com/example/MvcEventListener.java:[24,49] cannot find symbol
  symbol:   class BeforeProcessViewEvent
  location: class com.example.MvcEventListener
[ERROR] /home/gabsko/breaking-updates/src/main/java/com/example/MvcEventListener.java:[28,51] cannot find symbol
  symbol:   class AfterControllerEvent
  location: class com.example.MvcEventListener
[ERROR] /home/gabsko/breaking-updates/src/main/java/com/example/MvcEventListener.java:[32,52] cannot find symbol
  symbol:   class AfterProcessViewEvent
  location: class com.example.MvcEventListener
[ERROR] /home/gabsko/breaking-updates/src/main/java/com/example/MvcEventListener.java:[36,55] cannot find symbol
  symbol:   class ControllerRedirectEvent
  location: class com.example.MvcEventListener
[ERROR] /home/gabsko/breaking-updates/src/main/java/com/example/web/AlertMessage.java:[7,17] package javax.mvc does not exist
[ERROR] /home/gabsko/breaking-updates/src/main/java/com/example/web/AlertMessage.java:[14,2] cannot find symbol
  symbol: class RedirectScoped
[ERROR] /home/gabsko/breaking-updates/src/main/java/com/example/web/TaskController.java:[12,17] package javax.mvc does not exist
[ERROR] /home/gabsko/breaking-updates/src/main/java/com/example/web/TaskController.java:[13,17] package javax.mvc does not exist
[ERROR] /home/gabsko/breaking-updates/src/main/java/com/example/web/TaskController.java:[14,17] package javax.mvc does not exist
[ERROR] /home/gabsko/breaking-updates/src/main/java/com/example/web/TaskController.java:[15,25] package javax.mvc.binding does not exist
[ERROR] /home/gabsko/breaking-updates/src/main/java/com/example/web/TaskController.java:[16,25] package javax.mvc.binding does not exist
[ERROR] /home/gabsko/breaking-updates/src/main/java/com/example/web/TaskController.java:[17,26] package javax.mvc.security does not exist
[ERROR] /home/gabsko/breaking-updates/src/main/java/com/example/web/TaskController.java:[33,2] cannot find symbol
  symbol: class Controller
[ERROR] /home/gabsko/breaking-updates/src/main/java/com/example/web/TaskController.java:[41,13] cannot find symbol
  symbol:   class Models
  location: class com.example.web.TaskController
[ERROR] /home/gabsko/breaking-updates/src/main/java/com/example/web/TaskController.java:[44,13] cannot find symbol
  symbol:   class BindingResult
  location: class com.example.web.TaskController
[ERROR] /home/gabsko/breaking-updates/src/main/java/com/example/web/TaskForm.java:[5,25] package javax.mvc.binding does not exist
[ERROR] /home/gabsko/breaking-updates/src/main/java/com/example/config/PostNotFoundExceptionMapper.java:[29,5] cannot find symbol
  symbol:   class Models
  location: class com.example.config.PostNotFoundExceptionMapper
[ERROR] /home/gabsko/breaking-updates/src/main/java/com/example/web/CsrfController.java:[8,17] package javax.mvc does not exist
[ERROR] /home/gabsko/breaking-updates/src/main/java/com/example/web/CsrfController.java:[9,25] package javax.mvc.binding does not exist
[ERROR] /home/gabsko/breaking-updates/src/main/java/com/example/web/CsrfController.java:[10,25] package javax.mvc.binding does not exist
[ERROR] /home/gabsko/breaking-updates/src/main/java/com/example/web/CsrfController.java:[11,25] package javax.mvc.binding does not exist
[ERROR] /home/gabsko/breaking-updates/src/main/java/com/example/web/CsrfController.java:[12,26] package javax.mvc.security does not exist
[ERROR] /home/gabsko/breaking-updates/src/main/java/com/example/web/CsrfController.java:[24,2] cannot find symbol
  symbol: class Controller
[ERROR] /home/gabsko/breaking-updates/src/main/java/com/example/web/CsrfController.java:[29,5] cannot find symbol
  symbol:   class BindingResult
  location: class com.example.web.CsrfController
[ERROR] /home/gabsko/breaking-updates/src/main/java/com/example/web/CsrfController.java:[32,5] cannot find symbol
  symbol:   class Models
  location: class com.example.web.CsrfController
[ERROR] /home/gabsko/breaking-updates/src/main/java/com/example/web/GreetingController.java:[8,17] package javax.mvc does not exist
[ERROR] /home/gabsko/breaking-updates/src/main/java/com/example/web/GreetingController.java:[9,25] package javax.mvc.binding does not exist
[ERROR] /home/gabsko/breaking-updates/src/main/java/com/example/web/GreetingController.java:[10,25] package javax.mvc.binding does not exist
[ERROR] /home/gabsko/breaking-updates/src/main/java/com/example/web/GreetingController.java:[11,25] package javax.mvc.binding does not exist
[ERROR] /home/gabsko/breaking-updates/src/main/java/com/example/web/GreetingController.java:[12,26] package javax.mvc.security does not exist
[ERROR] /home/gabsko/breaking-updates/src/main/java/com/example/web/GreetingController.java:[24,2] cannot find symbol
  symbol: class Controller
[ERROR] /home/gabsko/breaking-updates/src/main/java/com/example/web/GreetingController.java:[29,5] cannot find symbol
  symbol:   class BindingResult
  location: class com.example.web.GreetingController
[ERROR] /home/gabsko/breaking-updates/src/main/java/com/example/web/GreetingController.java:[32,5] cannot find symbol
  symbol:   class Models
  location: class com.example.web.GreetingController
[ERROR] /home/gabsko/breaking-updates/src/main/java/com/example/web/QueryParamLocaleResolver.java:[10,24] package javax.mvc.locale does not exist
[ERROR] /home/gabsko/breaking-updates/src/main/java/com/example/web/QueryParamLocaleResolver.java:[11,24] package javax.mvc.locale does not exist
[ERROR] /home/gabsko/breaking-updates/src/main/java/com/example/web/QueryParamLocaleResolver.java:[35,50] cannot find symbol
  symbol: class LocaleResolver
[ERROR] /home/gabsko/breaking-updates/src/main/java/com/example/web/QueryParamLocaleResolver.java:[41,39] cannot find symbol
  symbol:   class LocaleResolverContext
  location: class com.example.web.QueryParamLocaleResolver
[ERROR] /home/gabsko/breaking-updates/src/main/java/com/example/web/Messages.java:[6,17] package javax.mvc does not exist
[ERROR] /home/gabsko/breaking-updates/src/main/java/com/example/web/Messages.java:[23,13] cannot find symbol
  symbol:   class MvcContext
  location: class Messages
[ERROR] /home/gabsko/breaking-updates/src/main/java/com/example/web/LocaleController.java:[18,2] cannot find symbol
  symbol: class Controller
[ERROR] /home/gabsko/breaking-updates/src/main/java/com/example/web/LocaleController.java:[23,5] cannot find symbol
  symbol:   class MvcContext
  location: class com.example.web.LocaleController
[ERROR] /home/gabsko/breaking-updates/src/main/java/com/example/web/LocaleController.java:[26,5] cannot find symbol
  symbol:   class Models
  location: class com.example.web.LocaleController
[ERROR] /home/gabsko/breaking-updates/src/main/java/com/example/web/TaskController.java:[53,6] cannot find symbol
  symbol:   class View
  location: class com.example.web.TaskController
[ERROR] /home/gabsko/breaking-updates/src/main/java/com/example/web/TaskController.java:[89,6] cannot find symbol
  symbol:   class CsrfProtected
  location: class com.example.web.TaskController
[ERROR] /home/gabsko/breaking-updates/src/main/java/com/example/web/TaskController.java:[134,6] cannot find symbol
  symbol:   class CsrfProtected
  location: class com.example.web.TaskController
[ERROR] /home/gabsko/breaking-updates/src/main/java/com/example/web/TaskForm.java:[19,6] cannot find symbol
  symbol:   class MvcBinding
  location: class com.example.web.TaskForm
[ERROR] /home/gabsko/breaking-updates/src/main/java/com/example/web/TaskForm.java:[25,6] cannot find symbol
  symbol:   class MvcBinding
  location: class com.example.web.TaskForm
[ERROR] /home/gabsko/breaking-updates/src/main/java/com/example/web/CsrfController.java:[49,14] cannot find symbol
  symbol:   class MvcBinding
  location: class com.example.web.CsrfController
[ERROR] /home/gabsko/breaking-updates/src/main/java/com/example/web/CsrfController.java:[46,6] cannot find symbol
  symbol:   class CsrfProtected
  location: class com.example.web.CsrfController
[ERROR] /home/gabsko/breaking-updates/src/main/java/com/example/web/GreetingController.java:[49,14] cannot find symbol
  symbol:   class MvcBinding
  location: class com.example.web.GreetingController
[ERROR] /home/gabsko/breaking-updates/src/main/java/com/example/web/GreetingController.java:[46,6] cannot find symbol
  symbol:   class UriRef
  location: class com.example.web.GreetingController
[INFO] 57 errors 
[INFO] -------------------------------------------------------------
[INFO] ------------------------------------------------------------------------
[INFO] BUILD FAILURE
[INFO] ------------------------------------------------------------------------
[INFO] Total time:  2.746 s
[INFO] Finished at: 2023-02-01T19:39:50Z
[INFO] ------------------------------------------------------------------------
[ERROR] Failed to execute goal org.apache.maven.plugins:maven-compiler-plugin:3.10.1:compile (default-compile) on project jakartaee-mvc-sample: Compilation failure: Compilation failure: 
[ERROR] /home/gabsko/breaking-updates/src/main/java/com/example/MvcEventListener.java:[8,23] package javax.mvc.event does not exist
[ERROR] /home/gabsko/breaking-updates/src/main/java/com/example/MvcEventListener.java:[9,23] package javax.mvc.event does not exist
[ERROR] /home/gabsko/breaking-updates/src/main/java/com/example/MvcEventListener.java:[10,23] package javax.mvc.event does not exist
[ERROR] /home/gabsko/breaking-updates/src/main/java/com/example/MvcEventListener.java:[11,23] package javax.mvc.event does not exist
[ERROR] /home/gabsko/breaking-updates/src/main/java/com/example/MvcEventListener.java:[12,23] package javax.mvc.event does not exist
[ERROR] /home/gabsko/breaking-updates/src/main/java/com/example/MvcEventListener.java:[20,48] cannot find symbol
[ERROR]   symbol:   class BeforeControllerEvent
[ERROR]   location: class com.example.MvcEventListener
[ERROR] /home/gabsko/breaking-updates/src/main/java/com/example/MvcEventListener.java:[24,49] cannot find symbol
[ERROR]   symbol:   class BeforeProcessViewEvent
[ERROR]   location: class com.example.MvcEventListener
[ERROR] /home/gabsko/breaking-updates/src/main/java/com/example/MvcEventListener.java:[28,51] cannot find symbol
[ERROR]   symbol:   class AfterControllerEvent
[ERROR]   location: class com.example.MvcEventListener
[ERROR] /home/gabsko/breaking-updates/src/main/java/com/example/MvcEventListener.java:[32,52] cannot find symbol
[ERROR]   symbol:   class AfterProcessViewEvent
[ERROR]   location: class com.example.MvcEventListener
[ERROR] /home/gabsko/breaking-updates/src/main/java/com/example/MvcEventListener.java:[36,55] cannot find symbol
[ERROR]   symbol:   class ControllerRedirectEvent
[ERROR]   location: class com.example.MvcEventListener
[ERROR] /home/gabsko/breaking-updates/src/main/java/com/example/web/AlertMessage.java:[7,17] package javax.mvc does not exist
[ERROR] /home/gabsko/breaking-updates/src/main/java/com/example/web/AlertMessage.java:[14,2] cannot find symbol
[ERROR]   symbol: class RedirectScoped
[ERROR] /home/gabsko/breaking-updates/src/main/java/com/example/web/TaskController.java:[12,17] package javax.mvc does not exist
[ERROR] /home/gabsko/breaking-updates/src/main/java/com/example/web/TaskController.java:[13,17] package javax.mvc does not exist
[ERROR] /home/gabsko/breaking-updates/src/main/java/com/example/web/TaskController.java:[14,17] package javax.mvc does not exist
[ERROR] /home/gabsko/breaking-updates/src/main/java/com/example/web/TaskController.java:[15,25] package javax.mvc.binding does not exist
[ERROR] /home/gabsko/breaking-updates/src/main/java/com/example/web/TaskController.java:[16,25] package javax.mvc.binding does not exist
[ERROR] /home/gabsko/breaking-updates/src/main/java/com/example/web/TaskController.java:[17,26] package javax.mvc.security does not exist
[ERROR] /home/gabsko/breaking-updates/src/main/java/com/example/web/TaskController.java:[33,2] cannot find symbol
[ERROR]   symbol: class Controller
[ERROR] /home/gabsko/breaking-updates/src/main/java/com/example/web/TaskController.java:[41,13] cannot find symbol
[ERROR]   symbol:   class Models
[ERROR]   location: class com.example.web.TaskController
[ERROR] /home/gabsko/breaking-updates/src/main/java/com/example/web/TaskController.java:[44,13] cannot find symbol
[ERROR]   symbol:   class BindingResult
[ERROR]   location: class com.example.web.TaskController
[ERROR] /home/gabsko/breaking-updates/src/main/java/com/example/web/TaskForm.java:[5,25] package javax.mvc.binding does not exist
[ERROR] /home/gabsko/breaking-updates/src/main/java/com/example/config/PostNotFoundExceptionMapper.java:[29,5] cannot find symbol
[ERROR]   symbol:   class Models
[ERROR]   location: class com.example.config.PostNotFoundExceptionMapper
[ERROR] /home/gabsko/breaking-updates/src/main/java/com/example/web/CsrfController.java:[8,17] package javax.mvc does not exist
[ERROR] /home/gabsko/breaking-updates/src/main/java/com/example/web/CsrfController.java:[9,25] package javax.mvc.binding does not exist
[ERROR] /home/gabsko/breaking-updates/src/main/java/com/example/web/CsrfController.java:[10,25] package javax.mvc.binding does not exist
[ERROR] /home/gabsko/breaking-updates/src/main/java/com/example/web/CsrfController.java:[11,25] package javax.mvc.binding does not exist
[ERROR] /home/gabsko/breaking-updates/src/main/java/com/example/web/CsrfController.java:[12,26] package javax.mvc.security does not exist
[ERROR] /home/gabsko/breaking-updates/src/main/java/com/example/web/CsrfController.java:[24,2] cannot find symbol
[ERROR]   symbol: class Controller
[ERROR] /home/gabsko/breaking-updates/src/main/java/com/example/web/CsrfController.java:[29,5] cannot find symbol
[ERROR]   symbol:   class BindingResult
[ERROR]   location: class com.example.web.CsrfController
[ERROR] /home/gabsko/breaking-updates/src/main/java/com/example/web/CsrfController.java:[32,5] cannot find symbol
[ERROR]   symbol:   class Models
[ERROR]   location: class com.example.web.CsrfController
[ERROR] /home/gabsko/breaking-updates/src/main/java/com/example/web/GreetingController.java:[8,17] package javax.mvc does not exist
[ERROR] /home/gabsko/breaking-updates/src/main/java/com/example/web/GreetingController.java:[9,25] package javax.mvc.binding does not exist
[ERROR] /home/gabsko/breaking-updates/src/main/java/com/example/web/GreetingController.java:[10,25] package javax.mvc.binding does not exist
[ERROR] /home/gabsko/breaking-updates/src/main/java/com/example/web/GreetingController.java:[11,25] package javax.mvc.binding does not exist
[ERROR] /home/gabsko/breaking-updates/src/main/java/com/example/web/GreetingController.java:[12,26] package javax.mvc.security does not exist
[ERROR] /home/gabsko/breaking-updates/src/main/java/com/example/web/GreetingController.java:[24,2] cannot find symbol
[ERROR]   symbol: class Controller
[ERROR] /home/gabsko/breaking-updates/src/main/java/com/example/web/GreetingController.java:[29,5] cannot find symbol
[ERROR]   symbol:   class BindingResult
[ERROR]   location: class com.example.web.GreetingController
[ERROR] /home/gabsko/breaking-updates/src/main/java/com/example/web/GreetingController.java:[32,5] cannot find symbol
[ERROR]   symbol:   class Models
[ERROR]   location: class com.example.web.GreetingController
[ERROR] /home/gabsko/breaking-updates/src/main/java/com/example/web/QueryParamLocaleResolver.java:[10,24] package javax.mvc.locale does not exist
[ERROR] /home/gabsko/breaking-updates/src/main/java/com/example/web/QueryParamLocaleResolver.java:[11,24] package javax.mvc.locale does not exist
[ERROR] /home/gabsko/breaking-updates/src/main/java/com/example/web/QueryParamLocaleResolver.java:[35,50] cannot find symbol
[ERROR]   symbol: class LocaleResolver
[ERROR] /home/gabsko/breaking-updates/src/main/java/com/example/web/QueryParamLocaleResolver.java:[41,39] cannot find symbol
[ERROR]   symbol:   class LocaleResolverContext
[ERROR]   location: class com.example.web.QueryParamLocaleResolver
[ERROR] /home/gabsko/breaking-updates/src/main/java/com/example/web/Messages.java:[6,17] package javax.mvc does not exist
[ERROR] /home/gabsko/breaking-updates/src/main/java/com/example/web/Messages.java:[23,13] cannot find symbol
[ERROR]   symbol:   class MvcContext
[ERROR]   location: class Messages
[ERROR] /home/gabsko/breaking-updates/src/main/java/com/example/web/LocaleController.java:[18,2] cannot find symbol
[ERROR]   symbol: class Controller
[ERROR] /home/gabsko/breaking-updates/src/main/java/com/example/web/LocaleController.java:[23,5] cannot find symbol
[ERROR]   symbol:   class MvcContext
[ERROR]   location: class com.example.web.LocaleController
[ERROR] /home/gabsko/breaking-updates/src/main/java/com/example/web/LocaleController.java:[26,5] cannot find symbol
[ERROR]   symbol:   class Models
[ERROR]   location: class com.example.web.LocaleController
[ERROR] /home/gabsko/breaking-updates/src/main/java/com/example/web/TaskController.java:[53,6] cannot find symbol
[ERROR]   symbol:   class View
[ERROR]   location: class com.example.web.TaskController
[ERROR] /home/gabsko/breaking-updates/src/main/java/com/example/web/TaskController.java:[89,6] cannot find symbol
[ERROR]   symbol:   class CsrfProtected
[ERROR]   location: class com.example.web.TaskController
[ERROR] /home/gabsko/breaking-updates/src/main/java/com/example/web/TaskController.java:[134,6] cannot find symbol
[ERROR]   symbol:   class CsrfProtected
[ERROR]   location: class com.example.web.TaskController
[ERROR] /home/gabsko/breaking-updates/src/main/java/com/example/web/TaskForm.java:[19,6] cannot find symbol
[ERROR]   symbol:   class MvcBinding
[ERROR]   location: class com.example.web.TaskForm
[ERROR] /home/gabsko/breaking-updates/src/main/java/com/example/web/TaskForm.java:[25,6] cannot find symbol
[ERROR]   symbol:   class MvcBinding
[ERROR]   location: class com.example.web.TaskForm
[ERROR] /home/gabsko/breaking-updates/src/main/java/com/example/web/CsrfController.java:[49,14] cannot find symbol
[ERROR]   symbol:   class MvcBinding
[ERROR]   location: class com.example.web.CsrfController
[ERROR] /home/gabsko/breaking-updates/src/main/java/com/example/web/CsrfController.java:[46,6] cannot find symbol
[ERROR]   symbol:   class CsrfProtected
[ERROR]   location: class com.example.web.CsrfController
[ERROR] /home/gabsko/breaking-updates/src/main/java/com/example/web/GreetingController.java:[49,14] cannot find symbol
[ERROR]   symbol:   class MvcBinding
[ERROR]   location: class com.example.web.GreetingController
[ERROR] /home/gabsko/breaking-updates/src/main/java/com/example/web/GreetingController.java:[46,6] cannot find symbol
[ERROR]   symbol:   class UriRef
[ERROR]   location: class com.example.web.GreetingController
[ERROR] -> [Help 1]
[ERROR] 
[ERROR] To see the full stack trace of the errors, re-run Maven with the -e switch.
[ERROR] Re-run Maven using the -X switch to enable full debug logging.
[ERROR] 
[ERROR] For more information about the errors and possible solutions, please read the following articles:
[ERROR] [Help 1] http://cwiki.apache.org/confluence/display/MAVEN/MojoFailureException
