[INFO] Scanning for projects...
[WARNING] The POM for org.jenkins-ci.tools:maven-hpi-plugin:jar:3.20 is missing, no dependency information available
[WARNING] Failed to build parent project for org.jvnet.hudson.plugins:analysis-pom:pom:5.17.0
[WARNING] Failed to build parent project for io.jenkins.plugins:github-checks:hpi:1.0.19-SNAPSHOT
[INFO] 
[INFO] ------------------< io.jenkins.plugins:github-checks >------------------
[INFO] Building GitHub Checks plugin 1.0.19-SNAPSHOT
[INFO] --------------------------------[ hpi ]---------------------------------
[INFO] 
[INFO] --- maven-clean-plugin:3.1.0:clean (default-clean) @ github-checks ---
[INFO] Deleting /home/gabsko/breaking-updates/target
[INFO] 
[INFO] --- maven-hpi-plugin:3.20:validate (default-validate) @ github-checks ---
[INFO] 
[INFO] --- maven-hpi-plugin:3.20:validate-hpi (default-validate-hpi) @ github-checks ---
[INFO] 
[INFO] --- maven-enforcer-plugin:3.0.0-M3:display-info (display-info) @ github-checks ---
[INFO] Maven Version: 3.8.6
[INFO] JDK Version: 11.0.17 normalized as: 11.0.17
[INFO] OS Info: Arch: amd64 Family: unix Name: linux Version: 5.4.0-113-generic
[INFO] 
[INFO] --- maven-enforcer-plugin:3.0.0-M3:enforce (display-info) @ github-checks ---
[INFO] Ignoring requireUpperBoundDeps in org.slf4j:slf4j-api
[INFO] Ignoring requireUpperBoundDeps in com.google.guava:guava
[INFO] Adding ignore: module-info
[INFO] Adding ignore: module-info
[INFO] Adding ignore: **/ModuleUtils*
[WARNING] Invalid bytecodeVersion for com.fasterxml.jackson.dataformat:jackson-dataformat-yaml:jar:2.13.0:compile : META-INF/versions/11/module-info.class: expected 55, but was 53
[WARNING] Invalid bytecodeVersion for com.fasterxml.jackson.datatype:jackson-datatype-json-org:jar:2.13.0:compile : META-INF/versions/11/module-info.class: expected 55, but was 53
[WARNING] Invalid bytecodeVersion for com.fasterxml.jackson.module:jackson-module-jaxb-annotations:jar:2.13.0:compile : META-INF/versions/11/module-info.class: expected 55, but was 53
[WARNING] Invalid bytecodeVersion for com.fasterxml.jackson.datatype:jackson-datatype-jdk8:jar:2.13.0:compile : META-INF/versions/11/module-info.class: expected 55, but was 53
[WARNING] Invalid bytecodeVersion for com.fasterxml.jackson.dataformat:jackson-dataformat-cbor:jar:2.13.0:compile : META-INF/versions/11/module-info.class: expected 55, but was 53
[WARNING] Invalid bytecodeVersion for com.fasterxml.jackson.module:jackson-module-parameter-names:jar:2.13.0:compile : META-INF/versions/11/module-info.class: expected 55, but was 53
[WARNING] Invalid bytecodeVersion for com.fasterxml.jackson.dataformat:jackson-dataformat-xml:jar:2.13.0:compile : META-INF/versions/11/module-info.class: expected 55, but was 53
[WARNING] Invalid bytecodeVersion for com.fasterxml.jackson.datatype:jackson-datatype-jsr310:jar:2.13.0:compile : META-INF/versions/11/module-info.class: expected 55, but was 53
[WARNING] Rule 0: org.apache.maven.plugins.enforcer.RequireUpperBoundDeps warned with message:
Failed while enforcing RequireUpperBoundDeps. The error(s) are [
Require upper bound dependencies error for org.jenkins-ci.plugins:jackson2-api:2.13.0-230.v59243c64b0a5 paths to dependency are:
+-io.jenkins.plugins:github-checks:1.0.19-SNAPSHOT
  +-org.jenkins-ci.plugins:github-branch-source:2.9.3
    +-org.jenkins-ci.plugins:jackson2-api:2.13.0-230.v59243c64b0a5 (managed) <-- org.jenkins-ci.plugins:jackson2-api:2.11.1
and
+-io.jenkins.plugins:github-checks:1.0.19-SNAPSHOT
  +-org.jenkins-ci.plugins:github-api:1.303-400.v35c2d8258028
    +-org.jenkins-ci.plugins:jackson2-api:2.13.0-230.v59243c64b0a5 (managed) <-- org.jenkins-ci.plugins:jackson2-api:2.13.2-260.v43d711474c77
, 
Require upper bound dependencies error for org.apache.httpcomponents:httpcore:4.4.13 paths to dependency are:
+-io.jenkins.plugins:github-checks:1.0.19-SNAPSHOT
  +-org.apache.httpcomponents:httpclient:4.5.13
    +-org.apache.httpcomponents:httpcore:4.4.13
and
+-io.jenkins.plugins:github-checks:1.0.19-SNAPSHOT
  +-org.jenkins-ci.plugins:github-branch-source:2.9.3
    +-com.coravy.hudson.plugins.github:github:1.32.0
      +-org.jenkins-ci.plugins:git:4.10.0 (managed) <-- org.jenkins-ci.plugins:git:3.4.0
        +-org.jenkins-ci.plugins:git-client:3.10.0
          +-org.jenkins-ci.plugins:apache-httpcomponents-client-4-api:4.5.13-1.0
            +-org.apache.httpcomponents:httpcore:4.4.13
and
+-io.jenkins.plugins:github-checks:1.0.19-SNAPSHOT
  +-org.jenkins-ci.plugins:github-branch-source:2.9.3
    +-com.coravy.hudson.plugins.github:github:1.32.0
      +-org.jenkins-ci.plugins:git:4.10.0 (managed) <-- org.jenkins-ci.plugins:git:3.4.0
        +-org.jenkins-ci.plugins:git-client:3.10.0
          +-org.jenkins-ci.plugins:apache-httpcomponents-client-4-api:4.5.13-1.0
            +-org.apache.httpcomponents:httpcore-nio:4.4.14
              +-org.apache.httpcomponents:httpcore:4.4.14
and
+-io.jenkins.plugins:github-checks:1.0.19-SNAPSHOT
  +-org.jenkins-ci.plugins:github-branch-source:2.9.3
    +-com.coravy.hudson.plugins.github:github:1.32.0
      +-org.jenkins-ci.plugins:git:4.10.0 (managed) <-- org.jenkins-ci.plugins:git:3.4.0
        +-org.jenkins-ci.plugins:git-client:3.10.0
          +-org.jenkins-ci.plugins:apache-httpcomponents-client-4-api:4.5.13-1.0
            +-org.apache.httpcomponents:httpasyncclient:4.1.4
              +-org.apache.httpcomponents:httpcore:4.4.10
, 
Require upper bound dependencies error for commons-io:commons-io:2.8.0 paths to dependency are:
+-io.jenkins.plugins:github-checks:1.0.19-SNAPSHOT
  +-com.github.tomakehurst:wiremock-jre8:2.32.0
    +-commons-io:commons-io:2.8.0 (managed) <-- commons-io:commons-io:2.11.0
and
+-io.jenkins.plugins:github-checks:1.0.19-SNAPSHOT
  +-org.jenkins-ci.main:jenkins-core:2.289.1
    +-commons-io:commons-io:2.8.0 (managed) <-- commons-io:commons-io:2.4
and
+-io.jenkins.plugins:github-checks:1.0.19-SNAPSHOT
  +-org.jenkins-ci.main:jenkins-core:2.289.1
    +-org.jenkins-ci:crypto-util:1.5
      +-commons-io:commons-io:2.8.0 (managed) <-- commons-io:commons-io:1.4
and
+-io.jenkins.plugins:github-checks:1.0.19-SNAPSHOT
  +-org.jenkins-ci.main:jenkins-core:2.289.1
    +-org.kohsuke.stapler:stapler:1.263
      +-commons-io:commons-io:2.8.0 (managed) <-- commons-io:commons-io:2.4
and
+-io.jenkins.plugins:github-checks:1.0.19-SNAPSHOT
  +-org.jenkins-ci.main:jenkins-core:2.289.1
    +-org.jenkins-ci:bytecode-compatibility-transformer:2.0-beta-2
      +-commons-io:commons-io:2.8.0 (managed) <-- commons-io:commons-io:2.4
]
[INFO] 
[INFO] --- maven-enforcer-plugin:3.0.0-M3:enforce (no-snapshots-in-release) @ github-checks ---
[INFO] 
[INFO] --- gmavenplus-plugin:1.13.0:addTestSources (test-in-groovy) @ github-checks ---
[INFO] 
[INFO] --- localizer-maven-plugin:1.31:generate (default) @ github-checks ---
[INFO] 
[INFO] >>> maven-javadoc-plugin:3.3.1:javadoc (default) > generate-sources @ github-checks >>>
[INFO] 
[INFO] --- maven-hpi-plugin:3.20:validate (default-validate) @ github-checks ---
[INFO] 
[INFO] --- maven-hpi-plugin:3.20:validate-hpi (default-validate-hpi) @ github-checks ---
[INFO] 
[INFO] --- maven-enforcer-plugin:3.0.0-M3:display-info (display-info) @ github-checks ---
[INFO] Maven Version: 3.8.6
[INFO] JDK Version: 11.0.17 normalized as: 11.0.17
[INFO] OS Info: Arch: amd64 Family: unix Name: linux Version: 5.4.0-113-generic
[INFO] 
[INFO] --- maven-enforcer-plugin:3.0.0-M3:enforce (display-info) @ github-checks ---
[INFO] Ignoring requireUpperBoundDeps in org.slf4j:slf4j-api
[INFO] Ignoring requireUpperBoundDeps in com.google.guava:guava
[INFO] Adding ignore: module-info
[INFO] Adding ignore: module-info
[INFO] Adding ignore: **/ModuleUtils*
[WARNING] Invalid bytecodeVersion for com.fasterxml.jackson.dataformat:jackson-dataformat-yaml:jar:2.13.0:compile : META-INF/versions/11/module-info.class: expected 55, but was 53
[WARNING] Invalid bytecodeVersion for com.fasterxml.jackson.datatype:jackson-datatype-json-org:jar:2.13.0:compile : META-INF/versions/11/module-info.class: expected 55, but was 53
[WARNING] Invalid bytecodeVersion for com.fasterxml.jackson.module:jackson-module-jaxb-annotations:jar:2.13.0:compile : META-INF/versions/11/module-info.class: expected 55, but was 53
[WARNING] Invalid bytecodeVersion for com.fasterxml.jackson.datatype:jackson-datatype-jdk8:jar:2.13.0:compile : META-INF/versions/11/module-info.class: expected 55, but was 53
[WARNING] Invalid bytecodeVersion for com.fasterxml.jackson.dataformat:jackson-dataformat-cbor:jar:2.13.0:compile : META-INF/versions/11/module-info.class: expected 55, but was 53
[WARNING] Invalid bytecodeVersion for com.fasterxml.jackson.module:jackson-module-parameter-names:jar:2.13.0:compile : META-INF/versions/11/module-info.class: expected 55, but was 53
[WARNING] Invalid bytecodeVersion for com.fasterxml.jackson.dataformat:jackson-dataformat-xml:jar:2.13.0:compile : META-INF/versions/11/module-info.class: expected 55, but was 53
[WARNING] Invalid bytecodeVersion for com.fasterxml.jackson.datatype:jackson-datatype-jsr310:jar:2.13.0:compile : META-INF/versions/11/module-info.class: expected 55, but was 53
[WARNING] Rule 0: org.apache.maven.plugins.enforcer.RequireUpperBoundDeps warned with message:
Failed while enforcing RequireUpperBoundDeps. The error(s) are [
Require upper bound dependencies error for org.jenkins-ci.plugins:jackson2-api:2.13.0-230.v59243c64b0a5 paths to dependency are:
+-io.jenkins.plugins:github-checks:1.0.19-SNAPSHOT
  +-org.jenkins-ci.plugins:github-branch-source:2.9.3
    +-org.jenkins-ci.plugins:jackson2-api:2.13.0-230.v59243c64b0a5 (managed) <-- org.jenkins-ci.plugins:jackson2-api:2.11.1
and
+-io.jenkins.plugins:github-checks:1.0.19-SNAPSHOT
  +-org.jenkins-ci.plugins:github-api:1.303-400.v35c2d8258028
    +-org.jenkins-ci.plugins:jackson2-api:2.13.0-230.v59243c64b0a5 (managed) <-- org.jenkins-ci.plugins:jackson2-api:2.13.2-260.v43d711474c77
, 
Require upper bound dependencies error for org.apache.httpcomponents:httpcore:4.4.13 paths to dependency are:
+-io.jenkins.plugins:github-checks:1.0.19-SNAPSHOT
  +-org.apache.httpcomponents:httpclient:4.5.13
    +-org.apache.httpcomponents:httpcore:4.4.13
and
+-io.jenkins.plugins:github-checks:1.0.19-SNAPSHOT
  +-org.jenkins-ci.plugins:github-branch-source:2.9.3
    +-com.coravy.hudson.plugins.github:github:1.32.0
      +-org.jenkins-ci.plugins:git:4.10.0 (managed) <-- org.jenkins-ci.plugins:git:3.4.0
        +-org.jenkins-ci.plugins:git-client:3.10.0
          +-org.jenkins-ci.plugins:apache-httpcomponents-client-4-api:4.5.13-1.0
            +-org.apache.httpcomponents:httpcore:4.4.13
and
+-io.jenkins.plugins:github-checks:1.0.19-SNAPSHOT
  +-org.jenkins-ci.plugins:github-branch-source:2.9.3
    +-com.coravy.hudson.plugins.github:github:1.32.0
      +-org.jenkins-ci.plugins:git:4.10.0 (managed) <-- org.jenkins-ci.plugins:git:3.4.0
        +-org.jenkins-ci.plugins:git-client:3.10.0
          +-org.jenkins-ci.plugins:apache-httpcomponents-client-4-api:4.5.13-1.0
            +-org.apache.httpcomponents:httpcore-nio:4.4.14
              +-org.apache.httpcomponents:httpcore:4.4.14
and
+-io.jenkins.plugins:github-checks:1.0.19-SNAPSHOT
  +-org.jenkins-ci.plugins:github-branch-source:2.9.3
    +-com.coravy.hudson.plugins.github:github:1.32.0
      +-org.jenkins-ci.plugins:git:4.10.0 (managed) <-- org.jenkins-ci.plugins:git:3.4.0
        +-org.jenkins-ci.plugins:git-client:3.10.0
          +-org.jenkins-ci.plugins:apache-httpcomponents-client-4-api:4.5.13-1.0
            +-org.apache.httpcomponents:httpasyncclient:4.1.4
              +-org.apache.httpcomponents:httpcore:4.4.10
, 
Require upper bound dependencies error for commons-io:commons-io:2.8.0 paths to dependency are:
+-io.jenkins.plugins:github-checks:1.0.19-SNAPSHOT
  +-com.github.tomakehurst:wiremock-jre8:2.32.0
    +-commons-io:commons-io:2.8.0 (managed) <-- commons-io:commons-io:2.11.0
and
+-io.jenkins.plugins:github-checks:1.0.19-SNAPSHOT
  +-org.jenkins-ci.main:jenkins-core:2.289.1
    +-commons-io:commons-io:2.8.0 (managed) <-- commons-io:commons-io:2.4
and
+-io.jenkins.plugins:github-checks:1.0.19-SNAPSHOT
  +-org.jenkins-ci.main:jenkins-core:2.289.1
    +-org.jenkins-ci:crypto-util:1.5
      +-commons-io:commons-io:2.8.0 (managed) <-- commons-io:commons-io:1.4
and
+-io.jenkins.plugins:github-checks:1.0.19-SNAPSHOT
  +-org.jenkins-ci.main:jenkins-core:2.289.1
    +-org.kohsuke.stapler:stapler:1.263
      +-commons-io:commons-io:2.8.0 (managed) <-- commons-io:commons-io:2.4
and
+-io.jenkins.plugins:github-checks:1.0.19-SNAPSHOT
  +-org.jenkins-ci.main:jenkins-core:2.289.1
    +-org.jenkins-ci:bytecode-compatibility-transformer:2.0-beta-2
      +-commons-io:commons-io:2.8.0 (managed) <-- commons-io:commons-io:2.4
]
[INFO] 
[INFO] --- maven-enforcer-plugin:3.0.0-M3:enforce (no-snapshots-in-release) @ github-checks ---
[INFO] 
[INFO] --- gmavenplus-plugin:1.13.0:addTestSources (test-in-groovy) @ github-checks ---
[INFO] 
[INFO] --- localizer-maven-plugin:1.31:generate (default) @ github-checks ---
[INFO] 
[INFO] <<< maven-javadoc-plugin:3.3.1:javadoc (default) < generate-sources @ github-checks <<<
[INFO] 
[INFO] 
[INFO] --- maven-javadoc-plugin:3.3.1:javadoc (default) @ github-checks ---
[INFO] No previous run data found, generating javadoc.
[INFO] 
4 warnings
[WARNING] Javadoc Warnings
[WARNING] warning: unknown enum constant Include.NON_NULL
[WARNING] reason: class file for com.fasterxml.jackson.annotation.JsonInclude$Include not found
[WARNING] warning: unknown enum constant Include.NON_NULL
[WARNING] warning: unknown enum constant Include.NON_NULL
[WARNING] warning: unknown enum constant Include.NON_NULL
[INFO] 
[INFO] --- maven-resources-plugin:3.2.0:resources (default-resources) @ github-checks ---
[INFO] Using 'UTF-8' encoding to copy filtered resources.
[INFO] Using 'UTF-8' encoding to copy filtered properties files.
[INFO] Copying 13 resources
[INFO] 
[INFO] --- flatten-maven-plugin:1.2.7:flatten (flatten) @ github-checks ---
[INFO] Generating flattened POM of project io.jenkins.plugins:github-checks:hpi:1.0.19-SNAPSHOT...
[INFO] 
[INFO] --- maven-compiler-plugin:3.8.1:compile (default-compile) @ github-checks ---
[INFO] Changes detected - recompiling the module!
[INFO] Compiling 18 source files to /home/gabsko/breaking-updates/target/classes
[WARNING] /home/gabsko/breaking-updates/src/main/java/io/jenkins/plugins/checks/github/SCMFacade.java:[127,53] SYSTEM in hudson.security.ACL has been deprecated
[WARNING] /home/gabsko/breaking-updates/src/main/java/io/jenkins/plugins/checks/github/CheckRunGHEventSubscriber.java:[95,49] SYSTEM in hudson.security.ACL has been deprecated
[WARNING] /home/gabsko/breaking-updates/src/main/java/io/jenkins/plugins/checks/github/CheckRunGHEventSubscriber.java:[95,42] as(org.acegisecurity.Authentication) in hudson.security.ACL has been deprecated
[INFO] 
[INFO] --- access-modifier-checker:1.25:enforce (default-enforce) @ github-checks ---
[INFO] 
[INFO] --- maven-hpi-plugin:3.20:insert-test (default-insert-test) @ github-checks ---
[INFO] 
[INFO] --- gmavenplus-plugin:1.13.0:generateTestStubs (test-in-groovy) @ github-checks ---
[INFO] No sources specified for stub generation. Skipping.
[INFO] Generated 0 stubs.
[INFO] 
[INFO] --- assertj-assertions-generator-maven-plugin:2.2.0:generate-assertions (default) @ github-checks ---
[INFO] 
[INFO] --- maven-antrun-plugin:3.0.0:run (createTempDir) @ github-checks ---
[INFO] Executing tasks
[INFO]     [mkdir] Created dir: /home/gabsko/breaking-updates/target/tmp
[INFO] Executed tasks
[INFO] 
[INFO] --- maven-resources-plugin:3.2.0:testResources (default-testResources) @ github-checks ---
[INFO] Using 'UTF-8' encoding to copy filtered resources.
[INFO] Using 'UTF-8' encoding to copy filtered properties files.
[INFO] Copying 11 resources
[INFO] 
[INFO] --- maven-compiler-plugin:3.8.1:testCompile (default-testCompile) @ github-checks ---
[INFO] Changes detected - recompiling the module!
[INFO] Compiling 32 source files to /home/gabsko/breaking-updates/target/test-classes
[WARNING] /home/gabsko/breaking-updates/src/test/java/io/jenkins/plugins/checks/github/GitSCMChecksContextITest.java:[38,22] GitSCM(java.util.List<hudson.plugins.git.UserRemoteConfig>,java.util.List<hudson.plugins.git.BranchSpec>,java.lang.Boolean,java.util.Collection<hudson.plugins.git.SubmoduleConfig>,hudson.plugins.git.browser.GitRepositoryBrowser,java.lang.String,java.util.List<hudson.plugins.git.extensions.GitSCMExtension>) in hudson.plugins.git.GitSCM has been deprecated
[WARNING] /home/gabsko/breaking-updates/src/test/java/io/jenkins/plugins/checks/github/status/GitHubStatusChecksPropertiesTest.java:[43,41] unchecked call to DescribableList(hudson.model.Saveable,java.util.Collection<? extends T>) as a member of the raw type hudson.util.DescribableList
[WARNING] /home/gabsko/breaking-updates/src/test/java/io/jenkins/plugins/checks/github/status/GitHubStatusChecksPropertiesTest.java:[46,45] unchecked method invocation: method thenReturn in interface org.mockito.stubbing.OngoingStubbing is applied to given types
  required: T
  found: hudson.util.DescribableList
[WARNING] /home/gabsko/breaking-updates/src/test/java/io/jenkins/plugins/checks/github/status/GitHubStatusChecksPropertiesTest.java:[46,46] unchecked conversion
  required: T
  found:    hudson.util.DescribableList
[WARNING] /home/gabsko/breaking-updates/src/test/java/io/jenkins/plugins/checks/github/status/GitHubStatusChecksPropertiesTest.java:[74,41] unchecked call to DescribableList(hudson.model.Saveable,java.util.Collection<? extends T>) as a member of the raw type hudson.util.DescribableList
[WARNING] /home/gabsko/breaking-updates/src/test/java/io/jenkins/plugins/checks/github/status/GitHubStatusChecksPropertiesTest.java:[77,45] unchecked method invocation: method thenReturn in interface org.mockito.stubbing.OngoingStubbing is applied to given types
  required: T
  found: hudson.util.DescribableList
[WARNING] /home/gabsko/breaking-updates/src/test/java/io/jenkins/plugins/checks/github/status/GitHubStatusChecksPropertiesTest.java:[77,46] unchecked conversion
  required: T
  found:    hudson.util.DescribableList
[WARNING] /home/gabsko/breaking-updates/src/test/java/io/jenkins/plugins/checks/github/GitHubChecksPublisherITest.java:[236,15] configure(com.fasterxml.jackson.databind.MapperFeature,boolean) in com.fasterxml.jackson.databind.ObjectMapper has been deprecated
[WARNING] /home/gabsko/breaking-updates/src/test/java/io/jenkins/plugins/checks/github/GitHubChecksPublisherITest.java:[237,64] SNAKE_CASE in com.fasterxml.jackson.databind.PropertyNamingStrategy has been deprecated
[WARNING] /home/gabsko/breaking-updates/src/test/java/io/jenkins/plugins/checks/github/GitHubChecksPublisherITest.java:[362,54] getParent() in hudson.model.AbstractItem implements getParent() in hudson.model.Item
  return type requires unchecked conversion from hudson.model.ItemGroup to hudson.model.ItemGroup<? extends hudson.model.Item>
[INFO] 
[INFO] --- maven-hpi-plugin:3.20:test-hpl (default-test-hpl) @ github-checks ---
[INFO] Generating /home/gabsko/breaking-updates/target/test-classes/the.hpl
[INFO] webappDirectory does not exist, will use warSourceDirectory
[INFO] 
[INFO] --- maven-hpi-plugin:3.20:resolve-test-dependencies (default-resolve-test-dependencies) @ github-checks ---
[INFO] Downloading from repo.jenkins-ci.org: https://repo.jenkins-ci.org/public/io/jenkins/plugins/okhttp-api/4.9.2-20211102/okhttp-api-4.9.2-20211102.hpi
[INFO] Downloaded from repo.jenkins-ci.org: https://repo.jenkins-ci.org/public/io/jenkins/plugins/okhttp-api/4.9.2-20211102/okhttp-api-4.9.2-20211102.hpi (2.6 MB at 627 kB/s)
[INFO] Downloading from repo.jenkins-ci.org: https://repo.jenkins-ci.org/public/org/jenkins-ci/plugins/github-api/1.303-400.v35c2d8258028/github-api-1.303-400.v35c2d8258028.hpi
[INFO] Downloaded from repo.jenkins-ci.org: https://repo.jenkins-ci.org/public/org/jenkins-ci/plugins/github-api/1.303-400.v35c2d8258028/github-api-1.303-400.v35c2d8258028.hpi (1.3 MB at 825 kB/s)
[INFO] 
[INFO] --- gmavenplus-plugin:1.13.0:compileTests (test-in-groovy) @ github-checks ---
[INFO] No sources specified for compilation. Skipping.
[INFO] 
[INFO] --- jacoco-maven-plugin:0.8.7:prepare-agent (default) @ github-checks ---
[INFO] argLine set to -javaagent:/home/gabsko/.m2/repository/org/jacoco/org.jacoco.agent/0.8.7/org.jacoco.agent-0.8.7-runtime.jar=destfile=/home/gabsko/breaking-updates/target/jacoco.exec,includes=io/jenkins/plugins/**/* -Xms768M -Xmx768M -XX:+HeapDumpOnOutOfMemoryError -XX:+TieredCompilation -XX:TieredStopAtLevel=1
[INFO] 
[INFO] --- maven-surefire-plugin:3.0.0-M4:test (default-test) @ github-checks ---
[INFO] 
[INFO] -------------------------------------------------------
[INFO]  T E S T S
[INFO] -------------------------------------------------------
[INFO] Running io.jenkins.plugins.checks.ArchitectureTest
[ERROR] Tests run: 5, Failures: 1, Errors: 0, Skipped: 0, Time elapsed: 2.557 s <<< FAILURE! - in io.jenkins.plugins.checks.ArchitectureTest
[ERROR] ArchitectureTest.NO_JENKINS_INSTANCE_CALL  Time elapsed: 2.468 s  <<< FAILURE!
java.lang.AssertionError: 
Architecture Violation [Priority: MEDIUM] - Rule 'no classes that do not have simple name 'JenkinsFacade' should call method Jenkins.getInstance() or should call method Jenkins.getInstanceOrNull() or should call method Jenkins.getActiveInstance() or should call method Jenkins.get()' was violated (2 times):
Method <io.jenkins.plugins.okhttp.api.JenkinsOkHttpClient.newClientBuilder(okhttp3.OkHttpClient)> calls method <jenkins.model.Jenkins.get()> in (JenkinsOkHttpClient.java:28)
Method <io.jenkins.plugins.okhttp.api.JenkinsOkHttpClient.newClientBuilder(okhttp3.OkHttpClient)> calls method <jenkins.model.Jenkins.get()> in (JenkinsOkHttpClient.java:29)
	at com.tngtech.archunit.lang.ArchRule$Assertions.assertNoViolation(ArchRule.java:94)
	at com.tngtech.archunit.lang.ArchRule$Assertions.check(ArchRule.java:82)
	at com.tngtech.archunit.lang.ArchRule$Factory$SimpleArchRule.check(ArchRule.java:198)
	at com.tngtech.archunit.lang.syntax.ObjectsShouldInternal.check(ObjectsShouldInternal.java:81)
	at com.tngtech.archunit.junit.ArchUnitTestDescriptor$ArchUnitRuleDescriptor.execute(ArchUnitTestDescriptor.java:159)
	at com.tngtech.archunit.junit.ArchUnitTestDescriptor$ArchUnitRuleDescriptor.execute(ArchUnitTestDescriptor.java:142)
	at org.junit.platform.engine.support.hierarchical.NodeTestTask.lambda$executeRecursively$6(NodeTestTask.java:151)
	at org.junit.platform.engine.support.hierarchical.ThrowableCollector.execute(ThrowableCollector.java:73)
	at org.junit.platform.engine.support.hierarchical.NodeTestTask.lambda$executeRecursively$8(NodeTestTask.java:141)
	at org.junit.platform.engine.support.hierarchical.Node.around(Node.java:137)
	at org.junit.platform.engine.support.hierarchical.NodeTestTask.lambda$executeRecursively$9(NodeTestTask.java:139)
	at org.junit.platform.engine.support.hierarchical.ThrowableCollector.execute(ThrowableCollector.java:73)
	at org.junit.platform.engine.support.hierarchical.NodeTestTask.executeRecursively(NodeTestTask.java:138)
	at org.junit.platform.engine.support.hierarchical.NodeTestTask.execute(NodeTestTask.java:95)
	at java.base/java.util.ArrayList.forEach(ArrayList.java:1541)
	at org.junit.platform.engine.support.hierarchical.SameThreadHierarchicalTestExecutorService.invokeAll(SameThreadHierarchicalTestExecutorService.java:41)
	at org.junit.platform.engine.support.hierarchical.NodeTestTask.lambda$executeRecursively$6(NodeTestTask.java:155)
	at org.junit.platform.engine.support.hierarchical.ThrowableCollector.execute(ThrowableCollector.java:73)
	at org.junit.platform.engine.support.hierarchical.NodeTestTask.lambda$executeRecursively$8(NodeTestTask.java:141)
	at org.junit.platform.engine.support.hierarchical.Node.around(Node.java:137)
	at org.junit.platform.engine.support.hierarchical.NodeTestTask.lambda$executeRecursively$9(NodeTestTask.java:139)
	at org.junit.platform.engine.support.hierarchical.ThrowableCollector.execute(ThrowableCollector.java:73)
	at org.junit.platform.engine.support.hierarchical.NodeTestTask.executeRecursively(NodeTestTask.java:138)
	at org.junit.platform.engine.support.hierarchical.NodeTestTask.execute(NodeTestTask.java:95)
	at java.base/java.util.ArrayList.forEach(ArrayList.java:1541)
	at org.junit.platform.engine.support.hierarchical.SameThreadHierarchicalTestExecutorService.invokeAll(SameThreadHierarchicalTestExecutorService.java:41)
	at org.junit.platform.engine.support.hierarchical.NodeTestTask.lambda$executeRecursively$6(NodeTestTask.java:155)
	at org.junit.platform.engine.support.hierarchical.ThrowableCollector.execute(ThrowableCollector.java:73)
	at org.junit.platform.engine.support.hierarchical.NodeTestTask.lambda$executeRecursively$8(NodeTestTask.java:141)
	at org.junit.platform.engine.support.hierarchical.Node.around(Node.java:137)
	at org.junit.platform.engine.support.hierarchical.NodeTestTask.lambda$executeRecursively$9(NodeTestTask.java:139)
	at org.junit.platform.engine.support.hierarchical.ThrowableCollector.execute(ThrowableCollector.java:73)
	at org.junit.platform.engine.support.hierarchical.NodeTestTask.executeRecursively(NodeTestTask.java:138)
	at org.junit.platform.engine.support.hierarchical.NodeTestTask.execute(NodeTestTask.java:95)
	at org.junit.platform.engine.support.hierarchical.SameThreadHierarchicalTestExecutorService.submit(SameThreadHierarchicalTestExecutorService.java:35)
	at org.junit.platform.engine.support.hierarchical.HierarchicalTestExecutor.execute(HierarchicalTestExecutor.java:57)
	at org.junit.platform.engine.support.hierarchical.HierarchicalTestEngine.execute(HierarchicalTestEngine.java:54)
	at org.junit.platform.launcher.core.EngineExecutionOrchestrator.execute(EngineExecutionOrchestrator.java:107)
	at org.junit.platform.launcher.core.EngineExecutionOrchestrator.execute(EngineExecutionOrchestrator.java:88)
	at org.junit.platform.launcher.core.EngineExecutionOrchestrator.lambda$execute$0(EngineExecutionOrchestrator.java:54)
	at org.junit.platform.launcher.core.EngineExecutionOrchestrator.withInterceptedStreams(EngineExecutionOrchestrator.java:67)
	at org.junit.platform.launcher.core.EngineExecutionOrchestrator.execute(EngineExecutionOrchestrator.java:52)
	at org.junit.platform.launcher.core.DefaultLauncher.execute(DefaultLauncher.java:114)
	at org.junit.platform.launcher.core.DefaultLauncher.execute(DefaultLauncher.java:86)
	at org.junit.platform.launcher.core.DefaultLauncherSession$DelegatingLauncher.execute(DefaultLauncherSession.java:86)
	at org.junit.platform.launcher.core.SessionPerRequestLauncher.execute(SessionPerRequestLauncher.java:53)
	at org.apache.maven.surefire.junitplatform.JUnitPlatformProvider.invokeAllTests(JUnitPlatformProvider.java:154)
	at org.apache.maven.surefire.junitplatform.JUnitPlatformProvider.invoke(JUnitPlatformProvider.java:123)
	at org.apache.maven.surefire.booter.ForkedBooter.runSuitesInProcess(ForkedBooter.java:377)
	at org.apache.maven.surefire.booter.ForkedBooter.execute(ForkedBooter.java:138)
	at org.apache.maven.surefire.booter.ForkedBooter.run(ForkedBooter.java:465)
	at org.apache.maven.surefire.booter.ForkedBooter.main(ForkedBooter.java:451)

[INFO] Running io.jenkins.plugins.checks.github.CheckRunGHEventSubscriberTest
[INFO] Tests run: 13, Failures: 0, Errors: 0, Skipped: 0, Time elapsed: 2.885 s - in io.jenkins.plugins.checks.github.CheckRunGHEventSubscriberTest
[INFO] Running io.jenkins.plugins.checks.github.GitHubChecksDetailsTest
[INFO] Tests run: 3, Failures: 0, Errors: 0, Skipped: 0, Time elapsed: 0.091 s - in io.jenkins.plugins.checks.github.GitHubChecksDetailsTest
[INFO] Running io.jenkins.plugins.checks.github.GitHubChecksPublisherFactoryTest
[INFO] Tests run: 5, Failures: 0, Errors: 0, Skipped: 0, Time elapsed: 2.904 s - in io.jenkins.plugins.checks.github.GitHubChecksPublisherFactoryTest
[INFO] Running io.jenkins.plugins.checks.github.GitHubSCMSourceChecksContextTest
[INFO] Tests run: 16, Failures: 0, Errors: 0, Skipped: 0, Time elapsed: 2.462 s - in io.jenkins.plugins.checks.github.GitHubSCMSourceChecksContextTest
[INFO] Running io.jenkins.plugins.checks.github.GitSCMChecksContextTest
[INFO] Tests run: 1, Failures: 0, Errors: 0, Skipped: 0, Time elapsed: 1.751 s - in io.jenkins.plugins.checks.github.GitSCMChecksContextTest
[INFO] Running io.jenkins.plugins.checks.github.status.GitHubSCMSourceStatusChecksTraitTest
[INFO] Tests run: 1, Failures: 0, Errors: 0, Skipped: 0, Time elapsed: 1.324 s - in io.jenkins.plugins.checks.github.status.GitHubSCMSourceStatusChecksTraitTest
[INFO] Running io.jenkins.plugins.checks.github.status.GitHubStatusChecksPropertiesTest
[INFO] Tests run: 5, Failures: 0, Errors: 0, Skipped: 0, Time elapsed: 1.995 s - in io.jenkins.plugins.checks.github.status.GitHubStatusChecksPropertiesTest
[INFO] 
[INFO] Results:
[INFO] 
[ERROR] Failures: 
[ERROR]   Architecture Violation [Priority: MEDIUM] - Rule 'no classes that do not have simple name 'JenkinsFacade' should call method Jenkins.getInstance() or should call method Jenkins.getInstanceOrNull() or should call method Jenkins.getActiveInstance() or should call method Jenkins.get()' was violated (2 times):
Method <io.jenkins.plugins.okhttp.api.JenkinsOkHttpClient.newClientBuilder(okhttp3.OkHttpClient)> calls method <jenkins.model.Jenkins.get()> in (JenkinsOkHttpClient.java:28)
Method <io.jenkins.plugins.okhttp.api.JenkinsOkHttpClient.newClientBuilder(okhttp3.OkHttpClient)> calls method <jenkins.model.Jenkins.get()> in (JenkinsOkHttpClient.java:29)
[INFO] 
[ERROR] Tests run: 49, Failures: 1, Errors: 0, Skipped: 0
[INFO] 
[INFO] ------------------------------------------------------------------------
[INFO] BUILD FAILURE
[INFO] ------------------------------------------------------------------------
[INFO] Total time:  47.371 s
[INFO] Finished at: 2023-02-01T20:48:57Z
[INFO] ------------------------------------------------------------------------
[ERROR] Failed to execute goal org.apache.maven.plugins:maven-surefire-plugin:3.0.0-M4:test (default-test) on project github-checks: There are test failures.
[ERROR] 
[ERROR] Please refer to /home/gabsko/breaking-updates/target/surefire-reports for the individual test results.
[ERROR] Please refer to dump files (if any exist) [date].dump, [date]-jvmRun[N].dump and [date].dumpstream.
[ERROR] -> [Help 1]
[ERROR] 
[ERROR] To see the full stack trace of the errors, re-run Maven with the -e switch.
[ERROR] Re-run Maven using the -X switch to enable full debug logging.
[ERROR] 
[ERROR] For more information about the errors and possible solutions, please read the following articles:
[ERROR] [Help 1] http://cwiki.apache.org/confluence/display/MAVEN/MojoFailureException
