[INFO] Scanning for projects...
[INFO] 
[INFO] ----------< com.github.sabomichal:jooq-meta-postgres-flyway >-----------
[INFO] Building jooq-meta-postgres-flyway 0-SNAPSHOT
[INFO] --------------------------------[ jar ]---------------------------------
[INFO] Downloading from central: https://repo.maven.apache.org/maven2/org/jooq/jooq-meta/3.17.4/jooq-meta-3.17.4.pom
[INFO] Downloaded from central: https://repo.maven.apache.org/maven2/org/jooq/jooq-meta/3.17.4/jooq-meta-3.17.4.pom (1.6 kB at 6.0 kB/s)
[INFO] Downloading from central: https://repo.maven.apache.org/maven2/org/jooq/jooq-parent/3.17.4/jooq-parent-3.17.4.pom
[INFO] Downloaded from central: https://repo.maven.apache.org/maven2/org/jooq/jooq-parent/3.17.4/jooq-parent-3.17.4.pom (37 kB at 319 kB/s)
[INFO] Downloading from central: https://repo.maven.apache.org/maven2/org/jooq/jooq/3.17.4/jooq-3.17.4.pom
[INFO] Downloaded from central: https://repo.maven.apache.org/maven2/org/jooq/jooq/3.17.4/jooq-3.17.4.pom (4.8 kB at 46 kB/s)
[INFO] Downloading from central: https://repo.maven.apache.org/maven2/org/jooq/jooq-meta/3.17.4/jooq-meta-3.17.4.jar
[INFO] Downloading from central: https://repo.maven.apache.org/maven2/org/jooq/jooq/3.17.4/jooq-3.17.4.jar
[INFO] Downloaded from central: https://repo.maven.apache.org/maven2/org/jooq/jooq-meta/3.17.4/jooq-meta-3.17.4.jar (780 kB at 7.4 MB/s)
[INFO] Downloaded from central: https://repo.maven.apache.org/maven2/org/jooq/jooq/3.17.4/jooq-3.17.4.jar (4.3 MB at 20 MB/s)
[INFO] 
[INFO] --- maven-clean-plugin:2.5:clean (default-clean) @ jooq-meta-postgres-flyway ---
[INFO] Deleting /home/gabsko/breaking-updates/target
[INFO] 
[INFO] --- build-helper-maven-plugin:3.3.0:maven-version (default-maven-version) @ jooq-meta-postgres-flyway ---
[INFO] 
[INFO] --- build-helper-maven-plugin:3.3.0:timestamp-property (default-timestamp-property) @ jooq-meta-postgres-flyway ---
[INFO] 
[INFO] --- maven-resources-plugin:2.6:resources (default-resources) @ jooq-meta-postgres-flyway ---
[INFO] Using 'UTF-8' encoding to copy filtered resources.
[INFO] skip non existing resourceDirectory /home/gabsko/breaking-updates/src/main/resources
[INFO] 
[INFO] --- maven-compiler-plugin:3.10.1:compile (default-compile) @ jooq-meta-postgres-flyway ---
[INFO] Changes detected - recompiling the module!
[INFO] Compiling 3 source files to /home/gabsko/breaking-updates/target/classes
[INFO] -------------------------------------------------------------
[ERROR] COMPILATION ERROR : 
[INFO] -------------------------------------------------------------
[ERROR] /home/gabsko/breaking-updates/src/main/java/com/github/sabomichal/jooq/PostgresDDLDatabase.java:[12,16] cannot access org.jooq.DSLContext
  bad class file: /home/gabsko/.m2/repository/org/jooq/jooq/3.17.4/jooq-3.17.4.jar(/org/jooq/DSLContext.class)
    class file has wrong version 61.0, should be 55.0
    Please remove or make sure it appears in the correct subdirectory of the classpath.
[ERROR] /home/gabsko/breaking-updates/src/main/java/com/github/sabomichal/jooq/PostgresDDLDatabase.java:[13,16] cannot access org.jooq.SQLDialect
  bad class file: /home/gabsko/.m2/repository/org/jooq/jooq/3.17.4/jooq-3.17.4.jar(/org/jooq/SQLDialect.class)
    class file has wrong version 61.0, should be 55.0
    Please remove or make sure it appears in the correct subdirectory of the classpath.
[ERROR] /home/gabsko/breaking-updates/src/main/java/com/github/sabomichal/jooq/PostgresDDLDatabase.java:[14,26] cannot access org.jooq.exception.DataAccessException
  bad class file: /home/gabsko/.m2/repository/org/jooq/jooq/3.17.4/jooq-3.17.4.jar(/org/jooq/exception/DataAccessException.class)
    class file has wrong version 61.0, should be 55.0
    Please remove or make sure it appears in the correct subdirectory of the classpath.
[ERROR] /home/gabsko/breaking-updates/src/main/java/com/github/sabomichal/jooq/PostgresDDLDatabase.java:[15,21] cannot access org.jooq.impl.DSL
  bad class file: /home/gabsko/.m2/repository/org/jooq/jooq/3.17.4/jooq-3.17.4.jar(/org/jooq/impl/DSL.class)
    class file has wrong version 61.0, should be 55.0
    Please remove or make sure it appears in the correct subdirectory of the classpath.
[ERROR] /home/gabsko/breaking-updates/src/main/java/com/github/sabomichal/jooq/PostgresDDLDatabase.java:[16,30] cannot access org.jooq.meta.postgres.PostgresDatabase
  bad class file: /home/gabsko/.m2/repository/org/jooq/jooq-meta/3.17.4/jooq-meta-3.17.4.jar(/org/jooq/meta/postgres/PostgresDatabase.class)
    class file has wrong version 61.0, should be 55.0
    Please remove or make sure it appears in the correct subdirectory of the classpath.
[ERROR] /home/gabsko/breaking-updates/src/main/java/com/github/sabomichal/jooq/PostgresDDLDatabase.java:[17,22] cannot access org.jooq.tools.JooqLogger
  bad class file: /home/gabsko/.m2/repository/org/jooq/jooq/3.17.4/jooq-3.17.4.jar(/org/jooq/tools/JooqLogger.class)
    class file has wrong version 61.0, should be 55.0
    Please remove or make sure it appears in the correct subdirectory of the classpath.
[ERROR] /home/gabsko/breaking-updates/src/main/java/com/github/sabomichal/jooq/PostgresDDLDatabase.java:[18,27] cannot access org.jooq.tools.jdbc.JDBCUtils
  bad class file: /home/gabsko/.m2/repository/org/jooq/jooq/3.17.4/jooq-3.17.4.jar(/org/jooq/tools/jdbc/JDBCUtils.class)
    class file has wrong version 61.0, should be 55.0
    Please remove or make sure it appears in the correct subdirectory of the classpath.
[ERROR] /home/gabsko/breaking-updates/src/main/java/com/github/sabomichal/jooq/PostgresDDLDatabase.java:[23,29] cannot access org.jooq.tools.StringUtils
  bad class file: /home/gabsko/.m2/repository/org/jooq/jooq/3.17.4/jooq-3.17.4.jar(/org/jooq/tools/StringUtils.class)
    class file has wrong version 61.0, should be 55.0
    Please remove or make sure it appears in the correct subdirectory of the classpath.
[ERROR] /home/gabsko/breaking-updates/src/main/java/com/github/sabomichal/jooq/PostgresDDLDatabase.java:[23,1] static import only from classes and interfaces
[ERROR] /home/gabsko/breaking-updates/src/main/java/com/github/sabomichal/jooq/PostgresDDLDatabase.java:[38,42] cannot find symbol
  symbol: class PostgresDatabase
[ERROR] /home/gabsko/breaking-updates/src/main/java/com/github/sabomichal/jooq/PostgresDDLDatabase.java:[40,26] cannot find symbol
  symbol:   class JooqLogger
  location: class com.github.sabomichal.jooq.PostgresDDLDatabase
[ERROR] /home/gabsko/breaking-updates/src/main/java/com/github/sabomichal/jooq/PostgresDDLDatabase.java:[49,15] cannot find symbol
  symbol:   class DSLContext
  location: class com.github.sabomichal.jooq.PostgresDDLDatabase
[ERROR] /home/gabsko/breaking-updates/src/main/java/com/github/sabomichal/jooq/PostgresDDLDatabase.java:[40,43] cannot find symbol
  symbol:   variable JooqLogger
  location: class com.github.sabomichal.jooq.PostgresDDLDatabase
[ERROR] /home/gabsko/breaking-updates/src/main/java/com/github/sabomichal/jooq/PostgresDDLDatabase.java:[48,5] method does not override or implement a method from a supertype
[ERROR] /home/gabsko/breaking-updates/src/main/java/com/github/sabomichal/jooq/PostgresDDLDatabase.java:[50,40] cannot find symbol
  symbol:   variable SQLDialect
  location: class com.github.sabomichal.jooq.PostgresDDLDatabase
[ERROR] /home/gabsko/breaking-updates/src/main/java/com/github/sabomichal/jooq/PostgresDDLDatabase.java:[50,16] cannot find symbol
  symbol:   variable DSL
  location: class com.github.sabomichal.jooq.PostgresDDLDatabase
[ERROR] /home/gabsko/breaking-updates/src/main/java/com/github/sabomichal/jooq/PostgresDDLDatabase.java:[59,54] cannot find symbol
  symbol:   method getProperties()
  location: class com.github.sabomichal.jooq.PostgresDDLDatabase
[ERROR] /home/gabsko/breaking-updates/src/main/java/com/github/sabomichal/jooq/PostgresDDLDatabase.java:[61,21] cannot find symbol
  symbol:   method isBlank(java.lang.String)
  location: class com.github.sabomichal.jooq.PostgresDDLDatabase
[ERROR] /home/gabsko/breaking-updates/src/main/java/com/github/sabomichal/jooq/PostgresDDLDatabase.java:[78,44] cannot find symbol
  symbol:   method getProperties()
  location: class com.github.sabomichal.jooq.PostgresDDLDatabase
[ERROR] /home/gabsko/breaking-updates/src/main/java/com/github/sabomichal/jooq/PostgresDDLDatabase.java:[79,21] cannot find symbol
  symbol:   method isBlank(java.lang.String)
  location: class com.github.sabomichal.jooq.PostgresDDLDatabase
[ERROR] /home/gabsko/breaking-updates/src/main/java/com/github/sabomichal/jooq/PostgresDDLDatabase.java:[84,60] cannot find symbol
  symbol:   method getBasedir()
  location: class com.github.sabomichal.jooq.PostgresDDLDatabase
[ERROR] /home/gabsko/breaking-updates/src/main/java/com/github/sabomichal/jooq/PostgresDDLDatabase.java:[88,47] cannot find symbol
  symbol:   method getProperties()
  location: class com.github.sabomichal.jooq.PostgresDDLDatabase
[ERROR] /home/gabsko/breaking-updates/src/main/java/com/github/sabomichal/jooq/PostgresDDLDatabase.java:[89,21] cannot find symbol
  symbol:   method isBlank(java.lang.String)
  location: class com.github.sabomichal.jooq.PostgresDDLDatabase
[ERROR] /home/gabsko/breaking-updates/src/main/java/com/github/sabomichal/jooq/PostgresDDLDatabase.java:[97,40] cannot find symbol
  symbol:   method getProperties()
  location: class com.github.sabomichal.jooq.PostgresDDLDatabase
[ERROR] /home/gabsko/breaking-updates/src/main/java/com/github/sabomichal/jooq/PostgresDDLDatabase.java:[98,21] cannot find symbol
  symbol:   method isBlank(java.lang.String)
  location: class com.github.sabomichal.jooq.PostgresDDLDatabase
[ERROR] /home/gabsko/breaking-updates/src/main/java/com/github/sabomichal/jooq/PostgresDDLDatabase.java:[109,17] cannot find symbol
  symbol:   method setConnection(java.sql.Connection)
  location: class com.github.sabomichal.jooq.PostgresDDLDatabase
[ERROR] /home/gabsko/breaking-updates/src/main/java/com/github/sabomichal/jooq/PostgresDDLDatabase.java:[112,27] cannot find symbol
  symbol:   class DataAccessException
  location: class com.github.sabomichal.jooq.PostgresDDLDatabase
[ERROR] /home/gabsko/breaking-updates/src/main/java/com/github/sabomichal/jooq/PostgresDDLDatabase.java:[118,5] method does not override or implement a method from a supertype
[ERROR] /home/gabsko/breaking-updates/src/main/java/com/github/sabomichal/jooq/PostgresDDLDatabase.java:[120,9] cannot find symbol
  symbol:   variable JDBCUtils
  location: class com.github.sabomichal.jooq.PostgresDDLDatabase
[ERROR] /home/gabsko/breaking-updates/src/main/java/com/github/sabomichal/jooq/PostgresDDLDatabase.java:[126,9] cannot find symbol
  symbol:   variable super
  location: class com.github.sabomichal.jooq.PostgresDDLDatabase
[INFO] 30 errors 
[INFO] -------------------------------------------------------------
[INFO] ------------------------------------------------------------------------
[INFO] BUILD FAILURE
[INFO] ------------------------------------------------------------------------
[INFO] Total time:  1.874 s
[INFO] Finished at: 2023-02-07T13:59:46Z
[INFO] ------------------------------------------------------------------------
[ERROR] Failed to execute goal org.apache.maven.plugins:maven-compiler-plugin:3.10.1:compile (default-compile) on project jooq-meta-postgres-flyway: Compilation failure: Compilation failure: 
[ERROR] /home/gabsko/breaking-updates/src/main/java/com/github/sabomichal/jooq/PostgresDDLDatabase.java:[12,16] cannot access org.jooq.DSLContext
[ERROR]   bad class file: /home/gabsko/.m2/repository/org/jooq/jooq/3.17.4/jooq-3.17.4.jar(/org/jooq/DSLContext.class)
[ERROR]     class file has wrong version 61.0, should be 55.0
[ERROR]     Please remove or make sure it appears in the correct subdirectory of the classpath.
[ERROR] /home/gabsko/breaking-updates/src/main/java/com/github/sabomichal/jooq/PostgresDDLDatabase.java:[13,16] cannot access org.jooq.SQLDialect
[ERROR]   bad class file: /home/gabsko/.m2/repository/org/jooq/jooq/3.17.4/jooq-3.17.4.jar(/org/jooq/SQLDialect.class)
[ERROR]     class file has wrong version 61.0, should be 55.0
[ERROR]     Please remove or make sure it appears in the correct subdirectory of the classpath.
[ERROR] /home/gabsko/breaking-updates/src/main/java/com/github/sabomichal/jooq/PostgresDDLDatabase.java:[14,26] cannot access org.jooq.exception.DataAccessException
[ERROR]   bad class file: /home/gabsko/.m2/repository/org/jooq/jooq/3.17.4/jooq-3.17.4.jar(/org/jooq/exception/DataAccessException.class)
[ERROR]     class file has wrong version 61.0, should be 55.0
[ERROR]     Please remove or make sure it appears in the correct subdirectory of the classpath.
[ERROR] /home/gabsko/breaking-updates/src/main/java/com/github/sabomichal/jooq/PostgresDDLDatabase.java:[15,21] cannot access org.jooq.impl.DSL
[ERROR]   bad class file: /home/gabsko/.m2/repository/org/jooq/jooq/3.17.4/jooq-3.17.4.jar(/org/jooq/impl/DSL.class)
[ERROR]     class file has wrong version 61.0, should be 55.0
[ERROR]     Please remove or make sure it appears in the correct subdirectory of the classpath.
[ERROR] /home/gabsko/breaking-updates/src/main/java/com/github/sabomichal/jooq/PostgresDDLDatabase.java:[16,30] cannot access org.jooq.meta.postgres.PostgresDatabase
[ERROR]   bad class file: /home/gabsko/.m2/repository/org/jooq/jooq-meta/3.17.4/jooq-meta-3.17.4.jar(/org/jooq/meta/postgres/PostgresDatabase.class)
[ERROR]     class file has wrong version 61.0, should be 55.0
[ERROR]     Please remove or make sure it appears in the correct subdirectory of the classpath.
[ERROR] /home/gabsko/breaking-updates/src/main/java/com/github/sabomichal/jooq/PostgresDDLDatabase.java:[17,22] cannot access org.jooq.tools.JooqLogger
[ERROR]   bad class file: /home/gabsko/.m2/repository/org/jooq/jooq/3.17.4/jooq-3.17.4.jar(/org/jooq/tools/JooqLogger.class)
[ERROR]     class file has wrong version 61.0, should be 55.0
[ERROR]     Please remove or make sure it appears in the correct subdirectory of the classpath.
[ERROR] /home/gabsko/breaking-updates/src/main/java/com/github/sabomichal/jooq/PostgresDDLDatabase.java:[18,27] cannot access org.jooq.tools.jdbc.JDBCUtils
[ERROR]   bad class file: /home/gabsko/.m2/repository/org/jooq/jooq/3.17.4/jooq-3.17.4.jar(/org/jooq/tools/jdbc/JDBCUtils.class)
[ERROR]     class file has wrong version 61.0, should be 55.0
[ERROR]     Please remove or make sure it appears in the correct subdirectory of the classpath.
[ERROR] /home/gabsko/breaking-updates/src/main/java/com/github/sabomichal/jooq/PostgresDDLDatabase.java:[23,29] cannot access org.jooq.tools.StringUtils
[ERROR]   bad class file: /home/gabsko/.m2/repository/org/jooq/jooq/3.17.4/jooq-3.17.4.jar(/org/jooq/tools/StringUtils.class)
[ERROR]     class file has wrong version 61.0, should be 55.0
[ERROR]     Please remove or make sure it appears in the correct subdirectory of the classpath.
[ERROR] /home/gabsko/breaking-updates/src/main/java/com/github/sabomichal/jooq/PostgresDDLDatabase.java:[23,1] static import only from classes and interfaces
[ERROR] /home/gabsko/breaking-updates/src/main/java/com/github/sabomichal/jooq/PostgresDDLDatabase.java:[38,42] cannot find symbol
[ERROR]   symbol: class PostgresDatabase
[ERROR] /home/gabsko/breaking-updates/src/main/java/com/github/sabomichal/jooq/PostgresDDLDatabase.java:[40,26] cannot find symbol
[ERROR]   symbol:   class JooqLogger
[ERROR]   location: class com.github.sabomichal.jooq.PostgresDDLDatabase
[ERROR] /home/gabsko/breaking-updates/src/main/java/com/github/sabomichal/jooq/PostgresDDLDatabase.java:[49,15] cannot find symbol
[ERROR]   symbol:   class DSLContext
[ERROR]   location: class com.github.sabomichal.jooq.PostgresDDLDatabase
[ERROR] /home/gabsko/breaking-updates/src/main/java/com/github/sabomichal/jooq/PostgresDDLDatabase.java:[40,43] cannot find symbol
[ERROR]   symbol:   variable JooqLogger
[ERROR]   location: class com.github.sabomichal.jooq.PostgresDDLDatabase
[ERROR] /home/gabsko/breaking-updates/src/main/java/com/github/sabomichal/jooq/PostgresDDLDatabase.java:[48,5] method does not override or implement a method from a supertype
[ERROR] /home/gabsko/breaking-updates/src/main/java/com/github/sabomichal/jooq/PostgresDDLDatabase.java:[50,40] cannot find symbol
[ERROR]   symbol:   variable SQLDialect
[ERROR]   location: class com.github.sabomichal.jooq.PostgresDDLDatabase
[ERROR] /home/gabsko/breaking-updates/src/main/java/com/github/sabomichal/jooq/PostgresDDLDatabase.java:[50,16] cannot find symbol
[ERROR]   symbol:   variable DSL
[ERROR]   location: class com.github.sabomichal.jooq.PostgresDDLDatabase
[ERROR] /home/gabsko/breaking-updates/src/main/java/com/github/sabomichal/jooq/PostgresDDLDatabase.java:[59,54] cannot find symbol
[ERROR]   symbol:   method getProperties()
[ERROR]   location: class com.github.sabomichal.jooq.PostgresDDLDatabase
[ERROR] /home/gabsko/breaking-updates/src/main/java/com/github/sabomichal/jooq/PostgresDDLDatabase.java:[61,21] cannot find symbol
[ERROR]   symbol:   method isBlank(java.lang.String)
[ERROR]   location: class com.github.sabomichal.jooq.PostgresDDLDatabase
[ERROR] /home/gabsko/breaking-updates/src/main/java/com/github/sabomichal/jooq/PostgresDDLDatabase.java:[78,44] cannot find symbol
[ERROR]   symbol:   method getProperties()
[ERROR]   location: class com.github.sabomichal.jooq.PostgresDDLDatabase
[ERROR] /home/gabsko/breaking-updates/src/main/java/com/github/sabomichal/jooq/PostgresDDLDatabase.java:[79,21] cannot find symbol
[ERROR]   symbol:   method isBlank(java.lang.String)
[ERROR]   location: class com.github.sabomichal.jooq.PostgresDDLDatabase
[ERROR] /home/gabsko/breaking-updates/src/main/java/com/github/sabomichal/jooq/PostgresDDLDatabase.java:[84,60] cannot find symbol
[ERROR]   symbol:   method getBasedir()
[ERROR]   location: class com.github.sabomichal.jooq.PostgresDDLDatabase
[ERROR] /home/gabsko/breaking-updates/src/main/java/com/github/sabomichal/jooq/PostgresDDLDatabase.java:[88,47] cannot find symbol
[ERROR]   symbol:   method getProperties()
[ERROR]   location: class com.github.sabomichal.jooq.PostgresDDLDatabase
[ERROR] /home/gabsko/breaking-updates/src/main/java/com/github/sabomichal/jooq/PostgresDDLDatabase.java:[89,21] cannot find symbol
[ERROR]   symbol:   method isBlank(java.lang.String)
[ERROR]   location: class com.github.sabomichal.jooq.PostgresDDLDatabase
[ERROR] /home/gabsko/breaking-updates/src/main/java/com/github/sabomichal/jooq/PostgresDDLDatabase.java:[97,40] cannot find symbol
[ERROR]   symbol:   method getProperties()
[ERROR]   location: class com.github.sabomichal.jooq.PostgresDDLDatabase
[ERROR] /home/gabsko/breaking-updates/src/main/java/com/github/sabomichal/jooq/PostgresDDLDatabase.java:[98,21] cannot find symbol
[ERROR]   symbol:   method isBlank(java.lang.String)
[ERROR]   location: class com.github.sabomichal.jooq.PostgresDDLDatabase
[ERROR] /home/gabsko/breaking-updates/src/main/java/com/github/sabomichal/jooq/PostgresDDLDatabase.java:[109,17] cannot find symbol
[ERROR]   symbol:   method setConnection(java.sql.Connection)
[ERROR]   location: class com.github.sabomichal.jooq.PostgresDDLDatabase
[ERROR] /home/gabsko/breaking-updates/src/main/java/com/github/sabomichal/jooq/PostgresDDLDatabase.java:[112,27] cannot find symbol
[ERROR]   symbol:   class DataAccessException
[ERROR]   location: class com.github.sabomichal.jooq.PostgresDDLDatabase
[ERROR] /home/gabsko/breaking-updates/src/main/java/com/github/sabomichal/jooq/PostgresDDLDatabase.java:[118,5] method does not override or implement a method from a supertype
[ERROR] /home/gabsko/breaking-updates/src/main/java/com/github/sabomichal/jooq/PostgresDDLDatabase.java:[120,9] cannot find symbol
[ERROR]   symbol:   variable JDBCUtils
[ERROR]   location: class com.github.sabomichal.jooq.PostgresDDLDatabase
[ERROR] /home/gabsko/breaking-updates/src/main/java/com/github/sabomichal/jooq/PostgresDDLDatabase.java:[126,9] cannot find symbol
[ERROR]   symbol:   variable super
[ERROR]   location: class com.github.sabomichal.jooq.PostgresDDLDatabase
[ERROR] -> [Help 1]
[ERROR] 
[ERROR] To see the full stack trace of the errors, re-run Maven with the -e switch.
[ERROR] Re-run Maven using the -X switch to enable full debug logging.
[ERROR] 
[ERROR] For more information about the errors and possible solutions, please read the following articles:
[ERROR] [Help 1] http://cwiki.apache.org/confluence/display/MAVEN/MojoFailureException
