[INFO] Scanning for projects...
[WARNING] 
[WARNING] Some problems were encountered while building the effective model for com.google.api.grpc:proto-google-cloud-firestore-admin-v1:jar:3.0.3-SNAPSHOT
[WARNING] 'build.plugins.plugin.version' for org.codehaus.mojo:animal-sniffer-maven-plugin is missing. @ com.google.cloud:google-cloud-shared-config:1.0.1, /home/gabsko/.m2/repository/com/google/cloud/google-cloud-shared-config/1.0.1/google-cloud-shared-config-1.0.1.pom, line 413, column 15
[WARNING] 
[WARNING] Some problems were encountered while building the effective model for com.google.api.grpc:proto-google-cloud-firestore-v1:jar:3.0.3-SNAPSHOT
[WARNING] 'build.plugins.plugin.version' for org.codehaus.mojo:animal-sniffer-maven-plugin is missing. @ com.google.cloud:google-cloud-shared-config:1.0.1, /home/gabsko/.m2/repository/com/google/cloud/google-cloud-shared-config/1.0.1/google-cloud-shared-config-1.0.1.pom, line 413, column 15
[WARNING] 
[WARNING] Some problems were encountered while building the effective model for com.google.cloud:proto-google-cloud-firestore-bundle-v1:jar:3.0.3-SNAPSHOT
[WARNING] 'build.plugins.plugin.version' for org.codehaus.mojo:animal-sniffer-maven-plugin is missing. @ com.google.cloud:google-cloud-shared-config:1.0.1, /home/gabsko/.m2/repository/com/google/cloud/google-cloud-shared-config/1.0.1/google-cloud-shared-config-1.0.1.pom, line 413, column 15
[WARNING] 
[WARNING] Some problems were encountered while building the effective model for com.google.api.grpc:grpc-google-cloud-firestore-admin-v1:jar:3.0.3-SNAPSHOT
[WARNING] 'build.plugins.plugin.version' for org.codehaus.mojo:animal-sniffer-maven-plugin is missing. @ com.google.cloud:google-cloud-shared-config:1.0.1, /home/gabsko/.m2/repository/com/google/cloud/google-cloud-shared-config/1.0.1/google-cloud-shared-config-1.0.1.pom, line 413, column 15
[WARNING] 
[WARNING] Some problems were encountered while building the effective model for com.google.api.grpc:grpc-google-cloud-firestore-v1:jar:3.0.3-SNAPSHOT
[WARNING] 'build.plugins.plugin.version' for org.codehaus.mojo:animal-sniffer-maven-plugin is missing. @ com.google.cloud:google-cloud-shared-config:1.0.1, /home/gabsko/.m2/repository/com/google/cloud/google-cloud-shared-config/1.0.1/google-cloud-shared-config-1.0.1.pom, line 413, column 15
[WARNING] 
[WARNING] Some problems were encountered while building the effective model for com.google.cloud:google-cloud-firestore-admin:jar:3.0.3-SNAPSHOT
[WARNING] 'build.plugins.plugin.version' for org.codehaus.mojo:animal-sniffer-maven-plugin is missing. @ com.google.cloud:google-cloud-shared-config:1.0.1, /home/gabsko/.m2/repository/com/google/cloud/google-cloud-shared-config/1.0.1/google-cloud-shared-config-1.0.1.pom, line 413, column 15
[WARNING] 
[WARNING] Some problems were encountered while building the effective model for com.google.cloud:google-cloud-firestore:jar:3.0.3-SNAPSHOT
[WARNING] 'build.plugins.plugin.version' for org.codehaus.mojo:animal-sniffer-maven-plugin is missing. @ com.google.cloud:google-cloud-shared-config:1.0.1, /home/gabsko/.m2/repository/com/google/cloud/google-cloud-shared-config/1.0.1/google-cloud-shared-config-1.0.1.pom, line 413, column 15
[WARNING] 
[WARNING] Some problems were encountered while building the effective model for com.google.cloud:google-cloud-firestore-bom:pom:3.0.3-SNAPSHOT
[WARNING] 'build.plugins.plugin.version' for org.codehaus.mojo:animal-sniffer-maven-plugin is missing. @ com.google.cloud:google-cloud-shared-config:1.0.1, /home/gabsko/.m2/repository/com/google/cloud/google-cloud-shared-config/1.0.1/google-cloud-shared-config-1.0.1.pom, line 413, column 15
[WARNING] 
[WARNING] Some problems were encountered while building the effective model for com.google.cloud:google-cloud-firestore-parent:pom:3.0.3-SNAPSHOT
[WARNING] 'build.plugins.plugin.version' for org.codehaus.mojo:animal-sniffer-maven-plugin is missing. @ com.google.cloud:google-cloud-shared-config:1.0.1, /home/gabsko/.m2/repository/com/google/cloud/google-cloud-shared-config/1.0.1/google-cloud-shared-config-1.0.1.pom, line 413, column 15
[WARNING] 
[WARNING] It is highly recommended to fix these problems because they threaten the stability of your build.
[WARNING] 
[WARNING] For this reason, future Maven versions might no longer support building such malformed projects.
[WARNING] 
[INFO] Inspecting build with total of 9 modules...
[INFO] Installing Nexus Staging features:
[INFO]   ... total of 9 executions of maven-deploy-plugin replaced with nexus-staging-maven-plugin
[INFO] ------------------------------------------------------------------------
[INFO] Reactor Build Order:
[INFO] 
[INFO] Google Cloud Firestore Parent                                      [pom]
[INFO] proto-google-cloud-firestore-admin-v1                              [jar]
[INFO] proto-google-cloud-firestore-v1                                    [jar]
[INFO] proto-google-cloud-firestore-bundle-v1                             [jar]
[INFO] grpc-google-cloud-firestore-admin-v1                               [jar]
[INFO] grpc-google-cloud-firestore-v1                                     [jar]
[INFO] Google Cloud Firestore Admin Client                                [jar]
[INFO] Google Cloud Firestore                                             [jar]
[INFO] Google Cloud Firestore BOM                                         [pom]
[INFO] 
[INFO] -----------< com.google.cloud:google-cloud-firestore-parent >-----------
[INFO] Building Google Cloud Firestore Parent 3.0.3-SNAPSHOT              [1/9]
[INFO] --------------------------------[ pom ]---------------------------------
[INFO] 
[INFO] --- maven-clean-plugin:2.5:clean (default-clean) @ google-cloud-firestore-parent ---
[INFO] Deleting /home/gabsko/breaking-updates/target
[INFO] 
[INFO] --- maven-enforcer-plugin:3.0.0-M3:enforce (enforce) @ google-cloud-firestore-parent ---
[INFO] Adding ignore: module-info
[INFO] Adding ignore: META-INF/versions/*/module-info
[INFO] 
[INFO] --- maven-checkstyle-plugin:3.1.2:check (checkstyle) @ google-cloud-firestore-parent ---
[INFO] Starting audit...
Audit done.
[INFO] You have 0 Checkstyle violations.
[INFO] 
[INFO] --- jacoco-maven-plugin:0.8.7:prepare-agent (default) @ google-cloud-firestore-parent ---
[INFO] argLine set to -javaagent:/home/gabsko/.m2/repository/org/jacoco/org.jacoco.agent/0.8.7/org.jacoco.agent-0.8.7-runtime.jar=destfile=/home/gabsko/breaking-updates/target/jacoco.exec
[INFO] 
[INFO] --- build-helper-maven-plugin:3.2.0:add-resource (add-main-proto-resources) @ google-cloud-firestore-parent ---
[INFO] 
[INFO] -----< com.google.api.grpc:proto-google-cloud-firestore-admin-v1 >------
[INFO] Building proto-google-cloud-firestore-admin-v1 3.0.3-SNAPSHOT      [2/9]
[INFO] --------------------------------[ jar ]---------------------------------
[INFO] 
[INFO] --- maven-clean-plugin:2.5:clean (default-clean) @ proto-google-cloud-firestore-admin-v1 ---
[INFO] Deleting /home/gabsko/breaking-updates/proto-google-cloud-firestore-admin-v1/target
[INFO] 
[INFO] --- flatten-maven-plugin:1.2.7:clean (flatten.clean) @ proto-google-cloud-firestore-admin-v1 ---
[INFO] Deleting /home/gabsko/breaking-updates/proto-google-cloud-firestore-admin-v1/.flattened-pom.xml
[INFO] 
[INFO] --- maven-enforcer-plugin:3.0.0-M3:enforce (enforce) @ proto-google-cloud-firestore-admin-v1 ---
[INFO] Adding ignore: module-info
[INFO] Adding ignore: META-INF/versions/*/module-info
[INFO] 
[INFO] --- maven-checkstyle-plugin:3.1.2:check (checkstyle) @ proto-google-cloud-firestore-admin-v1 ---
[INFO] Starting audit...
Audit done.
[INFO] You have 0 Checkstyle violations.
[INFO] 
[INFO] --- jacoco-maven-plugin:0.8.7:prepare-agent (default) @ proto-google-cloud-firestore-admin-v1 ---
[INFO] argLine set to -javaagent:/home/gabsko/.m2/repository/org/jacoco/org.jacoco.agent/0.8.7/org.jacoco.agent-0.8.7-runtime.jar=destfile=/home/gabsko/breaking-updates/proto-google-cloud-firestore-admin-v1/target/jacoco.exec
[INFO] 
[INFO] --- build-helper-maven-plugin:3.2.0:add-resource (add-main-proto-resources) @ proto-google-cloud-firestore-admin-v1 ---
[INFO] 
[INFO] --- maven-resources-plugin:2.6:resources (default-resources) @ proto-google-cloud-firestore-admin-v1 ---
[INFO] Using 'UTF-8' encoding to copy filtered resources.
[INFO] skip non existing resourceDirectory /home/gabsko/breaking-updates/proto-google-cloud-firestore-admin-v1/src/main/resources
[INFO] Copying 5 resources
[INFO] 
[INFO] --- flatten-maven-plugin:1.2.7:flatten (flatten) @ proto-google-cloud-firestore-admin-v1 ---
[INFO] Generating flattened POM of project com.google.api.grpc:proto-google-cloud-firestore-admin-v1:jar:3.0.3-SNAPSHOT...
[INFO] 
[INFO] --- maven-compiler-plugin:3.8.1:compile (default-compile) @ proto-google-cloud-firestore-admin-v1 ---
[INFO] Changes detected - recompiling the module!
[INFO] Compiling 51 source files to /home/gabsko/breaking-updates/proto-google-cloud-firestore-admin-v1/target/classes
[WARNING] bootstrap class path not set in conjunction with -source 8
[INFO] 
[INFO] --------< com.google.api.grpc:proto-google-cloud-firestore-v1 >---------
[INFO] Building proto-google-cloud-firestore-v1 3.0.3-SNAPSHOT            [3/9]
[INFO] --------------------------------[ jar ]---------------------------------
[INFO] 
[INFO] --- maven-clean-plugin:2.5:clean (default-clean) @ proto-google-cloud-firestore-v1 ---
[INFO] Deleting /home/gabsko/breaking-updates/proto-google-cloud-firestore-v1/target
[INFO] 
[INFO] --- flatten-maven-plugin:1.2.7:clean (flatten.clean) @ proto-google-cloud-firestore-v1 ---
[INFO] Deleting /home/gabsko/breaking-updates/proto-google-cloud-firestore-v1/.flattened-pom.xml
[INFO] 
[INFO] --- maven-enforcer-plugin:3.0.0-M3:enforce (enforce) @ proto-google-cloud-firestore-v1 ---
[INFO] Adding ignore: module-info
[INFO] Adding ignore: META-INF/versions/*/module-info
[INFO] 
[INFO] --- maven-checkstyle-plugin:3.1.2:check (checkstyle) @ proto-google-cloud-firestore-v1 ---
[INFO] Starting audit...
Audit done.
[INFO] You have 0 Checkstyle violations.
[INFO] 
[INFO] --- jacoco-maven-plugin:0.8.7:prepare-agent (default) @ proto-google-cloud-firestore-v1 ---
[INFO] argLine set to -javaagent:/home/gabsko/.m2/repository/org/jacoco/org.jacoco.agent/0.8.7/org.jacoco.agent-0.8.7-runtime.jar=destfile=/home/gabsko/breaking-updates/proto-google-cloud-firestore-v1/target/jacoco.exec
[INFO] 
[INFO] --- build-helper-maven-plugin:3.2.0:add-resource (add-main-proto-resources) @ proto-google-cloud-firestore-v1 ---
[INFO] 
[INFO] --- maven-resources-plugin:2.6:resources (default-resources) @ proto-google-cloud-firestore-v1 ---
[INFO] Using 'UTF-8' encoding to copy filtered resources.
[INFO] skip non existing resourceDirectory /home/gabsko/breaking-updates/proto-google-cloud-firestore-v1/src/main/resources
[INFO] Copying 7 resources
[INFO] 
[INFO] --- flatten-maven-plugin:1.2.7:flatten (flatten) @ proto-google-cloud-firestore-v1 ---
[INFO] Generating flattened POM of project com.google.api.grpc:proto-google-cloud-firestore-v1:jar:3.0.3-SNAPSHOT...
[INFO] 
[INFO] --- maven-compiler-plugin:3.8.1:compile (default-compile) @ proto-google-cloud-firestore-v1 ---
[INFO] Changes detected - recompiling the module!
[INFO] Compiling 95 source files to /home/gabsko/breaking-updates/proto-google-cloud-firestore-v1/target/classes
[WARNING] bootstrap class path not set in conjunction with -source 8
[INFO] 
[INFO] ------< com.google.cloud:proto-google-cloud-firestore-bundle-v1 >-------
[INFO] Building proto-google-cloud-firestore-bundle-v1 3.0.3-SNAPSHOT     [4/9]
[INFO] --------------------------------[ jar ]---------------------------------
[INFO] 
[INFO] --- maven-clean-plugin:2.5:clean (default-clean) @ proto-google-cloud-firestore-bundle-v1 ---
[INFO] Deleting /home/gabsko/breaking-updates/proto-google-cloud-firestore-bundle-v1/target
[INFO] 
[INFO] --- flatten-maven-plugin:1.2.7:clean (flatten.clean) @ proto-google-cloud-firestore-bundle-v1 ---
[INFO] Deleting /home/gabsko/breaking-updates/proto-google-cloud-firestore-bundle-v1/.flattened-pom.xml
[INFO] 
[INFO] --- maven-enforcer-plugin:3.0.0-M3:enforce (enforce) @ proto-google-cloud-firestore-bundle-v1 ---
[INFO] Adding ignore: module-info
[INFO] Adding ignore: META-INF/versions/*/module-info
[INFO] 
[INFO] --- maven-checkstyle-plugin:3.1.2:check (checkstyle) @ proto-google-cloud-firestore-bundle-v1 ---
[INFO] Starting audit...
Audit done.
[INFO] You have 0 Checkstyle violations.
[INFO] 
[INFO] --- jacoco-maven-plugin:0.8.7:prepare-agent (default) @ proto-google-cloud-firestore-bundle-v1 ---
[INFO] argLine set to -javaagent:/home/gabsko/.m2/repository/org/jacoco/org.jacoco.agent/0.8.7/org.jacoco.agent-0.8.7-runtime.jar=destfile=/home/gabsko/breaking-updates/proto-google-cloud-firestore-bundle-v1/target/jacoco.exec
[INFO] 
[INFO] --- build-helper-maven-plugin:3.2.0:add-resource (add-main-proto-resources) @ proto-google-cloud-firestore-bundle-v1 ---
[INFO] 
[INFO] --- maven-resources-plugin:2.6:resources (default-resources) @ proto-google-cloud-firestore-bundle-v1 ---
[INFO] Using 'UTF-8' encoding to copy filtered resources.
[INFO] skip non existing resourceDirectory /home/gabsko/breaking-updates/proto-google-cloud-firestore-bundle-v1/src/main/resources
[INFO] Copying 1 resource
[INFO] 
[INFO] --- flatten-maven-plugin:1.2.7:flatten (flatten) @ proto-google-cloud-firestore-bundle-v1 ---
[INFO] Generating flattened POM of project com.google.cloud:proto-google-cloud-firestore-bundle-v1:jar:3.0.3-SNAPSHOT...
[INFO] 
[INFO] --- maven-compiler-plugin:3.8.1:compile (default-compile) @ proto-google-cloud-firestore-bundle-v1 ---
[INFO] Changes detected - recompiling the module!
[INFO] Compiling 11 source files to /home/gabsko/breaking-updates/proto-google-cloud-firestore-bundle-v1/target/classes
[WARNING] bootstrap class path not set in conjunction with -source 8
[INFO] 
[INFO] ------< com.google.api.grpc:grpc-google-cloud-firestore-admin-v1 >------
[INFO] Building grpc-google-cloud-firestore-admin-v1 3.0.3-SNAPSHOT       [5/9]
[INFO] --------------------------------[ jar ]---------------------------------
[INFO] 
[INFO] --- maven-clean-plugin:2.5:clean (default-clean) @ grpc-google-cloud-firestore-admin-v1 ---
[INFO] Deleting /home/gabsko/breaking-updates/grpc-google-cloud-firestore-admin-v1/target
[INFO] 
[INFO] --- flatten-maven-plugin:1.2.7:clean (flatten.clean) @ grpc-google-cloud-firestore-admin-v1 ---
[INFO] Deleting /home/gabsko/breaking-updates/grpc-google-cloud-firestore-admin-v1/.flattened-pom.xml
[INFO] 
[INFO] --- maven-enforcer-plugin:3.0.0-M3:enforce (enforce) @ grpc-google-cloud-firestore-admin-v1 ---
[INFO] Adding ignore: module-info
[INFO] Adding ignore: META-INF/versions/*/module-info
[INFO] 
[INFO] --- maven-checkstyle-plugin:3.1.2:check (checkstyle) @ grpc-google-cloud-firestore-admin-v1 ---
[INFO] Starting audit...
Audit done.
[INFO] You have 0 Checkstyle violations.
[INFO] 
[INFO] --- jacoco-maven-plugin:0.8.7:prepare-agent (default) @ grpc-google-cloud-firestore-admin-v1 ---
[INFO] argLine set to -javaagent:/home/gabsko/.m2/repository/org/jacoco/org.jacoco.agent/0.8.7/org.jacoco.agent-0.8.7-runtime.jar=destfile=/home/gabsko/breaking-updates/grpc-google-cloud-firestore-admin-v1/target/jacoco.exec
[INFO] 
[INFO] --- build-helper-maven-plugin:3.2.0:add-resource (add-main-proto-resources) @ grpc-google-cloud-firestore-admin-v1 ---
[INFO] 
[INFO] --- maven-resources-plugin:2.6:resources (default-resources) @ grpc-google-cloud-firestore-admin-v1 ---
[INFO] Using 'UTF-8' encoding to copy filtered resources.
[INFO] skip non existing resourceDirectory /home/gabsko/breaking-updates/grpc-google-cloud-firestore-admin-v1/src/main/resources
[INFO] skip non existing resourceDirectory /home/gabsko/breaking-updates/grpc-google-cloud-firestore-admin-v1/src/main/proto
[INFO] 
[INFO] --- flatten-maven-plugin:1.2.7:flatten (flatten) @ grpc-google-cloud-firestore-admin-v1 ---
[INFO] Generating flattened POM of project com.google.api.grpc:grpc-google-cloud-firestore-admin-v1:jar:3.0.3-SNAPSHOT...
[INFO] 
[INFO] --- maven-compiler-plugin:3.8.1:compile (default-compile) @ grpc-google-cloud-firestore-admin-v1 ---
[INFO] Changes detected - recompiling the module!
[INFO] Compiling 1 source file to /home/gabsko/breaking-updates/grpc-google-cloud-firestore-admin-v1/target/classes
[WARNING] bootstrap class path not set in conjunction with -source 8
[INFO] 
[INFO] ---------< com.google.api.grpc:grpc-google-cloud-firestore-v1 >---------
[INFO] Building grpc-google-cloud-firestore-v1 3.0.3-SNAPSHOT             [6/9]
[INFO] --------------------------------[ jar ]---------------------------------
[INFO] 
[INFO] --- maven-clean-plugin:2.5:clean (default-clean) @ grpc-google-cloud-firestore-v1 ---
[INFO] Deleting /home/gabsko/breaking-updates/grpc-google-cloud-firestore-v1/target
[INFO] 
[INFO] --- flatten-maven-plugin:1.2.7:clean (flatten.clean) @ grpc-google-cloud-firestore-v1 ---
[INFO] Deleting /home/gabsko/breaking-updates/grpc-google-cloud-firestore-v1/.flattened-pom.xml
[INFO] 
[INFO] --- maven-enforcer-plugin:3.0.0-M3:enforce (enforce) @ grpc-google-cloud-firestore-v1 ---
[INFO] Adding ignore: module-info
[INFO] Adding ignore: META-INF/versions/*/module-info
[INFO] 
[INFO] --- maven-checkstyle-plugin:3.1.2:check (checkstyle) @ grpc-google-cloud-firestore-v1 ---
[INFO] Starting audit...
Audit done.
[INFO] You have 0 Checkstyle violations.
[INFO] 
[INFO] --- jacoco-maven-plugin:0.8.7:prepare-agent (default) @ grpc-google-cloud-firestore-v1 ---
[INFO] argLine set to -javaagent:/home/gabsko/.m2/repository/org/jacoco/org.jacoco.agent/0.8.7/org.jacoco.agent-0.8.7-runtime.jar=destfile=/home/gabsko/breaking-updates/grpc-google-cloud-firestore-v1/target/jacoco.exec
[INFO] 
[INFO] --- build-helper-maven-plugin:3.2.0:add-resource (add-main-proto-resources) @ grpc-google-cloud-firestore-v1 ---
[INFO] 
[INFO] --- maven-resources-plugin:2.6:resources (default-resources) @ grpc-google-cloud-firestore-v1 ---
[INFO] Using 'UTF-8' encoding to copy filtered resources.
[INFO] skip non existing resourceDirectory /home/gabsko/breaking-updates/grpc-google-cloud-firestore-v1/src/main/resources
[INFO] skip non existing resourceDirectory /home/gabsko/breaking-updates/grpc-google-cloud-firestore-v1/src/main/proto
[INFO] 
[INFO] --- flatten-maven-plugin:1.2.7:flatten (flatten) @ grpc-google-cloud-firestore-v1 ---
[INFO] Generating flattened POM of project com.google.api.grpc:grpc-google-cloud-firestore-v1:jar:3.0.3-SNAPSHOT...
[INFO] 
[INFO] --- maven-compiler-plugin:3.8.1:compile (default-compile) @ grpc-google-cloud-firestore-v1 ---
[INFO] Changes detected - recompiling the module!
[INFO] Compiling 1 source file to /home/gabsko/breaking-updates/grpc-google-cloud-firestore-v1/target/classes
[WARNING] bootstrap class path not set in conjunction with -source 8
[INFO] 
[INFO] -----------< com.google.cloud:google-cloud-firestore-admin >------------
[INFO] Building Google Cloud Firestore Admin Client 3.0.3-SNAPSHOT        [7/9]
[INFO] --------------------------------[ jar ]---------------------------------
[INFO] 
[INFO] --- maven-clean-plugin:2.5:clean (default-clean) @ google-cloud-firestore-admin ---
[INFO] Deleting /home/gabsko/breaking-updates/google-cloud-firestore-admin/target
[INFO] 
[INFO] --- flatten-maven-plugin:1.2.7:clean (flatten.clean) @ google-cloud-firestore-admin ---
[INFO] Deleting /home/gabsko/breaking-updates/google-cloud-firestore-admin/.flattened-pom.xml
[INFO] 
[INFO] --- maven-enforcer-plugin:3.0.0-M3:enforce (enforce) @ google-cloud-firestore-admin ---
[INFO] Adding ignore: module-info
[INFO] Adding ignore: META-INF/versions/*/module-info
[INFO] 
[INFO] --- maven-checkstyle-plugin:3.1.2:check (checkstyle) @ google-cloud-firestore-admin ---
[INFO] Starting audit...
Audit done.
[INFO] You have 0 Checkstyle violations.
[INFO] 
[INFO] --- jacoco-maven-plugin:0.8.7:prepare-agent (default) @ google-cloud-firestore-admin ---
[INFO] argLine set to -javaagent:/home/gabsko/.m2/repository/org/jacoco/org.jacoco.agent/0.8.7/org.jacoco.agent-0.8.7-runtime.jar=destfile=/home/gabsko/breaking-updates/google-cloud-firestore-admin/target/jacoco.exec
[INFO] 
[INFO] --- build-helper-maven-plugin:3.2.0:add-resource (add-main-proto-resources) @ google-cloud-firestore-admin ---
[INFO] 
[INFO] --- maven-resources-plugin:2.6:resources (default-resources) @ google-cloud-firestore-admin ---
[INFO] Using 'UTF-8' encoding to copy filtered resources.
[INFO] skip non existing resourceDirectory /home/gabsko/breaking-updates/google-cloud-firestore-admin/src/main/resources
[INFO] skip non existing resourceDirectory /home/gabsko/breaking-updates/google-cloud-firestore-admin/src/main/proto
[INFO] 
[INFO] --- flatten-maven-plugin:1.2.7:flatten (flatten) @ google-cloud-firestore-admin ---
[INFO] Generating flattened POM of project com.google.cloud:google-cloud-firestore-admin:jar:3.0.3-SNAPSHOT...
[INFO] 
[INFO] --- maven-compiler-plugin:3.8.1:compile (default-compile) @ google-cloud-firestore-admin ---
[INFO] Changes detected - recompiling the module!
[INFO] Compiling 7 source files to /home/gabsko/breaking-updates/google-cloud-firestore-admin/target/classes
[WARNING] bootstrap class path not set in conjunction with -source 8
[INFO] /home/gabsko/breaking-updates/google-cloud-firestore-admin/src/main/java/com/google/cloud/firestore/v1/stub/FirestoreAdminStubSettings.java: Some input files use unchecked or unsafe operations.
[INFO] /home/gabsko/breaking-updates/google-cloud-firestore-admin/src/main/java/com/google/cloud/firestore/v1/stub/FirestoreAdminStubSettings.java: Recompile with -Xlint:unchecked for details.
[INFO] 
[INFO] --------------< com.google.cloud:google-cloud-firestore >---------------
[INFO] Building Google Cloud Firestore 3.0.3-SNAPSHOT                     [8/9]
[INFO] --------------------------------[ jar ]---------------------------------
[INFO] Downloading from central: https://repo.maven.apache.org/maven2/com/google/cloud/google-cloud-conformance-tests/0.2.0/google-cloud-conformance-tests-0.2.0.pom
[INFO] Downloaded from central: https://repo.maven.apache.org/maven2/com/google/cloud/google-cloud-conformance-tests/0.2.0/google-cloud-conformance-tests-0.2.0.pom (9.6 kB at 29 kB/s)
[INFO] Downloading from central: https://repo.maven.apache.org/maven2/com/google/api/grpc/proto-google-cloud-bigtable-v2/2.0.1/proto-google-cloud-bigtable-v2-2.0.1.pom
[INFO] Downloaded from central: https://repo.maven.apache.org/maven2/com/google/api/grpc/proto-google-cloud-bigtable-v2/2.0.1/proto-google-cloud-bigtable-v2-2.0.1.pom (8.7 kB at 45 kB/s)
[INFO] 
[INFO] --- maven-clean-plugin:2.5:clean (default-clean) @ google-cloud-firestore ---
[INFO] Deleting /home/gabsko/breaking-updates/google-cloud-firestore/target
[INFO] 
[INFO] --- flatten-maven-plugin:1.2.7:clean (flatten.clean) @ google-cloud-firestore ---
[INFO] Deleting /home/gabsko/breaking-updates/google-cloud-firestore/.flattened-pom.xml
[INFO] 
[INFO] --- maven-enforcer-plugin:3.0.0-M3:enforce (enforce) @ google-cloud-firestore ---
[INFO] Downloading from central: https://repo.maven.apache.org/maven2/com/google/api/grpc/proto-google-cloud-bigtable-v2/2.0.1/proto-google-cloud-bigtable-v2-2.0.1.jar
[INFO] Downloaded from central: https://repo.maven.apache.org/maven2/com/google/api/grpc/proto-google-cloud-bigtable-v2/2.0.1/proto-google-cloud-bigtable-v2-2.0.1.jar (449 kB at 3.0 MB/s)
[INFO] Adding ignore: module-info
[INFO] Adding ignore: META-INF/versions/*/module-info
[WARNING] Rule 2: org.apache.maven.plugins.enforcer.RequireUpperBoundDeps failed with message:
Failed while enforcing RequireUpperBoundDeps. The error(s) are [
Require upper bound dependencies error for org.checkerframework:checker-qual:3.8.0 paths to dependency are:
+-com.google.cloud:google-cloud-firestore:3.0.3-SNAPSHOT
  +-com.google.guava:guava:30.1.1-jre
    +-org.checkerframework:checker-qual:3.8.0
and
+-com.google.cloud:google-cloud-firestore:3.0.3-SNAPSHOT
  +-com.google.cloud:google-cloud-conformance-tests:0.2.0
    +-org.checkerframework:checker-qual:3.13.0
]
[INFO] ------------------------------------------------------------------------
[INFO] Reactor Summary for Google Cloud Firestore Parent 3.0.3-SNAPSHOT:
[INFO] 
[INFO] Google Cloud Firestore Parent ...................... SUCCESS [  0.871 s]
[INFO] proto-google-cloud-firestore-admin-v1 .............. SUCCESS [  2.429 s]
[INFO] proto-google-cloud-firestore-v1 .................... SUCCESS [  2.118 s]
[INFO] proto-google-cloud-firestore-bundle-v1 ............. SUCCESS [  0.329 s]
[INFO] grpc-google-cloud-firestore-admin-v1 ............... SUCCESS [  0.170 s]
[INFO] grpc-google-cloud-firestore-v1 ..................... SUCCESS [  0.160 s]
[INFO] Google Cloud Firestore Admin Client ................ SUCCESS [  0.402 s]
[INFO] Google Cloud Firestore ............................. FAILURE [  1.009 s]
[INFO] Google Cloud Firestore BOM ......................... SKIPPED
[INFO] ------------------------------------------------------------------------
[INFO] BUILD FAILURE
[INFO] ------------------------------------------------------------------------
[INFO] Total time:  7.996 s
[INFO] Finished at: 2023-02-05T04:34:14Z
[INFO] ------------------------------------------------------------------------
[ERROR] Failed to execute goal org.apache.maven.plugins:maven-enforcer-plugin:3.0.0-M3:enforce (enforce) on project google-cloud-firestore: Some Enforcer rules have failed. Look above for specific messages explaining why the rule failed. -> [Help 1]
[ERROR] 
[ERROR] To see the full stack trace of the errors, re-run Maven with the -e switch.
[ERROR] Re-run Maven using the -X switch to enable full debug logging.
[ERROR] 
[ERROR] For more information about the errors and possible solutions, please read the following articles:
[ERROR] [Help 1] http://cwiki.apache.org/confluence/display/MAVEN/MojoExecutionException
[ERROR] 
[ERROR] After correcting the problems, you can resume the build with the command
[ERROR]   mvn <args> -rf :google-cloud-firestore
