[INFO] Scanning for projects...
[INFO] Inspecting build with total of 1 modules...
[INFO] Installing Nexus Staging features:
[INFO]   ... total of 1 executions of maven-deploy-plugin replaced with nexus-staging-maven-plugin
[INFO] 
[INFO] -----------------------< net.greghaines:jesque >------------------------
[INFO] Building Jesque 2.3.0-SNAPSHOT
[INFO] --------------------------------[ jar ]---------------------------------
[INFO] Downloading from central: https://repo.maven.apache.org/maven2/redis/clients/jedis/4.2.0/jedis-4.2.0.pom
[INFO] Downloaded from central: https://repo.maven.apache.org/maven2/redis/clients/jedis/4.2.0/jedis-4.2.0.pom (7.0 kB at 25 kB/s)
[INFO] Downloading from central: https://repo.maven.apache.org/maven2/redis/clients/jedis/4.2.0/jedis-4.2.0.jar
[INFO] Downloaded from central: https://repo.maven.apache.org/maven2/redis/clients/jedis/4.2.0/jedis-4.2.0.jar (716 kB at 12 MB/s)
[INFO] 
[INFO] --- maven-clean-plugin:2.5:clean (default-clean) @ jesque ---
[INFO] Deleting /home/gabsko/breaking-updates/target
[INFO] 
[INFO] --- maven-resources-plugin:2.6:resources (default-resources) @ jesque ---
[INFO] Using 'UTF-8' encoding to copy filtered resources.
[INFO] Copying 3 resources
[INFO] 
[INFO] --- maven-compiler-plugin:3.9.0:compile (default-compile) @ jesque ---
[INFO] Changes detected - recompiling the module!
[INFO] Compiling 68 source files to /home/gabsko/breaking-updates/target/classes
[INFO] -------------------------------------------------------------
[ERROR] COMPILATION ERROR : 
[INFO] -------------------------------------------------------------
[ERROR] /home/gabsko/breaking-updates/src/main/java/net/greghaines/jesque/meta/dao/impl/QueueInfoDAORedisImpl.java:[38,27] cannot find symbol
  symbol:   class Tuple
  location: package redis.clients.jedis
[ERROR] /home/gabsko/breaking-updates/src/main/java/net/greghaines/jesque/meta/dao/impl/QueueInfoDAORedisImpl.java:[248,23] cannot find symbol
  symbol:   class Tuple
  location: class net.greghaines.jesque.meta.dao.impl.QueueInfoDAORedisImpl
[ERROR] /home/gabsko/breaking-updates/src/main/java/net/greghaines/jesque/meta/dao/impl/QueueInfoDAORedisImpl.java:[249,24] cannot find symbol
  symbol:   class Tuple
  location: class net.greghaines.jesque.meta.dao.impl.QueueInfoDAORedisImpl
[INFO] 3 errors 
[INFO] -------------------------------------------------------------
[INFO] ------------------------------------------------------------------------
[INFO] BUILD FAILURE
[INFO] ------------------------------------------------------------------------
[INFO] Total time:  2.728 s
[INFO] Finished at: 2023-02-05T04:52:09Z
[INFO] ------------------------------------------------------------------------
[ERROR] Failed to execute goal org.apache.maven.plugins:maven-compiler-plugin:3.9.0:compile (default-compile) on project jesque: Compilation failure: Compilation failure: 
[ERROR] /home/gabsko/breaking-updates/src/main/java/net/greghaines/jesque/meta/dao/impl/QueueInfoDAORedisImpl.java:[38,27] cannot find symbol
[ERROR]   symbol:   class Tuple
[ERROR]   location: package redis.clients.jedis
[ERROR] /home/gabsko/breaking-updates/src/main/java/net/greghaines/jesque/meta/dao/impl/QueueInfoDAORedisImpl.java:[248,23] cannot find symbol
[ERROR]   symbol:   class Tuple
[ERROR]   location: class net.greghaines.jesque.meta.dao.impl.QueueInfoDAORedisImpl
[ERROR] /home/gabsko/breaking-updates/src/main/java/net/greghaines/jesque/meta/dao/impl/QueueInfoDAORedisImpl.java:[249,24] cannot find symbol
[ERROR]   symbol:   class Tuple
[ERROR]   location: class net.greghaines.jesque.meta.dao.impl.QueueInfoDAORedisImpl
[ERROR] -> [Help 1]
[ERROR] 
[ERROR] To see the full stack trace of the errors, re-run Maven with the -e switch.
[ERROR] Re-run Maven using the -X switch to enable full debug logging.
[ERROR] 
[ERROR] For more information about the errors and possible solutions, please read the following articles:
[ERROR] [Help 1] http://cwiki.apache.org/confluence/display/MAVEN/MojoFailureException
