[INFO] Scanning for projects...
[INFO] Downloading from repo.jenkins-ci.org: https://repo.jenkins-ci.org/public/io/jenkins/tools/bom/bom-2.289.x/1362.v59f2f3db_80ee/bom-2.289.x-1362.v59f2f3db_80ee.pom
[INFO] Downloaded from repo.jenkins-ci.org: https://repo.jenkins-ci.org/public/io/jenkins/tools/bom/bom-2.289.x/1362.v59f2f3db_80ee/bom-2.289.x-1362.v59f2f3db_80ee.pom (11 kB at 14 kB/s)
[INFO] Downloading from repo.jenkins-ci.org: https://repo.jenkins-ci.org/public/io/jenkins/tools/bom/bom-2.303.x/1362.v59f2f3db_80ee/bom-2.303.x-1362.v59f2f3db_80ee.pom
[INFO] Downloaded from repo.jenkins-ci.org: https://repo.jenkins-ci.org/public/io/jenkins/tools/bom/bom-2.303.x/1362.v59f2f3db_80ee/bom-2.303.x-1362.v59f2f3db_80ee.pom (10 kB at 39 kB/s)
[INFO] Downloading from repo.jenkins-ci.org: https://repo.jenkins-ci.org/public/io/jenkins/tools/bom/bom-2.319.x/1362.v59f2f3db_80ee/bom-2.319.x-1362.v59f2f3db_80ee.pom
[INFO] Downloaded from repo.jenkins-ci.org: https://repo.jenkins-ci.org/public/io/jenkins/tools/bom/bom-2.319.x/1362.v59f2f3db_80ee/bom-2.319.x-1362.v59f2f3db_80ee.pom (13 kB at 48 kB/s)
[INFO] Downloading from repo.jenkins-ci.org: https://repo.jenkins-ci.org/public/io/jenkins/tools/bom/bom-2.332.x/1362.v59f2f3db_80ee/bom-2.332.x-1362.v59f2f3db_80ee.pom
[INFO] Downloaded from repo.jenkins-ci.org: https://repo.jenkins-ci.org/public/io/jenkins/tools/bom/bom-2.332.x/1362.v59f2f3db_80ee/bom-2.332.x-1362.v59f2f3db_80ee.pom (9.9 kB at 38 kB/s)
[INFO] Downloading from repo.jenkins-ci.org: https://repo.jenkins-ci.org/public/io/jenkins/tools/bom/bom-weekly/1362.v59f2f3db_80ee/bom-weekly-1362.v59f2f3db_80ee.pom
[INFO] Downloaded from repo.jenkins-ci.org: https://repo.jenkins-ci.org/public/io/jenkins/tools/bom/bom-weekly/1362.v59f2f3db_80ee/bom-weekly-1362.v59f2f3db_80ee.pom (33 kB at 87 kB/s)
[WARNING] The POM for org.jenkins-ci.tools:maven-hpi-plugin:jar:3.25 is missing, no dependency information available
[WARNING] Failed to build parent project for org.jenkins-ci.plugins:mercurial:hpi:2.17-SNAPSHOT
[INFO] 
[INFO] ------------------< org.jenkins-ci.plugins:mercurial >------------------
[INFO] Building Jenkins Mercurial plugin 2.17-SNAPSHOT
[INFO] --------------------------------[ hpi ]---------------------------------
[INFO] Downloading from repo.jenkins-ci.org: https://repo.jenkins-ci.org/public/org/jenkins-ci/plugins/durable-task/496.va67c6f9eefa7/durable-task-496.va67c6f9eefa7.pom
[INFO] Downloaded from repo.jenkins-ci.org: https://repo.jenkins-ci.org/public/org/jenkins-ci/plugins/durable-task/496.va67c6f9eefa7/durable-task-496.va67c6f9eefa7.pom (3.4 kB at 13 kB/s)
[INFO] Downloading from repo.jenkins-ci.org: https://repo.jenkins-ci.org/public/org/jenkins-ci/plugins/mailer/414.vcc4c33714601/mailer-414.vcc4c33714601.pom
[INFO] Downloaded from repo.jenkins-ci.org: https://repo.jenkins-ci.org/public/org/jenkins-ci/plugins/mailer/414.vcc4c33714601/mailer-414.vcc4c33714601.pom (3.8 kB at 14 kB/s)
[INFO] Downloading from repo.jenkins-ci.org: https://repo.jenkins-ci.org/public/io/jenkins/plugins/javax-mail-api/1.6.2-6/javax-mail-api-1.6.2-6.pom
[INFO] Downloaded from repo.jenkins-ci.org: https://repo.jenkins-ci.org/public/io/jenkins/plugins/javax-mail-api/1.6.2-6/javax-mail-api-1.6.2-6.pom (3.9 kB at 15 kB/s)
[INFO] Downloading from repo.jenkins-ci.org: https://repo.jenkins-ci.org/public/org/jenkins-ci/plugins/scm-api/608.vfa_f971c5a_a_e9/scm-api-608.vfa_f971c5a_a_e9-tests.jar
[INFO] Downloading from repo.jenkins-ci.org: https://repo.jenkins-ci.org/public/org/jenkins-ci/plugins/mailer/414.vcc4c33714601/mailer-414.vcc4c33714601.jar
[INFO] Downloading from repo.jenkins-ci.org: https://repo.jenkins-ci.org/public/org/jenkins-ci/plugins/durable-task/496.va67c6f9eefa7/durable-task-496.va67c6f9eefa7.jar
[INFO] Downloading from repo.jenkins-ci.org: https://repo.jenkins-ci.org/public/io/jenkins/plugins/javax-mail-api/1.6.2-6/javax-mail-api-1.6.2-6.jar
[INFO] Downloaded from repo.jenkins-ci.org: https://repo.jenkins-ci.org/public/io/jenkins/plugins/javax-mail-api/1.6.2-6/javax-mail-api-1.6.2-6.jar (9.5 kB at 37 kB/s)
[INFO] Downloaded from repo.jenkins-ci.org: https://repo.jenkins-ci.org/public/org/jenkins-ci/plugins/durable-task/496.va67c6f9eefa7/durable-task-496.va67c6f9eefa7.jar (74 kB at 84 kB/s)
[INFO] Downloaded from repo.jenkins-ci.org: https://repo.jenkins-ci.org/public/org/jenkins-ci/plugins/scm-api/608.vfa_f971c5a_a_e9/scm-api-608.vfa_f971c5a_a_e9-tests.jar (154 kB at 155 kB/s)
[INFO] Downloaded from repo.jenkins-ci.org: https://repo.jenkins-ci.org/public/org/jenkins-ci/plugins/mailer/414.vcc4c33714601/mailer-414.vcc4c33714601.jar (156 kB at 143 kB/s)
[INFO] 
[INFO] --- maven-clean-plugin:3.1.0:clean (default-clean) @ mercurial ---
[INFO] Deleting /home/gabsko/breaking-updates/target
[INFO] 
[INFO] --- maven-hpi-plugin:3.25:validate (default-validate) @ mercurial ---
[INFO] 
[INFO] --- maven-hpi-plugin:3.25:validate-hpi (default-validate-hpi) @ mercurial ---
[INFO] ------------------------------------------------------------------------
[INFO] BUILD FAILURE
[INFO] ------------------------------------------------------------------------
[INFO] Total time:  5.763 s
[INFO] Finished at: 2023-02-08T23:29:07Z
[INFO] ------------------------------------------------------------------------
[ERROR] Failed to execute goal org.jenkins-ci.tools:maven-hpi-plugin:3.25:validate-hpi (default-validate-hpi) on project mercurial: Dependency org.jenkins-ci.plugins:ssh-credentials:jar:277.v95c2fec1c047 requires Jenkins 2.289.3 or higher. -> [Help 1]
[ERROR] 
[ERROR] To see the full stack trace of the errors, re-run Maven with the -e switch.
[ERROR] Re-run Maven using the -X switch to enable full debug logging.
[ERROR] 
[ERROR] For more information about the errors and possible solutions, please read the following articles:
[ERROR] [Help 1] http://cwiki.apache.org/confluence/display/MAVEN/MojoExecutionException
