[INFO] Scanning for projects...
[INFO] 
[INFO] --------------------< net.pistonmaster:PistonChat >---------------------
[INFO] Building PistonChat 1.5.3
[INFO] --------------------------------[ jar ]---------------------------------
[INFO] Downloading from spigotmc-repo: https://hub.spigotmc.org/nexus/content/repositories/snapshots/com/github/puregero/multilib/1.1.8/multilib-1.1.8.pom
[INFO] Downloading from sonatype: https://oss.sonatype.org/content/groups/public/com/github/puregero/multilib/1.1.8/multilib-1.1.8.pom
[INFO] Downloading from CodeMC: https://repo.codemc.org/repository/maven-public/com/github/puregero/multilib/1.1.8/multilib-1.1.8.pom
[INFO] Downloading from placeholderapi: https://repo.extendedclip.com/content/repositories/placeholderapi/com/github/puregero/multilib/1.1.8/multilib-1.1.8.pom
[INFO] Downloading from clojars: https://repo.clojars.org/com/github/puregero/multilib/1.1.8/multilib-1.1.8.pom
[INFO] Downloaded from clojars: https://repo.clojars.org/com/github/puregero/multilib/1.1.8/multilib-1.1.8.pom (2.5 kB at 2.8 kB/s)
[INFO] Downloading from spigotmc-repo: https://hub.spigotmc.org/nexus/content/repositories/snapshots/com/github/puregero/multilib/1.1.8/multilib-1.1.8.jar
[INFO] Downloading from sonatype: https://oss.sonatype.org/content/groups/public/com/github/puregero/multilib/1.1.8/multilib-1.1.8.jar
[INFO] Downloading from CodeMC: https://repo.codemc.org/repository/maven-public/com/github/puregero/multilib/1.1.8/multilib-1.1.8.jar
[INFO] Downloading from placeholderapi: https://repo.extendedclip.com/content/repositories/placeholderapi/com/github/puregero/multilib/1.1.8/multilib-1.1.8.jar
[INFO] Downloading from clojars: https://repo.clojars.org/com/github/puregero/multilib/1.1.8/multilib-1.1.8.jar
[INFO] Downloaded from clojars: https://repo.clojars.org/com/github/puregero/multilib/1.1.8/multilib-1.1.8.jar (26 kB at 30 kB/s)
[INFO] 
[INFO] --- maven-clean-plugin:3.2.0:clean (default-clean) @ PistonChat ---
[INFO] Deleting /home/gabsko/breaking-updates/target
[INFO] 
[INFO] --- maven-clean-plugin:3.2.0:clean (auto-clean) @ PistonChat ---
[INFO] 
[INFO] --- maven-resources-plugin:2.6:resources (default-resources) @ PistonChat ---
[INFO] Using 'UTF-8' encoding to copy filtered resources.
[INFO] Copying 3 resources
[INFO] 
[INFO] --- maven-compiler-plugin:3.10.1:compile (default-compile) @ PistonChat ---
[INFO] Changes detected - recompiling the module!
[INFO] Compiling 26 source files to /home/gabsko/breaking-updates/target/classes
[INFO] -------------------------------------------------------------
[ERROR] COMPILATION ERROR : 
[INFO] -------------------------------------------------------------
[ERROR] /home/gabsko/breaking-updates/src/main/java/net/pistonmaster/pistonchat/utils/PlatformUtils.java:[3,36] cannot access com.github.puregero.multilib.MultiLib
  bad class file: /home/gabsko/.m2/repository/com/github/puregero/multilib/1.1.8/multilib-1.1.8.jar(/com/github/puregero/multilib/MultiLib.class)
    class file has wrong version 61.0, should be 55.0
    Please remove or make sure it appears in the correct subdirectory of the classpath.
[INFO] 1 error
[INFO] -------------------------------------------------------------
[INFO] ------------------------------------------------------------------------
[INFO] BUILD FAILURE
[INFO] ------------------------------------------------------------------------
[INFO] Total time:  6.818 s
[INFO] Finished at: 2023-02-10T12:51:18Z
[INFO] ------------------------------------------------------------------------
[ERROR] Failed to execute goal org.apache.maven.plugins:maven-compiler-plugin:3.10.1:compile (default-compile) on project PistonChat: Compilation failure
[ERROR] /home/gabsko/breaking-updates/src/main/java/net/pistonmaster/pistonchat/utils/PlatformUtils.java:[3,36] cannot access com.github.puregero.multilib.MultiLib
[ERROR]   bad class file: /home/gabsko/.m2/repository/com/github/puregero/multilib/1.1.8/multilib-1.1.8.jar(/com/github/puregero/multilib/MultiLib.class)
[ERROR]     class file has wrong version 61.0, should be 55.0
[ERROR]     Please remove or make sure it appears in the correct subdirectory of the classpath.
[ERROR] -> [Help 1]
[ERROR] 
[ERROR] To see the full stack trace of the errors, re-run Maven with the -e switch.
[ERROR] Re-run Maven using the -X switch to enable full debug logging.
[ERROR] 
[ERROR] For more information about the errors and possible solutions, please read the following articles:
[ERROR] [Help 1] http://cwiki.apache.org/confluence/display/MAVEN/MojoFailureException
