[INFO] Scanning for projects...
[INFO] Downloading from repo.jenkins-ci.org: https://repo.jenkins-ci.org/public/io/jenkins/tools/bom/bom-2.303.x/1090.v0a_33df40457a_/bom-2.303.x-1090.v0a_33df40457a_.pom
[INFO] Downloaded from repo.jenkins-ci.org: https://repo.jenkins-ci.org/public/io/jenkins/tools/bom/bom-2.303.x/1090.v0a_33df40457a_/bom-2.303.x-1090.v0a_33df40457a_.pom (9.4 kB at 12 kB/s)
[INFO] Downloading from repo.jenkins-ci.org: https://repo.jenkins-ci.org/public/io/jenkins/tools/bom/bom-2.319.x/1090.v0a_33df40457a_/bom-2.319.x-1090.v0a_33df40457a_.pom
[INFO] Downloaded from repo.jenkins-ci.org: https://repo.jenkins-ci.org/public/io/jenkins/tools/bom/bom-2.319.x/1090.v0a_33df40457a_/bom-2.319.x-1090.v0a_33df40457a_.pom (9.2 kB at 34 kB/s)
[INFO] Downloading from repo.jenkins-ci.org: https://repo.jenkins-ci.org/public/io/jenkins/tools/bom/bom-weekly/1090.v0a_33df40457a_/bom-weekly-1090.v0a_33df40457a_.pom
[INFO] Downloaded from repo.jenkins-ci.org: https://repo.jenkins-ci.org/public/io/jenkins/tools/bom/bom-weekly/1090.v0a_33df40457a_/bom-weekly-1090.v0a_33df40457a_.pom (28 kB at 71 kB/s)
[WARNING] The POM for org.jenkins-ci.tools:maven-hpi-plugin:jar:3.20 is missing, no dependency information available
[WARNING] Failed to build parent project for org.jenkins-ci.plugins:config-file-provider:hpi:3.8.3-SNAPSHOT
[INFO] 
[INFO] ------------< org.jenkins-ci.plugins:config-file-provider >-------------
[INFO] Building Config File Provider Plugin 3.8.3-SNAPSHOT
[INFO] --------------------------------[ hpi ]---------------------------------
[INFO] Downloading from repo.jenkins-ci.org: https://repo.jenkins-ci.org/public/org/jenkins-ci/plugins/cloudbees-folder/6.17/cloudbees-folder-6.17.pom
[INFO] Downloaded from repo.jenkins-ci.org: https://repo.jenkins-ci.org/public/org/jenkins-ci/plugins/cloudbees-folder/6.17/cloudbees-folder-6.17.pom (4.0 kB at 15 kB/s)
[INFO] Downloading from repo.jenkins-ci.org: https://repo.jenkins-ci.org/public/org/jenkins-ci/plugins/script-security/1118.vba21ca2e3286/script-security-1118.vba21ca2e3286.pom
[INFO] Downloaded from repo.jenkins-ci.org: https://repo.jenkins-ci.org/public/org/jenkins-ci/plugins/script-security/1118.vba21ca2e3286/script-security-1118.vba21ca2e3286.pom (4.3 kB at 16 kB/s)
[INFO] Downloading from repo.jenkins-ci.org: https://repo.jenkins-ci.org/public/org/jenkins-ci/plugins/workflow/workflow-api/1108.v57edf648f5d4/workflow-api-1108.v57edf648f5d4.pom
[INFO] Downloaded from repo.jenkins-ci.org: https://repo.jenkins-ci.org/public/org/jenkins-ci/plugins/workflow/workflow-api/1108.v57edf648f5d4/workflow-api-1108.v57edf648f5d4.pom (5.2 kB at 19 kB/s)
[INFO] Downloading from repo.jenkins-ci.org: https://repo.jenkins-ci.org/public/org/jenkins-ci/plugins/workflow/workflow-support/804.vba10a18a1476/workflow-support-804.vba10a18a1476.pom
[INFO] Downloaded from repo.jenkins-ci.org: https://repo.jenkins-ci.org/public/org/jenkins-ci/plugins/workflow/workflow-support/804.vba10a18a1476/workflow-support-804.vba10a18a1476.pom (5.8 kB at 19 kB/s)
[INFO] Downloading from repo.jenkins-ci.org: https://repo.jenkins-ci.org/public/org/jenkins-ci/plugins/mailer/391.ve4a_38c1b_cf4b_/mailer-391.ve4a_38c1b_cf4b_.pom
[INFO] Downloaded from repo.jenkins-ci.org: https://repo.jenkins-ci.org/public/org/jenkins-ci/plugins/mailer/391.ve4a_38c1b_cf4b_/mailer-391.ve4a_38c1b_cf4b_.pom (4.4 kB at 17 kB/s)
[INFO] Downloading from repo.jenkins-ci.org: https://repo.jenkins-ci.org/public/org/jenkins-ci/plugins/workflow/workflow-durable-task-step/1112.vda00e6febcc1/workflow-durable-task-step-1112.vda00e6febcc1.pom
[INFO] Downloaded from repo.jenkins-ci.org: https://repo.jenkins-ci.org/public/org/jenkins-ci/plugins/workflow/workflow-durable-task-step/1112.vda00e6febcc1/workflow-durable-task-step-1112.vda00e6febcc1.pom (6.4 kB at 24 kB/s)
[INFO] Downloading from repo.jenkins-ci.org: https://repo.jenkins-ci.org/public/org/jenkins-ci/plugins/workflow/workflow-cps/2648.va9433432b33c/workflow-cps-2648.va9433432b33c.pom
[INFO] Downloaded from repo.jenkins-ci.org: https://repo.jenkins-ci.org/public/org/jenkins-ci/plugins/workflow/workflow-cps/2648.va9433432b33c/workflow-cps-2648.va9433432b33c.pom (7.8 kB at 29 kB/s)
[INFO] Downloading from repo.jenkins-ci.org: https://repo.jenkins-ci.org/public/org/jenkins-ci/plugins/git/4.10.1/git-4.10.1.pom
[INFO] Downloaded from repo.jenkins-ci.org: https://repo.jenkins-ci.org/public/org/jenkins-ci/plugins/git/4.10.1/git-4.10.1.pom (7.6 kB at 28 kB/s)
[INFO] Downloading from repo.jenkins-ci.org: https://repo.jenkins-ci.org/public/io/jenkins/plugins/font-awesome-api/5.15.4-4/font-awesome-api-5.15.4-4.pom
[INFO] Downloaded from repo.jenkins-ci.org: https://repo.jenkins-ci.org/public/io/jenkins/plugins/font-awesome-api/5.15.4-4/font-awesome-api-5.15.4-4.pom (4.2 kB at 14 kB/s)
[INFO] Downloading from repo.jenkins-ci.org: https://repo.jenkins-ci.org/public/org/jenkins-ci/plugins/cloudbees-folder/6.17/cloudbees-folder-6.17.jar
[INFO] Downloading from repo.jenkins-ci.org: https://repo.jenkins-ci.org/public/org/jenkins-ci/plugins/workflow/workflow-api/1108.v57edf648f5d4/workflow-api-1108.v57edf648f5d4.jar
[INFO] Downloading from repo.jenkins-ci.org: https://repo.jenkins-ci.org/public/org/jenkins-ci/plugins/script-security/1118.vba21ca2e3286/script-security-1118.vba21ca2e3286.jar
[INFO] Downloading from repo.jenkins-ci.org: https://repo.jenkins-ci.org/public/org/jenkins-ci/plugins/mailer/391.ve4a_38c1b_cf4b_/mailer-391.ve4a_38c1b_cf4b_.jar
[INFO] Downloading from repo.jenkins-ci.org: https://repo.jenkins-ci.org/public/org/jenkins-ci/plugins/workflow/workflow-cps/2648.va9433432b33c/workflow-cps-2648.va9433432b33c.jar
[INFO] Downloaded from repo.jenkins-ci.org: https://repo.jenkins-ci.org/public/org/jenkins-ci/plugins/mailer/391.ve4a_38c1b_cf4b_/mailer-391.ve4a_38c1b_cf4b_.jar (156 kB at 301 kB/s)
[INFO] Downloading from repo.jenkins-ci.org: https://repo.jenkins-ci.org/public/org/jenkins-ci/plugins/workflow/workflow-durable-task-step/1112.vda00e6febcc1/workflow-durable-task-step-1112.vda00e6febcc1.jar
[INFO] Downloaded from repo.jenkins-ci.org: https://repo.jenkins-ci.org/public/org/jenkins-ci/plugins/workflow/workflow-durable-task-step/1112.vda00e6febcc1/workflow-durable-task-step-1112.vda00e6febcc1.jar (120 kB at 151 kB/s)
[INFO] Downloading from repo.jenkins-ci.org: https://repo.jenkins-ci.org/public/org/jenkins-ci/plugins/workflow/workflow-step-api/622.vb_8e7c15b_c95a_/workflow-step-api-622.vb_8e7c15b_c95a_-tests.jar
[INFO] Downloaded from repo.jenkins-ci.org: https://repo.jenkins-ci.org/public/org/jenkins-ci/plugins/script-security/1118.vba21ca2e3286/script-security-1118.vba21ca2e3286.jar (151 kB at 166 kB/s)
[INFO] Downloading from repo.jenkins-ci.org: https://repo.jenkins-ci.org/public/org/jenkins-ci/plugins/workflow/workflow-support/804.vba10a18a1476/workflow-support-804.vba10a18a1476-tests.jar
[INFO] Downloaded from repo.jenkins-ci.org: https://repo.jenkins-ci.org/public/org/jenkins-ci/plugins/workflow/workflow-api/1108.v57edf648f5d4/workflow-api-1108.v57edf648f5d4.jar (183 kB at 171 kB/s)
[INFO] Downloading from repo.jenkins-ci.org: https://repo.jenkins-ci.org/public/org/jenkins-ci/plugins/workflow/workflow-support/804.vba10a18a1476/workflow-support-804.vba10a18a1476.jar
[INFO] Downloaded from repo.jenkins-ci.org: https://repo.jenkins-ci.org/public/org/jenkins-ci/plugins/workflow/workflow-step-api/622.vb_8e7c15b_c95a_/workflow-step-api-622.vb_8e7c15b_c95a_-tests.jar (47 kB at 42 kB/s)
[INFO] Downloading from repo.jenkins-ci.org: https://repo.jenkins-ci.org/public/org/jenkins-ci/plugins/git/4.10.1/git-4.10.1.jar
[INFO] Downloaded from repo.jenkins-ci.org: https://repo.jenkins-ci.org/public/org/jenkins-ci/plugins/workflow/workflow-support/804.vba10a18a1476/workflow-support-804.vba10a18a1476.jar (131 kB at 97 kB/s)
[INFO] Downloading from repo.jenkins-ci.org: https://repo.jenkins-ci.org/public/io/jenkins/plugins/font-awesome-api/5.15.4-4/font-awesome-api-5.15.4-4.jar
[INFO] Downloaded from repo.jenkins-ci.org: https://repo.jenkins-ci.org/public/io/jenkins/plugins/font-awesome-api/5.15.4-4/font-awesome-api-5.15.4-4.jar (6.5 kB at 3.9 kB/s)
[INFO] Downloaded from repo.jenkins-ci.org: https://repo.jenkins-ci.org/public/org/jenkins-ci/plugins/cloudbees-folder/6.17/cloudbees-folder-6.17.jar (243 kB at 143 kB/s)
[INFO] Downloaded from repo.jenkins-ci.org: https://repo.jenkins-ci.org/public/org/jenkins-ci/plugins/workflow/workflow-cps/2648.va9433432b33c/workflow-cps-2648.va9433432b33c.jar (386 kB at 215 kB/s)
[INFO] Downloaded from repo.jenkins-ci.org: https://repo.jenkins-ci.org/public/org/jenkins-ci/plugins/workflow/workflow-support/804.vba10a18a1476/workflow-support-804.vba10a18a1476-tests.jar (270 kB at 121 kB/s)
[INFO] Downloaded from repo.jenkins-ci.org: https://repo.jenkins-ci.org/public/org/jenkins-ci/plugins/git/4.10.1/git-4.10.1.jar (702 kB at 265 kB/s)
[INFO] 
[INFO] --- maven-clean-plugin:3.1.0:clean (default-clean) @ config-file-provider ---
[INFO] Deleting /home/gabsko/breaking-updates/target
[INFO] 
[INFO] --- maven-hpi-plugin:3.20:validate (default-validate) @ config-file-provider ---
[INFO] 
[INFO] --- maven-hpi-plugin:3.20:validate-hpi (default-validate-hpi) @ config-file-provider ---
[INFO] ------------------------------------------------------------------------
[INFO] BUILD FAILURE
[INFO] ------------------------------------------------------------------------
[INFO] Total time:  9.028 s
[INFO] Finished at: 2023-02-11T20:47:21Z
[INFO] ------------------------------------------------------------------------
[ERROR] Failed to execute goal org.jenkins-ci.tools:maven-hpi-plugin:3.20:validate-hpi (default-validate-hpi) on project config-file-provider: Dependency org.jenkins-ci.plugins.workflow:workflow-durable-task-step:jar:1112.vda00e6febcc1 requires Jenkins 2.303.3 or higher. -> [Help 1]
[ERROR] 
[ERROR] To see the full stack trace of the errors, re-run Maven with the -e switch.
[ERROR] Re-run Maven using the -X switch to enable full debug logging.
[ERROR] 
[ERROR] For more information about the errors and possible solutions, please read the following articles:
[ERROR] [Help 1] http://cwiki.apache.org/confluence/display/MAVEN/MojoExecutionException
