[INFO] Scanning for projects...
[INFO] 
[INFO] -------------< com.github.jnidzwetzki:bitfinex-v2-wss-api >-------------
[INFO] Building Bitfinex v2 WSS API 0.7.8-snapshot
[INFO] --------------------------------[ jar ]---------------------------------
[INFO] Downloading from central: https://repo.maven.apache.org/maven2/org/glassfish/tyrus/bundles/tyrus-standalone-client-jdk/2.1.0/tyrus-standalone-client-jdk-2.1.0.pom
[INFO] Downloaded from central: https://repo.maven.apache.org/maven2/org/glassfish/tyrus/bundles/tyrus-standalone-client-jdk/2.1.0/tyrus-standalone-client-jdk-2.1.0.pom (6.2 kB at 17 kB/s)
[INFO] Downloading from central: https://repo.maven.apache.org/maven2/org/glassfish/tyrus/bundles/tyrus-bundles/2.1.0/tyrus-bundles-2.1.0.pom
[INFO] Downloaded from central: https://repo.maven.apache.org/maven2/org/glassfish/tyrus/bundles/tyrus-bundles/2.1.0/tyrus-bundles-2.1.0.pom (1.7 kB at 16 kB/s)
[INFO] Downloading from central: https://repo.maven.apache.org/maven2/org/glassfish/tyrus/tyrus-project/2.1.0/tyrus-project-2.1.0.pom
[INFO] Downloaded from central: https://repo.maven.apache.org/maven2/org/glassfish/tyrus/tyrus-project/2.1.0/tyrus-project-2.1.0.pom (34 kB at 278 kB/s)
[INFO] Downloading from central: https://repo.maven.apache.org/maven2/org/glassfish/tyrus/bundles/tyrus-standalone-client-jdk/2.1.0/tyrus-standalone-client-jdk-2.1.0.jar
[INFO] Downloaded from central: https://repo.maven.apache.org/maven2/org/glassfish/tyrus/bundles/tyrus-standalone-client-jdk/2.1.0/tyrus-standalone-client-jdk-2.1.0.jar (611 kB at 4.1 MB/s)
[INFO] 
[INFO] --- maven-clean-plugin:2.5:clean (default-clean) @ bitfinex-v2-wss-api ---
[INFO] Deleting /home/gabsko/breaking-updates/target
[INFO] 
[INFO] --- jacoco-maven-plugin:0.8.8:prepare-agent (default) @ bitfinex-v2-wss-api ---
[INFO] argLine set to -javaagent:/home/gabsko/.m2/repository/org/jacoco/org.jacoco.agent/0.8.8/org.jacoco.agent-0.8.8-runtime.jar=destfile=/home/gabsko/breaking-updates/target/jacoco.exec
[INFO] 
[INFO] --- maven-resources-plugin:2.6:resources (default-resources) @ bitfinex-v2-wss-api ---
[INFO] Using 'UTF-8' encoding to copy filtered resources.
[INFO] skip non existing resourceDirectory /home/gabsko/breaking-updates/src/main/resources
[INFO] 
[INFO] --- maven-compiler-plugin:3.10.1:compile (default-compile) @ bitfinex-v2-wss-api ---
[INFO] Changes detected - recompiling the module!
[INFO] Compiling 102 source files to /home/gabsko/breaking-updates/target/classes
[INFO] -------------------------------------------------------------
[ERROR] COMPILATION ERROR : 
[INFO] -------------------------------------------------------------
[ERROR] /home/gabsko/breaking-updates/src/main/java/com/github/jnidzwetzki/bitfinex/v2/WebsocketClientEndpoint.java:[20,23] package javax.websocket does not exist
[ERROR] /home/gabsko/breaking-updates/src/main/java/com/github/jnidzwetzki/bitfinex/v2/WebsocketClientEndpoint.java:[21,23] package javax.websocket does not exist
[ERROR] /home/gabsko/breaking-updates/src/main/java/com/github/jnidzwetzki/bitfinex/v2/WebsocketClientEndpoint.java:[22,35] package javax.websocket.CloseReason does not exist
[ERROR] /home/gabsko/breaking-updates/src/main/java/com/github/jnidzwetzki/bitfinex/v2/WebsocketClientEndpoint.java:[23,23] package javax.websocket does not exist
[ERROR] /home/gabsko/breaking-updates/src/main/java/com/github/jnidzwetzki/bitfinex/v2/WebsocketClientEndpoint.java:[24,23] package javax.websocket does not exist
[ERROR] /home/gabsko/breaking-updates/src/main/java/com/github/jnidzwetzki/bitfinex/v2/WebsocketClientEndpoint.java:[25,23] package javax.websocket does not exist
[ERROR] /home/gabsko/breaking-updates/src/main/java/com/github/jnidzwetzki/bitfinex/v2/WebsocketClientEndpoint.java:[26,23] package javax.websocket does not exist
[ERROR] /home/gabsko/breaking-updates/src/main/java/com/github/jnidzwetzki/bitfinex/v2/WebsocketClientEndpoint.java:[27,23] package javax.websocket does not exist
[ERROR] /home/gabsko/breaking-updates/src/main/java/com/github/jnidzwetzki/bitfinex/v2/WebsocketClientEndpoint.java:[28,23] package javax.websocket does not exist
[ERROR] /home/gabsko/breaking-updates/src/main/java/com/github/jnidzwetzki/bitfinex/v2/WebsocketClientEndpoint.java:[29,23] package javax.websocket does not exist
[ERROR] /home/gabsko/breaking-updates/src/main/java/com/github/jnidzwetzki/bitfinex/v2/WebsocketClientEndpoint.java:[30,23] package javax.websocket does not exist
[ERROR] /home/gabsko/breaking-updates/src/main/java/com/github/jnidzwetzki/bitfinex/v2/WebsocketClientEndpoint.java:[42,2] cannot find symbol
  symbol: class ClientEndpoint
[ERROR] /home/gabsko/breaking-updates/src/main/java/com/github/jnidzwetzki/bitfinex/v2/WebsocketClientEndpoint.java:[48,17] cannot find symbol
  symbol:   class Session
  location: class com.github.jnidzwetzki.bitfinex.v2.WebsocketClientEndpoint
[ERROR] /home/gabsko/breaking-updates/src/main/java/com/github/jnidzwetzki/bitfinex/v2/WebsocketClientEndpoint.java:[63,32] cannot find symbol
  symbol:   class CloseReason
  location: class com.github.jnidzwetzki.bitfinex.v2.WebsocketClientEndpoint
[ERROR] /home/gabsko/breaking-updates/src/main/java/com/github/jnidzwetzki/bitfinex/v2/WebsocketClientEndpoint.java:[80,77] cannot find symbol
  symbol:   class CloseReason
  location: class com.github.jnidzwetzki.bitfinex.v2.WebsocketClientEndpoint
[ERROR] /home/gabsko/breaking-updates/src/main/java/com/github/jnidzwetzki/bitfinex/v2/WebsocketClientEndpoint.java:[95,38] cannot find symbol
  symbol:   class DeploymentException
  location: class com.github.jnidzwetzki.bitfinex.v2.WebsocketClientEndpoint
[ERROR] /home/gabsko/breaking-updates/src/main/java/com/github/jnidzwetzki/bitfinex/v2/WebsocketClientEndpoint.java:[103,34] cannot find symbol
  symbol:   class Session
  location: class com.github.jnidzwetzki.bitfinex.v2.WebsocketClientEndpoint
[ERROR] /home/gabsko/breaking-updates/src/main/java/com/github/jnidzwetzki/bitfinex/v2/WebsocketClientEndpoint.java:[109,35] cannot find symbol
  symbol:   class Session
  location: class com.github.jnidzwetzki.bitfinex.v2.WebsocketClientEndpoint
[ERROR] /home/gabsko/breaking-updates/src/main/java/com/github/jnidzwetzki/bitfinex/v2/WebsocketClientEndpoint.java:[109,62] cannot find symbol
  symbol:   class CloseReason
  location: class com.github.jnidzwetzki.bitfinex.v2.WebsocketClientEndpoint
[ERROR] /home/gabsko/breaking-updates/src/main/java/com/github/jnidzwetzki/bitfinex/v2/WebsocketClientEndpoint.java:[121,31] cannot find symbol
  symbol:   class Session
  location: class com.github.jnidzwetzki.bitfinex.v2.WebsocketClientEndpoint
[ERROR] /home/gabsko/breaking-updates/src/main/java/com/github/jnidzwetzki/bitfinex/v2/WebsocketClientEndpoint.java:[102,10] cannot find symbol
  symbol:   class OnOpen
  location: class com.github.jnidzwetzki.bitfinex.v2.WebsocketClientEndpoint
[ERROR] /home/gabsko/breaking-updates/src/main/java/com/github/jnidzwetzki/bitfinex/v2/WebsocketClientEndpoint.java:[108,10] cannot find symbol
  symbol:   class OnClose
  location: class com.github.jnidzwetzki.bitfinex.v2.WebsocketClientEndpoint
[ERROR] /home/gabsko/breaking-updates/src/main/java/com/github/jnidzwetzki/bitfinex/v2/WebsocketClientEndpoint.java:[115,10] cannot find symbol
  symbol:   class OnMessage
  location: class com.github.jnidzwetzki.bitfinex.v2.WebsocketClientEndpoint
[ERROR] /home/gabsko/breaking-updates/src/main/java/com/github/jnidzwetzki/bitfinex/v2/WebsocketClientEndpoint.java:[120,10] cannot find symbol
  symbol:   class OnError
  location: class com.github.jnidzwetzki.bitfinex.v2.WebsocketClientEndpoint
[INFO] 24 errors 
[INFO] -------------------------------------------------------------
[INFO] ------------------------------------------------------------------------
[INFO] BUILD FAILURE
[INFO] ------------------------------------------------------------------------
[INFO] Total time:  2.025 s
[INFO] Finished at: 2023-02-11T22:12:19Z
[INFO] ------------------------------------------------------------------------
[ERROR] Failed to execute goal org.apache.maven.plugins:maven-compiler-plugin:3.10.1:compile (default-compile) on project bitfinex-v2-wss-api: Compilation failure: Compilation failure: 
[ERROR] /home/gabsko/breaking-updates/src/main/java/com/github/jnidzwetzki/bitfinex/v2/WebsocketClientEndpoint.java:[20,23] package javax.websocket does not exist
[ERROR] /home/gabsko/breaking-updates/src/main/java/com/github/jnidzwetzki/bitfinex/v2/WebsocketClientEndpoint.java:[21,23] package javax.websocket does not exist
[ERROR] /home/gabsko/breaking-updates/src/main/java/com/github/jnidzwetzki/bitfinex/v2/WebsocketClientEndpoint.java:[22,35] package javax.websocket.CloseReason does not exist
[ERROR] /home/gabsko/breaking-updates/src/main/java/com/github/jnidzwetzki/bitfinex/v2/WebsocketClientEndpoint.java:[23,23] package javax.websocket does not exist
[ERROR] /home/gabsko/breaking-updates/src/main/java/com/github/jnidzwetzki/bitfinex/v2/WebsocketClientEndpoint.java:[24,23] package javax.websocket does not exist
[ERROR] /home/gabsko/breaking-updates/src/main/java/com/github/jnidzwetzki/bitfinex/v2/WebsocketClientEndpoint.java:[25,23] package javax.websocket does not exist
[ERROR] /home/gabsko/breaking-updates/src/main/java/com/github/jnidzwetzki/bitfinex/v2/WebsocketClientEndpoint.java:[26,23] package javax.websocket does not exist
[ERROR] /home/gabsko/breaking-updates/src/main/java/com/github/jnidzwetzki/bitfinex/v2/WebsocketClientEndpoint.java:[27,23] package javax.websocket does not exist
[ERROR] /home/gabsko/breaking-updates/src/main/java/com/github/jnidzwetzki/bitfinex/v2/WebsocketClientEndpoint.java:[28,23] package javax.websocket does not exist
[ERROR] /home/gabsko/breaking-updates/src/main/java/com/github/jnidzwetzki/bitfinex/v2/WebsocketClientEndpoint.java:[29,23] package javax.websocket does not exist
[ERROR] /home/gabsko/breaking-updates/src/main/java/com/github/jnidzwetzki/bitfinex/v2/WebsocketClientEndpoint.java:[30,23] package javax.websocket does not exist
[ERROR] /home/gabsko/breaking-updates/src/main/java/com/github/jnidzwetzki/bitfinex/v2/WebsocketClientEndpoint.java:[42,2] cannot find symbol
[ERROR]   symbol: class ClientEndpoint
[ERROR] /home/gabsko/breaking-updates/src/main/java/com/github/jnidzwetzki/bitfinex/v2/WebsocketClientEndpoint.java:[48,17] cannot find symbol
[ERROR]   symbol:   class Session
[ERROR]   location: class com.github.jnidzwetzki.bitfinex.v2.WebsocketClientEndpoint
[ERROR] /home/gabsko/breaking-updates/src/main/java/com/github/jnidzwetzki/bitfinex/v2/WebsocketClientEndpoint.java:[63,32] cannot find symbol
[ERROR]   symbol:   class CloseReason
[ERROR]   location: class com.github.jnidzwetzki.bitfinex.v2.WebsocketClientEndpoint
[ERROR] /home/gabsko/breaking-updates/src/main/java/com/github/jnidzwetzki/bitfinex/v2/WebsocketClientEndpoint.java:[80,77] cannot find symbol
[ERROR]   symbol:   class CloseReason
[ERROR]   location: class com.github.jnidzwetzki.bitfinex.v2.WebsocketClientEndpoint
[ERROR] /home/gabsko/breaking-updates/src/main/java/com/github/jnidzwetzki/bitfinex/v2/WebsocketClientEndpoint.java:[95,38] cannot find symbol
[ERROR]   symbol:   class DeploymentException
[ERROR]   location: class com.github.jnidzwetzki.bitfinex.v2.WebsocketClientEndpoint
[ERROR] /home/gabsko/breaking-updates/src/main/java/com/github/jnidzwetzki/bitfinex/v2/WebsocketClientEndpoint.java:[103,34] cannot find symbol
[ERROR]   symbol:   class Session
[ERROR]   location: class com.github.jnidzwetzki.bitfinex.v2.WebsocketClientEndpoint
[ERROR] /home/gabsko/breaking-updates/src/main/java/com/github/jnidzwetzki/bitfinex/v2/WebsocketClientEndpoint.java:[109,35] cannot find symbol
[ERROR]   symbol:   class Session
[ERROR]   location: class com.github.jnidzwetzki.bitfinex.v2.WebsocketClientEndpoint
[ERROR] /home/gabsko/breaking-updates/src/main/java/com/github/jnidzwetzki/bitfinex/v2/WebsocketClientEndpoint.java:[109,62] cannot find symbol
[ERROR]   symbol:   class CloseReason
[ERROR]   location: class com.github.jnidzwetzki.bitfinex.v2.WebsocketClientEndpoint
[ERROR] /home/gabsko/breaking-updates/src/main/java/com/github/jnidzwetzki/bitfinex/v2/WebsocketClientEndpoint.java:[121,31] cannot find symbol
[ERROR]   symbol:   class Session
[ERROR]   location: class com.github.jnidzwetzki.bitfinex.v2.WebsocketClientEndpoint
[ERROR] /home/gabsko/breaking-updates/src/main/java/com/github/jnidzwetzki/bitfinex/v2/WebsocketClientEndpoint.java:[102,10] cannot find symbol
[ERROR]   symbol:   class OnOpen
[ERROR]   location: class com.github.jnidzwetzki.bitfinex.v2.WebsocketClientEndpoint
[ERROR] /home/gabsko/breaking-updates/src/main/java/com/github/jnidzwetzki/bitfinex/v2/WebsocketClientEndpoint.java:[108,10] cannot find symbol
[ERROR]   symbol:   class OnClose
[ERROR]   location: class com.github.jnidzwetzki.bitfinex.v2.WebsocketClientEndpoint
[ERROR] /home/gabsko/breaking-updates/src/main/java/com/github/jnidzwetzki/bitfinex/v2/WebsocketClientEndpoint.java:[115,10] cannot find symbol
[ERROR]   symbol:   class OnMessage
[ERROR]   location: class com.github.jnidzwetzki.bitfinex.v2.WebsocketClientEndpoint
[ERROR] /home/gabsko/breaking-updates/src/main/java/com/github/jnidzwetzki/bitfinex/v2/WebsocketClientEndpoint.java:[120,10] cannot find symbol
[ERROR]   symbol:   class OnError
[ERROR]   location: class com.github.jnidzwetzki.bitfinex.v2.WebsocketClientEndpoint
[ERROR] -> [Help 1]
[ERROR] 
[ERROR] To see the full stack trace of the errors, re-run Maven with the -e switch.
[ERROR] Re-run Maven using the -X switch to enable full debug logging.
[ERROR] 
[ERROR] For more information about the errors and possible solutions, please read the following articles:
[ERROR] [Help 1] http://cwiki.apache.org/confluence/display/MAVEN/MojoFailureException
