[INFO] Scanning for projects...
[INFO] 
[INFO] -----------------------< io.servertap:ServerTap >-----------------------
[INFO] Building ServerTap 0.1.3-SNAPSHOT
[INFO] --------------------------------[ jar ]---------------------------------
[INFO] Downloading from spigotmc: https://hub.spigotmc.org/nexus/content/repositories/snapshots/io/javalin/javalin/4.0.0/javalin-4.0.0.pom
[INFO] Downloading from codemc-repo: https://repo.codemc.org/repository/maven-public/io/javalin/javalin/4.0.0/javalin-4.0.0.pom
[INFO] Downloading from placeholderapi: https://repo.extendedclip.com/content/repositories/placeholderapi/io/javalin/javalin/4.0.0/javalin-4.0.0.pom
[INFO] Downloading from central: https://repo.maven.apache.org/maven2/io/javalin/javalin/4.0.0/javalin-4.0.0.pom
[INFO] Downloaded from central: https://repo.maven.apache.org/maven2/io/javalin/javalin/4.0.0/javalin-4.0.0.pom (7.4 kB at 31 kB/s)
[INFO] Downloading from spigotmc: https://hub.spigotmc.org/nexus/content/repositories/snapshots/io/javalin/javalin-parent/4.0.0/javalin-parent-4.0.0.pom
[INFO] Downloading from codemc-repo: https://repo.codemc.org/repository/maven-public/io/javalin/javalin-parent/4.0.0/javalin-parent-4.0.0.pom
[INFO] Downloading from placeholderapi: https://repo.extendedclip.com/content/repositories/placeholderapi/io/javalin/javalin-parent/4.0.0/javalin-parent-4.0.0.pom
[INFO] Downloading from central: https://repo.maven.apache.org/maven2/io/javalin/javalin-parent/4.0.0/javalin-parent-4.0.0.pom
[INFO] Downloaded from central: https://repo.maven.apache.org/maven2/io/javalin/javalin-parent/4.0.0/javalin-parent-4.0.0.pom (32 kB at 158 kB/s)
[INFO] Downloading from spigotmc: https://hub.spigotmc.org/nexus/content/repositories/snapshots/io/javalin/javalin/4.0.0/javalin-4.0.0.jar
[INFO] Downloading from spigotmc: https://hub.spigotmc.org/nexus/content/repositories/snapshots/org/jetbrains/kotlin/kotlin-stdlib-jdk8/1.5.30/kotlin-stdlib-jdk8-1.5.30.jar
[INFO] Downloading from spigotmc: https://hub.spigotmc.org/nexus/content/repositories/snapshots/org/jetbrains/kotlin/kotlin-stdlib-jdk7/1.5.30/kotlin-stdlib-jdk7-1.5.30.jar
[INFO] Downloading from codemc-repo: https://repo.codemc.org/repository/maven-public/io/javalin/javalin/4.0.0/javalin-4.0.0.jar
[INFO] Downloading from codemc-repo: https://repo.codemc.org/repository/maven-public/org/jetbrains/kotlin/kotlin-stdlib-jdk8/1.5.30/kotlin-stdlib-jdk8-1.5.30.jar
[INFO] Downloading from codemc-repo: https://repo.codemc.org/repository/maven-public/org/jetbrains/kotlin/kotlin-stdlib-jdk7/1.5.30/kotlin-stdlib-jdk7-1.5.30.jar
[INFO] Downloading from placeholderapi: https://repo.extendedclip.com/content/repositories/placeholderapi/io/javalin/javalin/4.0.0/javalin-4.0.0.jar
[INFO] Downloading from placeholderapi: https://repo.extendedclip.com/content/repositories/placeholderapi/org/jetbrains/kotlin/kotlin-stdlib-jdk8/1.5.30/kotlin-stdlib-jdk8-1.5.30.jar
[INFO] Downloading from placeholderapi: https://repo.extendedclip.com/content/repositories/placeholderapi/org/jetbrains/kotlin/kotlin-stdlib-jdk7/1.5.30/kotlin-stdlib-jdk7-1.5.30.jar
[INFO] Downloading from central: https://repo.maven.apache.org/maven2/io/javalin/javalin/4.0.0/javalin-4.0.0.jar
[INFO] Downloading from central: https://repo.maven.apache.org/maven2/org/jetbrains/kotlin/kotlin-stdlib-jdk8/1.5.30/kotlin-stdlib-jdk8-1.5.30.jar
[INFO] Downloading from central: https://repo.maven.apache.org/maven2/org/jetbrains/kotlin/kotlin-stdlib-jdk7/1.5.30/kotlin-stdlib-jdk7-1.5.30.jar
[INFO] Downloaded from central: https://repo.maven.apache.org/maven2/org/jetbrains/kotlin/kotlin-stdlib-jdk8/1.5.30/kotlin-stdlib-jdk8-1.5.30.jar (16 kB at 1.1 MB/s)
[INFO] Downloaded from central: https://repo.maven.apache.org/maven2/org/jetbrains/kotlin/kotlin-stdlib-jdk7/1.5.30/kotlin-stdlib-jdk7-1.5.30.jar (23 kB at 1.1 MB/s)
[INFO] Downloaded from central: https://repo.maven.apache.org/maven2/io/javalin/javalin/4.0.0/javalin-4.0.0.jar (530 kB at 2.2 MB/s)
[INFO] 
[INFO] --- maven-clean-plugin:2.5:clean (default-clean) @ ServerTap ---
[INFO] Deleting /home/gabsko/breaking-updates/target
[INFO] 
[INFO] --- maven-resources-plugin:2.6:resources (default-resources) @ ServerTap ---
[INFO] Using 'UTF-8' encoding to copy filtered resources.
[INFO] Copying 2 resources
[INFO] 
[INFO] --- maven-compiler-plugin:3.1:compile (default-compile) @ ServerTap ---
[INFO] Changes detected - recompiling the module!
[INFO] Compiling 33 source files to /home/gabsko/breaking-updates/target/classes
[INFO] -------------------------------------------------------------
[ERROR] COMPILATION ERROR : 
[INFO] -------------------------------------------------------------
[ERROR] /home/gabsko/breaking-updates/src/main/java/io/servertap/api/v1/ServerApi.java:[8,30] cannot find symbol
  symbol:   class JavalinJson
  location: package io.javalin.plugin.json
[ERROR] /home/gabsko/breaking-updates/src/main/java/io/servertap/api/v1/EconomyApi.java:[27,6] cannot find symbol
  symbol:   class OpenApi
  location: class io.servertap.api.v1.EconomyApi
[ERROR] /home/gabsko/breaking-updates/src/main/java/io/servertap/api/v1/EconomyApi.java:[29,22] cannot find symbol
  symbol:   variable HttpMethod
  location: class io.servertap.api.v1.EconomyApi
[ERROR] /home/gabsko/breaking-updates/src/main/java/io/servertap/api/v1/EconomyApi.java:[33,22] cannot find symbol
  symbol:   class OpenApiParam
  location: class io.servertap.api.v1.EconomyApi
[ERROR] /home/gabsko/breaking-updates/src/main/java/io/servertap/api/v1/EconomyApi.java:[36,22] cannot find symbol
  symbol:   class OpenApiResponse
  location: class io.servertap.api.v1.EconomyApi
[ERROR] /home/gabsko/breaking-updates/src/main/java/io/servertap/api/v1/EconomyApi.java:[36,65] cannot find symbol
  symbol:   class OpenApiContent
  location: class io.servertap.api.v1.EconomyApi
[ERROR] /home/gabsko/breaking-updates/src/main/java/io/servertap/api/v1/EconomyApi.java:[37,22] cannot find symbol
  symbol:   class OpenApiResponse
  location: class io.servertap.api.v1.EconomyApi
[ERROR] /home/gabsko/breaking-updates/src/main/java/io/servertap/api/v1/EconomyApi.java:[37,65] cannot find symbol
  symbol:   class OpenApiContent
  location: class io.servertap.api.v1.EconomyApi
[ERROR] /home/gabsko/breaking-updates/src/main/java/io/servertap/api/v1/EconomyApi.java:[61,6] cannot find symbol
  symbol:   class OpenApi
  location: class io.servertap.api.v1.EconomyApi
[ERROR] /home/gabsko/breaking-updates/src/main/java/io/servertap/api/v1/EconomyApi.java:[63,22] cannot find symbol
  symbol:   variable HttpMethod
  location: class io.servertap.api.v1.EconomyApi
[ERROR] /home/gabsko/breaking-updates/src/main/java/io/servertap/api/v1/EconomyApi.java:[68,22] cannot find symbol
  symbol:   class OpenApiParam
  location: class io.servertap.api.v1.EconomyApi
[ERROR] /home/gabsko/breaking-updates/src/main/java/io/servertap/api/v1/EconomyApi.java:[71,22] cannot find symbol
  symbol:   class OpenApiFormParam
  location: class io.servertap.api.v1.EconomyApi
[ERROR] /home/gabsko/breaking-updates/src/main/java/io/servertap/api/v1/EconomyApi.java:[72,22] cannot find symbol
  symbol:   class OpenApiFormParam
  location: class io.servertap.api.v1.EconomyApi
[ERROR] /home/gabsko/breaking-updates/src/main/java/io/servertap/api/v1/EconomyApi.java:[75,22] cannot find symbol
  symbol:   class OpenApiResponse
  location: class io.servertap.api.v1.EconomyApi
[ERROR] /home/gabsko/breaking-updates/src/main/java/io/servertap/api/v1/EconomyApi.java:[75,65] cannot find symbol
  symbol:   class OpenApiContent
  location: class io.servertap.api.v1.EconomyApi
[ERROR] /home/gabsko/breaking-updates/src/main/java/io/servertap/api/v1/EconomyApi.java:[76,22] cannot find symbol
  symbol:   class OpenApiResponse
  location: class io.servertap.api.v1.EconomyApi
[ERROR] /home/gabsko/breaking-updates/src/main/java/io/servertap/api/v1/EconomyApi.java:[76,65] cannot find symbol
  symbol:   class OpenApiContent
  location: class io.servertap.api.v1.EconomyApi
[ERROR] /home/gabsko/breaking-updates/src/main/java/io/servertap/api/v1/EconomyApi.java:[83,6] cannot find symbol
  symbol:   class OpenApi
  location: class io.servertap.api.v1.EconomyApi
[ERROR] /home/gabsko/breaking-updates/src/main/java/io/servertap/api/v1/EconomyApi.java:[85,22] cannot find symbol
  symbol:   variable HttpMethod
  location: class io.servertap.api.v1.EconomyApi
[ERROR] /home/gabsko/breaking-updates/src/main/java/io/servertap/api/v1/EconomyApi.java:[90,22] cannot find symbol
  symbol:   class OpenApiParam
  location: class io.servertap.api.v1.EconomyApi
[ERROR] /home/gabsko/breaking-updates/src/main/java/io/servertap/api/v1/EconomyApi.java:[93,22] cannot find symbol
  symbol:   class OpenApiFormParam
  location: class io.servertap.api.v1.EconomyApi
[ERROR] /home/gabsko/breaking-updates/src/main/java/io/servertap/api/v1/EconomyApi.java:[94,22] cannot find symbol
  symbol:   class OpenApiFormParam
  location: class io.servertap.api.v1.EconomyApi
[ERROR] /home/gabsko/breaking-updates/src/main/java/io/servertap/api/v1/EconomyApi.java:[97,22] cannot find symbol
  symbol:   class OpenApiResponse
  location: class io.servertap.api.v1.EconomyApi
[ERROR] /home/gabsko/breaking-updates/src/main/java/io/servertap/api/v1/EconomyApi.java:[97,65] cannot find symbol
  symbol:   class OpenApiContent
  location: class io.servertap.api.v1.EconomyApi
[ERROR] /home/gabsko/breaking-updates/src/main/java/io/servertap/api/v1/EconomyApi.java:[98,22] cannot find symbol
  symbol:   class OpenApiResponse
  location: class io.servertap.api.v1.EconomyApi
[ERROR] /home/gabsko/breaking-updates/src/main/java/io/servertap/api/v1/EconomyApi.java:[98,65] cannot find symbol
  symbol:   class OpenApiContent
  location: class io.servertap.api.v1.EconomyApi
[ERROR] /home/gabsko/breaking-updates/src/main/java/io/servertap/api/v1/ServerApi.java:[41,6] cannot find symbol
  symbol:   class OpenApi
  location: class io.servertap.api.v1.ServerApi
[ERROR] /home/gabsko/breaking-updates/src/main/java/io/servertap/api/v1/ServerApi.java:[46,22] cannot find symbol
  symbol:   class OpenApiParam
  location: class io.servertap.api.v1.ServerApi
[ERROR] /home/gabsko/breaking-updates/src/main/java/io/servertap/api/v1/ServerApi.java:[49,22] cannot find symbol
  symbol:   class OpenApiResponse
  location: class io.servertap.api.v1.ServerApi
[ERROR] /home/gabsko/breaking-updates/src/main/java/io/servertap/api/v1/ServerApi.java:[49,65] cannot find symbol
  symbol:   class OpenApiContent
  location: class io.servertap.api.v1.ServerApi
[ERROR] /home/gabsko/breaking-updates/src/main/java/io/servertap/api/v1/ServerApi.java:[56,6] cannot find symbol
  symbol:   class OpenApi
  location: class io.servertap.api.v1.ServerApi
[ERROR] /home/gabsko/breaking-updates/src/main/java/io/servertap/api/v1/ServerApi.java:[61,22] cannot find symbol
  symbol:   class OpenApiParam
  location: class io.servertap.api.v1.ServerApi
[ERROR] /home/gabsko/breaking-updates/src/main/java/io/servertap/api/v1/ServerApi.java:[64,22] cannot find symbol
  symbol:   class OpenApiResponse
  location: class io.servertap.api.v1.ServerApi
[ERROR] /home/gabsko/breaking-updates/src/main/java/io/servertap/api/v1/ServerApi.java:[64,65] cannot find symbol
  symbol:   class OpenApiContent
  location: class io.servertap.api.v1.ServerApi
[ERROR] /home/gabsko/breaking-updates/src/main/java/io/servertap/api/v1/ServerApi.java:[130,6] cannot find symbol
  symbol:   class OpenApi
  location: class io.servertap.api.v1.ServerApi
[ERROR] /home/gabsko/breaking-updates/src/main/java/io/servertap/api/v1/ServerApi.java:[133,22] cannot find symbol
  symbol:   variable HttpMethod
  location: class io.servertap.api.v1.ServerApi
[ERROR] /home/gabsko/breaking-updates/src/main/java/io/servertap/api/v1/ServerApi.java:[136,22] cannot find symbol
  symbol:   class OpenApiParam
  location: class io.servertap.api.v1.ServerApi
[ERROR] /home/gabsko/breaking-updates/src/main/java/io/servertap/api/v1/ServerApi.java:[139,22] cannot find symbol
  symbol:   class OpenApiResponse
  location: class io.servertap.api.v1.ServerApi
[ERROR] /home/gabsko/breaking-updates/src/main/java/io/servertap/api/v1/ServerApi.java:[164,6] cannot find symbol
  symbol:   class OpenApi
  location: class io.servertap.api.v1.ServerApi
[ERROR] /home/gabsko/breaking-updates/src/main/java/io/servertap/api/v1/ServerApi.java:[167,22] cannot find symbol
  symbol:   variable HttpMethod
  location: class io.servertap.api.v1.ServerApi
[ERROR] /home/gabsko/breaking-updates/src/main/java/io/servertap/api/v1/ServerApi.java:[170,22] cannot find symbol
  symbol:   class OpenApiParam
  location: class io.servertap.api.v1.ServerApi
[ERROR] /home/gabsko/breaking-updates/src/main/java/io/servertap/api/v1/ServerApi.java:[173,22] cannot find symbol
  symbol:   class OpenApiParam
  location: class io.servertap.api.v1.ServerApi
[ERROR] /home/gabsko/breaking-updates/src/main/java/io/servertap/api/v1/ServerApi.java:[176,22] cannot find symbol
  symbol:   class OpenApiResponse
  location: class io.servertap.api.v1.ServerApi
[ERROR] /home/gabsko/breaking-updates/src/main/java/io/servertap/api/v1/ServerApi.java:[209,6] cannot find symbol
  symbol:   class OpenApi
  location: class io.servertap.api.v1.ServerApi
[ERROR] /home/gabsko/breaking-updates/src/main/java/io/servertap/api/v1/ServerApi.java:[211,22] cannot find symbol
  symbol:   variable HttpMethod
  location: class io.servertap.api.v1.ServerApi
[ERROR] /home/gabsko/breaking-updates/src/main/java/io/servertap/api/v1/ServerApi.java:[215,22] cannot find symbol
  symbol:   class OpenApiParam
  location: class io.servertap.api.v1.ServerApi
[ERROR] /home/gabsko/breaking-updates/src/main/java/io/servertap/api/v1/ServerApi.java:[218,22] cannot find symbol
  symbol:   class OpenApiFormParam
  location: class io.servertap.api.v1.ServerApi
[ERROR] /home/gabsko/breaking-updates/src/main/java/io/servertap/api/v1/ServerApi.java:[221,22] cannot find symbol
  symbol:   class OpenApiResponse
  location: class io.servertap.api.v1.ServerApi
[ERROR] /home/gabsko/breaking-updates/src/main/java/io/servertap/api/v1/ServerApi.java:[221,65] cannot find symbol
  symbol:   class OpenApiContent
  location: class io.servertap.api.v1.ServerApi
[ERROR] /home/gabsko/breaking-updates/src/main/java/io/servertap/api/v1/ServerApi.java:[232,6] cannot find symbol
  symbol:   class OpenApi
  location: class io.servertap.api.v1.ServerApi
[ERROR] /home/gabsko/breaking-updates/src/main/java/io/servertap/api/v1/ServerApi.java:[234,22] cannot find symbol
  symbol:   variable HttpMethod
  location: class io.servertap.api.v1.ServerApi
[ERROR] /home/gabsko/breaking-updates/src/main/java/io/servertap/api/v1/ServerApi.java:[238,22] cannot find symbol
  symbol:   class OpenApiParam
  location: class io.servertap.api.v1.ServerApi
[ERROR] /home/gabsko/breaking-updates/src/main/java/io/servertap/api/v1/ServerApi.java:[241,22] cannot find symbol
  symbol:   class OpenApiFormParam
  location: class io.servertap.api.v1.ServerApi
[ERROR] /home/gabsko/breaking-updates/src/main/java/io/servertap/api/v1/ServerApi.java:[242,22] cannot find symbol
  symbol:   class OpenApiFormParam
  location: class io.servertap.api.v1.ServerApi
[ERROR] /home/gabsko/breaking-updates/src/main/java/io/servertap/api/v1/ServerApi.java:[245,22] cannot find symbol
  symbol:   class OpenApiResponse
  location: class io.servertap.api.v1.ServerApi
[ERROR] /home/gabsko/breaking-updates/src/main/java/io/servertap/api/v1/ServerApi.java:[245,65] cannot find symbol
  symbol:   class OpenApiContent
  location: class io.servertap.api.v1.ServerApi
[ERROR] /home/gabsko/breaking-updates/src/main/java/io/servertap/api/v1/ServerApi.java:[270,6] cannot find symbol
  symbol:   class OpenApi
  location: class io.servertap.api.v1.ServerApi
[ERROR] /home/gabsko/breaking-updates/src/main/java/io/servertap/api/v1/ServerApi.java:[275,22] cannot find symbol
  symbol:   class OpenApiParam
  location: class io.servertap.api.v1.ServerApi
[ERROR] /home/gabsko/breaking-updates/src/main/java/io/servertap/api/v1/ServerApi.java:[278,22] cannot find symbol
  symbol:   class OpenApiResponse
  location: class io.servertap.api.v1.ServerApi
[ERROR] /home/gabsko/breaking-updates/src/main/java/io/servertap/api/v1/ServerApi.java:[278,65] cannot find symbol
  symbol:   class OpenApiContent
  location: class io.servertap.api.v1.ServerApi
[ERROR] /home/gabsko/breaking-updates/src/main/java/io/servertap/api/v1/ServerApi.java:[298,6] cannot find symbol
  symbol:   class OpenApi
  location: class io.servertap.api.v1.ServerApi
[ERROR] /home/gabsko/breaking-updates/src/main/java/io/servertap/api/v1/ServerApi.java:[303,22] cannot find symbol
  symbol:   class OpenApiParam
  location: class io.servertap.api.v1.ServerApi
[ERROR] /home/gabsko/breaking-updates/src/main/java/io/servertap/api/v1/ServerApi.java:[306,22] cannot find symbol
  symbol:   class OpenApiParam
  location: class io.servertap.api.v1.ServerApi
[ERROR] /home/gabsko/breaking-updates/src/main/java/io/servertap/api/v1/ServerApi.java:[309,22] cannot find symbol
  symbol:   class OpenApiResponse
  location: class io.servertap.api.v1.ServerApi
[ERROR] /home/gabsko/breaking-updates/src/main/java/io/servertap/api/v1/ServerApi.java:[309,65] cannot find symbol
  symbol:   class OpenApiContent
  location: class io.servertap.api.v1.ServerApi
[ERROR] /home/gabsko/breaking-updates/src/main/java/io/servertap/api/v1/ServerApi.java:[356,6] cannot find symbol
  symbol:   class OpenApi
  location: class io.servertap.api.v1.ServerApi
[ERROR] /home/gabsko/breaking-updates/src/main/java/io/servertap/api/v1/ServerApi.java:[361,22] cannot find symbol
  symbol:   class OpenApiParam
  location: class io.servertap.api.v1.ServerApi
[ERROR] /home/gabsko/breaking-updates/src/main/java/io/servertap/api/v1/ServerApi.java:[364,22] cannot find symbol
  symbol:   class OpenApiResponse
  location: class io.servertap.api.v1.ServerApi
[ERROR] /home/gabsko/breaking-updates/src/main/java/io/servertap/api/v1/ServerApi.java:[364,65] cannot find symbol
  symbol:   class OpenApiContent
  location: class io.servertap.api.v1.ServerApi
[ERROR] /home/gabsko/breaking-updates/src/main/java/io/servertap/api/v1/ServerApi.java:[374,6] cannot find symbol
  symbol:   class OpenApi
  location: class io.servertap.api.v1.ServerApi
[ERROR] /home/gabsko/breaking-updates/src/main/java/io/servertap/api/v1/ServerApi.java:[379,22] cannot find symbol
  symbol:   class OpenApiParam
  location: class io.servertap.api.v1.ServerApi
[ERROR] /home/gabsko/breaking-updates/src/main/java/io/servertap/api/v1/ServerApi.java:[382,22] cannot find symbol
  symbol:   class OpenApiParam
  location: class io.servertap.api.v1.ServerApi
[ERROR] /home/gabsko/breaking-updates/src/main/java/io/servertap/api/v1/ServerApi.java:[385,22] cannot find symbol
  symbol:   class OpenApiResponse
  location: class io.servertap.api.v1.ServerApi
[ERROR] /home/gabsko/breaking-updates/src/main/java/io/servertap/api/v1/ServerApi.java:[385,65] cannot find symbol
  symbol:   class OpenApiContent
  location: class io.servertap.api.v1.ServerApi
[ERROR] /home/gabsko/breaking-updates/src/main/java/io/servertap/api/v1/ServerApi.java:[462,6] cannot find symbol
  symbol:   class OpenApi
  location: class io.servertap.api.v1.ServerApi
[ERROR] /home/gabsko/breaking-updates/src/main/java/io/servertap/api/v1/ServerApi.java:[464,22] cannot find symbol
  symbol:   variable HttpMethod
  location: class io.servertap.api.v1.ServerApi
[ERROR] /home/gabsko/breaking-updates/src/main/java/io/servertap/api/v1/ServerApi.java:[468,22] cannot find symbol
  symbol:   class OpenApiParam
  location: class io.servertap.api.v1.ServerApi
[ERROR] /home/gabsko/breaking-updates/src/main/java/io/servertap/api/v1/ServerApi.java:[471,22] cannot find symbol
  symbol:   class OpenApiResponse
  location: class io.servertap.api.v1.ServerApi
[ERROR] /home/gabsko/breaking-updates/src/main/java/io/servertap/api/v1/ServerApi.java:[471,65] cannot find symbol
  symbol:   class OpenApiContent
  location: class io.servertap.api.v1.ServerApi
[ERROR] /home/gabsko/breaking-updates/src/main/java/io/servertap/api/v1/ServerApi.java:[483,6] cannot find symbol
  symbol:   class OpenApi
  location: class io.servertap.api.v1.ServerApi
[ERROR] /home/gabsko/breaking-updates/src/main/java/io/servertap/api/v1/ServerApi.java:[485,22] cannot find symbol
  symbol:   variable HttpMethod
  location: class io.servertap.api.v1.ServerApi
[ERROR] /home/gabsko/breaking-updates/src/main/java/io/servertap/api/v1/ServerApi.java:[490,22] cannot find symbol
  symbol:   class OpenApiParam
  location: class io.servertap.api.v1.ServerApi
[ERROR] /home/gabsko/breaking-updates/src/main/java/io/servertap/api/v1/ServerApi.java:[493,22] cannot find symbol
  symbol:   class OpenApiFormParam
  location: class io.servertap.api.v1.ServerApi
[ERROR] /home/gabsko/breaking-updates/src/main/java/io/servertap/api/v1/ServerApi.java:[494,22] cannot find symbol
  symbol:   class OpenApiFormParam
  location: class io.servertap.api.v1.ServerApi
[ERROR] /home/gabsko/breaking-updates/src/main/java/io/servertap/api/v1/ServerApi.java:[497,22] cannot find symbol
  symbol:   class OpenApiResponse
  location: class io.servertap.api.v1.ServerApi
[ERROR] /home/gabsko/breaking-updates/src/main/java/io/servertap/api/v1/ServerApi.java:[497,65] cannot find symbol
  symbol:   class OpenApiContent
  location: class io.servertap.api.v1.ServerApi
[ERROR] /home/gabsko/breaking-updates/src/main/java/io/servertap/api/v1/ServerApi.java:[564,6] cannot find symbol
  symbol:   class OpenApi
  location: class io.servertap.api.v1.ServerApi
[ERROR] /home/gabsko/breaking-updates/src/main/java/io/servertap/api/v1/ServerApi.java:[566,22] cannot find symbol
  symbol:   variable HttpMethod
  location: class io.servertap.api.v1.ServerApi
[ERROR] /home/gabsko/breaking-updates/src/main/java/io/servertap/api/v1/ServerApi.java:[571,22] cannot find symbol
  symbol:   class OpenApiParam
  location: class io.servertap.api.v1.ServerApi
[ERROR] /home/gabsko/breaking-updates/src/main/java/io/servertap/api/v1/ServerApi.java:[574,22] cannot find symbol
  symbol:   class OpenApiResponse
  location: class io.servertap.api.v1.ServerApi
[ERROR] /home/gabsko/breaking-updates/src/main/java/io/servertap/api/v1/ServerApi.java:[574,65] cannot find symbol
  symbol:   class OpenApiContent
  location: class io.servertap.api.v1.ServerApi
[ERROR] /home/gabsko/breaking-updates/src/main/java/io/servertap/api/v1/ServerApi.java:[592,6] cannot find symbol
  symbol:   class OpenApi
  location: class io.servertap.api.v1.ServerApi
[ERROR] /home/gabsko/breaking-updates/src/main/java/io/servertap/api/v1/ServerApi.java:[594,22] cannot find symbol
  symbol:   variable HttpMethod
  location: class io.servertap.api.v1.ServerApi
[ERROR] /home/gabsko/breaking-updates/src/main/java/io/servertap/api/v1/ServerApi.java:[598,22] cannot find symbol
  symbol:   class OpenApiParam
  location: class io.servertap.api.v1.ServerApi
[ERROR] /home/gabsko/breaking-updates/src/main/java/io/servertap/api/v1/ServerApi.java:[601,22] cannot find symbol
  symbol:   class OpenApiFormParam
  location: class io.servertap.api.v1.ServerApi
[ERROR] /home/gabsko/breaking-updates/src/main/java/io/servertap/api/v1/ServerApi.java:[604,22] cannot find symbol
  symbol:   class OpenApiResponse
  location: class io.servertap.api.v1.ServerApi
[ERROR] /home/gabsko/breaking-updates/src/main/java/io/servertap/api/v1/ServerApi.java:[624,6] cannot find symbol
  symbol:   class OpenApi
  location: class io.servertap.api.v1.ServerApi
[ERROR] /home/gabsko/breaking-updates/src/main/java/io/servertap/api/v1/ServerApi.java:[626,22] cannot find symbol
  symbol:   variable HttpMethod
  location: class io.servertap.api.v1.ServerApi
[ERROR] /home/gabsko/breaking-updates/src/main/java/io/servertap/api/v1/ServerApi.java:[630,22] cannot find symbol
  symbol:   class OpenApiParam
  location: class io.servertap.api.v1.ServerApi
[ERROR] /home/gabsko/breaking-updates/src/main/java/io/servertap/api/v1/ServerApi.java:[633,22] cannot find symbol
  symbol:   class OpenApiFormParam
  location: class io.servertap.api.v1.ServerApi
[INFO] 100 errors 
[INFO] -------------------------------------------------------------
[INFO] ------------------------------------------------------------------------
[INFO] BUILD FAILURE
[INFO] ------------------------------------------------------------------------
[INFO] Total time:  4.761 s
[INFO] Finished at: 2023-02-11T23:43:21Z
[INFO] ------------------------------------------------------------------------
[ERROR] Failed to execute goal org.apache.maven.plugins:maven-compiler-plugin:3.1:compile (default-compile) on project ServerTap: Compilation failure: Compilation failure: 
[ERROR] /home/gabsko/breaking-updates/src/main/java/io/servertap/api/v1/ServerApi.java:[8,30] cannot find symbol
[ERROR]   symbol:   class JavalinJson
[ERROR]   location: package io.javalin.plugin.json
[ERROR] /home/gabsko/breaking-updates/src/main/java/io/servertap/api/v1/EconomyApi.java:[27,6] cannot find symbol
[ERROR]   symbol:   class OpenApi
[ERROR]   location: class io.servertap.api.v1.EconomyApi
[ERROR] /home/gabsko/breaking-updates/src/main/java/io/servertap/api/v1/EconomyApi.java:[29,22] cannot find symbol
[ERROR]   symbol:   variable HttpMethod
[ERROR]   location: class io.servertap.api.v1.EconomyApi
[ERROR] /home/gabsko/breaking-updates/src/main/java/io/servertap/api/v1/EconomyApi.java:[33,22] cannot find symbol
[ERROR]   symbol:   class OpenApiParam
[ERROR]   location: class io.servertap.api.v1.EconomyApi
[ERROR] /home/gabsko/breaking-updates/src/main/java/io/servertap/api/v1/EconomyApi.java:[36,22] cannot find symbol
[ERROR]   symbol:   class OpenApiResponse
[ERROR]   location: class io.servertap.api.v1.EconomyApi
[ERROR] /home/gabsko/breaking-updates/src/main/java/io/servertap/api/v1/EconomyApi.java:[36,65] cannot find symbol
[ERROR]   symbol:   class OpenApiContent
[ERROR]   location: class io.servertap.api.v1.EconomyApi
[ERROR] /home/gabsko/breaking-updates/src/main/java/io/servertap/api/v1/EconomyApi.java:[37,22] cannot find symbol
[ERROR]   symbol:   class OpenApiResponse
[ERROR]   location: class io.servertap.api.v1.EconomyApi
[ERROR] /home/gabsko/breaking-updates/src/main/java/io/servertap/api/v1/EconomyApi.java:[37,65] cannot find symbol
[ERROR]   symbol:   class OpenApiContent
[ERROR]   location: class io.servertap.api.v1.EconomyApi
[ERROR] /home/gabsko/breaking-updates/src/main/java/io/servertap/api/v1/EconomyApi.java:[61,6] cannot find symbol
[ERROR]   symbol:   class OpenApi
[ERROR]   location: class io.servertap.api.v1.EconomyApi
[ERROR] /home/gabsko/breaking-updates/src/main/java/io/servertap/api/v1/EconomyApi.java:[63,22] cannot find symbol
[ERROR]   symbol:   variable HttpMethod
[ERROR]   location: class io.servertap.api.v1.EconomyApi
[ERROR] /home/gabsko/breaking-updates/src/main/java/io/servertap/api/v1/EconomyApi.java:[68,22] cannot find symbol
[ERROR]   symbol:   class OpenApiParam
[ERROR]   location: class io.servertap.api.v1.EconomyApi
[ERROR] /home/gabsko/breaking-updates/src/main/java/io/servertap/api/v1/EconomyApi.java:[71,22] cannot find symbol
[ERROR]   symbol:   class OpenApiFormParam
[ERROR]   location: class io.servertap.api.v1.EconomyApi
[ERROR] /home/gabsko/breaking-updates/src/main/java/io/servertap/api/v1/EconomyApi.java:[72,22] cannot find symbol
[ERROR]   symbol:   class OpenApiFormParam
[ERROR]   location: class io.servertap.api.v1.EconomyApi
[ERROR] /home/gabsko/breaking-updates/src/main/java/io/servertap/api/v1/EconomyApi.java:[75,22] cannot find symbol
[ERROR]   symbol:   class OpenApiResponse
[ERROR]   location: class io.servertap.api.v1.EconomyApi
[ERROR] /home/gabsko/breaking-updates/src/main/java/io/servertap/api/v1/EconomyApi.java:[75,65] cannot find symbol
[ERROR]   symbol:   class OpenApiContent
[ERROR]   location: class io.servertap.api.v1.EconomyApi
[ERROR] /home/gabsko/breaking-updates/src/main/java/io/servertap/api/v1/EconomyApi.java:[76,22] cannot find symbol
[ERROR]   symbol:   class OpenApiResponse
[ERROR]   location: class io.servertap.api.v1.EconomyApi
[ERROR] /home/gabsko/breaking-updates/src/main/java/io/servertap/api/v1/EconomyApi.java:[76,65] cannot find symbol
[ERROR]   symbol:   class OpenApiContent
[ERROR]   location: class io.servertap.api.v1.EconomyApi
[ERROR] /home/gabsko/breaking-updates/src/main/java/io/servertap/api/v1/EconomyApi.java:[83,6] cannot find symbol
[ERROR]   symbol:   class OpenApi
[ERROR]   location: class io.servertap.api.v1.EconomyApi
[ERROR] /home/gabsko/breaking-updates/src/main/java/io/servertap/api/v1/EconomyApi.java:[85,22] cannot find symbol
[ERROR]   symbol:   variable HttpMethod
[ERROR]   location: class io.servertap.api.v1.EconomyApi
[ERROR] /home/gabsko/breaking-updates/src/main/java/io/servertap/api/v1/EconomyApi.java:[90,22] cannot find symbol
[ERROR]   symbol:   class OpenApiParam
[ERROR]   location: class io.servertap.api.v1.EconomyApi
[ERROR] /home/gabsko/breaking-updates/src/main/java/io/servertap/api/v1/EconomyApi.java:[93,22] cannot find symbol
[ERROR]   symbol:   class OpenApiFormParam
[ERROR]   location: class io.servertap.api.v1.EconomyApi
[ERROR] /home/gabsko/breaking-updates/src/main/java/io/servertap/api/v1/EconomyApi.java:[94,22] cannot find symbol
[ERROR]   symbol:   class OpenApiFormParam
[ERROR]   location: class io.servertap.api.v1.EconomyApi
[ERROR] /home/gabsko/breaking-updates/src/main/java/io/servertap/api/v1/EconomyApi.java:[97,22] cannot find symbol
[ERROR]   symbol:   class OpenApiResponse
[ERROR]   location: class io.servertap.api.v1.EconomyApi
[ERROR] /home/gabsko/breaking-updates/src/main/java/io/servertap/api/v1/EconomyApi.java:[97,65] cannot find symbol
[ERROR]   symbol:   class OpenApiContent
[ERROR]   location: class io.servertap.api.v1.EconomyApi
[ERROR] /home/gabsko/breaking-updates/src/main/java/io/servertap/api/v1/EconomyApi.java:[98,22] cannot find symbol
[ERROR]   symbol:   class OpenApiResponse
[ERROR]   location: class io.servertap.api.v1.EconomyApi
[ERROR] /home/gabsko/breaking-updates/src/main/java/io/servertap/api/v1/EconomyApi.java:[98,65] cannot find symbol
[ERROR]   symbol:   class OpenApiContent
[ERROR]   location: class io.servertap.api.v1.EconomyApi
[ERROR] /home/gabsko/breaking-updates/src/main/java/io/servertap/api/v1/ServerApi.java:[41,6] cannot find symbol
[ERROR]   symbol:   class OpenApi
[ERROR]   location: class io.servertap.api.v1.ServerApi
[ERROR] /home/gabsko/breaking-updates/src/main/java/io/servertap/api/v1/ServerApi.java:[46,22] cannot find symbol
[ERROR]   symbol:   class OpenApiParam
[ERROR]   location: class io.servertap.api.v1.ServerApi
[ERROR] /home/gabsko/breaking-updates/src/main/java/io/servertap/api/v1/ServerApi.java:[49,22] cannot find symbol
[ERROR]   symbol:   class OpenApiResponse
[ERROR]   location: class io.servertap.api.v1.ServerApi
[ERROR] /home/gabsko/breaking-updates/src/main/java/io/servertap/api/v1/ServerApi.java:[49,65] cannot find symbol
[ERROR]   symbol:   class OpenApiContent
[ERROR]   location: class io.servertap.api.v1.ServerApi
[ERROR] /home/gabsko/breaking-updates/src/main/java/io/servertap/api/v1/ServerApi.java:[56,6] cannot find symbol
[ERROR]   symbol:   class OpenApi
[ERROR]   location: class io.servertap.api.v1.ServerApi
[ERROR] /home/gabsko/breaking-updates/src/main/java/io/servertap/api/v1/ServerApi.java:[61,22] cannot find symbol
[ERROR]   symbol:   class OpenApiParam
[ERROR]   location: class io.servertap.api.v1.ServerApi
[ERROR] /home/gabsko/breaking-updates/src/main/java/io/servertap/api/v1/ServerApi.java:[64,22] cannot find symbol
[ERROR]   symbol:   class OpenApiResponse
[ERROR]   location: class io.servertap.api.v1.ServerApi
[ERROR] /home/gabsko/breaking-updates/src/main/java/io/servertap/api/v1/ServerApi.java:[64,65] cannot find symbol
[ERROR]   symbol:   class OpenApiContent
[ERROR]   location: class io.servertap.api.v1.ServerApi
[ERROR] /home/gabsko/breaking-updates/src/main/java/io/servertap/api/v1/ServerApi.java:[130,6] cannot find symbol
[ERROR]   symbol:   class OpenApi
[ERROR]   location: class io.servertap.api.v1.ServerApi
[ERROR] /home/gabsko/breaking-updates/src/main/java/io/servertap/api/v1/ServerApi.java:[133,22] cannot find symbol
[ERROR]   symbol:   variable HttpMethod
[ERROR]   location: class io.servertap.api.v1.ServerApi
[ERROR] /home/gabsko/breaking-updates/src/main/java/io/servertap/api/v1/ServerApi.java:[136,22] cannot find symbol
[ERROR]   symbol:   class OpenApiParam
[ERROR]   location: class io.servertap.api.v1.ServerApi
[ERROR] /home/gabsko/breaking-updates/src/main/java/io/servertap/api/v1/ServerApi.java:[139,22] cannot find symbol
[ERROR]   symbol:   class OpenApiResponse
[ERROR]   location: class io.servertap.api.v1.ServerApi
[ERROR] /home/gabsko/breaking-updates/src/main/java/io/servertap/api/v1/ServerApi.java:[164,6] cannot find symbol
[ERROR]   symbol:   class OpenApi
[ERROR]   location: class io.servertap.api.v1.ServerApi
[ERROR] /home/gabsko/breaking-updates/src/main/java/io/servertap/api/v1/ServerApi.java:[167,22] cannot find symbol
[ERROR]   symbol:   variable HttpMethod
[ERROR]   location: class io.servertap.api.v1.ServerApi
[ERROR] /home/gabsko/breaking-updates/src/main/java/io/servertap/api/v1/ServerApi.java:[170,22] cannot find symbol
[ERROR]   symbol:   class OpenApiParam
[ERROR]   location: class io.servertap.api.v1.ServerApi
[ERROR] /home/gabsko/breaking-updates/src/main/java/io/servertap/api/v1/ServerApi.java:[173,22] cannot find symbol
[ERROR]   symbol:   class OpenApiParam
[ERROR]   location: class io.servertap.api.v1.ServerApi
[ERROR] /home/gabsko/breaking-updates/src/main/java/io/servertap/api/v1/ServerApi.java:[176,22] cannot find symbol
[ERROR]   symbol:   class OpenApiResponse
[ERROR]   location: class io.servertap.api.v1.ServerApi
[ERROR] /home/gabsko/breaking-updates/src/main/java/io/servertap/api/v1/ServerApi.java:[209,6] cannot find symbol
[ERROR]   symbol:   class OpenApi
[ERROR]   location: class io.servertap.api.v1.ServerApi
[ERROR] /home/gabsko/breaking-updates/src/main/java/io/servertap/api/v1/ServerApi.java:[211,22] cannot find symbol
[ERROR]   symbol:   variable HttpMethod
[ERROR]   location: class io.servertap.api.v1.ServerApi
[ERROR] /home/gabsko/breaking-updates/src/main/java/io/servertap/api/v1/ServerApi.java:[215,22] cannot find symbol
[ERROR]   symbol:   class OpenApiParam
[ERROR]   location: class io.servertap.api.v1.ServerApi
[ERROR] /home/gabsko/breaking-updates/src/main/java/io/servertap/api/v1/ServerApi.java:[218,22] cannot find symbol
[ERROR]   symbol:   class OpenApiFormParam
[ERROR]   location: class io.servertap.api.v1.ServerApi
[ERROR] /home/gabsko/breaking-updates/src/main/java/io/servertap/api/v1/ServerApi.java:[221,22] cannot find symbol
[ERROR]   symbol:   class OpenApiResponse
[ERROR]   location: class io.servertap.api.v1.ServerApi
[ERROR] /home/gabsko/breaking-updates/src/main/java/io/servertap/api/v1/ServerApi.java:[221,65] cannot find symbol
[ERROR]   symbol:   class OpenApiContent
[ERROR]   location: class io.servertap.api.v1.ServerApi
[ERROR] /home/gabsko/breaking-updates/src/main/java/io/servertap/api/v1/ServerApi.java:[232,6] cannot find symbol
[ERROR]   symbol:   class OpenApi
[ERROR]   location: class io.servertap.api.v1.ServerApi
[ERROR] /home/gabsko/breaking-updates/src/main/java/io/servertap/api/v1/ServerApi.java:[234,22] cannot find symbol
[ERROR]   symbol:   variable HttpMethod
[ERROR]   location: class io.servertap.api.v1.ServerApi
[ERROR] /home/gabsko/breaking-updates/src/main/java/io/servertap/api/v1/ServerApi.java:[238,22] cannot find symbol
[ERROR]   symbol:   class OpenApiParam
[ERROR]   location: class io.servertap.api.v1.ServerApi
[ERROR] /home/gabsko/breaking-updates/src/main/java/io/servertap/api/v1/ServerApi.java:[241,22] cannot find symbol
[ERROR]   symbol:   class OpenApiFormParam
[ERROR]   location: class io.servertap.api.v1.ServerApi
[ERROR] /home/gabsko/breaking-updates/src/main/java/io/servertap/api/v1/ServerApi.java:[242,22] cannot find symbol
[ERROR]   symbol:   class OpenApiFormParam
[ERROR]   location: class io.servertap.api.v1.ServerApi
[ERROR] /home/gabsko/breaking-updates/src/main/java/io/servertap/api/v1/ServerApi.java:[245,22] cannot find symbol
[ERROR]   symbol:   class OpenApiResponse
[ERROR]   location: class io.servertap.api.v1.ServerApi
[ERROR] /home/gabsko/breaking-updates/src/main/java/io/servertap/api/v1/ServerApi.java:[245,65] cannot find symbol
[ERROR]   symbol:   class OpenApiContent
[ERROR]   location: class io.servertap.api.v1.ServerApi
[ERROR] /home/gabsko/breaking-updates/src/main/java/io/servertap/api/v1/ServerApi.java:[270,6] cannot find symbol
[ERROR]   symbol:   class OpenApi
[ERROR]   location: class io.servertap.api.v1.ServerApi
[ERROR] /home/gabsko/breaking-updates/src/main/java/io/servertap/api/v1/ServerApi.java:[275,22] cannot find symbol
[ERROR]   symbol:   class OpenApiParam
[ERROR]   location: class io.servertap.api.v1.ServerApi
[ERROR] /home/gabsko/breaking-updates/src/main/java/io/servertap/api/v1/ServerApi.java:[278,22] cannot find symbol
[ERROR]   symbol:   class OpenApiResponse
[ERROR]   location: class io.servertap.api.v1.ServerApi
[ERROR] /home/gabsko/breaking-updates/src/main/java/io/servertap/api/v1/ServerApi.java:[278,65] cannot find symbol
[ERROR]   symbol:   class OpenApiContent
[ERROR]   location: class io.servertap.api.v1.ServerApi
[ERROR] /home/gabsko/breaking-updates/src/main/java/io/servertap/api/v1/ServerApi.java:[298,6] cannot find symbol
[ERROR]   symbol:   class OpenApi
[ERROR]   location: class io.servertap.api.v1.ServerApi
[ERROR] /home/gabsko/breaking-updates/src/main/java/io/servertap/api/v1/ServerApi.java:[303,22] cannot find symbol
[ERROR]   symbol:   class OpenApiParam
[ERROR]   location: class io.servertap.api.v1.ServerApi
[ERROR] /home/gabsko/breaking-updates/src/main/java/io/servertap/api/v1/ServerApi.java:[306,22] cannot find symbol
[ERROR]   symbol:   class OpenApiParam
[ERROR]   location: class io.servertap.api.v1.ServerApi
[ERROR] /home/gabsko/breaking-updates/src/main/java/io/servertap/api/v1/ServerApi.java:[309,22] cannot find symbol
[ERROR]   symbol:   class OpenApiResponse
[ERROR]   location: class io.servertap.api.v1.ServerApi
[ERROR] /home/gabsko/breaking-updates/src/main/java/io/servertap/api/v1/ServerApi.java:[309,65] cannot find symbol
[ERROR]   symbol:   class OpenApiContent
[ERROR]   location: class io.servertap.api.v1.ServerApi
[ERROR] /home/gabsko/breaking-updates/src/main/java/io/servertap/api/v1/ServerApi.java:[356,6] cannot find symbol
[ERROR]   symbol:   class OpenApi
[ERROR]   location: class io.servertap.api.v1.ServerApi
[ERROR] /home/gabsko/breaking-updates/src/main/java/io/servertap/api/v1/ServerApi.java:[361,22] cannot find symbol
[ERROR]   symbol:   class OpenApiParam
[ERROR]   location: class io.servertap.api.v1.ServerApi
[ERROR] /home/gabsko/breaking-updates/src/main/java/io/servertap/api/v1/ServerApi.java:[364,22] cannot find symbol
[ERROR]   symbol:   class OpenApiResponse
[ERROR]   location: class io.servertap.api.v1.ServerApi
[ERROR] /home/gabsko/breaking-updates/src/main/java/io/servertap/api/v1/ServerApi.java:[364,65] cannot find symbol
[ERROR]   symbol:   class OpenApiContent
[ERROR]   location: class io.servertap.api.v1.ServerApi
[ERROR] /home/gabsko/breaking-updates/src/main/java/io/servertap/api/v1/ServerApi.java:[374,6] cannot find symbol
[ERROR]   symbol:   class OpenApi
[ERROR]   location: class io.servertap.api.v1.ServerApi
[ERROR] /home/gabsko/breaking-updates/src/main/java/io/servertap/api/v1/ServerApi.java:[379,22] cannot find symbol
[ERROR]   symbol:   class OpenApiParam
[ERROR]   location: class io.servertap.api.v1.ServerApi
[ERROR] /home/gabsko/breaking-updates/src/main/java/io/servertap/api/v1/ServerApi.java:[382,22] cannot find symbol
[ERROR]   symbol:   class OpenApiParam
[ERROR]   location: class io.servertap.api.v1.ServerApi
[ERROR] /home/gabsko/breaking-updates/src/main/java/io/servertap/api/v1/ServerApi.java:[385,22] cannot find symbol
[ERROR]   symbol:   class OpenApiResponse
[ERROR]   location: class io.servertap.api.v1.ServerApi
[ERROR] /home/gabsko/breaking-updates/src/main/java/io/servertap/api/v1/ServerApi.java:[385,65] cannot find symbol
[ERROR]   symbol:   class OpenApiContent
[ERROR]   location: class io.servertap.api.v1.ServerApi
[ERROR] /home/gabsko/breaking-updates/src/main/java/io/servertap/api/v1/ServerApi.java:[462,6] cannot find symbol
[ERROR]   symbol:   class OpenApi
[ERROR]   location: class io.servertap.api.v1.ServerApi
[ERROR] /home/gabsko/breaking-updates/src/main/java/io/servertap/api/v1/ServerApi.java:[464,22] cannot find symbol
[ERROR]   symbol:   variable HttpMethod
[ERROR]   location: class io.servertap.api.v1.ServerApi
[ERROR] /home/gabsko/breaking-updates/src/main/java/io/servertap/api/v1/ServerApi.java:[468,22] cannot find symbol
[ERROR]   symbol:   class OpenApiParam
[ERROR]   location: class io.servertap.api.v1.ServerApi
[ERROR] /home/gabsko/breaking-updates/src/main/java/io/servertap/api/v1/ServerApi.java:[471,22] cannot find symbol
[ERROR]   symbol:   class OpenApiResponse
[ERROR]   location: class io.servertap.api.v1.ServerApi
[ERROR] /home/gabsko/breaking-updates/src/main/java/io/servertap/api/v1/ServerApi.java:[471,65] cannot find symbol
[ERROR]   symbol:   class OpenApiContent
[ERROR]   location: class io.servertap.api.v1.ServerApi
[ERROR] /home/gabsko/breaking-updates/src/main/java/io/servertap/api/v1/ServerApi.java:[483,6] cannot find symbol
[ERROR]   symbol:   class OpenApi
[ERROR]   location: class io.servertap.api.v1.ServerApi
[ERROR] /home/gabsko/breaking-updates/src/main/java/io/servertap/api/v1/ServerApi.java:[485,22] cannot find symbol
[ERROR]   symbol:   variable HttpMethod
[ERROR]   location: class io.servertap.api.v1.ServerApi
[ERROR] /home/gabsko/breaking-updates/src/main/java/io/servertap/api/v1/ServerApi.java:[490,22] cannot find symbol
[ERROR]   symbol:   class OpenApiParam
[ERROR]   location: class io.servertap.api.v1.ServerApi
[ERROR] /home/gabsko/breaking-updates/src/main/java/io/servertap/api/v1/ServerApi.java:[493,22] cannot find symbol
[ERROR]   symbol:   class OpenApiFormParam
[ERROR]   location: class io.servertap.api.v1.ServerApi
[ERROR] /home/gabsko/breaking-updates/src/main/java/io/servertap/api/v1/ServerApi.java:[494,22] cannot find symbol
[ERROR]   symbol:   class OpenApiFormParam
[ERROR]   location: class io.servertap.api.v1.ServerApi
[ERROR] /home/gabsko/breaking-updates/src/main/java/io/servertap/api/v1/ServerApi.java:[497,22] cannot find symbol
[ERROR]   symbol:   class OpenApiResponse
[ERROR]   location: class io.servertap.api.v1.ServerApi
[ERROR] /home/gabsko/breaking-updates/src/main/java/io/servertap/api/v1/ServerApi.java:[497,65] cannot find symbol
[ERROR]   symbol:   class OpenApiContent
[ERROR]   location: class io.servertap.api.v1.ServerApi
[ERROR] /home/gabsko/breaking-updates/src/main/java/io/servertap/api/v1/ServerApi.java:[564,6] cannot find symbol
[ERROR]   symbol:   class OpenApi
[ERROR]   location: class io.servertap.api.v1.ServerApi
[ERROR] /home/gabsko/breaking-updates/src/main/java/io/servertap/api/v1/ServerApi.java:[566,22] cannot find symbol
[ERROR]   symbol:   variable HttpMethod
[ERROR]   location: class io.servertap.api.v1.ServerApi
[ERROR] /home/gabsko/breaking-updates/src/main/java/io/servertap/api/v1/ServerApi.java:[571,22] cannot find symbol
[ERROR]   symbol:   class OpenApiParam
[ERROR]   location: class io.servertap.api.v1.ServerApi
[ERROR] /home/gabsko/breaking-updates/src/main/java/io/servertap/api/v1/ServerApi.java:[574,22] cannot find symbol
[ERROR]   symbol:   class OpenApiResponse
[ERROR]   location: class io.servertap.api.v1.ServerApi
[ERROR] /home/gabsko/breaking-updates/src/main/java/io/servertap/api/v1/ServerApi.java:[574,65] cannot find symbol
[ERROR]   symbol:   class OpenApiContent
[ERROR]   location: class io.servertap.api.v1.ServerApi
[ERROR] /home/gabsko/breaking-updates/src/main/java/io/servertap/api/v1/ServerApi.java:[592,6] cannot find symbol
[ERROR]   symbol:   class OpenApi
[ERROR]   location: class io.servertap.api.v1.ServerApi
[ERROR] /home/gabsko/breaking-updates/src/main/java/io/servertap/api/v1/ServerApi.java:[594,22] cannot find symbol
[ERROR]   symbol:   variable HttpMethod
[ERROR]   location: class io.servertap.api.v1.ServerApi
[ERROR] /home/gabsko/breaking-updates/src/main/java/io/servertap/api/v1/ServerApi.java:[598,22] cannot find symbol
[ERROR]   symbol:   class OpenApiParam
[ERROR]   location: class io.servertap.api.v1.ServerApi
[ERROR] /home/gabsko/breaking-updates/src/main/java/io/servertap/api/v1/ServerApi.java:[601,22] cannot find symbol
[ERROR]   symbol:   class OpenApiFormParam
[ERROR]   location: class io.servertap.api.v1.ServerApi
[ERROR] /home/gabsko/breaking-updates/src/main/java/io/servertap/api/v1/ServerApi.java:[604,22] cannot find symbol
[ERROR]   symbol:   class OpenApiResponse
[ERROR]   location: class io.servertap.api.v1.ServerApi
[ERROR] /home/gabsko/breaking-updates/src/main/java/io/servertap/api/v1/ServerApi.java:[624,6] cannot find symbol
[ERROR]   symbol:   class OpenApi
[ERROR]   location: class io.servertap.api.v1.ServerApi
[ERROR] /home/gabsko/breaking-updates/src/main/java/io/servertap/api/v1/ServerApi.java:[626,22] cannot find symbol
[ERROR]   symbol:   variable HttpMethod
[ERROR]   location: class io.servertap.api.v1.ServerApi
[ERROR] /home/gabsko/breaking-updates/src/main/java/io/servertap/api/v1/ServerApi.java:[630,22] cannot find symbol
[ERROR]   symbol:   class OpenApiParam
[ERROR]   location: class io.servertap.api.v1.ServerApi
[ERROR] /home/gabsko/breaking-updates/src/main/java/io/servertap/api/v1/ServerApi.java:[633,22] cannot find symbol
[ERROR]   symbol:   class OpenApiFormParam
[ERROR]   location: class io.servertap.api.v1.ServerApi
[ERROR] -> [Help 1]
[ERROR] 
[ERROR] To see the full stack trace of the errors, re-run Maven with the -e switch.
[ERROR] Re-run Maven using the -X switch to enable full debug logging.
[ERROR] 
[ERROR] For more information about the errors and possible solutions, please read the following articles:
[ERROR] [Help 1] http://cwiki.apache.org/confluence/display/MAVEN/MojoFailureException
