[INFO] Scanning for projects...
[WARNING] 
[WARNING] Some problems were encountered while building the effective model for cn.lanink:MurderMystery:jar:1.4.2-SNAPSHOT
[WARNING] 'dependencies.dependency.systemPath' for me.petterim1.scoreboards:SimpleScoreboards:jar should not point at files within the project directory, ${project.basedir}/lib/SimpleScoreboards-2.6.0.jar will be unresolvable by dependent projects @ line 170, column 25
[WARNING] 
[WARNING] It is highly recommended to fix these problems because they threaten the stability of your build.
[WARNING] 
[WARNING] For this reason, future Maven versions might no longer support building such malformed projects.
[WARNING] 
[INFO] 
[INFO] ----------------------< cn.lanink:MurderMystery >-----------------------
[INFO] Building MurderMystery 1.4.2-SNAPSHOT
[INFO] --------------------------------[ jar ]---------------------------------
[INFO] Downloading from opencollab-repo-release: https://repo.opencollab.dev/maven-releases/cn/lanink/MemoriesOfTime-GameCore/1.6.4.0-PNX/MemoriesOfTime-GameCore-1.6.4.0-PNX.pom
[INFO] Downloading from repo-lanink-cn: https://repo.lanink.cn/cn/lanink/MemoriesOfTime-GameCore/1.6.4.0-PNX/MemoriesOfTime-GameCore-1.6.4.0-PNX.pom
[INFO] Downloaded from repo-lanink-cn: https://repo.lanink.cn/cn/lanink/MemoriesOfTime-GameCore/1.6.4.0-PNX/MemoriesOfTime-GameCore-1.6.4.0-PNX.pom (11 kB at 18 kB/s)
[INFO] Downloading from opencollab-repo-release: https://repo.opencollab.dev/maven-releases/net/easecation/Ghosty/lib-1.2.1/Ghosty-lib-1.2.1.pom
[INFO] Downloading from repo-lanink-cn: https://repo.lanink.cn/net/easecation/Ghosty/lib-1.2.1/Ghosty-lib-1.2.1.pom
[INFO] Downloaded from repo-lanink-cn: https://repo.lanink.cn/net/easecation/Ghosty/lib-1.2.1/Ghosty-lib-1.2.1.pom (2.4 kB at 4.4 kB/s)
[INFO] Downloading from opencollab-repo-release: https://repo.opencollab.dev/maven-releases/cn/lanink/MemoriesOfTime-GameCore/1.6.4.0-PNX/MemoriesOfTime-GameCore-1.6.4.0-PNX.jar
[INFO] Downloading from opencollab-repo-release: https://repo.opencollab.dev/maven-releases/net/easecation/Ghosty/lib-1.2.1/Ghosty-lib-1.2.1.jar
[INFO] Downloading from repo-lanink-cn: https://repo.lanink.cn/cn/lanink/MemoriesOfTime-GameCore/1.6.4.0-PNX/MemoriesOfTime-GameCore-1.6.4.0-PNX.jar
[INFO] Downloading from repo-lanink-cn: https://repo.lanink.cn/net/easecation/Ghosty/lib-1.2.1/Ghosty-lib-1.2.1.jar
[INFO] Downloaded from repo-lanink-cn: https://repo.lanink.cn/net/easecation/Ghosty/lib-1.2.1/Ghosty-lib-1.2.1.jar (41 kB at 65 kB/s)
[INFO] Downloaded from repo-lanink-cn: https://repo.lanink.cn/cn/lanink/MemoriesOfTime-GameCore/1.6.4.0-PNX/MemoriesOfTime-GameCore-1.6.4.0-PNX.jar (243 kB at 339 kB/s)
[INFO] 
[INFO] --- maven-clean-plugin:2.5:clean (default-clean) @ MurderMystery ---
[INFO] Deleting /home/gabsko/breaking-updates/target
[INFO] 
[INFO] --- git-commit-id-plugin:4.9.10:revision (get-the-git-infos) @ MurderMystery ---
[INFO] dotGitDirectory /home/gabsko/breaking-updates/.git
[INFO] Collected git.build.user.name with value Gabriel Skoglund
[INFO] Collected git.branch with value branch-lt-name/MurderMystery_Nukkit-8c00d1f9c1c40c6c69345e9a126c810000ac2a6d
[INFO] --always = true
[INFO] --dirty = -dirty
[INFO] --abbrev = 7
[INFO] Tag refs [[]]
[INFO] Created map: [{}]
[INFO] evalCommit is [8c00d1f9c1c40c6c69345e9a126c810000ac2a6d]
[INFO] Collected git.commit.id.describe with value 8c00d1f
[INFO] Collected git.commit.id.describe-short with value 8c00d1f
[INFO] Collected git.commit.id with value 8c00d1f9c1c40c6c69345e9a126c810000ac2a6d
[INFO] Collected git.commit.id.abbrev with value 8c00d1f
[INFO] Collected git.dirty with value false
[INFO] Collected git.commit.user.name with value dependabot[bot]
[INFO] Collected git.commit.message.full with value Bump MemoriesOfTime-GameCore from 1.5.6 to 1.6.4.0-PNX

Bumps [MemoriesOfTime-GameCore](https://github.com/MemoriesOfTime/MemoriesOfTime-GameCore) from 1.5.6 to 1.6.4.0-PNX.
- [Release notes](https://github.com/MemoriesOfTime/MemoriesOfTime-GameCore/releases)
- [Commits](https://github.com/MemoriesOfTime/MemoriesOfTime-GameCore/commits)

---
updated-dependencies:
- dependency-name: cn.lanink:MemoriesOfTime-GameCore
  dependency-type: direct:production
  update-type: version-update:semver-minor
...

Signed-off-by: dependabot[bot] <support@github.com>
[INFO] Collected git.commit.message.short with value Bump MemoriesOfTime-GameCore from 1.5.6 to 1.6.4.0-PNX
[INFO] Collected git.commit.time with value 2022-10-31T08:08:25+0000
[INFO] Collected git.commit.author.time with value 2022-10-31T08:08:25+0000
[INFO] Collected git.commit.committer.time with value 2022-10-31T08:08:25+0000
[INFO] Collected git.remote.origin.url with value git@github.com:chains-project/breaking-updates.git
[INFO] Collected git.tags with value 
[INFO] evalCommit is [8c00d1f9c1c40c6c69345e9a126c810000ac2a6d]
[INFO] Tag refs [[]]
[INFO] Created map: [{}]
[INFO] Collected git.closest.tag.name with value 
[INFO] evalCommit is [8c00d1f9c1c40c6c69345e9a126c810000ac2a6d]
[INFO] Tag refs [[]]
[INFO] Created map: [{}]
[INFO] Collected git.closest.tag.commit.count with value 
[INFO] Collected git.total.commit.count with value 227
[ERROR] Failed to perform fetch
org.eclipse.jgit.api.errors.TransportException: git@github.com:chains-project/breaking-updates.git: UnknownHostKey: github.com. RSA key fingerprint is 16:27:ac:a5:76:28:2d:36:63:1b:56:4d:eb:df:a6:48
    at org.eclipse.jgit.api.FetchCommand.call (FetchCommand.java:224)
    at pl.project13.core.JGitProvider.fetch (JGitProvider.java:364)
    at pl.project13.core.JGitProvider.getAheadBehind (JGitProvider.java:351)
    at pl.project13.core.GitDataProvider.lambda$memoize$6 (GitDataProvider.java:275)
    at pl.project13.core.GitDataProvider.lambda$loadGitData$2 (GitDataProvider.java:178)
    at pl.project13.core.GitDataProvider.maybePut (GitDataProvider.java:259)
    at pl.project13.core.GitDataProvider.loadGitData (GitDataProvider.java:178)
    at pl.project13.maven.git.GitCommitIdMojo.loadGitDataWithJGit (GitCommitIdMojo.java:711)
    at pl.project13.maven.git.GitCommitIdMojo.loadGitData (GitCommitIdMojo.java:670)
    at pl.project13.maven.git.GitCommitIdMojo.execute (GitCommitIdMojo.java:516)
    at org.apache.maven.plugin.DefaultBuildPluginManager.executeMojo (DefaultBuildPluginManager.java:137)
    at org.apache.maven.lifecycle.internal.MojoExecutor.doExecute2 (MojoExecutor.java:370)
    at org.apache.maven.lifecycle.internal.MojoExecutor.doExecute (MojoExecutor.java:351)
    at org.apache.maven.lifecycle.internal.MojoExecutor.execute (MojoExecutor.java:215)
    at org.apache.maven.lifecycle.internal.MojoExecutor.execute (MojoExecutor.java:171)
    at org.apache.maven.lifecycle.internal.MojoExecutor.execute (MojoExecutor.java:163)
    at org.apache.maven.lifecycle.internal.LifecycleModuleBuilder.buildProject (LifecycleModuleBuilder.java:117)
    at org.apache.maven.lifecycle.internal.LifecycleModuleBuilder.buildProject (LifecycleModuleBuilder.java:81)
    at org.apache.maven.lifecycle.internal.builder.singlethreaded.SingleThreadedBuilder.build (SingleThreadedBuilder.java:56)
    at org.apache.maven.lifecycle.internal.LifecycleStarter.execute (LifecycleStarter.java:128)
    at org.apache.maven.DefaultMaven.doExecute (DefaultMaven.java:294)
    at org.apache.maven.DefaultMaven.doExecute (DefaultMaven.java:192)
    at org.apache.maven.DefaultMaven.execute (DefaultMaven.java:105)
    at org.apache.maven.cli.MavenCli.execute (MavenCli.java:960)
    at org.apache.maven.cli.MavenCli.doMain (MavenCli.java:293)
    at org.apache.maven.cli.MavenCli.main (MavenCli.java:196)
    at jdk.internal.reflect.NativeMethodAccessorImpl.invoke0 (Native Method)
    at jdk.internal.reflect.NativeMethodAccessorImpl.invoke (NativeMethodAccessorImpl.java:62)
    at jdk.internal.reflect.DelegatingMethodAccessorImpl.invoke (DelegatingMethodAccessorImpl.java:43)
    at java.lang.reflect.Method.invoke (Method.java:566)
    at org.codehaus.plexus.classworlds.launcher.Launcher.launchEnhanced (Launcher.java:282)
    at org.codehaus.plexus.classworlds.launcher.Launcher.launch (Launcher.java:225)
    at org.codehaus.plexus.classworlds.launcher.Launcher.mainWithExitCode (Launcher.java:406)
    at org.codehaus.plexus.classworlds.launcher.Launcher.main (Launcher.java:347)
Caused by: org.eclipse.jgit.errors.TransportException: git@github.com:chains-project/breaking-updates.git: UnknownHostKey: github.com. RSA key fingerprint is 16:27:ac:a5:76:28:2d:36:63:1b:56:4d:eb:df:a6:48
    at org.eclipse.jgit.transport.JschConfigSessionFactory.getSession (JschConfigSessionFactory.java:162)
    at org.eclipse.jgit.transport.SshTransport.getSession (SshTransport.java:107)
    at org.eclipse.jgit.transport.TransportGitSsh$SshFetchConnection.<init> (TransportGitSsh.java:281)
    at org.eclipse.jgit.transport.TransportGitSsh.openFetch (TransportGitSsh.java:153)
    at org.eclipse.jgit.transport.FetchProcess.executeImp (FetchProcess.java:142)
    at org.eclipse.jgit.transport.FetchProcess.execute (FetchProcess.java:94)
    at org.eclipse.jgit.transport.Transport.fetch (Transport.java:1309)
    at org.eclipse.jgit.api.FetchCommand.call (FetchCommand.java:213)
    at pl.project13.core.JGitProvider.fetch (JGitProvider.java:364)
    at pl.project13.core.JGitProvider.getAheadBehind (JGitProvider.java:351)
    at pl.project13.core.GitDataProvider.lambda$memoize$6 (GitDataProvider.java:275)
    at pl.project13.core.GitDataProvider.lambda$loadGitData$2 (GitDataProvider.java:178)
    at pl.project13.core.GitDataProvider.maybePut (GitDataProvider.java:259)
    at pl.project13.core.GitDataProvider.loadGitData (GitDataProvider.java:178)
    at pl.project13.maven.git.GitCommitIdMojo.loadGitDataWithJGit (GitCommitIdMojo.java:711)
    at pl.project13.maven.git.GitCommitIdMojo.loadGitData (GitCommitIdMojo.java:670)
    at pl.project13.maven.git.GitCommitIdMojo.execute (GitCommitIdMojo.java:516)
    at org.apache.maven.plugin.DefaultBuildPluginManager.executeMojo (DefaultBuildPluginManager.java:137)
    at org.apache.maven.lifecycle.internal.MojoExecutor.doExecute2 (MojoExecutor.java:370)
    at org.apache.maven.lifecycle.internal.MojoExecutor.doExecute (MojoExecutor.java:351)
    at org.apache.maven.lifecycle.internal.MojoExecutor.execute (MojoExecutor.java:215)
    at org.apache.maven.lifecycle.internal.MojoExecutor.execute (MojoExecutor.java:171)
    at org.apache.maven.lifecycle.internal.MojoExecutor.execute (MojoExecutor.java:163)
    at org.apache.maven.lifecycle.internal.LifecycleModuleBuilder.buildProject (LifecycleModuleBuilder.java:117)
    at org.apache.maven.lifecycle.internal.LifecycleModuleBuilder.buildProject (LifecycleModuleBuilder.java:81)
    at org.apache.maven.lifecycle.internal.builder.singlethreaded.SingleThreadedBuilder.build (SingleThreadedBuilder.java:56)
    at org.apache.maven.lifecycle.internal.LifecycleStarter.execute (LifecycleStarter.java:128)
    at org.apache.maven.DefaultMaven.doExecute (DefaultMaven.java:294)
    at org.apache.maven.DefaultMaven.doExecute (DefaultMaven.java:192)
    at org.apache.maven.DefaultMaven.execute (DefaultMaven.java:105)
    at org.apache.maven.cli.MavenCli.execute (MavenCli.java:960)
    at org.apache.maven.cli.MavenCli.doMain (MavenCli.java:293)
    at org.apache.maven.cli.MavenCli.main (MavenCli.java:196)
    at jdk.internal.reflect.NativeMethodAccessorImpl.invoke0 (Native Method)
    at jdk.internal.reflect.NativeMethodAccessorImpl.invoke (NativeMethodAccessorImpl.java:62)
    at jdk.internal.reflect.DelegatingMethodAccessorImpl.invoke (DelegatingMethodAccessorImpl.java:43)
    at java.lang.reflect.Method.invoke (Method.java:566)
    at org.codehaus.plexus.classworlds.launcher.Launcher.launchEnhanced (Launcher.java:282)
    at org.codehaus.plexus.classworlds.launcher.Launcher.launch (Launcher.java:225)
    at org.codehaus.plexus.classworlds.launcher.Launcher.mainWithExitCode (Launcher.java:406)
    at org.codehaus.plexus.classworlds.launcher.Launcher.main (Launcher.java:347)
Caused by: com.jcraft.jsch.JSchException: UnknownHostKey: github.com. RSA key fingerprint is 16:27:ac:a5:76:28:2d:36:63:1b:56:4d:eb:df:a6:48
    at com.jcraft.jsch.Session.checkHost (Session.java:805)
    at com.jcraft.jsch.Session.connect (Session.java:345)
    at org.eclipse.jgit.transport.JschConfigSessionFactory.getSession (JschConfigSessionFactory.java:115)
    at org.eclipse.jgit.transport.SshTransport.getSession (SshTransport.java:107)
    at org.eclipse.jgit.transport.TransportGitSsh$SshFetchConnection.<init> (TransportGitSsh.java:281)
    at org.eclipse.jgit.transport.TransportGitSsh.openFetch (TransportGitSsh.java:153)
    at org.eclipse.jgit.transport.FetchProcess.executeImp (FetchProcess.java:142)
    at org.eclipse.jgit.transport.FetchProcess.execute (FetchProcess.java:94)
    at org.eclipse.jgit.transport.Transport.fetch (Transport.java:1309)
    at org.eclipse.jgit.api.FetchCommand.call (FetchCommand.java:213)
    at pl.project13.core.JGitProvider.fetch (JGitProvider.java:364)
    at pl.project13.core.JGitProvider.getAheadBehind (JGitProvider.java:351)
    at pl.project13.core.GitDataProvider.lambda$memoize$6 (GitDataProvider.java:275)
    at pl.project13.core.GitDataProvider.lambda$loadGitData$2 (GitDataProvider.java:178)
    at pl.project13.core.GitDataProvider.maybePut (GitDataProvider.java:259)
    at pl.project13.core.GitDataProvider.loadGitData (GitDataProvider.java:178)
    at pl.project13.maven.git.GitCommitIdMojo.loadGitDataWithJGit (GitCommitIdMojo.java:711)
    at pl.project13.maven.git.GitCommitIdMojo.loadGitData (GitCommitIdMojo.java:670)
    at pl.project13.maven.git.GitCommitIdMojo.execute (GitCommitIdMojo.java:516)
    at org.apache.maven.plugin.DefaultBuildPluginManager.executeMojo (DefaultBuildPluginManager.java:137)
    at org.apache.maven.lifecycle.internal.MojoExecutor.doExecute2 (MojoExecutor.java:370)
    at org.apache.maven.lifecycle.internal.MojoExecutor.doExecute (MojoExecutor.java:351)
    at org.apache.maven.lifecycle.internal.MojoExecutor.execute (MojoExecutor.java:215)
    at org.apache.maven.lifecycle.internal.MojoExecutor.execute (MojoExecutor.java:171)
    at org.apache.maven.lifecycle.internal.MojoExecutor.execute (MojoExecutor.java:163)
    at org.apache.maven.lifecycle.internal.LifecycleModuleBuilder.buildProject (LifecycleModuleBuilder.java:117)
    at org.apache.maven.lifecycle.internal.LifecycleModuleBuilder.buildProject (LifecycleModuleBuilder.java:81)
    at org.apache.maven.lifecycle.internal.builder.singlethreaded.SingleThreadedBuilder.build (SingleThreadedBuilder.java:56)
    at org.apache.maven.lifecycle.internal.LifecycleStarter.execute (LifecycleStarter.java:128)
    at org.apache.maven.DefaultMaven.doExecute (DefaultMaven.java:294)
    at org.apache.maven.DefaultMaven.doExecute (DefaultMaven.java:192)
    at org.apache.maven.DefaultMaven.execute (DefaultMaven.java:105)
    at org.apache.maven.cli.MavenCli.execute (MavenCli.java:960)
    at org.apache.maven.cli.MavenCli.doMain (MavenCli.java:293)
    at org.apache.maven.cli.MavenCli.main (MavenCli.java:196)
    at jdk.internal.reflect.NativeMethodAccessorImpl.invoke0 (Native Method)
    at jdk.internal.reflect.NativeMethodAccessorImpl.invoke (NativeMethodAccessorImpl.java:62)
    at jdk.internal.reflect.DelegatingMethodAccessorImpl.invoke (DelegatingMethodAccessorImpl.java:43)
    at java.lang.reflect.Method.invoke (Method.java:566)
    at org.codehaus.plexus.classworlds.launcher.Launcher.launchEnhanced (Launcher.java:282)
    at org.codehaus.plexus.classworlds.launcher.Launcher.launch (Launcher.java:225)
    at org.codehaus.plexus.classworlds.launcher.Launcher.mainWithExitCode (Launcher.java:406)
    at org.codehaus.plexus.classworlds.launcher.Launcher.main (Launcher.java:347)
[INFO] Collected git.local.branch.ahead with value NO_REMOTE
[INFO] Collected git.local.branch.behind with value NO_REMOTE
[INFO] Collected git.build.time with value 2023-02-11T22:17:01+0000
[INFO] Collected git.build.version with value 1.4.2-SNAPSHOT
[INFO] Collected git.build.host with value repairnator
[INFO] including property git.tags in results
[INFO] including property git.closest.tag.commit.count in results
[INFO] including property git.build.version in results
[INFO] including property git.commit.user.name in results
[INFO] including property git.commit.id.abbrev in results
[INFO] including property git.branch in results
[INFO] including property git.build.host in results
[INFO] including property git.commit.id.describe-short in results
[INFO] including property git.total.commit.count in results
[INFO] including property git.commit.id.describe in results
[INFO] including property git.commit.id in results
[INFO] including property git.commit.message.short in results
[INFO] including property git.commit.committer.time in results
[INFO] including property git.closest.tag.name in results
[INFO] including property git.local.branch.ahead in results
[INFO] including property git.commit.time in results
[INFO] including property git.commit.author.time in results
[INFO] including property git.local.branch.behind in results
[INFO] including property git.build.time in results
[INFO] including property git.build.user.name in results
[INFO] including property git.dirty in results
[INFO] including property git.commit.message.full in results
[INFO] including property git.remote.origin.url in results
[INFO] Writing properties file to [/home/gabsko/breaking-updates/target/classes/git.properties] (for module MurderMystery)...
[INFO] 
[INFO] --- replacer:1.5.3:replace (add-version) @ MurderMystery ---
[INFO] Replacement run on 3 files.
[INFO] 
[INFO] --- maven-resources-plugin:2.6:resources (default-resources) @ MurderMystery ---
[INFO] Using 'UTF-8' encoding to copy filtered resources.
[INFO] Copying 14 resources
[INFO] 
[INFO] --- maven-compiler-plugin:3.8.1:compile (default-compile) @ MurderMystery ---
[INFO] Changes detected - recompiling the module!
[INFO] Compiling 88 source files to /home/gabsko/breaking-updates/target/classes
[INFO] /home/gabsko/breaking-updates/src/main/java/cn/lanink/murdermystery/utils/RsNpcXVariable.java: /home/gabsko/breaking-updates/src/main/java/cn/lanink/murdermystery/utils/RsNpcXVariable.java uses or overrides a deprecated API.
[INFO] /home/gabsko/breaking-updates/src/main/java/cn/lanink/murdermystery/utils/RsNpcXVariable.java: Recompile with -Xlint:deprecation for details.
[INFO] -------------------------------------------------------------
[ERROR] COMPILATION ERROR : 
[INFO] -------------------------------------------------------------
[ERROR] /home/gabsko/breaking-updates/src/main/java/cn/lanink/murdermystery/room/assassin/AssassinModeRoom.java:[3,32] cannot access cn.lanink.gamecore.utils.Language
  bad class file: /home/gabsko/.m2/repository/cn/lanink/MemoriesOfTime-GameCore/1.6.4.0-PNX/MemoriesOfTime-GameCore-1.6.4.0-PNX.jar(/cn/lanink/gamecore/utils/Language.class)
    class file has wrong version 61.0, should be 55.0
    Please remove or make sure it appears in the correct subdirectory of the classpath.
[ERROR] /home/gabsko/breaking-updates/src/main/java/cn/lanink/murdermystery/room/assassin/AssassinModeRoom.java:[4,42] cannot access cn.lanink.gamecore.utils.exception.RoomLoadException
  bad class file: /home/gabsko/.m2/repository/cn/lanink/MemoriesOfTime-GameCore/1.6.4.0-PNX/MemoriesOfTime-GameCore-1.6.4.0-PNX.jar(/cn/lanink/gamecore/utils/exception/RoomLoadException.class)
    class file has wrong version 61.0, should be 55.0
    Please remove or make sure it appears in the correct subdirectory of the classpath.
[ERROR] /home/gabsko/breaking-updates/src/main/java/cn/lanink/murdermystery/room/base/BaseRoom.java:[3,32] cannot access cn.lanink.gamecore.utils.FileUtil
  bad class file: /home/gabsko/.m2/repository/cn/lanink/MemoriesOfTime-GameCore/1.6.4.0-PNX/MemoriesOfTime-GameCore-1.6.4.0-PNX.jar(/cn/lanink/gamecore/utils/FileUtil.class)
    class file has wrong version 61.0, should be 55.0
    Please remove or make sure it appears in the correct subdirectory of the classpath.
[ERROR] /home/gabsko/breaking-updates/src/main/java/cn/lanink/murdermystery/room/base/BaseRoom.java:[5,32] cannot access cn.lanink.gamecore.utils.PlayerDataUtils
  bad class file: /home/gabsko/.m2/repository/cn/lanink/MemoriesOfTime-GameCore/1.6.4.0-PNX/MemoriesOfTime-GameCore-1.6.4.0-PNX.jar(/cn/lanink/gamecore/utils/PlayerDataUtils.class)
    class file has wrong version 61.0, should be 55.0
    Please remove or make sure it appears in the correct subdirectory of the classpath.
[ERROR] /home/gabsko/breaking-updates/src/main/java/cn/lanink/murdermystery/room/base/BaseRoom.java:[6,32] cannot access cn.lanink.gamecore.utils.Tips
  bad class file: /home/gabsko/.m2/repository/cn/lanink/MemoriesOfTime-GameCore/1.6.4.0-PNX/MemoriesOfTime-GameCore-1.6.4.0-PNX.jar(/cn/lanink/gamecore/utils/Tips.class)
    class file has wrong version 61.0, should be 55.0
    Please remove or make sure it appears in the correct subdirectory of the classpath.
[ERROR] /home/gabsko/breaking-updates/src/main/java/cn/lanink/murdermystery/MurderMystery.java:[3,26] cannot access cn.lanink.gamecore.GameCore
  bad class file: /home/gabsko/.m2/repository/cn/lanink/MemoriesOfTime-GameCore/1.6.4.0-PNX/MemoriesOfTime-GameCore-1.6.4.0-PNX.jar(/cn/lanink/gamecore/GameCore.class)
    class file has wrong version 61.0, should be 55.0
    Please remove or make sure it appears in the correct subdirectory of the classpath.
[ERROR] /home/gabsko/breaking-updates/src/main/java/cn/lanink/murdermystery/MurderMystery.java:[4,37] cannot access cn.lanink.gamecore.scoreboard.ScoreboardUtil
  bad class file: /home/gabsko/.m2/repository/cn/lanink/MemoriesOfTime-GameCore/1.6.4.0-PNX/MemoriesOfTime-GameCore-1.6.4.0-PNX.jar(/cn/lanink/gamecore/scoreboard/ScoreboardUtil.class)
    class file has wrong version 61.0, should be 55.0
    Please remove or make sure it appears in the correct subdirectory of the classpath.
[ERROR] /home/gabsko/breaking-updates/src/main/java/cn/lanink/murdermystery/MurderMystery.java:[5,42] cannot access cn.lanink.gamecore.scoreboard.base.IScoreboard
  bad class file: /home/gabsko/.m2/repository/cn/lanink/MemoriesOfTime-GameCore/1.6.4.0-PNX/MemoriesOfTime-GameCore-1.6.4.0-PNX.jar(/cn/lanink/gamecore/scoreboard/base/IScoreboard.class)
    class file has wrong version 61.0, should be 55.0
    Please remove or make sure it appears in the correct subdirectory of the classpath.
[ERROR] /home/gabsko/breaking-updates/src/main/java/cn/lanink/murdermystery/MurderMystery.java:[8,32] cannot access cn.lanink.gamecore.utils.VersionUtils
  bad class file: /home/gabsko/.m2/repository/cn/lanink/MemoriesOfTime-GameCore/1.6.4.0-PNX/MemoriesOfTime-GameCore-1.6.4.0-PNX.jar(/cn/lanink/gamecore/utils/VersionUtils.class)
    class file has wrong version 61.0, should be 55.0
    Please remove or make sure it appears in the correct subdirectory of the classpath.
[ERROR] /home/gabsko/breaking-updates/src/main/java/cn/lanink/murdermystery/listener/BaseMurderMysteryListener.java:[3,42] cannot access cn.lanink.gamecore.utils.exception.GameListenerInitException
  bad class file: /home/gabsko/.m2/repository/cn/lanink/MemoriesOfTime-GameCore/1.6.4.0-PNX/MemoriesOfTime-GameCore-1.6.4.0-PNX.jar(/cn/lanink/gamecore/utils/exception/GameListenerInitException.class)
    class file has wrong version 61.0, should be 55.0
    Please remove or make sure it appears in the correct subdirectory of the classpath.
[ERROR] /home/gabsko/breaking-updates/src/main/java/cn/lanink/murdermystery/api/API.java:[3,30] cannot access cn.lanink.gamecore.api.Info
  bad class file: /home/gabsko/.m2/repository/cn/lanink/MemoriesOfTime-GameCore/1.6.4.0-PNX/MemoriesOfTime-GameCore-1.6.4.0-PNX.jar(/cn/lanink/gamecore/api/Info.class)
    class file has wrong version 61.0, should be 55.0
    Please remove or make sure it appears in the correct subdirectory of the classpath.
[ERROR] /home/gabsko/breaking-updates/src/main/java/cn/lanink/murdermystery/utils/FormHelper.java:[3,39] cannot access cn.lanink.gamecore.form.element.ResponseElementButton
  bad class file: /home/gabsko/.m2/repository/cn/lanink/MemoriesOfTime-GameCore/1.6.4.0-PNX/MemoriesOfTime-GameCore-1.6.4.0-PNX.jar(/cn/lanink/gamecore/form/element/ResponseElementButton.class)
    class file has wrong version 61.0, should be 55.0
    Please remove or make sure it appears in the correct subdirectory of the classpath.
[ERROR] /home/gabsko/breaking-updates/src/main/java/cn/lanink/murdermystery/utils/FormHelper.java:[4,39] cannot access cn.lanink.gamecore.form.windows.AdvancedFormWindowCustom
  bad class file: /home/gabsko/.m2/repository/cn/lanink/MemoriesOfTime-GameCore/1.6.4.0-PNX/MemoriesOfTime-GameCore-1.6.4.0-PNX.jar(/cn/lanink/gamecore/form/windows/AdvancedFormWindowCustom.class)
    class file has wrong version 61.0, should be 55.0
    Please remove or make sure it appears in the correct subdirectory of the classpath.
[ERROR] /home/gabsko/breaking-updates/src/main/java/cn/lanink/murdermystery/utils/FormHelper.java:[5,39] cannot access cn.lanink.gamecore.form.windows.AdvancedFormWindowModal
  bad class file: /home/gabsko/.m2/repository/cn/lanink/MemoriesOfTime-GameCore/1.6.4.0-PNX/MemoriesOfTime-GameCore-1.6.4.0-PNX.jar(/cn/lanink/gamecore/form/windows/AdvancedFormWindowModal.class)
    class file has wrong version 61.0, should be 55.0
    Please remove or make sure it appears in the correct subdirectory of the classpath.
[ERROR] /home/gabsko/breaking-updates/src/main/java/cn/lanink/murdermystery/utils/FormHelper.java:[6,39] cannot access cn.lanink.gamecore.form.windows.AdvancedFormWindowSimple
  bad class file: /home/gabsko/.m2/repository/cn/lanink/MemoriesOfTime-GameCore/1.6.4.0-PNX/MemoriesOfTime-GameCore-1.6.4.0-PNX.jar(/cn/lanink/gamecore/form/windows/AdvancedFormWindowSimple.class)
    class file has wrong version 61.0, should be 55.0
    Please remove or make sure it appears in the correct subdirectory of the classpath.
[ERROR] /home/gabsko/breaking-updates/src/main/java/cn/lanink/murdermystery/room/assassin/AssassinModeRoom.java:[38,82] cannot find symbol
  symbol:   class RoomLoadException
  location: class cn.lanink.murdermystery.room.assassin.AssassinModeRoom
[ERROR] /home/gabsko/breaking-updates/src/main/java/cn/lanink/murdermystery/room/base/BaseRoom.java:[93,74] cannot find symbol
  symbol:   class RoomLoadException
  location: class cn.lanink.murdermystery.room.base.BaseRoom
[ERROR] /home/gabsko/breaking-updates/src/main/java/cn/lanink/murdermystery/MurderMystery.java:[96,13] cannot find symbol
  symbol:   class IScoreboard
  location: class cn.lanink.murdermystery.MurderMystery
[ERROR] /home/gabsko/breaking-updates/src/main/java/cn/lanink/murdermystery/MurderMystery.java:[110,35] cannot find symbol
  symbol:   class Language
  location: class cn.lanink.murdermystery.MurderMystery
[ERROR] /home/gabsko/breaking-updates/src/main/java/cn/lanink/murdermystery/MurderMystery.java:[396,12] cannot find symbol
  symbol:   class Language
  location: class cn.lanink.murdermystery.MurderMystery
[ERROR] /home/gabsko/breaking-updates/src/main/java/cn/lanink/murdermystery/MurderMystery.java:[400,12] cannot find symbol
  symbol:   class Language
  location: class cn.lanink.murdermystery.MurderMystery
[ERROR] /home/gabsko/breaking-updates/src/main/java/cn/lanink/murdermystery/MurderMystery.java:[419,12] cannot find symbol
  symbol:   class IScoreboard
  location: class cn.lanink.murdermystery.MurderMystery
[ERROR] /home/gabsko/breaking-updates/src/main/java/cn/lanink/murdermystery/MurderMystery.java:[488,28] cannot find symbol
  symbol:   class Language
  location: class cn.lanink.murdermystery.MurderMystery
[ERROR] /home/gabsko/breaking-updates/src/main/java/cn/lanink/murdermystery/tasks/admin/SetRoomTask.java:[39,19] cannot find symbol
  symbol:   class Language
  location: class cn.lanink.murdermystery.tasks.admin.SetRoomTask
[ERROR] /home/gabsko/breaking-updates/src/main/java/cn/lanink/murdermystery/listener/BaseMurderMysteryListener.java:[21,56] cannot find symbol
  symbol:   class GameListenerInitException
  location: class cn.lanink.murdermystery.listener.BaseMurderMysteryListener<T>
[ERROR] /home/gabsko/breaking-updates/src/main/java/cn/lanink/murdermystery/room/doubleMode/DoubleRoomMode.java:[27,80] cannot find symbol
  symbol:   class RoomLoadException
  location: class cn.lanink.murdermystery.room.doubleMode.DoubleRoomMode
[ERROR] /home/gabsko/breaking-updates/src/main/java/cn/lanink/murdermystery/room/classic/ClassicModeRoom.java:[31,81] cannot find symbol
  symbol:   class RoomLoadException
  location: class cn.lanink.murdermystery.room.classic.ClassicModeRoom
[ERROR] /home/gabsko/breaking-updates/src/main/java/cn/lanink/murdermystery/room/infected/InfectedModeRoom.java:[43,82] cannot find symbol
  symbol:   class RoomLoadException
  location: class cn.lanink.murdermystery.room.infected.InfectedModeRoom
[ERROR] /home/gabsko/breaking-updates/src/main/java/cn/lanink/murdermystery/api/API.java:[17,6] cannot find symbol
  symbol:   class Info
  location: class cn.lanink.murdermystery.api.API
[INFO] 29 errors 
[INFO] -------------------------------------------------------------
[INFO] ------------------------------------------------------------------------
[INFO] BUILD FAILURE
[INFO] ------------------------------------------------------------------------
[INFO] Total time:  7.874 s
[INFO] Finished at: 2023-02-11T22:17:03Z
[INFO] ------------------------------------------------------------------------
[ERROR] Failed to execute goal org.apache.maven.plugins:maven-compiler-plugin:3.8.1:compile (default-compile) on project MurderMystery: Compilation failure: Compilation failure: 
[ERROR] /home/gabsko/breaking-updates/src/main/java/cn/lanink/murdermystery/room/assassin/AssassinModeRoom.java:[3,32] cannot access cn.lanink.gamecore.utils.Language
[ERROR]   bad class file: /home/gabsko/.m2/repository/cn/lanink/MemoriesOfTime-GameCore/1.6.4.0-PNX/MemoriesOfTime-GameCore-1.6.4.0-PNX.jar(/cn/lanink/gamecore/utils/Language.class)
[ERROR]     class file has wrong version 61.0, should be 55.0
[ERROR]     Please remove or make sure it appears in the correct subdirectory of the classpath.
[ERROR] /home/gabsko/breaking-updates/src/main/java/cn/lanink/murdermystery/room/assassin/AssassinModeRoom.java:[4,42] cannot access cn.lanink.gamecore.utils.exception.RoomLoadException
[ERROR]   bad class file: /home/gabsko/.m2/repository/cn/lanink/MemoriesOfTime-GameCore/1.6.4.0-PNX/MemoriesOfTime-GameCore-1.6.4.0-PNX.jar(/cn/lanink/gamecore/utils/exception/RoomLoadException.class)
[ERROR]     class file has wrong version 61.0, should be 55.0
[ERROR]     Please remove or make sure it appears in the correct subdirectory of the classpath.
[ERROR] /home/gabsko/breaking-updates/src/main/java/cn/lanink/murdermystery/room/base/BaseRoom.java:[3,32] cannot access cn.lanink.gamecore.utils.FileUtil
[ERROR]   bad class file: /home/gabsko/.m2/repository/cn/lanink/MemoriesOfTime-GameCore/1.6.4.0-PNX/MemoriesOfTime-GameCore-1.6.4.0-PNX.jar(/cn/lanink/gamecore/utils/FileUtil.class)
[ERROR]     class file has wrong version 61.0, should be 55.0
[ERROR]     Please remove or make sure it appears in the correct subdirectory of the classpath.
[ERROR] /home/gabsko/breaking-updates/src/main/java/cn/lanink/murdermystery/room/base/BaseRoom.java:[5,32] cannot access cn.lanink.gamecore.utils.PlayerDataUtils
[ERROR]   bad class file: /home/gabsko/.m2/repository/cn/lanink/MemoriesOfTime-GameCore/1.6.4.0-PNX/MemoriesOfTime-GameCore-1.6.4.0-PNX.jar(/cn/lanink/gamecore/utils/PlayerDataUtils.class)
[ERROR]     class file has wrong version 61.0, should be 55.0
[ERROR]     Please remove or make sure it appears in the correct subdirectory of the classpath.
[ERROR] /home/gabsko/breaking-updates/src/main/java/cn/lanink/murdermystery/room/base/BaseRoom.java:[6,32] cannot access cn.lanink.gamecore.utils.Tips
[ERROR]   bad class file: /home/gabsko/.m2/repository/cn/lanink/MemoriesOfTime-GameCore/1.6.4.0-PNX/MemoriesOfTime-GameCore-1.6.4.0-PNX.jar(/cn/lanink/gamecore/utils/Tips.class)
[ERROR]     class file has wrong version 61.0, should be 55.0
[ERROR]     Please remove or make sure it appears in the correct subdirectory of the classpath.
[ERROR] /home/gabsko/breaking-updates/src/main/java/cn/lanink/murdermystery/MurderMystery.java:[3,26] cannot access cn.lanink.gamecore.GameCore
[ERROR]   bad class file: /home/gabsko/.m2/repository/cn/lanink/MemoriesOfTime-GameCore/1.6.4.0-PNX/MemoriesOfTime-GameCore-1.6.4.0-PNX.jar(/cn/lanink/gamecore/GameCore.class)
[ERROR]     class file has wrong version 61.0, should be 55.0
[ERROR]     Please remove or make sure it appears in the correct subdirectory of the classpath.
[ERROR] /home/gabsko/breaking-updates/src/main/java/cn/lanink/murdermystery/MurderMystery.java:[4,37] cannot access cn.lanink.gamecore.scoreboard.ScoreboardUtil
[ERROR]   bad class file: /home/gabsko/.m2/repository/cn/lanink/MemoriesOfTime-GameCore/1.6.4.0-PNX/MemoriesOfTime-GameCore-1.6.4.0-PNX.jar(/cn/lanink/gamecore/scoreboard/ScoreboardUtil.class)
[ERROR]     class file has wrong version 61.0, should be 55.0
[ERROR]     Please remove or make sure it appears in the correct subdirectory of the classpath.
[ERROR] /home/gabsko/breaking-updates/src/main/java/cn/lanink/murdermystery/MurderMystery.java:[5,42] cannot access cn.lanink.gamecore.scoreboard.base.IScoreboard
[ERROR]   bad class file: /home/gabsko/.m2/repository/cn/lanink/MemoriesOfTime-GameCore/1.6.4.0-PNX/MemoriesOfTime-GameCore-1.6.4.0-PNX.jar(/cn/lanink/gamecore/scoreboard/base/IScoreboard.class)
[ERROR]     class file has wrong version 61.0, should be 55.0
[ERROR]     Please remove or make sure it appears in the correct subdirectory of the classpath.
[ERROR] /home/gabsko/breaking-updates/src/main/java/cn/lanink/murdermystery/MurderMystery.java:[8,32] cannot access cn.lanink.gamecore.utils.VersionUtils
[ERROR]   bad class file: /home/gabsko/.m2/repository/cn/lanink/MemoriesOfTime-GameCore/1.6.4.0-PNX/MemoriesOfTime-GameCore-1.6.4.0-PNX.jar(/cn/lanink/gamecore/utils/VersionUtils.class)
[ERROR]     class file has wrong version 61.0, should be 55.0
[ERROR]     Please remove or make sure it appears in the correct subdirectory of the classpath.
[ERROR] /home/gabsko/breaking-updates/src/main/java/cn/lanink/murdermystery/listener/BaseMurderMysteryListener.java:[3,42] cannot access cn.lanink.gamecore.utils.exception.GameListenerInitException
[ERROR]   bad class file: /home/gabsko/.m2/repository/cn/lanink/MemoriesOfTime-GameCore/1.6.4.0-PNX/MemoriesOfTime-GameCore-1.6.4.0-PNX.jar(/cn/lanink/gamecore/utils/exception/GameListenerInitException.class)
[ERROR]     class file has wrong version 61.0, should be 55.0
[ERROR]     Please remove or make sure it appears in the correct subdirectory of the classpath.
[ERROR] /home/gabsko/breaking-updates/src/main/java/cn/lanink/murdermystery/api/API.java:[3,30] cannot access cn.lanink.gamecore.api.Info
[ERROR]   bad class file: /home/gabsko/.m2/repository/cn/lanink/MemoriesOfTime-GameCore/1.6.4.0-PNX/MemoriesOfTime-GameCore-1.6.4.0-PNX.jar(/cn/lanink/gamecore/api/Info.class)
[ERROR]     class file has wrong version 61.0, should be 55.0
[ERROR]     Please remove or make sure it appears in the correct subdirectory of the classpath.
[ERROR] /home/gabsko/breaking-updates/src/main/java/cn/lanink/murdermystery/utils/FormHelper.java:[3,39] cannot access cn.lanink.gamecore.form.element.ResponseElementButton
[ERROR]   bad class file: /home/gabsko/.m2/repository/cn/lanink/MemoriesOfTime-GameCore/1.6.4.0-PNX/MemoriesOfTime-GameCore-1.6.4.0-PNX.jar(/cn/lanink/gamecore/form/element/ResponseElementButton.class)
[ERROR]     class file has wrong version 61.0, should be 55.0
[ERROR]     Please remove or make sure it appears in the correct subdirectory of the classpath.
[ERROR] /home/gabsko/breaking-updates/src/main/java/cn/lanink/murdermystery/utils/FormHelper.java:[4,39] cannot access cn.lanink.gamecore.form.windows.AdvancedFormWindowCustom
[ERROR]   bad class file: /home/gabsko/.m2/repository/cn/lanink/MemoriesOfTime-GameCore/1.6.4.0-PNX/MemoriesOfTime-GameCore-1.6.4.0-PNX.jar(/cn/lanink/gamecore/form/windows/AdvancedFormWindowCustom.class)
[ERROR]     class file has wrong version 61.0, should be 55.0
[ERROR]     Please remove or make sure it appears in the correct subdirectory of the classpath.
[ERROR] /home/gabsko/breaking-updates/src/main/java/cn/lanink/murdermystery/utils/FormHelper.java:[5,39] cannot access cn.lanink.gamecore.form.windows.AdvancedFormWindowModal
[ERROR]   bad class file: /home/gabsko/.m2/repository/cn/lanink/MemoriesOfTime-GameCore/1.6.4.0-PNX/MemoriesOfTime-GameCore-1.6.4.0-PNX.jar(/cn/lanink/gamecore/form/windows/AdvancedFormWindowModal.class)
[ERROR]     class file has wrong version 61.0, should be 55.0
[ERROR]     Please remove or make sure it appears in the correct subdirectory of the classpath.
[ERROR] /home/gabsko/breaking-updates/src/main/java/cn/lanink/murdermystery/utils/FormHelper.java:[6,39] cannot access cn.lanink.gamecore.form.windows.AdvancedFormWindowSimple
[ERROR]   bad class file: /home/gabsko/.m2/repository/cn/lanink/MemoriesOfTime-GameCore/1.6.4.0-PNX/MemoriesOfTime-GameCore-1.6.4.0-PNX.jar(/cn/lanink/gamecore/form/windows/AdvancedFormWindowSimple.class)
[ERROR]     class file has wrong version 61.0, should be 55.0
[ERROR]     Please remove or make sure it appears in the correct subdirectory of the classpath.
[ERROR] /home/gabsko/breaking-updates/src/main/java/cn/lanink/murdermystery/room/assassin/AssassinModeRoom.java:[38,82] cannot find symbol
[ERROR]   symbol:   class RoomLoadException
[ERROR]   location: class cn.lanink.murdermystery.room.assassin.AssassinModeRoom
[ERROR] /home/gabsko/breaking-updates/src/main/java/cn/lanink/murdermystery/room/base/BaseRoom.java:[93,74] cannot find symbol
[ERROR]   symbol:   class RoomLoadException
[ERROR]   location: class cn.lanink.murdermystery.room.base.BaseRoom
[ERROR] /home/gabsko/breaking-updates/src/main/java/cn/lanink/murdermystery/MurderMystery.java:[96,13] cannot find symbol
[ERROR]   symbol:   class IScoreboard
[ERROR]   location: class cn.lanink.murdermystery.MurderMystery
[ERROR] /home/gabsko/breaking-updates/src/main/java/cn/lanink/murdermystery/MurderMystery.java:[110,35] cannot find symbol
[ERROR]   symbol:   class Language
[ERROR]   location: class cn.lanink.murdermystery.MurderMystery
[ERROR] /home/gabsko/breaking-updates/src/main/java/cn/lanink/murdermystery/MurderMystery.java:[396,12] cannot find symbol
[ERROR]   symbol:   class Language
[ERROR]   location: class cn.lanink.murdermystery.MurderMystery
[ERROR] /home/gabsko/breaking-updates/src/main/java/cn/lanink/murdermystery/MurderMystery.java:[400,12] cannot find symbol
[ERROR]   symbol:   class Language
[ERROR]   location: class cn.lanink.murdermystery.MurderMystery
[ERROR] /home/gabsko/breaking-updates/src/main/java/cn/lanink/murdermystery/MurderMystery.java:[419,12] cannot find symbol
[ERROR]   symbol:   class IScoreboard
[ERROR]   location: class cn.lanink.murdermystery.MurderMystery
[ERROR] /home/gabsko/breaking-updates/src/main/java/cn/lanink/murdermystery/MurderMystery.java:[488,28] cannot find symbol
[ERROR]   symbol:   class Language
[ERROR]   location: class cn.lanink.murdermystery.MurderMystery
[ERROR] /home/gabsko/breaking-updates/src/main/java/cn/lanink/murdermystery/tasks/admin/SetRoomTask.java:[39,19] cannot find symbol
[ERROR]   symbol:   class Language
[ERROR]   location: class cn.lanink.murdermystery.tasks.admin.SetRoomTask
[ERROR] /home/gabsko/breaking-updates/src/main/java/cn/lanink/murdermystery/listener/BaseMurderMysteryListener.java:[21,56] cannot find symbol
[ERROR]   symbol:   class GameListenerInitException
[ERROR]   location: class cn.lanink.murdermystery.listener.BaseMurderMysteryListener<T>
[ERROR] /home/gabsko/breaking-updates/src/main/java/cn/lanink/murdermystery/room/doubleMode/DoubleRoomMode.java:[27,80] cannot find symbol
[ERROR]   symbol:   class RoomLoadException
[ERROR]   location: class cn.lanink.murdermystery.room.doubleMode.DoubleRoomMode
[ERROR] /home/gabsko/breaking-updates/src/main/java/cn/lanink/murdermystery/room/classic/ClassicModeRoom.java:[31,81] cannot find symbol
[ERROR]   symbol:   class RoomLoadException
[ERROR]   location: class cn.lanink.murdermystery.room.classic.ClassicModeRoom
[ERROR] /home/gabsko/breaking-updates/src/main/java/cn/lanink/murdermystery/room/infected/InfectedModeRoom.java:[43,82] cannot find symbol
[ERROR]   symbol:   class RoomLoadException
[ERROR]   location: class cn.lanink.murdermystery.room.infected.InfectedModeRoom
[ERROR] /home/gabsko/breaking-updates/src/main/java/cn/lanink/murdermystery/api/API.java:[17,6] cannot find symbol
[ERROR]   symbol:   class Info
[ERROR]   location: class cn.lanink.murdermystery.api.API
[ERROR] -> [Help 1]
[ERROR] 
[ERROR] To see the full stack trace of the errors, re-run Maven with the -e switch.
[ERROR] Re-run Maven using the -X switch to enable full debug logging.
[ERROR] 
[ERROR] For more information about the errors and possible solutions, please read the following articles:
[ERROR] [Help 1] http://cwiki.apache.org/confluence/display/MAVEN/MojoFailureException
