[INFO] Scanning for projects...
[INFO] Artifact org.jenkins-ci.tools:maven-hpi-plugin:pom:3.46 is present in the local repository, but cached from a remote repository ID that is unavailable in current build context, verifying that is downloadable from [incrementals (https://repo.jenkins-ci.org/incrementals/, default, releases), central (https://repo.maven.apache.org/maven2, default, releases)]
[INFO] Artifact org.jenkins-ci.tools:maven-hpi-plugin:pom:3.46 is present in the local repository, but cached from a remote repository ID that is unavailable in current build context, verifying that is downloadable from [incrementals (https://repo.jenkins-ci.org/incrementals/, default, releases), central (https://repo.maven.apache.org/maven2, default, releases)]
[INFO] Downloading from incrementals: https://repo.jenkins-ci.org/incrementals/org/jenkins-ci/tools/maven-hpi-plugin/3.46/maven-hpi-plugin-3.46.pom
[WARNING] The POM for org.jenkins-ci.tools:maven-hpi-plugin:jar:3.46 is missing, no dependency information available
[INFO] Artifact org.jenkins-ci.tools:maven-hpi-plugin:jar:3.46 is present in the local repository, but cached from a remote repository ID that is unavailable in current build context, verifying that is downloadable from [incrementals (https://repo.jenkins-ci.org/incrementals/, default, releases), central (https://repo.maven.apache.org/maven2, default, releases)]
[INFO] Artifact org.jenkins-ci.tools:maven-hpi-plugin:jar:3.46 is present in the local repository, but cached from a remote repository ID that is unavailable in current build context, verifying that is downloadable from [incrementals (https://repo.jenkins-ci.org/incrementals/, default, releases), central (https://repo.maven.apache.org/maven2, default, releases)]
[INFO] Downloading from incrementals: https://repo.jenkins-ci.org/incrementals/org/jenkins-ci/tools/maven-hpi-plugin/3.46/maven-hpi-plugin-3.46.jar
[WARNING] Failed to build parent project for sp.sd:file-operations:hpi:999999-SNAPSHOT
[INFO] 
[INFO] -----------------------< sp.sd:file-operations >------------------------
[INFO] Building File Operations Plugin 999999-SNAPSHOT
[INFO]   from pom.xml
[INFO] --------------------------------[ hpi ]---------------------------------
[INFO] Downloading from repo.jenkins-ci.org: https://repo.jenkins-ci.org/public/com/cloudbees/maven-license-plugin/1.15/maven-license-plugin-1.15.pom
[INFO] Downloading from incrementals: https://repo.jenkins-ci.org/incrementals/com/cloudbees/maven-license-plugin/1.15/maven-license-plugin-1.15.pom
[INFO] Downloading from central: https://repo.maven.apache.org/maven2/com/cloudbees/maven-license-plugin/1.15/maven-license-plugin-1.15.pom
[INFO] Downloaded from central: https://repo.maven.apache.org/maven2/com/cloudbees/maven-license-plugin/1.15/maven-license-plugin-1.15.pom (8.0 kB at 25 kB/s)
[INFO] Downloading from repo.jenkins-ci.org: https://repo.jenkins-ci.org/public/com/cloudbees/maven-license-plugin/1.15/maven-license-plugin-1.15.jar
[INFO] Downloading from incrementals: https://repo.jenkins-ci.org/incrementals/com/cloudbees/maven-license-plugin/1.15/maven-license-plugin-1.15.jar
[INFO] Downloading from central: https://repo.maven.apache.org/maven2/com/cloudbees/maven-license-plugin/1.15/maven-license-plugin-1.15.jar
[INFO] Downloaded from central: https://repo.maven.apache.org/maven2/com/cloudbees/maven-license-plugin/1.15/maven-license-plugin-1.15.jar (24 kB at 679 kB/s)
[INFO] 
[INFO] --- hpi:3.46:validate (default-validate) @ file-operations ---
[INFO] 
[INFO] --- hpi:3.46:validate-hpi (default-validate-hpi) @ file-operations ---
[INFO] 
[INFO] --- enforcer:3.3.0:enforce (display-info) @ file-operations ---
[INFO] Rule 0: io.jenkins.tools.incrementals.enforcer.RequireExtensionVersion passed
[INFO] Rule 1: org.apache.maven.enforcer.rules.version.RequireMavenVersion passed
[INFO] Rule 2: org.apache.maven.enforcer.rules.version.RequireJavaVersion passed
[INFO] Rule 3: org.codehaus.mojo.extraenforcer.dependencies.EnforceBytecodeVersion passed
[INFO] Rule 4: org.apache.maven.enforcer.rules.dependency.BannedDependencies passed
[INFO] Rule 5: org.apache.maven.enforcer.rules.dependency.RequireUpperBoundDeps passed
[INFO] 
[INFO] --- enforcer:3.3.0:enforce (no-snapshots-in-release) @ file-operations ---
[INFO] Rule 0: org.apache.maven.enforcer.rules.dependency.RequireReleaseDeps passed
[INFO] 
[INFO] --- localizer:1.31:generate (default) @ file-operations ---
[INFO] 
[INFO] --- resources:3.3.1:resources (default-resources) @ file-operations ---
[INFO] Copying 50 resources from src/main/resources to target/classes
[INFO] 
[INFO] --- flatten:1.5.0:flatten (flatten) @ file-operations ---
[INFO] Generating flattened POM of project sp.sd:file-operations:hpi:999999-SNAPSHOT...
[INFO] 
[INFO] --- compiler:3.11.0:compile (default-compile) @ file-operations ---
[INFO] Nothing to compile - all classes are up to date
[INFO] 
[INFO] --- access-modifier-checker:1.31:enforce (default-enforce) @ file-operations ---
[INFO] 
[INFO] --- hpi:3.46:insert-test (default-insert-test) @ file-operations ---
[INFO] 
[INFO] --- antrun:3.1.0:run (createTempDir) @ file-operations ---
[INFO] Executing tasks
[INFO] Executed tasks
[INFO] 
[INFO] --- resources:3.3.1:testResources (default-testResources) @ file-operations ---
[INFO] skip non existing resourceDirectory /file-operations-plugin/src/test/resources
[INFO] 
[INFO] --- compiler:3.11.0:testCompile (default-testCompile) @ file-operations ---
[INFO] Nothing to compile - all classes are up to date
[INFO] 
[INFO] --- hpi:3.46:test-hpl (default-test-hpl) @ file-operations ---
[INFO] Generating /file-operations-plugin/target/test-classes/the.hpl
[INFO] 
[INFO] --- hpi:3.46:resolve-test-dependencies (default-resolve-test-dependencies) @ file-operations ---
[INFO] 
[INFO] --- hpi:3.46:test-runtime (default-test-runtime) @ file-operations ---
[INFO] Tests are skipped.
[INFO] 
[INFO] --- surefire:3.1.0:test (default-test) @ file-operations ---
[INFO] Tests are skipped.
[INFO] 
[INFO] --- license:1.15:process (default) @ file-operations ---
[INFO] Downloading from repo.jenkins-ci.org: https://repo.jenkins-ci.org/public/org/apache/groovy/groovy-xml/4.0.6/groovy-xml-4.0.6.pom
[INFO] Downloading from incrementals: https://repo.jenkins-ci.org/incrementals/org/apache/groovy/groovy-xml/4.0.6/groovy-xml-4.0.6.pom
[INFO] Downloading from central: https://repo.maven.apache.org/maven2/org/apache/groovy/groovy-xml/4.0.6/groovy-xml-4.0.6.pom
[INFO] Downloaded from central: https://repo.maven.apache.org/maven2/org/apache/groovy/groovy-xml/4.0.6/groovy-xml-4.0.6.pom (23 kB at 981 kB/s)
[INFO] Downloading from repo.jenkins-ci.org: https://repo.jenkins-ci.org/public/org/apache/groovy/groovy-bom/4.0.6/groovy-bom-4.0.6.pom
[INFO] Downloading from incrementals: https://repo.jenkins-ci.org/incrementals/org/apache/groovy/groovy-bom/4.0.6/groovy-bom-4.0.6.pom
[INFO] Downloading from central: https://repo.maven.apache.org/maven2/org/apache/groovy/groovy-bom/4.0.6/groovy-bom-4.0.6.pom
[INFO] Downloaded from central: https://repo.maven.apache.org/maven2/org/apache/groovy/groovy-bom/4.0.6/groovy-bom-4.0.6.pom (27 kB at 1.3 MB/s)
[INFO] Downloading from repo.jenkins-ci.org: https://repo.jenkins-ci.org/public/org/apache/groovy/groovy/4.0.6/groovy-4.0.6.pom
[INFO] Downloading from incrementals: https://repo.jenkins-ci.org/incrementals/org/apache/groovy/groovy/4.0.6/groovy-4.0.6.pom
[INFO] Downloading from central: https://repo.maven.apache.org/maven2/org/apache/groovy/groovy/4.0.6/groovy-4.0.6.pom
[INFO] Downloaded from central: https://repo.maven.apache.org/maven2/org/apache/groovy/groovy/4.0.6/groovy-4.0.6.pom (24 kB at 1.3 MB/s)
[INFO] Downloading from repo.jenkins-ci.org: https://repo.jenkins-ci.org/public/org/apache/groovy/groovy-xml/4.0.6/groovy-xml-4.0.6.jar
[INFO] Downloading from repo.jenkins-ci.org: https://repo.jenkins-ci.org/public/org/apache/groovy/groovy/4.0.6/groovy-4.0.6.jar
[INFO] Downloading from incrementals: https://repo.jenkins-ci.org/incrementals/org/apache/groovy/groovy-xml/4.0.6/groovy-xml-4.0.6.jar
[INFO] Downloading from incrementals: https://repo.jenkins-ci.org/incrementals/org/apache/groovy/groovy/4.0.6/groovy-4.0.6.jar
[INFO] Downloading from central: https://repo.maven.apache.org/maven2/org/apache/groovy/groovy-xml/4.0.6/groovy-xml-4.0.6.jar
[INFO] Downloaded from central: https://repo.maven.apache.org/maven2/org/apache/groovy/groovy-xml/4.0.6/groovy-xml-4.0.6.jar (230 kB at 3.3 MB/s)
[INFO] Downloading from central: https://repo.maven.apache.org/maven2/org/apache/groovy/groovy/4.0.6/groovy-4.0.6.jar
[INFO] Downloaded from central: https://repo.maven.apache.org/maven2/org/apache/groovy/groovy/4.0.6/groovy-4.0.6.jar (7.4 MB at 18 MB/s)
[INFO] Generated /file-operations-plugin/target/file-operations/WEB-INF/licenses.xml
[INFO] 
[INFO] --- hpi:3.46:hpi (default-hpi) @ file-operations ---
[INFO] Generating /file-operations-plugin/target/file-operations/META-INF/MANIFEST.MF
[INFO] Checking for attached .jar artifact ...
[INFO] Generating jar /file-operations-plugin/target/file-operations.jar
[INFO] Building jar: /file-operations-plugin/target/file-operations.jar
[INFO] Exploding webapp...
[INFO] Copy webapp webResources to /file-operations-plugin/target/file-operations
[INFO] Assembling webapp file-operations in /file-operations-plugin/target/file-operations
[INFO] Generating hpi /file-operations-plugin/target/file-operations.hpi
[INFO] Building jar: /file-operations-plugin/target/file-operations.hpi
[INFO] 
[INFO] --- jar:3.3.0:test-jar (maybe-test-jar) @ file-operations ---
[INFO] Downloading from repo.jenkins-ci.org: https://repo.jenkins-ci.org/public/org/apache/maven/shared/file-management/3.1.0/file-management-3.1.0.pom
[INFO] Downloading from incrementals: https://repo.jenkins-ci.org/incrementals/org/apache/maven/shared/file-management/3.1.0/file-management-3.1.0.pom
[INFO] Downloading from central: https://repo.maven.apache.org/maven2/org/apache/maven/shared/file-management/3.1.0/file-management-3.1.0.pom
[INFO] Downloaded from central: https://repo.maven.apache.org/maven2/org/apache/maven/shared/file-management/3.1.0/file-management-3.1.0.pom (4.5 kB at 249 kB/s)
[INFO] Downloading from repo.jenkins-ci.org: https://repo.jenkins-ci.org/public/org/apache/maven/shared/file-management/3.1.0/file-management-3.1.0.jar
[INFO] Downloading from incrementals: https://repo.jenkins-ci.org/incrementals/org/apache/maven/shared/file-management/3.1.0/file-management-3.1.0.jar
[INFO] Downloading from central: https://repo.maven.apache.org/maven2/org/apache/maven/shared/file-management/3.1.0/file-management-3.1.0.jar
[INFO] Downloaded from central: https://repo.maven.apache.org/maven2/org/apache/maven/shared/file-management/3.1.0/file-management-3.1.0.jar (36 kB at 1.6 MB/s)
[INFO] Skipping packaging of the test-jar
[INFO] ------------------------------------------------------------------------
[INFO] BUILD SUCCESS
[INFO] ------------------------------------------------------------------------
[INFO] Total time:  27.726 s
[INFO] Finished at: 2026-04-27T17:05:17Z
[INFO] ------------------------------------------------------------------------
[WARNING] 
[WARNING] Plugin validation issues were detected in 2 plugin(s)
[WARNING] 
[WARNING]  * com.cloudbees:maven-license-plugin:1.15
[WARNING]  * org.jvnet.localizer:localizer-maven-plugin:1.31
[WARNING] 
[WARNING] For more or less details, use 'maven.plugin.validation' property with one of the values (case insensitive): [BRIEF, DEFAULT, VERBOSE]
[WARNING] 
